CMPL model generation - running

CMPL version: 1.11.0
Authors: Thomas Schleiff, Mike Steglich
Distributed under the GPLv3 

create model instance ...
write model instance ...
CMPL model generation - finished

Solver - running


Welcome to IBM(R) ILOG(R) CPLEX(R) Interactive Optimizer 12.7.1.0
  with Simplex, Mixed Integer & Barrier Optimizers
5725-A06 5725-A29 5724-Y48 5724-Y49 5724-Y54 5724-Y55 5655-Y21
Copyright IBM Corp. 1988, 2017.  All Rights Reserved.

Type 'help' for a list of available commands.
Type 'help' followed by a command name for more
information on commands.

CPLEX> Specified objective sense: MINIMIZE
Selected objective  name:  line[1]
Selected RHS        name:  RHS
Selected bound      name:  BOUND
Problem '/tmp/cmpl.T10728.mps' read.
Read time = 0.05 sec. (8.93 ticks)
CPLEX> CPXPARAM_Read_APIEncoding                        "UTF-8"
Tried aggregator 3 times.
MIP Presolve eliminated 18466 rows and 29093 columns.
MIP Presolve modified 578 coefficients.
Aggregator did 1420 substitutions.
Reduced MIP has 2554 rows, 4165 columns, and 12199 nonzeros.
Reduced MIP has 3997 binaries, 0 generals, 0 SOSs, and 0 indicators.
Presolve time = 0.07 sec. (46.51 ticks)
Found incumbent of value 37715.560430 after 0.13 sec. (92.30 ticks)
Probing time = 0.01 sec. (2.66 ticks)
Tried aggregator 2 times.
MIP Presolve eliminated 4 rows and 48 columns.
MIP Presolve modified 14 coefficients.
Aggregator did 2 substitutions.
Reduced MIP has 2548 rows, 4115 columns, and 12089 nonzeros.
Reduced MIP has 4115 binaries, 0 generals, 0 SOSs, and 0 indicators.
Presolve time = 0.02 sec. (14.82 ticks)
Probing time = 0.01 sec. (2.82 ticks)
Clique table members: 3545.
MIP emphasis: balance optimality and feasibility.
MIP search method: dynamic search.
Parallel mode: none, using 1 thread.
Root relaxation solution time = 0.02 sec. (15.40 ticks)

        Nodes                                         Cuts/
   Node  Left     Objective  IInf  Best Integer    Best Bound    ItCnt     Gap

*     0+    0                        37715.5604        0.0000           100.00%
*     0     0      integral     0    17607.0188    17607.0188     1057    0.00%
Elapsed time = 0.20 sec. (136.57 ticks, tree = 0.00 MB, solutions = 2)

Root node processing (before b&c):
  Real time             =    0.20 sec. (137.89 ticks)
Sequential b&c:
  Real time             =    0.00 sec. (0.00 ticks)
                          ------------
Total (root+branch&cut) =    0.20 sec. (137.89 ticks)

Solution pool: 2 solutions saved.

MIP - Integer optimal solution:  Objective =  1.7607018821e+04
Solution time =    0.20 sec.  Iterations = 1057  Nodes = 0
Deterministic time = 137.99 ticks  (686.20 ticks/sec)

CPLEX> Incumbent solution written to file '/tmp/cmpl.T10728.gsol'.
CPLEX> 
CMPL: Time used for model generation: 2 seconds
CMPL: Time used for solving the model: 0 seconds


Solution written to ASCII file: ../results/output_generated_conf_1/2016-01-04-4/unequal.sol

Solver - finished
