CMPL model generation - running

CMPL version: 1.11.0
Authors: Thomas Schleiff, Mike Steglich
Distributed under the GPLv3 

create model instance ...
write model instance ...
CMPL model generation - finished

Solver - running


Welcome to IBM(R) ILOG(R) CPLEX(R) Interactive Optimizer 12.7.1.0
  with Simplex, Mixed Integer & Barrier Optimizers
5725-A06 5725-A29 5724-Y48 5724-Y49 5724-Y54 5724-Y55 5655-Y21
Copyright IBM Corp. 1988, 2017.  All Rights Reserved.

Type 'help' for a list of available commands.
Type 'help' followed by a command name for more
information on commands.

CPLEX> Specified objective sense: MINIMIZE
Selected objective  name:  line[1]
Selected RHS        name:  RHS
Selected bound      name:  BOUND
Problem '/tmp/cmpl.T11985.mps' read.
Read time = 0.05 sec. (8.93 ticks)
CPLEX> CPXPARAM_Read_APIEncoding                        "UTF-8"
Tried aggregator 3 times.
MIP Presolve eliminated 18489 rows and 29137 columns.
MIP Presolve modified 539 coefficients.
Aggregator did 1398 substitutions.
Reduced MIP has 2553 rows, 4143 columns, and 12129 nonzeros.
Reduced MIP has 3975 binaries, 0 generals, 0 SOSs, and 0 indicators.
Presolve time = 0.06 sec. (46.37 ticks)
Found incumbent of value 37358.423621 after 0.11 sec. (89.88 ticks)
Probing time = 0.01 sec. (2.66 ticks)
Tried aggregator 2 times.
MIP Presolve eliminated 3 rows and 52 columns.
MIP Presolve modified 9 coefficients.
Aggregator did 2 substitutions.
Reduced MIP has 2548 rows, 4089 columns, and 12015 nonzeros.
Reduced MIP has 4089 binaries, 0 generals, 0 SOSs, and 0 indicators.
Presolve time = 0.02 sec. (14.71 ticks)
Probing time = 0.01 sec. (2.82 ticks)
Clique table members: 3523.
MIP emphasis: balance optimality and feasibility.
MIP search method: dynamic search.
Parallel mode: none, using 1 thread.
Root relaxation solution time = 0.02 sec. (18.31 ticks)

        Nodes                                         Cuts/
   Node  Left     Objective  IInf  Best Integer    Best Bound    ItCnt     Gap

*     0+    0                        37358.4236        0.0000           100.00%
*     0     0      integral     0    17206.0641    17206.0641     1111    0.00%
Elapsed time = 0.16 sec. (136.89 ticks, tree = 0.00 MB, solutions = 2)

Root node processing (before b&c):
  Real time             =    0.17 sec. (138.22 ticks)
Sequential b&c:
  Real time             =    0.00 sec. (0.00 ticks)
                          ------------
Total (root+branch&cut) =    0.17 sec. (138.22 ticks)

Solution pool: 2 solutions saved.

MIP - Integer optimal solution:  Objective =  1.7206064147e+04
Solution time =    0.17 sec.  Iterations = 1111  Nodes = 0
Deterministic time = 138.32 ticks  (834.35 ticks/sec)

CPLEX> Incumbent solution written to file '/tmp/cmpl.T11985.gsol'.
CPLEX> 
CMPL: Time used for model generation: 1 seconds
CMPL: Time used for solving the model: 0 seconds


Solution written to ASCII file: ../results/output_generated_rate_1/2017-08-07-4/unequal.sol

Solver - finished
