CMPL model generation - running

CMPL version: 1.11.0
Authors: Thomas Schleiff, Mike Steglich
Distributed under the GPLv3 

create model instance ...
write model instance ...
CMPL model generation - finished

Solver - running


Welcome to IBM(R) ILOG(R) CPLEX(R) Interactive Optimizer 12.7.1.0
  with Simplex, Mixed Integer & Barrier Optimizers
5725-A06 5725-A29 5724-Y48 5724-Y49 5724-Y54 5724-Y55 5655-Y21
Copyright IBM Corp. 1988, 2017.  All Rights Reserved.

Type 'help' for a list of available commands.
Type 'help' followed by a command name for more
information on commands.

CPLEX> Specified objective sense: MINIMIZE
Selected objective  name:  line[1]
Selected RHS        name:  RHS
Selected bound      name:  BOUND
Problem '/tmp/cmpl.T11457.mps' read.
Read time = 0.05 sec. (8.90 ticks)
CPLEX> CPXPARAM_Read_APIEncoding                        "UTF-8"
Tried aggregator 3 times.
MIP Presolve eliminated 18791 rows and 29735 columns.
MIP Presolve modified 340 coefficients.
Aggregator did 1101 substitutions.
Reduced MIP has 2548 rows, 3842 columns, and 11222 nonzeros.
Reduced MIP has 3674 binaries, 0 generals, 0 SOSs, and 0 indicators.
Presolve time = 0.05 sec. (43.08 ticks)
Found incumbent of value 31912.682326 after 0.09 sec. (75.43 ticks)
Probing time = 0.01 sec. (2.73 ticks)
Tried aggregator 1 time.
MIP Presolve eliminated 0 rows and 15 columns.
Reduced MIP has 2548 rows, 3827 columns, and 11192 nonzeros.
Reduced MIP has 3827 binaries, 0 generals, 0 SOSs, and 0 indicators.
Presolve time = 0.01 sec. (9.30 ticks)
Probing time = 0.01 sec. (2.82 ticks)
Clique table members: 3224.
MIP emphasis: balance optimality and feasibility.
MIP search method: dynamic search.
Parallel mode: none, using 1 thread.
Root relaxation solution time = 0.02 sec. (15.34 ticks)

        Nodes                                         Cuts/
   Node  Left     Objective  IInf  Best Integer    Best Bound    ItCnt     Gap

*     0+    0                        31912.6823        0.0000           100.00%
*     0     0      integral     0    11427.9752    11427.9752      987    0.00%
Elapsed time = 0.14 sec. (113.43 ticks, tree = 0.00 MB, solutions = 2)

Root node processing (before b&c):
  Real time             =    0.14 sec. (114.75 ticks)
Sequential b&c:
  Real time             =    0.00 sec. (0.00 ticks)
                          ------------
Total (root+branch&cut) =    0.14 sec. (114.75 ticks)

Solution pool: 2 solutions saved.

MIP - Integer optimal solution:  Objective =  1.1427975160e+04
Solution time =    0.14 sec.  Iterations = 987  Nodes = 0
Deterministic time = 114.85 ticks  (825.83 ticks/sec)

CPLEX> Incumbent solution written to file '/tmp/cmpl.T11457.gsol'.
CPLEX> 
CMPL: Time used for model generation: 0 seconds
CMPL: Time used for solving the model: 1 seconds


Solution written to ASCII file: ../results/output_generated_rate_0.5/2017-06-05-4/unequal.sol

Solver - finished
