CMPL model generation - running

CMPL version: 1.11.0
Authors: Thomas Schleiff, Mike Steglich
Distributed under the GPLv3 

create model instance ...
write model instance ...
CMPL model generation - finished

Solver - running


Welcome to IBM(R) ILOG(R) CPLEX(R) Interactive Optimizer 12.7.1.0
  with Simplex, Mixed Integer & Barrier Optimizers
5725-A06 5725-A29 5724-Y48 5724-Y49 5724-Y54 5724-Y55 5655-Y21
Copyright IBM Corp. 1988, 2017.  All Rights Reserved.

Type 'help' for a list of available commands.
Type 'help' followed by a command name for more
information on commands.

CPLEX> Specified objective sense: MINIMIZE
Selected objective  name:  line[1]
Selected RHS        name:  RHS
Selected bound      name:  BOUND
Problem '/tmp/cmpl.T11280.mps' read.
Read time = 0.05 sec. (9.69 ticks)
CPLEX> CPXPARAM_Read_APIEncoding                        "UTF-8"
Tried aggregator 3 times.
MIP Presolve eliminated 19040 rows and 30573 columns.
MIP Presolve modified 602 coefficients.
Aggregator did 857 substitutions.
Reduced MIP has 2713 rows, 4863 columns, and 15755 nonzeros.
Reduced MIP has 4695 binaries, 0 generals, 0 SOSs, and 0 indicators.
Presolve time = 0.06 sec. (52.31 ticks)
Found incumbent of value 25556.159900 after 0.10 sec. (87.99 ticks)
Probing time = 0.01 sec. (3.05 ticks)
Tried aggregator 1 time.
MIP Presolve eliminated 0 rows and 4 columns.
Reduced MIP has 2713 rows, 4859 columns, and 15747 nonzeros.
Reduced MIP has 4859 binaries, 0 generals, 0 SOSs, and 0 indicators.
Presolve time = 0.01 sec. (11.41 ticks)
Probing time = 0.01 sec. (3.11 ticks)
Clique table members: 3392.
MIP emphasis: balance optimality and feasibility.
MIP search method: dynamic search.
Parallel mode: none, using 1 thread.
Root relaxation solution time = 0.02 sec. (20.68 ticks)

        Nodes                                         Cuts/
   Node  Left     Objective  IInf  Best Integer    Best Bound    ItCnt     Gap

*     0+    0                        25556.1599      -60.5936           100.24%
*     0     0      integral     0     6690.6621     6690.6621     1275    0.00%
Elapsed time = 0.16 sec. (136.66 ticks, tree = 0.00 MB, solutions = 2)

Root node processing (before b&c):
  Real time             =    0.17 sec. (138.08 ticks)
Sequential b&c:
  Real time             =    0.00 sec. (0.00 ticks)
                          ------------
Total (root+branch&cut) =    0.17 sec. (138.08 ticks)

Solution pool: 2 solutions saved.

MIP - Integer optimal solution:  Objective =  6.6906620610e+03
Solution time =    0.17 sec.  Iterations = 1275  Nodes = 0
Deterministic time = 138.19 ticks  (822.70 ticks/sec)

CPLEX> Incumbent solution written to file '/tmp/cmpl.T11280.gsol'.
CPLEX> 
CMPL: Time used for model generation: 1 seconds
CMPL: Time used for solving the model: 1 seconds


Solution written to ASCII file: ../results/output_generated_rate_0.3/2016-09-05-4/equal.sol

Solver - finished
