CMPL model generation - running

CMPL version: 1.11.0
Authors: Thomas Schleiff, Mike Steglich
Distributed under the GPLv3 

create model instance ...
write model instance ...
CMPL model generation - finished

Solver - running


Welcome to IBM(R) ILOG(R) CPLEX(R) Interactive Optimizer 12.7.1.0
  with Simplex, Mixed Integer & Barrier Optimizers
5725-A06 5725-A29 5724-Y48 5724-Y49 5724-Y54 5724-Y55 5655-Y21
Copyright IBM Corp. 1988, 2017.  All Rights Reserved.

Type 'help' for a list of available commands.
Type 'help' followed by a command name for more
information on commands.

CPLEX> Specified objective sense: MINIMIZE
Selected objective  name:  line[1]
Selected RHS        name:  RHS
Selected bound      name:  BOUND
Problem '/tmp/cmpl.T11093.mps' read.
Read time = 0.06 sec. (11.93 ticks)
CPLEX> CPXPARAM_Read_APIEncoding                        "UTF-8"
Tried aggregator 3 times.
MIP Presolve eliminated 24131 rows and 37751 columns.
MIP Presolve modified 475 coefficients.
Aggregator did 737 substitutions.
Reduced MIP has 3309 rows, 5667 columns, and 18680 nonzeros.
Reduced MIP has 5457 binaries, 0 generals, 0 SOSs, and 0 indicators.
Presolve time = 0.06 sec. (60.74 ticks)
Found incumbent of value 25743.272326 after 0.11 sec. (101.74 ticks)
Probing fixed 12 vars, tightened 0 bounds.
Probing time = 0.02 sec. (9.83 ticks)
Tried aggregator 1 time.
MIP Presolve eliminated 0 rows and 12 columns.
MIP Presolve modified 60 coefficients.
Reduced MIP has 3309 rows, 5655 columns, and 18656 nonzeros.
Reduced MIP has 5655 binaries, 0 generals, 0 SOSs, and 0 indicators.
Presolve time = 0.01 sec. (13.54 ticks)
Probing time = 0.01 sec. (3.24 ticks)
Clique table members: 11205.
MIP emphasis: balance optimality and feasibility.
MIP search method: dynamic search.
Parallel mode: none, using 1 thread.
Root relaxation solution time = 0.02 sec. (18.49 ticks)

        Nodes                                         Cuts/
   Node  Left     Objective  IInf  Best Integer    Best Bound    ItCnt     Gap

*     0+    0                        25743.2723     -320.6050           101.25%
      0     0     2278.3822     9    25743.2723     2278.3822      922   91.15%
*     0+    0                         2280.4394     2278.3822             0.09%
      0     0     2279.2953     2     2280.4394      Cuts: 27      952    0.05%
*     0+    0                         2279.7524     2279.2953             0.02%
      0     0     2279.5758     1     2279.7524       Cuts: 8      962    0.01%

GUB cover cuts applied:  6
Clique cuts applied:  8
Cover cuts applied:  12
Gomory fractional cuts applied:  9

Root node processing (before b&c):
  Real time             =    0.22 sec. (197.24 ticks)
Sequential b&c:
  Real time             =    0.00 sec. (0.00 ticks)
                          ------------
Total (root+branch&cut) =    0.22 sec. (197.24 ticks)

Solution pool: 3 solutions saved.

MIP - Integer optimal, tolerance (0.0001/1e-06):  Objective =  2.2797524230e+03
Current MIP best bound =  2.2795758445e+03 (gap = 0.176579, 0.01%)
Solution time =    0.22 sec.  Iterations = 962  Nodes = 0 (1)
Deterministic time = 197.37 ticks  (902.78 ticks/sec)

CPLEX> Incumbent solution written to file '/tmp/cmpl.T11093.gsol'.
CPLEX> 
CMPL: Time used for model generation: 1 seconds
CMPL: Time used for solving the model: 1 seconds


Solution written to ASCII file: ../results/output_generated_rate_0.1/2017-07-03-5/equal.sol

Solver - finished
