CMPL model generation - running

CMPL version: 1.11.0
Authors: Thomas Schleiff, Mike Steglich
Distributed under the GPLv3 

create model instance ...
write model instance ...
CMPL model generation - finished

Solver - running


Welcome to IBM(R) ILOG(R) CPLEX(R) Interactive Optimizer 12.7.1.0
  with Simplex, Mixed Integer & Barrier Optimizers
5725-A06 5725-A29 5724-Y48 5724-Y49 5724-Y54 5724-Y55 5655-Y21
Copyright IBM Corp. 1988, 2017.  All Rights Reserved.

Type 'help' for a list of available commands.
Type 'help' followed by a command name for more
information on commands.

CPLEX> Specified objective sense: MINIMIZE
Selected objective  name:  line[1]
Selected RHS        name:  RHS
Selected bound      name:  BOUND
Problem '/tmp/cmpl.T10388.mps' read.
Read time = 0.06 sec. (11.94 ticks)
CPLEX> CPXPARAM_Read_APIEncoding                        "UTF-8"
Tried aggregator 3 times.
MIP Presolve eliminated 24007 rows and 37516 columns.
MIP Presolve modified 510 coefficients.
Aggregator did 819 substitutions.
Reduced MIP has 3351 rows, 5820 columns, and 19124 nonzeros.
Reduced MIP has 5610 binaries, 0 generals, 0 SOSs, and 0 indicators.
Presolve time = 0.07 sec. (61.41 ticks)
Probing time = 0.01 sec. (3.29 ticks)
Tried aggregator 2 times.
MIP Presolve eliminated 5 rows and 0 columns.
MIP Presolve modified 15 coefficients.
Aggregator did 3 substitutions.
Reduced MIP has 3343 rows, 5817 columns, and 19107 nonzeros.
Reduced MIP has 5817 binaries, 0 generals, 0 SOSs, and 0 indicators.
Presolve time = 0.02 sec. (17.14 ticks)
Probing time = 0.01 sec. (3.31 ticks)
Clique table members: 4284.
MIP emphasis: balance optimality and feasibility.
MIP search method: dynamic search.
Parallel mode: none, using 1 thread.
Root relaxation solution time = 0.02 sec. (21.67 ticks)

        Nodes                                         Cuts/
   Node  Left     Objective  IInf  Best Integer    Best Bound    ItCnt     Gap

      0     0     3429.8813     4                   3429.8813     1085         
*     0+    0                         3430.7956     3429.8813             0.03%
*     0     0      integral     0     3430.0614      Cuts: 14     1111    0.00%
      0     0        cutoff           3430.0614     3430.0614     1111    0.00%
Elapsed time = 0.22 sec. (200.43 ticks, tree = 0.01 MB, solutions = 2)

GUB cover cuts applied:  3
Clique cuts applied:  2
Cover cuts applied:  5
Gomory fractional cuts applied:  4

Root node processing (before b&c):
  Real time             =    0.23 sec. (202.19 ticks)
Sequential b&c:
  Real time             =    0.00 sec. (0.00 ticks)
                          ------------
Total (root+branch&cut) =    0.23 sec. (202.19 ticks)

Solution pool: 2 solutions saved.

MIP - Integer optimal solution:  Objective =  3.4300614280e+03
Solution time =    0.23 sec.  Iterations = 1111  Nodes = 0
Deterministic time = 202.31 ticks  (898.76 ticks/sec)

CPLEX> Incumbent solution written to file '/tmp/cmpl.T10388.gsol'.
CPLEX> 
CMPL: Time used for model generation: 1 seconds
CMPL: Time used for solving the model: 1 seconds


Solution written to ASCII file: ../results/output_generated_conf_0.6/2016-10-03-5/equal.sol

Solver - finished
