CMPL model generation - running

CMPL version: 1.11.0
Authors: Thomas Schleiff, Mike Steglich
Distributed under the GPLv3 

create model instance ...
write model instance ...
CMPL model generation - finished

Solver - running


Welcome to IBM(R) ILOG(R) CPLEX(R) Interactive Optimizer 12.7.1.0
  with Simplex, Mixed Integer & Barrier Optimizers
5725-A06 5725-A29 5724-Y48 5724-Y49 5724-Y54 5724-Y55 5655-Y21
Copyright IBM Corp. 1988, 2017.  All Rights Reserved.

Type 'help' for a list of available commands.
Type 'help' followed by a command name for more
information on commands.

CPLEX> Specified objective sense: MINIMIZE
Selected objective  name:  line[1]
Selected RHS        name:  RHS
Selected bound      name:  BOUND
Problem '/tmp/cmpl.XM9821.mps' read.
Read time = 0.06 sec. (8.85 ticks)
CPLEX> CPXPARAM_Read_APIEncoding                        "UTF-8"
Tried aggregator 3 times.
MIP Presolve eliminated 19380 rows and 30901 columns.
MIP Presolve modified 340 coefficients.
Aggregator did 598 substitutions.
Reduced MIP has 2462 rows, 3179 columns, and 9293 nonzeros.
Reduced MIP has 3011 binaries, 0 generals, 0 SOSs, and 0 indicators.
Presolve time = 0.05 sec. (41.44 ticks)
Found incumbent of value 9459.938953 after 0.10 sec. (105.10 ticks)
Probing fixed 5 vars, tightened 0 bounds.
Probing time = 0.01 sec. (4.05 ticks)
Tried aggregator 1 time.
MIP Presolve eliminated 0 rows and 5 columns.
MIP Presolve modified 21 coefficients.
Reduced MIP has 2462 rows, 3174 columns, and 9283 nonzeros.
Reduced MIP has 3174 binaries, 0 generals, 0 SOSs, and 0 indicators.
Presolve time = 0.01 sec. (7.87 ticks)
Probing time = 0.01 sec. (2.66 ticks)
Clique table members: 5371.
MIP emphasis: balance optimality and feasibility.
MIP search method: dynamic search.
Parallel mode: none, using 1 thread.
Root relaxation solution time = 0.00 sec. (4.23 ticks)

        Nodes                                         Cuts/
   Node  Left     Objective  IInf  Best Integer    Best Bound    ItCnt     Gap

*     0+    0                         9459.9390     -523.6425           105.54%
      0     0      300.9395    24     9459.9390      300.9395       71   96.82%
*     0+    0                          777.4232      300.9395            61.29%
*     0+    0                          307.7966      300.9395             2.23%
      0     0      307.4703     1      307.7966      Cuts: 15       74    0.11%
*     0+    0                          307.4987      307.4703             0.01%
      0     0        cutoff            307.4987      307.4703       74    0.01%
Elapsed time = 0.17 sec. (148.09 ticks, tree = 0.01 MB, solutions = 4)

Clique cuts applied:  6
Cover cuts applied:  6
Gomory fractional cuts applied:  3

Root node processing (before b&c):
  Real time             =    0.18 sec. (149.86 ticks)
Sequential b&c:
  Real time             =    0.00 sec. (0.00 ticks)
                          ------------
Total (root+branch&cut) =    0.18 sec. (149.86 ticks)

Solution pool: 4 solutions saved.

MIP - Integer optimal solution:  Objective =  3.0749865000e+02
Solution time =    0.18 sec.  Iterations = 74  Nodes = 0
Deterministic time = 149.96 ticks  (848.29 ticks/sec)

CPLEX> Incumbent solution written to file '/tmp/cmpl.XM9821.gsol'.
CPLEX> 
CMPL: Time used for model generation: 1 seconds
CMPL: Time used for solving the model: 1 seconds


Solution written to ASCII file: ../results/output_generated_conf_0.1/2016-11-07-4/unequal.sol

Solver - finished
