CMPL model generation - running

CMPL version: 1.11.0
Authors: Thomas Schleiff, Mike Steglich
Distributed under the GPLv3 

create model instance ...
write model instance ...
CMPL model generation - finished

Solver - running


Welcome to IBM(R) ILOG(R) CPLEX(R) Interactive Optimizer 12.7.1.0
  with Simplex, Mixed Integer & Barrier Optimizers
5725-A06 5725-A29 5724-Y48 5724-Y49 5724-Y54 5724-Y55 5655-Y21
Copyright IBM Corp. 1988, 2017.  All Rights Reserved.

Type 'help' for a list of available commands.
Type 'help' followed by a command name for more
information on commands.

CPLEX> Specified objective sense: MINIMIZE
Selected objective  name:  line[1]
Selected RHS        name:  RHS
Selected bound      name:  BOUND
Problem '/tmp/cmpl.T10380.mps' read.
Read time = 0.05 sec. (9.67 ticks)
CPLEX> CPXPARAM_Read_APIEncoding                        "UTF-8"
Tried aggregator 3 times.
MIP Presolve eliminated 19261 rows and 31014 columns.
MIP Presolve modified 494 coefficients.
Aggregator did 668 substitutions.
Reduced MIP has 2681 rows, 4611 columns, and 15017 nonzeros.
Reduced MIP has 4443 binaries, 0 generals, 0 SOSs, and 0 indicators.
Presolve time = 0.06 sec. (52.45 ticks)
Found incumbent of value 21133.727873 after 0.10 sec. (85.94 ticks)
Probing fixed 10 vars, tightened 0 bounds.
Probing time = 0.01 sec. (7.75 ticks)
Tried aggregator 1 time.
MIP Presolve eliminated 0 rows and 10 columns.
MIP Presolve modified 50 coefficients.
Reduced MIP has 2681 rows, 4601 columns, and 14997 nonzeros.
Reduced MIP has 4601 binaries, 0 generals, 0 SOSs, and 0 indicators.
Presolve time = 0.01 sec. (10.92 ticks)
Probing time = 0.01 sec. (3.01 ticks)
Clique table members: 9424.
MIP emphasis: balance optimality and feasibility.
MIP search method: dynamic search.
Parallel mode: none, using 1 thread.
Root relaxation solution time = 0.01 sec. (16.02 ticks)

        Nodes                                         Cuts/
   Node  Left     Objective  IInf  Best Integer    Best Bound    ItCnt     Gap

*     0+    0                        21133.7279     -342.6995           101.62%
      0     0     2491.3915     7    21133.7279     2491.3915      931   88.21%
*     0+    0                         2493.3915     2491.3915             0.08%
*     0     0      integral     0     2492.5473      Cuts: 18      938    0.00%
      0     0        cutoff           2492.5473     2492.5473      938    0.00%
Elapsed time = 0.18 sec. (148.84 ticks, tree = 0.01 MB, solutions = 3)

Cover cuts applied:  12
Gomory fractional cuts applied:  6

Root node processing (before b&c):
  Real time             =    0.18 sec. (150.52 ticks)
Sequential b&c:
  Real time             =    0.00 sec. (0.00 ticks)
                          ------------
Total (root+branch&cut) =    0.18 sec. (150.52 ticks)

Solution pool: 3 solutions saved.

MIP - Integer optimal solution:  Objective =  2.4925473450e+03
Solution time =    0.18 sec.  Iterations = 938  Nodes = 0
Deterministic time = 150.62 ticks  (841.54 ticks/sec)

CPLEX> Incumbent solution written to file '/tmp/cmpl.T10380.gsol'.
CPLEX> 
CMPL: Time used for model generation: 1 seconds
CMPL: Time used for solving the model: 0 seconds


Solution written to ASCII file: ../results/output_generated_conf_0.6/2016-06-06-4/equal.sol

Solver - finished
