CMPL model generation - running

CMPL version: 1.11.0
Authors: Thomas Schleiff, Mike Steglich
Distributed under the GPLv3 

create model instance ...
write model instance ...
CMPL model generation - finished

Solver - running


Welcome to IBM(R) ILOG(R) CPLEX(R) Interactive Optimizer 12.7.1.0
  with Simplex, Mixed Integer & Barrier Optimizers
5725-A06 5725-A29 5724-Y48 5724-Y49 5724-Y54 5724-Y55 5655-Y21
Copyright IBM Corp. 1988, 2017.  All Rights Reserved.

Type 'help' for a list of available commands.
Type 'help' followed by a command name for more
information on commands.

CPLEX> Specified objective sense: MINIMIZE
Selected objective  name:  line[1]
Selected RHS        name:  RHS
Selected bound      name:  BOUND
Problem '/tmp/cmpl.T10329.mps' read.
Read time = 0.05 sec. (8.86 ticks)
CPLEX> CPXPARAM_Read_APIEncoding                        "UTF-8"
Tried aggregator 3 times.
MIP Presolve eliminated 19261 rows and 30674 columns.
MIP Presolve modified 340 coefficients.
Aggregator did 668 substitutions.
Reduced MIP has 2511 rows, 3336 columns, and 9724 nonzeros.
Reduced MIP has 3168 binaries, 0 generals, 0 SOSs, and 0 indicators.
Presolve time = 0.05 sec. (43.26 ticks)
Found incumbent of value 9506.546050 after 0.08 sec. (67.15 ticks)
Probing fixed 10 vars, tightened 0 bounds.
Probing time = 0.01 sec. (4.37 ticks)
Tried aggregator 1 time.
MIP Presolve eliminated 0 rows and 10 columns.
MIP Presolve modified 50 coefficients.
Reduced MIP has 2511 rows, 3326 columns, and 9704 nonzeros.
Reduced MIP has 3326 binaries, 0 generals, 0 SOSs, and 0 indicators.
Presolve time = 0.01 sec. (8.22 ticks)
Probing time = 0.01 sec. (2.69 ticks)
Clique table members: 5971.
MIP emphasis: balance optimality and feasibility.
MIP search method: dynamic search.
Parallel mode: none, using 1 thread.
Root relaxation solution time = 0.01 sec. (5.94 ticks)

        Nodes                                         Cuts/
   Node  Left     Objective  IInf  Best Integer    Best Bound    ItCnt     Gap

*     0+    0                         9506.5461     -342.6995           103.60%
      0     0     2479.8799     7     9506.5461     2479.8799      226   73.91%
*     0+    0                         2520.4190     2479.8799             1.61%
*     0+    0                         2481.8799     2479.8799             0.08%
*     0     0      integral     0     2481.0357      Cuts: 20      232    0.00%
      0     0        cutoff           2481.0357     2481.0357      232    0.00%
Elapsed time = 0.13 sec. (108.86 ticks, tree = 0.01 MB, solutions = 4)

Clique cuts applied:  2
Cover cuts applied:  12
Gomory fractional cuts applied:  5

Root node processing (before b&c):
  Real time             =    0.13 sec. (110.62 ticks)
Sequential b&c:
  Real time             =    0.00 sec. (0.00 ticks)
                          ------------
Total (root+branch&cut) =    0.13 sec. (110.62 ticks)

Solution pool: 4 solutions saved.

MIP - Integer optimal solution:  Objective =  2.4810357450e+03
Solution time =    0.14 sec.  Iterations = 232  Nodes = 0
Deterministic time = 110.72 ticks  (820.14 ticks/sec)

CPLEX> Incumbent solution written to file '/tmp/cmpl.T10329.gsol'.
CPLEX> 
CMPL: Time used for model generation: 1 seconds
CMPL: Time used for solving the model: 0 seconds


Solution written to ASCII file: ../results/output_generated_conf_0.6/2016-06-06-4/unequal.sol

Solver - finished
