CMPL model generation - running

CMPL version: 1.11.0
Authors: Thomas Schleiff, Mike Steglich
Distributed under the GPLv3 

create model instance ...
write model instance ...
CMPL model generation - finished

Solver - running


Welcome to IBM(R) ILOG(R) CPLEX(R) Interactive Optimizer 12.7.1.0
  with Simplex, Mixed Integer & Barrier Optimizers
5725-A06 5725-A29 5724-Y48 5724-Y49 5724-Y54 5724-Y55 5655-Y21
Copyright IBM Corp. 1988, 2017.  All Rights Reserved.

Type 'help' for a list of available commands.
Type 'help' followed by a command name for more
information on commands.

CPLEX> Specified objective sense: MINIMIZE
Selected objective  name:  line[1]
Selected RHS        name:  RHS
Selected bound      name:  BOUND
Problem '/tmp/cmpl.T11981.mps' read.
Read time = 0.06 sec. (8.93 ticks)
CPLEX> CPXPARAM_Read_APIEncoding                        "UTF-8"
Tried aggregator 3 times.
MIP Presolve eliminated 18504 rows and 29163 columns.
MIP Presolve modified 520 coefficients.
Aggregator did 1387 substitutions.
Reduced MIP has 2549 rows, 4128 columns, and 12084 nonzeros.
Reduced MIP has 3960 binaries, 0 generals, 0 SOSs, and 0 indicators.
Presolve time = 0.06 sec. (46.31 ticks)
Found incumbent of value 37346.871329 after 0.11 sec. (88.43 ticks)
Probing time = 0.01 sec. (2.66 ticks)
Tried aggregator 1 time.
MIP Presolve eliminated 1 rows and 53 columns.
MIP Presolve modified 4 coefficients.
Reduced MIP has 2548 rows, 4075 columns, and 11974 nonzeros.
Reduced MIP has 4075 binaries, 0 generals, 0 SOSs, and 0 indicators.
Presolve time = 0.01 sec. (11.76 ticks)
Probing time = 0.01 sec. (2.81 ticks)
Clique table members: 3510.
MIP emphasis: balance optimality and feasibility.
MIP search method: dynamic search.
Parallel mode: none, using 1 thread.
Root relaxation solution time = 0.02 sec. (19.85 ticks)

        Nodes                                         Cuts/
   Node  Left     Objective  IInf  Best Integer    Best Bound    ItCnt     Gap

*     0+    0                        37346.8713        0.0000           100.00%
*     0     0      integral     0    16955.7245    16955.7245     1308    0.00%
Elapsed time = 0.17 sec. (133.99 ticks, tree = 0.00 MB, solutions = 2)

Root node processing (before b&c):
  Real time             =    0.17 sec. (135.31 ticks)
Sequential b&c:
  Real time             =    0.00 sec. (0.00 ticks)
                          ------------
Total (root+branch&cut) =    0.17 sec. (135.31 ticks)

Solution pool: 2 solutions saved.

MIP - Integer optimal solution:  Objective =  1.6955724482e+04
Solution time =    0.17 sec.  Iterations = 1308  Nodes = 0
Deterministic time = 135.41 ticks  (803.84 ticks/sec)

CPLEX> Incumbent solution written to file '/tmp/cmpl.T11981.gsol'.
CPLEX> 
CMPL: Time used for model generation: 1 seconds
CMPL: Time used for solving the model: 0 seconds


Solution written to ASCII file: ../results/output_generated_rate_1/2017-06-05-4/unequal.sol

Solver - finished
