CMPL model generation - running

CMPL version: 1.11.0
Authors: Thomas Schleiff, Mike Steglich
Distributed under the GPLv3 

create model instance ...
write model instance ...
CMPL model generation - finished

Solver - running


Welcome to IBM(R) ILOG(R) CPLEX(R) Interactive Optimizer 12.7.1.0
  with Simplex, Mixed Integer & Barrier Optimizers
5725-A06 5725-A29 5724-Y48 5724-Y49 5724-Y54 5724-Y55 5655-Y21
Copyright IBM Corp. 1988, 2017.  All Rights Reserved.

Type 'help' for a list of available commands.
Type 'help' followed by a command name for more
information on commands.

CPLEX> Specified objective sense: MINIMIZE
Selected objective  name:  line[1]
Selected RHS        name:  RHS
Selected bound      name:  BOUND
Problem '/tmp/cmpl.T10954.mps' read.
Read time = 0.10 sec. (11.91 ticks)
CPLEX> CPXPARAM_Read_APIEncoding                        "UTF-8"
Found incumbent of value 21000.000000 after 0.00 sec. (3.50 ticks)
Tried aggregator 3 times.
MIP Presolve eliminated 24567 rows and 38370 columns.
MIP Presolve modified 425 coefficients.
Aggregator did 425 substitutions.
Reduced MIP has 3185 rows, 5360 columns, and 17899 nonzeros.
Reduced MIP has 5150 binaries, 0 generals, 0 SOSs, and 0 indicators.
Presolve time = 0.08 sec. (53.98 ticks)
Probing time = 0.01 sec. (3.24 ticks)
Tried aggregator 1 time.
Reduced MIP has 3185 rows, 5360 columns, and 17899 nonzeros.
Reduced MIP has 5360 binaries, 0 generals, 0 SOSs, and 0 indicators.
Presolve time = 0.03 sec. (14.38 ticks)
Probing time = 0.01 sec. (3.24 ticks)
Clique table members: 3100.
MIP emphasis: balance optimality and feasibility.
MIP search method: dynamic search.
Parallel mode: none, using 1 thread.
Root relaxation solution time = 0.02 sec. (21.49 ticks)

        Nodes                                         Cuts/
   Node  Left     Objective  IInf  Best Integer    Best Bound    ItCnt     Gap

*     0+    0                        21000.0000        0.0000           100.00%
      0     0       12.3429    66    21000.0000       12.3429      833   99.94%
*     0+    0                           12.3429       12.3429             0.00%
      0     0        cutoff             12.3429       12.3429      833    0.00%
Elapsed time = 0.24 sec. (152.02 ticks, tree = 0.01 MB, solutions = 2)

Root node processing (before b&c):
  Real time             =    0.24 sec. (154.06 ticks)
Sequential b&c:
  Real time             =    0.00 sec. (0.00 ticks)
                          ------------
Total (root+branch&cut) =    0.24 sec. (154.06 ticks)

Solution pool: 3 solutions saved.

MIP - Integer optimal solution:  Objective =  1.2342865000e+01
Solution time =    0.24 sec.  Iterations = 833  Nodes = 0
Deterministic time = 154.19 ticks  (632.09 ticks/sec)

CPLEX> Incumbent solution written to file '/tmp/cmpl.T10954.gsol'.
CPLEX> 
CMPL: Time used for model generation: 1 seconds
CMPL: Time used for solving the model: 1 seconds


Solution written to ASCII file: ../results/output_generated_rate_0/2016-02-01-5/equal.sol

Solver - finished
