CMPL model generation - running

CMPL version: 1.11.0
Authors: Thomas Schleiff, Mike Steglich
Distributed under the GPLv3 

create model instance ...
write model instance ...
CMPL model generation - finished

Solver - running


Welcome to IBM(R) ILOG(R) CPLEX(R) Interactive Optimizer 12.7.1.0
  with Simplex, Mixed Integer & Barrier Optimizers
5725-A06 5725-A29 5724-Y48 5724-Y49 5724-Y54 5724-Y55 5655-Y21
Copyright IBM Corp. 1988, 2017.  All Rights Reserved.

Type 'help' for a list of available commands.
Type 'help' followed by a command name for more
information on commands.

CPLEX> Specified objective sense: MINIMIZE
Selected objective  name:  line[1]
Selected RHS        name:  RHS
Selected bound      name:  BOUND
Problem '/tmp/cmpl.T15513.mps' read.
Read time = 0.07 sec. (11.86 ticks)
CPLEX> CPXPARAM_Read_APIEncoding                        "UTF-8"
Tried aggregator 3 times.
MIP Presolve eliminated 24202 rows and 37873 columns.
MIP Presolve modified 442 coefficients.
Aggregator did 692 substitutions.
Reduced MIP has 3283 rows, 5590 columns, and 18477 nonzeros.
Reduced MIP has 5380 binaries, 0 generals, 0 SOSs, and 0 indicators.
Presolve time = 0.07 sec. (56.57 ticks)
Found incumbent of value 20600.000000 after 0.12 sec. (98.88 ticks)
Probing fixed 7 vars, tightened 0 bounds.
Probing time = 0.02 sec. (9.36 ticks)
Tried aggregator 1 time.
MIP Presolve eliminated 1 rows and 7 columns.
MIP Presolve modified 33 coefficients.
Reduced MIP has 3282 rows, 5583 columns, and 18459 nonzeros.
Reduced MIP has 5583 binaries, 0 generals, 0 SOSs, and 0 indicators.
Presolve time = 0.02 sec. (15.42 ticks)
Probing time = 0.01 sec. (3.25 ticks)
Clique table members: 10308.
MIP emphasis: balance optimality and feasibility.
MIP search method: dynamic search.
Parallel mode: none, using 1 thread.
Root relaxation solution time = 0.01 sec. (9.80 ticks)

        Nodes                                         Cuts/
   Node  Left     Objective  IInf  Best Integer    Best Bound    ItCnt     Gap

*     0+    0                        20600.0000        0.0000           100.00%
      0     0        0.0000   179    20600.0000        0.0000      251  100.00%
      0     0        0.0000    36    20600.0000      Cuts: 34      279  100.00%
      0     0        0.0000    20    20600.0000     Cuts: 106      324  100.00%
      0     0        0.0000    14    20600.0000      Cuts: 51      358  100.00%
      0     0        0.0000    24    20600.0000      Cuts: 52      374  100.00%
*     0+    0                            0.0000        0.0000             0.00%
      0     0        cutoff              0.0000        0.0000      374    0.00%
Elapsed time = 0.39 sec. (361.27 ticks, tree = 0.01 MB, solutions = 2)

GUB cover cuts applied:  31
Clique cuts applied:  69
Cover cuts applied:  4
Flow cuts applied:  8
Mixed integer rounding cuts applied:  30
Zero-half cuts applied:  34
Lift and project cuts applied:  8
Gomory fractional cuts applied:  21

Root node processing (before b&c):
  Real time             =    0.39 sec. (362.98 ticks)
Sequential b&c:
  Real time             =    0.00 sec. (0.00 ticks)
                          ------------
Total (root+branch&cut) =    0.39 sec. (362.98 ticks)

Solution pool: 2 solutions saved.

MIP - Integer optimal solution:  Objective =  0.0000000000e+00
Solution time =    0.39 sec.  Iterations = 374  Nodes = 0
Deterministic time = 363.11 ticks  (919.90 ticks/sec)

CPLEX> Incumbent solution written to file '/tmp/cmpl.T15513.gsol'.
CPLEX> 
CMPL: Time used for model generation: 1 seconds
CMPL: Time used for solving the model: 1 seconds


Solution written to ASCII file: ../results/results_unfair_conf_0/2015-11-02-5/unequal-unfair.sol

Solver - finished
