CMPL model generation - running

CMPL version: 1.11.0
Authors: Thomas Schleiff, Mike Steglich
Distributed under the GPLv3 

create model instance ...
write model instance ...
CMPL model generation - finished

Solver - running


Welcome to IBM(R) ILOG(R) CPLEX(R) Interactive Optimizer 12.7.1.0
  with Simplex, Mixed Integer & Barrier Optimizers
5725-A06 5725-A29 5724-Y48 5724-Y49 5724-Y54 5724-Y55 5655-Y21
Copyright IBM Corp. 1988, 2017.  All Rights Reserved.

Type 'help' for a list of available commands.
Type 'help' followed by a command name for more
information on commands.

CPLEX> Specified objective sense: MINIMIZE
Selected objective  name:  line[1]
Selected RHS        name:  RHS
Selected bound      name:  BOUND
Problem '/tmp/cmpl.T10284.mps' read.
Read time = 0.06 sec. (11.94 ticks)
CPLEX> CPXPARAM_Read_APIEncoding                        "UTF-8"
Tried aggregator 3 times.
MIP Presolve eliminated 24064 rows and 37626 columns.
MIP Presolve modified 487 coefficients.
Aggregator did 777 substitutions.
Reduced MIP has 3336 rows, 5752 columns, and 18927 nonzeros.
Reduced MIP has 5542 binaries, 0 generals, 0 SOSs, and 0 indicators.
Presolve time = 0.07 sec. (59.03 ticks)
Probing time = 0.01 sec. (3.29 ticks)
Tried aggregator 2 times.
MIP Presolve eliminated 5 rows and 0 columns.
MIP Presolve modified 18 coefficients.
Aggregator did 3 substitutions.
Reduced MIP has 3328 rows, 5749 columns, and 18910 nonzeros.
Reduced MIP has 5749 binaries, 0 generals, 0 SOSs, and 0 indicators.
Presolve time = 0.02 sec. (17.02 ticks)
Probing time = 0.01 sec. (3.28 ticks)
Clique table members: 4816.
MIP emphasis: balance optimality and feasibility.
MIP search method: dynamic search.
Parallel mode: none, using 1 thread.
Root relaxation solution time = 0.02 sec. (18.23 ticks)

        Nodes                                         Cuts/
   Node  Left     Objective  IInf  Best Integer    Best Bound    ItCnt     Gap

      0     0     2374.1745    12                   2374.1745     1005         
*     0+    0                         2376.9174     2374.1745             0.12%
      0     0     2376.1228     1     2376.9174      Cuts: 26     1020    0.03%
*     0+    0                         2376.3313     2376.1228             0.01%
      0     0        cutoff           2376.3313     2376.1228     1020    0.01%
Elapsed time = 0.22 sec. (199.45 ticks, tree = 0.01 MB, solutions = 2)

GUB cover cuts applied:  1
Clique cuts applied:  2
Cover cuts applied:  15
Gomory fractional cuts applied:  8

Root node processing (before b&c):
  Real time             =    0.23 sec. (201.20 ticks)
Sequential b&c:
  Real time             =    0.00 sec. (0.00 ticks)
                          ------------
Total (root+branch&cut) =    0.23 sec. (201.20 ticks)

Solution pool: 2 solutions saved.

MIP - Integer optimal solution:  Objective =  2.3763312740e+03
Solution time =    0.23 sec.  Iterations = 1020  Nodes = 0
Deterministic time = 201.33 ticks  (883.17 ticks/sec)

CPLEX> Incumbent solution written to file '/tmp/cmpl.T10284.gsol'.
CPLEX> 
CMPL: Time used for model generation: 1 seconds
CMPL: Time used for solving the model: 1 seconds


Solution written to ASCII file: ../results/output_generated_conf_0.5/2016-10-03-5/equal.sol

Solver - finished
