CMPL model generation - running

CMPL version: 1.11.0
Authors: Thomas Schleiff, Mike Steglich
Distributed under the GPLv3 

create model instance ...
write model instance ...
CMPL model generation - finished

Solver - running


Welcome to IBM(R) ILOG(R) CPLEX(R) Interactive Optimizer 12.7.1.0
  with Simplex, Mixed Integer & Barrier Optimizers
5725-A06 5725-A29 5724-Y48 5724-Y49 5724-Y54 5724-Y55 5655-Y21
Copyright IBM Corp. 1988, 2017.  All Rights Reserved.

Type 'help' for a list of available commands.
Type 'help' followed by a command name for more
information on commands.

CPLEX> Specified objective sense: MINIMIZE
Selected objective  name:  line[1]
Selected RHS        name:  RHS
Selected bound      name:  BOUND
Problem '/tmp/cmpl.T10234.mps' read.
Read time = 0.06 sec. (10.97 ticks)
CPLEX> CPXPARAM_Read_APIEncoding                        "UTF-8"
Tried aggregator 3 times.
MIP Presolve eliminated 24069 rows and 37626 columns.
MIP Presolve modified 425 coefficients.
Aggregator did 780 substitutions.
Reduced MIP has 3158 rows, 4134 columns, and 12230 nonzeros.
Reduced MIP has 3924 binaries, 0 generals, 0 SOSs, and 0 indicators.
Presolve time = 0.06 sec. (51.76 ticks)
Found incumbent of value 9992.336862 after 0.09 sec. (76.03 ticks)
Probing fixed 10 vars, tightened 0 bounds.
Probing time = 0.01 sec. (5.37 ticks)
Tried aggregator 1 time.
MIP Presolve eliminated 0 rows and 10 columns.
MIP Presolve modified 52 coefficients.
Reduced MIP has 3158 rows, 4124 columns, and 12210 nonzeros.
Reduced MIP has 4124 binaries, 0 generals, 0 SOSs, and 0 indicators.
Presolve time = 0.01 sec. (10.26 ticks)
Probing time = 0.01 sec. (2.85 ticks)
Clique table members: 7436.
MIP emphasis: balance optimality and feasibility.
MIP search method: dynamic search.
Parallel mode: none, using 1 thread.
Root relaxation solution time = 0.01 sec. (6.38 ticks)

        Nodes                                         Cuts/
   Node  Left     Objective  IInf  Best Integer    Best Bound    ItCnt     Gap

*     0+    0                         9992.3369     -262.0524           102.62%
      0     0     2360.2292    10     9992.3369     2360.2292      201   76.38%
*     0+    0                         2362.5149     2360.2292             0.10%
      0     0     2362.2266     2     2362.5149      Cuts: 18      213    0.01%
*     0     0      integral     0     2362.2393       Cuts: 8      224    0.00%
      0     0        cutoff           2362.2393     2362.2393      224    0.00%
Elapsed time = 0.16 sec. (134.69 ticks, tree = 0.01 MB, solutions = 3)

GUB cover cuts applied:  1
Clique cuts applied:  2
Cover cuts applied:  15
Gomory fractional cuts applied:  8

Root node processing (before b&c):
  Real time             =    0.16 sec. (136.57 ticks)
Sequential b&c:
  Real time             =    0.00 sec. (0.00 ticks)
                          ------------
Total (root+branch&cut) =    0.16 sec. (136.57 ticks)

Solution pool: 3 solutions saved.

MIP - Integer optimal solution:  Objective =  2.3622392510e+03
Solution time =    0.16 sec.  Iterations = 224  Nodes = 0
Deterministic time = 136.69 ticks  (836.21 ticks/sec)

CPLEX> Incumbent solution written to file '/tmp/cmpl.T10234.gsol'.
CPLEX> 
CMPL: Time used for model generation: 1 seconds
CMPL: Time used for solving the model: 0 seconds


Solution written to ASCII file: ../results/output_generated_conf_0.5/2016-10-03-5/unequal.sol

Solver - finished
