CMPL model generation - running

CMPL version: 1.11.0
Authors: Thomas Schleiff, Mike Steglich
Distributed under the GPLv3 

create model instance ...
write model instance ...
CMPL model generation - finished

Solver - running


Welcome to IBM(R) ILOG(R) CPLEX(R) Interactive Optimizer 12.7.1.0
  with Simplex, Mixed Integer & Barrier Optimizers
5725-A06 5725-A29 5724-Y48 5724-Y49 5724-Y54 5724-Y55 5655-Y21
Copyright IBM Corp. 1988, 2017.  All Rights Reserved.

Type 'help' for a list of available commands.
Type 'help' followed by a command name for more
information on commands.

CPLEX> Specified objective sense: MINIMIZE
Selected objective  name:  line[1]
Selected RHS        name:  RHS
Selected bound      name:  BOUND
Problem '/tmp/cmpl.T10487.mps' read.
Read time = 0.05 sec. (9.67 ticks)
CPLEX> CPXPARAM_Read_APIEncoding                        "UTF-8"
Tried aggregator 3 times.
MIP Presolve eliminated 19204 rows and 30907 columns.
MIP Presolve modified 510 coefficients.
Aggregator did 701 substitutions.
Reduced MIP has 2705 rows, 4685 columns, and 15233 nonzeros.
Reduced MIP has 4517 binaries, 0 generals, 0 SOSs, and 0 indicators.
Presolve time = 0.06 sec. (51.12 ticks)
Probing fixed 19 vars, tightened 0 bounds.
Probing time = 0.01 sec. (7.88 ticks)
Tried aggregator 2 times.
MIP Presolve eliminated 3 rows and 19 columns.
MIP Presolve modified 111 coefficients.
Aggregator did 2 substitutions.
Reduced MIP has 2700 rows, 4664 columns, and 15185 nonzeros.
Reduced MIP has 4664 binaries, 0 generals, 0 SOSs, and 0 indicators.
Presolve time = 0.01 sec. (13.93 ticks)
Probing time = 0.01 sec. (3.01 ticks)
Clique table members: 9512.
MIP emphasis: balance optimality and feasibility.
MIP search method: dynamic search.
Parallel mode: none, using 1 thread.
Root relaxation solution time = 0.02 sec. (19.21 ticks)

        Nodes                                         Cuts/
   Node  Left     Objective  IInf  Best Integer    Best Bound    ItCnt     Gap

      0     0     3452.1408     3                   3452.1408     1194         
*     0+    0                         3492.2045     3452.1408             1.15%
*     0+    0                         3452.9980     3452.1408             0.02%
*     0     0      integral     0     3452.8870     3452.8870     1195    0.00%
Elapsed time = 0.21 sec. (174.92 ticks, tree = 0.01 MB, solutions = 3)

Root node processing (before b&c):
  Real time             =    0.21 sec. (176.60 ticks)
Sequential b&c:
  Real time             =    0.00 sec. (0.00 ticks)
                          ------------
Total (root+branch&cut) =    0.21 sec. (176.60 ticks)

Solution pool: 3 solutions saved.

MIP - Integer optimal solution:  Objective =  3.4528870150e+03
Solution time =    0.21 sec.  Iterations = 1195  Nodes = 0
Deterministic time = 176.70 ticks  (835.64 ticks/sec)

CPLEX> Incumbent solution written to file '/tmp/cmpl.T10487.gsol'.
CPLEX> 
CMPL: Time used for model generation: 0 seconds
CMPL: Time used for solving the model: 1 seconds


Solution written to ASCII file: ../results/output_generated_conf_0.7/2016-09-05-4/equal.sol

Solver - finished
