CMPL model generation - running

CMPL version: 1.11.0
Authors: Thomas Schleiff, Mike Steglich
Distributed under the GPLv3 

create model instance ...
write model instance ...
CMPL model generation - finished

Solver - running


Welcome to IBM(R) ILOG(R) CPLEX(R) Interactive Optimizer 12.7.1.0
  with Simplex, Mixed Integer & Barrier Optimizers
5725-A06 5725-A29 5724-Y48 5724-Y49 5724-Y54 5724-Y55 5655-Y21
Copyright IBM Corp. 1988, 2017.  All Rights Reserved.

Type 'help' for a list of available commands.
Type 'help' followed by a command name for more
information on commands.

CPLEX> Specified objective sense: MINIMIZE
Selected objective  name:  line[1]
Selected RHS        name:  RHS
Selected bound      name:  BOUND
Problem '/tmp/cmpl.T10438.mps' read.
Read time = 0.05 sec. (8.86 ticks)
CPLEX> CPXPARAM_Read_APIEncoding                        "UTF-8"
Tried aggregator 3 times.
MIP Presolve eliminated 19207 rows and 30567 columns.
MIP Presolve modified 340 coefficients.
Aggregator did 703 substitutions.
Reduced MIP has 2530 rows, 3408 columns, and 9930 nonzeros.
Reduced MIP has 3240 binaries, 0 generals, 0 SOSs, and 0 indicators.
Presolve time = 0.05 sec. (41.90 ticks)
Found incumbent of value 14525.222894 after 0.09 sec. (72.09 ticks)
Probing fixed 19 vars, tightened 0 bounds.
Probing time = 0.01 sec. (4.47 ticks)
Tried aggregator 1 time.
MIP Presolve eliminated 0 rows and 19 columns.
MIP Presolve modified 101 coefficients.
Reduced MIP has 2530 rows, 3389 columns, and 9892 nonzeros.
Reduced MIP has 3389 binaries, 0 generals, 0 SOSs, and 0 indicators.
Presolve time = 0.01 sec. (8.46 ticks)
Probing time = 0.01 sec. (2.71 ticks)
Clique table members: 6066.
MIP emphasis: balance optimality and feasibility.
MIP search method: dynamic search.
Parallel mode: none, using 1 thread.
Root relaxation solution time = 0.01 sec. (6.76 ticks)

        Nodes                                         Cuts/
   Node  Left     Objective  IInf  Best Integer    Best Bound    ItCnt     Gap

*     0+    0                        14525.2229     -161.6882           101.11%
      0     0     3440.6132     4    14525.2229     3440.6132      272   76.31%
*     0+    0                         3481.0622     3440.6132             1.16%
*     0+    0                         3441.7561     3440.6132             0.03%
      0     0     3441.3688     1     3441.7561       Cuts: 6      280    0.01%
*     0+    0                         3441.3692     3441.3688             0.00%
      0     0        cutoff           3441.3692     3441.3688      280    0.00%
Elapsed time = 0.14 sec. (118.52 ticks, tree = 0.01 MB, solutions = 4)

GUB cover cuts applied:  1
Cover cuts applied:  3
Gomory fractional cuts applied:  2

Root node processing (before b&c):
  Real time             =    0.15 sec. (120.28 ticks)
Sequential b&c:
  Real time             =    0.00 sec. (0.00 ticks)
                          ------------
Total (root+branch&cut) =    0.15 sec. (120.28 ticks)

Solution pool: 4 solutions saved.

MIP - Integer optimal solution:  Objective =  3.4413691650e+03
Solution time =    0.15 sec.  Iterations = 280  Nodes = 0
Deterministic time = 120.38 ticks  (816.11 ticks/sec)

CPLEX> Incumbent solution written to file '/tmp/cmpl.T10438.gsol'.
CPLEX> 
CMPL: Time used for model generation: 1 seconds
CMPL: Time used for solving the model: 0 seconds


Solution written to ASCII file: ../results/output_generated_conf_0.7/2016-09-05-4/unequal.sol

Solver - finished
