CMPL model generation - running

CMPL version: 1.11.0
Authors: Thomas Schleiff, Mike Steglich
Distributed under the GPLv3 

create model instance ...
write model instance ...
CMPL model generation - finished

Solver - running


Welcome to IBM(R) ILOG(R) CPLEX(R) Interactive Optimizer 12.7.1.0
  with Simplex, Mixed Integer & Barrier Optimizers
5725-A06 5725-A29 5724-Y48 5724-Y49 5724-Y54 5724-Y55 5655-Y21
Copyright IBM Corp. 1988, 2017.  All Rights Reserved.

Type 'help' for a list of available commands.
Type 'help' followed by a command name for more
information on commands.

CPLEX> Specified objective sense: MINIMIZE
Selected objective  name:  line[1]
Selected RHS        name:  RHS
Selected bound      name:  BOUND
Problem '/tmp/cmpl.T10384.mps' read.
Read time = 0.06 sec. (11.94 ticks)
CPLEX> CPXPARAM_Read_APIEncoding                        "UTF-8"
Tried aggregator 3 times.
MIP Presolve eliminated 24034 rows and 37560 columns.
MIP Presolve modified 506 coefficients.
Aggregator did 810 substitutions.
Reduced MIP has 3333 rows, 5785 columns, and 19020 nonzeros.
Reduced MIP has 5575 binaries, 0 generals, 0 SOSs, and 0 indicators.
Presolve time = 0.07 sec. (59.37 ticks)
Probing fixed 16 vars, tightened 0 bounds.
Probing time = 0.02 sec. (10.15 ticks)
Tried aggregator 2 times.
MIP Presolve eliminated 2 rows and 16 columns.
MIP Presolve modified 96 coefficients.
Aggregator did 1 substitutions.
Reduced MIP has 3330 rows, 5768 columns, and 18981 nonzeros.
Reduced MIP has 5768 binaries, 0 generals, 0 SOSs, and 0 indicators.
Presolve time = 0.02 sec. (17.15 ticks)
Probing time = 0.01 sec. (3.25 ticks)
Clique table members: 11784.
MIP emphasis: balance optimality and feasibility.
MIP search method: dynamic search.
Parallel mode: none, using 1 thread.
Root relaxation solution time = 0.02 sec. (20.43 ticks)

        Nodes                                         Cuts/
   Node  Left     Objective  IInf  Best Integer    Best Bound    ItCnt     Gap

      0     0     3012.7701     8                   3012.7701     1158         
*     0+    0                         3113.3808     3012.7701             3.23%
*     0+    0                         3014.5986     3012.7701             0.06%
      0     0     3014.0576     1     3014.5986      Cuts: 16     1173    0.02%
*     0+    0                         3014.1728     3014.0576             0.00%
      0     0        cutoff           3014.1728     3014.0576     1173    0.00%
Elapsed time = 0.26 sec. (210.55 ticks, tree = 0.01 MB, solutions = 3)

GUB cover cuts applied:  2
Clique cuts applied:  1
Cover cuts applied:  8
Gomory fractional cuts applied:  5

Root node processing (before b&c):
  Real time             =    0.26 sec. (212.60 ticks)
Sequential b&c:
  Real time             =    0.00 sec. (0.00 ticks)
                          ------------
Total (root+branch&cut) =    0.26 sec. (212.60 ticks)

Solution pool: 3 solutions saved.

MIP - Integer optimal solution:  Objective =  3.0141727670e+03
Solution time =    0.26 sec.  Iterations = 1173  Nodes = 0
Deterministic time = 212.73 ticks  (819.24 ticks/sec)

CPLEX> Incumbent solution written to file '/tmp/cmpl.T10384.gsol'.
CPLEX> 
CMPL: Time used for model generation: 1 seconds
CMPL: Time used for solving the model: 1 seconds


Solution written to ASCII file: ../results/output_generated_conf_0.6/2016-08-01-5/equal.sol

Solver - finished
