CMPL model generation - running

CMPL version: 1.11.0
Authors: Thomas Schleiff, Mike Steglich
Distributed under the GPLv3 

create model instance ...
write model instance ...
CMPL model generation - finished

Solver - running


Welcome to IBM(R) ILOG(R) CPLEX(R) Interactive Optimizer 12.7.1.0
  with Simplex, Mixed Integer & Barrier Optimizers
5725-A06 5725-A29 5724-Y48 5724-Y49 5724-Y54 5724-Y55 5655-Y21
Copyright IBM Corp. 1988, 2017.  All Rights Reserved.

Type 'help' for a list of available commands.
Type 'help' followed by a command name for more
information on commands.

CPLEX> Specified objective sense: MINIMIZE
Selected objective  name:  line[1]
Selected RHS        name:  RHS
Selected bound      name:  BOUND
Problem '/tmp/cmpl.T10333.mps' read.
Read time = 0.06 sec. (10.98 ticks)
CPLEX> CPXPARAM_Read_APIEncoding                        "UTF-8"
Tried aggregator 3 times.
MIP Presolve eliminated 24036 rows and 37560 columns.
MIP Presolve modified 425 coefficients.
Aggregator did 811 substitutions.
Reduced MIP has 3160 rows, 4169 columns, and 12333 nonzeros.
Reduced MIP has 3959 binaries, 0 generals, 0 SOSs, and 0 indicators.
Presolve time = 0.06 sec. (51.83 ticks)
Found incumbent of value 15918.659061 after 0.11 sec. (100.18 ticks)
Probing fixed 16 vars, tightened 0 bounds.
Probing time = 0.01 sec. (5.43 ticks)
Tried aggregator 1 time.
MIP Presolve eliminated 0 rows and 16 columns.
MIP Presolve modified 89 coefficients.
Reduced MIP has 3160 rows, 4153 columns, and 12301 nonzeros.
Reduced MIP has 4153 binaries, 0 generals, 0 SOSs, and 0 indicators.
Presolve time = 0.01 sec. (10.40 ticks)
Probing time = 0.01 sec. (2.85 ticks)
Clique table members: 7576.
MIP emphasis: balance optimality and feasibility.
MIP search method: dynamic search.
Parallel mode: none, using 1 thread.
Root relaxation solution time = 0.01 sec. (7.30 ticks)

        Nodes                                         Cuts/
   Node  Left     Objective  IInf  Best Integer    Best Bound    ItCnt     Gap

*     0+    0                        15918.6591     -261.1205           101.64%
      0     0     2998.4300     7    15918.6591     2998.4300      264   81.16%
*     0+    0                         3059.1901     2998.4300             1.99%
*     0+    0                         3000.0300     2998.4300             0.05%
*     0     0      integral     0     2999.7773      Cuts: 12      271    0.00%
      0     0        cutoff           2999.7773     2999.7773      271    0.00%
Elapsed time = 0.17 sec. (150.49 ticks, tree = 0.01 MB, solutions = 4)

GUB cover cuts applied:  1
Cover cuts applied:  7
Gomory fractional cuts applied:  4

Root node processing (before b&c):
  Real time             =    0.18 sec. (152.66 ticks)
Sequential b&c:
  Real time             =    0.00 sec. (0.00 ticks)
                          ------------
Total (root+branch&cut) =    0.18 sec. (152.66 ticks)

Solution pool: 4 solutions saved.

MIP - Integer optimal solution:  Objective =  2.9997772560e+03
Solution time =    0.18 sec.  Iterations = 271  Nodes = 0
Deterministic time = 152.78 ticks  (854.33 ticks/sec)

CPLEX> Incumbent solution written to file '/tmp/cmpl.T10333.gsol'.
CPLEX> 
CMPL: Time used for model generation: 1 seconds
CMPL: Time used for solving the model: 1 seconds


Solution written to ASCII file: ../results/output_generated_conf_0.6/2016-08-01-5/unequal.sol

Solver - finished
