CMPL model generation - running

CMPL version: 1.11.0
Authors: Thomas Schleiff, Mike Steglich
Distributed under the GPLv3 

create model instance ...
write model instance ...
CMPL model generation - finished

Solver - running


Welcome to IBM(R) ILOG(R) CPLEX(R) Interactive Optimizer 12.7.1.0
  with Simplex, Mixed Integer & Barrier Optimizers
5725-A06 5725-A29 5724-Y48 5724-Y49 5724-Y54 5724-Y55 5655-Y21
Copyright IBM Corp. 1988, 2017.  All Rights Reserved.

Type 'help' for a list of available commands.
Type 'help' followed by a command name for more
information on commands.

CPLEX> Specified objective sense: MINIMIZE
Selected objective  name:  line[1]
Selected RHS        name:  RHS
Selected bound      name:  BOUND
Problem '/tmp/cmpl.T11540.mps' read.
Read time = 0.05 sec. (8.91 ticks)
CPLEX> CPXPARAM_Read_APIEncoding                        "UTF-8"
Tried aggregator 3 times.
MIP Presolve eliminated 18714 rows and 29581 columns.
MIP Presolve modified 340 coefficients.
Aggregator did 1178 substitutions.
Reduced MIP has 2548 rows, 3919 columns, and 11453 nonzeros.
Reduced MIP has 3751 binaries, 0 generals, 0 SOSs, and 0 indicators.
Presolve time = 0.05 sec. (43.25 ticks)
Found incumbent of value 33319.800086 after 0.13 sec. (101.91 ticks)
Probing time = 0.01 sec. (2.71 ticks)
Tried aggregator 1 time.
MIP Presolve eliminated 0 rows and 12 columns.
Reduced MIP has 2548 rows, 3907 columns, and 11429 nonzeros.
Reduced MIP has 3907 binaries, 0 generals, 0 SOSs, and 0 indicators.
Presolve time = 0.01 sec. (9.40 ticks)
Probing time = 0.01 sec. (2.82 ticks)
Clique table members: 3301.
MIP emphasis: balance optimality and feasibility.
MIP search method: dynamic search.
Parallel mode: none, using 1 thread.
Root relaxation solution time = 0.02 sec. (16.76 ticks)

        Nodes                                         Cuts/
   Node  Left     Objective  IInf  Best Integer    Best Bound    ItCnt     Gap

*     0+    0                        33319.8001        0.0000           100.00%
*     0     0      integral     0    12914.2859    12914.2859      984    0.00%
Elapsed time = 0.19 sec. (141.61 ticks, tree = 0.00 MB, solutions = 2)

Root node processing (before b&c):
  Real time             =    0.19 sec. (142.93 ticks)
Sequential b&c:
  Real time             =    0.00 sec. (0.00 ticks)
                          ------------
Total (root+branch&cut) =    0.19 sec. (142.93 ticks)

Solution pool: 2 solutions saved.

MIP - Integer optimal solution:  Objective =  1.2914285940e+04
Solution time =    0.19 sec.  Iterations = 984  Nodes = 0
Deterministic time = 143.03 ticks  (747.18 ticks/sec)

CPLEX> Incumbent solution written to file '/tmp/cmpl.T11540.gsol'.
CPLEX> 
CMPL: Time used for model generation: 1 seconds
CMPL: Time used for solving the model: 1 seconds


Solution written to ASCII file: ../results/output_generated_rate_0.6/2016-07-04-4/unequal.sol

Solver - finished
