CMPL model generation - running

CMPL version: 1.11.0
Authors: Thomas Schleiff, Mike Steglich
Distributed under the GPLv3 

create model instance ...
write model instance ...
CMPL model generation - finished

Solver - running


Welcome to IBM(R) ILOG(R) CPLEX(R) Interactive Optimizer 12.7.1.0
  with Simplex, Mixed Integer & Barrier Optimizers
5725-A06 5725-A29 5724-Y48 5724-Y49 5724-Y54 5724-Y55 5655-Y21
Copyright IBM Corp. 1988, 2017.  All Rights Reserved.

Type 'help' for a list of available commands.
Type 'help' followed by a command name for more
information on commands.

CPLEX> Specified objective sense: MINIMIZE
Selected objective  name:  line[1]
Selected RHS        name:  RHS
Selected bound      name:  BOUND
Problem '/tmp/cmpl.T10515.mps' read.
Read time = 0.06 sec. (11.95 ticks)
CPLEX> CPXPARAM_Read_APIEncoding                        "UTF-8"
Tried aggregator 3 times.
MIP Presolve eliminated 23954 rows and 37399 columns.
MIP Presolve modified 537 coefficients.
Aggregator did 874 substitutions.
Reduced MIP has 3349 rows, 5882 columns, and 19299 nonzeros.
Reduced MIP has 5672 binaries, 0 generals, 0 SOSs, and 0 indicators.
Presolve time = 0.07 sec. (59.79 ticks)
Found incumbent of value 29795.082521 after 0.12 sec. (102.86 ticks)
Probing fixed 18 vars, tightened 0 bounds.
Probing time = 0.02 sec. (10.35 ticks)
Tried aggregator 1 time.
MIP Presolve eliminated 0 rows and 18 columns.
MIP Presolve modified 111 coefficients.
Reduced MIP has 3349 rows, 5864 columns, and 19263 nonzeros.
Reduced MIP has 5864 binaries, 0 generals, 0 SOSs, and 0 indicators.
Presolve time = 0.02 sec. (14.11 ticks)
Probing time = 0.01 sec. (3.27 ticks)
Clique table members: 11966.
MIP emphasis: balance optimality and feasibility.
MIP search method: dynamic search.
Parallel mode: none, using 1 thread.
Root relaxation solution time = 0.04 sec. (20.72 ticks)

        Nodes                                         Cuts/
   Node  Left     Objective  IInf  Best Integer    Best Bound    ItCnt     Gap

*     0+    0                        29795.0825      -40.1929           100.13%
      0     0     4556.3939     1    29795.0825     4556.3939     1178   84.71%
*     0+    0                         4576.3306     4556.3939             0.44%
*     0+    0                         4556.6225     4556.3939             0.01%
      0     0        cutoff           4556.6225     4556.3939     1178    0.01%
Elapsed time = 0.25 sec. (173.93 ticks, tree = 0.01 MB, solutions = 3)

Root node processing (before b&c):
  Real time             =    0.26 sec. (175.98 ticks)
Sequential b&c:
  Real time             =    0.00 sec. (0.00 ticks)
                          ------------
Total (root+branch&cut) =    0.26 sec. (175.98 ticks)

Solution pool: 3 solutions saved.

MIP - Integer optimal solution:  Objective =  4.5566224930e+03
Solution time =    0.26 sec.  Iterations = 1178  Nodes = 0
Deterministic time = 176.11 ticks  (682.66 ticks/sec)

CPLEX> Incumbent solution written to file '/tmp/cmpl.T10515.gsol'.
CPLEX> 
CMPL: Time used for model generation: 1 seconds
CMPL: Time used for solving the model: 1 seconds


Solution written to ASCII file: ../results/output_generated_conf_0.7/2017-10-02-5/equal.sol

Solver - finished
