CMPL model generation - running

CMPL version: 1.11.0
Authors: Thomas Schleiff, Mike Steglich
Distributed under the GPLv3 

create model instance ...
write model instance ...
CMPL model generation - finished

Solver - running


Welcome to IBM(R) ILOG(R) CPLEX(R) Interactive Optimizer 12.7.1.0
  with Simplex, Mixed Integer & Barrier Optimizers
5725-A06 5725-A29 5724-Y48 5724-Y49 5724-Y54 5724-Y55 5655-Y21
Copyright IBM Corp. 1988, 2017.  All Rights Reserved.

Type 'help' for a list of available commands.
Type 'help' followed by a command name for more
information on commands.

CPLEX> Specified objective sense: MINIMIZE
Selected objective  name:  line[1]
Selected RHS        name:  RHS
Selected bound      name:  BOUND
Problem '/tmp/cmpl.T10464.mps' read.
Read time = 0.06 sec. (10.98 ticks)
CPLEX> CPXPARAM_Read_APIEncoding                        "UTF-8"
Tried aggregator 3 times.
MIP Presolve eliminated 23954 rows and 37399 columns.
MIP Presolve modified 425 coefficients.
Aggregator did 874 substitutions.
Reduced MIP has 3179 rows, 4267 columns, and 12619 nonzeros.
Reduced MIP has 4057 binaries, 0 generals, 0 SOSs, and 0 indicators.
Presolve time = 0.06 sec. (52.05 ticks)
Found incumbent of value 22718.875774 after 0.13 sec. (104.56 ticks)
Probing fixed 18 vars, tightened 0 bounds.
Probing time = 0.01 sec. (5.61 ticks)
Tried aggregator 1 time.
MIP Presolve eliminated 0 rows and 18 columns.
MIP Presolve modified 111 coefficients.
Reduced MIP has 3179 rows, 4249 columns, and 12583 nonzeros.
Reduced MIP has 4249 binaries, 0 generals, 0 SOSs, and 0 indicators.
Presolve time = 0.01 sec. (10.61 ticks)
Probing time = 0.01 sec. (2.87 ticks)
Clique table members: 7739.
MIP emphasis: balance optimality and feasibility.
MIP search method: dynamic search.
Parallel mode: none, using 1 thread.
Root relaxation solution time = 0.01 sec. (8.71 ticks)

        Nodes                                         Cuts/
   Node  Left     Objective  IInf  Best Integer    Best Bound    ItCnt     Gap

*     0+    0                        22718.8758      -40.1929           100.18%
      0     0     4543.1286     1    22718.8758     4543.1286      365   80.00%
*     0+    0                         4563.1109     4543.1286             0.44%
*     0+    0                         4543.3571     4543.1286             0.01%
      0     0        cutoff           4543.3571     4543.1286      365    0.01%
Elapsed time = 0.19 sec. (149.06 ticks, tree = 0.01 MB, solutions = 3)

Root node processing (before b&c):
  Real time             =    0.19 sec. (150.94 ticks)
Sequential b&c:
  Real time             =    0.00 sec. (0.00 ticks)
                          ------------
Total (root+branch&cut) =    0.19 sec. (150.94 ticks)

Solution pool: 3 solutions saved.

MIP - Integer optimal solution:  Objective =  4.5433571490e+03
Solution time =    0.19 sec.  Iterations = 365  Nodes = 0
Deterministic time = 151.07 ticks  (786.48 ticks/sec)

CPLEX> Incumbent solution written to file '/tmp/cmpl.T10464.gsol'.
CPLEX> 
CMPL: Time used for model generation: 1 seconds
CMPL: Time used for solving the model: 1 seconds


Solution written to ASCII file: ../results/output_generated_conf_0.7/2017-10-02-5/unequal.sol

Solver - finished
