CMPL model generation - running

CMPL version: 1.11.0
Authors: Thomas Schleiff, Mike Steglich
Distributed under the GPLv3 

create model instance ...
write model instance ...
CMPL model generation - finished

Solver - running


Welcome to IBM(R) ILOG(R) CPLEX(R) Interactive Optimizer 12.7.1.0
  with Simplex, Mixed Integer & Barrier Optimizers
5725-A06 5725-A29 5724-Y48 5724-Y49 5724-Y54 5724-Y55 5655-Y21
Copyright IBM Corp. 1988, 2017.  All Rights Reserved.

Type 'help' for a list of available commands.
Type 'help' followed by a command name for more
information on commands.

CPLEX> Specified objective sense: MINIMIZE
Selected objective  name:  line[1]
Selected RHS        name:  RHS
Selected bound      name:  BOUND
Problem '/tmp/cmpl.T10701.mps' read.
Read time = 0.07 sec. (9.69 ticks)
CPLEX> CPXPARAM_Read_APIEncoding                        "UTF-8"
Tried aggregator 3 times.
MIP Presolve eliminated 18991 rows and 30479 columns.
MIP Presolve modified 622 coefficients.
Aggregator did 900 substitutions.
Reduced MIP has 2719 rows, 4914 columns, and 15910 nonzeros.
Reduced MIP has 4746 binaries, 0 generals, 0 SOSs, and 0 indicators.
Presolve time = 0.10 sec. (52.59 ticks)
Probing time = 0.01 sec. (3.06 ticks)
Tried aggregator 2 times.
MIP Presolve eliminated 2 rows and 2 columns.
MIP Presolve modified 6 coefficients.
Aggregator did 1 substitutions.
Reduced MIP has 2716 rows, 4911 columns, and 15899 nonzeros.
Reduced MIP has 4911 binaries, 0 generals, 0 SOSs, and 0 indicators.
Presolve time = 0.02 sec. (14.38 ticks)
Probing time = 0.01 sec. (3.12 ticks)
Clique table members: 3406.
MIP emphasis: balance optimality and feasibility.
MIP search method: dynamic search.
Parallel mode: none, using 1 thread.
Root relaxation solution time = 0.02 sec. (20.93 ticks)

        Nodes                                         Cuts/
   Node  Left     Objective  IInf  Best Integer    Best Bound    ItCnt     Gap

*     0     0      integral     0     7534.0929     7534.0929     1255    0.00%
Elapsed time = 0.27 sec. (160.16 ticks, tree = 0.00 MB, solutions = 1)

Root node processing (before b&c):
  Real time             =    0.27 sec. (161.33 ticks)
Sequential b&c:
  Real time             =    0.00 sec. (0.00 ticks)
                          ------------
Total (root+branch&cut) =    0.27 sec. (161.33 ticks)

Solution pool: 1 solution saved.

MIP - Integer optimal solution:  Objective =  7.5340929120e+03
Solution time =    0.27 sec.  Iterations = 1255  Nodes = 0
Deterministic time = 161.43 ticks  (600.13 ticks/sec)

CPLEX> Incumbent solution written to file '/tmp/cmpl.T10701.gsol'.
CPLEX> 
CMPL: Time used for model generation: 1 seconds
CMPL: Time used for solving the model: 2 seconds


Solution written to ASCII file: ../results/output_generated_conf_0.9/2017-02-06-4/equal.sol

Solver - finished
