CMPL model generation - running

CMPL version: 1.11.0
Authors: Thomas Schleiff, Mike Steglich
Distributed under the GPLv3 

create model instance ...
write model instance ...
CMPL model generation - finished

Solver - running


Welcome to IBM(R) ILOG(R) CPLEX(R) Interactive Optimizer 12.7.1.0
  with Simplex, Mixed Integer & Barrier Optimizers
5725-A06 5725-A29 5724-Y48 5724-Y49 5724-Y54 5724-Y55 5655-Y21
Copyright IBM Corp. 1988, 2017.  All Rights Reserved.

Type 'help' for a list of available commands.
Type 'help' followed by a command name for more
information on commands.

CPLEX> Specified objective sense: MINIMIZE
Selected objective  name:  line[1]
Selected RHS        name:  RHS
Selected bound      name:  BOUND
Problem '/tmp/cmpl.T15598.mps' read.
Read time = 0.05 sec. (9.65 ticks)
CPLEX> CPXPARAM_Read_APIEncoding                        "UTF-8"
Tried aggregator 3 times.
MIP Presolve eliminated 19400 rows and 31270 columns.
MIP Presolve modified 420 coefficients.
Aggregator did 588 substitutions.
Reduced MIP has 2622 rows, 4435 columns, and 14541 nonzeros.
Reduced MIP has 4267 binaries, 0 generals, 0 SOSs, and 0 indicators.
Presolve time = 0.07 sec. (51.50 ticks)
Found incumbent of value 16500.085713 after 0.11 sec. (84.55 ticks)
Probing fixed 5 vars, tightened 0 bounds.
Probing time = 0.01 sec. (7.22 ticks)
Tried aggregator 1 time.
MIP Presolve eliminated 0 rows and 5 columns.
MIP Presolve modified 21 coefficients.
Reduced MIP has 2622 rows, 4430 columns, and 14531 nonzeros.
Reduced MIP has 4430 binaries, 0 generals, 0 SOSs, and 0 indicators.
Presolve time = 0.01 sec. (11.06 ticks)
Probing time = 0.01 sec. (2.99 ticks)
Clique table members: 7951.
MIP emphasis: balance optimality and feasibility.
MIP search method: dynamic search.
Parallel mode: none, using 1 thread.
Root relaxation solution time = 0.02 sec. (17.32 ticks)

        Nodes                                         Cuts/
   Node  Left     Objective  IInf  Best Integer    Best Bound    ItCnt     Gap

*     0+    0                        16500.0857        0.0000           100.00%
      0     0        9.5429    16    16500.0857        9.5429      772   99.94%
*     0+    0                            9.5429        9.5429             0.00%
      0     0        cutoff              9.5429        9.5429      772    0.00%
Elapsed time = 0.20 sec. (168.99 ticks, tree = 0.01 MB, solutions = 2)

Root node processing (before b&c):
  Real time             =    0.20 sec. (170.42 ticks)
Sequential b&c:
  Real time             =    0.00 sec. (0.00 ticks)
                          ------------
Total (root+branch&cut) =    0.20 sec. (170.42 ticks)

Solution pool: 2 solutions saved.

MIP - Integer optimal solution:  Objective =  9.5428800000e+00
Solution time =    0.20 sec.  Iterations = 772  Nodes = 0
Deterministic time = 170.52 ticks  (835.00 ticks/sec)

CPLEX> Incumbent solution written to file '/tmp/cmpl.T15598.gsol'.
CPLEX> 
CMPL: Time used for model generation: 1 seconds
CMPL: Time used for solving the model: 1 seconds


Solution written to ASCII file: ../results/results_unfair_conf_0/2017-04-03-4/equal-unfair.sol

Solver - finished
