CMPL model generation - running

CMPL version: 1.11.0
Authors: Thomas Schleiff, Mike Steglich
Distributed under the GPLv3 

create model instance ...
write model instance ...
CMPL model generation - finished

Solver - running


Welcome to IBM(R) ILOG(R) CPLEX(R) Interactive Optimizer 12.7.1.0
  with Simplex, Mixed Integer & Barrier Optimizers
5725-A06 5725-A29 5724-Y48 5724-Y49 5724-Y54 5724-Y55 5655-Y21
Copyright IBM Corp. 1988, 2017.  All Rights Reserved.

Type 'help' for a list of available commands.
Type 'help' followed by a command name for more
information on commands.

CPLEX> Specified objective sense: MINIMIZE
Selected objective  name:  line[1]
Selected RHS        name:  RHS
Selected bound      name:  BOUND
Problem '/tmp/cmpl.T10462.mps' read.
Read time = 0.05 sec. (8.86 ticks)
CPLEX> CPXPARAM_Read_APIEncoding                        "UTF-8"
Tried aggregator 3 times.
MIP Presolve eliminated 19230 rows and 30607 columns.
MIP Presolve modified 340 coefficients.
Aggregator did 681 substitutions.
Reduced MIP has 2529 rows, 3390 columns, and 9872 nonzeros.
Reduced MIP has 3222 binaries, 0 generals, 0 SOSs, and 0 indicators.
Presolve time = 0.05 sec. (41.85 ticks)
Found incumbent of value 12082.842486 after 0.07 sec. (62.88 ticks)
Probing fixed 14 vars, tightened 0 bounds.
Probing time = 0.01 sec. (4.46 ticks)
Tried aggregator 1 time.
MIP Presolve eliminated 0 rows and 14 columns.
MIP Presolve modified 74 coefficients.
Reduced MIP has 2529 rows, 3376 columns, and 9844 nonzeros.
Reduced MIP has 3376 binaries, 0 generals, 0 SOSs, and 0 indicators.
Presolve time = 0.01 sec. (8.38 ticks)
Probing time = 0.01 sec. (2.70 ticks)
Clique table members: 6062.
MIP emphasis: balance optimality and feasibility.
MIP search method: dynamic search.
Parallel mode: none, using 1 thread.
Root relaxation solution time = 0.01 sec. (6.40 ticks)

        Nodes                                         Cuts/
   Node  Left     Objective  IInf  Best Integer    Best Bound    ItCnt     Gap

*     0+    0                        12082.8425     -261.9941           102.17%
      0     0     3061.3303     4    12082.8425     3061.3303      265   74.66%
*     0+    0                         3101.3097     3061.3303             1.29%
*     0+    0                         3062.4732     3061.3303             0.04%
*     0     0      integral     0     3061.9803       Cuts: 9      268    0.00%
      0     0        cutoff           3061.9803     3061.9803      268    0.00%
Elapsed time = 0.13 sec. (104.56 ticks, tree = 0.01 MB, solutions = 4)

Clique cuts applied:  3
Cover cuts applied:  4
Gomory fractional cuts applied:  2

Root node processing (before b&c):
  Real time             =    0.13 sec. (106.32 ticks)
Sequential b&c:
  Real time             =    0.00 sec. (0.00 ticks)
                          ------------
Total (root+branch&cut) =    0.13 sec. (106.32 ticks)

Solution pool: 4 solutions saved.

MIP - Integer optimal solution:  Objective =  3.0619802560e+03
Solution time =    0.13 sec.  Iterations = 268  Nodes = 0
Deterministic time = 106.42 ticks  (806.73 ticks/sec)

CPLEX> Incumbent solution written to file '/tmp/cmpl.T10462.gsol'.
CPLEX> 
CMPL: Time used for model generation: 1 seconds
CMPL: Time used for solving the model: 0 seconds


Solution written to ASCII file: ../results/output_generated_conf_0.7/2017-09-04-4/unequal.sol

Solver - finished
