CMPL model generation - running

CMPL version: 1.11.0
Authors: Thomas Schleiff, Mike Steglich
Distributed under the GPLv3 

create model instance ...
write model instance ...
CMPL model generation - finished

Solver - running


Welcome to IBM(R) ILOG(R) CPLEX(R) Interactive Optimizer 12.7.1.0
  with Simplex, Mixed Integer & Barrier Optimizers
5725-A06 5725-A29 5724-Y48 5724-Y49 5724-Y54 5724-Y55 5655-Y21
Copyright IBM Corp. 1988, 2017.  All Rights Reserved.

Type 'help' for a list of available commands.
Type 'help' followed by a command name for more
information on commands.

CPLEX> Specified objective sense: MINIMIZE
Selected objective  name:  line[1]
Selected RHS        name:  RHS
Selected bound      name:  BOUND
Problem '/tmp/cmpl.T10031.mps' read.
Read time = 0.06 sec. (10.97 ticks)
CPLEX> CPXPARAM_Read_APIEncoding                        "UTF-8"
Tried aggregator 3 times.
MIP Presolve eliminated 24133 rows and 37748 columns.
MIP Presolve modified 425 coefficients.
Aggregator did 739 substitutions.
Reduced MIP has 3135 rows, 4053 columns, and 12007 nonzeros.
Reduced MIP has 3843 binaries, 0 generals, 0 SOSs, and 0 indicators.
Presolve time = 0.06 sec. (51.58 ticks)
Found incumbent of value 6907.852630 after 0.10 sec. (72.86 ticks)
Probing fixed 10 vars, tightened 0 bounds.
Probing time = 0.01 sec. (5.18 ticks)
Tried aggregator 1 time.
MIP Presolve eliminated 0 rows and 10 columns.
MIP Presolve modified 56 coefficients.
Reduced MIP has 3135 rows, 4043 columns, and 11987 nonzeros.
Reduced MIP has 4043 binaries, 0 generals, 0 SOSs, and 0 indicators.
Presolve time = 0.01 sec. (10.15 ticks)
Probing time = 0.01 sec. (2.84 ticks)
Clique table members: 7277.
MIP emphasis: balance optimality and feasibility.
MIP search method: dynamic search.
Parallel mode: none, using 1 thread.
Root relaxation solution time = 0.01 sec. (5.64 ticks)

        Nodes                                         Cuts/
   Node  Left     Objective  IInf  Best Integer    Best Bound    ItCnt     Gap

*     0+    0                         6907.8526     -320.7193           104.64%
      0     0     1304.8371    12     6907.8526     1304.8371      129   81.11%
*     0+    0                         1524.7666     1304.8371            14.42%
*     0+    0                         1307.5799     1304.8371             0.21%
      0     0        cutoff           1307.5799                    133    0.00%
Elapsed time = 0.17 sec. (122.87 ticks, tree = 0.01 MB, solutions = 3)

Clique cuts applied:  4
Cover cuts applied:  8
Gomory fractional cuts applied:  4

Root node processing (before b&c):
  Real time             =    0.17 sec. (124.75 ticks)
Sequential b&c:
  Real time             =    0.00 sec. (0.00 ticks)
                          ------------
Total (root+branch&cut) =    0.17 sec. (124.75 ticks)

Solution pool: 3 solutions saved.

MIP - Integer optimal solution:  Objective =  1.3075799250e+03
Solution time =    0.17 sec.  Iterations = 133  Nodes = 0
Deterministic time = 124.88 ticks  (730.21 ticks/sec)

CPLEX> Incumbent solution written to file '/tmp/cmpl.T10031.gsol'.
CPLEX> 
CMPL: Time used for model generation: 1 seconds
CMPL: Time used for solving the model: 1 seconds


Solution written to ASCII file: ../results/output_generated_conf_0.3/2016-10-03-5/unequal.sol

Solver - finished
