CMPL model generation - running

CMPL version: 1.11.0
Authors: Thomas Schleiff, Mike Steglich
Distributed under the GPLv3 

create model instance ...
write model instance ...
CMPL model generation - finished

Solver - running


Welcome to IBM(R) ILOG(R) CPLEX(R) Interactive Optimizer 12.7.1.0
  with Simplex, Mixed Integer & Barrier Optimizers
5725-A06 5725-A29 5724-Y48 5724-Y49 5724-Y54 5724-Y55 5655-Y21
Copyright IBM Corp. 1988, 2017.  All Rights Reserved.

Type 'help' for a list of available commands.
Type 'help' followed by a command name for more
information on commands.

CPLEX> Specified objective sense: MINIMIZE
Selected objective  name:  line[1]
Selected RHS        name:  RHS
Selected bound      name:  BOUND
Problem '/tmp/cmpl.T10075.mps' read.
Read time = 0.05 sec. (9.66 ticks)
CPLEX> CPXPARAM_Read_APIEncoding                        "UTF-8"
Tried aggregator 3 times.
MIP Presolve eliminated 19347 rows and 31174 columns.
MIP Presolve modified 440 coefficients.
Aggregator did 610 substitutions.
Reduced MIP has 2653 rows, 4509 columns, and 14731 nonzeros.
Reduced MIP has 4341 binaries, 0 generals, 0 SOSs, and 0 indicators.
Presolve time = 0.06 sec. (53.29 ticks)
Probing fixed 9 vars, tightened 0 bounds.
Probing time = 0.01 sec. (7.50 ticks)
Tried aggregator 1 time.
MIP Presolve eliminated 0 rows and 9 columns.
MIP Presolve modified 35 coefficients.
Reduced MIP has 2653 rows, 4500 columns, and 14713 nonzeros.
Reduced MIP has 4500 binaries, 0 generals, 0 SOSs, and 0 indicators.
Presolve time = 0.01 sec. (10.72 ticks)
Probing time = 0.01 sec. (3.00 ticks)
Clique table members: 8982.
MIP emphasis: balance optimality and feasibility.
MIP search method: dynamic search.
Parallel mode: none, using 1 thread.
Root relaxation solution time = 0.01 sec. (13.60 ticks)

        Nodes                                         Cuts/
   Node  Left     Objective  IInf  Best Integer    Best Bound    ItCnt     Gap

      0     0     1024.9925    20                   1024.9925      754         
*     0+    0                         1030.7068     1024.9925             0.55%
      0     0     1030.3948     1     1030.7068      Cuts: 26      765    0.03%
*     0+    0                         1030.6741     1030.3948             0.03%
      0     0        cutoff           1030.6741                    765    0.00%
Elapsed time = 0.19 sec. (169.50 ticks, tree = 0.01 MB, solutions = 2)

Clique cuts applied:  5
Cover cuts applied:  14
Gomory fractional cuts applied:  7

Root node processing (before b&c):
  Real time             =    0.19 sec. (170.93 ticks)
Sequential b&c:
  Real time             =    0.00 sec. (0.00 ticks)
                          ------------
Total (root+branch&cut) =    0.19 sec. (170.93 ticks)

Solution pool: 2 solutions saved.

MIP - Integer optimal solution:  Objective =  1.0306741220e+03
Solution time =    0.19 sec.  Iterations = 765  Nodes = 0
Deterministic time = 171.04 ticks  (887.24 ticks/sec)

CPLEX> Incumbent solution written to file '/tmp/cmpl.T10075.gsol'.
CPLEX> 
CMPL: Time used for model generation: 1 seconds
CMPL: Time used for solving the model: 1 seconds


Solution written to ASCII file: ../results/output_generated_conf_0.3/2016-07-04-4/equal.sol

Solver - finished
