CMPL model generation - running

CMPL version: 1.11.0
Authors: Thomas Schleiff, Mike Steglich
Distributed under the GPLv3 

create model instance ...
write model instance ...
CMPL model generation - finished

Solver - running


Welcome to IBM(R) ILOG(R) CPLEX(R) Interactive Optimizer 12.7.1.0
  with Simplex, Mixed Integer & Barrier Optimizers
5725-A06 5725-A29 5724-Y48 5724-Y49 5724-Y54 5724-Y55 5655-Y21
Copyright IBM Corp. 1988, 2017.  All Rights Reserved.

Type 'help' for a list of available commands.
Type 'help' followed by a command name for more
information on commands.

CPLEX> Specified objective sense: MINIMIZE
Selected objective  name:  line[1]
Selected RHS        name:  RHS
Selected bound      name:  BOUND
Problem '/tmp/cmpl.T10025.mps' read.
Read time = 0.06 sec. (8.85 ticks)
CPLEX> CPXPARAM_Read_APIEncoding                        "UTF-8"
Tried aggregator 3 times.
MIP Presolve eliminated 19347 rows and 30834 columns.
MIP Presolve modified 340 coefficients.
Aggregator did 610 substitutions.
Reduced MIP has 2483 rows, 3234 columns, and 9438 nonzeros.
Reduced MIP has 3066 binaries, 0 generals, 0 SOSs, and 0 indicators.
Presolve time = 0.05 sec. (44.38 ticks)
Found incumbent of value 5437.919800 after 0.07 sec. (60.85 ticks)
Probing fixed 9 vars, tightened 0 bounds.
Probing time = 0.01 sec. (4.16 ticks)
Tried aggregator 1 time.
MIP Presolve eliminated 0 rows and 9 columns.
MIP Presolve modified 35 coefficients.
Reduced MIP has 2483 rows, 3225 columns, and 9420 nonzeros.
Reduced MIP has 3225 binaries, 0 generals, 0 SOSs, and 0 indicators.
Presolve time = 0.01 sec. (8.05 ticks)
Probing time = 0.01 sec. (2.67 ticks)
Clique table members: 5879.
MIP emphasis: balance optimality and feasibility.
MIP search method: dynamic search.
Parallel mode: none, using 1 thread.
Root relaxation solution time = 0.01 sec. (4.38 ticks)

        Nodes                                         Cuts/
   Node  Left     Objective  IInf  Best Integer    Best Bound    ItCnt     Gap

*     0+    0                         5437.9198     -444.6259           108.18%
      0     0     1013.6211    20     5437.9198     1013.6211       97   81.36%
*     0+    0                         1235.6556     1013.6211            17.97%
*     0+    0                         1019.3354     1013.6211             0.56%
      0     0     1019.0098     1     1019.3354      Cuts: 26      105    0.03%
*     0+    0                         1019.2891     1019.0098             0.03%
      0     0        cutoff           1019.2891                    105    0.00%
Elapsed time = 0.14 sec. (104.22 ticks, tree = 0.01 MB, solutions = 4)

Clique cuts applied:  5
Cover cuts applied:  14
Gomory fractional cuts applied:  7

Root node processing (before b&c):
  Real time             =    0.14 sec. (105.99 ticks)
Sequential b&c:
  Real time             =    0.00 sec. (0.00 ticks)
                          ------------
Total (root+branch&cut) =    0.14 sec. (105.99 ticks)

Solution pool: 4 solutions saved.

MIP - Integer optimal solution:  Objective =  1.0192890580e+03
Solution time =    0.14 sec.  Iterations = 105  Nodes = 0
Deterministic time = 106.08 ticks  (744.57 ticks/sec)

CPLEX> Incumbent solution written to file '/tmp/cmpl.T10025.gsol'.
CPLEX> 
CMPL: Time used for model generation: 0 seconds
CMPL: Time used for solving the model: 1 seconds


Solution written to ASCII file: ../results/output_generated_conf_0.3/2016-07-04-4/unequal.sol

Solver - finished
