CMPL model generation - running

CMPL version: 1.11.0
Authors: Thomas Schleiff, Mike Steglich
Distributed under the GPLv3 

create model instance ...
write model instance ...
CMPL model generation - finished

Solver - running


Welcome to IBM(R) ILOG(R) CPLEX(R) Interactive Optimizer 12.7.1.0
  with Simplex, Mixed Integer & Barrier Optimizers
5725-A06 5725-A29 5724-Y48 5724-Y49 5724-Y54 5724-Y55 5655-Y21
Copyright IBM Corp. 1988, 2017.  All Rights Reserved.

Type 'help' for a list of available commands.
Type 'help' followed by a command name for more
information on commands.

CPLEX> Specified objective sense: MINIMIZE
Selected objective  name:  line[1]
Selected RHS        name:  RHS
Selected bound      name:  BOUND
Problem '/tmp/cmpl.T11901.mps' read.
Read time = 0.07 sec. (12.03 ticks)
CPLEX> CPXPARAM_Read_APIEncoding                        "UTF-8"
Tried aggregator 3 times.
MIP Presolve eliminated 23117 rows and 35729 columns.
MIP Presolve modified 1035 coefficients.
Aggregator did 1702 substitutions.
Reduced MIP has 3358 rows, 6724 columns, and 21825 nonzeros.
Reduced MIP has 6514 binaries, 0 generals, 0 SOSs, and 0 indicators.
Presolve time = 0.07 sec. (66.14 ticks)
Found incumbent of value 45520.388187 after 0.13 sec. (116.13 ticks)
Probing time = 0.01 sec. (3.18 ticks)
Tried aggregator 1 time.
MIP Presolve eliminated 0 rows and 61 columns.
Reduced MIP has 3358 rows, 6663 columns, and 21703 nonzeros.
Reduced MIP has 6663 binaries, 0 generals, 0 SOSs, and 0 indicators.
Presolve time = 0.02 sec. (18.50 ticks)
Probing time = 0.01 sec. (3.38 ticks)
Clique table members: 4502.
MIP emphasis: balance optimality and feasibility.
MIP search method: dynamic search.
Parallel mode: none, using 1 thread.
Root relaxation solution time = 0.05 sec. (45.04 ticks)

        Nodes                                         Cuts/
   Node  Left     Objective  IInf  Best Integer    Best Bound    ItCnt     Gap

*     0+    0                        45520.3882        0.0000           100.00%
      0     0    20613.5643     1    45520.3882    20613.5643     2628   54.72%
*     0+    0                        20613.5643    20613.5643             0.00%
      0     0        cutoff          20613.5643    20613.5643     2628    0.00%
Elapsed time = 0.24 sec. (204.41 ticks, tree = 0.01 MB, solutions = 2)

Root node processing (before b&c):
  Real time             =    0.24 sec. (206.12 ticks)
Sequential b&c:
  Real time             =    0.00 sec. (0.00 ticks)
                          ------------
Total (root+branch&cut) =    0.24 sec. (206.12 ticks)

Solution pool: 2 solutions saved.

MIP - Integer optimal solution:  Objective =  2.0613564310e+04
Solution time =    0.24 sec.  Iterations = 2628  Nodes = 0
Deterministic time = 206.25 ticks  (857.08 ticks/sec)

CPLEX> Incumbent solution written to file '/tmp/cmpl.T11901.gsol'.
CPLEX> 
CMPL: Time used for model generation: 2 seconds
CMPL: Time used for solving the model: 1 seconds


Solution written to ASCII file: ../results/output_generated_rate_0.9/2016-05-02-5/equal.sol

Solver - finished
