CMPL model generation - running

CMPL version: 1.11.0
Authors: Thomas Schleiff, Mike Steglich
Distributed under the GPLv3 

create model instance ...
write model instance ...
CMPL model generation - finished

Solver - running


Welcome to IBM(R) ILOG(R) CPLEX(R) Interactive Optimizer 12.7.1.0
  with Simplex, Mixed Integer & Barrier Optimizers
5725-A06 5725-A29 5724-Y48 5724-Y49 5724-Y54 5724-Y55 5655-Y21
Copyright IBM Corp. 1988, 2017.  All Rights Reserved.

Type 'help' for a list of available commands.
Type 'help' followed by a command name for more
information on commands.

CPLEX> Specified objective sense: MINIMIZE
Selected objective  name:  line[1]
Selected RHS        name:  RHS
Selected bound      name:  BOUND
Problem '/tmp/cmpl.T11895.mps' read.
Read time = 0.06 sec. (12.03 ticks)
CPLEX> CPXPARAM_Read_APIEncoding                        "UTF-8"
Tried aggregator 3 times.
MIP Presolve eliminated 23135 rows and 35763 columns.
MIP Presolve modified 1036 coefficients.
Aggregator did 1686 substitutions.
Reduced MIP has 3356 rows, 6706 columns, and 21771 nonzeros.
Reduced MIP has 6496 binaries, 0 generals, 0 SOSs, and 0 indicators.
Presolve time = 0.07 sec. (66.09 ticks)
Probing time = 0.01 sec. (3.18 ticks)
Tried aggregator 1 time.
MIP Presolve eliminated 1 rows and 57 columns.
MIP Presolve modified 3 coefficients.
Reduced MIP has 3355 rows, 6649 columns, and 21653 nonzeros.
Reduced MIP has 6649 binaries, 0 generals, 0 SOSs, and 0 indicators.
Presolve time = 0.02 sec. (20.96 ticks)
Probing time = 0.01 sec. (3.38 ticks)
Clique table members: 4446.
MIP emphasis: balance optimality and feasibility.
MIP search method: dynamic search.
Parallel mode: none, using 1 thread.
Root relaxation solution time = 0.05 sec. (49.82 ticks)

        Nodes                                         Cuts/
   Node  Left     Objective  IInf  Best Integer    Best Bound    ItCnt     Gap

*     0     0      integral     0    20269.3470    20269.3470     2527    0.00%
Elapsed time = 0.27 sec. (227.20 ticks, tree = 0.00 MB, solutions = 1)

Root node processing (before b&c):
  Real time             =    0.27 sec. (228.62 ticks)
Sequential b&c:
  Real time             =    0.00 sec. (0.00 ticks)
                          ------------
Total (root+branch&cut) =    0.27 sec. (228.62 ticks)

Solution pool: 1 solution saved.

MIP - Integer optimal solution:  Objective =  2.0269346959e+04
Solution time =    0.27 sec.  Iterations = 2527  Nodes = 0
Deterministic time = 228.75 ticks  (833.75 ticks/sec)

CPLEX> Incumbent solution written to file '/tmp/cmpl.T11895.gsol'.
CPLEX> 
CMPL: Time used for model generation: 1 seconds
CMPL: Time used for solving the model: 1 seconds


Solution written to ASCII file: ../results/output_generated_rate_0.9/2016-02-01-5/equal.sol

Solver - finished
