CMPL model generation - running

CMPL version: 1.11.0
Authors: Thomas Schleiff, Mike Steglich
Distributed under the GPLv3 

create model instance ...
write model instance ...
CMPL model generation - finished

Solver - running


Welcome to IBM(R) ILOG(R) CPLEX(R) Interactive Optimizer 12.7.1.0
  with Simplex, Mixed Integer & Barrier Optimizers
5725-A06 5725-A29 5724-Y48 5724-Y49 5724-Y54 5724-Y55 5655-Y21
Copyright IBM Corp. 1988, 2017.  All Rights Reserved.

Type 'help' for a list of available commands.
Type 'help' followed by a command name for more
information on commands.

CPLEX> Specified objective sense: MINIMIZE
Selected objective  name:  line[1]
Selected RHS        name:  RHS
Selected bound      name:  BOUND
Problem '/tmp/cmpl.T11845.mps' read.
Read time = 0.06 sec. (11.06 ticks)
CPLEX> CPXPARAM_Read_APIEncoding                        "UTF-8"
Tried aggregator 3 times.
MIP Presolve eliminated 23134 rows and 35763 columns.
MIP Presolve modified 439 coefficients.
Aggregator did 1685 substitutions.
Reduced MIP has 3188 rows, 5092 columns, and 15094 nonzeros.
Reduced MIP has 4882 binaries, 0 generals, 0 SOSs, and 0 indicators.
Presolve time = 0.06 sec. (56.76 ticks)
Found incumbent of value 44921.896504 after 0.13 sec. (113.00 ticks)
Probing time = 0.01 sec. (2.78 ticks)
Tried aggregator 2 times.
MIP Presolve eliminated 2 rows and 56 columns.
MIP Presolve modified 6 coefficients.
Aggregator did 1 substitutions.
Reduced MIP has 3185 rows, 5035 columns, and 14975 nonzeros.
Reduced MIP has 5035 binaries, 0 generals, 0 SOSs, and 0 indicators.
Presolve time = 0.02 sec. (18.05 ticks)
Probing time = 0.01 sec. (2.96 ticks)
Clique table members: 4361.
MIP emphasis: balance optimality and feasibility.
MIP search method: dynamic search.
Parallel mode: none, using 1 thread.
Root relaxation solution time = 0.02 sec. (25.77 ticks)

        Nodes                                         Cuts/
   Node  Left     Objective  IInf  Best Integer    Best Bound    ItCnt     Gap

*     0+    0                        44921.8965        0.0000           100.00%
*     0     0      integral     0    20256.7810    20256.7810     1386    0.00%
Elapsed time = 0.20 sec. (173.07 ticks, tree = 0.00 MB, solutions = 2)

Root node processing (before b&c):
  Real time             =    0.20 sec. (174.70 ticks)
Sequential b&c:
  Real time             =    0.00 sec. (0.00 ticks)
                          ------------
Total (root+branch&cut) =    0.20 sec. (174.70 ticks)

Solution pool: 2 solutions saved.

MIP - Integer optimal solution:  Objective =  2.0256781009e+04
Solution time =    0.20 sec.  Iterations = 1386  Nodes = 0
Deterministic time = 174.82 ticks  (867.95 ticks/sec)

CPLEX> Incumbent solution written to file '/tmp/cmpl.T11845.gsol'.
CPLEX> 
CMPL: Time used for model generation: 1 seconds
CMPL: Time used for solving the model: 1 seconds


Solution written to ASCII file: ../results/output_generated_rate_0.9/2016-02-01-5/unequal.sol

Solver - finished
