CMPL model generation - running

CMPL version: 1.11.0
Authors: Thomas Schleiff, Mike Steglich
Distributed under the GPLv3 

create model instance ...
write model instance ...
CMPL model generation - finished

Solver - running


Welcome to IBM(R) ILOG(R) CPLEX(R) Interactive Optimizer 12.7.1.0
  with Simplex, Mixed Integer & Barrier Optimizers
5725-A06 5725-A29 5724-Y48 5724-Y49 5724-Y54 5724-Y55 5655-Y21
Copyright IBM Corp. 1988, 2017.  All Rights Reserved.

Type 'help' for a list of available commands.
Type 'help' followed by a command name for more
information on commands.

CPLEX> Specified objective sense: MINIMIZE
Selected objective  name:  line[1]
Selected RHS        name:  RHS
Selected bound      name:  BOUND
Problem '/tmp/cmpl.T11594.mps' read.
Read time = 0.05 sec. (9.72 ticks)
CPLEX> CPXPARAM_Read_APIEncoding                        "UTF-8"
Tried aggregator 3 times.
MIP Presolve eliminated 18720 rows and 29939 columns.
MIP Presolve modified 829 coefficients.
Aggregator did 1167 substitutions.
Reduced MIP has 2723 rows, 5187 columns, and 16729 nonzeros.
Reduced MIP has 5019 binaries, 0 generals, 0 SOSs, and 0 indicators.
Presolve time = 0.06 sec. (54.43 ticks)
Found incumbent of value 31799.458216 after 0.10 sec. (91.54 ticks)
Probing time = 0.01 sec. (3.04 ticks)
Tried aggregator 1 time.
MIP Presolve eliminated 0 rows and 20 columns.
Reduced MIP has 2723 rows, 5167 columns, and 16689 nonzeros.
Reduced MIP has 5167 binaries, 0 generals, 0 SOSs, and 0 indicators.
Presolve time = 0.01 sec. (12.47 ticks)
Probing time = 0.01 sec. (3.14 ticks)
Clique table members: 3443.
MIP emphasis: balance optimality and feasibility.
MIP search method: dynamic search.
Parallel mode: none, using 1 thread.
Root relaxation solution time = 0.03 sec. (31.54 ticks)

        Nodes                                         Cuts/
   Node  Left     Objective  IInf  Best Integer    Best Bound    ItCnt     Gap

*     0+    0                        31799.4582        0.0000           100.00%
*     0     0      integral     0    12756.8181    12756.8181     1658    0.00%
Elapsed time = 0.18 sec. (153.27 ticks, tree = 0.00 MB, solutions = 2)

Root node processing (before b&c):
  Real time             =    0.18 sec. (154.67 ticks)
Sequential b&c:
  Real time             =    0.00 sec. (0.00 ticks)
                          ------------
Total (root+branch&cut) =    0.18 sec. (154.67 ticks)

Solution pool: 2 solutions saved.

MIP - Integer optimal solution:  Objective =  1.2756818136e+04
Solution time =    0.18 sec.  Iterations = 1658  Nodes = 0
Deterministic time = 154.77 ticks  (867.38 ticks/sec)

CPLEX> Incumbent solution written to file '/tmp/cmpl.T11594.gsol'.
CPLEX> 
CMPL: Time used for model generation: 1 seconds
CMPL: Time used for solving the model: 1 seconds


Solution written to ASCII file: ../results/output_generated_rate_0.6/2016-09-05-4/equal.sol

Solver - finished
