CMPL model generation - running

CMPL version: 1.11.0
Authors: Thomas Schleiff, Mike Steglich
Distributed under the GPLv3 

create model instance ...
write model instance ...
CMPL model generation - finished

Solver - running


Welcome to IBM(R) ILOG(R) CPLEX(R) Interactive Optimizer 12.7.1.0
  with Simplex, Mixed Integer & Barrier Optimizers
5725-A06 5725-A29 5724-Y48 5724-Y49 5724-Y54 5724-Y55 5655-Y21
Copyright IBM Corp. 1988, 2017.  All Rights Reserved.

Type 'help' for a list of available commands.
Type 'help' followed by a command name for more
information on commands.

CPLEX> Specified objective sense: MINIMIZE
Selected objective  name:  line[1]
Selected RHS        name:  RHS
Selected bound      name:  BOUND
Problem '/tmp/cmpl.XM9939.mps' read.
Read time = 0.07 sec. (10.97 ticks)
CPLEX> CPXPARAM_Read_APIEncoding                        "UTF-8"
Tried aggregator 3 times.
MIP Presolve eliminated 24161 rows and 37798 columns.
MIP Presolve modified 425 coefficients.
Aggregator did 713 substitutions.
Reduced MIP has 3133 rows, 4029 columns, and 11933 nonzeros.
Reduced MIP has 3819 binaries, 0 generals, 0 SOSs, and 0 indicators.
Presolve time = 0.07 sec. (51.51 ticks)
Found incumbent of value 3683.100671 after 0.11 sec. (71.42 ticks)
Probing fixed 6 vars, tightened 0 bounds.
Probing time = 0.01 sec. (5.18 ticks)
Tried aggregator 1 time.
MIP Presolve eliminated 0 rows and 6 columns.
MIP Presolve modified 26 coefficients.
Reduced MIP has 3133 rows, 4023 columns, and 11921 nonzeros.
Reduced MIP has 4023 binaries, 0 generals, 0 SOSs, and 0 indicators.
Presolve time = 0.01 sec. (10.08 ticks)
Probing time = 0.01 sec. (2.83 ticks)
Clique table members: 7302.
MIP emphasis: balance optimality and feasibility.
MIP search method: dynamic search.
Parallel mode: none, using 1 thread.
Root relaxation solution time = 0.01 sec. (5.50 ticks)

        Nodes                                         Cuts/
   Node  Left     Objective  IInf  Best Integer    Best Bound    ItCnt     Gap

*     0+    0                         3683.1007     -401.8228           110.91%
      0     0      803.9589    17     3683.1007      803.9589      100   78.17%
*     0+    0                         1042.6856      803.9589            22.90%
*     0+    0                          807.8446      803.9589             0.48%
      0     0      807.2838     2      807.8446      Cuts: 15      107    0.07%
*     0+    0                          807.3905      807.2838             0.01%
      0     0        cutoff            807.3905                    107    0.00%
Elapsed time = 0.18 sec. (123.01 ticks, tree = 0.01 MB, solutions = 4)

Cover cuts applied:  10
Gomory fractional cuts applied:  5

Root node processing (before b&c):
  Real time             =    0.19 sec. (125.17 ticks)
Sequential b&c:
  Real time             =    0.00 sec. (0.00 ticks)
                          ------------
Total (root+branch&cut) =    0.19 sec. (125.17 ticks)

Solution pool: 4 solutions saved.

MIP - Integer optimal solution:  Objective =  8.0739054400e+02
Solution time =    0.19 sec.  Iterations = 107  Nodes = 0
Deterministic time = 125.29 ticks  (669.27 ticks/sec)

CPLEX> Incumbent solution written to file '/tmp/cmpl.XM9939.gsol'.
CPLEX> 
CMPL: Time used for model generation: 2 seconds
CMPL: Time used for solving the model: 1 seconds


Solution written to ASCII file: ../results/output_generated_conf_0.2/2017-05-01-5/unequal.sol

Solver - finished
