CMPL model generation - running

CMPL version: 1.11.0
Authors: Thomas Schleiff, Mike Steglich
Distributed under the GPLv3 

create model instance ...
write model instance ...
CMPL model generation - finished

Solver - running


Welcome to IBM(R) ILOG(R) CPLEX(R) Interactive Optimizer 12.7.1.0
  with Simplex, Mixed Integer & Barrier Optimizers
5725-A06 5725-A29 5724-Y48 5724-Y49 5724-Y54 5724-Y55 5655-Y21
Copyright IBM Corp. 1988, 2017.  All Rights Reserved.

Type 'help' for a list of available commands.
Type 'help' followed by a command name for more
information on commands.

CPLEX> Specified objective sense: MINIMIZE
Selected objective  name:  line[1]
Selected RHS        name:  RHS
Selected bound      name:  BOUND
Problem '/tmp/cmpl.T11713.mps' read.
Read time = 0.05 sec. (9.73 ticks)
CPLEX> CPXPARAM_Read_APIEncoding                        "UTF-8"
Tried aggregator 3 times.
MIP Presolve eliminated 18624 rows and 29741 columns.
MIP Presolve modified 892 coefficients.
Aggregator did 1268 substitutions.
Reduced MIP has 2718 rows, 5284 columns, and 17016 nonzeros.
Reduced MIP has 5116 binaries, 0 generals, 0 SOSs, and 0 indicators.
Presolve time = 0.06 sec. (55.08 ticks)
Probing time = 0.01 sec. (3.02 ticks)
Tried aggregator 1 time.
MIP Presolve eliminated 0 rows and 37 columns.
Reduced MIP has 2718 rows, 5247 columns, and 16942 nonzeros.
Reduced MIP has 5247 binaries, 0 generals, 0 SOSs, and 0 indicators.
Presolve time = 0.02 sec. (13.19 ticks)
Probing time = 0.01 sec. (3.14 ticks)
Clique table members: 3476.
MIP emphasis: balance optimality and feasibility.
MIP search method: dynamic search.
Parallel mode: none, using 1 thread.
Root relaxation solution time = 0.04 sec. (37.33 ticks)

        Nodes                                         Cuts/
   Node  Left     Objective  IInf  Best Integer    Best Bound    ItCnt     Gap

*     0     0      integral     0    14663.4237    14663.4237     2131    0.00%
Elapsed time = 0.22 sec. (178.66 ticks, tree = 0.00 MB, solutions = 1)

Root node processing (before b&c):
  Real time             =    0.22 sec. (179.82 ticks)
Sequential b&c:
  Real time             =    0.00 sec. (0.00 ticks)
                          ------------
Total (root+branch&cut) =    0.22 sec. (179.82 ticks)

Solution pool: 1 solution saved.

MIP - Integer optimal solution:  Objective =  1.4663423664e+04
Solution time =    0.22 sec.  Iterations = 2131  Nodes = 0
Deterministic time = 179.92 ticks  (801.06 ticks/sec)

CPLEX> Incumbent solution written to file '/tmp/cmpl.T11713.gsol'.
CPLEX> 
CMPL: Time used for model generation: 1 seconds
CMPL: Time used for solving the model: 0 seconds


Solution written to ASCII file: ../results/output_generated_rate_0.7/2017-04-03-4/equal.sol

Solver - finished
