CMPL model generation - running

CMPL version: 1.11.0
Authors: Thomas Schleiff, Mike Steglich
Distributed under the GPLv3 

create model instance ...
write model instance ...
CMPL model generation - finished

Solver - running


Welcome to IBM(R) ILOG(R) CPLEX(R) Interactive Optimizer 12.7.1.0
  with Simplex, Mixed Integer & Barrier Optimizers
5725-A06 5725-A29 5724-Y48 5724-Y49 5724-Y54 5724-Y55 5655-Y21
Copyright IBM Corp. 1988, 2017.  All Rights Reserved.

Type 'help' for a list of available commands.
Type 'help' followed by a command name for more
information on commands.

CPLEX> Specified objective sense: MINIMIZE
Selected objective  name:  line[1]
Selected RHS        name:  RHS
Selected bound      name:  BOUND
Problem '/tmp/cmpl.T11923.mps' read.
Read time = 0.05 sec. (9.74 ticks)
CPLEX> CPXPARAM_Read_APIEncoding                        "UTF-8"
Tried aggregator 3 times.
MIP Presolve eliminated 18533 rows and 29559 columns.
MIP Presolve modified 976 coefficients.
Aggregator did 1359 substitutions.
Reduced MIP has 2718 rows, 5375 columns, and 17289 nonzeros.
Reduced MIP has 5207 binaries, 0 generals, 0 SOSs, and 0 indicators.
Presolve time = 0.06 sec. (56.49 ticks)
Found incumbent of value 36300.853660 after 0.11 sec. (94.24 ticks)
Probing time = 0.01 sec. (3.01 ticks)
Tried aggregator 1 time.
MIP Presolve eliminated 0 rows and 39 columns.
Reduced MIP has 2718 rows, 5336 columns, and 17211 nonzeros.
Reduced MIP has 5336 binaries, 0 generals, 0 SOSs, and 0 indicators.
Presolve time = 0.01 sec. (13.50 ticks)
Probing time = 0.01 sec. (3.15 ticks)
Clique table members: 3567.
MIP emphasis: balance optimality and feasibility.
MIP search method: dynamic search.
Parallel mode: none, using 1 thread.
Root relaxation solution time = 0.04 sec. (38.96 ticks)

        Nodes                                         Cuts/
   Node  Left     Objective  IInf  Best Integer    Best Bound    ItCnt     Gap

*     0+    0                        36300.8537        0.0000           100.00%
*     0     0      integral     0    16470.5285    16470.5285     2288    0.00%
Elapsed time = 0.19 sec. (164.21 ticks, tree = 0.00 MB, solutions = 2)

Root node processing (before b&c):
  Real time             =    0.19 sec. (165.62 ticks)
Sequential b&c:
  Real time             =    0.00 sec. (0.00 ticks)
                          ------------
Total (root+branch&cut) =    0.19 sec. (165.62 ticks)

Solution pool: 2 solutions saved.

MIP - Integer optimal solution:  Objective =  1.6470528543e+04
Solution time =    0.19 sec.  Iterations = 2288  Nodes = 0
Deterministic time = 165.72 ticks  (870.27 ticks/sec)

CPLEX> Incumbent solution written to file '/tmp/cmpl.T11923.gsol'.
CPLEX> 
CMPL: Time used for model generation: 1 seconds
CMPL: Time used for solving the model: 1 seconds


Solution written to ASCII file: ../results/output_generated_rate_0.9/2017-04-03-4/equal.sol

Solver - finished
