CMPL model generation - running

CMPL version: 1.11.0
Authors: Thomas Schleiff, Mike Steglich
Distributed under the GPLv3 

create model instance ...
write model instance ...
CMPL model generation - finished

Solver - running


Welcome to IBM(R) ILOG(R) CPLEX(R) Interactive Optimizer 12.7.1.0
  with Simplex, Mixed Integer & Barrier Optimizers
5725-A06 5725-A29 5724-Y48 5724-Y49 5724-Y54 5724-Y55 5655-Y21
Copyright IBM Corp. 1988, 2017.  All Rights Reserved.

Type 'help' for a list of available commands.
Type 'help' followed by a command name for more
information on commands.

CPLEX> Specified objective sense: MINIMIZE
Selected objective  name:  line[1]
Selected RHS        name:  RHS
Selected bound      name:  BOUND
Problem '/tmp/cmpl.T10292.mps' read.
Read time = 0.05 sec. (9.66 ticks)
CPLEX> CPXPARAM_Read_APIEncoding                        "UTF-8"
Tried aggregator 3 times.
MIP Presolve eliminated 19292 rows and 31068 columns.
MIP Presolve modified 474 coefficients.
Aggregator did 642 substitutions.
Reduced MIP has 2676 rows, 4583 columns, and 14935 nonzeros.
Reduced MIP has 4415 binaries, 0 generals, 0 SOSs, and 0 indicators.
Presolve time = 0.06 sec. (50.49 ticks)
Probing fixed 13 vars, tightened 0 bounds.
Probing time = 0.02 sec. (7.66 ticks)
Tried aggregator 1 time.
MIP Presolve eliminated 0 rows and 13 columns.
MIP Presolve modified 62 coefficients.
Reduced MIP has 2676 rows, 4570 columns, and 14909 nonzeros.
Reduced MIP has 4570 binaries, 0 generals, 0 SOSs, and 0 indicators.
Presolve time = 0.01 sec. (10.91 ticks)
Probing time = 0.01 sec. (3.01 ticks)
Clique table members: 9376.
MIP emphasis: balance optimality and feasibility.
MIP search method: dynamic search.
Parallel mode: none, using 1 thread.
Root relaxation solution time = 0.01 sec. (14.60 ticks)

        Nodes                                         Cuts/
   Node  Left     Objective  IInf  Best Integer    Best Bound    ItCnt     Gap

      0     0     1952.4020    10                   1952.4020      899         
*     0+    0                         1955.2592     1952.4020             0.15%
      0     0     1954.5629     2     1955.2592      Cuts: 14      909    0.04%
*     0+    0                         1955.1513     1954.5629             0.03%
*     0+    0                         1955.1343     1954.5629             0.03%
      0     0     1954.7616     1     1955.1343       Cuts: 8      915    0.02%
*     0+    0                         1955.1003     1954.7616             0.02%
*     0+    0                         1955.0473     1954.7616             0.01%

Repeating presolve.
Tried aggregator 3 times.
MIP Presolve eliminated 2549 rows and 4350 columns.
MIP Presolve modified 121 coefficients.
Aggregator did 61 substitutions.
Reduced MIP has 69 rows, 158 columns, and 321 nonzeros.
Reduced MIP has 158 binaries, 0 generals, 0 SOSs, and 0 indicators.
Presolve time = 0.01 sec. (6.35 ticks)
Probing fixed 25 vars, tightened 0 bounds.
Probing changed sense of 1 constraints.
Probing time = 0.00 sec. (0.24 ticks)
Tried aggregator 3 times.
MIP Presolve eliminated 21 rows and 59 columns.
MIP Presolve added 15 rows and 15 columns.
MIP Presolve modified 17 coefficients.
Aggregator did 25 substitutions.
Reduced MIP has 38 rows, 84 columns, and 154 nonzeros.
Reduced MIP has 77 binaries, 7 generals, 0 SOSs, and 0 indicators.
Presolve time = 0.00 sec. (0.80 ticks)
Probing fixed 0 vars, tightened 7 bounds.
Probing time = 0.00 sec. (0.05 ticks)
Tried aggregator 1 time.
MIP Presolve eliminated 7 rows and 7 columns.
MIP Presolve added 8 rows and 8 columns.
Reduced MIP has 39 rows, 85 columns, and 157 nonzeros.
Reduced MIP has 77 binaries, 8 generals, 0 SOSs, and 0 indicators.
Presolve time = 0.00 sec. (0.35 ticks)
Represolve time = 0.01 sec. (12.64 ticks)
Probing fixed 0 vars, tightened 1 bounds.
Probing time = 0.00 sec. (0.05 ticks)
Clique table members: 64.
MIP emphasis: balance optimality and feasibility.
MIP search method: dynamic search.
Parallel mode: none, using 1 thread.
Root relaxation solution time = 0.00 sec. (0.13 ticks)

        Nodes                                         Cuts/
   Node  Left     Objective  IInf  Best Integer    Best Bound    ItCnt     Gap

*     0+    0                         1955.0473     1954.7616             0.01%
      0     0     1954.9521     3     1955.0473     1954.9521      937    0.00%

Gomory fractional cuts applied:  2

Root node processing (before b&c):
  Real time             =    0.27 sec. (231.29 ticks)
Sequential b&c:
  Real time             =    0.00 sec. (0.00 ticks)
                          ------------
Total (root+branch&cut) =    0.27 sec. (231.29 ticks)

Solution pool: 5 solutions saved.

MIP - Integer optimal, tolerance (0.0001/1e-06):  Objective =  1.9550473270e+03
Current MIP best bound =  1.9549520870e+03 (gap = 0.09524, 0.00%)
Solution time =    0.27 sec.  Iterations = 937  Nodes = 0 (1)
Deterministic time = 231.39 ticks  (848.51 ticks/sec)

CPLEX> Incumbent solution written to file '/tmp/cmpl.T10292.gsol'.
CPLEX> 
CMPL: Time used for model generation: 1 seconds
CMPL: Time used for solving the model: 1 seconds


Solution written to ASCII file: ../results/output_generated_conf_0.5/2017-02-06-4/equal.sol

Solver - finished
