CMPL model generation - running

CMPL version: 1.11.0
Authors: Thomas Schleiff, Mike Steglich
Distributed under the GPLv3 

create model instance ...
write model instance ...
CMPL model generation - finished

Solver - running


Welcome to IBM(R) ILOG(R) CPLEX(R) Interactive Optimizer 12.7.1.0
  with Simplex, Mixed Integer & Barrier Optimizers
5725-A06 5725-A29 5724-Y48 5724-Y49 5724-Y54 5724-Y55 5655-Y21
Copyright IBM Corp. 1988, 2017.  All Rights Reserved.

Type 'help' for a list of available commands.
Type 'help' followed by a command name for more
information on commands.

CPLEX> Specified objective sense: MINIMIZE
Selected objective  name:  line[1]
Selected RHS        name:  RHS
Selected bound      name:  BOUND
Problem '/tmp/cmpl.T10573.mps' read.
Read time = 0.05 sec. (9.68 ticks)
CPLEX> CPXPARAM_Read_APIEncoding                        "UTF-8"
Tried aggregator 3 times.
MIP Presolve eliminated 19124 rows and 30741 columns.
MIP Presolve modified 558 coefficients.
Aggregator did 778 substitutions.
Reduced MIP has 2708 rows, 4774 columns, and 15488 nonzeros.
Reduced MIP has 4606 binaries, 0 generals, 0 SOSs, and 0 indicators.
Presolve time = 0.06 sec. (51.68 ticks)
Probing fixed 19 vars, tightened 0 bounds.
Probing time = 0.02 sec. (8.12 ticks)
Tried aggregator 1 time.
MIP Presolve eliminated 0 rows and 19 columns.
MIP Presolve modified 115 coefficients.
Reduced MIP has 2708 rows, 4755 columns, and 15450 nonzeros.
Reduced MIP has 4755 binaries, 0 generals, 0 SOSs, and 0 indicators.
Presolve time = 0.01 sec. (11.44 ticks)
Probing time = 0.01 sec. (3.03 ticks)
Clique table members: 9697.
MIP emphasis: balance optimality and feasibility.
MIP search method: dynamic search.
Parallel mode: none, using 1 thread.
Root relaxation solution time = 0.02 sec. (17.47 ticks)

        Nodes                                         Cuts/
   Node  Left     Objective  IInf  Best Integer    Best Bound    ItCnt     Gap

      0     0     5013.8970     1                   5013.8970     1023         
*     0+    0                         5033.6181     5013.8970             0.39%
*     0+    0                         5014.1827     5013.8970             0.01%

Root node processing (before b&c):
  Real time             =    0.20 sec. (163.83 ticks)
Sequential b&c:
  Real time             =    0.00 sec. (0.00 ticks)
                          ------------
Total (root+branch&cut) =    0.20 sec. (163.83 ticks)

Solution pool: 2 solutions saved.

MIP - Integer optimal, tolerance (0.0001/1e-06):  Objective =  5.0141826930e+03
Current MIP best bound =  5.0138969790e+03 (gap = 0.285714, 0.01%)
Solution time =    0.20 sec.  Iterations = 1023  Nodes = 0 (1)
Deterministic time = 163.93 ticks  (831.70 ticks/sec)

CPLEX> Incumbent solution written to file '/tmp/cmpl.T10573.gsol'.
CPLEX> 
CMPL: Time used for model generation: 1 seconds
CMPL: Time used for solving the model: 1 seconds


Solution written to ASCII file: ../results/output_generated_conf_0.8/2016-01-04-4/equal.sol

Solver - finished
