CMPL model generation - running

CMPL version: 1.11.0
Authors: Thomas Schleiff, Mike Steglich
Distributed under the GPLv3 

create model instance ...
write model instance ...
CMPL model generation - finished

Solver - running


Welcome to IBM(R) ILOG(R) CPLEX(R) Interactive Optimizer 12.7.1.0
  with Simplex, Mixed Integer & Barrier Optimizers
5725-A06 5725-A29 5724-Y48 5724-Y49 5724-Y54 5724-Y55 5655-Y21
Copyright IBM Corp. 1988, 2017.  All Rights Reserved.

Type 'help' for a list of available commands.
Type 'help' followed by a command name for more
information on commands.

CPLEX> Specified objective sense: MINIMIZE
Selected objective  name:  line[1]
Selected RHS        name:  RHS
Selected bound      name:  BOUND
Problem '/tmp/cmpl.T10523.mps' read.
Read time = 0.06 sec. (8.87 ticks)
CPLEX> CPXPARAM_Read_APIEncoding                        "UTF-8"
Tried aggregator 3 times.
MIP Presolve eliminated 19124 rows and 30401 columns.
MIP Presolve modified 340 coefficients.
Aggregator did 778 substitutions.
Reduced MIP has 2538 rows, 3499 columns, and 10195 nonzeros.
Reduced MIP has 3331 binaries, 0 generals, 0 SOSs, and 0 indicators.
Presolve time = 0.06 sec. (42.12 ticks)
Found incumbent of value 16978.413479 after 0.10 sec. (69.81 ticks)
Probing fixed 19 vars, tightened 0 bounds.
Probing time = 0.01 sec. (4.68 ticks)
Tried aggregator 1 time.
MIP Presolve eliminated 0 rows and 19 columns.
MIP Presolve modified 115 coefficients.
Reduced MIP has 2538 rows, 3480 columns, and 10157 nonzeros.
Reduced MIP has 3480 binaries, 0 generals, 0 SOSs, and 0 indicators.
Presolve time = 0.01 sec. (8.65 ticks)
Probing time = 0.01 sec. (2.70 ticks)
Clique table members: 6322.
MIP emphasis: balance optimality and feasibility.
MIP search method: dynamic search.
Parallel mode: none, using 1 thread.
Root relaxation solution time = 0.01 sec. (8.49 ticks)

        Nodes                                         Cuts/
   Node  Left     Objective  IInf  Best Integer    Best Bound    ItCnt     Gap

*     0+    0                        16978.4135     -160.4069           100.94%
      0     0     5002.4890     1    16978.4135     5002.4890      379   70.54%
*     0+    0                         5002.6513     5002.4890             0.00%
      0     0        cutoff           5002.6513     5002.4890      379    0.00%
Elapsed time = 0.16 sec. (105.14 ticks, tree = 0.01 MB, solutions = 2)

Root node processing (before b&c):
  Real time             =    0.17 sec. (106.43 ticks)
Sequential b&c:
  Real time             =    0.00 sec. (0.00 ticks)
                          ------------
Total (root+branch&cut) =    0.17 sec. (106.43 ticks)

Solution pool: 2 solutions saved.

MIP - Integer optimal solution:  Objective =  5.0026512590e+03
Solution time =    0.17 sec.  Iterations = 379  Nodes = 0
Deterministic time = 106.53 ticks  (640.51 ticks/sec)

CPLEX> Incumbent solution written to file '/tmp/cmpl.T10523.gsol'.
CPLEX> 
CMPL: Time used for model generation: 1 seconds
CMPL: Time used for solving the model: 1 seconds


Solution written to ASCII file: ../results/output_generated_conf_0.8/2016-01-04-4/unequal.sol

Solver - finished
