CMPL model generation - running

CMPL version: 1.11.0
Authors: Thomas Schleiff, Mike Steglich
Distributed under the GPLv3 

create model instance ...
write model instance ...
CMPL model generation - finished

Solver - running


Welcome to IBM(R) ILOG(R) CPLEX(R) Interactive Optimizer 12.7.1.0
  with Simplex, Mixed Integer & Barrier Optimizers
5725-A06 5725-A29 5724-Y48 5724-Y49 5724-Y54 5724-Y55 5655-Y21
Copyright IBM Corp. 1988, 2017.  All Rights Reserved.

Type 'help' for a list of available commands.
Type 'help' followed by a command name for more
information on commands.

CPLEX> Specified objective sense: MINIMIZE
Selected objective  name:  line[1]
Selected RHS        name:  RHS
Selected bound      name:  BOUND
Problem '/tmp/cmpl.T10794.mps' read.
Read time = 0.06 sec. (9.75 ticks)
CPLEX> CPXPARAM_Read_APIEncoding                        "UTF-8"
Tried aggregator 3 times.
MIP Presolve eliminated 18465 rows and 29423 columns.
MIP Presolve modified 1052 coefficients.
Aggregator did 1427 substitutions.
Reduced MIP has 2718 rows, 5443 columns, and 17493 nonzeros.
Reduced MIP has 5275 binaries, 0 generals, 0 SOSs, and 0 indicators.
Presolve time = 0.06 sec. (56.99 ticks)
Probing time = 0.01 sec. (3.01 ticks)
Tried aggregator 1 time.
MIP Presolve eliminated 0 rows and 48 columns.
Reduced MIP has 2718 rows, 5395 columns, and 17397 nonzeros.
Reduced MIP has 5395 binaries, 0 generals, 0 SOSs, and 0 indicators.
Presolve time = 0.02 sec. (14.74 ticks)
Probing time = 0.01 sec. (3.15 ticks)
Clique table members: 3636.
MIP emphasis: balance optimality and feasibility.
MIP search method: dynamic search.
Parallel mode: none, using 1 thread.
Root relaxation solution time = 0.04 sec. (36.58 ticks)

        Nodes                                         Cuts/
   Node  Left     Objective  IInf  Best Integer    Best Bound    ItCnt     Gap

      0     0    17779.6680    10                  17779.6680     2249         
*     0+    0                        17779.6680    17779.6680             0.00%
      0     0        cutoff          17779.6680    17779.6680     2249    0.00%
Elapsed time = 0.22 sec. (188.10 ticks, tree = 0.01 MB, solutions = 1)

Root node processing (before b&c):
  Real time             =    0.22 sec. (189.27 ticks)
Sequential b&c:
  Real time             =    0.00 sec. (0.00 ticks)
                          ------------
Total (root+branch&cut) =    0.22 sec. (189.27 ticks)

Solution pool: 1 solution saved.

MIP - Integer optimal solution:  Objective =  1.7779667966e+04
Solution time =    0.22 sec.  Iterations = 2249  Nodes = 0
Deterministic time = 189.37 ticks  (851.51 ticks/sec)

CPLEX> Incumbent solution written to file '/tmp/cmpl.T10794.gsol'.
CPLEX> 
CMPL: Time used for model generation: 1 seconds
CMPL: Time used for solving the model: 1 seconds


Solution written to ASCII file: ../results/output_generated_conf_1/2016-09-05-4/equal.sol

Solver - finished
