CMPL model generation - running

CMPL version: 1.11.0
Authors: Thomas Schleiff, Mike Steglich
Distributed under the GPLv3 

create model instance ...
write model instance ...
CMPL model generation - finished

Solver - running


Welcome to IBM(R) ILOG(R) CPLEX(R) Interactive Optimizer 12.7.1.0
  with Simplex, Mixed Integer & Barrier Optimizers
5725-A06 5725-A29 5724-Y48 5724-Y49 5724-Y54 5724-Y55 5655-Y21
Copyright IBM Corp. 1988, 2017.  All Rights Reserved.

Type 'help' for a list of available commands.
Type 'help' followed by a command name for more
information on commands.

CPLEX> Specified objective sense: MINIMIZE
Selected objective  name:  line[1]
Selected RHS        name:  RHS
Selected bound      name:  BOUND
Problem '/tmp/cmpl.T11387.mps' read.
Read time = 0.06 sec. (11.99 ticks)
CPLEX> CPXPARAM_Read_APIEncoding                        "UTF-8"
Tried aggregator 3 times.
MIP Presolve eliminated 23547 rows and 36585 columns.
MIP Presolve modified 749 coefficients.
Aggregator did 1275 substitutions.
Reduced MIP has 3355 rows, 6295 columns, and 20534 nonzeros.
Reduced MIP has 6085 binaries, 0 generals, 0 SOSs, and 0 indicators.
Presolve time = 0.07 sec. (62.48 ticks)
Found incumbent of value 36901.417736 after 0.12 sec. (108.51 ticks)
Probing time = 0.01 sec. (3.26 ticks)
Tried aggregator 1 time.
MIP Presolve eliminated 0 rows and 20 columns.
Reduced MIP has 3355 rows, 6275 columns, and 20494 nonzeros.
Reduced MIP has 6275 binaries, 0 generals, 0 SOSs, and 0 indicators.
Presolve time = 0.02 sec. (15.27 ticks)
Probing time = 0.01 sec. (3.37 ticks)
Clique table members: 4035.
MIP emphasis: balance optimality and feasibility.
MIP search method: dynamic search.
Parallel mode: none, using 1 thread.
Root relaxation solution time = 0.03 sec. (32.34 ticks)

        Nodes                                         Cuts/
   Node  Left     Objective  IInf  Best Integer    Best Bound    ItCnt     Gap

*     0+    0                        36901.4177        0.0000           100.00%
*     0     0      integral     0    12427.3579    12427.3579     1558    0.00%
Elapsed time = 0.21 sec. (175.83 ticks, tree = 0.00 MB, solutions = 2)

Root node processing (before b&c):
  Real time             =    0.21 sec. (177.55 ticks)
Sequential b&c:
  Real time             =    0.00 sec. (0.00 ticks)
                          ------------
Total (root+branch&cut) =    0.21 sec. (177.55 ticks)

Solution pool: 2 solutions saved.

MIP - Integer optimal solution:  Objective =  1.2427357928e+04
Solution time =    0.21 sec.  Iterations = 1558  Nodes = 0
Deterministic time = 177.68 ticks  (847.99 ticks/sec)

CPLEX> Incumbent solution written to file '/tmp/cmpl.T11387.gsol'.
CPLEX> 
CMPL: Time used for model generation: 1 seconds
CMPL: Time used for solving the model: 1 seconds


Solution written to ASCII file: ../results/output_generated_rate_0.4/2016-10-03-5/equal.sol

Solver - finished
