CMPL model generation - running

CMPL version: 1.11.0
Authors: Thomas Schleiff, Mike Steglich
Distributed under the GPLv3 

create model instance ...
write model instance ...
CMPL model generation - finished

Solver - running


Welcome to IBM(R) ILOG(R) CPLEX(R) Interactive Optimizer 12.7.1.0
  with Simplex, Mixed Integer & Barrier Optimizers
5725-A06 5725-A29 5724-Y48 5724-Y49 5724-Y54 5724-Y55 5655-Y21
Copyright IBM Corp. 1988, 2017.  All Rights Reserved.

Type 'help' for a list of available commands.
Type 'help' followed by a command name for more
information on commands.

CPLEX> Specified objective sense: MINIMIZE
Selected objective  name:  line[1]
Selected RHS        name:  RHS
Selected bound      name:  BOUND
Problem '/tmp/cmpl.T11969.mps' read.
Read time = 0.06 sec. (11.06 ticks)
CPLEX> CPXPARAM_Read_APIEncoding                        "UTF-8"
Tried aggregator 3 times.
MIP Presolve eliminated 23082 rows and 35657 columns.
MIP Presolve modified 521 coefficients.
Aggregator did 1739 substitutions.
Reduced MIP has 3186 rows, 5144 columns, and 15250 nonzeros.
Reduced MIP has 4934 binaries, 0 generals, 0 SOSs, and 0 indicators.
Presolve time = 0.06 sec. (57.21 ticks)
Found incumbent of value 45749.344349 after 0.13 sec. (110.38 ticks)
Probing time = 0.01 sec. (2.76 ticks)
Tried aggregator 1 time.
MIP Presolve eliminated 1 rows and 70 columns.
MIP Presolve modified 4 coefficients.
Reduced MIP has 3185 rows, 5074 columns, and 15106 nonzeros.
Reduced MIP has 5074 binaries, 0 generals, 0 SOSs, and 0 indicators.
Presolve time = 0.02 sec. (14.70 ticks)
Probing time = 0.01 sec. (2.96 ticks)
Clique table members: 4414.
MIP emphasis: balance optimality and feasibility.
MIP search method: dynamic search.
Parallel mode: none, using 1 thread.
Root relaxation solution time = 0.02 sec. (22.63 ticks)

        Nodes                                         Cuts/
   Node  Left     Objective  IInf  Best Integer    Best Bound    ItCnt     Gap

*     0+    0                        45749.3443        0.0000           100.00%
*     0     0      integral     0    21298.0467    21298.0467     1392    0.00%
Elapsed time = 0.19 sec. (164.06 ticks, tree = 0.00 MB, solutions = 2)

Root node processing (before b&c):
  Real time             =    0.19 sec. (165.68 ticks)
Sequential b&c:
  Real time             =    0.00 sec. (0.00 ticks)
                          ------------
Total (root+branch&cut) =    0.19 sec. (165.68 ticks)

Solution pool: 2 solutions saved.

MIP - Integer optimal solution:  Objective =  2.1298046725e+04
Solution time =    0.19 sec.  Iterations = 1392  Nodes = 0
Deterministic time = 165.81 ticks  (851.42 ticks/sec)

CPLEX> Incumbent solution written to file '/tmp/cmpl.T11969.gsol'.
CPLEX> 
CMPL: Time used for model generation: 1 seconds
CMPL: Time used for solving the model: 1 seconds


Solution written to ASCII file: ../results/output_generated_rate_1/2016-12-05-5/unequal.sol

Solver - finished
