CMPL model generation - running

CMPL version: 1.11.0
Authors: Thomas Schleiff, Mike Steglich
Distributed under the GPLv3 

create model instance ...
write model instance ...
CMPL model generation - finished

Solver - running


Welcome to IBM(R) ILOG(R) CPLEX(R) Interactive Optimizer 12.7.1.0
  with Simplex, Mixed Integer & Barrier Optimizers
5725-A06 5725-A29 5724-Y48 5724-Y49 5724-Y54 5724-Y55 5655-Y21
Copyright IBM Corp. 1988, 2017.  All Rights Reserved.

Type 'help' for a list of available commands.
Type 'help' followed by a command name for more
information on commands.

CPLEX> Specified objective sense: MINIMIZE
Selected objective  name:  line[1]
Selected RHS        name:  RHS
Selected bound      name:  BOUND
Problem '/tmp/cmpl.T11330.mps' read.
Read time = 0.05 sec. (8.89 ticks)
CPLEX> CPXPARAM_Read_APIEncoding                        "UTF-8"
Tried aggregator 3 times.
MIP Presolve eliminated 18902 rows and 29957 columns.
MIP Presolve modified 340 coefficients.
Aggregator did 990 substitutions.
Reduced MIP has 2548 rows, 3731 columns, and 10889 nonzeros.
Reduced MIP has 3563 binaries, 0 generals, 0 SOSs, and 0 indicators.
Presolve time = 0.05 sec. (42.64 ticks)
Found incumbent of value 29583.382949 after 0.09 sec. (74.71 ticks)
Probing fixed 52 vars, tightened 0 bounds.
Probing time = 0.02 sec. (5.06 ticks)
Tried aggregator 1 time.
MIP Presolve eliminated 0 rows and 52 columns.
MIP Presolve modified 405 coefficients.
Reduced MIP has 2548 rows, 3679 columns, and 10785 nonzeros.
Reduced MIP has 3679 binaries, 0 generals, 0 SOSs, and 0 indicators.
Presolve time = 0.01 sec. (10.77 ticks)
Probing time = 0.01 sec. (2.73 ticks)
Clique table members: 6636.
MIP emphasis: balance optimality and feasibility.
MIP search method: dynamic search.
Parallel mode: none, using 1 thread.
Root relaxation solution time = 0.01 sec. (12.49 ticks)

        Nodes                                         Cuts/
   Node  Left     Objective  IInf  Best Integer    Best Bound    ItCnt     Gap

*     0+    0                        29583.3829        0.0000           100.00%
*     0     0      integral     0     9303.1787     9303.1787      641    0.00%
Elapsed time = 0.16 sec. (114.29 ticks, tree = 0.00 MB, solutions = 2)

Root node processing (before b&c):
  Real time             =    0.16 sec. (115.62 ticks)
Sequential b&c:
  Real time             =    0.00 sec. (0.00 ticks)
                          ------------
Total (root+branch&cut) =    0.16 sec. (115.62 ticks)

Solution pool: 2 solutions saved.

MIP - Integer optimal solution:  Objective =  9.3031787200e+03
Solution time =    0.16 sec.  Iterations = 641  Nodes = 0
Deterministic time = 115.72 ticks  (724.96 ticks/sec)

CPLEX> Incumbent solution written to file '/tmp/cmpl.T11330.gsol'.
CPLEX> 
CMPL: Time used for model generation: 1 seconds
CMPL: Time used for solving the model: 1 seconds


Solution written to ASCII file: ../results/output_generated_rate_0.4/2016-07-04-4/unequal.sol

Solver - finished
