CMPL model generation - running

CMPL version: 1.11.0
Authors: Thomas Schleiff, Mike Steglich
Distributed under the GPLv3 

create model instance ...
write model instance ...
CMPL model generation - finished

Solver - running


Welcome to IBM(R) ILOG(R) CPLEX(R) Interactive Optimizer 12.7.1.0
  with Simplex, Mixed Integer & Barrier Optimizers
5725-A06 5725-A29 5724-Y48 5724-Y49 5724-Y54 5724-Y55 5655-Y21
Copyright IBM Corp. 1988, 2017.  All Rights Reserved.

Type 'help' for a list of available commands.
Type 'help' followed by a command name for more
information on commands.

CPLEX> Specified objective sense: MINIMIZE
Selected objective  name:  line[1]
Selected RHS        name:  RHS
Selected bound      name:  BOUND
Problem '/tmp/cmpl.T10085.mps' read.
Read time = 0.06 sec. (11.93 ticks)
CPLEX> CPXPARAM_Read_APIEncoding                        "UTF-8"
Tried aggregator 3 times.
MIP Presolve eliminated 24132 rows and 37752 columns.
MIP Presolve modified 471 coefficients.
Aggregator did 740 substitutions.
Reduced MIP has 3305 rows, 5663 columns, and 18672 nonzeros.
Reduced MIP has 5453 binaries, 0 generals, 0 SOSs, and 0 indicators.
Presolve time = 0.06 sec. (58.83 ticks)
Probing fixed 10 vars, tightened 0 bounds.
Probing time = 0.02 sec. (9.85 ticks)
Tried aggregator 1 time.
MIP Presolve eliminated 0 rows and 10 columns.
MIP Presolve modified 60 coefficients.
Reduced MIP has 3305 rows, 5653 columns, and 18652 nonzeros.
Reduced MIP has 5653 binaries, 0 generals, 0 SOSs, and 0 indicators.
Presolve time = 0.01 sec. (13.55 ticks)
Probing time = 0.01 sec. (3.24 ticks)
Clique table members: 11251.
MIP emphasis: balance optimality and feasibility.
MIP search method: dynamic search.
Parallel mode: none, using 1 thread.
Root relaxation solution time = 0.02 sec. (19.72 ticks)

        Nodes                                         Cuts/
   Node  Left     Objective  IInf  Best Integer    Best Bound    ItCnt     Gap

      0     0     1302.3630     8                   1302.3630      854         
*     0+    0                         1304.1915     1302.3630             0.14%
      0     0     1303.7029     2     1304.1915      Cuts: 16      866    0.04%
*     0+    0                         1304.0348     1303.7029             0.03%
      0     0     1303.9595     1     1304.0348       Cuts: 7      872    0.01%

Clique cuts applied:  2
Cover cuts applied:  14
Gomory fractional cuts applied:  7

Root node processing (before b&c):
  Real time             =    0.23 sec. (206.58 ticks)
Sequential b&c:
  Real time             =    0.00 sec. (0.00 ticks)
                          ------------
Total (root+branch&cut) =    0.23 sec. (206.58 ticks)

Solution pool: 2 solutions saved.

MIP - Integer optimal, tolerance (0.0001/1e-06):  Objective =  1.3040347810e+03
Current MIP best bound =  1.3039594525e+03 (gap = 0.0753285, 0.01%)
Solution time =    0.23 sec.  Iterations = 872  Nodes = 0 (1)
Deterministic time = 206.71 ticks  (887.82 ticks/sec)

CPLEX> Incumbent solution written to file '/tmp/cmpl.T10085.gsol'.
CPLEX> 
CMPL: Time used for model generation: 1 seconds
CMPL: Time used for solving the model: 1 seconds


Solution written to ASCII file: ../results/output_generated_conf_0.3/2016-12-05-5/equal.sol

Solver - finished
