CMPL model generation - running

CMPL version: 1.11.0
Authors: Thomas Schleiff, Mike Steglich
Distributed under the GPLv3 

create model instance ...
write model instance ...
CMPL model generation - finished

Solver - running


Welcome to IBM(R) ILOG(R) CPLEX(R) Interactive Optimizer 12.7.1.0
  with Simplex, Mixed Integer & Barrier Optimizers
5725-A06 5725-A29 5724-Y48 5724-Y49 5724-Y54 5724-Y55 5655-Y21
Copyright IBM Corp. 1988, 2017.  All Rights Reserved.

Type 'help' for a list of available commands.
Type 'help' followed by a command name for more
information on commands.

CPLEX> Specified objective sense: MINIMIZE
Selected objective  name:  line[1]
Selected RHS        name:  RHS
Selected bound      name:  BOUND
Problem '/tmp/cmpl.T11016.mps' read.
Read time = 0.05 sec. (8.85 ticks)
CPLEX> CPXPARAM_Read_APIEncoding                        "UTF-8"
Tried aggregator 3 times.
MIP Presolve eliminated 19326 rows and 30793 columns.
MIP Presolve modified 340 coefficients.
Aggregator did 625 substitutions.
Reduced MIP has 2489 rows, 3260 columns, and 9512 nonzeros.
Reduced MIP has 3092 binaries, 0 generals, 0 SOSs, and 0 indicators.
Presolve time = 0.05 sec. (41.44 ticks)
Found incumbent of value 13146.636626 after 0.07 sec. (59.11 ticks)
Probing fixed 10 vars, tightened 0 bounds.
Probing time = 0.01 sec. (4.23 ticks)
Tried aggregator 1 time.
MIP Presolve eliminated 0 rows and 10 columns.
MIP Presolve modified 46 coefficients.
Reduced MIP has 2489 rows, 3250 columns, and 9492 nonzeros.
Reduced MIP has 3250 binaries, 0 generals, 0 SOSs, and 0 indicators.
Presolve time = 0.01 sec. (8.12 ticks)
Probing time = 0.01 sec. (2.67 ticks)
Clique table members: 5846.
MIP emphasis: balance optimality and feasibility.
MIP search method: dynamic search.
Parallel mode: none, using 1 thread.
Root relaxation solution time = 0.00 sec. (5.11 ticks)

        Nodes                                         Cuts/
   Node  Left     Objective  IInf  Best Integer    Best Bound    ItCnt     Gap

*     0+    0                        13146.6366     -462.3625           103.52%
      0     0     2044.7755     6    13146.6366     2044.7755      201   84.45%
*     0+    0                         2046.4898     2044.7755             0.08%
      0     0     2045.9141     1     2046.4898      Cuts: 18      211    0.03%
*     0+    0                         2045.9420     2045.9141             0.00%
      0     0        cutoff           2045.9420     2045.9141      211    0.00%
Elapsed time = 0.12 sec. (99.00 ticks, tree = 0.01 MB, solutions = 3)

GUB cover cuts applied:  1
Clique cuts applied:  3
Cover cuts applied:  9
Gomory fractional cuts applied:  5

Root node processing (before b&c):
  Real time             =    0.12 sec. (100.53 ticks)
Sequential b&c:
  Real time             =    0.00 sec. (0.00 ticks)
                          ------------
Total (root+branch&cut) =    0.12 sec. (100.53 ticks)

Solution pool: 3 solutions saved.

MIP - Integer optimal solution:  Objective =  2.0459420490e+03
Solution time =    0.12 sec.  Iterations = 211  Nodes = 0
Deterministic time = 100.63 ticks  (815.64 ticks/sec)

CPLEX> Incumbent solution written to file '/tmp/cmpl.T11016.gsol'.
CPLEX> 
CMPL: Time used for model generation: 1 seconds
CMPL: Time used for solving the model: 0 seconds


Solution written to ASCII file: ../results/output_generated_rate_0.1/2016-06-06-4/unequal.sol

Solver - finished
