CMPL model generation - running

CMPL version: 1.11.0
Authors: Thomas Schleiff, Mike Steglich
Distributed under the GPLv3 

create model instance ...
write model instance ...
CMPL model generation - finished

Solver - running


Welcome to IBM(R) ILOG(R) CPLEX(R) Interactive Optimizer 12.7.1.0
  with Simplex, Mixed Integer & Barrier Optimizers
5725-A06 5725-A29 5724-Y48 5724-Y49 5724-Y54 5724-Y55 5655-Y21
Copyright IBM Corp. 1988, 2017.  All Rights Reserved.

Type 'help' for a list of available commands.
Type 'help' followed by a command name for more
information on commands.

CPLEX> Specified objective sense: MINIMIZE
Selected objective  name:  line[1]
Selected RHS        name:  RHS
Selected bound      name:  BOUND
Problem '/tmp/cmpl.T11089.mps' read.
Read time = 0.06 sec. (11.93 ticks)
CPLEX> CPXPARAM_Read_APIEncoding                        "UTF-8"
Tried aggregator 3 times.
MIP Presolve eliminated 24159 rows and 37796 columns.
MIP Presolve modified 463 coefficients.
Aggregator did 709 substitutions.
Reduced MIP has 3309 rows, 5650 columns, and 18627 nonzeros.
Reduced MIP has 5440 binaries, 0 generals, 0 SOSs, and 0 indicators.
Presolve time = 0.06 sec. (60.46 ticks)
Probing fixed 8 vars, tightened 0 bounds.
Probing time = 0.02 sec. (9.61 ticks)
Tried aggregator 1 time.
MIP Presolve eliminated 0 rows and 8 columns.
MIP Presolve modified 36 coefficients.
Reduced MIP has 3309 rows, 5642 columns, and 18611 nonzeros.
Reduced MIP has 5642 binaries, 0 generals, 0 SOSs, and 0 indicators.
Presolve time = 0.01 sec. (13.55 ticks)
Probing time = 0.01 sec. (3.24 ticks)
Clique table members: 11335.
MIP emphasis: balance optimality and feasibility.
MIP search method: dynamic search.
Parallel mode: none, using 1 thread.
Root relaxation solution time = 0.02 sec. (17.92 ticks)

        Nodes                                         Cuts/
   Node  Left     Objective  IInf  Best Integer    Best Bound    ItCnt     Gap

      0     0     1888.1276    11                   1888.1276      973         
*     0+    0                         1890.6419     1888.1276             0.13%
      0     0     1890.1026     3     1890.6419      Cuts: 41     1002    0.03%
*     0+    0                         1890.4559     1890.1026             0.02%
      0     0        cutoff           1890.4559                   1011    0.00%
Elapsed time = 0.23 sec. (210.50 ticks, tree = 0.01 MB, solutions = 2)

GUB cover cuts applied:  6
Clique cuts applied:  12
Cover cuts applied:  20
Gomory fractional cuts applied:  13

Root node processing (before b&c):
  Real time             =    0.23 sec. (212.25 ticks)
Sequential b&c:
  Real time             =    0.00 sec. (0.00 ticks)
                          ------------
Total (root+branch&cut) =    0.23 sec. (212.25 ticks)

Solution pool: 2 solutions saved.

MIP - Integer optimal solution:  Objective =  1.8904559380e+03
Solution time =    0.23 sec.  Iterations = 1011  Nodes = 0
Deterministic time = 212.38 ticks  (906.61 ticks/sec)

CPLEX> Incumbent solution written to file '/tmp/cmpl.T11089.gsol'.
CPLEX> 
CMPL: Time used for model generation: 1 seconds
CMPL: Time used for solving the model: 1 seconds


Solution written to ASCII file: ../results/output_generated_rate_0.1/2017-05-01-5/equal.sol

Solver - finished
