CMPL model generation - running

CMPL version: 1.11.0
Authors: Thomas Schleiff, Mike Steglich
Distributed under the GPLv3 

create model instance ...
write model instance ...
CMPL model generation - finished

Solver - running


Welcome to IBM(R) ILOG(R) CPLEX(R) Interactive Optimizer 12.7.1.0
  with Simplex, Mixed Integer & Barrier Optimizers
5725-A06 5725-A29 5724-Y48 5724-Y49 5724-Y54 5724-Y55 5655-Y21
Copyright IBM Corp. 1988, 2017.  All Rights Reserved.

Type 'help' for a list of available commands.
Type 'help' followed by a command name for more
information on commands.

CPLEX> Specified objective sense: MINIMIZE
Selected objective  name:  line[1]
Selected RHS        name:  RHS
Selected bound      name:  BOUND
Problem '/tmp/cmpl.T11038.mps' read.
Read time = 0.06 sec. (10.97 ticks)
CPLEX> CPXPARAM_Read_APIEncoding                        "UTF-8"
Tried aggregator 3 times.
MIP Presolve eliminated 24159 rows and 37796 columns.
MIP Presolve modified 425 coefficients.
Aggregator did 709 substitutions.
Reduced MIP has 3139 rows, 4035 columns, and 11947 nonzeros.
Reduced MIP has 3825 binaries, 0 generals, 0 SOSs, and 0 indicators.
Presolve time = 0.06 sec. (53.18 ticks)
Found incumbent of value 16325.484059 after 0.09 sec. (74.93 ticks)
Probing fixed 8 vars, tightened 0 bounds.
Probing time = 0.01 sec. (5.17 ticks)
Tried aggregator 1 time.
MIP Presolve eliminated 0 rows and 8 columns.
MIP Presolve modified 36 coefficients.
Reduced MIP has 3139 rows, 4027 columns, and 11931 nonzeros.
Reduced MIP has 4027 binaries, 0 generals, 0 SOSs, and 0 indicators.
Presolve time = 0.01 sec. (10.12 ticks)
Probing time = 0.01 sec. (2.82 ticks)
Clique table members: 7344.
MIP emphasis: balance optimality and feasibility.
MIP search method: dynamic search.
Parallel mode: none, using 1 thread.
Root relaxation solution time = 0.01 sec. (6.34 ticks)

        Nodes                                         Cuts/
   Node  Left     Objective  IInf  Best Integer    Best Bound    ItCnt     Gap

*     0+    0                        16325.4841     -362.6866           102.22%
      0     0     1875.7847    11    16325.4841     1875.7847      224   88.51%
*     0+    0                         1918.4177     1875.7847             2.22%
*     0+    0                         1878.2990     1875.7847             0.13%
      0     0     1877.7597     3     1878.2990      Cuts: 37      239    0.03%
*     0+    0                         1878.1131     1877.7597             0.02%
      0     0        cutoff           1878.1131                    246    0.00%
Elapsed time = 0.16 sec. (133.92 ticks, tree = 0.01 MB, solutions = 4)

GUB cover cuts applied:  4
Clique cuts applied:  8
Cover cuts applied:  22
Gomory fractional cuts applied:  13

Root node processing (before b&c):
  Real time             =    0.16 sec. (136.15 ticks)
Sequential b&c:
  Real time             =    0.00 sec. (0.00 ticks)
                          ------------
Total (root+branch&cut) =    0.16 sec. (136.15 ticks)

Solution pool: 4 solutions saved.

MIP - Integer optimal solution:  Objective =  1.8781130730e+03
Solution time =    0.16 sec.  Iterations = 246  Nodes = 0
Deterministic time = 136.27 ticks  (843.32 ticks/sec)

CPLEX> Incumbent solution written to file '/tmp/cmpl.T11038.gsol'.
CPLEX> 
CMPL: Time used for model generation: 1 seconds
CMPL: Time used for solving the model: 1 seconds


Solution written to ASCII file: ../results/output_generated_rate_0.1/2017-05-01-5/unequal.sol

Solver - finished
