CMPL model generation - running

CMPL version: 1.11.0
Authors: Thomas Schleiff, Mike Steglich
Distributed under the GPLv3 

create model instance ...
write model instance ...
CMPL model generation - finished

Solver - running


Welcome to IBM(R) ILOG(R) CPLEX(R) Interactive Optimizer 12.7.1.0
  with Simplex, Mixed Integer & Barrier Optimizers
5725-A06 5725-A29 5724-Y48 5724-Y49 5724-Y54 5724-Y55 5655-Y21
Copyright IBM Corp. 1988, 2017.  All Rights Reserved.

Type 'help' for a list of available commands.
Type 'help' followed by a command name for more
information on commands.

CPLEX> Specified objective sense: MINIMIZE
Selected objective  name:  line[1]
Selected RHS        name:  RHS
Selected bound      name:  BOUND
Problem '/tmp/cmpl.T11226.mps' read.
Read time = 0.05 sec. (8.88 ticks)
CPLEX> CPXPARAM_Read_APIEncoding                        "UTF-8"
Tried aggregator 3 times.
MIP Presolve eliminated 19004 rows and 30161 columns.
MIP Presolve modified 340 coefficients.
Aggregator did 891 substitutions.
Reduced MIP has 2545 rows, 3626 columns, and 10576 nonzeros.
Reduced MIP has 3458 binaries, 0 generals, 0 SOSs, and 0 indicators.
Presolve time = 0.05 sec. (42.38 ticks)
Found incumbent of value 26722.964130 after 0.09 sec. (71.31 ticks)
Probing fixed 41 vars, tightened 0 bounds.
Probing time = 0.01 sec. (4.83 ticks)
Tried aggregator 1 time.
MIP Presolve eliminated 0 rows and 41 columns.
MIP Presolve modified 291 coefficients.
Reduced MIP has 2545 rows, 3585 columns, and 10494 nonzeros.
Reduced MIP has 3585 binaries, 0 generals, 0 SOSs, and 0 indicators.
Presolve time = 0.01 sec. (10.20 ticks)
Probing time = 0.01 sec. (2.72 ticks)
Clique table members: 6483.
MIP emphasis: balance optimality and feasibility.
MIP search method: dynamic search.
Parallel mode: none, using 1 thread.
Root relaxation solution time = 0.01 sec. (12.00 ticks)

        Nodes                                         Cuts/
   Node  Left     Objective  IInf  Best Integer    Best Bound    ItCnt     Gap

*     0+    0                        26722.9641      -20.2508           100.08%
*     0     0      integral     0     7437.0433     7437.0433      645    0.00%
Elapsed time = 0.14 sec. (109.46 ticks, tree = 0.00 MB, solutions = 2)

Root node processing (before b&c):
  Real time             =    0.14 sec. (110.74 ticks)
Sequential b&c:
  Real time             =    0.00 sec. (0.00 ticks)
                          ------------
Total (root+branch&cut) =    0.14 sec. (110.74 ticks)

Solution pool: 2 solutions saved.

MIP - Integer optimal solution:  Objective =  7.4370433440e+03
Solution time =    0.14 sec.  Iterations = 645  Nodes = 0
Deterministic time = 110.84 ticks  (775.01 ticks/sec)

CPLEX> Incumbent solution written to file '/tmp/cmpl.T11226.gsol'.
CPLEX> 
CMPL: Time used for model generation: 1 seconds
CMPL: Time used for solving the model: 0 seconds


Solution written to ASCII file: ../results/output_generated_rate_0.3/2016-07-04-4/unequal.sol

Solver - finished
