CMPL model generation - running

CMPL version: 1.11.0
Authors: Thomas Schleiff, Mike Steglich
Distributed under the GPLv3 

create model instance ...
write model instance ...
CMPL model generation - finished

Solver - running


Welcome to IBM(R) ILOG(R) CPLEX(R) Interactive Optimizer 12.7.1.0
  with Simplex, Mixed Integer & Barrier Optimizers
5725-A06 5725-A29 5724-Y48 5724-Y49 5724-Y54 5724-Y55 5655-Y21
Copyright IBM Corp. 1988, 2017.  All Rights Reserved.

Type 'help' for a list of available commands.
Type 'help' followed by a command name for more
information on commands.

CPLEX> Specified objective sense: MINIMIZE
Selected objective  name:  line[1]
Selected RHS        name:  RHS
Selected bound      name:  BOUND
Problem '/tmp/cmpl.XM9953.mps' read.
Read time = 0.06 sec. (11.93 ticks)
CPLEX> CPXPARAM_Read_APIEncoding                        "UTF-8"
Tried aggregator 3 times.
MIP Presolve eliminated 24160 rows and 37803 columns.
MIP Presolve modified 459 coefficients.
Aggregator did 710 substitutions.
Reduced MIP has 3307 rows, 5642 columns, and 18609 nonzeros.
Reduced MIP has 5432 binaries, 0 generals, 0 SOSs, and 0 indicators.
Presolve time = 0.06 sec. (60.77 ticks)
Probing time = 0.01 sec. (3.29 ticks)
Tried aggregator 1 time.
Reduced MIP has 3307 rows, 5642 columns, and 18609 nonzeros.
Reduced MIP has 5642 binaries, 0 generals, 0 SOSs, and 0 indicators.
Presolve time = 0.01 sec. (13.18 ticks)
Probing time = 0.01 sec. (3.25 ticks)
Clique table members: 5466.
MIP emphasis: balance optimality and feasibility.
MIP search method: dynamic search.
Parallel mode: none, using 1 thread.
Root relaxation solution time = 0.02 sec. (17.40 ticks)

        Nodes                                         Cuts/
   Node  Left     Objective  IInf  Best Integer    Best Bound    ItCnt     Gap

      0     0      724.6057    13                    724.6057      908         
*     0+    0                          922.9257      724.6057            21.49%
*     0+    0                          727.5771      724.6057             0.41%
*     0     0      integral     0      727.1200      Cuts: 15      915    0.00%
      0     0        cutoff            727.1200      727.1200      915    0.00%
Elapsed time = 0.21 sec. (190.05 ticks, tree = 0.01 MB, solutions = 3)

Clique cuts applied:  3
Cover cuts applied:  8
Gomory fractional cuts applied:  4

Root node processing (before b&c):
  Real time             =    0.22 sec. (192.04 ticks)
Sequential b&c:
  Real time             =    0.00 sec. (0.00 ticks)
                          ------------
Total (root+branch&cut) =    0.22 sec. (192.04 ticks)

Solution pool: 3 solutions saved.

MIP - Integer optimal solution:  Objective =  7.2711999900e+02
Solution time =    0.22 sec.  Iterations = 915  Nodes = 0
Deterministic time = 192.17 ticks  (886.62 ticks/sec)

CPLEX> Incumbent solution written to file '/tmp/cmpl.XM9953.gsol'.
CPLEX> 
CMPL: Time used for model generation: 1 seconds
CMPL: Time used for solving the model: 1 seconds


Solution written to ASCII file: ../results/output_generated_conf_0.2/2015-11-02-5/equal.sol

Solver - finished
