CMPL model generation - running

CMPL version: 1.11.0
Authors: Thomas Schleiff, Mike Steglich
Distributed under the GPLv3 

create model instance ...
write model instance ...
CMPL model generation - finished

Solver - running


Welcome to IBM(R) ILOG(R) CPLEX(R) Interactive Optimizer 12.7.1.0
  with Simplex, Mixed Integer & Barrier Optimizers
5725-A06 5725-A29 5724-Y48 5724-Y49 5724-Y54 5724-Y55 5655-Y21
Copyright IBM Corp. 1988, 2017.  All Rights Reserved.

Type 'help' for a list of available commands.
Type 'help' followed by a command name for more
information on commands.

CPLEX> Specified objective sense: MINIMIZE
Selected objective  name:  line[1]
Selected RHS        name:  RHS
Selected bound      name:  BOUND
Problem '/tmp/cmpl.T10043.mps' read.
Read time = 0.05 sec. (8.85 ticks)
CPLEX> CPXPARAM_Read_APIEncoding                        "UTF-8"
Tried aggregator 3 times.
MIP Presolve eliminated 19359 rows and 30848 columns.
MIP Presolve modified 340 coefficients.
Aggregator did 606 substitutions.
Reduced MIP has 2475 rows, 3224 columns, and 9420 nonzeros.
Reduced MIP has 3056 binaries, 0 generals, 0 SOSs, and 0 indicators.
Presolve time = 0.05 sec. (43.01 ticks)
Found incumbent of value 4027.299793 after 0.07 sec. (58.09 ticks)
Probing fixed 6 vars, tightened 0 bounds.
Probing time = 0.01 sec. (4.15 ticks)
Tried aggregator 1 time.
MIP Presolve eliminated 0 rows and 6 columns.
MIP Presolve modified 29 coefficients.
Reduced MIP has 2475 rows, 3218 columns, and 9408 nonzeros.
Reduced MIP has 3218 binaries, 0 generals, 0 SOSs, and 0 indicators.
Presolve time = 0.01 sec. (8.03 ticks)
Probing time = 0.01 sec. (2.67 ticks)
Clique table members: 5871.
MIP emphasis: balance optimality and feasibility.
MIP search method: dynamic search.
Parallel mode: none, using 1 thread.
Root relaxation solution time = 0.00 sec. (4.35 ticks)

        Nodes                                         Cuts/
   Node  Left     Objective  IInf  Best Integer    Best Bound    ItCnt     Gap

*     0+    0                         4027.2998     -422.8822           110.50%
      0     0      836.7875    16     4027.2998      836.7875       89   79.22%
*     0+    0                         1057.6284      836.7875            20.88%
*     0+    0                          841.3589      836.7875             0.54%
      0     0      840.9432     1      841.3589      Cuts: 15       95    0.05%
*     0+    0                          841.2290      840.9432             0.03%
*     0+    0                          841.0390      840.9432             0.01%
      0     0        cutoff            841.0390      840.9432       96    0.01%
Elapsed time = 0.12 sec. (104.51 ticks, tree = 0.01 MB, solutions = 5)

Cover cuts applied:  10
Gomory fractional cuts applied:  5

Root node processing (before b&c):
  Real time             =    0.13 sec. (106.51 ticks)
Sequential b&c:
  Real time             =    0.00 sec. (0.00 ticks)
                          ------------
Total (root+branch&cut) =    0.13 sec. (106.51 ticks)

Solution pool: 5 solutions saved.

MIP - Integer optimal solution:  Objective =  8.4103900100e+02
Solution time =    0.13 sec.  Iterations = 96  Nodes = 0
Deterministic time = 106.61 ticks  (839.18 ticks/sec)

CPLEX> Incumbent solution written to file '/tmp/cmpl.T10043.gsol'.
CPLEX> 
CMPL: Time used for model generation: 1 seconds
CMPL: Time used for solving the model: 1 seconds


Solution written to ASCII file: ../results/output_generated_conf_0.3/2017-04-03-4/unequal.sol

Solver - finished
