CMPL model generation - running

CMPL version: 1.11.0
Authors: Thomas Schleiff, Mike Steglich
Distributed under the GPLv3 

create model instance ...
write model instance ...
CMPL model generation - finished

Solver - running


Welcome to IBM(R) ILOG(R) CPLEX(R) Interactive Optimizer 12.7.1.0
  with Simplex, Mixed Integer & Barrier Optimizers
5725-A06 5725-A29 5724-Y48 5724-Y49 5724-Y54 5724-Y55 5655-Y21
Copyright IBM Corp. 1988, 2017.  All Rights Reserved.

Type 'help' for a list of available commands.
Type 'help' followed by a command name for more
information on commands.

CPLEX> Specified objective sense: MINIMIZE
Selected objective  name:  line[1]
Selected RHS        name:  RHS
Selected bound      name:  BOUND
Problem '/tmp/cmpl.T10479.mps' read.
Read time = 0.06 sec. (11.95 ticks)
CPLEX> CPXPARAM_Read_APIEncoding                        "UTF-8"
Tried aggregator 3 times.
MIP Presolve eliminated 23986 rows and 37465 columns.
MIP Presolve modified 522 coefficients.
Aggregator did 845 substitutions.
Reduced MIP has 3346 rows, 5845 columns, and 19196 nonzeros.
Reduced MIP has 5635 binaries, 0 generals, 0 SOSs, and 0 indicators.
Presolve time = 0.07 sec. (59.63 ticks)
Probing fixed 19 vars, tightened 0 bounds.
Probing time = 0.02 sec. (10.26 ticks)
Tried aggregator 1 time.
MIP Presolve eliminated 1 rows and 19 columns.
MIP Presolve modified 105 coefficients.
Reduced MIP has 3345 rows, 5826 columns, and 19154 nonzeros.
Reduced MIP has 5826 binaries, 0 generals, 0 SOSs, and 0 indicators.
Presolve time = 0.02 sec. (15.49 ticks)
Probing time = 0.01 sec. (3.27 ticks)
Clique table members: 11908.
MIP emphasis: balance optimality and feasibility.
MIP search method: dynamic search.
Parallel mode: none, using 1 thread.
Root relaxation solution time = 0.02 sec. (19.43 ticks)

        Nodes                                         Cuts/
   Node  Left     Objective  IInf  Best Integer    Best Bound    ItCnt     Gap

*     0     0      integral     0     3917.2947     3917.2947     1024    0.00%
Elapsed time = 0.22 sec. (183.35 ticks, tree = 0.00 MB, solutions = 1)

Root node processing (before b&c):
  Real time             =    0.22 sec. (184.81 ticks)
Sequential b&c:
  Real time             =    0.00 sec. (0.00 ticks)
                          ------------
Total (root+branch&cut) =    0.22 sec. (184.81 ticks)

Solution pool: 1 solution saved.

MIP - Integer optimal solution:  Objective =  3.9172947270e+03
Solution time =    0.22 sec.  Iterations = 1024  Nodes = 0
Deterministic time = 184.93 ticks  (824.56 ticks/sec)

CPLEX> Incumbent solution written to file '/tmp/cmpl.T10479.gsol'.
CPLEX> 
CMPL: Time used for model generation: 1 seconds
CMPL: Time used for solving the model: 1 seconds


Solution written to ASCII file: ../results/output_generated_conf_0.7/2016-05-02-5/equal.sol

Solver - finished
