CMPL model generation - running

CMPL version: 1.11.0
Authors: Thomas Schleiff, Mike Steglich
Distributed under the GPLv3 

create model instance ...
write model instance ...
CMPL model generation - finished

Solver - running


Welcome to IBM(R) ILOG(R) CPLEX(R) Interactive Optimizer 12.7.1.0
  with Simplex, Mixed Integer & Barrier Optimizers
5725-A06 5725-A29 5724-Y48 5724-Y49 5724-Y54 5724-Y55 5655-Y21
Copyright IBM Corp. 1988, 2017.  All Rights Reserved.

Type 'help' for a list of available commands.
Type 'help' followed by a command name for more
information on commands.

CPLEX> Specified objective sense: MINIMIZE
Selected objective  name:  line[1]
Selected RHS        name:  RHS
Selected bound      name:  BOUND
Problem '/tmp/cmpl.T11302.mps' read.
Read time = 0.06 sec. (11.97 ticks)
CPLEX> CPXPARAM_Read_APIEncoding                        "UTF-8"
Tried aggregator 3 times.
MIP Presolve eliminated 23724 rows and 36943 columns.
MIP Presolve modified 648 coefficients.
Aggregator did 1095 substitutions.
Reduced MIP has 3358 rows, 6117 columns, and 20004 nonzeros.
Reduced MIP has 5907 binaries, 0 generals, 0 SOSs, and 0 indicators.
Presolve time = 0.07 sec. (61.39 ticks)
Probing time = 0.01 sec. (3.29 ticks)
Tried aggregator 2 times.
MIP Presolve eliminated 2 rows and 7 columns.
MIP Presolve modified 7 coefficients.
Aggregator did 1 substitutions.
Reduced MIP has 3355 rows, 6109 columns, and 19983 nonzeros.
Reduced MIP has 6109 binaries, 0 generals, 0 SOSs, and 0 indicators.
Presolve time = 0.02 sec. (17.93 ticks)
Probing time = 0.01 sec. (3.36 ticks)
Clique table members: 3856.
MIP emphasis: balance optimality and feasibility.
MIP search method: dynamic search.
Parallel mode: none, using 1 thread.
Root relaxation solution time = 0.04 sec. (33.32 ticks)

        Nodes                                         Cuts/
   Node  Left     Objective  IInf  Best Integer    Best Bound    ItCnt     Gap

*     0     0      integral     0     8995.4790     8995.4790     1455    0.00%
Elapsed time = 0.23 sec. (195.08 ticks, tree = 0.00 MB, solutions = 1)

Root node processing (before b&c):
  Real time             =    0.23 sec. (196.52 ticks)
Sequential b&c:
  Real time             =    0.00 sec. (0.00 ticks)
                          ------------
Total (root+branch&cut) =    0.23 sec. (196.52 ticks)

Solution pool: 1 solution saved.

MIP - Integer optimal solution:  Objective =  8.9954790040e+03
Solution time =    0.23 sec.  Iterations = 1455  Nodes = 0
Deterministic time = 196.64 ticks  (843.10 ticks/sec)

CPLEX> Incumbent solution written to file '/tmp/cmpl.T11302.gsol'.
CPLEX> 
CMPL: Time used for model generation: 1 seconds
CMPL: Time used for solving the model: 1 seconds


Solution written to ASCII file: ../results/output_generated_rate_0.3/2017-07-03-5/equal.sol

Solver - finished
