CMPL model generation - running

CMPL version: 1.11.0
Authors: Thomas Schleiff, Mike Steglich
Distributed under the GPLv3 

create model instance ...
write model instance ...
CMPL model generation - finished

Solver - running


Welcome to IBM(R) ILOG(R) CPLEX(R) Interactive Optimizer 12.7.1.0
  with Simplex, Mixed Integer & Barrier Optimizers
5725-A06 5725-A29 5724-Y48 5724-Y49 5724-Y54 5724-Y55 5655-Y21
Copyright IBM Corp. 1988, 2017.  All Rights Reserved.

Type 'help' for a list of available commands.
Type 'help' followed by a command name for more
information on commands.

CPLEX> Specified objective sense: MINIMIZE
Selected objective  name:  line[1]
Selected RHS        name:  RHS
Selected bound      name:  BOUND
Problem '/tmp/cmpl.T11917.mps' read.
Read time = 0.05 sec. (9.74 ticks)
CPLEX> CPXPARAM_Read_APIEncoding                        "UTF-8"
Tried aggregator 3 times.
MIP Presolve eliminated 18538 rows and 29575 columns.
MIP Presolve modified 962 coefficients.
Aggregator did 1349 substitutions.
Reduced MIP has 2723 rows, 5369 columns, and 17275 nonzeros.
Reduced MIP has 5201 binaries, 0 generals, 0 SOSs, and 0 indicators.
Presolve time = 0.07 sec. (56.42 ticks)
Found incumbent of value 36880.036627 after 0.11 sec. (94.71 ticks)
Probing time = 0.01 sec. (3.01 ticks)
Tried aggregator 1 time.
MIP Presolve eliminated 0 rows and 44 columns.
Reduced MIP has 2723 rows, 5325 columns, and 17187 nonzeros.
Reduced MIP has 5325 binaries, 0 generals, 0 SOSs, and 0 indicators.
Presolve time = 0.01 sec. (13.65 ticks)
Probing time = 0.01 sec. (3.15 ticks)
Clique table members: 3624.
MIP emphasis: balance optimality and feasibility.
MIP search method: dynamic search.
Parallel mode: none, using 1 thread.
Root relaxation solution time = 0.04 sec. (35.96 ticks)

        Nodes                                         Cuts/
   Node  Left     Objective  IInf  Best Integer    Best Bound    ItCnt     Gap

*     0+    0                        36880.0366        0.0000           100.00%
      0     0    16272.2260    15    36880.0366    16272.2260     2248   55.88%
*     0+    0                        16272.2260    16272.2260             0.00%
      0     0        cutoff          16272.2260    16272.2260     2248    0.00%
Elapsed time = 0.22 sec. (198.60 ticks, tree = 0.01 MB, solutions = 2)

Root node processing (before b&c):
  Real time             =    0.23 sec. (200.00 ticks)
Sequential b&c:
  Real time             =    0.00 sec. (0.00 ticks)
                          ------------
Total (root+branch&cut) =    0.23 sec. (200.00 ticks)

Solution pool: 2 solutions saved.

MIP - Integer optimal solution:  Objective =  1.6272225966e+04
Solution time =    0.23 sec.  Iterations = 2248  Nodes = 0
Deterministic time = 200.11 ticks  (885.31 ticks/sec)

CPLEX> Incumbent solution written to file '/tmp/cmpl.T11917.gsol'.
CPLEX> 
CMPL: Time used for model generation: 1 seconds
CMPL: Time used for solving the model: 0 seconds


Solution written to ASCII file: ../results/output_generated_rate_0.9/2017-01-09-4/equal.sol

Solver - finished
