CMPL model generation - running

CMPL version: 1.11.0
Authors: Thomas Schleiff, Mike Steglich
Distributed under the GPLv3 

create model instance ...
write model instance ...
CMPL model generation - finished

Solver - running


Welcome to IBM(R) ILOG(R) CPLEX(R) Interactive Optimizer 12.7.1.0
  with Simplex, Mixed Integer & Barrier Optimizers
5725-A06 5725-A29 5724-Y48 5724-Y49 5724-Y54 5724-Y55 5655-Y21
Copyright IBM Corp. 1988, 2017.  All Rights Reserved.

Type 'help' for a list of available commands.
Type 'help' followed by a command name for more
information on commands.

CPLEX> Specified objective sense: MINIMIZE
Selected objective  name:  line[1]
Selected RHS        name:  RHS
Selected bound      name:  BOUND
Problem '/tmp/cmpl.T11867.mps' read.
Read time = 0.05 sec. (8.92 ticks)
CPLEX> CPXPARAM_Read_APIEncoding                        "UTF-8"
Tried aggregator 3 times.
MIP Presolve eliminated 18541 rows and 29235 columns.
MIP Presolve modified 450 coefficients.
Aggregator did 1351 substitutions.
Reduced MIP has 2548 rows, 4092 columns, and 11972 nonzeros.
Reduced MIP has 3924 binaries, 0 generals, 0 SOSs, and 0 indicators.
Presolve time = 0.05 sec. (46.03 ticks)
Found incumbent of value 36389.349109 after 0.10 sec. (87.59 ticks)
Probing time = 0.01 sec. (2.68 ticks)
Tried aggregator 1 time.
MIP Presolve eliminated 0 rows and 45 columns.
Reduced MIP has 2548 rows, 4047 columns, and 11882 nonzeros.
Reduced MIP has 4047 binaries, 0 generals, 0 SOSs, and 0 indicators.
Presolve time = 0.01 sec. (10.87 ticks)
Probing time = 0.01 sec. (2.81 ticks)
Clique table members: 3474.
MIP emphasis: balance optimality and feasibility.
MIP search method: dynamic search.
Parallel mode: none, using 1 thread.
Root relaxation solution time = 0.02 sec. (15.73 ticks)

        Nodes                                         Cuts/
   Node  Left     Objective  IInf  Best Integer    Best Bound    ItCnt     Gap

*     0+    0                        36389.3491        0.0000           100.00%
*     0     0      integral     0    16261.8152    16261.8152      992    0.00%
Elapsed time = 0.16 sec. (128.07 ticks, tree = 0.00 MB, solutions = 2)

Root node processing (before b&c):
  Real time             =    0.16 sec. (129.39 ticks)
Sequential b&c:
  Real time             =    0.00 sec. (0.00 ticks)
                          ------------
Total (root+branch&cut) =    0.16 sec. (129.39 ticks)

Solution pool: 2 solutions saved.

MIP - Integer optimal solution:  Objective =  1.6261815190e+04
Solution time =    0.16 sec.  Iterations = 992  Nodes = 0
Deterministic time = 129.49 ticks  (814.01 ticks/sec)

CPLEX> Incumbent solution written to file '/tmp/cmpl.T11867.gsol'.
CPLEX> 
CMPL: Time used for model generation: 1 seconds
CMPL: Time used for solving the model: 0 seconds


Solution written to ASCII file: ../results/output_generated_rate_0.9/2017-01-09-4/unequal.sol

Solver - finished
