CMPL model generation - running

CMPL version: 1.11.0
Authors: Thomas Schleiff, Mike Steglich
Distributed under the GPLv3 

create model instance ...
write model instance ...
CMPL model generation - finished

Solver - running


Welcome to IBM(R) ILOG(R) CPLEX(R) Interactive Optimizer 12.7.1.0
  with Simplex, Mixed Integer & Barrier Optimizers
5725-A06 5725-A29 5724-Y48 5724-Y49 5724-Y54 5724-Y55 5655-Y21
Copyright IBM Corp. 1988, 2017.  All Rights Reserved.

Type 'help' for a list of available commands.
Type 'help' followed by a command name for more
information on commands.

CPLEX> Specified objective sense: MINIMIZE
Selected objective  name:  line[1]
Selected RHS        name:  RHS
Selected bound      name:  BOUND
Problem '/tmp/cmpl.XM9751.mps' read.
Read time = 0.05 sec. (9.66 ticks)
CPLEX> CPXPARAM_Read_APIEncoding                        "UTF-8"
Tried aggregator 3 times.
MIP Presolve eliminated 19399 rows and 31269 columns.
MIP Presolve modified 417 coefficients.
Aggregator did 590 substitutions.
Reduced MIP has 2621 rows, 4434 columns, and 14552 nonzeros.
Reduced MIP has 4266 binaries, 0 generals, 0 SOSs, and 0 indicators.
Presolve time = 0.05 sec. (49.90 ticks)
Probing fixed 4 vars, tightened 0 bounds.
Probing time = 0.01 sec. (7.04 ticks)
Tried aggregator 1 time.
MIP Presolve eliminated 1 rows and 4 columns.
MIP Presolve modified 18 coefficients.
Reduced MIP has 2620 rows, 4430 columns, and 14540 nonzeros.
Reduced MIP has 4430 binaries, 0 generals, 0 SOSs, and 0 indicators.
Presolve time = 0.01 sec. (11.87 ticks)
Probing time = 0.01 sec. (3.00 ticks)
Clique table members: 7969.
MIP emphasis: balance optimality and feasibility.
MIP search method: dynamic search.
Parallel mode: none, using 1 thread.
Root relaxation solution time = 0.01 sec. (16.65 ticks)

        Nodes                                         Cuts/
   Node  Left     Objective  IInf  Best Integer    Best Bound    ItCnt     Gap

      0     0       85.0399    16                     85.0399      921         
*     0+    0                          421.9035       85.0399            79.84%
*     0+    0                           89.6113       85.0399             5.10%
      0     0        cutoff             89.6113                    921    0.00%
Elapsed time = 0.18 sec. (159.70 ticks, tree = 0.01 MB, solutions = 2)

Root node processing (before b&c):
  Real time             =    0.19 sec. (161.13 ticks)
Sequential b&c:
  Real time             =    0.00 sec. (0.00 ticks)
                          ------------
Total (root+branch&cut) =    0.19 sec. (161.13 ticks)

Solution pool: 2 solutions saved.

MIP - Integer optimal solution:  Objective =  8.9611321000e+01
Solution time =    0.19 sec.  Iterations = 921  Nodes = 0
Deterministic time = 161.23 ticks  (862.27 ticks/sec)

CPLEX> Incumbent solution written to file '/tmp/cmpl.XM9751.gsol'.
CPLEX> 
CMPL: Time used for model generation: 0 seconds
CMPL: Time used for solving the model: 1 seconds


Solution written to ASCII file: ../results/output_generated_conf_0/2016-03-07-4/equal.sol

Solver - finished
