CMPL model generation - running

CMPL version: 1.11.0
Authors: Thomas Schleiff, Mike Steglich
Distributed under the GPLv3 

create model instance ...
write model instance ...
CMPL model generation - finished

Solver - running


Welcome to IBM(R) ILOG(R) CPLEX(R) Interactive Optimizer 12.7.1.0
  with Simplex, Mixed Integer & Barrier Optimizers
5725-A06 5725-A29 5724-Y48 5724-Y49 5724-Y54 5724-Y55 5655-Y21
Copyright IBM Corp. 1988, 2017.  All Rights Reserved.

Type 'help' for a list of available commands.
Type 'help' followed by a command name for more
information on commands.

CPLEX> Specified objective sense: MINIMIZE
Selected objective  name:  line[1]
Selected RHS        name:  RHS
Selected bound      name:  BOUND
Problem '/tmp/cmpl.T11793.mps' read.
Read time = 0.05 sec. (9.73 ticks)
CPLEX> CPXPARAM_Read_APIEncoding                        "UTF-8"
Tried aggregator 3 times.
MIP Presolve eliminated 18604 rows and 29701 columns.
MIP Presolve modified 914 coefficients.
Aggregator did 1288 substitutions.
Reduced MIP has 2718 rows, 5304 columns, and 17076 nonzeros.
Reduced MIP has 5136 binaries, 0 generals, 0 SOSs, and 0 indicators.
Presolve time = 0.06 sec. (56.03 ticks)
Probing time = 0.01 sec. (3.01 ticks)
Tried aggregator 1 time.
MIP Presolve eliminated 0 rows and 31 columns.
Reduced MIP has 2718 rows, 5273 columns, and 17014 nonzeros.
Reduced MIP has 5273 binaries, 0 generals, 0 SOSs, and 0 indicators.
Presolve time = 0.02 sec. (13.07 ticks)
Probing time = 0.01 sec. (3.15 ticks)
Clique table members: 3496.
MIP emphasis: balance optimality and feasibility.
MIP search method: dynamic search.
Parallel mode: none, using 1 thread.
Root relaxation solution time = 0.09 sec. (37.83 ticks)

        Nodes                                         Cuts/
   Node  Left     Objective  IInf  Best Integer    Best Bound    ItCnt     Gap

*     0     0      integral     0    15052.0749    15052.0749     2226    0.00%
Elapsed time = 0.43 sec. (180.67 ticks, tree = 0.00 MB, solutions = 1)

Root node processing (before b&c):
  Real time             =    0.43 sec. (181.84 ticks)
Sequential b&c:
  Real time             =    0.00 sec. (0.00 ticks)
                          ------------
Total (root+branch&cut) =    0.43 sec. (181.84 ticks)

Solution pool: 1 solution saved.

MIP - Integer optimal solution:  Objective =  1.5052074866e+04
Solution time =    0.43 sec.  Iterations = 2226  Nodes = 0
Deterministic time = 181.94 ticks  (422.49 ticks/sec)

CPLEX> Incumbent solution written to file '/tmp/cmpl.T11793.gsol'.
CPLEX> 
CMPL: Time used for model generation: 0 seconds
CMPL: Time used for solving the model: 2 seconds


Solution written to ASCII file: ../results/output_generated_rate_0.8/2016-03-07-4/equal.sol

Solver - finished
