CMPL model generation - running

CMPL version: 1.11.0
Authors: Thomas Schleiff, Mike Steglich
Distributed under the GPLv3 

create model instance ...
write model instance ...
CMPL model generation - finished

Solver - running


Welcome to IBM(R) ILOG(R) CPLEX(R) Interactive Optimizer 12.7.1.0
  with Simplex, Mixed Integer & Barrier Optimizers
5725-A06 5725-A29 5724-Y48 5724-Y49 5724-Y54 5724-Y55 5655-Y21
Copyright IBM Corp. 1988, 2017.  All Rights Reserved.

Type 'help' for a list of available commands.
Type 'help' followed by a command name for more
information on commands.

CPLEX> Specified objective sense: MINIMIZE
Selected objective  name:  line[1]
Selected RHS        name:  RHS
Selected bound      name:  BOUND
Problem '/tmp/cmpl.T11742.mps' read.
Read time = 0.10 sec. (8.92 ticks)
CPLEX> CPXPARAM_Read_APIEncoding                        "UTF-8"
Tried aggregator 3 times.
MIP Presolve eliminated 18604 rows and 29361 columns.
MIP Presolve modified 340 coefficients.
Aggregator did 1288 substitutions.
Reduced MIP has 2548 rows, 4029 columns, and 11783 nonzeros.
Reduced MIP has 3861 binaries, 0 generals, 0 SOSs, and 0 indicators.
Presolve time = 0.10 sec. (43.53 ticks)
Found incumbent of value 35501.841246 after 0.19 sec. (81.57 ticks)
Probing time = 0.01 sec. (2.69 ticks)
Tried aggregator 1 time.
MIP Presolve eliminated 0 rows and 31 columns.
Reduced MIP has 2548 rows, 3998 columns, and 11721 nonzeros.
Reduced MIP has 3998 binaries, 0 generals, 0 SOSs, and 0 indicators.
Presolve time = 0.02 sec. (10.04 ticks)
Probing time = 0.01 sec. (2.82 ticks)
Clique table members: 3411.
MIP emphasis: balance optimality and feasibility.
MIP search method: dynamic search.
Parallel mode: none, using 1 thread.
Root relaxation solution time = 0.04 sec. (19.74 ticks)

        Nodes                                         Cuts/
   Node  Left     Objective  IInf  Best Integer    Best Bound    ItCnt     Gap

*     0+    0                        35501.8412        0.0000           100.00%
*     0     0      integral     0    15041.5282    15041.5282     1222    0.00%
Elapsed time = 0.30 sec. (125.11 ticks, tree = 0.00 MB, solutions = 2)

Root node processing (before b&c):
  Real time             =    0.30 sec. (126.43 ticks)
Sequential b&c:
  Real time             =    0.00 sec. (0.00 ticks)
                          ------------
Total (root+branch&cut) =    0.30 sec. (126.43 ticks)

Solution pool: 2 solutions saved.

MIP - Integer optimal solution:  Objective =  1.5041528206e+04
Solution time =    0.31 sec.  Iterations = 1222  Nodes = 0
Deterministic time = 126.53 ticks  (414.75 ticks/sec)

CPLEX> Incumbent solution written to file '/tmp/cmpl.T11742.gsol'.
CPLEX> 
CMPL: Time used for model generation: 1 seconds
CMPL: Time used for solving the model: 2 seconds


Solution written to ASCII file: ../results/output_generated_rate_0.8/2016-03-07-4/unequal.sol

Solver - finished
