CMPL model generation - running

CMPL version: 1.11.0
Authors: Thomas Schleiff, Mike Steglich
Distributed under the GPLv3 

create model instance ...
write model instance ...
CMPL model generation - finished

Solver - running


Welcome to IBM(R) ILOG(R) CPLEX(R) Interactive Optimizer 12.7.1.0
  with Simplex, Mixed Integer & Barrier Optimizers
5725-A06 5725-A29 5724-Y48 5724-Y49 5724-Y54 5724-Y55 5655-Y21
Copyright IBM Corp. 1988, 2017.  All Rights Reserved.

Type 'help' for a list of available commands.
Type 'help' followed by a command name for more
information on commands.

CPLEX> Specified objective sense: MINIMIZE
Selected objective  name:  line[1]
Selected RHS        name:  RHS
Selected bound      name:  BOUND
Problem '/tmp/cmpl.T12021.mps' read.
Read time = 0.05 sec. (9.75 ticks)
CPLEX> CPXPARAM_Read_APIEncoding                        "UTF-8"
Tried aggregator 3 times.
MIP Presolve eliminated 18489 rows and 29471 columns.
MIP Presolve modified 1002 coefficients.
Aggregator did 1403 substitutions.
Reduced MIP has 2718 rows, 5419 columns, and 17421 nonzeros.
Reduced MIP has 5251 binaries, 0 generals, 0 SOSs, and 0 indicators.
Presolve time = 0.08 sec. (56.75 ticks)
Found incumbent of value 37173.710077 after 0.12 sec. (97.47 ticks)
Probing time = 0.01 sec. (3.01 ticks)
Tried aggregator 1 time.
MIP Presolve eliminated 0 rows and 61 columns.
Reduced MIP has 2718 rows, 5358 columns, and 17299 nonzeros.
Reduced MIP has 5358 binaries, 0 generals, 0 SOSs, and 0 indicators.
Presolve time = 0.02 sec. (14.89 ticks)
Probing time = 0.01 sec. (3.15 ticks)
Clique table members: 3611.
MIP emphasis: balance optimality and feasibility.
MIP search method: dynamic search.
Parallel mode: none, using 1 thread.
Root relaxation solution time = 0.04 sec. (37.10 ticks)

        Nodes                                         Cuts/
   Node  Left     Objective  IInf  Best Integer    Best Bound    ItCnt     Gap

*     0+    0                        37173.7101        0.0000           100.00%
*     0     0      integral     0    17298.1199    17298.1199     2363    0.00%
Elapsed time = 0.21 sec. (167.03 ticks, tree = 0.00 MB, solutions = 2)

Root node processing (before b&c):
  Real time             =    0.21 sec. (168.43 ticks)
Sequential b&c:
  Real time             =    0.00 sec. (0.00 ticks)
                          ------------
Total (root+branch&cut) =    0.21 sec. (168.43 ticks)

Solution pool: 2 solutions saved.

MIP - Integer optimal solution:  Objective =  1.7298119868e+04
Solution time =    0.21 sec.  Iterations = 2363  Nodes = 0
Deterministic time = 168.54 ticks  (805.06 ticks/sec)

CPLEX> Incumbent solution written to file '/tmp/cmpl.T12021.gsol'.
CPLEX> 
CMPL: Time used for model generation: 1 seconds
CMPL: Time used for solving the model: 1 seconds


Solution written to ASCII file: ../results/output_generated_rate_1/2017-01-09-4/equal.sol

Solver - finished
