CMPL model generation - running

CMPL version: 1.11.0
Authors: Thomas Schleiff, Mike Steglich
Distributed under the GPLv3 

create model instance ...
write model instance ...
CMPL model generation - finished

Solver - running


Welcome to IBM(R) ILOG(R) CPLEX(R) Interactive Optimizer 12.7.1.0
  with Simplex, Mixed Integer & Barrier Optimizers
5725-A06 5725-A29 5724-Y48 5724-Y49 5724-Y54 5724-Y55 5655-Y21
Copyright IBM Corp. 1988, 2017.  All Rights Reserved.

Type 'help' for a list of available commands.
Type 'help' followed by a command name for more
information on commands.

CPLEX> Specified objective sense: MINIMIZE
Selected objective  name:  line[1]
Selected RHS        name:  RHS
Selected bound      name:  BOUND
Problem '/tmp/cmpl.T11159.mps' read.
Read time = 0.05 sec. (9.68 ticks)
CPLEX> CPXPARAM_Read_APIEncoding                        "UTF-8"
Tried aggregator 3 times.
MIP Presolve eliminated 19142 rows and 30783 columns.
MIP Presolve modified 538 coefficients.
Aggregator did 755 substitutions.
Reduced MIP has 2713 rows, 4755 columns, and 15435 nonzeros.
Reduced MIP has 4587 binaries, 0 generals, 0 SOSs, and 0 indicators.
Presolve time = 0.06 sec. (51.51 ticks)
Probing fixed 29 vars, tightened 0 bounds.
Probing time = 0.02 sec. (7.98 ticks)
Tried aggregator 2 times.
MIP Presolve eliminated 3 rows and 29 columns.
MIP Presolve modified 173 coefficients.
Aggregator did 2 substitutions.
Reduced MIP has 2708 rows, 4724 columns, and 15367 nonzeros.
Reduced MIP has 4724 binaries, 0 generals, 0 SOSs, and 0 indicators.
Presolve time = 0.02 sec. (14.23 ticks)
Probing time = 0.01 sec. (3.02 ticks)
Clique table members: 9602.
MIP emphasis: balance optimality and feasibility.
MIP search method: dynamic search.
Parallel mode: none, using 1 thread.
Root relaxation solution time = 0.02 sec. (19.68 ticks)

        Nodes                                         Cuts/
   Node  Left     Objective  IInf  Best Integer    Best Bound    ItCnt     Gap

*     0     0      integral     0     4914.6467     4914.6467     1076    0.00%
Elapsed time = 0.19 sec. (162.94 ticks, tree = 0.00 MB, solutions = 1)

Root node processing (before b&c):
  Real time             =    0.20 sec. (164.12 ticks)
Sequential b&c:
  Real time             =    0.00 sec. (0.00 ticks)
                          ------------
Total (root+branch&cut) =    0.20 sec. (164.12 ticks)

Solution pool: 1 solution saved.

MIP - Integer optimal solution:  Objective =  4.9146467010e+03
Solution time =    0.20 sec.  Iterations = 1076  Nodes = 0
Deterministic time = 164.23 ticks  (841.02 ticks/sec)

CPLEX> Incumbent solution written to file '/tmp/cmpl.T11159.gsol'.
CPLEX> 
CMPL: Time used for model generation: 1 seconds
CMPL: Time used for solving the model: 1 seconds


Solution written to ASCII file: ../results/output_generated_rate_0.2/2016-01-04-4/equal.sol

Solver - finished
