CMPL model generation - running

CMPL version: 1.11.0
Authors: Thomas Schleiff, Mike Steglich
Distributed under the GPLv3 

create model instance ...
write model instance ...
CMPL model generation - finished

Solver - running


Welcome to IBM(R) ILOG(R) CPLEX(R) Interactive Optimizer 12.7.1.0
  with Simplex, Mixed Integer & Barrier Optimizers
5725-A06 5725-A29 5724-Y48 5724-Y49 5724-Y54 5724-Y55 5655-Y21
Copyright IBM Corp. 1988, 2017.  All Rights Reserved.

Type 'help' for a list of available commands.
Type 'help' followed by a command name for more
information on commands.

CPLEX> Specified objective sense: MINIMIZE
Selected objective  name:  line[1]
Selected RHS        name:  RHS
Selected bound      name:  BOUND
Problem '/tmp/cmpl.T11109.mps' read.
Read time = 0.05 sec. (8.87 ticks)
CPLEX> CPXPARAM_Read_APIEncoding                        "UTF-8"
Tried aggregator 3 times.
MIP Presolve eliminated 19145 rows and 30443 columns.
MIP Presolve modified 340 coefficients.
Aggregator did 757 substitutions.
Reduced MIP has 2538 rows, 3478 columns, and 10132 nonzeros.
Reduced MIP has 3310 binaries, 0 generals, 0 SOSs, and 0 indicators.
Presolve time = 0.04 sec. (42.02 ticks)
Found incumbent of value 20414.980324 after 0.08 sec. (68.16 ticks)
Probing fixed 29 vars, tightened 0 bounds.
Probing time = 0.01 sec. (4.56 ticks)
Tried aggregator 1 time.
MIP Presolve eliminated 0 rows and 29 columns.
MIP Presolve modified 163 coefficients.
Reduced MIP has 2538 rows, 3449 columns, and 10074 nonzeros.
Reduced MIP has 3449 binaries, 0 generals, 0 SOSs, and 0 indicators.
Presolve time = 0.01 sec. (8.72 ticks)
Probing time = 0.01 sec. (2.70 ticks)
Clique table members: 6279.
MIP emphasis: balance optimality and feasibility.
MIP search method: dynamic search.
Parallel mode: none, using 1 thread.
Root relaxation solution time = 0.01 sec. (9.50 ticks)

        Nodes                                         Cuts/
   Node  Left     Objective  IInf  Best Integer    Best Bound    ItCnt     Gap

*     0+    0                        20414.9803     -158.4549           100.78%
*     0     0      integral     0     4904.0570     4904.0570      454    0.00%
Elapsed time = 0.13 sec. (102.09 ticks, tree = 0.00 MB, solutions = 2)

Root node processing (before b&c):
  Real time             =    0.13 sec. (103.39 ticks)
Sequential b&c:
  Real time             =    0.00 sec. (0.00 ticks)
                          ------------
Total (root+branch&cut) =    0.13 sec. (103.39 ticks)

Solution pool: 2 solutions saved.

MIP - Integer optimal solution:  Objective =  4.9040569780e+03
Solution time =    0.13 sec.  Iterations = 454  Nodes = 0
Deterministic time = 103.49 ticks  (804.80 ticks/sec)

CPLEX> Incumbent solution written to file '/tmp/cmpl.T11109.gsol'.
CPLEX> 
CMPL: Time used for model generation: 1 seconds
CMPL: Time used for solving the model: 0 seconds


Solution written to ASCII file: ../results/output_generated_rate_0.2/2016-01-04-4/unequal.sol

Solver - finished
