CMPL model generation - running

CMPL version: 1.11.0
Authors: Thomas Schleiff, Mike Steglich
Distributed under the GPLv3 

create model instance ...
write model instance ...
CMPL model generation - finished

Solver - running


Welcome to IBM(R) ILOG(R) CPLEX(R) Interactive Optimizer 12.7.1.0
  with Simplex, Mixed Integer & Barrier Optimizers
5725-A06 5725-A29 5724-Y48 5724-Y49 5724-Y54 5724-Y55 5655-Y21
Copyright IBM Corp. 1988, 2017.  All Rights Reserved.

Type 'help' for a list of available commands.
Type 'help' followed by a command name for more
information on commands.

CPLEX> Specified objective sense: MINIMIZE
Selected objective  name:  line[1]
Selected RHS        name:  RHS
Selected bound      name:  BOUND
Problem '/tmp/cmpl.T11791.mps' read.
Read time = 0.06 sec. (12.03 ticks)
CPLEX> CPXPARAM_Read_APIEncoding                        "UTF-8"
Tried aggregator 3 times.
MIP Presolve eliminated 23189 rows and 35869 columns.
MIP Presolve modified 997 coefficients.
Aggregator did 1633 substitutions.
Reduced MIP has 3355 rows, 6653 columns, and 21608 nonzeros.
Reduced MIP has 6443 binaries, 0 generals, 0 SOSs, and 0 indicators.
Presolve time = 0.07 sec. (65.76 ticks)
Found incumbent of value 44112.714887 after 0.13 sec. (115.32 ticks)
Probing time = 0.01 sec. (3.19 ticks)
Tried aggregator 1 time.
MIP Presolve eliminated 0 rows and 52 columns.
Reduced MIP has 3355 rows, 6601 columns, and 21504 nonzeros.
Reduced MIP has 6601 binaries, 0 generals, 0 SOSs, and 0 indicators.
Presolve time = 0.02 sec. (18.22 ticks)
Probing time = 0.01 sec. (3.38 ticks)
Clique table members: 4393.
MIP emphasis: balance optimality and feasibility.
MIP search method: dynamic search.
Parallel mode: none, using 1 thread.
Root relaxation solution time = 0.06 sec. (56.12 ticks)

        Nodes                                         Cuts/
   Node  Left     Objective  IInf  Best Integer    Best Bound    ItCnt     Gap

*     0+    0                        44112.7149        0.0000           100.00%
*     0     0      integral     0    19246.7290    19246.7290     3174    0.00%
Elapsed time = 0.24 sec. (209.86 ticks, tree = 0.00 MB, solutions = 2)

Root node processing (before b&c):
  Real time             =    0.25 sec. (211.58 ticks)
Sequential b&c:
  Real time             =    0.00 sec. (0.00 ticks)
                          ------------
Total (root+branch&cut) =    0.25 sec. (211.58 ticks)

Solution pool: 2 solutions saved.

MIP - Integer optimal solution:  Objective =  1.9246729002e+04
Solution time =    0.25 sec.  Iterations = 3174  Nodes = 0
Deterministic time = 211.71 ticks  (862.71 ticks/sec)

CPLEX> Incumbent solution written to file '/tmp/cmpl.T11791.gsol'.
CPLEX> 
CMPL: Time used for model generation: 1 seconds
CMPL: Time used for solving the model: 1 seconds


Solution written to ASCII file: ../results/output_generated_rate_0.8/2016-02-01-5/equal.sol

Solver - finished
