CMPL model generation - running

CMPL version: 1.11.0
Authors: Thomas Schleiff, Mike Steglich
Distributed under the GPLv3 

create model instance ...
write model instance ...
CMPL model generation - finished

Solver - running


Welcome to IBM(R) ILOG(R) CPLEX(R) Interactive Optimizer 12.7.1.0
  with Simplex, Mixed Integer & Barrier Optimizers
5725-A06 5725-A29 5724-Y48 5724-Y49 5724-Y54 5724-Y55 5655-Y21
Copyright IBM Corp. 1988, 2017.  All Rights Reserved.

Type 'help' for a list of available commands.
Type 'help' followed by a command name for more
information on commands.

CPLEX> Specified objective sense: MINIMIZE
Selected objective  name:  line[1]
Selected RHS        name:  RHS
Selected bound      name:  BOUND
Problem '/tmp/cmpl.T11740.mps' read.
Read time = 0.21 sec. (11.05 ticks)
CPLEX> CPXPARAM_Read_APIEncoding                        "UTF-8"
Tried aggregator 3 times.
MIP Presolve eliminated 23189 rows and 35869 columns.
MIP Presolve modified 425 coefficients.
Aggregator did 1633 substitutions.
Reduced MIP has 3185 rows, 5038 columns, and 14928 nonzeros.
Reduced MIP has 4828 binaries, 0 generals, 0 SOSs, and 0 indicators.
Presolve time = 0.28 sec. (54.11 ticks)
Found incumbent of value 44604.286081 after 0.47 sec. (107.43 ticks)
Probing time = 0.01 sec. (2.81 ticks)
Tried aggregator 1 time.
MIP Presolve eliminated 0 rows and 52 columns.
Reduced MIP has 3185 rows, 4986 columns, and 14824 nonzeros.
Reduced MIP has 4986 binaries, 0 generals, 0 SOSs, and 0 indicators.
Presolve time = 0.03 sec. (13.69 ticks)
Probing time = 0.01 sec. (2.97 ticks)
Clique table members: 4308.
MIP emphasis: balance optimality and feasibility.
MIP search method: dynamic search.
Parallel mode: none, using 1 thread.
Root relaxation solution time = 0.06 sec. (20.64 ticks)

        Nodes                                         Cuts/
   Node  Left     Objective  IInf  Best Integer    Best Bound    ItCnt     Gap

*     0+    0                        44604.2861        0.0000           100.00%
*     0     0      integral     0    19234.0282    19234.0282     1224    0.00%
Elapsed time = 0.62 sec. (157.90 ticks, tree = 0.00 MB, solutions = 2)

Root node processing (before b&c):
  Real time             =    0.63 sec. (159.53 ticks)
Sequential b&c:
  Real time             =    0.00 sec. (0.00 ticks)
                          ------------
Total (root+branch&cut) =    0.63 sec. (159.53 ticks)

Solution pool: 2 solutions saved.

MIP - Integer optimal solution:  Objective =  1.9234028203e+04
Solution time =    0.63 sec.  Iterations = 1224  Nodes = 0
Deterministic time = 159.65 ticks  (254.53 ticks/sec)

CPLEX> Incumbent solution written to file '/tmp/cmpl.T11740.gsol'.
CPLEX> 
CMPL: Time used for model generation: 10 seconds
CMPL: Time used for solving the model: 3 seconds


Solution written to ASCII file: ../results/output_generated_rate_0.8/2016-02-01-5/unequal.sol

Solver - finished
