CMPL model generation - running

CMPL version: 1.11.0
Authors: Thomas Schleiff, Mike Steglich
Distributed under the GPLv3 

create model instance ...
write model instance ...
CMPL model generation - finished

Solver - running


Welcome to IBM(R) ILOG(R) CPLEX(R) Interactive Optimizer 12.7.1.0
  with Simplex, Mixed Integer & Barrier Optimizers
5725-A06 5725-A29 5724-Y48 5724-Y49 5724-Y54 5724-Y55 5655-Y21
Copyright IBM Corp. 1988, 2017.  All Rights Reserved.

Type 'help' for a list of available commands.
Type 'help' followed by a command name for more
information on commands.

CPLEX> Specified objective sense: MINIMIZE
Selected objective  name:  line[1]
Selected RHS        name:  RHS
Selected bound      name:  BOUND
Problem '/tmp/cmpl.T10571.mps' read.
Read time = 0.07 sec. (9.68 ticks)
CPLEX> CPXPARAM_Read_APIEncoding                        "UTF-8"
Tried aggregator 3 times.
MIP Presolve eliminated 19123 rows and 30739 columns.
MIP Presolve modified 558 coefficients.
Aggregator did 778 substitutions.
Reduced MIP has 2709 rows, 4776 columns, and 15494 nonzeros.
Reduced MIP has 4608 binaries, 0 generals, 0 SOSs, and 0 indicators.
Presolve time = 0.07 sec. (51.65 ticks)
Probing fixed 24 vars, tightened 0 bounds.
Probing time = 0.02 sec. (8.07 ticks)
Tried aggregator 1 time.
MIP Presolve eliminated 0 rows and 24 columns.
MIP Presolve modified 152 coefficients.
Reduced MIP has 2709 rows, 4752 columns, and 15446 nonzeros.
Reduced MIP has 4752 binaries, 0 generals, 0 SOSs, and 0 indicators.
Presolve time = 0.02 sec. (11.54 ticks)
Probing time = 0.01 sec. (3.02 ticks)
Clique table members: 9678.
MIP emphasis: balance optimality and feasibility.
MIP search method: dynamic search.
Parallel mode: none, using 1 thread.
Root relaxation solution time = 0.02 sec. (19.88 ticks)

        Nodes                                         Cuts/
   Node  Left     Objective  IInf  Best Integer    Best Bound    ItCnt     Gap

      0     0     4936.7543     2                   4936.7543     1250         
*     0+    0                         4975.9086     4936.7543             0.79%
*     0+    0                         4937.3257     4936.7543             0.01%
*     0     0      integral     0     4937.1886     4937.1886     1252    0.00%
Elapsed time = 0.25 sec. (172.24 ticks, tree = 0.01 MB, solutions = 3)

Root node processing (before b&c):
  Real time             =    0.25 sec. (173.91 ticks)
Sequential b&c:
  Real time             =    0.00 sec. (0.00 ticks)
                          ------------
Total (root+branch&cut) =    0.25 sec. (173.91 ticks)

Solution pool: 3 solutions saved.

MIP - Integer optimal solution:  Objective =  4.9371885710e+03
Solution time =    0.25 sec.  Iterations = 1252  Nodes = 0
Deterministic time = 174.01 ticks  (699.49 ticks/sec)

CPLEX> Incumbent solution written to file '/tmp/cmpl.T10571.gsol'.
CPLEX> 
CMPL: Time used for model generation: 1 seconds
CMPL: Time used for solving the model: 1 seconds


Solution written to ASCII file: ../results/output_generated_conf_0.8/2015-12-07-4/equal.sol

Solver - finished
