CMPL model generation - running

CMPL version: 1.11.0
Authors: Thomas Schleiff, Mike Steglich
Distributed under the GPLv3 

create model instance ...
write model instance ...
CMPL model generation - finished

Solver - running


Welcome to IBM(R) ILOG(R) CPLEX(R) Interactive Optimizer 12.7.1.0
  with Simplex, Mixed Integer & Barrier Optimizers
5725-A06 5725-A29 5724-Y48 5724-Y49 5724-Y54 5724-Y55 5655-Y21
Copyright IBM Corp. 1988, 2017.  All Rights Reserved.

Type 'help' for a list of available commands.
Type 'help' followed by a command name for more
information on commands.

CPLEX> Specified objective sense: MINIMIZE
Selected objective  name:  line[1]
Selected RHS        name:  RHS
Selected bound      name:  BOUND
Problem '/tmp/cmpl.T10521.mps' read.
Read time = 0.06 sec. (8.87 ticks)
CPLEX> CPXPARAM_Read_APIEncoding                        "UTF-8"
Tried aggregator 3 times.
MIP Presolve eliminated 19123 rows and 30399 columns.
MIP Presolve modified 340 coefficients.
Aggregator did 778 substitutions.
Reduced MIP has 2539 rows, 3501 columns, and 10201 nonzeros.
Reduced MIP has 3333 binaries, 0 generals, 0 SOSs, and 0 indicators.
Presolve time = 0.06 sec. (42.11 ticks)
Found incumbent of value 19051.680005 after 0.10 sec. (71.26 ticks)
Probing fixed 24 vars, tightened 0 bounds.
Probing time = 0.02 sec. (4.65 ticks)
Tried aggregator 1 time.
MIP Presolve eliminated 0 rows and 24 columns.
MIP Presolve modified 152 coefficients.
Reduced MIP has 2539 rows, 3477 columns, and 10153 nonzeros.
Reduced MIP has 3477 binaries, 0 generals, 0 SOSs, and 0 indicators.
Presolve time = 0.01 sec. (8.74 ticks)
Probing time = 0.01 sec. (2.73 ticks)
Clique table members: 6173.
MIP emphasis: balance optimality and feasibility.
MIP search method: dynamic search.
Parallel mode: none, using 1 thread.
Root relaxation solution time = 0.01 sec. (8.41 ticks)

        Nodes                                         Cuts/
   Node  Left     Objective  IInf  Best Integer    Best Bound    ItCnt     Gap

*     0+    0                        19051.6800     -138.4686           100.73%
      0     0     4924.7886     2    19051.6800     4924.7886      399   74.15%
*     0+    0                         4944.4343     4924.7886             0.40%
*     0+    0                         4925.3600     4924.7886             0.01%
*     0     0      integral     0     4925.1657     4925.1657      400    0.00%
Elapsed time = 0.17 sec. (114.75 ticks, tree = 0.01 MB, solutions = 4)

Root node processing (before b&c):
  Real time             =    0.18 sec. (116.50 ticks)
Sequential b&c:
  Real time             =    0.00 sec. (0.00 ticks)
                          ------------
Total (root+branch&cut) =    0.18 sec. (116.50 ticks)

Solution pool: 4 solutions saved.

MIP - Integer optimal solution:  Objective =  4.9251657120e+03
Solution time =    0.18 sec.  Iterations = 400  Nodes = 0
Deterministic time = 116.60 ticks  (664.61 ticks/sec)

CPLEX> Incumbent solution written to file '/tmp/cmpl.T10521.gsol'.
CPLEX> 
CMPL: Time used for model generation: 1 seconds
CMPL: Time used for solving the model: 1 seconds


Solution written to ASCII file: ../results/output_generated_conf_0.8/2015-12-07-4/unequal.sol

Solver - finished
