CMPL model generation - running

CMPL version: 1.11.0
Authors: Thomas Schleiff, Mike Steglich
Distributed under the GPLv3 

create model instance ...
write model instance ...
CMPL model generation - finished

Solver - running


Welcome to IBM(R) ILOG(R) CPLEX(R) Interactive Optimizer 12.7.1.0
  with Simplex, Mixed Integer & Barrier Optimizers
5725-A06 5725-A29 5724-Y48 5724-Y49 5724-Y54 5724-Y55 5655-Y21
Copyright IBM Corp. 1988, 2017.  All Rights Reserved.

Type 'help' for a list of available commands.
Type 'help' followed by a command name for more
information on commands.

CPLEX> Specified objective sense: MINIMIZE
Selected objective  name:  line[1]
Selected RHS        name:  RHS
Selected bound      name:  BOUND
Problem '/tmp/cmpl.T15515.mps' read.
Read time = 0.06 sec. (9.61 ticks)
CPLEX> CPXPARAM_Read_APIEncoding                        "UTF-8"
Tried aggregator 3 times.
MIP Presolve eliminated 19408 rows and 31274 columns.
MIP Presolve modified 413 coefficients.
Aggregator did 564 substitutions.
Reduced MIP has 2638 rows, 4455 columns, and 14593 nonzeros.
Reduced MIP has 4287 binaries, 0 generals, 0 SOSs, and 0 indicators.
Presolve time = 0.06 sec. (49.85 ticks)
Probing fixed 5 vars, tightened 0 bounds.
Probing time = 0.01 sec. (7.29 ticks)
Tried aggregator 2 times.
MIP Presolve eliminated 2 rows and 5 columns.
MIP Presolve modified 27 coefficients.
Aggregator did 1 substitutions.
Reduced MIP has 2635 rows, 4449 columns, and 14576 nonzeros.
Reduced MIP has 4449 binaries, 0 generals, 0 SOSs, and 0 indicators.
Presolve time = 0.01 sec. (13.86 ticks)
Probing time = 0.01 sec. (2.99 ticks)
Clique table members: 8249.
MIP emphasis: balance optimality and feasibility.
MIP search method: dynamic search.
Parallel mode: none, using 1 thread.
Root relaxation solution time = 0.01 sec. (7.61 ticks)

        Nodes                                         Cuts/
   Node  Left     Objective  IInf  Best Integer    Best Bound    ItCnt     Gap

      0     0        0.0000   126                      0.0000      211         
      0     0        0.0000    20                    Cuts: 10      218         
      0     0        0.0000    10                    Cuts: 52      263         
      0     0        0.0000    36                    Cuts: 20      293         
      0     0        0.0000     6                    Cuts: 13      311         
*     0+    0                            0.0000        0.0000             0.00%
      0     0        cutoff              0.0000        0.0000      311    0.00%
Elapsed time = 0.33 sec. (318.14 ticks, tree = 0.01 MB, solutions = 1)

GUB cover cuts applied:  18
Clique cuts applied:  9
Cover cuts applied:  1
Flow cuts applied:  2
Mixed integer rounding cuts applied:  13
Zero-half cuts applied:  11
Lift and project cuts applied:  5
Gomory fractional cuts applied:  8

Root node processing (before b&c):
  Real time             =    0.34 sec. (319.33 ticks)
Sequential b&c:
  Real time             =    0.00 sec. (0.00 ticks)
                          ------------
Total (root+branch&cut) =    0.34 sec. (319.33 ticks)

Solution pool: 1 solution saved.

MIP - Integer optimal solution:  Objective =  0.0000000000e+00
Solution time =    0.34 sec.  Iterations = 311  Nodes = 0
Deterministic time = 319.44 ticks  (949.35 ticks/sec)

CPLEX> Incumbent solution written to file '/tmp/cmpl.T15515.gsol'.
CPLEX> 
CMPL: Time used for model generation: 1 seconds
CMPL: Time used for solving the model: 1 seconds


Solution written to ASCII file: ../results/results_unfair_conf_0/2015-12-07-4/unequal-unfair.sol

Solver - finished
