CMPL model generation - running

CMPL version: 1.11.0
Authors: Thomas Schleiff, Mike Steglich
Distributed under the GPLv3 

create model instance ...
write model instance ...
CMPL model generation - finished

Solver - running


Welcome to IBM(R) ILOG(R) CPLEX(R) Interactive Optimizer 12.7.1.0
  with Simplex, Mixed Integer & Barrier Optimizers
5725-A06 5725-A29 5724-Y48 5724-Y49 5724-Y54 5724-Y55 5655-Y21
Copyright IBM Corp. 1988, 2017.  All Rights Reserved.

Type 'help' for a list of available commands.
Type 'help' followed by a command name for more
information on commands.

CPLEX> Specified objective sense: MINIMIZE
Selected objective  name:  line[1]
Selected RHS        name:  RHS
Selected bound      name:  BOUND
Problem '/tmp/cmpl.T11411.mps' read.
Read time = 0.05 sec. (9.70 ticks)
CPLEX> CPXPARAM_Read_APIEncoding                        "UTF-8"
Tried aggregator 3 times.
MIP Presolve eliminated 18888 rows and 30269 columns.
MIP Presolve modified 698 coefficients.
Aggregator did 1004 substitutions.
Reduced MIP has 2718 rows, 5020 columns, and 16224 nonzeros.
Reduced MIP has 4852 binaries, 0 generals, 0 SOSs, and 0 indicators.
Presolve time = 0.06 sec. (53.34 ticks)
Probing time = 0.01 sec. (3.07 ticks)
Tried aggregator 1 time.
MIP Presolve eliminated 0 rows and 5 columns.
Reduced MIP has 2718 rows, 5015 columns, and 16214 nonzeros.
Reduced MIP has 5015 binaries, 0 generals, 0 SOSs, and 0 indicators.
Presolve time = 0.01 sec. (11.73 ticks)
Probing time = 0.01 sec. (3.14 ticks)
Clique table members: 3212.
MIP emphasis: balance optimality and feasibility.
MIP search method: dynamic search.
Parallel mode: none, using 1 thread.
Root relaxation solution time = 0.03 sec. (26.03 ticks)

        Nodes                                         Cuts/
   Node  Left     Objective  IInf  Best Integer    Best Bound    ItCnt     Gap

*     0     0      integral     0     9591.4533     9591.4533     1554    0.00%
Elapsed time = 0.19 sec. (161.23 ticks, tree = 0.00 MB, solutions = 1)

Root node processing (before b&c):
  Real time             =    0.19 sec. (162.39 ticks)
Sequential b&c:
  Real time             =    0.00 sec. (0.00 ticks)
                          ------------
Total (root+branch&cut) =    0.19 sec. (162.39 ticks)

Solution pool: 1 solution saved.

MIP - Integer optimal solution:  Objective =  9.5914533230e+03
Solution time =    0.20 sec.  Iterations = 1554  Nodes = 0
Deterministic time = 162.50 ticks  (833.16 ticks/sec)

CPLEX> Incumbent solution written to file '/tmp/cmpl.T11411.gsol'.
CPLEX> 
CMPL: Time used for model generation: 0 seconds
CMPL: Time used for solving the model: 1 seconds


Solution written to ASCII file: ../results/output_generated_rate_0.4/2017-09-04-4/equal.sol

Solver - finished
