CMPL model generation - running

CMPL version: 1.11.0
Authors: Thomas Schleiff, Mike Steglich
Distributed under the GPLv3 

create model instance ...
write model instance ...
CMPL model generation - finished

Solver - running


Welcome to IBM(R) ILOG(R) CPLEX(R) Interactive Optimizer 12.7.1.0
  with Simplex, Mixed Integer & Barrier Optimizers
5725-A06 5725-A29 5724-Y48 5724-Y49 5724-Y54 5724-Y55 5655-Y21
Copyright IBM Corp. 1988, 2017.  All Rights Reserved.

Type 'help' for a list of available commands.
Type 'help' followed by a command name for more
information on commands.

CPLEX> Specified objective sense: MINIMIZE
Selected objective  name:  line[1]
Selected RHS        name:  RHS
Selected bound      name:  BOUND
Problem '/tmp/cmpl.T11361.mps' read.
Read time = 0.06 sec. (8.89 ticks)
CPLEX> CPXPARAM_Read_APIEncoding                        "UTF-8"
Tried aggregator 3 times.
MIP Presolve eliminated 18888 rows and 29929 columns.
MIP Presolve modified 340 coefficients.
Aggregator did 1004 substitutions.
Reduced MIP has 2548 rows, 3745 columns, and 10931 nonzeros.
Reduced MIP has 3577 binaries, 0 generals, 0 SOSs, and 0 indicators.
Presolve time = 0.06 sec. (42.67 ticks)
Found incumbent of value 29991.163023 after 0.14 sec. (109.73 ticks)
Probing time = 0.01 sec. (2.72 ticks)
Tried aggregator 1 time.
MIP Presolve eliminated 0 rows and 5 columns.
Reduced MIP has 2548 rows, 3740 columns, and 10921 nonzeros.
Reduced MIP has 3740 binaries, 0 generals, 0 SOSs, and 0 indicators.
Presolve time = 0.01 sec. (8.97 ticks)
Probing time = 0.01 sec. (2.82 ticks)
Clique table members: 3127.
MIP emphasis: balance optimality and feasibility.
MIP search method: dynamic search.
Parallel mode: none, using 1 thread.
Root relaxation solution time = 0.02 sec. (16.23 ticks)

        Nodes                                         Cuts/
   Node  Left     Objective  IInf  Best Integer    Best Bound    ItCnt     Gap

*     0+    0                        29991.1630        0.0000           100.00%
*     0     0      integral     0     9580.2620     9580.2620      875    0.00%
Elapsed time = 0.19 sec. (148.09 ticks, tree = 0.00 MB, solutions = 2)

Root node processing (before b&c):
  Real time             =    0.19 sec. (149.41 ticks)
Sequential b&c:
  Real time             =    0.00 sec. (0.00 ticks)
                          ------------
Total (root+branch&cut) =    0.19 sec. (149.41 ticks)

Solution pool: 2 solutions saved.

MIP - Integer optimal solution:  Objective =  9.5802619970e+03
Solution time =    0.19 sec.  Iterations = 875  Nodes = 0
Deterministic time = 149.51 ticks  (788.77 ticks/sec)

CPLEX> Incumbent solution written to file '/tmp/cmpl.T11361.gsol'.
CPLEX> 
CMPL: Time used for model generation: 1 seconds
CMPL: Time used for solving the model: 1 seconds


Solution written to ASCII file: ../results/output_generated_rate_0.4/2017-09-04-4/unequal.sol

Solver - finished
