CMPL model generation - running

CMPL version: 1.11.0
Authors: Thomas Schleiff, Mike Steglich
Distributed under the GPLv3 

create model instance ...
write model instance ...
CMPL model generation - finished

Solver - running


Welcome to IBM(R) ILOG(R) CPLEX(R) Interactive Optimizer 12.7.1.0
  with Simplex, Mixed Integer & Barrier Optimizers
5725-A06 5725-A29 5724-Y48 5724-Y49 5724-Y54 5724-Y55 5655-Y21
Copyright IBM Corp. 1988, 2017.  All Rights Reserved.

Type 'help' for a list of available commands.
Type 'help' followed by a command name for more
information on commands.

CPLEX> Specified objective sense: MINIMIZE
Selected objective  name:  line[1]
Selected RHS        name:  RHS
Selected bound      name:  BOUND
Problem '/tmp/cmpl.XM9721.mps' read.
Read time = 0.06 sec. (10.96 ticks)
CPLEX> CPXPARAM_Read_APIEncoding                        "UTF-8"
Tried aggregator 3 times.
MIP Presolve eliminated 24195 rows and 37870 columns.
MIP Presolve modified 425 coefficients.
Aggregator did 702 substitutions.
Reduced MIP has 3110 rows, 3968 columns, and 11772 nonzeros.
Reduced MIP has 3758 binaries, 0 generals, 0 SOSs, and 0 indicators.
Presolve time = 0.06 sec. (53.27 ticks)
Found incumbent of value 3711.373235 after 0.08 sec. (73.78 ticks)
Probing fixed 6 vars, tightened 0 bounds.
Probing time = 0.01 sec. (5.01 ticks)
Tried aggregator 1 time.
MIP Presolve eliminated 0 rows and 6 columns.
MIP Presolve modified 25 coefficients.
Reduced MIP has 3110 rows, 3962 columns, and 11760 nonzeros.
Reduced MIP has 3962 binaries, 0 generals, 0 SOSs, and 0 indicators.
Presolve time = 0.01 sec. (9.95 ticks)
Probing time = 0.01 sec. (2.82 ticks)
Clique table members: 6595.
MIP emphasis: balance optimality and feasibility.
MIP search method: dynamic search.
Parallel mode: none, using 1 thread.
Root relaxation solution time = 0.00 sec. (5.27 ticks)

        Nodes                                         Cuts/
   Node  Left     Objective  IInf  Best Integer    Best Bound    ItCnt     Gap

*     0+    0                         3711.3732     -423.1722           111.40%
      0     0      148.9312    22     3711.3732      148.9312       76   95.99%
*     0+    0                          605.4037      148.9312            75.40%
*     0+    0                          153.9598      148.9312             3.27%
      0     0        cutoff            153.9598                     76    0.00%
Elapsed time = 0.14 sec. (114.17 ticks, tree = 0.01 MB, solutions = 3)

Root node processing (before b&c):
  Real time             =    0.14 sec. (116.05 ticks)
Sequential b&c:
  Real time             =    0.00 sec. (0.00 ticks)
                          ------------
Total (root+branch&cut) =    0.14 sec. (116.05 ticks)

Solution pool: 3 solutions saved.

MIP - Integer optimal solution:  Objective =  1.5395980400e+02
Solution time =    0.14 sec.  Iterations = 76  Nodes = 0
Deterministic time = 116.18 ticks  (838.21 ticks/sec)

CPLEX> Incumbent solution written to file '/tmp/cmpl.XM9721.gsol'.
CPLEX> 
CMPL: Time used for model generation: 1 seconds
CMPL: Time used for solving the model: 1 seconds


Solution written to ASCII file: ../results/output_generated_conf_0/2016-12-05-5/unequal.sol

Solver - finished
