CMPL model generation - running

CMPL version: 1.11.0
Authors: Thomas Schleiff, Mike Steglich
Distributed under the GPLv3 

create model instance ...
write model instance ...
CMPL model generation - finished

Solver - running


Welcome to IBM(R) ILOG(R) CPLEX(R) Interactive Optimizer 12.7.1.0
  with Simplex, Mixed Integer & Barrier Optimizers
5725-A06 5725-A29 5724-Y48 5724-Y49 5724-Y54 5724-Y55 5655-Y21
Copyright IBM Corp. 1988, 2017.  All Rights Reserved.

Type 'help' for a list of available commands.
Type 'help' followed by a command name for more
information on commands.

CPLEX> Specified objective sense: MINIMIZE
Selected objective  name:  line[1]
Selected RHS        name:  RHS
Selected bound      name:  BOUND
Problem '/tmp/cmpl.XM9867.mps' read.
Read time = 0.08 sec. (9.66 ticks)
CPLEX> CPXPARAM_Read_APIEncoding                        "UTF-8"
Tried aggregator 3 times.
MIP Presolve eliminated 19395 rows and 31254 columns.
MIP Presolve modified 420 coefficients.
Aggregator did 581 substitutions.
Reduced MIP has 2634 rows, 4458 columns, and 14598 nonzeros.
Reduced MIP has 4290 binaries, 0 generals, 0 SOSs, and 0 indicators.
Presolve time = 0.08 sec. (51.62 ticks)
Found incumbent of value 19336.510203 after 0.12 sec. (73.13 ticks)
Probing fixed 5 vars, tightened 0 bounds.
Probing time = 0.02 sec. (7.30 ticks)
Tried aggregator 1 time.
MIP Presolve eliminated 0 rows and 5 columns.
MIP Presolve modified 20 coefficients.
Reduced MIP has 2634 rows, 4453 columns, and 14588 nonzeros.
Reduced MIP has 4453 binaries, 0 generals, 0 SOSs, and 0 indicators.
Presolve time = 0.02 sec. (10.63 ticks)
Probing time = 0.01 sec. (3.00 ticks)
Clique table members: 8372.
MIP emphasis: balance optimality and feasibility.
MIP search method: dynamic search.
Parallel mode: none, using 1 thread.
Root relaxation solution time = 0.02 sec. (14.02 ticks)

        Nodes                                         Cuts/
   Node  Left     Objective  IInf  Best Integer    Best Bound    ItCnt     Gap

*     0+    0                        19336.5102     -484.7949           102.51%
      0     0      273.4884    24    19336.5102      273.4884      770   98.59%
*     0+    0                          712.6233      273.4884            61.62%
*     0+    0                          280.3456      273.4884             2.45%
      0     0        cutoff            280.3456                    772    0.00%
Elapsed time = 0.23 sec. (131.26 ticks, tree = 0.01 MB, solutions = 3)

Root node processing (before b&c):
  Real time             =    0.23 sec. (132.93 ticks)
Sequential b&c:
  Real time             =    0.00 sec. (0.00 ticks)
                          ------------
Total (root+branch&cut) =    0.23 sec. (132.93 ticks)

Solution pool: 3 solutions saved.

MIP - Integer optimal solution:  Objective =  2.8034558200e+02
Solution time =    0.23 sec.  Iterations = 772  Nodes = 0
Deterministic time = 133.04 ticks  (579.18 ticks/sec)

CPLEX> Incumbent solution written to file '/tmp/cmpl.XM9867.gsol'.
CPLEX> 
CMPL: Time used for model generation: 1 seconds
CMPL: Time used for solving the model: 1 seconds


Solution written to ASCII file: ../results/output_generated_conf_0.1/2016-09-05-4/equal.sol

Solver - finished
