CMPL model generation - running

CMPL version: 1.11.0
Authors: Thomas Schleiff, Mike Steglich
Distributed under the GPLv3 

create model instance ...
write model instance ...
CMPL model generation - finished

Solver - running


Welcome to IBM(R) ILOG(R) CPLEX(R) Interactive Optimizer 12.7.1.0
  with Simplex, Mixed Integer & Barrier Optimizers
5725-A06 5725-A29 5724-Y48 5724-Y49 5724-Y54 5724-Y55 5655-Y21
Copyright IBM Corp. 1988, 2017.  All Rights Reserved.

Type 'help' for a list of available commands.
Type 'help' followed by a command name for more
information on commands.

CPLEX> Specified objective sense: MINIMIZE
Selected objective  name:  line[1]
Selected RHS        name:  RHS
Selected bound      name:  BOUND
Problem '/tmp/cmpl.XM9817.mps' read.
Read time = 0.06 sec. (8.85 ticks)
CPLEX> CPXPARAM_Read_APIEncoding                        "UTF-8"
Tried aggregator 3 times.
MIP Presolve eliminated 19395 rows and 30914 columns.
MIP Presolve modified 340 coefficients.
Aggregator did 581 substitutions.
Reduced MIP has 2464 rows, 3183 columns, and 9305 nonzeros.
Reduced MIP has 3015 binaries, 0 generals, 0 SOSs, and 0 indicators.
Presolve time = 0.07 sec. (42.91 ticks)
Found incumbent of value 3289.559782 after 0.09 sec. (56.73 ticks)
Probing fixed 5 vars, tightened 0 bounds.
Probing time = 0.01 sec. (4.05 ticks)
Tried aggregator 1 time.
MIP Presolve eliminated 0 rows and 5 columns.
MIP Presolve modified 20 coefficients.
Reduced MIP has 2464 rows, 3178 columns, and 9295 nonzeros.
Reduced MIP has 3178 binaries, 0 generals, 0 SOSs, and 0 indicators.
Presolve time = 0.01 sec. (7.94 ticks)
Probing time = 0.01 sec. (2.66 ticks)
Clique table members: 5390.
MIP emphasis: balance optimality and feasibility.
MIP search method: dynamic search.
Parallel mode: none, using 1 thread.
Root relaxation solution time = 0.00 sec. (4.21 ticks)

        Nodes                                         Cuts/
   Node  Left     Objective  IInf  Best Integer    Best Bound    ItCnt     Gap

*     0+    0                         3289.5598     -484.7949           114.74%
      0     0      261.0313    24     3289.5598      261.0313       70   92.06%
*     0+    0                          718.6269      261.0313            63.68%
*     0+    0                          267.8884      261.0313             2.56%
      0     0        cutoff            267.8884                     72    0.00%
Elapsed time = 0.15 sec. (95.70 ticks, tree = 0.01 MB, solutions = 3)

Clique cuts applied:  3
Cover cuts applied:  2
Gomory fractional cuts applied:  1

Root node processing (before b&c):
  Real time             =    0.15 sec. (97.24 ticks)
Sequential b&c:
  Real time             =    0.00 sec. (0.00 ticks)
                          ------------
Total (root+branch&cut) =    0.15 sec. (97.24 ticks)

Solution pool: 3 solutions saved.

MIP - Integer optimal solution:  Objective =  2.6788843800e+02
Solution time =    0.15 sec.  Iterations = 72  Nodes = 0
Deterministic time = 97.34 ticks  (644.78 ticks/sec)

CPLEX> Incumbent solution written to file '/tmp/cmpl.XM9817.gsol'.
CPLEX> 
CMPL: Time used for model generation: 1 seconds
CMPL: Time used for solving the model: 0 seconds


Solution written to ASCII file: ../results/output_generated_conf_0.1/2016-09-05-4/unequal.sol

Solver - finished
