CMPL model generation - running

CMPL version: 1.11.0
Authors: Thomas Schleiff, Mike Steglich
Distributed under the GPLv3 

create model instance ...
write model instance ...
CMPL model generation - finished

Solver - running


Welcome to IBM(R) ILOG(R) CPLEX(R) Interactive Optimizer 12.7.1.0
  with Simplex, Mixed Integer & Barrier Optimizers
5725-A06 5725-A29 5724-Y48 5724-Y49 5724-Y54 5724-Y55 5655-Y21
Copyright IBM Corp. 1988, 2017.  All Rights Reserved.

Type 'help' for a list of available commands.
Type 'help' followed by a command name for more
information on commands.

CPLEX> Specified objective sense: MINIMIZE
Selected objective  name:  line[1]
Selected RHS        name:  RHS
Selected bound      name:  BOUND
Problem '/tmp/cmpl.T10204.mps' read.
Read time = 0.05 sec. (9.66 ticks)
CPLEX> CPXPARAM_Read_APIEncoding                        "UTF-8"
Tried aggregator 3 times.
MIP Presolve eliminated 19328 rows and 31131 columns.
MIP Presolve modified 460 coefficients.
Aggregator did 617 substitutions.
Reduced MIP has 2665 rows, 4545 columns, and 14837 nonzeros.
Reduced MIP has 4377 binaries, 0 generals, 0 SOSs, and 0 indicators.
Presolve time = 0.05 sec. (50.36 ticks)
Found incumbent of value 20797.371338 after 0.09 sec. (81.84 ticks)
Probing fixed 12 vars, tightened 0 bounds.
Probing time = 0.01 sec. (7.57 ticks)
Tried aggregator 1 time.
MIP Presolve eliminated 0 rows and 12 columns.
MIP Presolve modified 54 coefficients.
Reduced MIP has 2665 rows, 4533 columns, and 14813 nonzeros.
Reduced MIP has 4533 binaries, 0 generals, 0 SOSs, and 0 indicators.
Presolve time = 0.01 sec. (10.89 ticks)
Probing time = 0.01 sec. (3.00 ticks)
Clique table members: 9307.
MIP emphasis: balance optimality and feasibility.
MIP search method: dynamic search.
Parallel mode: none, using 1 thread.
Root relaxation solution time = 0.01 sec. (15.31 ticks)

        Nodes                                         Cuts/
   Node  Left     Objective  IInf  Best Integer    Best Bound    ItCnt     Gap

*     0+    0                        20797.3713     -301.9003           101.45%
      0     0     1389.5162    13    20797.3713     1389.5162      901   93.32%
*     0+    0                         1393.2305     1389.5162             0.27%
*     0     0      integral     0     1393.0977      Cuts: 13      908    0.00%
      0     0        cutoff           1393.0977     1393.0977      908    0.00%
Elapsed time = 0.17 sec. (143.43 ticks, tree = 0.01 MB, solutions = 3)

GUB cover cuts applied:  1
Clique cuts applied:  1
Cover cuts applied:  7
Gomory fractional cuts applied:  4

Root node processing (before b&c):
  Real time             =    0.17 sec. (145.11 ticks)
Sequential b&c:
  Real time             =    0.00 sec. (0.00 ticks)
                          ------------
Total (root+branch&cut) =    0.17 sec. (145.11 ticks)

Solution pool: 3 solutions saved.

MIP - Integer optimal solution:  Objective =  1.3930976550e+03
Solution time =    0.17 sec.  Iterations = 908  Nodes = 0
Deterministic time = 145.21 ticks  (862.93 ticks/sec)

CPLEX> Incumbent solution written to file '/tmp/cmpl.T10204.gsol'.
CPLEX> 
CMPL: Time used for model generation: 1 seconds
CMPL: Time used for solving the model: 1 seconds


Solution written to ASCII file: ../results/output_generated_conf_0.4/2017-08-07-4/equal.sol

Solver - finished
