CMPL model generation - running

CMPL version: 1.11.0
Authors: Thomas Schleiff, Mike Steglich
Distributed under the GPLv3 

create model instance ...
write model instance ...
CMPL model generation - finished

Solver - running


Welcome to IBM(R) ILOG(R) CPLEX(R) Interactive Optimizer 12.7.1.0
  with Simplex, Mixed Integer & Barrier Optimizers
5725-A06 5725-A29 5724-Y48 5724-Y49 5724-Y54 5724-Y55 5655-Y21
Copyright IBM Corp. 1988, 2017.  All Rights Reserved.

Type 'help' for a list of available commands.
Type 'help' followed by a command name for more
information on commands.

CPLEX> Specified objective sense: MINIMIZE
Selected objective  name:  line[1]
Selected RHS        name:  RHS
Selected bound      name:  BOUND
Problem '/tmp/cmpl.T10154.mps' read.
Read time = 0.05 sec. (8.85 ticks)
CPLEX> CPXPARAM_Read_APIEncoding                        "UTF-8"
Tried aggregator 3 times.
MIP Presolve eliminated 19328 rows and 30791 columns.
MIP Presolve modified 340 coefficients.
Aggregator did 617 substitutions.
Reduced MIP has 2495 rows, 3270 columns, and 9544 nonzeros.
Reduced MIP has 3102 binaries, 0 generals, 0 SOSs, and 0 indicators.
Presolve time = 0.05 sec. (41.60 ticks)
Found incumbent of value 6592.350764 after 0.08 sec. (58.72 ticks)
Probing fixed 12 vars, tightened 0 bounds.
Probing time = 0.01 sec. (4.21 ticks)
Tried aggregator 1 time.
MIP Presolve eliminated 0 rows and 12 columns.
MIP Presolve modified 54 coefficients.
Reduced MIP has 2495 rows, 3258 columns, and 9520 nonzeros.
Reduced MIP has 3258 binaries, 0 generals, 0 SOSs, and 0 indicators.
Presolve time = 0.01 sec. (8.16 ticks)
Probing time = 0.01 sec. (2.68 ticks)
Clique table members: 5871.
MIP emphasis: balance optimality and feasibility.
MIP search method: dynamic search.
Parallel mode: none, using 1 thread.
Root relaxation solution time = 0.00 sec. (4.64 ticks)

        Nodes                                         Cuts/
   Node  Left     Objective  IInf  Best Integer    Best Bound    ItCnt     Gap

*     0+    0                         6592.3508     -301.9003           104.58%
      0     0     1377.5063    13     6592.3508     1377.5063      130   79.10%
*     0+    0                         1557.7704     1377.5063            11.57%
*     0+    0                         1381.2205     1377.5063             0.27%
*     0     0      integral     0     1381.0305      Cuts: 14      134    0.00%
      0     0        cutoff           1381.0305     1381.0305      134    0.00%
Elapsed time = 0.14 sec. (97.70 ticks, tree = 0.01 MB, solutions = 4)

GUB cover cuts applied:  1
Clique cuts applied:  2
Cover cuts applied:  7
Gomory fractional cuts applied:  4

Root node processing (before b&c):
  Real time             =    0.15 sec. (99.46 ticks)
Sequential b&c:
  Real time             =    0.00 sec. (0.00 ticks)
                          ------------
Total (root+branch&cut) =    0.15 sec. (99.46 ticks)

Solution pool: 4 solutions saved.

MIP - Integer optimal solution:  Objective =  1.3810305330e+03
Solution time =    0.15 sec.  Iterations = 134  Nodes = 0
Deterministic time = 99.56 ticks  (682.58 ticks/sec)

CPLEX> Incumbent solution written to file '/tmp/cmpl.T10154.gsol'.
CPLEX> 
CMPL: Time used for model generation: 1 seconds
CMPL: Time used for solving the model: 1 seconds


Solution written to ASCII file: ../results/output_generated_conf_0.4/2017-08-07-4/unequal.sol

Solver - finished
