CMPL model generation - running

CMPL version: 1.11.0
Authors: Thomas Schleiff, Mike Steglich
Distributed under the GPLv3 

create model instance ...
write model instance ...
CMPL model generation - finished

Solver - running


Welcome to IBM(R) ILOG(R) CPLEX(R) Interactive Optimizer 12.7.1.0
  with Simplex, Mixed Integer & Barrier Optimizers
5725-A06 5725-A29 5724-Y48 5724-Y49 5724-Y54 5724-Y55 5655-Y21
Copyright IBM Corp. 1988, 2017.  All Rights Reserved.

Type 'help' for a list of available commands.
Type 'help' followed by a command name for more
information on commands.

CPLEX> Specified objective sense: MINIMIZE
Selected objective  name:  line[1]
Selected RHS        name:  RHS
Selected bound      name:  BOUND
Problem '/tmp/cmpl.T10577.mps' read.
Read time = 0.05 sec. (9.68 ticks)
CPLEX> CPXPARAM_Read_APIEncoding                        "UTF-8"
Tried aggregator 3 times.
MIP Presolve eliminated 19107 rows and 30707 columns.
MIP Presolve modified 568 coefficients.
Aggregator did 793 substitutions.
Reduced MIP has 2710 rows, 4793 columns, and 15545 nonzeros.
Reduced MIP has 4625 binaries, 0 generals, 0 SOSs, and 0 indicators.
Presolve time = 0.06 sec. (51.78 ticks)
Probing time = 0.01 sec. (3.06 ticks)
Tried aggregator 1 time.
MIP Presolve eliminated 0 rows and 1 columns.
Reduced MIP has 2710 rows, 4792 columns, and 15543 nonzeros.
Reduced MIP has 4792 binaries, 0 generals, 0 SOSs, and 0 indicators.
Presolve time = 0.01 sec. (11.22 ticks)
Probing time = 0.01 sec. (3.08 ticks)
Clique table members: 3878.
MIP emphasis: balance optimality and feasibility.
MIP search method: dynamic search.
Parallel mode: none, using 1 thread.
Root relaxation solution time = 0.02 sec. (21.19 ticks)

        Nodes                                         Cuts/
   Node  Left     Objective  IInf  Best Integer    Best Bound    ItCnt     Gap

      0     0     5376.8530     1                   5376.8530     1409         
*     0+    0                         5396.7265     5376.8530             0.37%
*     0+    0                         5377.1388     5376.8530             0.01%
      0     0        cutoff           5377.1388     5376.8530     1409    0.01%
Elapsed time = 0.19 sec. (159.66 ticks, tree = 0.01 MB, solutions = 2)

Root node processing (before b&c):
  Real time             =    0.19 sec. (161.09 ticks)
Sequential b&c:
  Real time             =    0.00 sec. (0.00 ticks)
                          ------------
Total (root+branch&cut) =    0.19 sec. (161.09 ticks)

Solution pool: 2 solutions saved.

MIP - Integer optimal solution:  Objective =  5.3771387520e+03
Solution time =    0.19 sec.  Iterations = 1409  Nodes = 0
Deterministic time = 161.19 ticks  (839.25 ticks/sec)

CPLEX> Incumbent solution written to file '/tmp/cmpl.T10577.gsol'.
CPLEX> 
CMPL: Time used for model generation: 1 seconds
CMPL: Time used for solving the model: 1 seconds


Solution written to ASCII file: ../results/output_generated_conf_0.8/2016-03-07-4/equal.sol

Solver - finished
