CMPL model generation - running

CMPL version: 1.11.0
Authors: Thomas Schleiff, Mike Steglich
Distributed under the GPLv3 

create model instance ...
write model instance ...
CMPL model generation - finished

Solver - running


Welcome to IBM(R) ILOG(R) CPLEX(R) Interactive Optimizer 12.7.1.0
  with Simplex, Mixed Integer & Barrier Optimizers
5725-A06 5725-A29 5724-Y48 5724-Y49 5724-Y54 5724-Y55 5655-Y21
Copyright IBM Corp. 1988, 2017.  All Rights Reserved.

Type 'help' for a list of available commands.
Type 'help' followed by a command name for more
information on commands.

CPLEX> Specified objective sense: MINIMIZE
Selected objective  name:  line[1]
Selected RHS        name:  RHS
Selected bound      name:  BOUND
Problem '/tmp/cmpl.T10589.mps' read.
Read time = 0.05 sec. (9.68 ticks)
CPLEX> CPXPARAM_Read_APIEncoding                        "UTF-8"
Tried aggregator 3 times.
MIP Presolve eliminated 19124 rows and 30738 columns.
MIP Presolve modified 558 coefficients.
Aggregator did 777 substitutions.
Reduced MIP has 2709 rows, 4778 columns, and 15502 nonzeros.
Reduced MIP has 4610 binaries, 0 generals, 0 SOSs, and 0 indicators.
Presolve time = 0.06 sec. (51.60 ticks)
Found incumbent of value 24212.183179 after 0.10 sec. (85.98 ticks)
Probing time = 0.01 sec. (3.05 ticks)
Tried aggregator 1 time.
MIP Presolve eliminated 0 rows and 1 columns.
Reduced MIP has 2709 rows, 4777 columns, and 15500 nonzeros.
Reduced MIP has 4777 binaries, 0 generals, 0 SOSs, and 0 indicators.
Presolve time = 0.01 sec. (11.23 ticks)
Probing time = 0.01 sec. (3.09 ticks)
Clique table members: 3583.
MIP emphasis: balance optimality and feasibility.
MIP search method: dynamic search.
Parallel mode: none, using 1 thread.
Root relaxation solution time = 0.02 sec. (19.95 ticks)

        Nodes                                         Cuts/
   Node  Left     Objective  IInf  Best Integer    Best Bound    ItCnt     Gap

*     0+    0                        24212.1832     -100.9451           100.42%
*     0     0      integral     0     5052.2496     5052.2496     1139    0.00%
Elapsed time = 0.16 sec. (133.73 ticks, tree = 0.00 MB, solutions = 2)

Root node processing (before b&c):
  Real time             =    0.16 sec. (135.16 ticks)
Sequential b&c:
  Real time             =    0.00 sec. (0.00 ticks)
                          ------------
Total (root+branch&cut) =    0.16 sec. (135.16 ticks)

Solution pool: 2 solutions saved.

MIP - Integer optimal solution:  Objective =  5.0522495620e+03
Solution time =    0.16 sec.  Iterations = 1139  Nodes = 0
Deterministic time = 135.26 ticks  (835.83 ticks/sec)

CPLEX> Incumbent solution written to file '/tmp/cmpl.T10589.gsol'.
CPLEX> 
CMPL: Time used for model generation: 1 seconds
CMPL: Time used for solving the model: 0 seconds


Solution written to ASCII file: ../results/output_generated_conf_0.8/2016-09-05-4/equal.sol

Solver - finished
