CMPL model generation - running

CMPL version: 1.11.0
Authors: Thomas Schleiff, Mike Steglich
Distributed under the GPLv3 

create model instance ...
write model instance ...
CMPL model generation - finished

Solver - running


Welcome to IBM(R) ILOG(R) CPLEX(R) Interactive Optimizer 12.7.1.0
  with Simplex, Mixed Integer & Barrier Optimizers
5725-A06 5725-A29 5724-Y48 5724-Y49 5724-Y54 5724-Y55 5655-Y21
Copyright IBM Corp. 1988, 2017.  All Rights Reserved.

Type 'help' for a list of available commands.
Type 'help' followed by a command name for more
information on commands.

CPLEX> Specified objective sense: MINIMIZE
Selected objective  name:  line[1]
Selected RHS        name:  RHS
Selected bound      name:  BOUND
Problem '/tmp/cmpl.XM9855.mps' read.
Read time = 0.05 sec. (9.66 ticks)
CPLEX> CPXPARAM_Read_APIEncoding                        "UTF-8"
Tried aggregator 3 times.
MIP Presolve eliminated 19390 rows and 31247 columns.
MIP Presolve modified 422 coefficients.
Aggregator did 585 substitutions.
Reduced MIP has 2635 rows, 4461 columns, and 14611 nonzeros.
Reduced MIP has 4293 binaries, 0 generals, 0 SOSs, and 0 indicators.
Presolve time = 0.06 sec. (51.64 ticks)
Probing fixed 4 vars, tightened 0 bounds.
Probing time = 0.01 sec. (7.15 ticks)
Tried aggregator 1 time.
MIP Presolve eliminated 0 rows and 4 columns.
MIP Presolve modified 16 coefficients.
Reduced MIP has 2635 rows, 4457 columns, and 14603 nonzeros.
Reduced MIP has 4457 binaries, 0 generals, 0 SOSs, and 0 indicators.
Presolve time = 0.01 sec. (10.61 ticks)
Probing time = 0.01 sec. (3.00 ticks)
Clique table members: 8532.
MIP emphasis: balance optimality and feasibility.
MIP search method: dynamic search.
Parallel mode: none, using 1 thread.
Root relaxation solution time = 0.01 sec. (14.80 ticks)

        Nodes                                         Cuts/
   Node  Left     Objective  IInf  Best Integer    Best Bound    ItCnt     Gap

      0     0      333.0646    20                    333.0646      826         
*     0+    0                          338.7788      333.0646             1.69%
*     0     0      integral     0      338.5072       Cuts: 6      832    0.00%
      0     0        cutoff            338.5072      338.5072      832    0.00%
Elapsed time = 0.19 sec. (162.57 ticks, tree = 0.01 MB, solutions = 2)

Cover cuts applied:  4
Gomory fractional cuts applied:  2

Root node processing (before b&c):
  Real time             =    0.19 sec. (164.00 ticks)
Sequential b&c:
  Real time             =    0.00 sec. (0.00 ticks)
                          ------------
Total (root+branch&cut) =    0.19 sec. (164.00 ticks)

Solution pool: 2 solutions saved.

MIP - Integer optimal solution:  Objective =  3.3850720400e+02
Solution time =    0.19 sec.  Iterations = 832  Nodes = 0
Deterministic time = 164.11 ticks  (843.33 ticks/sec)

CPLEX> Incumbent solution written to file '/tmp/cmpl.XM9855.gsol'.
CPLEX> 
CMPL: Time used for model generation: 1 seconds
CMPL: Time used for solving the model: 0 seconds


Solution written to ASCII file: ../results/output_generated_conf_0.1/2016-03-07-4/equal.sol

Solver - finished
