CMPL model generation - running

CMPL version: 1.11.0
Authors: Thomas Schleiff, Mike Steglich
Distributed under the GPLv3 

create model instance ...
write model instance ...
CMPL model generation - finished

Solver - running


Welcome to IBM(R) ILOG(R) CPLEX(R) Interactive Optimizer 12.7.1.0
  with Simplex, Mixed Integer & Barrier Optimizers
5725-A06 5725-A29 5724-Y48 5724-Y49 5724-Y54 5724-Y55 5655-Y21
Copyright IBM Corp. 1988, 2017.  All Rights Reserved.

Type 'help' for a list of available commands.
Type 'help' followed by a command name for more
information on commands.

CPLEX> Specified objective sense: MINIMIZE
Selected objective  name:  line[1]
Selected RHS        name:  RHS
Selected bound      name:  BOUND
Problem '/tmp/cmpl.T10041.mps' read.
Read time = 0.05 sec. (8.85 ticks)
CPLEX> CPXPARAM_Read_APIEncoding                        "UTF-8"
Tried aggregator 3 times.
MIP Presolve eliminated 19357 rows and 30846 columns.
MIP Presolve modified 340 coefficients.
Aggregator did 604 substitutions.
Reduced MIP has 2479 rows, 3228 columns, and 9424 nonzeros.
Reduced MIP has 3060 binaries, 0 generals, 0 SOSs, and 0 indicators.
Presolve time = 0.05 sec. (41.52 ticks)
Found incumbent of value 4270.941487 after 0.07 sec. (57.65 ticks)
Probing fixed 5 vars, tightened 0 bounds.
Probing time = 0.01 sec. (4.17 ticks)
Tried aggregator 1 time.
MIP Presolve eliminated 0 rows and 5 columns.
MIP Presolve modified 19 coefficients.
Reduced MIP has 2479 rows, 3223 columns, and 9414 nonzeros.
Reduced MIP has 3223 binaries, 0 generals, 0 SOSs, and 0 indicators.
Presolve time = 0.01 sec. (7.98 ticks)
Probing time = 0.01 sec. (2.66 ticks)
Clique table members: 5798.
MIP emphasis: balance optimality and feasibility.
MIP search method: dynamic search.
Parallel mode: none, using 1 thread.
Root relaxation solution time = 0.01 sec. (4.41 ticks)

        Nodes                                         Cuts/
   Node  Left     Objective  IInf  Best Integer    Best Bound    ItCnt     Gap

*     0+    0                         4270.9415     -503.6243           111.79%
      0     0      861.5980    20     4270.9415      861.5980       98   79.83%
*     0+    0                         1140.9921      861.5980            24.49%
*     0+    0                          867.3123      861.5980             0.66%
      0     0      866.4265     1      867.3123      Cuts: 30      106    0.10%
*     0+    0                          866.6490      866.4265             0.03%
      0     0        cutoff            866.6490                    106    0.00%
Elapsed time = 0.13 sec. (99.13 ticks, tree = 0.01 MB, solutions = 4)

GUB cover cuts applied:  1
Clique cuts applied:  5
Cover cuts applied:  15
Gomory fractional cuts applied:  8

Root node processing (before b&c):
  Real time             =    0.13 sec. (100.89 ticks)
Sequential b&c:
  Real time             =    0.00 sec. (0.00 ticks)
                          ------------
Total (root+branch&cut) =    0.13 sec. (100.89 ticks)

Solution pool: 4 solutions saved.

MIP - Integer optimal solution:  Objective =  8.6664895500e+02
Solution time =    0.13 sec.  Iterations = 106  Nodes = 0
Deterministic time = 100.99 ticks  (749.16 ticks/sec)

CPLEX> Incumbent solution written to file '/tmp/cmpl.T10041.gsol'.
CPLEX> 
CMPL: Time used for model generation: 1 seconds
CMPL: Time used for solving the model: 1 seconds


Solution written to ASCII file: ../results/output_generated_conf_0.3/2017-03-06-4/unequal.sol

Solver - finished
