CMPL model generation - running

CMPL version: 1.11.0
Authors: Thomas Schleiff, Mike Steglich
Distributed under the GPLv3 

create model instance ...
write model instance ...
CMPL model generation - finished

Solver - running


Welcome to IBM(R) ILOG(R) CPLEX(R) Interactive Optimizer 12.7.1.0
  with Simplex, Mixed Integer & Barrier Optimizers
5725-A06 5725-A29 5724-Y48 5724-Y49 5724-Y54 5724-Y55 5655-Y21
Copyright IBM Corp. 1988, 2017.  All Rights Reserved.

Type 'help' for a list of available commands.
Type 'help' followed by a command name for more
information on commands.

CPLEX> Specified objective sense: MINIMIZE
Selected objective  name:  line[1]
Selected RHS        name:  RHS
Selected bound      name:  BOUND
Problem '/tmp/cmpl.XM9857.mps' read.
Read time = 0.05 sec. (9.66 ticks)
CPLEX> CPXPARAM_Read_APIEncoding                        "UTF-8"
Tried aggregator 3 times.
MIP Presolve eliminated 19386 rows and 31244 columns.
MIP Presolve modified 428 coefficients.
Aggregator did 584 substitutions.
Reduced MIP has 2640 rows, 4465 columns, and 14613 nonzeros.
Reduced MIP has 4297 binaries, 0 generals, 0 SOSs, and 0 indicators.
Presolve time = 0.05 sec. (51.70 ticks)
Probing fixed 3 vars, tightened 0 bounds.
Probing time = 0.01 sec. (6.89 ticks)
Tried aggregator 1 time.
MIP Presolve eliminated 0 rows and 3 columns.
MIP Presolve modified 12 coefficients.
Reduced MIP has 2640 rows, 4462 columns, and 14607 nonzeros.
Reduced MIP has 4462 binaries, 0 generals, 0 SOSs, and 0 indicators.
Presolve time = 0.01 sec. (10.62 ticks)
Probing time = 0.01 sec. (2.99 ticks)
Clique table members: 8656.
MIP emphasis: balance optimality and feasibility.
MIP search method: dynamic search.
Parallel mode: none, using 1 thread.
Root relaxation solution time = 0.01 sec. (15.04 ticks)

        Nodes                                         Cuts/
   Node  Left     Objective  IInf  Best Integer    Best Bound    ItCnt     Gap

      0     0      390.9615    25                    390.9615      816         
*     0+    0                          398.1044      390.9615             1.79%
      0     0        cutoff            398.1044                    816    0.00%
Elapsed time = 0.18 sec. (158.14 ticks, tree = 0.01 MB, solutions = 1)

Root node processing (before b&c):
  Real time             =    0.18 sec. (159.33 ticks)
Sequential b&c:
  Real time             =    0.00 sec. (0.00 ticks)
                          ------------
Total (root+branch&cut) =    0.18 sec. (159.33 ticks)

Solution pool: 1 solution saved.

MIP - Integer optimal solution:  Objective =  3.9810437100e+02
Solution time =    0.18 sec.  Iterations = 816  Nodes = 0
Deterministic time = 159.43 ticks  (864.33 ticks/sec)

CPLEX> Incumbent solution written to file '/tmp/cmpl.XM9857.gsol'.
CPLEX> 
CMPL: Time used for model generation: 1 seconds
CMPL: Time used for solving the model: 0 seconds


Solution written to ASCII file: ../results/output_generated_conf_0.1/2016-04-04-4/equal.sol

Solver - finished
