CMPL model generation - running

CMPL version: 1.11.0
Authors: Thomas Schleiff, Mike Steglich
Distributed under the GPLv3 

create model instance ...
write model instance ...
CMPL model generation - finished

Solver - running


Welcome to IBM(R) ILOG(R) CPLEX(R) Interactive Optimizer 12.7.1.0
  with Simplex, Mixed Integer & Barrier Optimizers
5725-A06 5725-A29 5724-Y48 5724-Y49 5724-Y54 5724-Y55 5655-Y21
Copyright IBM Corp. 1988, 2017.  All Rights Reserved.

Type 'help' for a list of available commands.
Type 'help' followed by a command name for more
information on commands.

CPLEX> Specified objective sense: MINIMIZE
Selected objective  name:  line[1]
Selected RHS        name:  RHS
Selected bound      name:  BOUND
Problem '/tmp/cmpl.T11935.mps' read.
Read time = 0.06 sec. (12.03 ticks)
CPLEX> CPXPARAM_Read_APIEncoding                        "UTF-8"
Tried aggregator 3 times.
MIP Presolve eliminated 23115 rows and 35731 columns.
MIP Presolve modified 1038 coefficients.
Aggregator did 1699 substitutions.
Reduced MIP has 3363 rows, 6725 columns, and 21832 nonzeros.
Reduced MIP has 6515 binaries, 0 generals, 0 SOSs, and 0 indicators.
Presolve time = 0.08 sec. (66.13 ticks)
Found incumbent of value 43655.812478 after 0.14 sec. (117.41 ticks)
Probing time = 0.01 sec. (3.18 ticks)
Tried aggregator 1 time.
MIP Presolve eliminated 0 rows and 60 columns.
Reduced MIP has 3363 rows, 6665 columns, and 21712 nonzeros.
Reduced MIP has 6665 binaries, 0 generals, 0 SOSs, and 0 indicators.
Presolve time = 0.02 sec. (18.50 ticks)
Probing time = 0.01 sec. (3.38 ticks)
Clique table members: 4557.
MIP emphasis: balance optimality and feasibility.
MIP search method: dynamic search.
Parallel mode: none, using 1 thread.
Root relaxation solution time = 0.06 sec. (60.10 ticks)

        Nodes                                         Cuts/
   Node  Left     Objective  IInf  Best Integer    Best Bound    ItCnt     Gap

*     0+    0                        43655.8125        0.0000           100.00%
*     0     0      integral     0    20594.2030    20594.2030     3351    0.00%
Elapsed time = 0.25 sec. (216.37 ticks, tree = 0.00 MB, solutions = 2)

Root node processing (before b&c):
  Real time             =    0.26 sec. (218.08 ticks)
Sequential b&c:
  Real time             =    0.00 sec. (0.00 ticks)
                          ------------
Total (root+branch&cut) =    0.26 sec. (218.08 ticks)

Solution pool: 2 solutions saved.

MIP - Integer optimal solution:  Objective =  2.0594202993e+04
Solution time =    0.26 sec.  Iterations = 3351  Nodes = 0
Deterministic time = 218.21 ticks  (853.00 ticks/sec)

CPLEX> Incumbent solution written to file '/tmp/cmpl.T11935.gsol'.
CPLEX> 
CMPL: Time used for model generation: 1 seconds
CMPL: Time used for solving the model: 1 seconds


Solution written to ASCII file: ../results/output_generated_rate_0.9/2017-10-02-5/equal.sol

Solver - finished
