CMPL model generation - running

CMPL version: 1.11.0
Authors: Thomas Schleiff, Mike Steglich
Distributed under the GPLv3 

create model instance ...
write model instance ...
CMPL model generation - finished

Solver - running


Welcome to IBM(R) ILOG(R) CPLEX(R) Interactive Optimizer 12.7.1.0
  with Simplex, Mixed Integer & Barrier Optimizers
5725-A06 5725-A29 5724-Y48 5724-Y49 5724-Y54 5724-Y55 5655-Y21
Copyright IBM Corp. 1988, 2017.  All Rights Reserved.

Type 'help' for a list of available commands.
Type 'help' followed by a command name for more
information on commands.

CPLEX> Specified objective sense: MINIMIZE
Selected objective  name:  line[1]
Selected RHS        name:  RHS
Selected bound      name:  BOUND
Problem '/tmp/cmpl.T10164.mps' read.
Read time = 0.05 sec. (9.66 ticks)
CPLEX> CPXPARAM_Read_APIEncoding                        "UTF-8"
Tried aggregator 3 times.
MIP Presolve eliminated 19323 rows and 31133 columns.
MIP Presolve modified 456 coefficients.
Aggregator did 626 substitutions.
Reduced MIP has 2661 rows, 4534 columns, and 14802 nonzeros.
Reduced MIP has 4366 binaries, 0 generals, 0 SOSs, and 0 indicators.
Presolve time = 0.06 sec. (50.41 ticks)
Found incumbent of value 21410.267271 after 0.10 sec. (83.35 ticks)
Probing fixed 11 vars, tightened 0 bounds.
Probing time = 0.01 sec. (7.56 ticks)
Tried aggregator 1 time.
MIP Presolve eliminated 0 rows and 11 columns.
MIP Presolve modified 44 coefficients.
Reduced MIP has 2661 rows, 4523 columns, and 14780 nonzeros.
Reduced MIP has 4523 binaries, 0 generals, 0 SOSs, and 0 indicators.
Presolve time = 0.01 sec. (10.78 ticks)
Probing time = 0.01 sec. (3.00 ticks)
Clique table members: 9287.
MIP emphasis: balance optimality and feasibility.
MIP search method: dynamic search.
Parallel mode: none, using 1 thread.
Root relaxation solution time = 0.01 sec. (13.23 ticks)

        Nodes                                         Cuts/
   Node  Left     Objective  IInf  Best Integer    Best Bound    ItCnt     Gap

*     0+    0                        21410.2673     -420.3840           101.96%
      0     0     1329.7074    12    21410.2673     1329.7074      753   93.79%
*     0+    0                         1547.2365     1329.7074            14.06%
*     0+    0                         1333.1360     1329.7074             0.26%
*     0     0      integral     0     1332.5234      Cuts: 12      760    0.00%
      0     0        cutoff           1332.5234     1332.5234      760    0.00%
Elapsed time = 0.17 sec. (144.95 ticks, tree = 0.01 MB, solutions = 4)

Cover cuts applied:  8
Gomory fractional cuts applied:  4

Root node processing (before b&c):
  Real time             =    0.18 sec. (146.87 ticks)
Sequential b&c:
  Real time             =    0.00 sec. (0.00 ticks)
                          ------------
Total (root+branch&cut) =    0.18 sec. (146.87 ticks)

Solution pool: 4 solutions saved.

MIP - Integer optimal solution:  Objective =  1.3325233860e+03
Solution time =    0.18 sec.  Iterations = 760  Nodes = 0
Deterministic time = 146.97 ticks  (835.58 ticks/sec)

CPLEX> Incumbent solution written to file '/tmp/cmpl.T10164.gsol'.
CPLEX> 
CMPL: Time used for model generation: 1 seconds
CMPL: Time used for solving the model: 1 seconds


Solution written to ASCII file: ../results/output_generated_conf_0.4/2016-01-04-4/equal.sol

Solver - finished
