CMPL model generation - running

CMPL version: 1.11.0
Authors: Thomas Schleiff, Mike Steglich
Distributed under the GPLv3 

create model instance ...
write model instance ...
CMPL model generation - finished

Solver - running


Welcome to IBM(R) ILOG(R) CPLEX(R) Interactive Optimizer 12.7.1.0
  with Simplex, Mixed Integer & Barrier Optimizers
5725-A06 5725-A29 5724-Y48 5724-Y49 5724-Y54 5724-Y55 5655-Y21
Copyright IBM Corp. 1988, 2017.  All Rights Reserved.

Type 'help' for a list of available commands.
Type 'help' followed by a command name for more
information on commands.

CPLEX> Specified objective sense: MINIMIZE
Selected objective  name:  line[1]
Selected RHS        name:  RHS
Selected bound      name:  BOUND
Problem '/tmp/cmpl.T11147.mps' read.
Read time = 0.06 sec. (10.99 ticks)
CPLEX> CPXPARAM_Read_APIEncoding                        "UTF-8"
Tried aggregator 3 times.
MIP Presolve eliminated 23893 rows and 37277 columns.
MIP Presolve modified 425 coefficients.
Aggregator did 931 substitutions.
Reduced MIP has 3183 rows, 4332 columns, and 12810 nonzeros.
Reduced MIP has 4122 binaries, 0 generals, 0 SOSs, and 0 indicators.
Presolve time = 0.07 sec. (52.12 ticks)
Found incumbent of value 27155.600354 after 0.11 sec. (84.81 ticks)
Probing time = 0.01 sec. (2.90 ticks)
Tried aggregator 1 time.
MIP Presolve eliminated 0 rows and 3 columns.
Reduced MIP has 3183 rows, 4329 columns, and 12804 nonzeros.
Reduced MIP has 4329 binaries, 0 generals, 0 SOSs, and 0 indicators.
Presolve time = 0.01 sec. (10.62 ticks)
Probing fixed 26 vars, tightened 0 bounds.
Probing time = 0.01 sec. (5.75 ticks)
Clique table members: 8110.
MIP emphasis: balance optimality and feasibility.
MIP search method: dynamic search.
Parallel mode: none, using 1 thread.
Root relaxation solution time = 0.01 sec. (14.08 ticks)

        Nodes                                         Cuts/
   Node  Left     Objective  IInf  Best Integer    Best Bound    ItCnt     Gap

*     0+    0                        27155.6004      -39.9940           100.15%
*     0     0      integral     0     6138.6651     6138.6651      605    0.00%
Elapsed time = 0.17 sec. (127.88 ticks, tree = 0.00 MB, solutions = 2)

Root node processing (before b&c):
  Real time             =    0.18 sec. (129.48 ticks)
Sequential b&c:
  Real time             =    0.00 sec. (0.00 ticks)
                          ------------
Total (root+branch&cut) =    0.18 sec. (129.48 ticks)

Solution pool: 2 solutions saved.

MIP - Integer optimal solution:  Objective =  6.1386651110e+03
Solution time =    0.18 sec.  Iterations = 605  Nodes = 0
Deterministic time = 129.60 ticks  (734.66 ticks/sec)

CPLEX> Incumbent solution written to file '/tmp/cmpl.T11147.gsol'.
CPLEX> 
CMPL: Time used for model generation: 1 seconds
CMPL: Time used for solving the model: 1 seconds


Solution written to ASCII file: ../results/output_generated_rate_0.2/2017-07-03-5/unequal.sol

Solver - finished
