CMPL model generation - running

CMPL version: 1.11.0
Authors: Thomas Schleiff, Mike Steglich
Distributed under the GPLv3 

create model instance ...
write model instance ...
CMPL model generation - finished

Solver - running


Welcome to IBM(R) ILOG(R) CPLEX(R) Interactive Optimizer 12.7.1.0
  with Simplex, Mixed Integer & Barrier Optimizers
5725-A06 5725-A29 5724-Y48 5724-Y49 5724-Y54 5724-Y55 5655-Y21
Copyright IBM Corp. 1988, 2017.  All Rights Reserved.

Type 'help' for a list of available commands.
Type 'help' followed by a command name for more
information on commands.

CPLEX> Specified objective sense: MINIMIZE
Selected objective  name:  line[1]
Selected RHS        name:  RHS
Selected bound      name:  BOUND
Problem '/tmp/cmpl.XM9719.mps' read.
Read time = 0.05 sec. (8.85 ticks)
CPLEX> CPXPARAM_Read_APIEncoding                        "UTF-8"
Tried aggregator 3 times.
MIP Presolve eliminated 19404 rows and 30931 columns.
MIP Presolve modified 340 coefficients.
Aggregator did 577 substitutions.
Reduced MIP has 2459 rows, 3170 columns, and 9272 nonzeros.
Reduced MIP has 3002 binaries, 0 generals, 0 SOSs, and 0 indicators.
Presolve time = 0.05 sec. (41.38 ticks)
Found incumbent of value 3592.226704 after 0.07 sec. (57.47 ticks)
Probing fixed 4 vars, tightened 0 bounds.
Probing time = 0.01 sec. (4.00 ticks)
Tried aggregator 1 time.
MIP Presolve eliminated 0 rows and 4 columns.
MIP Presolve modified 18 coefficients.
Reduced MIP has 2459 rows, 3166 columns, and 9264 nonzeros.
Reduced MIP has 3166 binaries, 0 generals, 0 SOSs, and 0 indicators.
Presolve time = 0.01 sec. (7.91 ticks)
Probing time = 0.01 sec. (2.67 ticks)
Clique table members: 5130.
MIP emphasis: balance optimality and feasibility.
MIP search method: dynamic search.
Parallel mode: none, using 1 thread.
Root relaxation solution time = 0.00 sec. (4.19 ticks)

        Nodes                                         Cuts/
   Node  Left     Objective  IInf  Best Integer    Best Bound    ItCnt     Gap

*     0+    0                         3592.2267     -463.7663           112.91%
      0     0       69.1352    23     3592.2267       69.1352       62   98.08%
*     0+    0                          526.3302       69.1352            86.86%
*     0+    0                           75.7067       69.1352             8.68%
      0     0        cutoff             75.7067                     62    0.00%
Elapsed time = 0.11 sec. (89.49 ticks, tree = 0.01 MB, solutions = 3)

Root node processing (before b&c):
  Real time             =    0.11 sec. (91.03 ticks)
Sequential b&c:
  Real time             =    0.00 sec. (0.00 ticks)
                          ------------
Total (root+branch&cut) =    0.11 sec. (91.03 ticks)

Solution pool: 3 solutions saved.

MIP - Integer optimal solution:  Objective =  7.5706674000e+01
Solution time =    0.11 sec.  Iterations = 62  Nodes = 0
Deterministic time = 91.13 ticks  (827.65 ticks/sec)

CPLEX> Incumbent solution written to file '/tmp/cmpl.XM9719.gsol'.
CPLEX> 
CMPL: Time used for model generation: 1 seconds
CMPL: Time used for solving the model: 1 seconds


Solution written to ASCII file: ../results/output_generated_conf_0/2016-11-07-4/unequal.sol

Solver - finished
