CMPL model generation - running

CMPL version: 1.11.0
Authors: Thomas Schleiff, Mike Steglich
Distributed under the GPLv3 

create model instance ...
write model instance ...
CMPL model generation - finished

Solver - running


Welcome to IBM(R) ILOG(R) CPLEX(R) Interactive Optimizer 12.7.1.0
  with Simplex, Mixed Integer & Barrier Optimizers
5725-A06 5725-A29 5724-Y48 5724-Y49 5724-Y54 5724-Y55 5655-Y21
Copyright IBM Corp. 1988, 2017.  All Rights Reserved.

Type 'help' for a list of available commands.
Type 'help' followed by a command name for more
information on commands.

CPLEX> Specified objective sense: MINIMIZE
Selected objective  name:  line[1]
Selected RHS        name:  RHS
Selected bound      name:  BOUND
Problem '/tmp/cmpl.T11677.mps' read.
Read time = 0.07 sec. (12.02 ticks)
CPLEX> CPXPARAM_Read_APIEncoding                        "UTF-8"
Tried aggregator 3 times.
MIP Presolve eliminated 23228 rows and 35947 columns.
MIP Presolve modified 961 coefficients.
Aggregator did 1594 substitutions.
Reduced MIP has 3355 rows, 6614 columns, and 21491 nonzeros.
Reduced MIP has 6404 binaries, 0 generals, 0 SOSs, and 0 indicators.
Presolve time = 0.08 sec. (64.52 ticks)
Found incumbent of value 41076.468571 after 0.13 sec. (113.20 ticks)
Probing time = 0.01 sec. (3.21 ticks)
Tried aggregator 1 time.
MIP Presolve eliminated 0 rows and 46 columns.
Reduced MIP has 3355 rows, 6568 columns, and 21399 nonzeros.
Reduced MIP has 6568 binaries, 0 generals, 0 SOSs, and 0 indicators.
Presolve time = 0.02 sec. (17.22 ticks)
Probing time = 0.01 sec. (3.38 ticks)
Clique table members: 4354.
MIP emphasis: balance optimality and feasibility.
MIP search method: dynamic search.
Parallel mode: none, using 1 thread.
Root relaxation solution time = 0.05 sec. (44.98 ticks)

        Nodes                                         Cuts/
   Node  Left     Objective  IInf  Best Integer    Best Bound    ItCnt     Gap

*     0+    0                        41076.4686        0.0000           100.00%
*     0     0      integral     0    16745.9200    16745.9200     2538    0.00%
Elapsed time = 0.23 sec. (195.57 ticks, tree = 0.00 MB, solutions = 2)

Root node processing (before b&c):
  Real time             =    0.24 sec. (197.28 ticks)
Sequential b&c:
  Real time             =    0.00 sec. (0.00 ticks)
                          ------------
Total (root+branch&cut) =    0.24 sec. (197.28 ticks)

Solution pool: 2 solutions saved.

MIP - Integer optimal solution:  Objective =  1.6745920023e+04
Solution time =    0.24 sec.  Iterations = 2538  Nodes = 0
Deterministic time = 197.41 ticks  (835.91 ticks/sec)

CPLEX> Incumbent solution written to file '/tmp/cmpl.T11677.gsol'.
CPLEX> 
CMPL: Time used for model generation: 1 seconds
CMPL: Time used for solving the model: 1 seconds


Solution written to ASCII file: ../results/output_generated_rate_0.7/2015-11-02-5/equal.sol

Solver - finished
