CMPL model generation - running

CMPL version: 1.11.0
Authors: Thomas Schleiff, Mike Steglich
Distributed under the GPLv3 

create model instance ...
write model instance ...
CMPL model generation - finished

Solver - running


Welcome to IBM(R) ILOG(R) CPLEX(R) Interactive Optimizer 12.7.1.0
  with Simplex, Mixed Integer & Barrier Optimizers
5725-A06 5725-A29 5724-Y48 5724-Y49 5724-Y54 5724-Y55 5655-Y21
Copyright IBM Corp. 1988, 2017.  All Rights Reserved.

Type 'help' for a list of available commands.
Type 'help' followed by a command name for more
information on commands.

CPLEX> Specified objective sense: MINIMIZE
Selected objective  name:  line[1]
Selected RHS        name:  RHS
Selected bound      name:  BOUND
Problem '/tmp/cmpl.T11602.mps' read.
Read time = 0.05 sec. (9.72 ticks)
CPLEX> CPXPARAM_Read_APIEncoding                        "UTF-8"
Tried aggregator 3 times.
MIP Presolve eliminated 18709 rows and 29911 columns.
MIP Presolve modified 844 coefficients.
Aggregator did 1183 substitutions.
Reduced MIP has 2718 rows, 5199 columns, and 16761 nonzeros.
Reduced MIP has 5031 binaries, 0 generals, 0 SOSs, and 0 indicators.
Presolve time = 0.06 sec. (54.55 ticks)
Probing time = 0.01 sec. (3.03 ticks)
Tried aggregator 1 time.
MIP Presolve eliminated 0 rows and 15 columns.
Reduced MIP has 2718 rows, 5184 columns, and 16731 nonzeros.
Reduced MIP has 5184 binaries, 0 generals, 0 SOSs, and 0 indicators.
Presolve time = 0.01 sec. (12.35 ticks)
Probing time = 0.01 sec. (3.14 ticks)
Clique table members: 3391.
MIP emphasis: balance optimality and feasibility.
MIP search method: dynamic search.
Parallel mode: none, using 1 thread.
Root relaxation solution time = 0.04 sec. (35.17 ticks)

        Nodes                                         Cuts/
   Node  Left     Objective  IInf  Best Integer    Best Bound    ItCnt     Gap

*     0     0      integral     0    13091.5845    13091.5845     2030    0.00%
Elapsed time = 0.20 sec. (174.28 ticks, tree = 0.00 MB, solutions = 1)

Root node processing (before b&c):
  Real time             =    0.21 sec. (175.44 ticks)
Sequential b&c:
  Real time             =    0.00 sec. (0.00 ticks)
                          ------------
Total (root+branch&cut) =    0.21 sec. (175.44 ticks)

Solution pool: 1 solution saved.

MIP - Integer optimal solution:  Objective =  1.3091584511e+04
Solution time =    0.21 sec.  Iterations = 2030  Nodes = 0
Deterministic time = 175.54 ticks  (848.33 ticks/sec)

CPLEX> Incumbent solution written to file '/tmp/cmpl.T11602.gsol'.
CPLEX> 
CMPL: Time used for model generation: 1 seconds
CMPL: Time used for solving the model: 0 seconds


Solution written to ASCII file: ../results/output_generated_rate_0.6/2017-01-09-4/equal.sol

Solver - finished
