CMPL model generation - running

CMPL version: 1.11.0
Authors: Thomas Schleiff, Mike Steglich
Distributed under the GPLv3 

create model instance ...
write model instance ...
CMPL model generation - finished

Solver - running


Welcome to IBM(R) ILOG(R) CPLEX(R) Interactive Optimizer 12.7.1.0
  with Simplex, Mixed Integer & Barrier Optimizers
5725-A06 5725-A29 5724-Y48 5724-Y49 5724-Y54 5724-Y55 5655-Y21
Copyright IBM Corp. 1988, 2017.  All Rights Reserved.

Type 'help' for a list of available commands.
Type 'help' followed by a command name for more
information on commands.

CPLEX> Specified objective sense: MINIMIZE
Selected objective  name:  line[1]
Selected RHS        name:  RHS
Selected bound      name:  BOUND
Problem '/tmp/cmpl.T10376.mps' read.
Read time = 0.06 sec. (9.67 ticks)
CPLEX> CPXPARAM_Read_APIEncoding                        "UTF-8"
Tried aggregator 3 times.
MIP Presolve eliminated 19262 rows and 31015 columns.
MIP Presolve modified 490 coefficients.
Aggregator did 660 substitutions.
Reduced MIP has 2688 rows, 4618 columns, and 15034 nonzeros.
Reduced MIP has 4450 binaries, 0 generals, 0 SOSs, and 0 indicators.
Presolve time = 0.07 sec. (52.49 ticks)
Found incumbent of value 21277.705738 after 0.12 sec. (85.77 ticks)
Probing fixed 8 vars, tightened 0 bounds.
Probing time = 0.02 sec. (7.78 ticks)
Tried aggregator 1 time.
MIP Presolve eliminated 0 rows and 8 columns.
MIP Presolve modified 38 coefficients.
Reduced MIP has 2688 rows, 4610 columns, and 15018 nonzeros.
Reduced MIP has 4610 binaries, 0 generals, 0 SOSs, and 0 indicators.
Presolve time = 0.02 sec. (10.89 ticks)
Probing time = 0.01 sec. (3.01 ticks)
Clique table members: 9447.
MIP emphasis: balance optimality and feasibility.
MIP search method: dynamic search.
Parallel mode: none, using 1 thread.
Root relaxation solution time = 0.02 sec. (15.16 ticks)

        Nodes                                         Cuts/
   Node  Left     Objective  IInf  Best Integer    Best Bound    ItCnt     Gap

*     0+    0                        21277.7057     -280.7648           101.32%
      0     0     2424.7682     6    21277.7057     2424.7682      898   88.60%
*     0+    0                         2523.3173     2424.7682             3.91%
*     0+    0                         2426.4825     2424.7682             0.07%
*     0     0      integral     0     2426.2457       Cuts: 6      904    0.00%
      0     0        cutoff           2426.2457     2426.2457      904    0.00%
Elapsed time = 0.23 sec. (149.95 ticks, tree = 0.01 MB, solutions = 4)

Cover cuts applied:  4
Gomory fractional cuts applied:  2

Root node processing (before b&c):
  Real time             =    0.23 sec. (151.87 ticks)
Sequential b&c:
  Real time             =    0.00 sec. (0.00 ticks)
                          ------------
Total (root+branch&cut) =    0.23 sec. (151.87 ticks)

Solution pool: 4 solutions saved.

MIP - Integer optimal solution:  Objective =  2.4262456940e+03
Solution time =    0.23 sec.  Iterations = 904  Nodes = 0
Deterministic time = 151.97 ticks  (654.13 ticks/sec)

CPLEX> Incumbent solution written to file '/tmp/cmpl.T10376.gsol'.
CPLEX> 
CMPL: Time used for model generation: 1 seconds
CMPL: Time used for solving the model: 1 seconds


Solution written to ASCII file: ../results/output_generated_conf_0.6/2016-04-04-4/equal.sol

Solver - finished
