CMPL model generation - running

CMPL version: 1.11.0
Authors: Thomas Schleiff, Mike Steglich
Distributed under the GPLv3 

create model instance ...
write model instance ...
CMPL model generation - finished

Solver - running


Welcome to IBM(R) ILOG(R) CPLEX(R) Interactive Optimizer 12.7.1.0
  with Simplex, Mixed Integer & Barrier Optimizers
5725-A06 5725-A29 5724-Y48 5724-Y49 5724-Y54 5724-Y55 5655-Y21
Copyright IBM Corp. 1988, 2017.  All Rights Reserved.

Type 'help' for a list of available commands.
Type 'help' followed by a command name for more
information on commands.

CPLEX> Specified objective sense: MINIMIZE
Selected objective  name:  line[1]
Selected RHS        name:  RHS
Selected bound      name:  BOUND
Problem '/tmp/cmpl.T11697.mps' read.
Read time = 0.07 sec. (12.02 ticks)
CPLEX> CPXPARAM_Read_APIEncoding                        "UTF-8"
Tried aggregator 3 times.
MIP Presolve eliminated 23252 rows and 36005 columns.
MIP Presolve modified 929 coefficients.
Aggregator did 1562 substitutions.
Reduced MIP has 3363 rows, 6588 columns, and 21421 nonzeros.
Reduced MIP has 6378 binaries, 0 generals, 0 SOSs, and 0 indicators.
Presolve time = 0.07 sec. (64.27 ticks)
Found incumbent of value 43638.910433 after 0.13 sec. (112.81 ticks)
Probing time = 0.01 sec. (3.22 ticks)
Tried aggregator 1 time.
MIP Presolve eliminated 0 rows and 46 columns.
Reduced MIP has 3363 rows, 6542 columns, and 21329 nonzeros.
Reduced MIP has 6542 binaries, 0 generals, 0 SOSs, and 0 indicators.
Presolve time = 0.02 sec. (16.97 ticks)
Probing time = 0.01 sec. (3.37 ticks)
Clique table members: 4419.
MIP emphasis: balance optimality and feasibility.
MIP search method: dynamic search.
Parallel mode: none, using 1 thread.
Root relaxation solution time = 0.05 sec. (44.66 ticks)

        Nodes                                         Cuts/
   Node  Left     Objective  IInf  Best Integer    Best Bound    ItCnt     Gap

*     0+    0                        43638.9104        0.0000           100.00%
*     0     0      integral     0    17947.9846    17947.9846     2355    0.00%
Elapsed time = 0.23 sec. (195.33 ticks, tree = 0.00 MB, solutions = 2)

Root node processing (before b&c):
  Real time             =    0.23 sec. (197.05 ticks)
Sequential b&c:
  Real time             =    0.00 sec. (0.00 ticks)
                          ------------
Total (root+branch&cut) =    0.23 sec. (197.05 ticks)

Solution pool: 2 solutions saved.

MIP - Integer optimal solution:  Objective =  1.7947984637e+04
Solution time =    0.23 sec.  Iterations = 2355  Nodes = 0
Deterministic time = 197.17 ticks  (850.19 ticks/sec)

CPLEX> Incumbent solution written to file '/tmp/cmpl.T11697.gsol'.
CPLEX> 
CMPL: Time used for model generation: 1 seconds
CMPL: Time used for solving the model: 1 seconds


Solution written to ASCII file: ../results/output_generated_rate_0.7/2016-08-01-5/equal.sol

Solver - finished
