CMPL model generation - running

CMPL version: 1.11.0
Authors: Thomas Schleiff, Mike Steglich
Distributed under the GPLv3 

create model instance ...
write model instance ...
CMPL model generation - finished

Solver - running


Welcome to IBM(R) ILOG(R) CPLEX(R) Interactive Optimizer 12.7.1.0
  with Simplex, Mixed Integer & Barrier Optimizers
5725-A06 5725-A29 5724-Y48 5724-Y49 5724-Y54 5724-Y55 5655-Y21
Copyright IBM Corp. 1988, 2017.  All Rights Reserved.

Type 'help' for a list of available commands.
Type 'help' followed by a command name for more
information on commands.

CPLEX> Specified objective sense: MINIMIZE
Selected objective  name:  line[1]
Selected RHS        name:  RHS
Selected bound      name:  BOUND
Problem '/tmp/cmpl.T11647.mps' read.
Read time = 0.08 sec. (11.05 ticks)
CPLEX> CPXPARAM_Read_APIEncoding                        "UTF-8"
Tried aggregator 3 times.
MIP Presolve eliminated 23257 rows and 36005 columns.
MIP Presolve modified 425 coefficients.
Aggregator did 1565 substitutions.
Reduced MIP has 3185 rows, 4970 columns, and 14724 nonzeros.
Reduced MIP has 4760 binaries, 0 generals, 0 SOSs, and 0 indicators.
Presolve time = 0.07 sec. (53.94 ticks)
Found incumbent of value 42903.444683 after 0.14 sec. (100.05 ticks)
Probing time = 0.01 sec. (2.81 ticks)
Tried aggregator 1 time.
MIP Presolve eliminated 0 rows and 46 columns.
Reduced MIP has 3185 rows, 4924 columns, and 14632 nonzeros.
Reduced MIP has 4924 binaries, 0 generals, 0 SOSs, and 0 indicators.
Presolve time = 0.02 sec. (13.37 ticks)
Probing time = 0.01 sec. (2.97 ticks)
Clique table members: 4240.
MIP emphasis: balance optimality and feasibility.
MIP search method: dynamic search.
Parallel mode: none, using 1 thread.
Root relaxation solution time = 0.03 sec. (24.11 ticks)

        Nodes                                         Cuts/
   Node  Left     Objective  IInf  Best Integer    Best Bound    ItCnt     Gap

*     0+    0                        42903.4447        0.0000           100.00%
*     0     0      integral     0    17935.2718    17935.2718     1345    0.00%
Elapsed time = 0.22 sec. (153.52 ticks, tree = 0.00 MB, solutions = 2)

Root node processing (before b&c):
  Real time             =    0.22 sec. (155.14 ticks)
Sequential b&c:
  Real time             =    0.00 sec. (0.00 ticks)
                          ------------
Total (root+branch&cut) =    0.22 sec. (155.14 ticks)

Solution pool: 2 solutions saved.

MIP - Integer optimal solution:  Objective =  1.7935271827e+04
Solution time =    0.22 sec.  Iterations = 1345  Nodes = 0
Deterministic time = 155.26 ticks  (695.71 ticks/sec)

CPLEX> Incumbent solution written to file '/tmp/cmpl.T11647.gsol'.
CPLEX> 
CMPL: Time used for model generation: 1 seconds
CMPL: Time used for solving the model: 1 seconds


Solution written to ASCII file: ../results/output_generated_rate_0.7/2016-08-01-5/unequal.sol

Solver - finished
