CMPL model generation - running

CMPL version: 1.11.0
Authors: Thomas Schleiff, Mike Steglich
Distributed under the GPLv3 

create model instance ...
write model instance ...
CMPL model generation - finished

Solver - running


Welcome to IBM(R) ILOG(R) CPLEX(R) Interactive Optimizer 12.7.1.0
  with Simplex, Mixed Integer & Barrier Optimizers
5725-A06 5725-A29 5724-Y48 5724-Y49 5724-Y54 5724-Y55 5655-Y21
Copyright IBM Corp. 1988, 2017.  All Rights Reserved.

Type 'help' for a list of available commands.
Type 'help' followed by a command name for more
information on commands.

CPLEX> Specified objective sense: MINIMIZE
Selected objective  name:  line[1]
Selected RHS        name:  RHS
Selected bound      name:  BOUND
Problem '/tmp/cmpl.T10473.mps' read.
Read time = 0.06 sec. (11.95 ticks)
CPLEX> CPXPARAM_Read_APIEncoding                        "UTF-8"
Tried aggregator 3 times.
MIP Presolve eliminated 23971 rows and 37433 columns.
MIP Presolve modified 525 coefficients.
Aggregator did 863 substitutions.
Reduced MIP has 3343 rows, 5859 columns, and 19232 nonzeros.
Reduced MIP has 5649 binaries, 0 generals, 0 SOSs, and 0 indicators.
Presolve time = 0.06 sec. (59.67 ticks)
Probing fixed 21 vars, tightened 0 bounds.
Probing time = 0.02 sec. (10.28 ticks)
Tried aggregator 1 time.
MIP Presolve eliminated 0 rows and 21 columns.
MIP Presolve modified 128 coefficients.
Reduced MIP has 3343 rows, 5838 columns, and 19190 nonzeros.
Reduced MIP has 5838 binaries, 0 generals, 0 SOSs, and 0 indicators.
Presolve time = 0.02 sec. (14.14 ticks)
Probing time = 0.01 sec. (3.27 ticks)
Clique table members: 11928.
MIP emphasis: balance optimality and feasibility.
MIP search method: dynamic search.
Parallel mode: none, using 1 thread.
Root relaxation solution time = 0.02 sec. (18.78 ticks)

        Nodes                                         Cuts/
   Node  Left     Objective  IInf  Best Integer    Best Bound    ItCnt     Gap

      0     0     4202.3850     4                   4202.3850     1100         
*     0+    0                         4202.7260     4202.3850             0.01%

Root node processing (before b&c):
  Real time             =    0.23 sec. (184.51 ticks)
Sequential b&c:
  Real time             =    0.00 sec. (0.00 ticks)
                          ------------
Total (root+branch&cut) =    0.23 sec. (184.51 ticks)

Solution pool: 1 solution saved.

MIP - Integer optimal, tolerance (0.0001/1e-06):  Objective =  4.2027259770e+03
Current MIP best bound =  4.2023849505e+03 (gap = 0.341026, 0.01%)
Solution time =    0.23 sec.  Iterations = 1100  Nodes = 0 (1)
Deterministic time = 184.64 ticks  (817.32 ticks/sec)

CPLEX> Incumbent solution written to file '/tmp/cmpl.T10473.gsol'.
CPLEX> 
CMPL: Time used for model generation: 1 seconds
CMPL: Time used for solving the model: 1 seconds


Solution written to ASCII file: ../results/output_generated_conf_0.7/2016-02-01-5/equal.sol

Solver - finished
