CMPL model generation - running

CMPL version: 1.11.0
Authors: Thomas Schleiff, Mike Steglich
Distributed under the GPLv3 

create model instance ...
write model instance ...
CMPL model generation - finished

Solver - running


Welcome to IBM(R) ILOG(R) CPLEX(R) Interactive Optimizer 12.7.1.0
  with Simplex, Mixed Integer & Barrier Optimizers
5725-A06 5725-A29 5724-Y48 5724-Y49 5724-Y54 5724-Y55 5655-Y21
Copyright IBM Corp. 1988, 2017.  All Rights Reserved.

Type 'help' for a list of available commands.
Type 'help' followed by a command name for more
information on commands.

CPLEX> Specified objective sense: MINIMIZE
Selected objective  name:  line[1]
Selected RHS        name:  RHS
Selected bound      name:  BOUND
Problem '/tmp/cmpl.T10615.mps' read.
Read time = 0.06 sec. (9.68 ticks)
CPLEX> CPXPARAM_Read_APIEncoding                        "UTF-8"
Tried aggregator 3 times.
MIP Presolve eliminated 19140 rows and 30773 columns.
MIP Presolve modified 552 coefficients.
Aggregator did 760 substitutions.
Reduced MIP has 2710 rows, 4760 columns, and 15450 nonzeros.
Reduced MIP has 4592 binaries, 0 generals, 0 SOSs, and 0 indicators.
Presolve time = 0.06 sec. (51.57 ticks)
Found incumbent of value 23715.562990 after 0.10 sec. (86.12 ticks)
Probing fixed 20 vars, tightened 0 bounds.
Probing time = 0.01 sec. (8.04 ticks)
Tried aggregator 1 time.
MIP Presolve eliminated 0 rows and 20 columns.
MIP Presolve modified 120 coefficients.
Reduced MIP has 2710 rows, 4740 columns, and 15410 nonzeros.
Reduced MIP has 4740 binaries, 0 generals, 0 SOSs, and 0 indicators.
Presolve time = 0.01 sec. (11.40 ticks)
Probing time = 0.01 sec. (3.03 ticks)
Clique table members: 9664.
MIP emphasis: balance optimality and feasibility.
MIP search method: dynamic search.
Parallel mode: none, using 1 thread.
Root relaxation solution time = 0.02 sec. (17.52 ticks)

        Nodes                                         Cuts/
   Node  Left     Objective  IInf  Best Integer    Best Bound    ItCnt     Gap

*     0+    0                        23715.5630      -40.5562           100.17%
      0     0     4747.8470     1    23715.5630     4747.8470     1138   79.98%
*     0+    0                         4767.7802     4747.8470             0.42%
*     0+    0                         4748.1327     4747.8470             0.01%
      0     0        cutoff           4748.1327     4747.8470     1138    0.01%
Elapsed time = 0.18 sec. (144.68 ticks, tree = 0.01 MB, solutions = 3)

Root node processing (before b&c):
  Real time             =    0.18 sec. (146.36 ticks)
Sequential b&c:
  Real time             =    0.00 sec. (0.00 ticks)
                          ------------
Total (root+branch&cut) =    0.18 sec. (146.36 ticks)

Solution pool: 3 solutions saved.

MIP - Integer optimal solution:  Objective =  4.7481327430e+03
Solution time =    0.18 sec.  Iterations = 1138  Nodes = 0
Deterministic time = 146.46 ticks  (811.07 ticks/sec)

CPLEX> Incumbent solution written to file '/tmp/cmpl.T10615.gsol'.
CPLEX> 
CMPL: Time used for model generation: 1 seconds
CMPL: Time used for solving the model: 1 seconds


Solution written to ASCII file: ../results/output_generated_conf_0.8/2017-09-04-4/equal.sol

Solver - finished
