CMPL model generation - running

CMPL version: 1.11.0
Authors: Thomas Schleiff, Mike Steglich
Distributed under the GPLv3 

create model instance ...
write model instance ...
CMPL model generation - finished

Solver - running


Welcome to IBM(R) ILOG(R) CPLEX(R) Interactive Optimizer 12.7.1.0
  with Simplex, Mixed Integer & Barrier Optimizers
5725-A06 5725-A29 5724-Y48 5724-Y49 5724-Y54 5724-Y55 5655-Y21
Copyright IBM Corp. 1988, 2017.  All Rights Reserved.

Type 'help' for a list of available commands.
Type 'help' followed by a command name for more
information on commands.

CPLEX> Specified objective sense: MINIMIZE
Selected objective  name:  line[1]
Selected RHS        name:  RHS
Selected bound      name:  BOUND
Problem '/tmp/cmpl.XM9743.mps' read.
Read time = 0.08 sec. (11.92 ticks)
CPLEX> CPXPARAM_Read_APIEncoding                        "UTF-8"
Tried aggregator 3 times.
MIP Presolve eliminated 24202 rows and 37873 columns.
MIP Presolve modified 442 coefficients.
Aggregator did 692 substitutions.
Reduced MIP has 3283 rows, 5590 columns, and 18477 nonzeros.
Reduced MIP has 5380 binaries, 0 generals, 0 SOSs, and 0 indicators.
Presolve time = 0.07 sec. (56.56 ticks)
Found incumbent of value 24305.119999 after 0.12 sec. (98.92 ticks)
Probing fixed 7 vars, tightened 0 bounds.
Probing time = 0.02 sec. (9.36 ticks)
Tried aggregator 1 time.
MIP Presolve eliminated 1 rows and 7 columns.
MIP Presolve modified 33 coefficients.
Reduced MIP has 3282 rows, 5583 columns, and 18459 nonzeros.
Reduced MIP has 5583 binaries, 0 generals, 0 SOSs, and 0 indicators.
Presolve time = 0.02 sec. (15.16 ticks)
Probing time = 0.01 sec. (3.25 ticks)
Clique table members: 10308.
MIP emphasis: balance optimality and feasibility.
MIP search method: dynamic search.
Parallel mode: none, using 1 thread.
Root relaxation solution time = 0.02 sec. (24.12 ticks)

        Nodes                                         Cuts/
   Node  Left     Objective  IInf  Best Integer    Best Bound    ItCnt     Gap

*     0+    0                        24305.1200     -346.3428           101.42%
      0     0      132.1257    19    24305.1200      132.1257     1223   99.46%
*     0+    0                          136.4686      132.1257             3.18%
      0     0        cutoff            136.4686                   1223    0.00%
Elapsed time = 0.21 sec. (172.56 ticks, tree = 0.01 MB, solutions = 2)

Root node processing (before b&c):
  Real time             =    0.22 sec. (174.26 ticks)
Sequential b&c:
  Real time             =    0.00 sec. (0.00 ticks)
                          ------------
Total (root+branch&cut) =    0.22 sec. (174.26 ticks)

Solution pool: 2 solutions saved.

MIP - Integer optimal solution:  Objective =  1.3646857200e+02
Solution time =    0.22 sec.  Iterations = 1223  Nodes = 0
Deterministic time = 174.39 ticks  (807.83 ticks/sec)

CPLEX> Incumbent solution written to file '/tmp/cmpl.XM9743.gsol'.
CPLEX> 
CMPL: Time used for model generation: 1 seconds
CMPL: Time used for solving the model: 1 seconds


Solution written to ASCII file: ../results/output_generated_conf_0/2015-11-02-5/equal.sol

Solver - finished
