CMPL model generation - running

CMPL version: 1.11.0
Authors: Thomas Schleiff, Mike Steglich
Distributed under the GPLv3 

create model instance ...
write model instance ...
CMPL model generation - finished

Solver - running


Welcome to IBM(R) ILOG(R) CPLEX(R) Interactive Optimizer 12.7.1.0
  with Simplex, Mixed Integer & Barrier Optimizers
5725-A06 5725-A29 5724-Y48 5724-Y49 5724-Y54 5724-Y55 5655-Y21
Copyright IBM Corp. 1988, 2017.  All Rights Reserved.

Type 'help' for a list of available commands.
Type 'help' followed by a command name for more
information on commands.

CPLEX> Specified objective sense: MINIMIZE
Selected objective  name:  line[1]
Selected RHS        name:  RHS
Selected bound      name:  BOUND
Problem '/tmp/cmpl.T10194.mps' read.
Read time = 0.05 sec. (9.66 ticks)
CPLEX> CPXPARAM_Read_APIEncoding                        "UTF-8"
Tried aggregator 3 times.
MIP Presolve eliminated 19318 rows and 31124 columns.
MIP Presolve modified 454 coefficients.
Aggregator did 632 substitutions.
Reduced MIP has 2660 rows, 4537 columns, and 14813 nonzeros.
Reduced MIP has 4369 binaries, 0 generals, 0 SOSs, and 0 indicators.
Presolve time = 0.06 sec. (52.12 ticks)
Found incumbent of value 20637.269546 after 0.09 sec. (85.04 ticks)
Probing fixed 8 vars, tightened 0 bounds.
Probing time = 0.01 sec. (7.57 ticks)
Tried aggregator 1 time.
MIP Presolve eliminated 0 rows and 8 columns.
MIP Presolve modified 35 coefficients.
Reduced MIP has 2660 rows, 4529 columns, and 14797 nonzeros.
Reduced MIP has 4529 binaries, 0 generals, 0 SOSs, and 0 indicators.
Presolve time = 0.01 sec. (10.71 ticks)
Probing time = 0.01 sec. (3.00 ticks)
Clique table members: 9299.
MIP emphasis: balance optimality and feasibility.
MIP search method: dynamic search.
Parallel mode: none, using 1 thread.
Root relaxation solution time = 0.01 sec. (13.83 ticks)

        Nodes                                         Cuts/
   Node  Left     Objective  IInf  Best Integer    Best Bound    ItCnt     Gap

*     0+    0                        20637.2695     -405.0501           101.96%
      0     0     1391.7329    16    20637.2695     1391.7329      837   93.26%
*     0+    0                         1396.3043     1391.7329             0.33%
      0     0     1395.9618     1     1396.3043      Cuts: 16      848    0.02%
*     0+    0                         1395.9619     1395.9618             0.00%
      0     0        cutoff           1395.9619     1395.9618      848    0.00%
Elapsed time = 0.17 sec. (147.30 ticks, tree = 0.01 MB, solutions = 3)

GUB cover cuts applied:  1
Clique cuts applied:  1
Cover cuts applied:  9
Gomory fractional cuts applied:  5

Root node processing (before b&c):
  Real time             =    0.17 sec. (148.97 ticks)
Sequential b&c:
  Real time             =    0.00 sec. (0.00 ticks)
                          ------------
Total (root+branch&cut) =    0.17 sec. (148.97 ticks)

Solution pool: 3 solutions saved.

MIP - Integer optimal solution:  Objective =  1.3959618510e+03
Solution time =    0.17 sec.  Iterations = 848  Nodes = 0
Deterministic time = 149.08 ticks  (859.15 ticks/sec)

CPLEX> Incumbent solution written to file '/tmp/cmpl.T10194.gsol'.
CPLEX> 
CMPL: Time used for model generation: 1 seconds
CMPL: Time used for solving the model: 0 seconds


Solution written to ASCII file: ../results/output_generated_conf_0.4/2017-03-06-4/equal.sol

Solver - finished
