CMPL model generation - running

CMPL version: 1.11.0
Authors: Thomas Schleiff, Mike Steglich
Distributed under the GPLv3 

create model instance ...
write model instance ...
CMPL model generation - finished

Solver - running


Welcome to IBM(R) ILOG(R) CPLEX(R) Interactive Optimizer 12.7.1.0
  with Simplex, Mixed Integer & Barrier Optimizers
5725-A06 5725-A29 5724-Y48 5724-Y49 5724-Y54 5724-Y55 5655-Y21
Copyright IBM Corp. 1988, 2017.  All Rights Reserved.

Type 'help' for a list of available commands.
Type 'help' followed by a command name for more
information on commands.

CPLEX> Specified objective sense: MINIMIZE
Selected objective  name:  line[1]
Selected RHS        name:  RHS
Selected bound      name:  BOUND
Problem '/tmp/cmpl.T10144.mps' read.
Read time = 0.07 sec. (8.85 ticks)
CPLEX> CPXPARAM_Read_APIEncoding                        "UTF-8"
Tried aggregator 3 times.
MIP Presolve eliminated 19318 rows and 30784 columns.
MIP Presolve modified 340 coefficients.
Aggregator did 632 substitutions.
Reduced MIP has 2490 rows, 3262 columns, and 9520 nonzeros.
Reduced MIP has 3094 binaries, 0 generals, 0 SOSs, and 0 indicators.
Presolve time = 0.05 sec. (43.11 ticks)
Found incumbent of value 5428.988528 after 0.09 sec. (64.23 ticks)
Probing fixed 8 vars, tightened 0 bounds.
Probing time = 0.01 sec. (4.21 ticks)
Tried aggregator 1 time.
MIP Presolve eliminated 0 rows and 8 columns.
MIP Presolve modified 35 coefficients.
Reduced MIP has 2490 rows, 3254 columns, and 9504 nonzeros.
Reduced MIP has 3254 binaries, 0 generals, 0 SOSs, and 0 indicators.
Presolve time = 0.01 sec. (8.05 ticks)
Probing time = 0.01 sec. (2.68 ticks)
Clique table members: 5884.
MIP emphasis: balance optimality and feasibility.
MIP search method: dynamic search.
Parallel mode: none, using 1 thread.
Root relaxation solution time = 0.00 sec. (4.48 ticks)

        Nodes                                         Cuts/
   Node  Left     Objective  IInf  Best Integer    Best Bound    ItCnt     Gap

*     0+    0                         5428.9885     -405.0501           107.46%
      0     0     1379.7329    16     5428.9885     1379.7329      106   74.59%
*     0+    0                         1599.0583     1379.7329            13.72%
*     0+    0                         1384.3043     1379.7329             0.33%
*     0     0      integral     0     1383.9047      Cuts: 17      115    0.00%
      0     0        cutoff           1383.9047     1383.9047      115    0.00%
Elapsed time = 0.15 sec. (102.96 ticks, tree = 0.01 MB, solutions = 4)

GUB cover cuts applied:  1
Clique cuts applied:  2
Cover cuts applied:  9
Gomory fractional cuts applied:  5

Root node processing (before b&c):
  Real time             =    0.15 sec. (104.72 ticks)
Sequential b&c:
  Real time             =    0.00 sec. (0.00 ticks)
                          ------------
Total (root+branch&cut) =    0.15 sec. (104.72 ticks)

Solution pool: 4 solutions saved.

MIP - Integer optimal solution:  Objective =  1.3839047060e+03
Solution time =    0.15 sec.  Iterations = 115  Nodes = 0
Deterministic time = 104.82 ticks  (686.21 ticks/sec)

CPLEX> Incumbent solution written to file '/tmp/cmpl.T10144.gsol'.
CPLEX> 
CMPL: Time used for model generation: 2 seconds
CMPL: Time used for solving the model: 0 seconds


Solution written to ASCII file: ../results/output_generated_conf_0.4/2017-03-06-4/unequal.sol

Solver - finished
