CMPL model generation - running

CMPL version: 1.11.0
Authors: Thomas Schleiff, Mike Steglich
Distributed under the GPLv3 

create model instance ...
write model instance ...
CMPL model generation - finished

Solver - running


Welcome to IBM(R) ILOG(R) CPLEX(R) Interactive Optimizer 12.7.1.0
  with Simplex, Mixed Integer & Barrier Optimizers
5725-A06 5725-A29 5724-Y48 5724-Y49 5724-Y54 5724-Y55 5655-Y21
Copyright IBM Corp. 1988, 2017.  All Rights Reserved.

Type 'help' for a list of available commands.
Type 'help' followed by a command name for more
information on commands.

CPLEX> Specified objective sense: MINIMIZE
Selected objective  name:  line[1]
Selected RHS        name:  RHS
Selected bound      name:  BOUND
Problem '/tmp/cmpl.T15517.mps' read.
Read time = 0.06 sec. (9.61 ticks)
CPLEX> CPXPARAM_Read_APIEncoding                        "UTF-8"
Tried aggregator 3 times.
MIP Presolve eliminated 19404 rows and 31272 columns.
MIP Presolve modified 413 coefficients.
Aggregator did 579 substitutions.
Reduced MIP has 2627 rows, 4442 columns, and 14562 nonzeros.
Reduced MIP has 4274 binaries, 0 generals, 0 SOSs, and 0 indicators.
Presolve time = 0.07 sec. (49.88 ticks)
Found incumbent of value 16400.000000 after 0.15 sec. (85.88 ticks)
Probing fixed 5 vars, tightened 0 bounds.
Probing time = 0.01 sec. (7.26 ticks)
Tried aggregator 2 times.
MIP Presolve eliminated 2 rows and 5 columns.
MIP Presolve modified 25 coefficients.
Aggregator did 1 substitutions.
Reduced MIP has 2624 rows, 4436 columns, and 14545 nonzeros.
Reduced MIP has 4436 binaries, 0 generals, 0 SOSs, and 0 indicators.
Presolve time = 0.01 sec. (13.87 ticks)
Probing time = 0.01 sec. (2.99 ticks)
Clique table members: 8184.
MIP emphasis: balance optimality and feasibility.
MIP search method: dynamic search.
Parallel mode: none, using 1 thread.
Root relaxation solution time = 0.01 sec. (7.84 ticks)

        Nodes                                         Cuts/
   Node  Left     Objective  IInf  Best Integer    Best Bound    ItCnt     Gap

*     0+    0                        16400.0000        0.0000           100.00%
      0     0        0.0000   121    16400.0000        0.0000      232  100.00%
      0     0        0.0000    20    16400.0000       Cuts: 9      240  100.00%
      0     0        0.0000    14    16400.0000      Cuts: 71      288  100.00%
      0     0        0.0000    10    16400.0000      Cuts: 22      308  100.00%
      0     0        0.0000     2    16400.0000      Cuts: 18      311  100.00%
      0     0        0.0000     9    16400.0000       Cuts: 3      312  100.00%
*     0     0      integral     0        0.0000      Cuts: 13      324    0.00%
      0     0        cutoff              0.0000        0.0000      324    0.00%
Elapsed time = 0.40 sec. (336.99 ticks, tree = 0.01 MB, solutions = 2)

GUB cover cuts applied:  21
Clique cuts applied:  26
Cover cuts applied:  4
Flow cuts applied:  5
Mixed integer rounding cuts applied:  20
Zero-half cuts applied:  18
Lift and project cuts applied:  5
Gomory fractional cuts applied:  7

Root node processing (before b&c):
  Real time             =    0.40 sec. (338.43 ticks)
Sequential b&c:
  Real time             =    0.00 sec. (0.00 ticks)
                          ------------
Total (root+branch&cut) =    0.40 sec. (338.43 ticks)

Solution pool: 2 solutions saved.

MIP - Integer optimal solution:  Objective =  0.0000000000e+00
Solution time =    0.40 sec.  Iterations = 324  Nodes = 0
Deterministic time = 338.54 ticks  (842.93 ticks/sec)

CPLEX> Incumbent solution written to file '/tmp/cmpl.T15517.gsol'.
CPLEX> 
CMPL: Time used for model generation: 1 seconds
CMPL: Time used for solving the model: 1 seconds


Solution written to ASCII file: ../results/results_unfair_conf_0/2016-01-04-4/unequal-unfair.sol

Solver - finished
