CMPL model generation - running

CMPL version: 1.11.0
Authors: Thomas Schleiff, Mike Steglich
Distributed under the GPLv3 

create model instance ...
write model instance ...
CMPL model generation - finished

Solver - running


Welcome to IBM(R) ILOG(R) CPLEX(R) Interactive Optimizer 12.7.1.0
  with Simplex, Mixed Integer & Barrier Optimizers
5725-A06 5725-A29 5724-Y48 5724-Y49 5724-Y54 5724-Y55 5655-Y21
Copyright IBM Corp. 1988, 2017.  All Rights Reserved.

Type 'help' for a list of available commands.
Type 'help' followed by a command name for more
information on commands.

CPLEX> Specified objective sense: MINIMIZE
Selected objective  name:  line[1]
Selected RHS        name:  RHS
Selected bound      name:  BOUND
Problem '/tmp/cmpl.T11754.mps' read.
Read time = 0.05 sec. (8.92 ticks)
CPLEX> CPXPARAM_Read_APIEncoding                        "UTF-8"
Tried aggregator 3 times.
MIP Presolve eliminated 18570 rows and 29299 columns.
MIP Presolve modified 388 coefficients.
Aggregator did 1317 substitutions.
Reduced MIP has 2553 rows, 4062 columns, and 11886 nonzeros.
Reduced MIP has 3894 binaries, 0 generals, 0 SOSs, and 0 indicators.
Presolve time = 0.05 sec. (45.79 ticks)
Found incumbent of value 36119.175107 after 0.11 sec. (87.83 ticks)
Probing time = 0.01 sec. (2.68 ticks)
Tried aggregator 2 times.
MIP Presolve eliminated 3 rows and 37 columns.
MIP Presolve modified 12 coefficients.
Aggregator did 2 substitutions.
Reduced MIP has 2548 rows, 4023 columns, and 11802 nonzeros.
Reduced MIP has 4023 binaries, 0 generals, 0 SOSs, and 0 indicators.
Presolve time = 0.02 sec. (14.49 ticks)
Probing time = 0.01 sec. (2.82 ticks)
Clique table members: 3442.
MIP emphasis: balance optimality and feasibility.
MIP search method: dynamic search.
Parallel mode: none, using 1 thread.
Root relaxation solution time = 0.02 sec. (17.90 ticks)

        Nodes                                         Cuts/
   Node  Left     Objective  IInf  Best Integer    Best Bound    ItCnt     Gap

*     0+    0                        36119.1751        0.0000           100.00%
*     0     0      integral     0    15641.5441    15641.5441     1236    0.00%
Elapsed time = 0.17 sec. (134.05 ticks, tree = 0.00 MB, solutions = 2)

Root node processing (before b&c):
  Real time             =    0.18 sec. (135.37 ticks)
Sequential b&c:
  Real time             =    0.00 sec. (0.00 ticks)
                          ------------
Total (root+branch&cut) =    0.18 sec. (135.37 ticks)

Solution pool: 2 solutions saved.

MIP - Integer optimal solution:  Objective =  1.5641544120e+04
Solution time =    0.18 sec.  Iterations = 1236  Nodes = 0
Deterministic time = 135.47 ticks  (759.51 ticks/sec)

CPLEX> Incumbent solution written to file '/tmp/cmpl.T11754.gsol'.
CPLEX> 
CMPL: Time used for model generation: 1 seconds
CMPL: Time used for solving the model: 1 seconds


Solution written to ASCII file: ../results/output_generated_rate_0.8/2016-09-05-4/unequal.sol

Solver - finished
