CMPL model generation - running

CMPL version: 1.11.0
Authors: Thomas Schleiff, Mike Steglich
Distributed under the GPLv3 

create model instance ...
write model instance ...
CMPL model generation - finished

Solver - running


Welcome to IBM(R) ILOG(R) CPLEX(R) Interactive Optimizer 12.7.1.0
  with Simplex, Mixed Integer & Barrier Optimizers
5725-A06 5725-A29 5724-Y48 5724-Y49 5724-Y54 5724-Y55 5655-Y21
Copyright IBM Corp. 1988, 2017.  All Rights Reserved.

Type 'help' for a list of available commands.
Type 'help' followed by a command name for more
information on commands.

CPLEX> Specified objective sense: MINIMIZE
Selected objective  name:  line[1]
Selected RHS        name:  RHS
Selected bound      name:  BOUND
Problem '/tmp/cmpl.T10605.mps' read.
Read time = 0.07 sec. (11.96 ticks)
CPLEX> CPXPARAM_Read_APIEncoding                        "UTF-8"
Tried aggregator 3 times.
MIP Presolve eliminated 23872 rows and 37235 columns.
MIP Presolve modified 589 coefficients.
Aggregator did 954 substitutions.
Reduced MIP has 3351 rows, 5966 columns, and 19549 nonzeros.
Reduced MIP has 5756 binaries, 0 generals, 0 SOSs, and 0 indicators.
Presolve time = 0.08 sec. (60.30 ticks)
Probing time = 0.01 sec. (3.29 ticks)
Tried aggregator 1 time.
MIP Presolve eliminated 0 rows and 2 columns.
Reduced MIP has 3351 rows, 5964 columns, and 19545 nonzeros.
Reduced MIP has 5964 binaries, 0 generals, 0 SOSs, and 0 indicators.
Presolve time = 0.01 sec. (14.08 ticks)
Probing fixed 19 vars, tightened 0 bounds.
Probing time = 0.02 sec. (10.60 ticks)
Clique table members: 12252.
MIP emphasis: balance optimality and feasibility.
MIP search method: dynamic search.
Parallel mode: none, using 1 thread.
Root relaxation solution time = 0.03 sec. (27.56 ticks)

        Nodes                                         Cuts/
   Node  Left     Objective  IInf  Best Integer    Best Bound    ItCnt     Gap

      0     0     6118.8152     1                   6118.8152     1665         
*     0+    0                         6138.8073     6118.8152             0.33%
*     0+    0                         6119.0437     6118.8152             0.00%

Root node processing (before b&c):
  Real time             =    0.26 sec. (201.17 ticks)
Sequential b&c:
  Real time             =    0.00 sec. (0.00 ticks)
                          ------------
Total (root+branch&cut) =    0.26 sec. (201.17 ticks)

Solution pool: 2 solutions saved.

MIP - Integer optimal, tolerance (0.0001/1e-06):  Objective =  6.1190437360e+03
Current MIP best bound =  6.1188151640e+03 (gap = 0.228572, 0.00%)
Solution time =    0.26 sec.  Iterations = 1665  Nodes = 0 (1)
Deterministic time = 201.30 ticks  (772.80 ticks/sec)

CPLEX> Incumbent solution written to file '/tmp/cmpl.T10605.gsol'.
CPLEX> 
CMPL: Time used for model generation: 1 seconds
CMPL: Time used for solving the model: 1 seconds


Solution written to ASCII file: ../results/output_generated_conf_0.8/2017-05-01-5/equal.sol

Solver - finished
