CMPL model generation - running

CMPL version: 1.11.0
Authors: Thomas Schleiff, Mike Steglich
Distributed under the GPLv3 

create model instance ...
write model instance ...
CMPL model generation - finished

Solver - running


Welcome to IBM(R) ILOG(R) CPLEX(R) Interactive Optimizer 12.7.1.0
  with Simplex, Mixed Integer & Barrier Optimizers
5725-A06 5725-A29 5724-Y48 5724-Y49 5724-Y54 5724-Y55 5655-Y21
Copyright IBM Corp. 1988, 2017.  All Rights Reserved.

Type 'help' for a list of available commands.
Type 'help' followed by a command name for more
information on commands.

CPLEX> Specified objective sense: MINIMIZE
Selected objective  name:  line[1]
Selected RHS        name:  RHS
Selected bound      name:  BOUND
Problem '/tmp/cmpl.T15533.mps' read.
Read time = 0.07 sec. (9.61 ticks)
CPLEX> CPXPARAM_Read_APIEncoding                        "UTF-8"
Tried aggregator 3 times.
MIP Presolve eliminated 19398 rows and 31269 columns.
MIP Presolve modified 422 coefficients.
Aggregator did 588 substitutions.
Reduced MIP has 2624 rows, 4436 columns, and 14540 nonzeros.
Reduced MIP has 4268 binaries, 0 generals, 0 SOSs, and 0 indicators.
Presolve time = 0.06 sec. (51.44 ticks)
Found incumbent of value 16800.000000 after 0.09 sec. (72.07 ticks)
Probing fixed 4 vars, tightened 0 bounds.
Probing time = 0.01 sec. (7.08 ticks)
Tried aggregator 1 time.
MIP Presolve eliminated 0 rows and 4 columns.
MIP Presolve modified 15 coefficients.
Reduced MIP has 2624 rows, 4432 columns, and 14532 nonzeros.
Reduced MIP has 4432 binaries, 0 generals, 0 SOSs, and 0 indicators.
Presolve time = 0.01 sec. (11.05 ticks)
Probing time = 0.01 sec. (2.99 ticks)
Clique table members: 8115.
MIP emphasis: balance optimality and feasibility.
MIP search method: dynamic search.
Parallel mode: none, using 1 thread.
Root relaxation solution time = 0.01 sec. (7.69 ticks)

        Nodes                                         Cuts/
   Node  Left     Objective  IInf  Best Integer    Best Bound    ItCnt     Gap

*     0+    0                        16800.0000        0.0000           100.00%
      0     0        0.0000   129    16800.0000        0.0000      217  100.00%
      0     0        0.0000    31    16800.0000      Cuts: 23      230  100.00%
      0     0        0.0000    44    16800.0000      Cuts: 86      307  100.00%
      0     0        0.0000    14    16800.0000      Cuts: 33      326  100.00%
      0     0        0.0000    19    16800.0000      Cuts: 22      345  100.00%
*     0+    0                          200.0000        0.0000           100.00%
*     0+    0                            0.0000        0.0000             0.00%
      0     0        cutoff              0.0000        0.0000      345    0.00%
Elapsed time = 0.35 sec. (334.10 ticks, tree = 0.01 MB, solutions = 3)

GUB cover cuts applied:  13
Clique cuts applied:  38
Cover cuts applied:  2
Flow cuts applied:  2
Mixed integer rounding cuts applied:  21
Zero-half cuts applied:  20
Lift and project cuts applied:  6
Gomory fractional cuts applied:  9

Root node processing (before b&c):
  Real time             =    0.35 sec. (335.78 ticks)
Sequential b&c:
  Real time             =    0.00 sec. (0.00 ticks)
                          ------------
Total (root+branch&cut) =    0.35 sec. (335.78 ticks)

Solution pool: 3 solutions saved.

MIP - Integer optimal solution:  Objective =  0.0000000000e+00
Solution time =    0.35 sec.  Iterations = 345  Nodes = 0
Deterministic time = 335.89 ticks  (960.79 ticks/sec)

CPLEX> Incumbent solution written to file '/tmp/cmpl.T15533.gsol'.
CPLEX> 
CMPL: Time used for model generation: 1 seconds
CMPL: Time used for solving the model: 1 seconds


Solution written to ASCII file: ../results/results_unfair_conf_0/2016-09-05-4/unequal-unfair.sol

Solver - finished
