CMPL model generation - running

CMPL version: 1.11.0
Authors: Thomas Schleiff, Mike Steglich
Distributed under the GPLv3 

create model instance ...
write model instance ...
CMPL model generation - finished

Solver - running


Welcome to IBM(R) ILOG(R) CPLEX(R) Interactive Optimizer 12.7.1.0
  with Simplex, Mixed Integer & Barrier Optimizers
5725-A06 5725-A29 5724-Y48 5724-Y49 5724-Y54 5724-Y55 5655-Y21
Copyright IBM Corp. 1988, 2017.  All Rights Reserved.

Type 'help' for a list of available commands.
Type 'help' followed by a command name for more
information on commands.

CPLEX> Specified objective sense: MINIMIZE
Selected objective  name:  line[1]
Selected RHS        name:  RHS
Selected bound      name:  BOUND
Problem '/tmp/cmpl.T11204.mps' read.
Read time = 0.06 sec. (11.96 ticks)
CPLEX> CPXPARAM_Read_APIEncoding                        "UTF-8"
Tried aggregator 3 times.
MIP Presolve eliminated 23882 rows and 37255 columns.
MIP Presolve modified 571 coefficients.
Aggregator did 941 substitutions.
Reduced MIP has 3354 rows, 5959 columns, and 19526 nonzeros.
Reduced MIP has 5749 binaries, 0 generals, 0 SOSs, and 0 indicators.
Presolve time = 0.07 sec. (60.27 ticks)
Probing fixed 33 vars, tightened 0 bounds.
Probing time = 0.02 sec. (10.45 ticks)
Tried aggregator 1 time.
MIP Presolve eliminated 0 rows and 33 columns.
MIP Presolve modified 231 coefficients.
Reduced MIP has 3354 rows, 5926 columns, and 19460 nonzeros.
Reduced MIP has 5926 binaries, 0 generals, 0 SOSs, and 0 indicators.
Presolve time = 0.02 sec. (14.78 ticks)
Probing time = 0.01 sec. (3.28 ticks)
Clique table members: 12060.
MIP emphasis: balance optimality and feasibility.
MIP search method: dynamic search.
Parallel mode: none, using 1 thread.
Root relaxation solution time = 0.02 sec. (24.88 ticks)

        Nodes                                         Cuts/
   Node  Left     Objective  IInf  Best Integer    Best Bound    ItCnt     Gap

*     0     0      integral     0     6183.2740     6183.2740     1311    0.00%
Elapsed time = 0.23 sec. (188.18 ticks, tree = 0.00 MB, solutions = 1)

Root node processing (before b&c):
  Real time             =    0.23 sec. (189.64 ticks)
Sequential b&c:
  Real time             =    0.00 sec. (0.00 ticks)
                          ------------
Total (root+branch&cut) =    0.23 sec. (189.64 ticks)

Solution pool: 1 solution saved.

MIP - Integer optimal solution:  Objective =  6.1832739840e+03
Solution time =    0.23 sec.  Iterations = 1311  Nodes = 0
Deterministic time = 189.76 ticks  (819.24 ticks/sec)

CPLEX> Incumbent solution written to file '/tmp/cmpl.T11204.gsol'.
CPLEX> 
CMPL: Time used for model generation: 1 seconds
CMPL: Time used for solving the model: 1 seconds


Solution written to ASCII file: ../results/output_generated_rate_0.2/2017-10-02-5/equal.sol

Solver - finished
