CMPL model generation - running

CMPL version: 1.11.0
Authors: Thomas Schleiff, Mike Steglich
Distributed under the GPLv3 

create model instance ...
write model instance ...
CMPL model generation - finished

Solver - running


Welcome to IBM(R) ILOG(R) CPLEX(R) Interactive Optimizer 12.7.1.0
  with Simplex, Mixed Integer & Barrier Optimizers
5725-A06 5725-A29 5724-Y48 5724-Y49 5724-Y54 5724-Y55 5655-Y21
Copyright IBM Corp. 1988, 2017.  All Rights Reserved.

Type 'help' for a list of available commands.
Type 'help' followed by a command name for more
information on commands.

CPLEX> Specified objective sense: MINIMIZE
Selected objective  name:  line[1]
Selected RHS        name:  RHS
Selected bound      name:  BOUND
Problem '/tmp/cmpl.T11153.mps' read.
Read time = 0.06 sec. (10.99 ticks)
CPLEX> CPXPARAM_Read_APIEncoding                        "UTF-8"
Tried aggregator 3 times.
MIP Presolve eliminated 23882 rows and 37255 columns.
MIP Presolve modified 425 coefficients.
Aggregator did 941 substitutions.
Reduced MIP has 3184 rows, 4344 columns, and 12846 nonzeros.
Reduced MIP has 4134 binaries, 0 generals, 0 SOSs, and 0 indicators.
Presolve time = 0.06 sec. (52.17 ticks)
Found incumbent of value 29795.782208 after 0.10 sec. (86.23 ticks)
Probing fixed 33 vars, tightened 0 bounds.
Probing time = 0.01 sec. (5.73 ticks)
Tried aggregator 1 time.
MIP Presolve eliminated 0 rows and 33 columns.
MIP Presolve modified 231 coefficients.
Reduced MIP has 3184 rows, 4311 columns, and 12780 nonzeros.
Reduced MIP has 4311 binaries, 0 generals, 0 SOSs, and 0 indicators.
Presolve time = 0.01 sec. (12.36 ticks)
Probing time = 0.01 sec. (2.87 ticks)
Clique table members: 7837.
MIP emphasis: balance optimality and feasibility.
MIP search method: dynamic search.
Parallel mode: none, using 1 thread.
Root relaxation solution time = 0.01 sec. (12.17 ticks)

        Nodes                                         Cuts/
   Node  Left     Objective  IInf  Best Integer    Best Bound    ItCnt     Gap

*     0+    0                        29795.7822      -20.1100           100.07%
*     0     0      integral     0     6169.8436     6169.8436      523    0.00%
Elapsed time = 0.16 sec. (129.88 ticks, tree = 0.00 MB, solutions = 2)

Root node processing (before b&c):
  Real time             =    0.16 sec. (131.47 ticks)
Sequential b&c:
  Real time             =    0.00 sec. (0.00 ticks)
                          ------------
Total (root+branch&cut) =    0.16 sec. (131.47 ticks)

Solution pool: 2 solutions saved.

MIP - Integer optimal solution:  Objective =  6.1698436290e+03
Solution time =    0.16 sec.  Iterations = 523  Nodes = 0
Deterministic time = 131.59 ticks  (804.83 ticks/sec)

CPLEX> Incumbent solution written to file '/tmp/cmpl.T11153.gsol'.
CPLEX> 
CMPL: Time used for model generation: 1 seconds
CMPL: Time used for solving the model: 1 seconds


Solution written to ASCII file: ../results/output_generated_rate_0.2/2017-10-02-5/unequal.sol

Solver - finished
