CMPL model generation - running

CMPL version: 1.11.0
Authors: Thomas Schleiff, Mike Steglich
Distributed under the GPLv3 

create model instance ...
write model instance ...
CMPL model generation - finished

Solver - running


Welcome to IBM(R) ILOG(R) CPLEX(R) Interactive Optimizer 12.7.1.0
  with Simplex, Mixed Integer & Barrier Optimizers
5725-A06 5725-A29 5724-Y48 5724-Y49 5724-Y54 5724-Y55 5655-Y21
Copyright IBM Corp. 1988, 2017.  All Rights Reserved.

Type 'help' for a list of available commands.
Type 'help' followed by a command name for more
information on commands.

CPLEX> Specified objective sense: MINIMIZE
Selected objective  name:  line[1]
Selected RHS        name:  RHS
Selected bound      name:  BOUND
Problem '/tmp/cmpl.T10288.mps' read.
Read time = 0.06 sec. (11.94 ticks)
CPLEX> CPXPARAM_Read_APIEncoding                        "UTF-8"
Tried aggregator 3 times.
MIP Presolve eliminated 24063 rows and 37622 columns.
MIP Presolve modified 493 coefficients.
Aggregator did 781 substitutions.
Reduced MIP has 3333 rows, 5752 columns, and 18923 nonzeros.
Reduced MIP has 5542 binaries, 0 generals, 0 SOSs, and 0 indicators.
Presolve time = 0.07 sec. (59.10 ticks)
Probing fixed 15 vars, tightened 0 bounds.
Probing time = 0.02 sec. (10.07 ticks)
Tried aggregator 2 times.
MIP Presolve eliminated 4 rows and 15 columns.
MIP Presolve modified 86 coefficients.
Aggregator did 3 substitutions.
Reduced MIP has 3326 rows, 5734 columns, and 18880 nonzeros.
Reduced MIP has 5734 binaries, 0 generals, 0 SOSs, and 0 indicators.
Presolve time = 0.02 sec. (17.12 ticks)
Probing time = 0.01 sec. (3.25 ticks)
Clique table members: 11696.
MIP emphasis: balance optimality and feasibility.
MIP search method: dynamic search.
Parallel mode: none, using 1 thread.
Root relaxation solution time = 0.02 sec. (23.08 ticks)

        Nodes                                         Cuts/
   Node  Left     Objective  IInf  Best Integer    Best Bound    ItCnt     Gap

      0     0     2459.1751     8                   2459.1751     1357         
*     0+    0                         2461.0037     2459.1751             0.07%
      0     0     2460.4451     1     2461.0037      Cuts: 17     1370    0.02%
*     0+    0                         2460.5589     2460.4451             0.00%
      0     0        cutoff           2460.5589     2460.4451     1370    0.00%
Elapsed time = 0.24 sec. (213.28 ticks, tree = 0.01 MB, solutions = 2)

GUB cover cuts applied:  3
Clique cuts applied:  2
Cover cuts applied:  7
Gomory fractional cuts applied:  5

Root node processing (before b&c):
  Real time             =    0.25 sec. (215.03 ticks)
Sequential b&c:
  Real time             =    0.00 sec. (0.00 ticks)
                          ------------
Total (root+branch&cut) =    0.25 sec. (215.03 ticks)

Solution pool: 2 solutions saved.

MIP - Integer optimal solution:  Objective =  2.4605589340e+03
Solution time =    0.25 sec.  Iterations = 1370  Nodes = 0
Deterministic time = 215.15 ticks  (877.24 ticks/sec)

CPLEX> Incumbent solution written to file '/tmp/cmpl.T10288.gsol'.
CPLEX> 
CMPL: Time used for model generation: 1 seconds
CMPL: Time used for solving the model: 1 seconds


Solution written to ASCII file: ../results/output_generated_conf_0.5/2016-12-05-5/equal.sol

Solver - finished
