CMPL model generation - running

CMPL version: 1.11.0
Authors: Thomas Schleiff, Mike Steglich
Distributed under the GPLv3 

create model instance ...
write model instance ...
CMPL model generation - finished

Solver - running


Welcome to IBM(R) ILOG(R) CPLEX(R) Interactive Optimizer 12.7.1.0
  with Simplex, Mixed Integer & Barrier Optimizers
5725-A06 5725-A29 5724-Y48 5724-Y49 5724-Y54 5724-Y55 5655-Y21
Copyright IBM Corp. 1988, 2017.  All Rights Reserved.

Type 'help' for a list of available commands.
Type 'help' followed by a command name for more
information on commands.

CPLEX> Specified objective sense: MINIMIZE
Selected objective  name:  line[1]
Selected RHS        name:  RHS
Selected bound      name:  BOUND
Problem '/tmp/cmpl.T10782.mps' read.
Read time = 0.05 sec. (9.75 ticks)
CPLEX> CPXPARAM_Read_APIEncoding                        "UTF-8"
Tried aggregator 3 times.
MIP Presolve eliminated 18473 rows and 29439 columns.
MIP Presolve modified 1050 coefficients.
Aggregator did 1419 substitutions.
Reduced MIP has 2718 rows, 5435 columns, and 17469 nonzeros.
Reduced MIP has 5267 binaries, 0 generals, 0 SOSs, and 0 indicators.
Presolve time = 0.06 sec. (56.94 ticks)
Found incumbent of value 37304.981567 after 0.11 sec. (98.30 ticks)
Probing time = 0.01 sec. (3.01 ticks)
Tried aggregator 1 time.
MIP Presolve eliminated 0 rows and 45 columns.
Reduced MIP has 2718 rows, 5390 columns, and 17379 nonzeros.
Reduced MIP has 5390 binaries, 0 generals, 0 SOSs, and 0 indicators.
Presolve time = 0.01 sec. (13.85 ticks)
Probing time = 0.01 sec. (3.15 ticks)
Clique table members: 3627.
MIP emphasis: balance optimality and feasibility.
MIP search method: dynamic search.
Parallel mode: none, using 1 thread.
Root relaxation solution time = 0.04 sec. (41.97 ticks)

        Nodes                                         Cuts/
   Node  Left     Objective  IInf  Best Integer    Best Bound    ItCnt     Gap

*     0+    0                        37304.9816        0.0000           100.00%
*     0     0      integral     0    17669.5707    17669.5707     2664    0.00%
Elapsed time = 0.20 sec. (171.75 ticks, tree = 0.00 MB, solutions = 2)

Root node processing (before b&c):
  Real time             =    0.20 sec. (173.16 ticks)
Sequential b&c:
  Real time             =    0.00 sec. (0.00 ticks)
                          ------------
Total (root+branch&cut) =    0.20 sec. (173.16 ticks)

Solution pool: 2 solutions saved.

MIP - Integer optimal solution:  Objective =  1.7669570694e+04
Solution time =    0.20 sec.  Iterations = 2664  Nodes = 0
Deterministic time = 173.26 ticks  (863.15 ticks/sec)

CPLEX> Incumbent solution written to file '/tmp/cmpl.T10782.gsol'.
CPLEX> 
CMPL: Time used for model generation: 1 seconds
CMPL: Time used for solving the model: 1 seconds


Solution written to ASCII file: ../results/output_generated_conf_1/2016-03-07-4/equal.sol

Solver - finished
