CMPL model generation - running

CMPL version: 1.11.0
Authors: Thomas Schleiff, Mike Steglich
Distributed under the GPLv3 

create model instance ...
write model instance ...
CMPL model generation - finished

Solver - running


Welcome to IBM(R) ILOG(R) CPLEX(R) Interactive Optimizer 12.7.1.0
  with Simplex, Mixed Integer & Barrier Optimizers
5725-A06 5725-A29 5724-Y48 5724-Y49 5724-Y54 5724-Y55 5655-Y21
Copyright IBM Corp. 1988, 2017.  All Rights Reserved.

Type 'help' for a list of available commands.
Type 'help' followed by a command name for more
information on commands.

CPLEX> Specified objective sense: MINIMIZE
Selected objective  name:  line[1]
Selected RHS        name:  RHS
Selected bound      name:  BOUND
Problem '/tmp/cmpl.T11592.mps' read.
Read time = 0.06 sec. (12.01 ticks)
CPLEX> CPXPARAM_Read_APIEncoding                        "UTF-8"
Tried aggregator 3 times.
MIP Presolve eliminated 23339 rows and 36169 columns.
MIP Presolve modified 869 coefficients.
Aggregator did 1483 substitutions.
Reduced MIP has 3355 rows, 6503 columns, and 21158 nonzeros.
Reduced MIP has 6293 binaries, 0 generals, 0 SOSs, and 0 indicators.
Presolve time = 0.07 sec. (63.82 ticks)
Found incumbent of value 40786.759777 after 0.14 sec. (111.16 ticks)
Probing time = 0.01 sec. (3.24 ticks)
Tried aggregator 1 time.
MIP Presolve eliminated 0 rows and 36 columns.
Reduced MIP has 3355 rows, 6467 columns, and 21086 nonzeros.
Reduced MIP has 6467 binaries, 0 generals, 0 SOSs, and 0 indicators.
Presolve time = 0.02 sec. (16.35 ticks)
Probing time = 0.01 sec. (3.37 ticks)
Clique table members: 4243.
MIP emphasis: balance optimality and feasibility.
MIP search method: dynamic search.
Parallel mode: none, using 1 thread.
Root relaxation solution time = 0.05 sec. (45.20 ticks)

        Nodes                                         Cuts/
   Node  Left     Objective  IInf  Best Integer    Best Bound    ItCnt     Gap

*     0+    0                        40786.7598        0.0000           100.00%
*     0     0      integral     0    16363.4885    16363.4885     2216    0.00%
Elapsed time = 0.24 sec. (192.70 ticks, tree = 0.00 MB, solutions = 2)

Root node processing (before b&c):
  Real time             =    0.24 sec. (194.42 ticks)
Sequential b&c:
  Real time             =    0.00 sec. (0.00 ticks)
                          ------------
Total (root+branch&cut) =    0.24 sec. (194.42 ticks)

Solution pool: 2 solutions saved.

MIP - Integer optimal solution:  Objective =  1.6363488483e+04
Solution time =    0.24 sec.  Iterations = 2216  Nodes = 0
Deterministic time = 194.54 ticks  (805.77 ticks/sec)

CPLEX> Incumbent solution written to file '/tmp/cmpl.T11592.gsol'.
CPLEX> 
CMPL: Time used for model generation: 1 seconds
CMPL: Time used for solving the model: 1 seconds


Solution written to ASCII file: ../results/output_generated_rate_0.6/2016-08-01-5/equal.sol

Solver - finished
