CMPL model generation - running

CMPL version: 1.11.0
Authors: Thomas Schleiff, Mike Steglich
Distributed under the GPLv3 

create model instance ...
write model instance ...
CMPL model generation - finished

Solver - running


Welcome to IBM(R) ILOG(R) CPLEX(R) Interactive Optimizer 12.7.1.0
  with Simplex, Mixed Integer & Barrier Optimizers
5725-A06 5725-A29 5724-Y48 5724-Y49 5724-Y54 5724-Y55 5655-Y21
Copyright IBM Corp. 1988, 2017.  All Rights Reserved.

Type 'help' for a list of available commands.
Type 'help' followed by a command name for more
information on commands.

CPLEX> Specified objective sense: MINIMIZE
Selected objective  name:  line[1]
Selected RHS        name:  RHS
Selected bound      name:  BOUND
Problem '/tmp/cmpl.T10268.mps' read.
Read time = 0.06 sec. (11.94 ticks)
CPLEX> CPXPARAM_Read_APIEncoding                        "UTF-8"
Tried aggregator 3 times.
MIP Presolve eliminated 24073 rows and 37636 columns.
MIP Presolve modified 488 coefficients.
Aggregator did 777 substitutions.
Reduced MIP has 3327 rows, 5742 columns, and 18899 nonzeros.
Reduced MIP has 5532 binaries, 0 generals, 0 SOSs, and 0 indicators.
Presolve time = 0.07 sec. (59.11 ticks)
Probing fixed 12 vars, tightened 0 bounds.
Probing time = 0.02 sec. (10.09 ticks)
Tried aggregator 2 times.
MIP Presolve eliminated 4 rows and 12 columns.
MIP Presolve modified 84 coefficients.
Aggregator did 3 substitutions.
Reduced MIP has 3320 rows, 5727 columns, and 18862 nonzeros.
Reduced MIP has 5727 binaries, 0 generals, 0 SOSs, and 0 indicators.
Presolve time = 0.02 sec. (17.14 ticks)
Probing time = 0.01 sec. (3.25 ticks)
Clique table members: 11697.
MIP emphasis: balance optimality and feasibility.
MIP search method: dynamic search.
Parallel mode: none, using 1 thread.
Root relaxation solution time = 0.02 sec. (20.71 ticks)

        Nodes                                         Cuts/
   Node  Left     Objective  IInf  Best Integer    Best Bound    ItCnt     Gap

      0     0     2295.5746     9                   2295.5746     1075         
*     0+    0                         2435.3625     2295.5746             5.74%
*     0+    0                         2297.6318     2295.5746             0.09%
      0     0     2297.0983     2     2297.6318      Cuts: 11     1079    0.02%
*     0+    0                         2297.5554     2297.0983             0.02%
*     0     0      integral     0     2297.4411       Cuts: 8     1090    0.00%
      0     0        cutoff           2297.4411     2297.4411     1090    0.00%
Elapsed time = 0.25 sec. (224.45 ticks, tree = 0.01 MB, solutions = 4)

GUB cover cuts applied:  3
Clique cuts applied:  4
Cover cuts applied:  7
Gomory fractional cuts applied:  5

Root node processing (before b&c):
  Real time             =    0.25 sec. (226.80 ticks)
Sequential b&c:
  Real time             =    0.00 sec. (0.00 ticks)
                          ------------
Total (root+branch&cut) =    0.25 sec. (226.80 ticks)

Solution pool: 4 solutions saved.

MIP - Integer optimal solution:  Objective =  2.2974411450e+03
Solution time =    0.25 sec.  Iterations = 1090  Nodes = 0
Deterministic time = 226.92 ticks  (901.97 ticks/sec)

CPLEX> Incumbent solution written to file '/tmp/cmpl.T10268.gsol'.
CPLEX> 
CMPL: Time used for model generation: 1 seconds
CMPL: Time used for solving the model: 1 seconds


Solution written to ASCII file: ../results/output_generated_conf_0.5/2016-02-01-5/equal.sol

Solver - finished
