CMPL model generation - running

CMPL version: 1.11.0
Authors: Thomas Schleiff, Mike Steglich
Distributed under the GPLv3 

create model instance ...
write model instance ...
CMPL model generation - finished

Solver - running


Welcome to IBM(R) ILOG(R) CPLEX(R) Interactive Optimizer 12.7.1.0
  with Simplex, Mixed Integer & Barrier Optimizers
5725-A06 5725-A29 5724-Y48 5724-Y49 5724-Y54 5724-Y55 5655-Y21
Copyright IBM Corp. 1988, 2017.  All Rights Reserved.

Type 'help' for a list of available commands.
Type 'help' followed by a command name for more
information on commands.

CPLEX> Specified objective sense: MINIMIZE
Selected objective  name:  line[1]
Selected RHS        name:  RHS
Selected bound      name:  BOUND
Problem '/tmp/cmpl.T10218.mps' read.
Read time = 0.07 sec. (10.97 ticks)
CPLEX> CPXPARAM_Read_APIEncoding                        "UTF-8"
Tried aggregator 3 times.
MIP Presolve eliminated 24077 rows and 37636 columns.
MIP Presolve modified 425 coefficients.
Aggregator did 780 substitutions.
Reduced MIP has 3150 rows, 4124 columns, and 12206 nonzeros.
Reduced MIP has 3914 binaries, 0 generals, 0 SOSs, and 0 indicators.
Presolve time = 0.08 sec. (51.73 ticks)
Found incumbent of value 8490.624580 after 0.11 sec. (76.62 ticks)
Probing fixed 12 vars, tightened 0 bounds.
Probing time = 0.01 sec. (5.37 ticks)
Tried aggregator 1 time.
MIP Presolve eliminated 0 rows and 12 columns.
MIP Presolve modified 71 coefficients.
Reduced MIP has 3150 rows, 4112 columns, and 12182 nonzeros.
Reduced MIP has 4112 binaries, 0 generals, 0 SOSs, and 0 indicators.
Presolve time = 0.01 sec. (10.35 ticks)
Probing time = 0.01 sec. (2.84 ticks)
Clique table members: 7502.
MIP emphasis: balance optimality and feasibility.
MIP search method: dynamic search.
Parallel mode: none, using 1 thread.
Root relaxation solution time = 0.01 sec. (6.18 ticks)

        Nodes                                         Cuts/
   Node  Left     Objective  IInf  Best Integer    Best Bound    ItCnt     Gap

*     0+    0                         8490.6246     -301.6461           103.55%
      0     0     2279.4754    10     8490.6246     2279.4754      187   73.15%
*     0+    0                         2399.4868     2279.4754             5.00%
*     0+    0                         2281.7611     2279.4754             0.10%
      0     0     2281.0069     2     2281.7611      Cuts: 13      193    0.03%
*     0+    0                         2281.3077     2281.0069             0.01%
*     0     0      integral     0     2281.3058       Cuts: 6      198    0.00%
      0     0        cutoff           2281.3058     2281.3058      198    0.00%
Elapsed time = 0.20 sec. (135.29 ticks, tree = 0.01 MB, solutions = 5)

GUB cover cuts applied:  3
Clique cuts applied:  1
Cover cuts applied:  9
Gomory fractional cuts applied:  6

Root node processing (before b&c):
  Real time             =    0.20 sec. (137.80 ticks)
Sequential b&c:
  Real time             =    0.00 sec. (0.00 ticks)
                          ------------
Total (root+branch&cut) =    0.20 sec. (137.80 ticks)

Solution pool: 5 solutions saved.

MIP - Integer optimal solution:  Objective =  2.2813058260e+03
Solution time =    0.20 sec.  Iterations = 198  Nodes = 0
Deterministic time = 137.93 ticks  (688.71 ticks/sec)

CPLEX> Incumbent solution written to file '/tmp/cmpl.T10218.gsol'.
CPLEX> 
CMPL: Time used for model generation: 1 seconds
CMPL: Time used for solving the model: 1 seconds


Solution written to ASCII file: ../results/output_generated_conf_0.5/2016-02-01-5/unequal.sol

Solver - finished
