CMPL model generation - running

CMPL version: 1.11.0
Authors: Thomas Schleiff, Mike Steglich
Distributed under the GPLv3 

create model instance ...
write model instance ...
CMPL model generation - finished

Solver - running


Welcome to IBM(R) ILOG(R) CPLEX(R) Interactive Optimizer 12.7.1.0
  with Simplex, Mixed Integer & Barrier Optimizers
5725-A06 5725-A29 5724-Y48 5724-Y49 5724-Y54 5724-Y55 5655-Y21
Copyright IBM Corp. 1988, 2017.  All Rights Reserved.

Type 'help' for a list of available commands.
Type 'help' followed by a command name for more
information on commands.

CPLEX> Specified objective sense: MINIMIZE
Selected objective  name:  line[1]
Selected RHS        name:  RHS
Selected bound      name:  BOUND
Problem '/tmp/cmpl.T10599.mps' read.
Read time = 0.05 sec. (9.68 ticks)
CPLEX> CPXPARAM_Read_APIEncoding                        "UTF-8"
Tried aggregator 3 times.
MIP Presolve eliminated 19099 rows and 30691 columns.
MIP Presolve modified 570 coefficients.
Aggregator did 799 substitutions.
Reduced MIP has 2712 rows, 4803 columns, and 15577 nonzeros.
Reduced MIP has 4635 binaries, 0 generals, 0 SOSs, and 0 indicators.
Presolve time = 0.06 sec. (51.73 ticks)
Found incumbent of value 24572.479035 after 0.10 sec. (86.22 ticks)
Probing fixed 31 vars, tightened 0 bounds.
Probing time = 0.01 sec. (8.09 ticks)
Tried aggregator 1 time.
MIP Presolve eliminated 0 rows and 31 columns.
MIP Presolve modified 192 coefficients.
Reduced MIP has 2712 rows, 4772 columns, and 15515 nonzeros.
Reduced MIP has 4772 binaries, 0 generals, 0 SOSs, and 0 indicators.
Presolve time = 0.01 sec. (11.78 ticks)
Probing time = 0.01 sec. (3.03 ticks)
Clique table members: 9717.
MIP emphasis: balance optimality and feasibility.
MIP search method: dynamic search.
Parallel mode: none, using 1 thread.
Root relaxation solution time = 0.02 sec. (18.57 ticks)

        Nodes                                         Cuts/
   Node  Left     Objective  IInf  Best Integer    Best Bound    ItCnt     Gap

*     0+    0                        24572.4790      -40.3159           100.16%
      0     0     5518.6443    18    24572.4790     5518.6443     1061   77.54%
*     0     0      integral     0     5518.7288       Cuts: 4     1063    0.00%
      0     0        cutoff           5518.7288     5518.7288     1063    0.00%
Elapsed time = 0.19 sec. (161.32 ticks, tree = 0.01 MB, solutions = 2)

Zero-half cuts applied:  2
Lift and project cuts applied:  1
Gomory fractional cuts applied:  1

Root node processing (before b&c):
  Real time             =    0.20 sec. (162.75 ticks)
Sequential b&c:
  Real time             =    0.00 sec. (0.00 ticks)
                          ------------
Total (root+branch&cut) =    0.20 sec. (162.75 ticks)

Solution pool: 2 solutions saved.

MIP - Integer optimal solution:  Objective =  5.5187288490e+03
Solution time =    0.20 sec.  Iterations = 1063  Nodes = 0
Deterministic time = 162.85 ticks  (828.91 ticks/sec)

CPLEX> Incumbent solution written to file '/tmp/cmpl.T10599.gsol'.
CPLEX> 
CMPL: Time used for model generation: 1 seconds
CMPL: Time used for solving the model: 1 seconds


Solution written to ASCII file: ../results/output_generated_conf_0.8/2017-02-06-4/equal.sol

Solver - finished
