CMPL model generation - running

CMPL version: 1.11.0
Authors: Thomas Schleiff, Mike Steglich
Distributed under the GPLv3 

create model instance ...
write model instance ...
CMPL model generation - finished

Solver - running


Welcome to IBM(R) ILOG(R) CPLEX(R) Interactive Optimizer 12.7.1.0
  with Simplex, Mixed Integer & Barrier Optimizers
5725-A06 5725-A29 5724-Y48 5724-Y49 5724-Y54 5724-Y55 5655-Y21
Copyright IBM Corp. 1988, 2017.  All Rights Reserved.

Type 'help' for a list of available commands.
Type 'help' followed by a command name for more
information on commands.

CPLEX> Specified objective sense: MINIMIZE
Selected objective  name:  line[1]
Selected RHS        name:  RHS
Selected bound      name:  BOUND
Problem '/tmp/cmpl.T11469.mps' read.
Read time = 0.06 sec. (12.00 ticks)
CPLEX> CPXPARAM_Read_APIEncoding                        "UTF-8"
Tried aggregator 3 times.
MIP Presolve eliminated 23427 rows and 36345 columns.
MIP Presolve modified 827 coefficients.
Aggregator did 1395 substitutions.
Reduced MIP has 3355 rows, 6415 columns, and 20894 nonzeros.
Reduced MIP has 6205 binaries, 0 generals, 0 SOSs, and 0 indicators.
Presolve time = 0.07 sec. (63.26 ticks)
Found incumbent of value 37616.788569 after 0.12 sec. (109.45 ticks)
Probing time = 0.01 sec. (3.25 ticks)
Tried aggregator 1 time.
MIP Presolve eliminated 0 rows and 19 columns.
Reduced MIP has 3355 rows, 6396 columns, and 20856 nonzeros.
Reduced MIP has 6396 binaries, 0 generals, 0 SOSs, and 0 indicators.
Presolve time = 0.02 sec. (15.61 ticks)
Probing time = 0.01 sec. (3.37 ticks)
Clique table members: 4155.
MIP emphasis: balance optimality and feasibility.
MIP search method: dynamic search.
Parallel mode: none, using 1 thread.
Root relaxation solution time = 0.06 sec. (40.74 ticks)

        Nodes                                         Cuts/
   Node  Left     Objective  IInf  Best Integer    Best Bound    ItCnt     Gap

*     0+    0                        37616.7886        0.0000           100.00%
*     0     0      integral     0    13293.7371    13293.7371     2184    0.00%
Elapsed time = 0.23 sec. (185.67 ticks, tree = 0.00 MB, solutions = 2)

Root node processing (before b&c):
  Real time             =    0.23 sec. (187.38 ticks)
Sequential b&c:
  Real time             =    0.00 sec. (0.00 ticks)
                          ------------
Total (root+branch&cut) =    0.23 sec. (187.38 ticks)

Solution pool: 2 solutions saved.

MIP - Integer optimal solution:  Objective =  1.3293737134e+04
Solution time =    0.23 sec.  Iterations = 2184  Nodes = 0
Deterministic time = 187.51 ticks  (809.47 ticks/sec)

CPLEX> Incumbent solution written to file '/tmp/cmpl.T11469.gsol'.
CPLEX> 
CMPL: Time used for model generation: 1 seconds
CMPL: Time used for solving the model: 1 seconds


Solution written to ASCII file: ../results/output_generated_rate_0.5/2015-11-02-5/equal.sol

Solver - finished
