CMPL model generation - running

CMPL version: 1.11.0
Authors: Thomas Schleiff, Mike Steglich
Distributed under the GPLv3 

create model instance ...
write model instance ...
CMPL model generation - finished

Solver - running


Welcome to IBM(R) ILOG(R) CPLEX(R) Interactive Optimizer 12.7.1.0
  with Simplex, Mixed Integer & Barrier Optimizers
5725-A06 5725-A29 5724-Y48 5724-Y49 5724-Y54 5724-Y55 5655-Y21
Copyright IBM Corp. 1988, 2017.  All Rights Reserved.

Type 'help' for a list of available commands.
Type 'help' followed by a command name for more
information on commands.

CPLEX> Specified objective sense: MINIMIZE
Selected objective  name:  line[1]
Selected RHS        name:  RHS
Selected bound      name:  BOUND
Problem '/tmp/cmpl.T10685.mps' read.
Read time = 0.08 sec. (9.70 ticks)
CPLEX> CPXPARAM_Read_APIEncoding                        "UTF-8"
Tried aggregator 3 times.
MIP Presolve eliminated 18959 rows and 30411 columns.
MIP Presolve modified 650 coefficients.
Aggregator did 936 substitutions.
Reduced MIP has 2715 rows, 4946 columns, and 16004 nonzeros.
Reduced MIP has 4778 binaries, 0 generals, 0 SOSs, and 0 indicators.
Presolve time = 0.07 sec. (52.83 ticks)
Probing time = 0.01 sec. (3.05 ticks)
Tried aggregator 1 time.
MIP Presolve eliminated 0 rows and 2 columns.
Reduced MIP has 2715 rows, 4944 columns, and 16000 nonzeros.
Reduced MIP has 4944 binaries, 0 generals, 0 SOSs, and 0 indicators.
Presolve time = 0.01 sec. (11.54 ticks)
Probing time = 0.01 sec. (3.12 ticks)
Clique table members: 3164.
MIP emphasis: balance optimality and feasibility.
MIP search method: dynamic search.
Parallel mode: none, using 1 thread.
Root relaxation solution time = 0.03 sec. (24.21 ticks)

        Nodes                                         Cuts/
   Node  Left     Objective  IInf  Best Integer    Best Bound    ItCnt     Gap

*     0     0      integral     0     8186.5283     8186.5283     1614    0.00%
Elapsed time = 0.20 sec. (158.09 ticks, tree = 0.00 MB, solutions = 1)

Root node processing (before b&c):
  Real time             =    0.20 sec. (159.27 ticks)
Sequential b&c:
  Real time             =    0.00 sec. (0.00 ticks)
                          ------------
Total (root+branch&cut) =    0.20 sec. (159.27 ticks)

Solution pool: 1 solution saved.

MIP - Integer optimal solution:  Objective =  8.1865283050e+03
Solution time =    0.20 sec.  Iterations = 1614  Nodes = 0
Deterministic time = 159.37 ticks  (805.05 ticks/sec)

CPLEX> Incumbent solution written to file '/tmp/cmpl.T10685.gsol'.
CPLEX> 
CMPL: Time used for model generation: 1 seconds
CMPL: Time used for solving the model: 1 seconds


Solution written to ASCII file: ../results/output_generated_conf_0.9/2016-06-06-4/equal.sol

Solver - finished
