CMPL model generation - running

CMPL version: 1.11.0
Authors: Thomas Schleiff, Mike Steglich
Distributed under the GPLv3 

create model instance ...
write model instance ...
CMPL model generation - finished

Solver - running


Welcome to IBM(R) ILOG(R) CPLEX(R) Interactive Optimizer 12.7.1.0
  with Simplex, Mixed Integer & Barrier Optimizers
5725-A06 5725-A29 5724-Y48 5724-Y49 5724-Y54 5724-Y55 5655-Y21
Copyright IBM Corp. 1988, 2017.  All Rights Reserved.

Type 'help' for a list of available commands.
Type 'help' followed by a command name for more
information on commands.

CPLEX> Specified objective sense: MINIMIZE
Selected objective  name:  line[1]
Selected RHS        name:  RHS
Selected bound      name:  BOUND
Problem '/tmp/cmpl.XM9978.mps' read.
Read time = 0.07 sec. (11.93 ticks)
CPLEX> CPXPARAM_Read_APIEncoding                        "UTF-8"
Tried aggregator 3 times.
MIP Presolve eliminated 24159 rows and 37797 columns.
MIP Presolve modified 463 coefficients.
Aggregator did 711 substitutions.
Reduced MIP has 3307 rows, 5647 columns, and 18622 nonzeros.
Reduced MIP has 5437 binaries, 0 generals, 0 SOSs, and 0 indicators.
Presolve time = 0.06 sec. (58.59 ticks)
Probing fixed 8 vars, tightened 0 bounds.
Probing time = 0.02 sec. (9.63 ticks)
Tried aggregator 1 time.
MIP Presolve eliminated 0 rows and 8 columns.
MIP Presolve modified 31 coefficients.
Reduced MIP has 3307 rows, 5639 columns, and 18606 nonzeros.
Reduced MIP has 5639 binaries, 0 generals, 0 SOSs, and 0 indicators.
Presolve time = 0.01 sec. (13.53 ticks)
Probing time = 0.01 sec. (3.24 ticks)
Clique table members: 11442.
MIP emphasis: balance optimality and feasibility.
MIP search method: dynamic search.
Parallel mode: none, using 1 thread.
Root relaxation solution time = 0.02 sec. (19.06 ticks)

        Nodes                                         Cuts/
   Node  Left     Objective  IInf  Best Integer    Best Bound    ItCnt     Gap

      0     0      841.9608    13                    841.9608      990         
*     0+    0                         1079.3072      841.9608            21.99%
*     0+    0                          844.9322      841.9608             0.35%
      0     0      844.7069     1      844.9322       Cuts: 4     1006    0.03%
*     0+    0                          844.7070      844.7069             0.00%
      0     0        cutoff            844.7070      844.7069     1006    0.00%
Elapsed time = 0.24 sec. (202.60 ticks, tree = 0.01 MB, solutions = 3)

GUB cover cuts applied:  1
Clique cuts applied:  1
Cover cuts applied:  1
Gomory fractional cuts applied:  1

Root node processing (before b&c):
  Real time             =    0.24 sec. (204.64 ticks)
Sequential b&c:
  Real time             =    0.00 sec. (0.00 ticks)
                          ------------
Total (root+branch&cut) =    0.24 sec. (204.64 ticks)

Solution pool: 3 solutions saved.

MIP - Integer optimal solution:  Objective =  8.4470698500e+02
Solution time =    0.24 sec.  Iterations = 1006  Nodes = 0
Deterministic time = 204.77 ticks  (857.13 ticks/sec)

CPLEX> Incumbent solution written to file '/tmp/cmpl.XM9978.gsol'.
CPLEX> 
CMPL: Time used for model generation: 1 seconds
CMPL: Time used for solving the model: 1 seconds


Solution written to ASCII file: ../results/output_generated_conf_0.2/2016-10-03-5/equal.sol

Solver - finished
