CMPL model generation - running

CMPL version: 1.11.0
Authors: Thomas Schleiff, Mike Steglich
Distributed under the GPLv3 

create model instance ...
write model instance ...
CMPL model generation - finished

Solver - running


Welcome to IBM(R) ILOG(R) CPLEX(R) Interactive Optimizer 12.7.1.0
  with Simplex, Mixed Integer & Barrier Optimizers
5725-A06 5725-A29 5724-Y48 5724-Y49 5724-Y54 5724-Y55 5655-Y21
Copyright IBM Corp. 1988, 2017.  All Rights Reserved.

Type 'help' for a list of available commands.
Type 'help' followed by a command name for more
information on commands.

CPLEX> Specified objective sense: MINIMIZE
Selected objective  name:  line[1]
Selected RHS        name:  RHS
Selected bound      name:  BOUND
Problem '/tmp/cmpl.T10158.mps' read.
Read time = 0.07 sec. (10.97 ticks)
CPLEX> CPXPARAM_Read_APIEncoding                        "UTF-8"
Tried aggregator 3 times.
MIP Presolve eliminated 24113 rows and 37714 columns.
MIP Presolve modified 425 coefficients.
Aggregator did 755 substitutions.
Reduced MIP has 3139 rows, 4071 columns, and 12057 nonzeros.
Reduced MIP has 3861 binaries, 0 generals, 0 SOSs, and 0 indicators.
Presolve time = 0.08 sec. (51.63 ticks)
Found incumbent of value 7571.725717 after 0.12 sec. (74.19 ticks)
Probing fixed 13 vars, tightened 0 bounds.
Probing time = 0.01 sec. (5.22 ticks)
Tried aggregator 1 time.
MIP Presolve eliminated 0 rows and 13 columns.
MIP Presolve modified 61 coefficients.
Reduced MIP has 3139 rows, 4058 columns, and 12031 nonzeros.
Reduced MIP has 4058 binaries, 0 generals, 0 SOSs, and 0 indicators.
Presolve time = 0.01 sec. (10.17 ticks)
Probing time = 0.01 sec. (2.83 ticks)
Clique table members: 7409.
MIP emphasis: balance optimality and feasibility.
MIP search method: dynamic search.
Parallel mode: none, using 1 thread.
Root relaxation solution time = 0.01 sec. (5.75 ticks)

        Nodes                                         Cuts/
   Node  Left     Objective  IInf  Best Integer    Best Bound    ItCnt     Gap

*     0+    0                         7571.7257     -321.6500           104.25%
      0     0     1630.7159     9     7571.7257     1630.7159      151   78.46%
*     0+    0                         1692.3446     1630.7159             3.64%
*     0+    0                         1632.7730     1630.7159             0.13%
      0     0     1632.4032     2     1632.7730      Cuts: 21      160    0.02%
*     0+    0                         1632.5280     1632.4032             0.01%
      0     0        cutoff           1632.5280     1632.4032      160    0.01%
Elapsed time = 0.20 sec. (128.14 ticks, tree = 0.01 MB, solutions = 4)

GUB cover cuts applied:  2
Cover cuts applied:  12
Gomory fractional cuts applied:  7

Root node processing (before b&c):
  Real time             =    0.20 sec. (130.31 ticks)
Sequential b&c:
  Real time             =    0.00 sec. (0.00 ticks)
                          ------------
Total (root+branch&cut) =    0.20 sec. (130.31 ticks)

Solution pool: 4 solutions saved.

MIP - Integer optimal solution:  Objective =  1.6325280320e+03
Solution time =    0.20 sec.  Iterations = 160  Nodes = 0
Deterministic time = 130.43 ticks  (644.17 ticks/sec)

CPLEX> Incumbent solution written to file '/tmp/cmpl.T10158.gsol'.
CPLEX> 
CMPL: Time used for model generation: 1 seconds
CMPL: Time used for solving the model: 1 seconds


Solution written to ASCII file: ../results/output_generated_conf_0.4/2017-10-02-5/unequal.sol

Solver - finished
