CMPL model generation - running

CMPL version: 1.11.0
Authors: Thomas Schleiff, Mike Steglich
Distributed under the GPLv3 

create model instance ...
write model instance ...
CMPL model generation - finished

Solver - running


Welcome to IBM(R) ILOG(R) CPLEX(R) Interactive Optimizer 12.7.1.0
  with Simplex, Mixed Integer & Barrier Optimizers
5725-A06 5725-A29 5724-Y48 5724-Y49 5724-Y54 5724-Y55 5655-Y21
Copyright IBM Corp. 1988, 2017.  All Rights Reserved.

Type 'help' for a list of available commands.
Type 'help' followed by a command name for more
information on commands.

CPLEX> Specified objective sense: MINIMIZE
Selected objective  name:  line[1]
Selected RHS        name:  RHS
Selected bound      name:  BOUND
Problem '/tmp/cmpl.T10575.mps' read.
Read time = 0.08 sec. (11.96 ticks)
CPLEX> CPXPARAM_Read_APIEncoding                        "UTF-8"
Tried aggregator 3 times.
MIP Presolve eliminated 23885 rows and 37261 columns.
MIP Presolve modified 577 coefficients.
Aggregator did 938 substitutions.
Reduced MIP has 3354 rows, 5956 columns, and 19517 nonzeros.
Reduced MIP has 5746 binaries, 0 generals, 0 SOSs, and 0 indicators.
Presolve time = 0.07 sec. (60.22 ticks)
Found incumbent of value 29476.241293 after 0.13 sec. (103.94 ticks)
Probing time = 0.01 sec. (3.30 ticks)
Tried aggregator 1 time.
MIP Presolve eliminated 0 rows and 2 columns.
Reduced MIP has 3354 rows, 5954 columns, and 19513 nonzeros.
Reduced MIP has 5954 binaries, 0 generals, 0 SOSs, and 0 indicators.
Presolve time = 0.01 sec. (14.08 ticks)
Probing time = 0.01 sec. (3.34 ticks)
Clique table members: 4183.
MIP emphasis: balance optimality and feasibility.
MIP search method: dynamic search.
Parallel mode: none, using 1 thread.
Root relaxation solution time = 0.02 sec. (25.14 ticks)

        Nodes                                         Cuts/
   Node  Left     Objective  IInf  Best Integer    Best Bound    ItCnt     Gap

*     0+    0                        29476.2413      -20.1499           100.07%
*     0     0      integral     0     5841.7311     5841.7311     1470    0.00%
Elapsed time = 0.20 sec. (162.64 ticks, tree = 0.00 MB, solutions = 2)

Root node processing (before b&c):
  Real time             =    0.20 sec. (164.39 ticks)
Sequential b&c:
  Real time             =    0.00 sec. (0.00 ticks)
                          ------------
Total (root+branch&cut) =    0.20 sec. (164.39 ticks)

Solution pool: 2 solutions saved.

MIP - Integer optimal solution:  Objective =  5.8417310640e+03
Solution time =    0.20 sec.  Iterations = 1470  Nodes = 0
Deterministic time = 164.52 ticks  (818.53 ticks/sec)

CPLEX> Incumbent solution written to file '/tmp/cmpl.T10575.gsol'.
CPLEX> 
CMPL: Time used for model generation: 2 seconds
CMPL: Time used for solving the model: 1 seconds


Solution written to ASCII file: ../results/output_generated_conf_0.8/2016-02-01-5/equal.sol

Solver - finished
