CMPL model generation - running

CMPL version: 1.11.0
Authors: Thomas Schleiff, Mike Steglich
Distributed under the GPLv3 

create model instance ...
write model instance ...
CMPL model generation - finished

Solver - running


Welcome to IBM(R) ILOG(R) CPLEX(R) Interactive Optimizer 12.7.1.0
  with Simplex, Mixed Integer & Barrier Optimizers
5725-A06 5725-A29 5724-Y48 5724-Y49 5724-Y54 5724-Y55 5655-Y21
Copyright IBM Corp. 1988, 2017.  All Rights Reserved.

Type 'help' for a list of available commands.
Type 'help' followed by a command name for more
information on commands.

CPLEX> Specified objective sense: MINIMIZE
Selected objective  name:  line[1]
Selected RHS        name:  RHS
Selected bound      name:  BOUND
Problem '/tmp/cmpl.T10367.mps' read.
Read time = 0.05 sec. (9.67 ticks)
CPLEX> CPXPARAM_Read_APIEncoding                        "UTF-8"
Tried aggregator 3 times.
MIP Presolve eliminated 19259 rows and 31005 columns.
MIP Presolve modified 494 coefficients.
Aggregator did 659 substitutions.
Reduced MIP has 2692 rows, 4629 columns, and 15063 nonzeros.
Reduced MIP has 4461 binaries, 0 generals, 0 SOSs, and 0 indicators.
Presolve time = 0.06 sec. (50.77 ticks)
Found incumbent of value 21750.468373 after 0.09 sec. (83.91 ticks)
Probing fixed 16 vars, tightened 0 bounds.
Probing time = 0.02 sec. (7.75 ticks)
Tried aggregator 1 time.
MIP Presolve eliminated 0 rows and 16 columns.
MIP Presolve modified 84 coefficients.
Reduced MIP has 2692 rows, 4613 columns, and 15031 nonzeros.
Reduced MIP has 4613 binaries, 0 generals, 0 SOSs, and 0 indicators.
Presolve time = 0.01 sec. (11.09 ticks)
Probing time = 0.01 sec. (3.02 ticks)
Clique table members: 9459.
MIP emphasis: balance optimality and feasibility.
MIP search method: dynamic search.
Parallel mode: none, using 1 thread.
Root relaxation solution time = 0.02 sec. (16.88 ticks)

        Nodes                                         Cuts/
   Node  Left     Objective  IInf  Best Integer    Best Bound    ItCnt     Gap

*     0+    0                        21750.4684     -281.5794           101.29%
      0     0     2576.2833     5    21750.4684     2576.2833     1117   88.16%
*     0+    0                         2636.1005     2576.2833             2.27%
*     0+    0                         2577.7119     2576.2833             0.06%
      0     0     2577.1565     1     2577.7119       Cuts: 9     1129    0.02%
*     0+    0                         2577.4422     2577.1565             0.01%
*     0+    0                         2577.1656     2577.1565             0.00%
      0     0        cutoff           2577.1656     2577.1565     1129    0.00%
Elapsed time = 0.19 sec. (157.26 ticks, tree = 0.01 MB, solutions = 5)

Cover cuts applied:  6
Gomory fractional cuts applied:  3

Root node processing (before b&c):
  Real time             =    0.19 sec. (159.42 ticks)
Sequential b&c:
  Real time             =    0.00 sec. (0.00 ticks)
                          ------------
Total (root+branch&cut) =    0.19 sec. (159.42 ticks)

Solution pool: 5 solutions saved.

MIP - Integer optimal solution:  Objective =  2.5771656310e+03
Solution time =    0.19 sec.  Iterations = 1129  Nodes = 0
Deterministic time = 159.53 ticks  (843.42 ticks/sec)

CPLEX> Incumbent solution written to file '/tmp/cmpl.T10367.gsol'.
CPLEX> 
CMPL: Time used for model generation: 1 seconds
CMPL: Time used for solving the model: 1 seconds


Solution written to ASCII file: ../results/output_generated_conf_0.6/2016-01-04-4/equal.sol

Solver - finished
