CMPL model generation - running

CMPL version: 1.11.0
Authors: Thomas Schleiff, Mike Steglich
Distributed under the GPLv3 

create model instance ...
write model instance ...
CMPL model generation - finished

Solver - running


Welcome to IBM(R) ILOG(R) CPLEX(R) Interactive Optimizer 12.7.1.0
  with Simplex, Mixed Integer & Barrier Optimizers
5725-A06 5725-A29 5724-Y48 5724-Y49 5724-Y54 5724-Y55 5655-Y21
Copyright IBM Corp. 1988, 2017.  All Rights Reserved.

Type 'help' for a list of available commands.
Type 'help' followed by a command name for more
information on commands.

CPLEX> Specified objective sense: MINIMIZE
Selected objective  name:  line[1]
Selected RHS        name:  RHS
Selected bound      name:  BOUND
Problem '/tmp/cmpl.T12007.mps' read.
Read time = 0.05 sec. (9.75 ticks)
CPLEX> CPXPARAM_Read_APIEncoding                        "UTF-8"
Tried aggregator 3 times.
MIP Presolve eliminated 18489 rows and 29475 columns.
MIP Presolve modified 1005 coefficients.
Aggregator did 1400 substitutions.
Reduced MIP has 2721 rows, 5418 columns, and 17422 nonzeros.
Reduced MIP has 5250 binaries, 0 generals, 0 SOSs, and 0 indicators.
Presolve time = 0.06 sec. (56.75 ticks)
Found incumbent of value 37009.823639 after 0.11 sec. (97.15 ticks)
Probing time = 0.01 sec. (3.01 ticks)
Tried aggregator 1 time.
MIP Presolve eliminated 0 rows and 54 columns.
Reduced MIP has 2721 rows, 5364 columns, and 17314 nonzeros.
Reduced MIP has 5364 binaries, 0 generals, 0 SOSs, and 0 indicators.
Presolve time = 0.02 sec. (14.76 ticks)
Probing time = 0.01 sec. (3.15 ticks)
Clique table members: 3647.
MIP emphasis: balance optimality and feasibility.
MIP search method: dynamic search.
Parallel mode: none, using 1 thread.
Root relaxation solution time = 0.04 sec. (36.07 ticks)

        Nodes                                         Cuts/
   Node  Left     Objective  IInf  Best Integer    Best Bound    ItCnt     Gap

*     0+    0                        37009.8236        0.0000           100.00%
*     0     0      integral     0    17236.5996    17236.5996     2156    0.00%
Elapsed time = 0.19 sec. (165.60 ticks, tree = 0.00 MB, solutions = 2)

Root node processing (before b&c):
  Real time             =    0.19 sec. (167.00 ticks)
Sequential b&c:
  Real time             =    0.00 sec. (0.00 ticks)
                          ------------
Total (root+branch&cut) =    0.19 sec. (167.00 ticks)

Solution pool: 2 solutions saved.

MIP - Integer optimal solution:  Objective =  1.7236599571e+04
Solution time =    0.19 sec.  Iterations = 2156  Nodes = 0
Deterministic time = 167.11 ticks  (867.53 ticks/sec)

CPLEX> Incumbent solution written to file '/tmp/cmpl.T12007.gsol'.
CPLEX> 
CMPL: Time used for model generation: 1 seconds
CMPL: Time used for solving the model: 1 seconds


Solution written to ASCII file: ../results/output_generated_rate_1/2016-06-06-4/equal.sol

Solver - finished
