CMPL model generation - running

CMPL version: 1.11.0
Authors: Thomas Schleiff, Mike Steglich
Distributed under the GPLv3 

create model instance ...
write model instance ...
CMPL model generation - finished

Solver - running


Welcome to IBM(R) ILOG(R) CPLEX(R) Interactive Optimizer 12.7.1.0
  with Simplex, Mixed Integer & Barrier Optimizers
5725-A06 5725-A29 5724-Y48 5724-Y49 5724-Y54 5724-Y55 5655-Y21
Copyright IBM Corp. 1988, 2017.  All Rights Reserved.

Type 'help' for a list of available commands.
Type 'help' followed by a command name for more
information on commands.

CPLEX> Specified objective sense: MINIMIZE
Selected objective  name:  line[1]
Selected RHS        name:  RHS
Selected bound      name:  BOUND
Problem '/tmp/cmpl.T10711.mps' read.
Read time = 0.05 sec. (9.70 ticks)
CPLEX> CPXPARAM_Read_APIEncoding                        "UTF-8"
Tried aggregator 3 times.
MIP Presolve eliminated 18962 rows and 30417 columns.
MIP Presolve modified 644 coefficients.
Aggregator did 931 substitutions.
Reduced MIP has 2717 rows, 4945 columns, and 15999 nonzeros.
Reduced MIP has 4777 binaries, 0 generals, 0 SOSs, and 0 indicators.
Presolve time = 0.06 sec. (52.84 ticks)
Probing time = 0.01 sec. (3.06 ticks)
Tried aggregator 1 time.
MIP Presolve eliminated 0 rows and 6 columns.
Reduced MIP has 2717 rows, 4939 columns, and 15987 nonzeros.
Reduced MIP has 4939 binaries, 0 generals, 0 SOSs, and 0 indicators.
Presolve time = 0.01 sec. (11.64 ticks)
Probing time = 0.01 sec. (3.12 ticks)
Clique table members: 3425.
MIP emphasis: balance optimality and feasibility.
MIP search method: dynamic search.
Parallel mode: none, using 1 thread.
Root relaxation solution time = 0.02 sec. (23.94 ticks)

        Nodes                                         Cuts/
   Node  Left     Objective  IInf  Best Integer    Best Bound    ItCnt     Gap

*     0     0      integral     0     8160.9809     8160.9809     1602    0.00%
Elapsed time = 0.19 sec. (158.52 ticks, tree = 0.00 MB, solutions = 1)

Root node processing (before b&c):
  Real time             =    0.19 sec. (159.69 ticks)
Sequential b&c:
  Real time             =    0.00 sec. (0.00 ticks)
                          ------------
Total (root+branch&cut) =    0.19 sec. (159.69 ticks)

Solution pool: 1 solution saved.

MIP - Integer optimal solution:  Objective =  8.1609808580e+03
Solution time =    0.19 sec.  Iterations = 1602  Nodes = 0
Deterministic time = 159.80 ticks  (844.15 ticks/sec)

CPLEX> Incumbent solution written to file '/tmp/cmpl.T10711.gsol'.
CPLEX> 
CMPL: Time used for model generation: 1 seconds
CMPL: Time used for solving the model: 1 seconds


Solution written to ASCII file: ../results/output_generated_conf_0.9/2017-06-05-4/equal.sol

Solver - finished
