CMPL model generation - running

CMPL version: 1.11.0
Authors: Thomas Schleiff, Mike Steglich
Distributed under the GPLv3 

create model instance ...
write model instance ...
CMPL model generation - finished

Solver - running


Welcome to IBM(R) ILOG(R) CPLEX(R) Interactive Optimizer 12.7.1.0
  with Simplex, Mixed Integer & Barrier Optimizers
5725-A06 5725-A29 5724-Y48 5724-Y49 5724-Y54 5724-Y55 5655-Y21
Copyright IBM Corp. 1988, 2017.  All Rights Reserved.

Type 'help' for a list of available commands.
Type 'help' followed by a command name for more
information on commands.

CPLEX> Specified objective sense: MINIMIZE
Selected objective  name:  line[1]
Selected RHS        name:  RHS
Selected bound      name:  BOUND
Problem '/tmp/cmpl.T12003.mps' read.
Read time = 0.05 sec. (9.74 ticks)
CPLEX> CPXPARAM_Read_APIEncoding                        "UTF-8"
Tried aggregator 3 times.
MIP Presolve eliminated 18501 rows and 29495 columns.
MIP Presolve modified 1000 coefficients.
Aggregator did 1391 substitutions.
Reduced MIP has 2718 rows, 5407 columns, and 17385 nonzeros.
Reduced MIP has 5239 binaries, 0 generals, 0 SOSs, and 0 indicators.
Presolve time = 0.06 sec. (56.70 ticks)
Found incumbent of value 37670.540096 after 0.11 sec. (96.99 ticks)
Probing time = 0.01 sec. (3.00 ticks)
Tried aggregator 1 time.
MIP Presolve eliminated 0 rows and 54 columns.
Reduced MIP has 2718 rows, 5353 columns, and 17277 nonzeros.
Reduced MIP has 5353 binaries, 0 generals, 0 SOSs, and 0 indicators.
Presolve time = 0.02 sec. (14.74 ticks)
Probing time = 0.01 sec. (3.14 ticks)
Clique table members: 3599.
MIP emphasis: balance optimality and feasibility.
MIP search method: dynamic search.
Parallel mode: none, using 1 thread.
Root relaxation solution time = 0.04 sec. (37.16 ticks)

        Nodes                                         Cuts/
   Node  Left     Objective  IInf  Best Integer    Best Bound    ItCnt     Gap

*     0+    0                        37670.5401        0.0000           100.00%
*     0     0      integral     0    17043.2673    17043.2673     2272    0.00%
Elapsed time = 0.19 sec. (166.45 ticks, tree = 0.00 MB, solutions = 2)

Root node processing (before b&c):
  Real time             =    0.19 sec. (167.85 ticks)
Sequential b&c:
  Real time             =    0.00 sec. (0.00 ticks)
                          ------------
Total (root+branch&cut) =    0.19 sec. (167.85 ticks)

Solution pool: 2 solutions saved.

MIP - Integer optimal solution:  Objective =  1.7043267283e+04
Solution time =    0.19 sec.  Iterations = 2272  Nodes = 0
Deterministic time = 167.96 ticks  (873.86 ticks/sec)

CPLEX> Incumbent solution written to file '/tmp/cmpl.T12003.gsol'.
CPLEX> 
CMPL: Time used for model generation: 1 seconds
CMPL: Time used for solving the model: 1 seconds


Solution written to ASCII file: ../results/output_generated_rate_1/2016-04-04-4/equal.sol

Solver - finished
