CMPL model generation - running

CMPL version: 1.11.0
Authors: Thomas Schleiff, Mike Steglich
Distributed under the GPLv3 

create model instance ...
write model instance ...
CMPL model generation - finished

Solver - running


Welcome to IBM(R) ILOG(R) CPLEX(R) Interactive Optimizer 12.7.1.0
  with Simplex, Mixed Integer & Barrier Optimizers
5725-A06 5725-A29 5724-Y48 5724-Y49 5724-Y54 5724-Y55 5655-Y21
Copyright IBM Corp. 1988, 2017.  All Rights Reserved.

Type 'help' for a list of available commands.
Type 'help' followed by a command name for more
information on commands.

CPLEX> Specified objective sense: MINIMIZE
Selected objective  name:  line[1]
Selected RHS        name:  RHS
Selected bound      name:  BOUND
Problem '/tmp/cmpl.XM9812.mps' read.
Read time = 0.05 sec. (8.85 ticks)
CPLEX> CPXPARAM_Read_APIEncoding                        "UTF-8"
Tried aggregator 3 times.
MIP Presolve eliminated 19392 rows and 30908 columns.
MIP Presolve modified 340 coefficients.
Aggregator did 587 substitutions.
Reduced MIP has 2461 rows, 3183 columns, and 9309 nonzeros.
Reduced MIP has 3015 binaries, 0 generals, 0 SOSs, and 0 indicators.
Presolve time = 0.05 sec. (42.92 ticks)
Found incumbent of value 3585.227887 after 0.07 sec. (56.54 ticks)
Probing fixed 4 vars, tightened 0 bounds.
Probing time = 0.01 sec. (4.06 ticks)
Tried aggregator 1 time.
MIP Presolve eliminated 0 rows and 4 columns.
MIP Presolve modified 14 coefficients.
Reduced MIP has 2461 rows, 3179 columns, and 9301 nonzeros.
Reduced MIP has 3179 binaries, 0 generals, 0 SOSs, and 0 indicators.
Presolve time = 0.01 sec. (7.94 ticks)
Probing time = 0.01 sec. (2.66 ticks)
Clique table members: 5570.
MIP emphasis: balance optimality and feasibility.
MIP search method: dynamic search.
Parallel mode: none, using 1 thread.
Root relaxation solution time = 0.00 sec. (4.26 ticks)

        Nodes                                         Cuts/
   Node  Left     Objective  IInf  Best Integer    Best Bound    ItCnt     Gap

*     0+    0                         3585.2279     -465.5811           112.99%
      0     0      322.2830    20     3585.2279      322.2830       77   91.01%
*     0+    0                          681.0326      322.2830            52.68%
*     0+    0                          327.9972      322.2830             1.74%
      0     0      327.4536     2      327.9972      Cuts: 12       80    0.17%
*     0+    0                          327.7280      327.4536             0.08%
      0     0        cutoff            327.7280                     80    0.00%
Elapsed time = 0.13 sec. (98.98 ticks, tree = 0.01 MB, solutions = 4)

Clique cuts applied:  3
Cover cuts applied:  6
Gomory fractional cuts applied:  3

Root node processing (before b&c):
  Real time             =    0.13 sec. (100.74 ticks)
Sequential b&c:
  Real time             =    0.00 sec. (0.00 ticks)
                          ------------
Total (root+branch&cut) =    0.13 sec. (100.74 ticks)

Solution pool: 4 solutions saved.

MIP - Integer optimal solution:  Objective =  3.2772801100e+02
Solution time =    0.13 sec.  Iterations = 80  Nodes = 0
Deterministic time = 100.84 ticks  (778.91 ticks/sec)

CPLEX> Incumbent solution written to file '/tmp/cmpl.XM9812.gsol'.
CPLEX> 
CMPL: Time used for model generation: 1 seconds
CMPL: Time used for solving the model: 1 seconds


Solution written to ASCII file: ../results/output_generated_conf_0.1/2016-07-04-4/unequal.sol

Solver - finished
