CMPL model generation - running

CMPL version: 1.11.0
Authors: Thomas Schleiff, Mike Steglich
Distributed under the GPLv3 

create model instance ...
write model instance ...
CMPL model generation - finished

Solver - running


Welcome to IBM(R) ILOG(R) CPLEX(R) Interactive Optimizer 12.7.1.0
  with Simplex, Mixed Integer & Barrier Optimizers
5725-A06 5725-A29 5724-Y48 5724-Y49 5724-Y54 5724-Y55 5655-Y21
Copyright IBM Corp. 1988, 2017.  All Rights Reserved.

Type 'help' for a list of available commands.
Type 'help' followed by a command name for more
information on commands.

CPLEX> Specified objective sense: MINIMIZE
Selected objective  name:  line[1]
Selected RHS        name:  RHS
Selected bound      name:  BOUND
Problem '/tmp/cmpl.T11149.mps' read.
Read time = 0.05 sec. (8.87 ticks)
CPLEX> CPXPARAM_Read_APIEncoding                        "UTF-8"
Tried aggregator 3 times.
MIP Presolve eliminated 19156 rows and 30465 columns.
MIP Presolve modified 340 coefficients.
Aggregator did 740 substitutions.
Reduced MIP has 2544 rows, 3473 columns, and 10115 nonzeros.
Reduced MIP has 3305 binaries, 0 generals, 0 SOSs, and 0 indicators.
Presolve time = 0.05 sec. (41.99 ticks)
Found incumbent of value 19731.261158 after 0.08 sec. (66.83 ticks)
Probing fixed 18 vars, tightened 0 bounds.
Probing time = 0.01 sec. (4.57 ticks)
Tried aggregator 1 time.
MIP Presolve eliminated 0 rows and 18 columns.
MIP Presolve modified 89 coefficients.
Reduced MIP has 2544 rows, 3455 columns, and 10079 nonzeros.
Reduced MIP has 3455 binaries, 0 generals, 0 SOSs, and 0 indicators.
Presolve time = 0.01 sec. (8.55 ticks)
Probing time = 0.01 sec. (2.73 ticks)
Clique table members: 6124.
MIP emphasis: balance optimality and feasibility.
MIP search method: dynamic search.
Parallel mode: none, using 1 thread.
Root relaxation solution time = 0.01 sec. (9.05 ticks)

        Nodes                                         Cuts/
   Node  Left     Objective  IInf  Best Integer    Best Bound    ItCnt     Gap

*     0+    0                        19731.2612      -80.9842           100.41%
*     0     0      integral     0     4648.7447     4648.7447      440    0.00%
Elapsed time = 0.13 sec. (100.21 ticks, tree = 0.00 MB, solutions = 2)

Root node processing (before b&c):
  Real time             =    0.13 sec. (101.50 ticks)
Sequential b&c:
  Real time             =    0.00 sec. (0.00 ticks)
                          ------------
Total (root+branch&cut) =    0.13 sec. (101.50 ticks)

Solution pool: 2 solutions saved.

MIP - Integer optimal solution:  Objective =  4.6487447500e+03
Solution time =    0.13 sec.  Iterations = 440  Nodes = 0
Deterministic time = 101.60 ticks  (769.81 ticks/sec)

CPLEX> Incumbent solution written to file '/tmp/cmpl.T11149.gsol'.
CPLEX> 
CMPL: Time used for model generation: 1 seconds
CMPL: Time used for solving the model: 0 seconds


Solution written to ASCII file: ../results/output_generated_rate_0.2/2017-08-07-4/unequal.sol

Solver - finished
