CMPL model generation - running

CMPL version: 1.11.0
Authors: Thomas Schleiff, Mike Steglich
Distributed under the GPLv3 

create model instance ...
write model instance ...
CMPL model generation - finished

Solver - running


Welcome to IBM(R) ILOG(R) CPLEX(R) Interactive Optimizer 12.7.1.0
  with Simplex, Mixed Integer & Barrier Optimizers
5725-A06 5725-A29 5724-Y48 5724-Y49 5724-Y54 5724-Y55 5655-Y21
Copyright IBM Corp. 1988, 2017.  All Rights Reserved.

Type 'help' for a list of available commands.
Type 'help' followed by a command name for more
information on commands.

CPLEX> Specified objective sense: MINIMIZE
Selected objective  name:  line[1]
Selected RHS        name:  RHS
Selected bound      name:  BOUND
Problem '/tmp/cmpl.T11649.mps' read.
Read time = 0.05 sec. (8.91 ticks)
CPLEX> CPXPARAM_Read_APIEncoding                        "UTF-8"
Tried aggregator 3 times.
MIP Presolve eliminated 18644 rows and 29441 columns.
MIP Presolve modified 340 coefficients.
Aggregator did 1248 substitutions.
Reduced MIP has 2548 rows, 3989 columns, and 11663 nonzeros.
Reduced MIP has 3821 binaries, 0 generals, 0 SOSs, and 0 indicators.
Presolve time = 0.05 sec. (43.43 ticks)
Found incumbent of value 34706.406811 after 0.09 sec. (79.54 ticks)
Probing time = 0.01 sec. (2.70 ticks)
Tried aggregator 1 time.
MIP Presolve eliminated 0 rows and 25 columns.
Reduced MIP has 2548 rows, 3964 columns, and 11613 nonzeros.
Reduced MIP has 3964 binaries, 0 generals, 0 SOSs, and 0 indicators.
Presolve time = 0.01 sec. (9.82 ticks)
Probing time = 0.01 sec. (2.81 ticks)
Clique table members: 3371.
MIP emphasis: balance optimality and feasibility.
MIP search method: dynamic search.
Parallel mode: none, using 1 thread.
Root relaxation solution time = 0.02 sec. (15.35 ticks)

        Nodes                                         Cuts/
   Node  Left     Objective  IInf  Best Integer    Best Bound    ItCnt     Gap

*     0+    0                        34706.4068        0.0000           100.00%
*     0     0      integral     0    14269.1161    14269.1161      982    0.00%
Elapsed time = 0.15 sec. (118.39 ticks, tree = 0.00 MB, solutions = 2)

Root node processing (before b&c):
  Real time             =    0.15 sec. (119.71 ticks)
Sequential b&c:
  Real time             =    0.00 sec. (0.00 ticks)
                          ------------
Total (root+branch&cut) =    0.15 sec. (119.71 ticks)

Solution pool: 2 solutions saved.

MIP - Integer optimal solution:  Objective =  1.4269116128e+04
Solution time =    0.15 sec.  Iterations = 982  Nodes = 0
Deterministic time = 119.81 ticks  (795.73 ticks/sec)

CPLEX> Incumbent solution written to file '/tmp/cmpl.T11649.gsol'.
CPLEX> 
CMPL: Time used for model generation: 1 seconds
CMPL: Time used for solving the model: 1 seconds


Solution written to ASCII file: ../results/output_generated_rate_0.7/2016-09-05-4/unequal.sol

Solver - finished
