CMPL model generation - running

CMPL version: 1.11.0
Authors: Thomas Schleiff, Mike Steglich
Distributed under the GPLv3 

create model instance ...
write model instance ...
CMPL model generation - finished

Solver - running


Welcome to IBM(R) ILOG(R) CPLEX(R) Interactive Optimizer 12.7.1.0
  with Simplex, Mixed Integer & Barrier Optimizers
5725-A06 5725-A29 5724-Y48 5724-Y49 5724-Y54 5724-Y55 5655-Y21
Copyright IBM Corp. 1988, 2017.  All Rights Reserved.

Type 'help' for a list of available commands.
Type 'help' followed by a command name for more
information on commands.

CPLEX> Specified objective sense: MINIMIZE
Selected objective  name:  line[1]
Selected RHS        name:  RHS
Selected bound      name:  BOUND
Problem '/tmp/cmpl.T10713.mps' read.
Read time = 0.06 sec. (11.98 ticks)
CPLEX> CPXPARAM_Read_APIEncoding                        "UTF-8"
Tried aggregator 3 times.
MIP Presolve eliminated 23684 rows and 36865 columns.
MIP Presolve modified 668 coefficients.
Aggregator did 1134 substitutions.
Reduced MIP has 3359 rows, 6156 columns, and 20121 nonzeros.
Reduced MIP has 5946 binaries, 0 generals, 0 SOSs, and 0 indicators.
Presolve time = 0.07 sec. (61.63 ticks)
Probing time = 0.01 sec. (3.29 ticks)
Tried aggregator 2 times.
MIP Presolve eliminated 3 rows and 4 columns.
MIP Presolve modified 9 coefficients.
Aggregator did 2 substitutions.
Reduced MIP has 3354 rows, 6150 columns, and 20103 nonzeros.
Reduced MIP has 6150 binaries, 0 generals, 0 SOSs, and 0 indicators.
Presolve time = 0.02 sec. (18.02 ticks)
Probing time = 0.01 sec. (3.36 ticks)
Clique table members: 3904.
MIP emphasis: balance optimality and feasibility.
MIP search method: dynamic search.
Parallel mode: none, using 1 thread.
Root relaxation solution time = 0.03 sec. (30.24 ticks)

        Nodes                                         Cuts/
   Node  Left     Objective  IInf  Best Integer    Best Bound    ItCnt     Gap

*     0     0      integral     0     9641.5446     9641.5446     1766    0.00%
Elapsed time = 0.24 sec. (192.49 ticks, tree = 0.00 MB, solutions = 1)

Root node processing (before b&c):
  Real time             =    0.24 sec. (193.93 ticks)
Sequential b&c:
  Real time             =    0.00 sec. (0.00 ticks)
                          ------------
Total (root+branch&cut) =    0.24 sec. (193.93 ticks)

Solution pool: 1 solution saved.

MIP - Integer optimal solution:  Objective =  9.6415446360e+03
Solution time =    0.24 sec.  Iterations = 1766  Nodes = 0
Deterministic time = 194.06 ticks  (804.65 ticks/sec)

CPLEX> Incumbent solution written to file '/tmp/cmpl.T10713.gsol'.
CPLEX> 
CMPL: Time used for model generation: 1 seconds
CMPL: Time used for solving the model: 1 seconds


Solution written to ASCII file: ../results/output_generated_conf_0.9/2017-07-03-5/equal.sol

Solver - finished
