CMPL model generation - running

CMPL version: 1.11.0
Authors: Thomas Schleiff, Mike Steglich
Distributed under the GPLv3 

create model instance ...
write model instance ...
CMPL model generation - finished

Solver - running


Welcome to IBM(R) ILOG(R) CPLEX(R) Interactive Optimizer 12.7.1.0
  with Simplex, Mixed Integer & Barrier Optimizers
5725-A06 5725-A29 5724-Y48 5724-Y49 5724-Y54 5724-Y55 5655-Y21
Copyright IBM Corp. 1988, 2017.  All Rights Reserved.

Type 'help' for a list of available commands.
Type 'help' followed by a command name for more
information on commands.

CPLEX> Specified objective sense: MINIMIZE
Selected objective  name:  line[1]
Selected RHS        name:  RHS
Selected bound      name:  BOUND
Problem '/tmp/cmpl.T11292.mps' read.
Read time = 0.05 sec. (9.69 ticks)
CPLEX> CPXPARAM_Read_APIEncoding                        "UTF-8"
Tried aggregator 3 times.
MIP Presolve eliminated 19005 rows and 30509 columns.
MIP Presolve modified 619 coefficients.
Aggregator did 884 substitutions.
Reduced MIP has 2721 rows, 4900 columns, and 15868 nonzeros.
Reduced MIP has 4732 binaries, 0 generals, 0 SOSs, and 0 indicators.
Presolve time = 0.06 sec. (52.48 ticks)
Probing time = 0.01 sec. (3.06 ticks)
Tried aggregator 2 times.
MIP Presolve eliminated 3 rows and 1 columns.
MIP Presolve modified 9 coefficients.
Aggregator did 2 substitutions.
Reduced MIP has 2716 rows, 4897 columns, and 15856 nonzeros.
Reduced MIP has 4897 binaries, 0 generals, 0 SOSs, and 0 indicators.
Presolve time = 0.02 sec. (14.39 ticks)
Probing time = 0.01 sec. (3.11 ticks)
Clique table members: 3518.
MIP emphasis: balance optimality and feasibility.
MIP search method: dynamic search.
Parallel mode: none, using 1 thread.
Root relaxation solution time = 0.02 sec. (25.24 ticks)

        Nodes                                         Cuts/
   Node  Left     Objective  IInf  Best Integer    Best Bound    ItCnt     Gap

*     0     0      integral     0     7345.5584     7345.5584     1307    0.00%
Elapsed time = 0.19 sec. (164.35 ticks, tree = 0.00 MB, solutions = 1)

Root node processing (before b&c):
  Real time             =    0.19 sec. (165.53 ticks)
Sequential b&c:
  Real time             =    0.00 sec. (0.00 ticks)
                          ------------
Total (root+branch&cut) =    0.19 sec. (165.53 ticks)

Solution pool: 1 solution saved.

MIP - Integer optimal solution:  Objective =  7.3455583920e+03
Solution time =    0.19 sec.  Iterations = 1307  Nodes = 0
Deterministic time = 165.63 ticks  (875.01 ticks/sec)

CPLEX> Incumbent solution written to file '/tmp/cmpl.T11292.gsol'.
CPLEX> 
CMPL: Time used for model generation: 1 seconds
CMPL: Time used for solving the model: 1 seconds


Solution written to ASCII file: ../results/output_generated_rate_0.3/2017-03-06-4/equal.sol

Solver - finished
