CMPL model generation - running

CMPL version: 1.11.0
Authors: Thomas Schleiff, Mike Steglich
Distributed under the GPLv3 

create model instance ...
write model instance ...
CMPL model generation - finished

Solver - running


Welcome to IBM(R) ILOG(R) CPLEX(R) Interactive Optimizer 12.7.1.0
  with Simplex, Mixed Integer & Barrier Optimizers
5725-A06 5725-A29 5724-Y48 5724-Y49 5724-Y54 5724-Y55 5655-Y21
Copyright IBM Corp. 1988, 2017.  All Rights Reserved.

Type 'help' for a list of available commands.
Type 'help' followed by a command name for more
information on commands.

CPLEX> Specified objective sense: MINIMIZE
Selected objective  name:  line[1]
Selected RHS        name:  RHS
Selected bound      name:  BOUND
Problem '/tmp/cmpl.T11244.mps' read.
Read time = 0.05 sec. (8.88 ticks)
CPLEX> CPXPARAM_Read_APIEncoding                        "UTF-8"
Tried aggregator 3 times.
MIP Presolve eliminated 19008 rows and 30169 columns.
MIP Presolve modified 340 coefficients.
Aggregator did 886 substitutions.
Reduced MIP has 2546 rows, 3623 columns, and 10565 nonzeros.
Reduced MIP has 3455 binaries, 0 generals, 0 SOSs, and 0 indicators.
Presolve time = 0.05 sec. (42.38 ticks)
Found incumbent of value 27124.742226 after 0.09 sec. (71.84 ticks)
Probing fixed 38 vars, tightened 0 bounds.
Probing time = 0.01 sec. (4.86 ticks)
Tried aggregator 1 time.
MIP Presolve eliminated 0 rows and 38 columns.
MIP Presolve modified 282 coefficients.
Reduced MIP has 2546 rows, 3585 columns, and 10489 nonzeros.
Reduced MIP has 3585 binaries, 0 generals, 0 SOSs, and 0 indicators.
Presolve time = 0.01 sec. (10.19 ticks)
Probing time = 0.01 sec. (2.71 ticks)
Clique table members: 6488.
MIP emphasis: balance optimality and feasibility.
MIP search method: dynamic search.
Parallel mode: none, using 1 thread.
Root relaxation solution time = 0.01 sec. (12.55 ticks)

        Nodes                                         Cuts/
   Node  Left     Objective  IInf  Best Integer    Best Bound    ItCnt     Gap

*     0+    0                        27124.7422      -39.5057           100.15%
*     0     0      integral     0     7334.2312     7334.2312      615    0.00%
Elapsed time = 0.14 sec. (110.51 ticks, tree = 0.00 MB, solutions = 2)

Root node processing (before b&c):
  Real time             =    0.14 sec. (111.78 ticks)
Sequential b&c:
  Real time             =    0.00 sec. (0.00 ticks)
                          ------------
Total (root+branch&cut) =    0.14 sec. (111.78 ticks)

Solution pool: 2 solutions saved.

MIP - Integer optimal solution:  Objective =  7.3342312290e+03
Solution time =    0.14 sec.  Iterations = 615  Nodes = 0
Deterministic time = 111.88 ticks  (795.51 ticks/sec)

CPLEX> Incumbent solution written to file '/tmp/cmpl.T11244.gsol'.
CPLEX> 
CMPL: Time used for model generation: 1 seconds
CMPL: Time used for solving the model: 1 seconds


Solution written to ASCII file: ../results/output_generated_rate_0.3/2017-03-06-4/unequal.sol

Solver - finished
