CMPL model generation - running

CMPL version: 1.11.0
Authors: Thomas Schleiff, Mike Steglich
Distributed under the GPLv3 

create model instance ...
write model instance ...
CMPL model generation - finished

Solver - running


Welcome to IBM(R) ILOG(R) CPLEX(R) Interactive Optimizer 12.7.1.0
  with Simplex, Mixed Integer & Barrier Optimizers
5725-A06 5725-A29 5724-Y48 5724-Y49 5724-Y54 5724-Y55 5655-Y21
Copyright IBM Corp. 1988, 2017.  All Rights Reserved.

Type 'help' for a list of available commands.
Type 'help' followed by a command name for more
information on commands.

CPLEX> Specified objective sense: MINIMIZE
Selected objective  name:  line[1]
Selected RHS        name:  RHS
Selected bound      name:  BOUND
Problem '/tmp/cmpl.T10176.mps' read.
Read time = 0.05 sec. (9.66 ticks)
CPLEX> CPXPARAM_Read_APIEncoding                        "UTF-8"
Tried aggregator 3 times.
MIP Presolve eliminated 19321 rows and 31122 columns.
MIP Presolve modified 462 coefficients.
Aggregator did 630 substitutions.
Reduced MIP has 2659 rows, 4541 columns, and 14825 nonzeros.
Reduced MIP has 4373 binaries, 0 generals, 0 SOSs, and 0 indicators.
Presolve time = 0.06 sec. (53.56 ticks)
Found incumbent of value 21564.215389 after 0.09 sec. (86.53 ticks)
Probing fixed 9 vars, tightened 0 bounds.
Probing time = 0.01 sec. (7.59 ticks)
Tried aggregator 1 time.
MIP Presolve eliminated 0 rows and 9 columns.
MIP Presolve modified 41 coefficients.
Reduced MIP has 2659 rows, 4532 columns, and 14807 nonzeros.
Reduced MIP has 4532 binaries, 0 generals, 0 SOSs, and 0 indicators.
Presolve time = 0.01 sec. (10.80 ticks)
Probing time = 0.01 sec. (3.00 ticks)
Clique table members: 9299.
MIP emphasis: balance optimality and feasibility.
MIP search method: dynamic search.
Parallel mode: none, using 1 thread.
Root relaxation solution time = 0.02 sec. (20.87 ticks)

        Nodes                                         Cuts/
   Node  Left     Objective  IInf  Best Integer    Best Bound    ItCnt     Gap

*     0+    0                        21564.2154     -362.4253           101.68%
      0     0     1434.6726     7    21564.2154     1434.6726     1256   93.35%
*     0+    0                         1514.6661     1434.6726             5.28%
*     0+    0                         1436.6726     1434.6726             0.14%
      0     0     1436.1268     2     1436.6726      Cuts: 10     1260    0.04%
*     0+    0                         1436.2670     1436.1268             0.01%
      0     0        cutoff           1436.2670     1436.1268     1260    0.01%
Elapsed time = 0.18 sec. (157.70 ticks, tree = 0.01 MB, solutions = 4)

GUB cover cuts applied:  1
Clique cuts applied:  1
Cover cuts applied:  5
Gomory fractional cuts applied:  3

Root node processing (before b&c):
  Real time             =    0.18 sec. (159.62 ticks)
Sequential b&c:
  Real time             =    0.00 sec. (0.00 ticks)
                          ------------
Total (root+branch&cut) =    0.18 sec. (159.62 ticks)

Solution pool: 4 solutions saved.

MIP - Integer optimal solution:  Objective =  1.4362670070e+03
Solution time =    0.18 sec.  Iterations = 1260  Nodes = 0
Deterministic time = 159.72 ticks  (892.14 ticks/sec)

CPLEX> Incumbent solution written to file '/tmp/cmpl.T10176.gsol'.
CPLEX> 
CMPL: Time used for model generation: 1 seconds
CMPL: Time used for solving the model: 1 seconds


Solution written to ASCII file: ../results/output_generated_conf_0.4/2016-07-04-4/equal.sol

Solver - finished
