CMPL model generation - running

CMPL version: 1.11.0
Authors: Thomas Schleiff, Mike Steglich
Distributed under the GPLv3 

create model instance ...
write model instance ...
CMPL model generation - finished

Solver - running


Welcome to IBM(R) ILOG(R) CPLEX(R) Interactive Optimizer 12.7.1.0
  with Simplex, Mixed Integer & Barrier Optimizers
5725-A06 5725-A29 5724-Y48 5724-Y49 5724-Y54 5724-Y55 5655-Y21
Copyright IBM Corp. 1988, 2017.  All Rights Reserved.

Type 'help' for a list of available commands.
Type 'help' followed by a command name for more
information on commands.

CPLEX> Specified objective sense: MINIMIZE
Selected objective  name:  line[1]
Selected RHS        name:  RHS
Selected bound      name:  BOUND
Problem '/tmp/cmpl.T10125.mps' read.
Read time = 0.08 sec. (8.85 ticks)
CPLEX> CPXPARAM_Read_APIEncoding                        "UTF-8"
Tried aggregator 3 times.
MIP Presolve eliminated 19321 rows and 30782 columns.
MIP Presolve modified 340 coefficients.
Aggregator did 630 substitutions.
Reduced MIP has 2489 rows, 3266 columns, and 9532 nonzeros.
Reduced MIP has 3098 binaries, 0 generals, 0 SOSs, and 0 indicators.
Presolve time = 0.11 sec. (44.45 ticks)
Found incumbent of value 6307.354536 after 0.15 sec. (62.06 ticks)
Probing fixed 9 vars, tightened 0 bounds.
Probing time = 0.02 sec. (4.24 ticks)
Tried aggregator 1 time.
MIP Presolve eliminated 0 rows and 9 columns.
MIP Presolve modified 41 coefficients.
Reduced MIP has 2489 rows, 3257 columns, and 9514 nonzeros.
Reduced MIP has 3257 binaries, 0 generals, 0 SOSs, and 0 indicators.
Presolve time = 0.01 sec. (8.11 ticks)
Probing time = 0.01 sec. (2.67 ticks)
Clique table members: 5885.
MIP emphasis: balance optimality and feasibility.
MIP search method: dynamic search.
Parallel mode: none, using 1 thread.
Root relaxation solution time = 0.01 sec. (4.61 ticks)

        Nodes                                         Cuts/
   Node  Left     Objective  IInf  Best Integer    Best Bound    ItCnt     Gap

*     0+    0                         6307.3545     -362.4253           105.75%
      0     0     1421.4636     8     6307.3545     1421.4636      119   77.46%
*     0+    0                         1423.7493     1421.4636             0.16%
*     0     0      integral     0     1423.0608      Cuts: 12      130    0.00%
      0     0        cutoff           1423.0608     1423.0608      130    0.00%
Elapsed time = 0.23 sec. (101.57 ticks, tree = 0.01 MB, solutions = 3)

GUB cover cuts applied:  2
Cover cuts applied:  6
Gomory fractional cuts applied:  4

Root node processing (before b&c):
  Real time             =    0.23 sec. (103.10 ticks)
Sequential b&c:
  Real time             =    0.00 sec. (0.00 ticks)
                          ------------
Total (root+branch&cut) =    0.23 sec. (103.10 ticks)

Solution pool: 3 solutions saved.

MIP - Integer optimal solution:  Objective =  1.4230607600e+03
Solution time =    0.23 sec.  Iterations = 130  Nodes = 0
Deterministic time = 103.20 ticks  (444.08 ticks/sec)

CPLEX> Incumbent solution written to file '/tmp/cmpl.T10125.gsol'.
CPLEX> 
CMPL: Time used for model generation: 1 seconds
CMPL: Time used for solving the model: 1 seconds


Solution written to ASCII file: ../results/output_generated_conf_0.4/2016-07-04-4/unequal.sol

Solver - finished
