CMPL model generation - running

CMPL version: 1.11.0
Authors: Thomas Schleiff, Mike Steglich
Distributed under the GPLv3 

create model instance ...
write model instance ...
CMPL model generation - finished

Solver - running


Welcome to IBM(R) ILOG(R) CPLEX(R) Interactive Optimizer 12.7.1.0
  with Simplex, Mixed Integer & Barrier Optimizers
5725-A06 5725-A29 5724-Y48 5724-Y49 5724-Y54 5724-Y55 5655-Y21
Copyright IBM Corp. 1988, 2017.  All Rights Reserved.

Type 'help' for a list of available commands.
Type 'help' followed by a command name for more
information on commands.

CPLEX> Specified objective sense: MINIMIZE
Selected objective  name:  line[1]
Selected RHS        name:  RHS
Selected bound      name:  BOUND
Problem '/tmp/cmpl.XM9792.mps' read.
Read time = 0.06 sec. (11.93 ticks)
CPLEX> CPXPARAM_Read_APIEncoding                        "UTF-8"
Tried aggregator 3 times.
MIP Presolve eliminated 24206 rows and 37875 columns.
MIP Presolve modified 442 coefficients.
Aggregator did 682 substitutions.
Reduced MIP has 3289 rows, 5598 columns, and 18495 nonzeros.
Reduced MIP has 5388 binaries, 0 generals, 0 SOSs, and 0 indicators.
Presolve time = 0.06 sec. (58.33 ticks)
Found incumbent of value 25176.318274 after 0.11 sec. (99.44 ticks)
Probing fixed 7 vars, tightened 0 bounds.
Probing time = 0.02 sec. (9.40 ticks)
Tried aggregator 1 time.
MIP Presolve eliminated 1 rows and 7 columns.
MIP Presolve modified 35 coefficients.
Reduced MIP has 3288 rows, 5591 columns, and 18477 nonzeros.
Reduced MIP has 5591 binaries, 0 generals, 0 SOSs, and 0 indicators.
Presolve time = 0.02 sec. (15.03 ticks)
Probing time = 0.01 sec. (3.24 ticks)
Clique table members: 10368.
MIP emphasis: balance optimality and feasibility.
MIP search method: dynamic search.
Parallel mode: none, using 1 thread.
Root relaxation solution time = 0.02 sec. (20.37 ticks)

        Nodes                                         Cuts/
   Node  Left     Objective  IInf  Best Integer    Best Bound    ItCnt     Gap

*     0+    0                        25176.3183     -380.5596           101.51%
      0     0      144.4290    19    25176.3183      144.4290      956   99.43%
*     0+    0                          148.7719      144.4290             2.92%
      0     0        cutoff            148.7719                    956    0.00%
Elapsed time = 0.20 sec. (169.52 ticks, tree = 0.01 MB, solutions = 2)

Root node processing (before b&c):
  Real time             =    0.20 sec. (171.27 ticks)
Sequential b&c:
  Real time             =    0.00 sec. (0.00 ticks)
                          ------------
Total (root+branch&cut) =    0.20 sec. (171.27 ticks)

Solution pool: 2 solutions saved.

MIP - Integer optimal solution:  Objective =  1.4877185900e+02
Solution time =    0.20 sec.  Iterations = 956  Nodes = 0
Deterministic time = 171.39 ticks  (858.93 ticks/sec)

CPLEX> Incumbent solution written to file '/tmp/cmpl.XM9792.gsol'.
CPLEX> 
CMPL: Time used for model generation: 1 seconds
CMPL: Time used for solving the model: 1 seconds


Solution written to ASCII file: ../results/output_generated_conf_0/2017-10-02-5/equal.sol

Solver - finished
