CMPL model generation - running

CMPL version: 1.11.0
Authors: Thomas Schleiff, Mike Steglich
Distributed under the GPLv3 

create model instance ...
write model instance ...
CMPL model generation - finished

Solver - running


Welcome to IBM(R) ILOG(R) CPLEX(R) Interactive Optimizer 12.7.1.0
  with Simplex, Mixed Integer & Barrier Optimizers
5725-A06 5725-A29 5724-Y48 5724-Y49 5724-Y54 5724-Y55 5655-Y21
Copyright IBM Corp. 1988, 2017.  All Rights Reserved.

Type 'help' for a list of available commands.
Type 'help' followed by a command name for more
information on commands.

CPLEX> Specified objective sense: MINIMIZE
Selected objective  name:  line[1]
Selected RHS        name:  RHS
Selected bound      name:  BOUND
Problem '/tmp/cmpl.T10105.mps' read.
Read time = 0.06 sec. (11.93 ticks)
CPLEX> CPXPARAM_Read_APIEncoding                        "UTF-8"
Tried aggregator 3 times.
MIP Presolve eliminated 24141 rows and 37762 columns.
MIP Presolve modified 473 coefficients.
Aggregator did 731 substitutions.
Reduced MIP has 3305 rows, 5662 columns, and 18669 nonzeros.
Reduced MIP has 5452 binaries, 0 generals, 0 SOSs, and 0 indicators.
Presolve time = 0.06 sec. (60.64 ticks)
Found incumbent of value 26238.074557 after 0.11 sec. (100.10 ticks)
Probing fixed 6 vars, tightened 0 bounds.
Probing time = 0.02 sec. (9.46 ticks)
Tried aggregator 1 time.
MIP Presolve eliminated 0 rows and 6 columns.
MIP Presolve modified 25 coefficients.
Reduced MIP has 3305 rows, 5656 columns, and 18657 nonzeros.
Reduced MIP has 5656 binaries, 0 generals, 0 SOSs, and 0 indicators.
Presolve time = 0.01 sec. (13.41 ticks)
Probing time = 0.01 sec. (3.24 ticks)
Clique table members: 11609.
MIP emphasis: balance optimality and feasibility.
MIP search method: dynamic search.
Parallel mode: none, using 1 thread.
Root relaxation solution time = 0.01 sec. (17.93 ticks)

        Nodes                                         Cuts/
   Node  Left     Objective  IInf  Best Integer    Best Bound    ItCnt     Gap

*     0+    0                        26238.0746     -322.1343           101.23%
      0     0     1140.1377    15    26238.0746     1140.1377      807   95.65%
*     0+    0                         1341.1128     1140.1377            14.99%
*     0+    0                         1143.5663     1140.1377             0.30%
*     0     0      integral     0     1143.3605      Cuts: 18      814    0.00%
      0     0        cutoff           1143.3605     1143.3605      814    0.00%
Elapsed time = 0.20 sec. (177.75 ticks, tree = 0.01 MB, solutions = 4)

Cover cuts applied:  12
Gomory fractional cuts applied:  6

Root node processing (before b&c):
  Real time             =    0.20 sec. (180.09 ticks)
Sequential b&c:
  Real time             =    0.00 sec. (0.00 ticks)
                          ------------
Total (root+branch&cut) =    0.20 sec. (180.09 ticks)

Solution pool: 4 solutions saved.

MIP - Integer optimal solution:  Objective =  1.1433605470e+03
Solution time =    0.20 sec.  Iterations = 814  Nodes = 0
Deterministic time = 180.22 ticks  (888.09 ticks/sec)

CPLEX> Incumbent solution written to file '/tmp/cmpl.T10105.gsol'.
CPLEX> 
CMPL: Time used for model generation: 1 seconds
CMPL: Time used for solving the model: 1 seconds


Solution written to ASCII file: ../results/output_generated_conf_0.3/2017-10-02-5/equal.sol

Solver - finished
