CMPL model generation - running

CMPL version: 1.11.0
Authors: Thomas Schleiff, Mike Steglich
Distributed under the GPLv3 

create model instance ...
write model instance ...
CMPL model generation - finished

Solver - running


Welcome to IBM(R) ILOG(R) CPLEX(R) Interactive Optimizer 12.7.1.0
  with Simplex, Mixed Integer & Barrier Optimizers
5725-A06 5725-A29 5724-Y48 5724-Y49 5724-Y54 5724-Y55 5655-Y21
Copyright IBM Corp. 1988, 2017.  All Rights Reserved.

Type 'help' for a list of available commands.
Type 'help' followed by a command name for more
information on commands.

CPLEX> Specified objective sense: MINIMIZE
Selected objective  name:  line[1]
Selected RHS        name:  RHS
Selected bound      name:  BOUND
Problem '/tmp/cmpl.T10055.mps' read.
Read time = 0.06 sec. (10.97 ticks)
CPLEX> CPXPARAM_Read_APIEncoding                        "UTF-8"
Tried aggregator 3 times.
MIP Presolve eliminated 24141 rows and 37762 columns.
MIP Presolve modified 425 coefficients.
Aggregator did 731 substitutions.
Reduced MIP has 3135 rows, 4047 columns, and 11989 nonzeros.
Reduced MIP has 3837 binaries, 0 generals, 0 SOSs, and 0 indicators.
Presolve time = 0.06 sec. (53.42 ticks)
Found incumbent of value 5229.171462 after 0.09 sec. (74.10 ticks)
Probing fixed 6 vars, tightened 0 bounds.
Probing time = 0.01 sec. (5.19 ticks)
Tried aggregator 1 time.
MIP Presolve eliminated 0 rows and 6 columns.
MIP Presolve modified 25 coefficients.
Reduced MIP has 3135 rows, 4041 columns, and 11977 nonzeros.
Reduced MIP has 4041 binaries, 0 generals, 0 SOSs, and 0 indicators.
Presolve time = 0.01 sec. (10.05 ticks)
Probing time = 0.01 sec. (2.84 ticks)
Clique table members: 7292.
MIP emphasis: balance optimality and feasibility.
MIP search method: dynamic search.
Parallel mode: none, using 1 thread.
Root relaxation solution time = 0.01 sec. (5.55 ticks)

        Nodes                                         Cuts/
   Node  Left     Objective  IInf  Best Integer    Best Bound    ItCnt     Gap

*     0+    0                         5229.1715     -322.1343           106.16%
      0     0     1125.4405    14     5229.1715     1125.4405      114   78.48%
*     0+    0                         1306.7323     1125.4405            13.87%
*     0+    0                         1128.6405     1125.4405             0.28%
      0     0     1128.4403     1     1128.6405      Cuts: 17      120    0.02%
      0     0        cutoff           1128.6405                    120    0.00%
Elapsed time = 0.15 sec. (129.15 ticks, tree = 0.01 MB, solutions = 3)

Clique cuts applied:  2
Cover cuts applied:  10
Gomory fractional cuts applied:  5

Root node processing (before b&c):
  Real time             =    0.16 sec. (131.03 ticks)
Sequential b&c:
  Real time             =    0.00 sec. (0.00 ticks)
                          ------------
Total (root+branch&cut) =    0.16 sec. (131.03 ticks)

Solution pool: 3 solutions saved.

MIP - Integer optimal solution:  Objective =  1.1286405440e+03
Solution time =    0.16 sec.  Iterations = 120  Nodes = 0
Deterministic time = 131.15 ticks  (831.83 ticks/sec)

CPLEX> Incumbent solution written to file '/tmp/cmpl.T10055.gsol'.
CPLEX> 
CMPL: Time used for model generation: 1 seconds
CMPL: Time used for solving the model: 0 seconds


Solution written to ASCII file: ../results/output_generated_conf_0.3/2017-10-02-5/unequal.sol

Solver - finished
