CMPL model generation - running

CMPL version: 1.11.0
Authors: Thomas Schleiff, Mike Steglich
Distributed under the GPLv3 

create model instance ...
write model instance ...
CMPL model generation - finished

Solver - running


Welcome to IBM(R) ILOG(R) CPLEX(R) Interactive Optimizer 12.7.1.0
  with Simplex, Mixed Integer & Barrier Optimizers
5725-A06 5725-A29 5724-Y48 5724-Y49 5724-Y54 5724-Y55 5655-Y21
Copyright IBM Corp. 1988, 2017.  All Rights Reserved.

Type 'help' for a list of available commands.
Type 'help' followed by a command name for more
information on commands.

CPLEX> Specified objective sense: MINIMIZE
Selected objective  name:  line[1]
Selected RHS        name:  RHS
Selected bound      name:  BOUND
Problem '/tmp/cmpl.T10266.mps' read.
Read time = 0.05 sec. (9.66 ticks)
CPLEX> CPXPARAM_Read_APIEncoding                        "UTF-8"
Tried aggregator 3 times.
MIP Presolve eliminated 19295 rows and 31076 columns.
MIP Presolve modified 476 coefficients.
Aggregator did 639 substitutions.
Reduced MIP has 2676 rows, 4578 columns, and 14914 nonzeros.
Reduced MIP has 4410 binaries, 0 generals, 0 SOSs, and 0 indicators.
Presolve time = 0.06 sec. (53.65 ticks)
Probing fixed 8 vars, tightened 0 bounds.
Probing time = 0.01 sec. (7.71 ticks)
Tried aggregator 1 time.
MIP Presolve eliminated 0 rows and 8 columns.
MIP Presolve modified 41 coefficients.
Reduced MIP has 2676 rows, 4570 columns, and 14898 nonzeros.
Reduced MIP has 4570 binaries, 0 generals, 0 SOSs, and 0 indicators.
Presolve time = 0.01 sec. (10.88 ticks)
Probing time = 0.01 sec. (3.00 ticks)
Clique table members: 9374.
MIP emphasis: balance optimality and feasibility.
MIP search method: dynamic search.
Parallel mode: none, using 1 thread.
Root relaxation solution time = 0.01 sec. (15.81 ticks)

        Nodes                                         Cuts/
   Node  Left     Objective  IInf  Best Integer    Best Bound    ItCnt     Gap

      0     0     1908.3016    11                   1908.3016      798         
*     0+    0                         1911.4445     1908.3016             0.16%
      0     0     1910.5096     2     1911.4445      Cuts: 19      808    0.05%
*     0+    0                         1910.6811     1910.5096             0.01%
      0     0        cutoff           1910.6811     1910.5096      808    0.01%
Elapsed time = 0.19 sec. (169.00 ticks, tree = 0.01 MB, solutions = 2)

GUB cover cuts applied:  2
Clique cuts applied:  1
Cover cuts applied:  10
Gomory fractional cuts applied:  6

Root node processing (before b&c):
  Real time             =    0.19 sec. (170.43 ticks)
Sequential b&c:
  Real time             =    0.00 sec. (0.00 ticks)
                          ------------
Total (root+branch&cut) =    0.19 sec. (170.43 ticks)

Solution pool: 2 solutions saved.

MIP - Integer optimal solution:  Objective =  1.9106810760e+03
Solution time =    0.19 sec.  Iterations = 808  Nodes = 0
Deterministic time = 170.54 ticks  (883.35 ticks/sec)

CPLEX> Incumbent solution written to file '/tmp/cmpl.T10266.gsol'.
CPLEX> 
CMPL: Time used for model generation: 1 seconds
CMPL: Time used for solving the model: 1 seconds


Solution written to ASCII file: ../results/output_generated_conf_0.5/2016-01-04-4/equal.sol

Solver - finished
