CMPL model generation - running

CMPL version: 1.11.0
Authors: Thomas Schleiff, Mike Steglich
Distributed under the GPLv3 

create model instance ...
write model instance ...
CMPL model generation - finished

Solver - running


Welcome to IBM(R) ILOG(R) CPLEX(R) Interactive Optimizer 12.7.1.0
  with Simplex, Mixed Integer & Barrier Optimizers
5725-A06 5725-A29 5724-Y48 5724-Y49 5724-Y54 5724-Y55 5655-Y21
Copyright IBM Corp. 1988, 2017.  All Rights Reserved.

Type 'help' for a list of available commands.
Type 'help' followed by a command name for more
information on commands.

CPLEX> Specified objective sense: MINIMIZE
Selected objective  name:  line[1]
Selected RHS        name:  RHS
Selected bound      name:  BOUND
Problem '/tmp/cmpl.XM9709.mps' read.
Read time = 0.05 sec. (8.85 ticks)
CPLEX> CPXPARAM_Read_APIEncoding                        "UTF-8"
Tried aggregator 3 times.
MIP Presolve eliminated 19402 rows and 30931 columns.
MIP Presolve modified 340 coefficients.
Aggregator did 584 substitutions.
Reduced MIP has 2454 rows, 3163 columns, and 9259 nonzeros.
Reduced MIP has 2995 binaries, 0 generals, 0 SOSs, and 0 indicators.
Presolve time = 0.05 sec. (42.89 ticks)
Found incumbent of value 4070.785207 after 0.06 sec. (55.42 ticks)
Probing fixed 5 vars, tightened 0 bounds.
Probing time = 0.01 sec. (3.97 ticks)
Tried aggregator 1 time.
MIP Presolve eliminated 0 rows and 5 columns.
MIP Presolve modified 18 coefficients.
Reduced MIP has 2454 rows, 3158 columns, and 9249 nonzeros.
Reduced MIP has 3158 binaries, 0 generals, 0 SOSs, and 0 indicators.
Presolve time = 0.01 sec. (7.92 ticks)
Probing time = 0.01 sec. (2.67 ticks)
Clique table members: 5066.
MIP emphasis: balance optimality and feasibility.
MIP search method: dynamic search.
Parallel mode: none, using 1 thread.
Root relaxation solution time = 0.00 sec. (4.21 ticks)

        Nodes                                         Cuts/
   Node  Left     Objective  IInf  Best Integer    Best Bound    ItCnt     Gap

*     0+    0                         4070.7852     -403.5201           109.91%
      0     0      109.3695    21     4070.7852      109.3695       66   97.31%
*     0+    0                          564.5368      109.3695            80.63%
*     0+    0                          115.3695      109.3695             5.20%
      0     0        cutoff            115.3695                     66    0.00%
Elapsed time = 0.11 sec. (87.87 ticks, tree = 0.01 MB, solutions = 3)

Root node processing (before b&c):
  Real time             =    0.11 sec. (89.40 ticks)
Sequential b&c:
  Real time             =    0.00 sec. (0.00 ticks)
                          ------------
Total (root+branch&cut) =    0.11 sec. (89.40 ticks)

Solution pool: 3 solutions saved.

MIP - Integer optimal solution:  Objective =  1.1536954700e+02
Solution time =    0.11 sec.  Iterations = 66  Nodes = 0
Deterministic time = 89.50 ticks  (813.81 ticks/sec)

CPLEX> Incumbent solution written to file '/tmp/cmpl.XM9709.gsol'.
CPLEX> 
CMPL: Time used for model generation: 1 seconds
CMPL: Time used for solving the model: 1 seconds


Solution written to ASCII file: ../results/output_generated_conf_0/2016-06-06-4/unequal.sol

Solver - finished
