CMPL model generation - running

CMPL version: 1.11.0
Authors: Thomas Schleiff, Mike Steglich
Distributed under the GPLv3 

create model instance ...
write model instance ...
CMPL model generation - finished

Solver - running


Welcome to IBM(R) ILOG(R) CPLEX(R) Interactive Optimizer 12.7.1.0
  with Simplex, Mixed Integer & Barrier Optimizers
5725-A06 5725-A29 5724-Y48 5724-Y49 5724-Y54 5724-Y55 5655-Y21
Copyright IBM Corp. 1988, 2017.  All Rights Reserved.

Type 'help' for a list of available commands.
Type 'help' followed by a command name for more
information on commands.

CPLEX> Specified objective sense: MINIMIZE
Selected objective  name:  line[1]
Selected RHS        name:  RHS
Selected bound      name:  BOUND
Problem '/tmp/cmpl.T11441.mps' read.
Read time = 0.06 sec. (11.03 ticks)
CPLEX> CPXPARAM_Read_APIEncoding                        "UTF-8"
Tried aggregator 3 times.
MIP Presolve eliminated 23441 rows and 36373 columns.
MIP Presolve modified 425 coefficients.
Aggregator did 1381 substitutions.
Reduced MIP has 3185 rows, 4786 columns, and 14172 nonzeros.
Reduced MIP has 4576 binaries, 0 generals, 0 SOSs, and 0 indicators.
Presolve time = 0.06 sec. (53.49 ticks)
Found incumbent of value 39981.725779 after 0.11 sec. (95.09 ticks)
Probing time = 0.01 sec. (2.84 ticks)
Tried aggregator 1 time.
MIP Presolve eliminated 0 rows and 25 columns.
Reduced MIP has 3185 rows, 4761 columns, and 14122 nonzeros.
Reduced MIP has 4761 binaries, 0 generals, 0 SOSs, and 0 indicators.
Presolve time = 0.01 sec. (11.95 ticks)
Probing time = 0.01 sec. (2.97 ticks)
Clique table members: 4056.
MIP emphasis: balance optimality and feasibility.
MIP search method: dynamic search.
Parallel mode: none, using 1 thread.
Root relaxation solution time = 0.02 sec. (21.31 ticks)

        Nodes                                         Cuts/
   Node  Left     Objective  IInf  Best Integer    Best Bound    ItCnt     Gap

*     0+    0                        39981.7258        0.0000           100.00%
*     0     0      integral     0    14375.4806    14375.4806     1184    0.00%
Elapsed time = 0.17 sec. (143.96 ticks, tree = 0.00 MB, solutions = 2)

Root node processing (before b&c):
  Real time             =    0.18 sec. (145.58 ticks)
Sequential b&c:
  Real time             =    0.00 sec. (0.00 ticks)
                          ------------
Total (root+branch&cut) =    0.18 sec. (145.58 ticks)

Solution pool: 2 solutions saved.

MIP - Integer optimal solution:  Objective =  1.4375480617e+04
Solution time =    0.18 sec.  Iterations = 1184  Nodes = 0
Deterministic time = 145.70 ticks  (824.98 ticks/sec)

CPLEX> Incumbent solution written to file '/tmp/cmpl.T11441.gsol'.
CPLEX> 
CMPL: Time used for model generation: 1 seconds
CMPL: Time used for solving the model: 1 seconds


Solution written to ASCII file: ../results/output_generated_rate_0.5/2016-10-03-5/unequal.sol

Solver - finished
