CMPL model generation - running

CMPL version: 1.11.0
Authors: Thomas Schleiff, Mike Steglich
Distributed under the GPLv3 

create model instance ...
write model instance ...
CMPL model generation - finished

Solver - running


Welcome to IBM(R) ILOG(R) CPLEX(R) Interactive Optimizer 12.7.1.0
  with Simplex, Mixed Integer & Barrier Optimizers
5725-A06 5725-A29 5724-Y48 5724-Y49 5724-Y54 5724-Y55 5655-Y21
Copyright IBM Corp. 1988, 2017.  All Rights Reserved.

Type 'help' for a list of available commands.
Type 'help' followed by a command name for more
information on commands.

CPLEX> Specified objective sense: MINIMIZE
Selected objective  name:  line[1]
Selected RHS        name:  RHS
Selected bound      name:  BOUND
Problem '/tmp/cmpl.T10760.mps' read.
Read time = 0.06 sec. (11.07 ticks)
CPLEX> CPXPARAM_Read_APIEncoding                        "UTF-8"
Tried aggregator 3 times.
MIP Presolve eliminated 23052 rows and 35595 columns.
MIP Presolve modified 611 coefficients.
Aggregator did 1770 substitutions.
Reduced MIP has 3185 rows, 5175 columns, and 15339 nonzeros.
Reduced MIP has 4965 binaries, 0 generals, 0 SOSs, and 0 indicators.
Presolve time = 0.06 sec. (57.49 ticks)
Found incumbent of value 46851.657529 after 0.12 sec. (107.02 ticks)
Probing time = 0.01 sec. (2.76 ticks)
Tried aggregator 1 time.
MIP Presolve eliminated 0 rows and 67 columns.
Reduced MIP has 3185 rows, 5108 columns, and 15205 nonzeros.
Reduced MIP has 5108 binaries, 0 generals, 0 SOSs, and 0 indicators.
Presolve time = 0.02 sec. (14.14 ticks)
Probing time = 0.01 sec. (2.97 ticks)
Clique table members: 4445.
MIP emphasis: balance optimality and feasibility.
MIP search method: dynamic search.
Parallel mode: none, using 1 thread.
Root relaxation solution time = 0.02 sec. (20.61 ticks)

        Nodes                                         Cuts/
   Node  Left     Objective  IInf  Best Integer    Best Bound    ItCnt     Gap

*     0+    0                        46851.6575        0.0000           100.00%
*     0     0      integral     0    21938.5959    21938.5959     1294    0.00%
Elapsed time = 0.18 sec. (158.19 ticks, tree = 0.00 MB, solutions = 2)

Root node processing (before b&c):
  Real time             =    0.19 sec. (159.82 ticks)
Sequential b&c:
  Real time             =    0.00 sec. (0.00 ticks)
                          ------------
Total (root+branch&cut) =    0.19 sec. (159.82 ticks)

Solution pool: 2 solutions saved.

MIP - Integer optimal solution:  Objective =  2.1938595852e+04
Solution time =    0.19 sec.  Iterations = 1294  Nodes = 0
Deterministic time = 159.94 ticks  (857.69 ticks/sec)

CPLEX> Incumbent solution written to file '/tmp/cmpl.T10760.gsol'.
CPLEX> 
CMPL: Time used for model generation: 1 seconds
CMPL: Time used for solving the model: 1 seconds


Solution written to ASCII file: ../results/output_generated_conf_1/2017-05-01-5/unequal.sol

Solver - finished
