CMPL model generation - running

CMPL version: 1.11.0
Authors: Thomas Schleiff, Mike Steglich
Distributed under the GPLv3 

create model instance ...
write model instance ...
CMPL model generation - finished

Solver - running


Welcome to IBM(R) ILOG(R) CPLEX(R) Interactive Optimizer 12.7.1.0
  with Simplex, Mixed Integer & Barrier Optimizers
5725-A06 5725-A29 5724-Y48 5724-Y49 5724-Y54 5724-Y55 5655-Y21
Copyright IBM Corp. 1988, 2017.  All Rights Reserved.

Type 'help' for a list of available commands.
Type 'help' followed by a command name for more
information on commands.

CPLEX> Specified objective sense: MINIMIZE
Selected objective  name:  line[1]
Selected RHS        name:  RHS
Selected bound      name:  BOUND
Problem '/tmp/cmpl.XM9996.mps' read.
Read time = 0.06 sec. (11.93 ticks)
CPLEX> CPXPARAM_Read_APIEncoding                        "UTF-8"
Tried aggregator 3 times.
MIP Presolve eliminated 24158 rows and 37803 columns.
MIP Presolve modified 463 coefficients.
Aggregator did 717 substitutions.
Reduced MIP has 3302 rows, 5635 columns, and 18584 nonzeros.
Reduced MIP has 5425 binaries, 0 generals, 0 SOSs, and 0 indicators.
Presolve time = 0.07 sec. (60.62 ticks)
Probing fixed 5 vars, tightened 0 bounds.
Probing time = 0.02 sec. (8.72 ticks)
Tried aggregator 1 time.
MIP Presolve eliminated 0 rows and 5 columns.
MIP Presolve modified 23 coefficients.
Reduced MIP has 3302 rows, 5630 columns, and 18574 nonzeros.
Reduced MIP has 5630 binaries, 0 generals, 0 SOSs, and 0 indicators.
Presolve time = 0.01 sec. (13.39 ticks)
Probing time = 0.01 sec. (3.24 ticks)
Clique table members: 7808.
MIP emphasis: balance optimality and feasibility.
MIP search method: dynamic search.
Parallel mode: none, using 1 thread.
Root relaxation solution time = 0.02 sec. (20.31 ticks)

        Nodes                                         Cuts/
   Node  Left     Objective  IInf  Best Integer    Best Bound    ItCnt     Gap

      0     0      741.3086    19                    741.3086     1046         
*     0+    0                         1060.4301      741.3086            30.09%
*     0+    0                          745.6514      741.3086             0.58%
      0     0      745.2569     2      745.6514       Cuts: 9     1050    0.05%
*     0+    0                          745.4916      745.2569             0.03%
      0     0        cutoff            745.4916                   1056    0.00%
Elapsed time = 0.26 sec. (210.01 ticks, tree = 0.01 MB, solutions = 3)

GUB cover cuts applied:  1
Clique cuts applied:  3
Cover cuts applied:  9
Gomory fractional cuts applied:  5

Root node processing (before b&c):
  Real time             =    0.26 sec. (212.05 ticks)
Sequential b&c:
  Real time             =    0.00 sec. (0.00 ticks)
                          ------------
Total (root+branch&cut) =    0.26 sec. (212.05 ticks)

Solution pool: 3 solutions saved.

MIP - Integer optimal solution:  Objective =  7.4549159100e+02
Solution time =    0.26 sec.  Iterations = 1056  Nodes = 0
Deterministic time = 212.18 ticks  (811.13 ticks/sec)

CPLEX> Incumbent solution written to file '/tmp/cmpl.XM9996.gsol'.
CPLEX> 
CMPL: Time used for model generation: 1 seconds
CMPL: Time used for solving the model: 1 seconds


Solution written to ASCII file: ../results/output_generated_conf_0.2/2017-07-03-5/equal.sol

Solver - finished
