CMPL model generation - running

CMPL version: 1.11.0
Authors: Thomas Schleiff, Mike Steglich
Distributed under the GPLv3 

create model instance ...
write model instance ...
CMPL model generation - finished

Solver - running


Welcome to IBM(R) ILOG(R) CPLEX(R) Interactive Optimizer 12.7.1.0
  with Simplex, Mixed Integer & Barrier Optimizers
5725-A06 5725-A29 5724-Y48 5724-Y49 5724-Y54 5724-Y55 5655-Y21
Copyright IBM Corp. 1988, 2017.  All Rights Reserved.

Type 'help' for a list of available commands.
Type 'help' followed by a command name for more
information on commands.

CPLEX> Specified objective sense: MINIMIZE
Selected objective  name:  line[1]
Selected RHS        name:  RHS
Selected bound      name:  BOUND
Problem '/tmp/cmpl.XM9945.mps' read.
Read time = 0.06 sec. (10.97 ticks)
CPLEX> CPXPARAM_Read_APIEncoding                        "UTF-8"
Tried aggregator 3 times.
MIP Presolve eliminated 24158 rows and 37803 columns.
MIP Presolve modified 425 coefficients.
Aggregator did 717 substitutions.
Reduced MIP has 3132 rows, 4020 columns, and 11904 nonzeros.
Reduced MIP has 3810 binaries, 0 generals, 0 SOSs, and 0 indicators.
Presolve time = 0.06 sec. (53.38 ticks)
Found incumbent of value 11191.861656 after 0.11 sec. (119.23 ticks)
Probing fixed 5 vars, tightened 0 bounds.
Probing time = 0.01 sec. (5.21 ticks)
Tried aggregator 1 time.
MIP Presolve eliminated 0 rows and 5 columns.
MIP Presolve modified 23 coefficients.
Reduced MIP has 3132 rows, 4015 columns, and 11894 nonzeros.
Reduced MIP has 4015 binaries, 0 generals, 0 SOSs, and 0 indicators.
Presolve time = 0.01 sec. (10.01 ticks)
Probing time = 0.01 sec. (2.82 ticks)
Clique table members: 7310.
MIP emphasis: balance optimality and feasibility.
MIP search method: dynamic search.
Parallel mode: none, using 1 thread.
Root relaxation solution time = 0.00 sec. (5.42 ticks)

        Nodes                                         Cuts/
   Node  Left     Objective  IInf  Best Integer    Best Bound    ItCnt     Gap

*     0+    0                        11191.8617     -463.3027           104.14%
      0     0      726.4971    19    11191.8617      726.4971       88   93.51%
*     0+    0                         1006.3749      726.4971            27.81%
*     0+    0                          730.8400      726.4971             0.59%
      0     0      730.4540     1      730.8400       Cuts: 9       92    0.05%
*     0+    0                          730.6802      730.4540             0.03%
      0     0        cutoff            730.6802                     93    0.00%
Elapsed time = 0.17 sec. (170.24 ticks, tree = 0.01 MB, solutions = 4)

GUB cover cuts applied:  1
Cover cuts applied:  5
Gomory fractional cuts applied:  3

Root node processing (before b&c):
  Real time             =    0.18 sec. (172.41 ticks)
Sequential b&c:
  Real time             =    0.00 sec. (0.00 ticks)
                          ------------
Total (root+branch&cut) =    0.18 sec. (172.41 ticks)

Solution pool: 4 solutions saved.

MIP - Integer optimal solution:  Objective =  7.3068016000e+02
Solution time =    0.18 sec.  Iterations = 93  Nodes = 0
Deterministic time = 172.53 ticks  (979.58 ticks/sec)

CPLEX> Incumbent solution written to file '/tmp/cmpl.XM9945.gsol'.
CPLEX> 
CMPL: Time used for model generation: 1 seconds
CMPL: Time used for solving the model: 1 seconds


Solution written to ASCII file: ../results/output_generated_conf_0.2/2017-07-03-5/unequal.sol

Solver - finished
