CMPL model generation - running

CMPL version: 1.11.0
Authors: Thomas Schleiff, Mike Steglich
Distributed under the GPLv3 

create model instance ...
write model instance ...
CMPL model generation - finished

Solver - running


Welcome to IBM(R) ILOG(R) CPLEX(R) Interactive Optimizer 12.7.1.0
  with Simplex, Mixed Integer & Barrier Optimizers
5725-A06 5725-A29 5724-Y48 5724-Y49 5724-Y54 5724-Y55 5655-Y21
Copyright IBM Corp. 1988, 2017.  All Rights Reserved.

Type 'help' for a list of available commands.
Type 'help' followed by a command name for more
information on commands.

CPLEX> Specified objective sense: MINIMIZE
Selected objective  name:  line[1]
Selected RHS        name:  RHS
Selected bound      name:  BOUND
Problem '/tmp/cmpl.T11272.mps' read.
Read time = 0.07 sec. (11.97 ticks)
CPLEX> CPXPARAM_Read_APIEncoding                        "UTF-8"
Tried aggregator 3 times.
MIP Presolve eliminated 23704 rows and 36899 columns.
MIP Presolve modified 661 coefficients.
Aggregator did 1118 substitutions.
Reduced MIP has 3355 rows, 6138 columns, and 20063 nonzeros.
Reduced MIP has 5928 binaries, 0 generals, 0 SOSs, and 0 indicators.
Presolve time = 0.07 sec. (61.58 ticks)
Probing time = 0.01 sec. (3.29 ticks)
Tried aggregator 1 time.
MIP Presolve eliminated 0 rows and 7 columns.
Reduced MIP has 3355 rows, 6131 columns, and 20049 nonzeros.
Reduced MIP has 6131 binaries, 0 generals, 0 SOSs, and 0 indicators.
Presolve time = 0.02 sec. (14.52 ticks)
Probing time = 0.01 sec. (3.36 ticks)
Clique table members: 3878.
MIP emphasis: balance optimality and feasibility.
MIP search method: dynamic search.
Parallel mode: none, using 1 thread.
Root relaxation solution time = 0.04 sec. (27.92 ticks)

        Nodes                                         Cuts/
   Node  Left     Objective  IInf  Best Integer    Best Bound    ItCnt     Gap

      0     0     9418.6698    16                   9418.6698     1425         
*     0+    0                         9419.0284     9418.6698             0.00%

Root node processing (before b&c):
  Real time             =    0.24 sec. (190.69 ticks)
Sequential b&c:
  Real time             =    0.00 sec. (0.00 ticks)
                          ------------
Total (root+branch&cut) =    0.24 sec. (190.69 ticks)

Solution pool: 1 solution saved.

MIP - Integer optimal, tolerance (0.0001/1e-06):  Objective =  9.4190284180e+03
Current MIP best bound =  9.4186698350e+03 (gap = 0.358583, 0.00%)
Solution time =    0.24 sec.  Iterations = 1425  Nodes = 0 (1)
Deterministic time = 190.81 ticks  (800.17 ticks/sec)

CPLEX> Incumbent solution written to file '/tmp/cmpl.T11272.gsol'.
CPLEX> 
CMPL: Time used for model generation: 1 seconds
CMPL: Time used for solving the model: 1 seconds


Solution written to ASCII file: ../results/output_generated_rate_0.3/2016-05-02-5/equal.sol

Solver - finished
