CMPL model generation - running

CMPL version: 1.11.0
Authors: Thomas Schleiff, Mike Steglich
Distributed under the GPLv3 

create model instance ...
write model instance ...
CMPL model generation - finished

Solver - running


Welcome to IBM(R) ILOG(R) CPLEX(R) Interactive Optimizer 12.7.1.0
  with Simplex, Mixed Integer & Barrier Optimizers
5725-A06 5725-A29 5724-Y48 5724-Y49 5724-Y54 5724-Y55 5655-Y21
Copyright IBM Corp. 1988, 2017.  All Rights Reserved.

Type 'help' for a list of available commands.
Type 'help' followed by a command name for more
information on commands.

CPLEX> Specified objective sense: MINIMIZE
Selected objective  name:  line[1]
Selected RHS        name:  RHS
Selected bound      name:  BOUND
Problem '/tmp/cmpl.T11803.mps' read.
Read time = 0.06 sec. (12.03 ticks)
CPLEX> CPXPARAM_Read_APIEncoding                        "UTF-8"
Tried aggregator 3 times.
MIP Presolve eliminated 23198 rows and 35887 columns.
MIP Presolve modified 993 coefficients.
Aggregator did 1624 substitutions.
Reduced MIP has 3355 rows, 6644 columns, and 21581 nonzeros.
Reduced MIP has 6434 binaries, 0 generals, 0 SOSs, and 0 indicators.
Presolve time = 0.07 sec. (65.69 ticks)
Found incumbent of value 44810.542431 after 0.13 sec. (114.62 ticks)
Probing time = 0.01 sec. (3.20 ticks)
Tried aggregator 1 time.
MIP Presolve eliminated 0 rows and 43 columns.
Reduced MIP has 3355 rows, 6601 columns, and 21495 nonzeros.
Reduced MIP has 6601 binaries, 0 generals, 0 SOSs, and 0 indicators.
Presolve time = 0.02 sec. (17.05 ticks)
Probing time = 0.01 sec. (3.38 ticks)
Clique table members: 4384.
MIP emphasis: balance optimality and feasibility.
MIP search method: dynamic search.
Parallel mode: none, using 1 thread.
Root relaxation solution time = 0.06 sec. (51.83 ticks)

        Nodes                                         Cuts/
   Node  Left     Objective  IInf  Best Integer    Best Bound    ItCnt     Gap

*     0+    0                        44810.5424        0.0000           100.00%
*     0     0      integral     0    19086.4075    19086.4075     2876    0.00%
Elapsed time = 0.25 sec. (203.70 ticks, tree = 0.00 MB, solutions = 2)

Root node processing (before b&c):
  Real time             =    0.25 sec. (205.41 ticks)
Sequential b&c:
  Real time             =    0.00 sec. (0.00 ticks)
                          ------------
Total (root+branch&cut) =    0.25 sec. (205.41 ticks)

Solution pool: 2 solutions saved.

MIP - Integer optimal solution:  Objective =  1.9086407460e+04
Solution time =    0.25 sec.  Iterations = 2876  Nodes = 0
Deterministic time = 205.54 ticks  (812.46 ticks/sec)

CPLEX> Incumbent solution written to file '/tmp/cmpl.T11803.gsol'.
CPLEX> 
CMPL: Time used for model generation: 1 seconds
CMPL: Time used for solving the model: 1 seconds


Solution written to ASCII file: ../results/output_generated_rate_0.8/2016-08-01-5/equal.sol

Solver - finished
