CMPL model generation - running

CMPL version: 1.11.0
Authors: Thomas Schleiff, Mike Steglich
Distributed under the GPLv3 

create model instance ...
write model instance ...
CMPL model generation - finished

Solver - running


Welcome to IBM(R) ILOG(R) CPLEX(R) Interactive Optimizer 12.7.1.0
  with Simplex, Mixed Integer & Barrier Optimizers
5725-A06 5725-A29 5724-Y48 5724-Y49 5724-Y54 5724-Y55 5655-Y21
Copyright IBM Corp. 1988, 2017.  All Rights Reserved.

Type 'help' for a list of available commands.
Type 'help' followed by a command name for more
information on commands.

CPLEX> Specified objective sense: MINIMIZE
Selected objective  name:  line[1]
Selected RHS        name:  RHS
Selected bound      name:  BOUND
Problem '/tmp/cmpl.T11611.mps' read.
Read time = 0.06 sec. (12.01 ticks)
CPLEX> CPXPARAM_Read_APIEncoding                        "UTF-8"
Tried aggregator 3 times.
MIP Presolve eliminated 23326 rows and 36143 columns.
MIP Presolve modified 867 coefficients.
Aggregator did 1496 substitutions.
Reduced MIP has 3355 rows, 6516 columns, and 21197 nonzeros.
Reduced MIP has 6306 binaries, 0 generals, 0 SOSs, and 0 indicators.
Presolve time = 0.07 sec. (63.85 ticks)
Found incumbent of value 41413.299873 after 0.13 sec. (111.80 ticks)
Probing time = 0.01 sec. (3.24 ticks)
Tried aggregator 1 time.
MIP Presolve eliminated 0 rows and 41 columns.
Reduced MIP has 3355 rows, 6475 columns, and 21115 nonzeros.
Reduced MIP has 6475 binaries, 0 generals, 0 SOSs, and 0 indicators.
Presolve time = 0.02 sec. (16.56 ticks)
Probing time = 0.01 sec. (3.38 ticks)
Clique table members: 4256.
MIP emphasis: balance optimality and feasibility.
MIP search method: dynamic search.
Parallel mode: none, using 1 thread.
Root relaxation solution time = 0.04 sec. (44.13 ticks)

        Nodes                                         Cuts/
   Node  Left     Objective  IInf  Best Integer    Best Bound    ItCnt     Gap

*     0+    0                        41413.2999        0.0000           100.00%
*     0     0      integral     0    16616.1452    16616.1452     2357    0.00%
Elapsed time = 0.22 sec. (192.51 ticks, tree = 0.00 MB, solutions = 2)

Root node processing (before b&c):
  Real time             =    0.23 sec. (194.22 ticks)
Sequential b&c:
  Real time             =    0.00 sec. (0.00 ticks)
                          ------------
Total (root+branch&cut) =    0.23 sec. (194.22 ticks)

Solution pool: 2 solutions saved.

MIP - Integer optimal solution:  Objective =  1.6616145186e+04
Solution time =    0.23 sec.  Iterations = 2357  Nodes = 0
Deterministic time = 194.35 ticks  (860.32 ticks/sec)

CPLEX> Incumbent solution written to file '/tmp/cmpl.T11611.gsol'.
CPLEX> 
CMPL: Time used for model generation: 1 seconds
CMPL: Time used for solving the model: 1 seconds


Solution written to ASCII file: ../results/output_generated_rate_0.6/2017-05-01-5/equal.sol

Solver - finished
