CMPL model generation - running

CMPL version: 1.11.0
Authors: Thomas Schleiff, Mike Steglich
Distributed under the GPLv3 

create model instance ...
write model instance ...
CMPL model generation - finished

Solver - running


Welcome to IBM(R) ILOG(R) CPLEX(R) Interactive Optimizer 12.7.1.0
  with Simplex, Mixed Integer & Barrier Optimizers
5725-A06 5725-A29 5724-Y48 5724-Y49 5724-Y54 5724-Y55 5655-Y21
Copyright IBM Corp. 1988, 2017.  All Rights Reserved.

Type 'help' for a list of available commands.
Type 'help' followed by a command name for more
information on commands.

CPLEX> Specified objective sense: MINIMIZE
Selected objective  name:  line[1]
Selected RHS        name:  RHS
Selected bound      name:  BOUND
Problem '/tmp/cmpl.T10302.mps' read.
Read time = 0.06 sec. (11.94 ticks)
CPLEX> CPXPARAM_Read_APIEncoding                        "UTF-8"
Tried aggregator 3 times.
MIP Presolve eliminated 24065 rows and 37631 columns.
MIP Presolve modified 490 coefficients.
Aggregator did 773 substitutions.
Reduced MIP has 3339 rows, 5751 columns, and 18924 nonzeros.
Reduced MIP has 5541 binaries, 0 generals, 0 SOSs, and 0 indicators.
Presolve time = 0.07 sec. (58.92 ticks)
Found incumbent of value 27494.078109 after 0.12 sec. (105.59 ticks)
Probing fixed 11 vars, tightened 0 bounds.
Probing time = 0.02 sec. (10.08 ticks)
Tried aggregator 2 times.
MIP Presolve eliminated 5 rows and 11 columns.
MIP Presolve modified 71 coefficients.
Aggregator did 3 substitutions.
Reduced MIP has 3331 rows, 5737 columns, and 18885 nonzeros.
Reduced MIP has 5737 binaries, 0 generals, 0 SOSs, and 0 indicators.
Presolve time = 0.02 sec. (17.09 ticks)
Probing time = 0.01 sec. (3.25 ticks)
Clique table members: 11709.
MIP emphasis: balance optimality and feasibility.
MIP search method: dynamic search.
Parallel mode: none, using 1 thread.
Root relaxation solution time = 0.02 sec. (18.13 ticks)

        Nodes                                         Cuts/
   Node  Left     Objective  IInf  Best Integer    Best Bound    ItCnt     Gap

*     0+    0                        27494.0781     -201.2846           100.73%
      0     0     2358.4522     9    27494.0781     2358.4522      957   91.42%
*     0+    0                         2438.4665     2358.4522             3.28%
*     0+    0                         2360.5093     2358.4522             0.09%
      0     0     2359.9528     1     2360.5093      Cuts: 16      970    0.02%
*     0+    0                         2360.1805     2359.9528             0.01%
      0     0        cutoff           2360.1805     2359.9528      970    0.01%
Elapsed time = 0.22 sec. (191.29 ticks, tree = 0.01 MB, solutions = 4)

GUB cover cuts applied:  1
Clique cuts applied:  1
Cover cuts applied:  9
Gomory fractional cuts applied:  5

Root node processing (before b&c):
  Real time             =    0.23 sec. (193.63 ticks)
Sequential b&c:
  Real time             =    0.00 sec. (0.00 ticks)
                          ------------
Total (root+branch&cut) =    0.23 sec. (193.63 ticks)

Solution pool: 4 solutions saved.

MIP - Integer optimal solution:  Objective =  2.3601805380e+03
Solution time =    0.23 sec.  Iterations = 970  Nodes = 0
Deterministic time = 193.75 ticks  (854.43 ticks/sec)

CPLEX> Incumbent solution written to file '/tmp/cmpl.T10302.gsol'.
CPLEX> 
CMPL: Time used for model generation: 1 seconds
CMPL: Time used for solving the model: 1 seconds


Solution written to ASCII file: ../results/output_generated_conf_0.5/2017-07-03-5/equal.sol

Solver - finished
