CMPL model generation - running

CMPL version: 1.11.0
Authors: Thomas Schleiff, Mike Steglich
Distributed under the GPLv3 

create model instance ...
write model instance ...
CMPL model generation - finished

Solver - running


Welcome to IBM(R) ILOG(R) CPLEX(R) Interactive Optimizer 12.7.1.0
  with Simplex, Mixed Integer & Barrier Optimizers
5725-A06 5725-A29 5724-Y48 5724-Y49 5724-Y54 5724-Y55 5655-Y21
Copyright IBM Corp. 1988, 2017.  All Rights Reserved.

Type 'help' for a list of available commands.
Type 'help' followed by a command name for more
information on commands.

CPLEX> Specified objective sense: MINIMIZE
Selected objective  name:  line[1]
Selected RHS        name:  RHS
Selected bound      name:  BOUND
Problem '/tmp/cmpl.T10254.mps' read.
Read time = 0.06 sec. (10.97 ticks)
CPLEX> CPXPARAM_Read_APIEncoding                        "UTF-8"
Tried aggregator 3 times.
MIP Presolve eliminated 24070 rows and 37631 columns.
MIP Presolve modified 425 coefficients.
Aggregator did 776 substitutions.
Reduced MIP has 3161 rows, 4133 columns, and 12227 nonzeros.
Reduced MIP has 3923 binaries, 0 generals, 0 SOSs, and 0 indicators.
Presolve time = 0.06 sec. (51.75 ticks)
Found incumbent of value 9935.726524 after 0.09 sec. (76.21 ticks)
Probing fixed 11 vars, tightened 0 bounds.
Probing time = 0.01 sec. (5.36 ticks)
Tried aggregator 1 time.
MIP Presolve eliminated 0 rows and 11 columns.
MIP Presolve modified 56 coefficients.
Reduced MIP has 3161 rows, 4122 columns, and 12205 nonzeros.
Reduced MIP has 4122 binaries, 0 generals, 0 SOSs, and 0 indicators.
Presolve time = 0.01 sec. (10.27 ticks)
Probing time = 0.01 sec. (2.84 ticks)
Clique table members: 7531.
MIP emphasis: balance optimality and feasibility.
MIP search method: dynamic search.
Parallel mode: none, using 1 thread.
Root relaxation solution time = 0.01 sec. (6.42 ticks)

        Nodes                                         Cuts/
   Node  Left     Objective  IInf  Best Integer    Best Bound    ItCnt     Gap

*     0+    0                         9935.7265     -201.2846           102.03%
      0     0     2344.7114     9     9935.7265     2344.7114      206   76.40%
*     0+    0                         2404.9475     2344.7114             2.50%
*     0+    0                         2346.7685     2344.7114             0.09%
      0     0     2346.1662     1     2346.7685      Cuts: 16      218    0.03%
*     0+    0                         2346.3940     2346.1662             0.01%
      0     0        cutoff           2346.3940     2346.1662      218    0.01%
Elapsed time = 0.16 sec. (127.95 ticks, tree = 0.01 MB, solutions = 4)

GUB cover cuts applied:  1
Clique cuts applied:  1
Cover cuts applied:  9
Gomory fractional cuts applied:  5

Root node processing (before b&c):
  Real time             =    0.16 sec. (130.12 ticks)
Sequential b&c:
  Real time             =    0.00 sec. (0.00 ticks)
                          ------------
Total (root+branch&cut) =    0.16 sec. (130.12 ticks)

Solution pool: 4 solutions saved.

MIP - Integer optimal solution:  Objective =  2.3463940160e+03
Solution time =    0.16 sec.  Iterations = 218  Nodes = 0
Deterministic time = 130.24 ticks  (807.74 ticks/sec)

CPLEX> Incumbent solution written to file '/tmp/cmpl.T10254.gsol'.
CPLEX> 
CMPL: Time used for model generation: 1 seconds
CMPL: Time used for solving the model: 1 seconds


Solution written to ASCII file: ../results/output_generated_conf_0.5/2017-07-03-5/unequal.sol

Solver - finished
