CMPL model generation - running

CMPL version: 1.11.0
Authors: Thomas Schleiff, Mike Steglich
Distributed under the GPLv3 

create model instance ...
write model instance ...
CMPL model generation - finished

Solver - running


Welcome to IBM(R) ILOG(R) CPLEX(R) Interactive Optimizer 12.7.1.0
  with Simplex, Mixed Integer & Barrier Optimizers
5725-A06 5725-A29 5724-Y48 5724-Y49 5724-Y54 5724-Y55 5655-Y21
Copyright IBM Corp. 1988, 2017.  All Rights Reserved.

Type 'help' for a list of available commands.
Type 'help' followed by a command name for more
information on commands.

CPLEX> Specified objective sense: MINIMIZE
Selected objective  name:  line[1]
Selected RHS        name:  RHS
Selected bound      name:  BOUND
Problem '/tmp/cmpl.T11391.mps' read.
Read time = 0.06 sec. (11.99 ticks)
CPLEX> CPXPARAM_Read_APIEncoding                        "UTF-8"
Tried aggregator 3 times.
MIP Presolve eliminated 23576 rows and 36645 columns.
MIP Presolve modified 726 coefficients.
Aggregator did 1245 substitutions.
Reduced MIP has 3356 rows, 6265 columns, and 20448 nonzeros.
Reduced MIP has 6055 binaries, 0 generals, 0 SOSs, and 0 indicators.
Presolve time = 0.07 sec. (62.29 ticks)
Found incumbent of value 36189.644309 after 0.13 sec. (108.82 ticks)
Probing time = 0.01 sec. (3.27 ticks)
Tried aggregator 1 time.
MIP Presolve eliminated 1 rows and 17 columns.
MIP Presolve modified 3 coefficients.
Reduced MIP has 3355 rows, 6248 columns, and 20410 nonzeros.
Reduced MIP has 6248 binaries, 0 generals, 0 SOSs, and 0 indicators.
Presolve time = 0.02 sec. (16.53 ticks)
Probing time = 0.01 sec. (3.37 ticks)
Clique table members: 4005.
MIP emphasis: balance optimality and feasibility.
MIP search method: dynamic search.
Parallel mode: none, using 1 thread.
Root relaxation solution time = 0.04 sec. (32.26 ticks)

        Nodes                                         Cuts/
   Node  Left     Objective  IInf  Best Integer    Best Bound    ItCnt     Gap

*     0+    0                        36189.6443        0.0000           100.00%
*     0     0      integral     0    11829.7386    11829.7386     1672    0.00%
Elapsed time = 0.21 sec. (177.30 ticks, tree = 0.00 MB, solutions = 2)

Root node processing (before b&c):
  Real time             =    0.22 sec. (179.02 ticks)
Sequential b&c:
  Real time             =    0.00 sec. (0.00 ticks)
                          ------------
Total (root+branch&cut) =    0.22 sec. (179.02 ticks)

Solution pool: 2 solutions saved.

MIP - Integer optimal solution:  Objective =  1.1829738578e+04
Solution time =    0.22 sec.  Iterations = 1672  Nodes = 0
Deterministic time = 179.14 ticks  (829.34 ticks/sec)

CPLEX> Incumbent solution written to file '/tmp/cmpl.T11391.gsol'.
CPLEX> 
CMPL: Time used for model generation: 1 seconds
CMPL: Time used for solving the model: 1 seconds


Solution written to ASCII file: ../results/output_generated_rate_0.4/2016-12-05-5/equal.sol

Solver - finished
