CMPL model generation - running

CMPL version: 1.11.0
Authors: Thomas Schleiff, Mike Steglich
Distributed under the GPLv3 

create model instance ...
write model instance ...
CMPL model generation - finished

Solver - running


Welcome to IBM(R) ILOG(R) CPLEX(R) Interactive Optimizer 12.7.1.0
  with Simplex, Mixed Integer & Barrier Optimizers
5725-A06 5725-A29 5724-Y48 5724-Y49 5724-Y54 5724-Y55 5655-Y21
Copyright IBM Corp. 1988, 2017.  All Rights Reserved.

Type 'help' for a list of available commands.
Type 'help' followed by a command name for more
information on commands.

CPLEX> Specified objective sense: MINIMIZE
Selected objective  name:  line[1]
Selected RHS        name:  RHS
Selected bound      name:  BOUND
Problem '/tmp/cmpl.T11010.mps' read.
Read time = 0.05 sec. (8.85 ticks)
CPLEX> CPXPARAM_Read_APIEncoding                        "UTF-8"
Tried aggregator 3 times.
MIP Presolve eliminated 19329 rows and 30805 columns.
MIP Presolve modified 340 coefficients.
Aggregator did 625 substitutions.
Reduced MIP has 2486 rows, 3248 columns, and 9480 nonzeros.
Reduced MIP has 3080 binaries, 0 generals, 0 SOSs, and 0 indicators.
Presolve time = 0.04 sec. (41.43 ticks)
Found incumbent of value 13970.929819 after 0.07 sec. (58.07 ticks)
Probing fixed 9 vars, tightened 0 bounds.
Probing time = 0.01 sec. (4.19 ticks)
Tried aggregator 1 time.
MIP Presolve eliminated 0 rows and 9 columns.
MIP Presolve modified 34 coefficients.
Reduced MIP has 2486 rows, 3239 columns, and 9462 nonzeros.
Reduced MIP has 3239 binaries, 0 generals, 0 SOSs, and 0 indicators.
Presolve time = 0.01 sec. (8.02 ticks)
Probing time = 0.01 sec. (2.68 ticks)
Clique table members: 5871.
MIP emphasis: balance optimality and feasibility.
MIP search method: dynamic search.
Parallel mode: none, using 1 thread.
Root relaxation solution time = 0.00 sec. (5.10 ticks)

        Nodes                                         Cuts/
   Node  Left     Objective  IInf  Best Integer    Best Bound    ItCnt     Gap

*     0+    0                        13970.9298     -442.7936           103.17%
      0     0     1911.1433     9    13970.9298     1911.1433      200   86.32%
*     0+    0                         1913.7147     1911.1433             0.13%
      0     0     1912.0881     4     1913.7147      Cuts: 27      211    0.08%
*     0+    0                         1913.2309     1912.0881             0.06%
      0     0     1912.3783     1     1913.2309      Cuts: 12      226    0.04%
*     0+    0                         1912.3809     1912.3783             0.00%
      0     0        cutoff           1912.3809     1912.3783      226    0.00%
Elapsed time = 0.13 sec. (104.61 ticks, tree = 0.01 MB, solutions = 4)

GUB cover cuts applied:  3
Clique cuts applied:  3
Cover cuts applied:  21
Gomory fractional cuts applied:  12

Root node processing (before b&c):
  Real time             =    0.13 sec. (106.38 ticks)
Sequential b&c:
  Real time             =    0.00 sec. (0.00 ticks)
                          ------------
Total (root+branch&cut) =    0.13 sec. (106.38 ticks)

Solution pool: 4 solutions saved.

MIP - Integer optimal solution:  Objective =  1.9123809380e+03
Solution time =    0.13 sec.  Iterations = 226  Nodes = 0
Deterministic time = 106.48 ticks  (830.54 ticks/sec)

CPLEX> Incumbent solution written to file '/tmp/cmpl.T11010.gsol'.
CPLEX> 
CMPL: Time used for model generation: 1 seconds
CMPL: Time used for solving the model: 1 seconds


Solution written to ASCII file: ../results/output_generated_rate_0.1/2016-03-07-4/unequal.sol

Solver - finished
