CMPL model generation - running

CMPL version: 1.11.0
Authors: Thomas Schleiff, Mike Steglich
Distributed under the GPLv3 

create model instance ...
write model instance ...
CMPL model generation - finished

Solver - running


Welcome to IBM(R) ILOG(R) CPLEX(R) Interactive Optimizer 12.7.1.0
  with Simplex, Mixed Integer & Barrier Optimizers
5725-A06 5725-A29 5724-Y48 5724-Y49 5724-Y54 5724-Y55 5655-Y21
Copyright IBM Corp. 1988, 2017.  All Rights Reserved.

Type 'help' for a list of available commands.
Type 'help' followed by a command name for more
information on commands.

CPLEX> Specified objective sense: MINIMIZE
Selected objective  name:  line[1]
Selected RHS        name:  RHS
Selected bound      name:  BOUND
Problem '/tmp/cmpl.T12005.mps' read.
Read time = 0.06 sec. (12.04 ticks)
CPLEX> CPXPARAM_Read_APIEncoding                        "UTF-8"
Tried aggregator 3 times.
MIP Presolve eliminated 23088 rows and 35667 columns.
MIP Presolve modified 1073 coefficients.
Aggregator did 1734 substitutions.
Reduced MIP has 3355 rows, 6754 columns, and 21911 nonzeros.
Reduced MIP has 6544 binaries, 0 generals, 0 SOSs, and 0 indicators.
Presolve time = 0.07 sec. (66.38 ticks)
Found incumbent of value 46131.886142 after 0.14 sec. (116.82 ticks)
Probing time = 0.01 sec. (3.19 ticks)
Tried aggregator 1 time.
MIP Presolve eliminated 0 rows and 60 columns.
Reduced MIP has 3355 rows, 6694 columns, and 21791 nonzeros.
Reduced MIP has 6694 binaries, 0 generals, 0 SOSs, and 0 indicators.
Presolve time = 0.03 sec. (18.57 ticks)
Probing time = 0.01 sec. (3.38 ticks)
Clique table members: 4494.
MIP emphasis: balance optimality and feasibility.
MIP search method: dynamic search.
Parallel mode: none, using 1 thread.
Root relaxation solution time = 0.05 sec. (44.87 ticks)

        Nodes                                         Cuts/
   Node  Left     Objective  IInf  Best Integer    Best Bound    ItCnt     Gap

*     0+    0                        46131.8861        0.0000           100.00%
*     0     0      integral     0    21210.7881    21210.7881     2489    0.00%
Elapsed time = 0.26 sec. (200.62 ticks, tree = 0.00 MB, solutions = 2)

Root node processing (before b&c):
  Real time             =    0.26 sec. (202.33 ticks)
Sequential b&c:
  Real time             =    0.00 sec. (0.00 ticks)
                          ------------
Total (root+branch&cut) =    0.26 sec. (202.33 ticks)

Solution pool: 2 solutions saved.

MIP - Integer optimal solution:  Objective =  2.1210788073e+04
Solution time =    0.26 sec.  Iterations = 2489  Nodes = 0
Deterministic time = 202.46 ticks  (780.99 ticks/sec)

CPLEX> Incumbent solution written to file '/tmp/cmpl.T12005.gsol'.
CPLEX> 
CMPL: Time used for model generation: 1 seconds
CMPL: Time used for solving the model: 1 seconds


Solution written to ASCII file: ../results/output_generated_rate_1/2016-05-02-5/equal.sol

Solver - finished
