CMPL model generation - running

CMPL version: 1.11.0
Authors: Thomas Schleiff, Mike Steglich
Distributed under the GPLv3 

create model instance ...
write model instance ...
CMPL model generation - finished

Solver - running


Welcome to IBM(R) ILOG(R) CPLEX(R) Interactive Optimizer 12.7.1.0
  with Simplex, Mixed Integer & Barrier Optimizers
5725-A06 5725-A29 5724-Y48 5724-Y49 5724-Y54 5724-Y55 5655-Y21
Copyright IBM Corp. 1988, 2017.  All Rights Reserved.

Type 'help' for a list of available commands.
Type 'help' followed by a command name for more
information on commands.

CPLEX> Specified objective sense: MINIMIZE
Selected objective  name:  line[1]
Selected RHS        name:  RHS
Selected bound      name:  BOUND
Problem '/tmp/cmpl.T10788.mps' read.
Read time = 0.05 sec. (9.74 ticks)
CPLEX> CPXPARAM_Read_APIEncoding                        "UTF-8"
Tried aggregator 3 times.
MIP Presolve eliminated 18490 rows and 29479 columns.
MIP Presolve modified 1009 coefficients.
Aggregator did 1397 substitutions.
Reduced MIP has 2723 rows, 5417 columns, and 17419 nonzeros.
Reduced MIP has 5249 binaries, 0 generals, 0 SOSs, and 0 indicators.
Presolve time = 0.06 sec. (56.74 ticks)
Found incumbent of value 37092.471235 after 0.13 sec. (97.06 ticks)
Probing time = 0.01 sec. (3.01 ticks)
Tried aggregator 1 time.
MIP Presolve eliminated 0 rows and 48 columns.
Reduced MIP has 2723 rows, 5369 columns, and 17323 nonzeros.
Reduced MIP has 5369 binaries, 0 generals, 0 SOSs, and 0 indicators.
Presolve time = 0.02 sec. (14.58 ticks)
Probing time = 0.01 sec. (3.15 ticks)
Clique table members: 3674.
MIP emphasis: balance optimality and feasibility.
MIP search method: dynamic search.
Parallel mode: none, using 1 thread.
Root relaxation solution time = 0.04 sec. (38.63 ticks)

        Nodes                                         Cuts/
   Node  Left     Objective  IInf  Best Integer    Best Bound    ItCnt     Gap

*     0+    0                        37092.4712        0.0000           100.00%
*     0     0      integral     0    17240.1001    17240.1001     2452    0.00%
Elapsed time = 0.21 sec. (168.48 ticks, tree = 0.00 MB, solutions = 2)

Root node processing (before b&c):
  Real time             =    0.22 sec. (169.89 ticks)
Sequential b&c:
  Real time             =    0.00 sec. (0.00 ticks)
                          ------------
Total (root+branch&cut) =    0.22 sec. (169.89 ticks)

Solution pool: 2 solutions saved.

MIP - Integer optimal solution:  Objective =  1.7240100127e+04
Solution time =    0.22 sec.  Iterations = 2452  Nodes = 0
Deterministic time = 169.99 ticks  (789.15 ticks/sec)

CPLEX> Incumbent solution written to file '/tmp/cmpl.T10788.gsol'.
CPLEX> 
CMPL: Time used for model generation: 1 seconds
CMPL: Time used for solving the model: 1 seconds


Solution written to ASCII file: ../results/output_generated_conf_1/2016-06-06-4/equal.sol

Solver - finished
