CMPL model generation - running

CMPL version: 1.11.0
Authors: Thomas Schleiff, Mike Steglich
Distributed under the GPLv3 

create model instance ...
write model instance ...
CMPL model generation - finished

Solver - running


Welcome to IBM(R) ILOG(R) CPLEX(R) Interactive Optimizer 12.7.1.0
  with Simplex, Mixed Integer & Barrier Optimizers
5725-A06 5725-A29 5724-Y48 5724-Y49 5724-Y54 5724-Y55 5655-Y21
Copyright IBM Corp. 1988, 2017.  All Rights Reserved.

Type 'help' for a list of available commands.
Type 'help' followed by a command name for more
information on commands.

CPLEX> Specified objective sense: MINIMIZE
Selected objective  name:  line[1]
Selected RHS        name:  RHS
Selected bound      name:  BOUND
Problem '/tmp/cmpl.XM9895.mps' read.
Read time = 0.06 sec. (11.93 ticks)
CPLEX> CPXPARAM_Read_APIEncoding                        "UTF-8"
Tried aggregator 3 times.
MIP Presolve eliminated 24177 rows and 37836 columns.
MIP Presolve modified 453 coefficients.
Aggregator did 698 substitutions.
Reduced MIP has 3302 rows, 5621 columns, and 18538 nonzeros.
Reduced MIP has 5411 binaries, 0 generals, 0 SOSs, and 0 indicators.
Presolve time = 0.06 sec. (56.71 ticks)
Found incumbent of value 24943.217894 after 0.11 sec. (98.54 ticks)
Probing fixed 5 vars, tightened 0 bounds.
Probing time = 0.01 sec. (8.69 ticks)
Tried aggregator 1 time.
MIP Presolve eliminated 0 rows and 5 columns.
MIP Presolve modified 20 coefficients.
Reduced MIP has 3302 rows, 5616 columns, and 18528 nonzeros.
Reduced MIP has 5616 binaries, 0 generals, 0 SOSs, and 0 indicators.
Presolve time = 0.01 sec. (13.39 ticks)
Probing time = 0.01 sec. (3.23 ticks)
Clique table members: 7491.
MIP emphasis: balance optimality and feasibility.
MIP search method: dynamic search.
Parallel mode: none, using 1 thread.
Root relaxation solution time = 0.01 sec. (14.99 ticks)

        Nodes                                         Cuts/
   Node  Left     Objective  IInf  Best Integer    Best Bound    ItCnt     Gap

*     0+    0                        24943.2179     -543.1195           102.18%
      0     0      398.9622    22    24943.2179      398.9622      680   98.40%
*     0+    0                          817.2447      398.9622            51.18%
*     0+    0                          403.9908      398.9622             1.24%
      0     0      403.7622     1      403.9908       Cuts: 3      683    0.06%
*     0+    0                          403.7641      403.7622             0.00%
      0     0        cutoff            403.7641      403.7622      683    0.00%
Elapsed time = 0.20 sec. (177.11 ticks, tree = 0.01 MB, solutions = 4)

Cover cuts applied:  2
Gomory fractional cuts applied:  1

Root node processing (before b&c):
  Real time             =    0.20 sec. (179.45 ticks)
Sequential b&c:
  Real time             =    0.00 sec. (0.00 ticks)
                          ------------
Total (root+branch&cut) =    0.20 sec. (179.45 ticks)

Solution pool: 4 solutions saved.

MIP - Integer optimal solution:  Objective =  4.0376410100e+02
Solution time =    0.20 sec.  Iterations = 683  Nodes = 0
Deterministic time = 179.58 ticks  (886.98 ticks/sec)

CPLEX> Incumbent solution written to file '/tmp/cmpl.XM9895.gsol'.
CPLEX> 
CMPL: Time used for model generation: 1 seconds
CMPL: Time used for solving the model: 1 seconds


Solution written to ASCII file: ../results/output_generated_conf_0.1/2017-10-02-5/equal.sol

Solver - finished
