CMPL model generation - running

CMPL version: 1.11.0
Authors: Thomas Schleiff, Mike Steglich
Distributed under the GPLv3 

create model instance ...
write model instance ...
CMPL model generation - finished

Solver - running


Welcome to IBM(R) ILOG(R) CPLEX(R) Interactive Optimizer 12.7.1.0
  with Simplex, Mixed Integer & Barrier Optimizers
5725-A06 5725-A29 5724-Y48 5724-Y49 5724-Y54 5724-Y55 5655-Y21
Copyright IBM Corp. 1988, 2017.  All Rights Reserved.

Type 'help' for a list of available commands.
Type 'help' followed by a command name for more
information on commands.

CPLEX> Specified objective sense: MINIMIZE
Selected objective  name:  line[1]
Selected RHS        name:  RHS
Selected bound      name:  BOUND
Problem '/tmp/cmpl.XM9845.mps' read.
Read time = 0.06 sec. (10.96 ticks)
CPLEX> CPXPARAM_Read_APIEncoding                        "UTF-8"
Tried aggregator 3 times.
MIP Presolve eliminated 24177 rows and 37836 columns.
MIP Presolve modified 425 coefficients.
Aggregator did 698 substitutions.
Reduced MIP has 3132 rows, 4006 columns, and 11858 nonzeros.
Reduced MIP has 3796 binaries, 0 generals, 0 SOSs, and 0 indicators.
Presolve time = 0.06 sec. (51.48 ticks)
Found incumbent of value 2710.149073 after 0.08 sec. (69.33 ticks)
Probing fixed 5 vars, tightened 0 bounds.
Probing time = 0.01 sec. (5.16 ticks)
Tried aggregator 1 time.
MIP Presolve eliminated 0 rows and 5 columns.
MIP Presolve modified 20 coefficients.
Reduced MIP has 3132 rows, 4001 columns, and 11848 nonzeros.
Reduced MIP has 4001 binaries, 0 generals, 0 SOSs, and 0 indicators.
Presolve time = 0.01 sec. (9.99 ticks)
Probing time = 0.01 sec. (2.82 ticks)
Clique table members: 7263.
MIP emphasis: balance optimality and feasibility.
MIP search method: dynamic search.
Parallel mode: none, using 1 thread.
Root relaxation solution time = 0.00 sec. (5.36 ticks)

        Nodes                                         Cuts/
   Node  Left     Objective  IInf  Best Integer    Best Bound    ItCnt     Gap

*     0+    0                         2710.1491     -543.1195           120.04%
      0     0      384.4708    22     2710.1491      384.4708       79   85.81%
*     0+    0                          723.5205      384.4708            46.86%
*     0+    0                          389.4994      384.4708             1.29%
      0     0      389.2708     1      389.4994       Cuts: 9       81    0.06%
*     0+    0                          389.2727      389.2708             0.00%
      0     0        cutoff            389.2727      389.2708       81    0.00%
Elapsed time = 0.15 sec. (120.01 ticks, tree = 0.01 MB, solutions = 4)

Clique cuts applied:  3
Cover cuts applied:  4
Gomory fractional cuts applied:  2

Root node processing (before b&c):
  Real time             =    0.15 sec. (122.17 ticks)
Sequential b&c:
  Real time             =    0.00 sec. (0.00 ticks)
                          ------------
Total (root+branch&cut) =    0.15 sec. (122.17 ticks)

Solution pool: 4 solutions saved.

MIP - Integer optimal solution:  Objective =  3.8927267100e+02
Solution time =    0.15 sec.  Iterations = 81  Nodes = 0
Deterministic time = 122.29 ticks  (819.17 ticks/sec)

CPLEX> Incumbent solution written to file '/tmp/cmpl.XM9845.gsol'.
CPLEX> 
CMPL: Time used for model generation: 1 seconds
CMPL: Time used for solving the model: 0 seconds


Solution written to ASCII file: ../results/output_generated_conf_0.1/2017-10-02-5/unequal.sol

Solver - finished
