CMPL model generation - running

CMPL version: 1.11.0
Authors: Thomas Schleiff, Mike Steglich
Distributed under the GPLv3 

create model instance ...
write model instance ...
CMPL model generation - finished

Solver - running


Welcome to IBM(R) ILOG(R) CPLEX(R) Interactive Optimizer 12.7.1.0
  with Simplex, Mixed Integer & Barrier Optimizers
5725-A06 5725-A29 5724-Y48 5724-Y49 5724-Y54 5724-Y55 5655-Y21
Copyright IBM Corp. 1988, 2017.  All Rights Reserved.

Type 'help' for a list of available commands.
Type 'help' followed by a command name for more
information on commands.

CPLEX> Specified objective sense: MINIMIZE
Selected objective  name:  line[1]
Selected RHS        name:  RHS
Selected bound      name:  BOUND
Problem '/tmp/cmpl.XM9749.mps' read.
Read time = 0.06 sec. (11.93 ticks)
CPLEX> CPXPARAM_Read_APIEncoding                        "UTF-8"
Tried aggregator 3 times.
MIP Presolve eliminated 24202 rows and 37873 columns.
MIP Presolve modified 442 coefficients.
Aggregator did 690 substitutions.
Reduced MIP has 3285 rows, 5592 columns, and 18471 nonzeros.
Reduced MIP has 5382 binaries, 0 generals, 0 SOSs, and 0 indicators.
Presolve time = 0.06 sec. (56.59 ticks)
Found incumbent of value 25162.440725 after 0.11 sec. (97.53 ticks)
Probing fixed 6 vars, tightened 0 bounds.
Probing time = 0.02 sec. (9.31 ticks)
Tried aggregator 1 time.
MIP Presolve eliminated 1 rows and 6 columns.
MIP Presolve modified 25 coefficients.
Reduced MIP has 3284 rows, 5586 columns, and 18455 nonzeros.
Reduced MIP has 5586 binaries, 0 generals, 0 SOSs, and 0 indicators.
Presolve time = 0.02 sec. (15.02 ticks)
Probing time = 0.01 sec. (3.23 ticks)
Clique table members: 10648.
MIP emphasis: balance optimality and feasibility.
MIP search method: dynamic search.
Parallel mode: none, using 1 thread.
Root relaxation solution time = 0.02 sec. (19.05 ticks)

        Nodes                                         Cuts/
   Node  Left     Objective  IInf  Best Integer    Best Bound    ItCnt     Gap

*     0+    0                        25162.4407     -583.1030           102.32%
      0     0      124.4082    29    25162.4407      124.4082     1006   99.51%
*     0+    0                          131.0368      124.4082             5.06%
      0     0        cutoff            131.0368                   1006    0.00%
Elapsed time = 0.20 sec. (166.31 ticks, tree = 0.01 MB, solutions = 2)

Root node processing (before b&c):
  Real time             =    0.20 sec. (168.06 ticks)
Sequential b&c:
  Real time             =    0.00 sec. (0.00 ticks)
                          ------------
Total (root+branch&cut) =    0.20 sec. (168.06 ticks)

Solution pool: 2 solutions saved.

MIP - Integer optimal solution:  Objective =  1.3103679800e+02
Solution time =    0.20 sec.  Iterations = 1006  Nodes = 0
Deterministic time = 168.18 ticks  (824.56 ticks/sec)

CPLEX> Incumbent solution written to file '/tmp/cmpl.XM9749.gsol'.
CPLEX> 
CMPL: Time used for model generation: 1 seconds
CMPL: Time used for solving the model: 1 seconds


Solution written to ASCII file: ../results/output_generated_conf_0/2016-02-01-5/equal.sol

Solver - finished
