CMPL model generation - running

CMPL version: 1.11.0
Authors: Thomas Schleiff, Mike Steglich
Distributed under the GPLv3 

create model instance ...
write model instance ...
CMPL model generation - finished

Solver - running


Welcome to IBM(R) ILOG(R) CPLEX(R) Interactive Optimizer 12.7.1.0
  with Simplex, Mixed Integer & Barrier Optimizers
5725-A06 5725-A29 5724-Y48 5724-Y49 5724-Y54 5724-Y55 5655-Y21
Copyright IBM Corp. 1988, 2017.  All Rights Reserved.

Type 'help' for a list of available commands.
Type 'help' followed by a command name for more
information on commands.

CPLEX> Specified objective sense: MINIMIZE
Selected objective  name:  line[1]
Selected RHS        name:  RHS
Selected bound      name:  BOUND
Problem '/tmp/cmpl.T11062.mps' read.
Read time = 0.05 sec. (9.66 ticks)
CPLEX> CPXPARAM_Read_APIEncoding                        "UTF-8"
Tried aggregator 3 times.
MIP Presolve eliminated 19372 rows and 31218 columns.
MIP Presolve modified 436 coefficients.
Aggregator did 592 substitutions.
Reduced MIP has 2646 rows, 4483 columns, and 14661 nonzeros.
Reduced MIP has 4315 binaries, 0 generals, 0 SOSs, and 0 indicators.
Presolve time = 0.06 sec. (51.62 ticks)
Probing fixed 3 vars, tightened 0 bounds.
Probing time = 0.01 sec. (6.92 ticks)
Tried aggregator 1 time.
MIP Presolve eliminated 0 rows and 3 columns.
MIP Presolve modified 12 coefficients.
Reduced MIP has 2646 rows, 4480 columns, and 14655 nonzeros.
Reduced MIP has 4480 binaries, 0 generals, 0 SOSs, and 0 indicators.
Presolve time = 0.01 sec. (10.63 ticks)
Probing time = 0.01 sec. (3.00 ticks)
Clique table members: 9035.
MIP emphasis: balance optimality and feasibility.
MIP search method: dynamic search.
Parallel mode: none, using 1 thread.
Root relaxation solution time = 0.02 sec. (16.03 ticks)

        Nodes                                         Cuts/
   Node  Left     Objective  IInf  Best Integer    Best Bound    ItCnt     Gap

      0     0     1479.0600    12                   1479.0600     1014         
*     0+    0                         1482.4886     1479.0600             0.23%
      0     0     1480.7790     6     1482.4886      Cuts: 44     1046    0.12%
      0     0     1481.3936     1     1482.4886      Cuts: 24     1095    0.07%
*     0+    0                         1481.6434     1481.3936             0.02%
      0     0        cutoff           1481.6434     1481.3936     1095    0.02%
Elapsed time = 0.20 sec. (177.09 ticks, tree = 0.01 MB, solutions = 2)

GUB cover cuts applied:  10
Clique cuts applied:  17
Cover cuts applied:  24
Gomory fractional cuts applied:  16

Root node processing (before b&c):
  Real time             =    0.20 sec. (178.52 ticks)
Sequential b&c:
  Real time             =    0.00 sec. (0.00 ticks)
                          ------------
Total (root+branch&cut) =    0.20 sec. (178.52 ticks)

Solution pool: 2 solutions saved.

MIP - Integer optimal solution:  Objective =  1.4816434090e+03
Solution time =    0.20 sec.  Iterations = 1095  Nodes = 0
Deterministic time = 178.62 ticks  (880.28 ticks/sec)

CPLEX> Incumbent solution written to file '/tmp/cmpl.T11062.gsol'.
CPLEX> 
CMPL: Time used for model generation: 1 seconds
CMPL: Time used for solving the model: 1 seconds


Solution written to ASCII file: ../results/output_generated_rate_0.1/2016-04-04-4/equal.sol

Solver - finished
