CMPL model generation - running

CMPL version: 1.11.0
Authors: Thomas Schleiff, Mike Steglich
Distributed under the GPLv3 

create model instance ...
write model instance ...
CMPL model generation - finished

Solver - running


Welcome to IBM(R) ILOG(R) CPLEX(R) Interactive Optimizer 12.7.1.0
  with Simplex, Mixed Integer & Barrier Optimizers
5725-A06 5725-A29 5724-Y48 5724-Y49 5724-Y54 5724-Y55 5655-Y21
Copyright IBM Corp. 1988, 2017.  All Rights Reserved.

Type 'help' for a list of available commands.
Type 'help' followed by a command name for more
information on commands.

CPLEX> Specified objective sense: MINIMIZE
Selected objective  name:  line[1]
Selected RHS        name:  RHS
Selected bound      name:  BOUND
Problem '/tmp/cmpl.T11012.mps' read.
Read time = 0.05 sec. (8.85 ticks)
CPLEX> CPXPARAM_Read_APIEncoding                        "UTF-8"
Tried aggregator 3 times.
MIP Presolve eliminated 19372 rows and 30878 columns.
MIP Presolve modified 340 coefficients.
Aggregator did 592 substitutions.
Reduced MIP has 2476 rows, 3208 columns, and 9368 nonzeros.
Reduced MIP has 3040 binaries, 0 generals, 0 SOSs, and 0 indicators.
Presolve time = 0.05 sec. (42.80 ticks)
Found incumbent of value 11887.923056 after 0.07 sec. (58.99 ticks)
Probing fixed 3 vars, tightened 0 bounds.
Probing time = 0.01 sec. (4.15 ticks)
Tried aggregator 1 time.
MIP Presolve eliminated 0 rows and 3 columns.
MIP Presolve modified 12 coefficients.
Reduced MIP has 2476 rows, 3205 columns, and 9362 nonzeros.
Reduced MIP has 3205 binaries, 0 generals, 0 SOSs, and 0 indicators.
Presolve time = 0.01 sec. (7.97 ticks)
Probing time = 0.01 sec. (2.66 ticks)
Clique table members: 5820.
MIP emphasis: balance optimality and feasibility.
MIP search method: dynamic search.
Parallel mode: none, using 1 thread.
Root relaxation solution time = 0.01 sec. (4.80 ticks)

        Nodes                                         Cuts/
   Node  Left     Objective  IInf  Best Integer    Best Bound    ItCnt     Gap

*     0+    0                        11887.9231     -485.1414           104.08%
      0     0     1469.0600    12    11887.9231     1469.0600      166   87.64%
*     0+    0                         1492.0895     1469.0600             1.54%
*     0+    0                         1472.4886     1469.0600             0.23%
      0     0     1470.7792     5     1472.4886      Cuts: 40      180    0.12%
*     0+    0                         1471.5863     1470.7792             0.05%
      0     0        cutoff           1471.5863                    188    0.00%
Elapsed time = 0.14 sec. (105.93 ticks, tree = 0.01 MB, solutions = 4)

GUB cover cuts applied:  6
Clique cuts applied:  7
Cover cuts applied:  26
Gomory fractional cuts applied:  15

Root node processing (before b&c):
  Real time             =    0.14 sec. (107.69 ticks)
Sequential b&c:
  Real time             =    0.00 sec. (0.00 ticks)
                          ------------
Total (root+branch&cut) =    0.14 sec. (107.69 ticks)

Solution pool: 4 solutions saved.

MIP - Integer optimal solution:  Objective =  1.4715862510e+03
Solution time =    0.14 sec.  Iterations = 188  Nodes = 0
Deterministic time = 107.79 ticks  (773.49 ticks/sec)

CPLEX> Incumbent solution written to file '/tmp/cmpl.T11012.gsol'.
CPLEX> 
CMPL: Time used for model generation: 1 seconds
CMPL: Time used for solving the model: 1 seconds


Solution written to ASCII file: ../results/output_generated_rate_0.1/2016-04-04-4/unequal.sol

Solver - finished
