CMPL model generation - running

CMPL version: 1.11.0
Authors: Thomas Schleiff, Mike Steglich
Distributed under the GPLv3 

create model instance ...
write model instance ...
CMPL model generation - finished

Solver - running


Welcome to IBM(R) ILOG(R) CPLEX(R) Interactive Optimizer 12.7.1.0
  with Simplex, Mixed Integer & Barrier Optimizers
5725-A06 5725-A29 5724-Y48 5724-Y49 5724-Y54 5724-Y55 5655-Y21
Copyright IBM Corp. 1988, 2017.  All Rights Reserved.

Type 'help' for a list of available commands.
Type 'help' followed by a command name for more
information on commands.

CPLEX> Specified objective sense: MINIMIZE
Selected objective  name:  line[1]
Selected RHS        name:  RHS
Selected bound      name:  BOUND
Problem '/tmp/cmpl.T10547.mps' read.
Read time = 0.05 sec. (8.87 ticks)
CPLEX> CPXPARAM_Read_APIEncoding                        "UTF-8"
Tried aggregator 3 times.
MIP Presolve eliminated 19122 rows and 30397 columns.
MIP Presolve modified 340 coefficients.
Aggregator did 775 substitutions.
Reduced MIP has 2543 rows, 3506 columns, and 10216 nonzeros.
Reduced MIP has 3338 binaries, 0 generals, 0 SOSs, and 0 indicators.
Presolve time = 0.05 sec. (42.12 ticks)
Found incumbent of value 18497.574854 after 0.09 sec. (69.76 ticks)
Probing fixed 26 vars, tightened 0 bounds.
Probing time = 0.01 sec. (4.61 ticks)
Tried aggregator 1 time.
MIP Presolve eliminated 0 rows and 26 columns.
MIP Presolve modified 155 coefficients.
Reduced MIP has 2543 rows, 3480 columns, and 10164 nonzeros.
Reduced MIP has 3480 binaries, 0 generals, 0 SOSs, and 0 indicators.
Presolve time = 0.01 sec. (8.74 ticks)
Probing time = 0.01 sec. (2.70 ticks)
Clique table members: 6330.
MIP emphasis: balance optimality and feasibility.
MIP search method: dynamic search.
Parallel mode: none, using 1 thread.
Root relaxation solution time = 0.01 sec. (8.76 ticks)

        Nodes                                         Cuts/
   Node  Left     Objective  IInf  Best Integer    Best Bound    ItCnt     Gap

*     0+    0                        18497.5749      -60.6633           100.33%
*     0     0      integral     0     5044.8419     5044.8419      411    0.00%
Elapsed time = 0.13 sec. (102.89 ticks, tree = 0.00 MB, solutions = 2)

Root node processing (before b&c):
  Real time             =    0.14 sec. (104.18 ticks)
Sequential b&c:
  Real time             =    0.00 sec. (0.00 ticks)
                          ------------
Total (root+branch&cut) =    0.14 sec. (104.18 ticks)

Solution pool: 2 solutions saved.

MIP - Integer optimal solution:  Objective =  5.0448419350e+03
Solution time =    0.14 sec.  Iterations = 411  Nodes = 0
Deterministic time = 104.28 ticks  (764.50 ticks/sec)

CPLEX> Incumbent solution written to file '/tmp/cmpl.T10547.gsol'.
CPLEX> 
CMPL: Time used for model generation: 1 seconds
CMPL: Time used for solving the model: 1 seconds


Solution written to ASCII file: ../results/output_generated_conf_0.8/2017-01-09-4/unequal.sol

Solver - finished
