CMPL model generation - running

CMPL version: 1.11.0
Authors: Thomas Schleiff, Mike Steglich
Distributed under the GPLv3 

create model instance ...
write model instance ...
CMPL model generation - finished

Solver - running


Welcome to IBM(R) ILOG(R) CPLEX(R) Interactive Optimizer 12.7.1.0
  with Simplex, Mixed Integer & Barrier Optimizers
5725-A06 5725-A29 5724-Y48 5724-Y49 5724-Y54 5724-Y55 5655-Y21
Copyright IBM Corp. 1988, 2017.  All Rights Reserved.

Type 'help' for a list of available commands.
Type 'help' followed by a command name for more
information on commands.

CPLEX> Specified objective sense: MINIMIZE
Selected objective  name:  line[1]
Selected RHS        name:  RHS
Selected bound      name:  BOUND
Problem '/tmp/cmpl.T10718.mps' read.
Read time = 0.05 sec. (9.69 ticks)
CPLEX> CPXPARAM_Read_APIEncoding                        "UTF-8"
Tried aggregator 3 times.
MIP Presolve eliminated 19008 rows and 30517 columns.
MIP Presolve modified 616 coefficients.
Aggregator did 878 substitutions.
Reduced MIP has 2724 rows, 4898 columns, and 15866 nonzeros.
Reduced MIP has 4730 binaries, 0 generals, 0 SOSs, and 0 indicators.
Presolve time = 0.06 sec. (52.49 ticks)
Found incumbent of value 26333.570179 after 0.10 sec. (90.71 ticks)
Probing time = 0.01 sec. (3.05 ticks)
Tried aggregator 2 times.
MIP Presolve eliminated 4 rows and 4 columns.
MIP Presolve modified 12 coefficients.
Aggregator did 2 substitutions.
Reduced MIP has 2718 rows, 4892 columns, and 15844 nonzeros.
Reduced MIP has 4892 binaries, 0 generals, 0 SOSs, and 0 indicators.
Presolve time = 0.02 sec. (14.40 ticks)
Probing time = 0.01 sec. (3.12 ticks)
Clique table members: 3142.
MIP emphasis: balance optimality and feasibility.
MIP search method: dynamic search.
Parallel mode: none, using 1 thread.
Root relaxation solution time = 0.02 sec. (22.68 ticks)

        Nodes                                         Cuts/
   Node  Left     Objective  IInf  Best Integer    Best Bound    ItCnt     Gap

*     0+    0                        26333.5702        0.0000           100.00%
*     0     0      integral     0     7175.6018     7175.6018     1443    0.00%
Elapsed time = 0.17 sec. (144.37 ticks, tree = 0.00 MB, solutions = 2)

Root node processing (before b&c):
  Real time             =    0.17 sec. (145.79 ticks)
Sequential b&c:
  Real time             =    0.00 sec. (0.00 ticks)
                          ------------
Total (root+branch&cut) =    0.17 sec. (145.79 ticks)

Solution pool: 2 solutions saved.

MIP - Integer optimal solution:  Objective =  7.1756017750e+03
Solution time =    0.17 sec.  Iterations = 1443  Nodes = 0
Deterministic time = 145.89 ticks  (843.44 ticks/sec)

CPLEX> Incumbent solution written to file '/tmp/cmpl.T10718.gsol'.
CPLEX> 
CMPL: Time used for model generation: 1 seconds
CMPL: Time used for solving the model: 0 seconds


Solution written to ASCII file: ../results/output_generated_conf_0.9/2017-09-04-4/equal.sol

Solver - finished
