CMPL model generation - running

CMPL version: 1.11.0
Authors: Thomas Schleiff, Mike Steglich
Distributed under the GPLv3 

create model instance ...
write model instance ...
CMPL model generation - finished

Solver - running


Welcome to IBM(R) ILOG(R) CPLEX(R) Interactive Optimizer 12.7.1.0
  with Simplex, Mixed Integer & Barrier Optimizers
5725-A06 5725-A29 5724-Y48 5724-Y49 5724-Y54 5724-Y55 5655-Y21
Copyright IBM Corp. 1988, 2017.  All Rights Reserved.

Type 'help' for a list of available commands.
Type 'help' followed by a command name for more
information on commands.

CPLEX> Specified objective sense: MINIMIZE
Selected objective  name:  line[1]
Selected RHS        name:  RHS
Selected bound      name:  BOUND
Problem '/tmp/cmpl.T12013.mps' read.
Read time = 0.05 sec. (9.75 ticks)
CPLEX> CPXPARAM_Read_APIEncoding                        "UTF-8"
Tried aggregator 3 times.
MIP Presolve eliminated 18485 rows and 29469 columns.
MIP Presolve modified 1006 coefficients.
Aggregator did 1402 substitutions.
Reduced MIP has 2723 rows, 5422 columns, and 17434 nonzeros.
Reduced MIP has 5254 binaries, 0 generals, 0 SOSs, and 0 indicators.
Presolve time = 0.07 sec. (56.75 ticks)
Found incumbent of value 36809.320801 after 0.12 sec. (98.51 ticks)
Probing time = 0.01 sec. (3.01 ticks)
Tried aggregator 1 time.
MIP Presolve eliminated 0 rows and 54 columns.
Reduced MIP has 2723 rows, 5368 columns, and 17326 nonzeros.
Reduced MIP has 5368 binaries, 0 generals, 0 SOSs, and 0 indicators.
Presolve time = 0.02 sec. (14.78 ticks)
Probing time = 0.01 sec. (3.14 ticks)
Clique table members: 3677.
MIP emphasis: balance optimality and feasibility.
MIP search method: dynamic search.
Parallel mode: none, using 1 thread.
Root relaxation solution time = 0.04 sec. (39.13 ticks)

        Nodes                                         Cuts/
   Node  Left     Objective  IInf  Best Integer    Best Bound    ItCnt     Gap

*     0+    0                        36809.3208        0.0000           100.00%
*     0     0      integral     0    17316.4470    17316.4470     2408    0.00%
Elapsed time = 0.20 sec. (170.64 ticks, tree = 0.00 MB, solutions = 2)

Root node processing (before b&c):
  Real time             =    0.21 sec. (172.05 ticks)
Sequential b&c:
  Real time             =    0.00 sec. (0.00 ticks)
                          ------------
Total (root+branch&cut) =    0.21 sec. (172.05 ticks)

Solution pool: 2 solutions saved.

MIP - Integer optimal solution:  Objective =  1.7316447012e+04
Solution time =    0.21 sec.  Iterations = 2408  Nodes = 0
Deterministic time = 172.15 ticks  (828.13 ticks/sec)

CPLEX> Incumbent solution written to file '/tmp/cmpl.T12013.gsol'.
CPLEX> 
CMPL: Time used for model generation: 0 seconds
CMPL: Time used for solving the model: 1 seconds


Solution written to ASCII file: ../results/output_generated_rate_1/2016-09-05-4/equal.sol

Solver - finished
