CMPL model generation - running

CMPL version: 1.11.0
Authors: Thomas Schleiff, Mike Steglich
Distributed under the GPLv3 

create model instance ...
write model instance ...
CMPL model generation - finished

Solver - running


Welcome to IBM(R) ILOG(R) CPLEX(R) Interactive Optimizer 12.7.1.0
  with Simplex, Mixed Integer & Barrier Optimizers
5725-A06 5725-A29 5724-Y48 5724-Y49 5724-Y54 5724-Y55 5655-Y21
Copyright IBM Corp. 1988, 2017.  All Rights Reserved.

Type 'help' for a list of available commands.
Type 'help' followed by a command name for more
information on commands.

CPLEX> Specified objective sense: MINIMIZE
Selected objective  name:  line[1]
Selected RHS        name:  RHS
Selected bound      name:  BOUND
Problem '/tmp/cmpl.T11963.mps' read.
Read time = 0.05 sec. (8.93 ticks)
CPLEX> CPXPARAM_Read_APIEncoding                        "UTF-8"
Tried aggregator 3 times.
MIP Presolve eliminated 18488 rows and 29129 columns.
MIP Presolve modified 552 coefficients.
Aggregator did 1404 substitutions.
Reduced MIP has 2548 rows, 4145 columns, and 12131 nonzeros.
Reduced MIP has 3977 binaries, 0 generals, 0 SOSs, and 0 indicators.
Presolve time = 0.05 sec. (46.41 ticks)
Found incumbent of value 37561.227112 after 0.10 sec. (89.39 ticks)
Probing time = 0.01 sec. (2.66 ticks)
Tried aggregator 1 time.
MIP Presolve eliminated 0 rows and 54 columns.
Reduced MIP has 2548 rows, 4091 columns, and 12023 nonzeros.
Reduced MIP has 4091 binaries, 0 generals, 0 SOSs, and 0 indicators.
Presolve time = 0.01 sec. (11.20 ticks)
Probing time = 0.01 sec. (2.82 ticks)
Clique table members: 3527.
MIP emphasis: balance optimality and feasibility.
MIP search method: dynamic search.
Parallel mode: none, using 1 thread.
Root relaxation solution time = 0.02 sec. (17.87 ticks)

        Nodes                                         Cuts/
   Node  Left     Objective  IInf  Best Integer    Best Bound    ItCnt     Gap

*     0+    0                        37561.2271        0.0000           100.00%
*     0     0      integral     0    17306.3651    17306.3651     1128    0.00%
Elapsed time = 0.16 sec. (132.45 ticks, tree = 0.00 MB, solutions = 2)

Root node processing (before b&c):
  Real time             =    0.16 sec. (133.77 ticks)
Sequential b&c:
  Real time             =    0.00 sec. (0.00 ticks)
                          ------------
Total (root+branch&cut) =    0.16 sec. (133.77 ticks)

Solution pool: 2 solutions saved.

MIP - Integer optimal solution:  Objective =  1.7306365139e+04
Solution time =    0.16 sec.  Iterations = 1128  Nodes = 0
Deterministic time = 133.87 ticks  (845.93 ticks/sec)

CPLEX> Incumbent solution written to file '/tmp/cmpl.T11963.gsol'.
CPLEX> 
CMPL: Time used for model generation: 1 seconds
CMPL: Time used for solving the model: 1 seconds


Solution written to ASCII file: ../results/output_generated_rate_1/2016-09-05-4/unequal.sol

Solver - finished
