CMPL model generation - running

CMPL version: 1.11.0
Authors: Thomas Schleiff, Mike Steglich
Distributed under the GPLv3 

create model instance ...
write model instance ...
CMPL model generation - finished

Solver - running


Welcome to IBM(R) ILOG(R) CPLEX(R) Interactive Optimizer 12.7.1.0
  with Simplex, Mixed Integer & Barrier Optimizers
5725-A06 5725-A29 5724-Y48 5724-Y49 5724-Y54 5724-Y55 5655-Y21
Copyright IBM Corp. 1988, 2017.  All Rights Reserved.

Type 'help' for a list of available commands.
Type 'help' followed by a command name for more
information on commands.

CPLEX> Specified objective sense: MINIMIZE
Selected objective  name:  line[1]
Selected RHS        name:  RHS
Selected bound      name:  BOUND
Problem '/tmp/cmpl.T11040.mps' read.
Read time = 0.05 sec. (8.85 ticks)
CPLEX> CPXPARAM_Read_APIEncoding                        "UTF-8"
Tried aggregator 3 times.
MIP Presolve eliminated 19343 rows and 30830 columns.
MIP Presolve modified 340 coefficients.
Aggregator did 611 substitutions.
Reduced MIP has 2486 rows, 3237 columns, and 9449 nonzeros.
Reduced MIP has 3069 binaries, 0 generals, 0 SOSs, and 0 indicators.
Presolve time = 0.04 sec. (41.36 ticks)
Found incumbent of value 13745.490939 after 0.07 sec. (57.99 ticks)
Probing fixed 9 vars, tightened 0 bounds.
Probing time = 0.01 sec. (4.17 ticks)
Tried aggregator 1 time.
MIP Presolve eliminated 0 rows and 9 columns.
MIP Presolve modified 38 coefficients.
Reduced MIP has 2486 rows, 3228 columns, and 9431 nonzeros.
Reduced MIP has 3228 binaries, 0 generals, 0 SOSs, and 0 indicators.
Presolve time = 0.01 sec. (8.02 ticks)
Probing time = 0.01 sec. (2.67 ticks)
Clique table members: 5888.
MIP emphasis: balance optimality and feasibility.
MIP search method: dynamic search.
Parallel mode: none, using 1 thread.
Root relaxation solution time = 0.00 sec. (4.89 ticks)

        Nodes                                         Cuts/
   Node  Left     Objective  IInf  Best Integer    Best Bound    ItCnt     Gap

*     0+    0                        13745.4909     -402.7078           102.93%
      0     0     1842.6244     9    13745.4909     1842.6244      172   86.59%
*     0+    0                         1845.1959     1842.6244             0.14%
      0     0     1843.3417     2     1845.1959      Cuts: 26      185    0.10%
*     0+    0                         1843.9131     1843.3417             0.03%
*     0     0      integral     0     1843.3888       Cuts: 6      189    0.00%
      0     0        cutoff           1843.3888     1843.3888      189    0.00%
Elapsed time = 0.13 sec. (105.18 ticks, tree = 0.01 MB, solutions = 4)

GUB cover cuts applied:  5
Clique cuts applied:  2
Cover cuts applied:  15
Gomory fractional cuts applied:  10

Root node processing (before b&c):
  Real time             =    0.13 sec. (106.94 ticks)
Sequential b&c:
  Real time             =    0.00 sec. (0.00 ticks)
                          ------------
Total (root+branch&cut) =    0.13 sec. (106.94 ticks)

Solution pool: 4 solutions saved.

MIP - Integer optimal solution:  Objective =  1.8433887780e+03
Solution time =    0.13 sec.  Iterations = 189  Nodes = 0
Deterministic time = 107.04 ticks  (821.77 ticks/sec)

CPLEX> Incumbent solution written to file '/tmp/cmpl.T11040.gsol'.
CPLEX> 
CMPL: Time used for model generation: 1 seconds
CMPL: Time used for solving the model: 0 seconds


Solution written to ASCII file: ../results/output_generated_rate_0.1/2017-06-05-4/unequal.sol

Solver - finished
