CMPL model generation - running

CMPL version: 1.11.0
Authors: Thomas Schleiff, Mike Steglich
Distributed under the GPLv3 

create model instance ...
write model instance ...
CMPL model generation - finished

Solver - running


Welcome to IBM(R) ILOG(R) CPLEX(R) Interactive Optimizer 12.7.1.0
  with Simplex, Mixed Integer & Barrier Optimizers
5725-A06 5725-A29 5724-Y48 5724-Y49 5724-Y54 5724-Y55 5655-Y21
Copyright IBM Corp. 1988, 2017.  All Rights Reserved.

Type 'help' for a list of available commands.
Type 'help' followed by a command name for more
information on commands.

CPLEX> Specified objective sense: MINIMIZE
Selected objective  name:  line[1]
Selected RHS        name:  RHS
Selected bound      name:  BOUND
Problem '/tmp/cmpl.XM9893.mps' read.
Read time = 0.05 sec. (9.66 ticks)
CPLEX> CPXPARAM_Read_APIEncoding                        "UTF-8"
Tried aggregator 3 times.
MIP Presolve eliminated 19394 rows and 31249 columns.
MIP Presolve modified 426 coefficients.
Aggregator did 586 substitutions.
Reduced MIP has 2630 rows, 4458 columns, and 14608 nonzeros.
Reduced MIP has 4290 binaries, 0 generals, 0 SOSs, and 0 indicators.
Presolve time = 0.05 sec. (51.64 ticks)
Found incumbent of value 20381.431177 after 0.09 sec. (84.02 ticks)
Probing fixed 6 vars, tightened 0 bounds.
Probing time = 0.01 sec. (7.32 ticks)
Tried aggregator 1 time.
MIP Presolve eliminated 0 rows and 6 columns.
MIP Presolve modified 27 coefficients.
Reduced MIP has 2630 rows, 4452 columns, and 14596 nonzeros.
Reduced MIP has 4452 binaries, 0 generals, 0 SOSs, and 0 indicators.
Presolve time = 0.01 sec. (10.65 ticks)
Probing time = 0.01 sec. (3.01 ticks)
Clique table members: 8155.
MIP emphasis: balance optimality and feasibility.
MIP search method: dynamic search.
Parallel mode: none, using 1 thread.
Root relaxation solution time = 0.01 sec. (15.82 ticks)

        Nodes                                         Cuts/
   Node  Left     Objective  IInf  Best Integer    Best Bound    ItCnt     Gap

*     0+    0                        20381.4312     -363.5022           101.78%
      0     0      370.2219    19    20381.4312      370.2219      895   98.18%
*     0+    0                          375.6505      370.2219             1.45%
      0     0        cutoff            375.6505                    895    0.00%
Elapsed time = 0.16 sec. (143.41 ticks, tree = 0.01 MB, solutions = 2)

Root node processing (before b&c):
  Real time             =    0.17 sec. (144.85 ticks)
Sequential b&c:
  Real time             =    0.00 sec. (0.00 ticks)
                          ------------
Total (root+branch&cut) =    0.17 sec. (144.85 ticks)

Solution pool: 2 solutions saved.

MIP - Integer optimal solution:  Objective =  3.7565050700e+02
Solution time =    0.17 sec.  Iterations = 895  Nodes = 0
Deterministic time = 144.95 ticks  (867.39 ticks/sec)

CPLEX> Incumbent solution written to file '/tmp/cmpl.XM9893.gsol'.
CPLEX> 
CMPL: Time used for model generation: 1 seconds
CMPL: Time used for solving the model: 0 seconds


Solution written to ASCII file: ../results/output_generated_conf_0.1/2017-09-04-4/equal.sol

Solver - finished
