CMPL model generation - running

CMPL version: 1.11.0
Authors: Thomas Schleiff, Mike Steglich
Distributed under the GPLv3 

create model instance ...
write model instance ...
CMPL model generation - finished

Solver - running


Welcome to IBM(R) ILOG(R) CPLEX(R) Interactive Optimizer 12.7.1.0
  with Simplex, Mixed Integer & Barrier Optimizers
5725-A06 5725-A29 5724-Y48 5724-Y49 5724-Y54 5724-Y55 5655-Y21
Copyright IBM Corp. 1988, 2017.  All Rights Reserved.

Type 'help' for a list of available commands.
Type 'help' followed by a command name for more
information on commands.

CPLEX> Specified objective sense: MINIMIZE
Selected objective  name:  line[1]
Selected RHS        name:  RHS
Selected bound      name:  BOUND
Problem '/tmp/cmpl.XM9998.mps' read.
Read time = 0.06 sec. (9.66 ticks)
CPLEX> CPXPARAM_Read_APIEncoding                        "UTF-8"
Tried aggregator 3 times.
MIP Presolve eliminated 19368 rows and 31211 columns.
MIP Presolve modified 436 coefficients.
Aggregator did 595 substitutions.
Reduced MIP has 2647 rows, 4487 columns, and 14671 nonzeros.
Reduced MIP has 4319 binaries, 0 generals, 0 SOSs, and 0 indicators.
Presolve time = 0.05 sec. (50.15 ticks)
Probing fixed 11 vars, tightened 0 bounds.
Probing time = 0.02 sec. (7.42 ticks)
Tried aggregator 1 time.
MIP Presolve eliminated 0 rows and 11 columns.
MIP Presolve modified 46 coefficients.
Reduced MIP has 2647 rows, 4476 columns, and 14649 nonzeros.
Reduced MIP has 4476 binaries, 0 generals, 0 SOSs, and 0 indicators.
Presolve time = 0.01 sec. (10.80 ticks)
Probing time = 0.01 sec. (3.00 ticks)
Clique table members: 8405.
MIP emphasis: balance optimality and feasibility.
MIP search method: dynamic search.
Parallel mode: none, using 1 thread.
Root relaxation solution time = 0.01 sec. (13.64 ticks)

        Nodes                                         Cuts/
   Node  Left     Objective  IInf  Best Integer    Best Bound    ItCnt     Gap

      0     0      679.5975    18                    679.5975      784         
*     0+    0                         1018.3171      679.5975            33.26%
*     0+    0                          684.7404      679.5975             0.75%
      0     0        cutoff            684.7404                    787    0.00%
Elapsed time = 0.21 sec. (162.55 ticks, tree = 0.01 MB, solutions = 2)

Clique cuts applied:  3
Cover cuts applied:  4
Gomory fractional cuts applied:  2

Root node processing (before b&c):
  Real time             =    0.21 sec. (163.98 ticks)
Sequential b&c:
  Real time             =    0.00 sec. (0.00 ticks)
                          ------------
Total (root+branch&cut) =    0.21 sec. (163.98 ticks)

Solution pool: 2 solutions saved.

MIP - Integer optimal solution:  Objective =  6.8474040100e+02
Solution time =    0.21 sec.  Iterations = 787  Nodes = 0
Deterministic time = 164.09 ticks  (781.85 ticks/sec)

CPLEX> Incumbent solution written to file '/tmp/cmpl.XM9998.gsol'.
CPLEX> 
CMPL: Time used for model generation: 1 seconds
CMPL: Time used for solving the model: 1 seconds


Solution written to ASCII file: ../results/output_generated_conf_0.2/2017-08-07-4/equal.sol

Solver - finished
