CMPL model generation - running

CMPL version: 1.11.0
Authors: Thomas Schleiff, Mike Steglich
Distributed under the GPLv3 

create model instance ...
write model instance ...
CMPL model generation - finished

Solver - running


Welcome to IBM(R) ILOG(R) CPLEX(R) Interactive Optimizer 12.7.1.0
  with Simplex, Mixed Integer & Barrier Optimizers
5725-A06 5725-A29 5724-Y48 5724-Y49 5724-Y54 5724-Y55 5655-Y21
Copyright IBM Corp. 1988, 2017.  All Rights Reserved.

Type 'help' for a list of available commands.
Type 'help' followed by a command name for more
information on commands.

CPLEX> Specified objective sense: MINIMIZE
Selected objective  name:  line[1]
Selected RHS        name:  RHS
Selected bound      name:  BOUND
Problem '/tmp/cmpl.T11044.mps' read.
Read time = 0.05 sec. (8.85 ticks)
CPLEX> CPXPARAM_Read_APIEncoding                        "UTF-8"
Tried aggregator 3 times.
MIP Presolve eliminated 19360 rows and 30859 columns.
MIP Presolve modified 340 coefficients.
Aggregator did 600 substitutions.
Reduced MIP has 2480 rows, 3219 columns, and 9395 nonzeros.
Reduced MIP has 3051 binaries, 0 generals, 0 SOSs, and 0 indicators.
Presolve time = 0.05 sec. (42.85 ticks)
Found incumbent of value 11563.659056 after 0.07 sec. (62.21 ticks)
Probing fixed 8 vars, tightened 0 bounds.
Probing time = 0.01 sec. (4.15 ticks)
Tried aggregator 1 time.
MIP Presolve eliminated 0 rows and 8 columns.
MIP Presolve modified 31 coefficients.
Reduced MIP has 2480 rows, 3211 columns, and 9379 nonzeros.
Reduced MIP has 3211 binaries, 0 generals, 0 SOSs, and 0 indicators.
Presolve time = 0.01 sec. (8.03 ticks)
Probing time = 0.01 sec. (2.66 ticks)
Clique table members: 5784.
MIP emphasis: balance optimality and feasibility.
MIP search method: dynamic search.
Parallel mode: none, using 1 thread.
Root relaxation solution time = 0.00 sec. (4.76 ticks)

        Nodes                                         Cuts/
   Node  Left     Objective  IInf  Best Integer    Best Bound    ItCnt     Gap

*     0+    0                        11563.6591     -521.3370           104.51%
      0     0     1449.3579    11    11563.6591     1449.3579      159   87.47%
*     0+    0                         1511.5374     1449.3579             4.11%
*     0+    0                         1452.5007     1449.3579             0.22%
      0     0     1451.8208     1     1452.5007      Cuts: 34      167    0.05%
*     0+    0                         1451.8222     1451.8208             0.00%
      0     0        cutoff           1451.8222     1451.8208      167    0.00%
Elapsed time = 0.12 sec. (103.29 ticks, tree = 0.01 MB, solutions = 4)

GUB cover cuts applied:  3
Clique cuts applied:  10
Cover cuts applied:  13
Gomory fractional cuts applied:  8

Root node processing (before b&c):
  Real time             =    0.13 sec. (105.06 ticks)
Sequential b&c:
  Real time             =    0.00 sec. (0.00 ticks)
                          ------------
Total (root+branch&cut) =    0.13 sec. (105.06 ticks)

Solution pool: 4 solutions saved.

MIP - Integer optimal solution:  Objective =  1.4518221940e+03
Solution time =    0.13 sec.  Iterations = 167  Nodes = 0
Deterministic time = 105.16 ticks  (825.98 ticks/sec)

CPLEX> Incumbent solution written to file '/tmp/cmpl.T11044.gsol'.
CPLEX> 
CMPL: Time used for model generation: 0 seconds
CMPL: Time used for solving the model: 1 seconds


Solution written to ASCII file: ../results/output_generated_rate_0.1/2017-08-07-4/unequal.sol

Solver - finished
