CMPL model generation - running

CMPL version: 1.11.0
Authors: Thomas Schleiff, Mike Steglich
Distributed under the GPLv3 

create model instance ...
write model instance ...
CMPL model generation - finished

Solver - running


Welcome to IBM(R) ILOG(R) CPLEX(R) Interactive Optimizer 12.7.1.0
  with Simplex, Mixed Integer & Barrier Optimizers
5725-A06 5725-A29 5724-Y48 5724-Y49 5724-Y54 5724-Y55 5655-Y21
Copyright IBM Corp. 1988, 2017.  All Rights Reserved.

Type 'help' for a list of available commands.
Type 'help' followed by a command name for more
information on commands.

CPLEX> Specified objective sense: MINIMIZE
Selected objective  name:  line[1]
Selected RHS        name:  RHS
Selected bound      name:  BOUND
Problem '/tmp/cmpl.XM9875.mps' read.
Read time = 0.05 sec. (9.66 ticks)
CPLEX> CPXPARAM_Read_APIEncoding                        "UTF-8"
Tried aggregator 3 times.
MIP Presolve eliminated 19390 rows and 31249 columns.
MIP Presolve modified 422 coefficients.
Aggregator did 592 substitutions.
Reduced MIP has 2628 rows, 4452 columns, and 14586 nonzeros.
Reduced MIP has 4284 binaries, 0 generals, 0 SOSs, and 0 indicators.
Presolve time = 0.05 sec. (50.06 ticks)
Probing fixed 3 vars, tightened 0 bounds.
Probing time = 0.01 sec. (6.86 ticks)
Tried aggregator 1 time.
MIP Presolve eliminated 0 rows and 3 columns.
MIP Presolve modified 15 coefficients.
Reduced MIP has 2628 rows, 4449 columns, and 14580 nonzeros.
Reduced MIP has 4449 binaries, 0 generals, 0 SOSs, and 0 indicators.
Presolve time = 0.01 sec. (10.54 ticks)
Probing time = 0.01 sec. (3.00 ticks)
Clique table members: 8351.
MIP emphasis: balance optimality and feasibility.
MIP search method: dynamic search.
Parallel mode: none, using 1 thread.
Root relaxation solution time = 0.01 sec. (15.34 ticks)

        Nodes                                         Cuts/
   Node  Left     Objective  IInf  Best Integer    Best Bound    ItCnt     Gap

      0     0      254.8669    21                    254.8669      777         
*     0+    0                          260.8669      254.8669             2.30%
      0     0      260.5340     1      260.8669       Cuts: 8      780    0.13%
*     0+    0                          260.7077      260.5340             0.07%
*     0+    0                          260.7068      260.5340             0.07%
      0     0        cutoff            260.7068                    780    0.00%
Elapsed time = 0.19 sec. (169.91 ticks, tree = 0.01 MB, solutions = 3)

Clique cuts applied:  2
Cover cuts applied:  4
Gomory fractional cuts applied:  2

Root node processing (before b&c):
  Real time             =    0.19 sec. (171.59 ticks)
Sequential b&c:
  Real time             =    0.00 sec. (0.00 ticks)
                          ------------
Total (root+branch&cut) =    0.19 sec. (171.59 ticks)

Solution pool: 3 solutions saved.

MIP - Integer optimal solution:  Objective =  2.6070683200e+02
Solution time =    0.19 sec.  Iterations = 780  Nodes = 0
Deterministic time = 171.69 ticks  (897.07 ticks/sec)

CPLEX> Incumbent solution written to file '/tmp/cmpl.XM9875.gsol'.
CPLEX> 
CMPL: Time used for model generation: 1 seconds
CMPL: Time used for solving the model: 1 seconds


Solution written to ASCII file: ../results/output_generated_conf_0.1/2017-01-09-4/equal.sol

Solver - finished
