CMPL model generation - running

CMPL version: 1.11.0
Authors: Thomas Schleiff, Mike Steglich
Distributed under the GPLv3 

create model instance ...
write model instance ...
CMPL model generation - finished

Solver - running


Welcome to IBM(R) ILOG(R) CPLEX(R) Interactive Optimizer 12.7.1.0
  with Simplex, Mixed Integer & Barrier Optimizers
5725-A06 5725-A29 5724-Y48 5724-Y49 5724-Y54 5724-Y55 5655-Y21
Copyright IBM Corp. 1988, 2017.  All Rights Reserved.

Type 'help' for a list of available commands.
Type 'help' followed by a command name for more
information on commands.

CPLEX> Specified objective sense: MINIMIZE
Selected objective  name:  line[1]
Selected RHS        name:  RHS
Selected bound      name:  BOUND
Problem '/tmp/cmpl.XM9825.mps' read.
Read time = 0.05 sec. (8.85 ticks)
CPLEX> CPXPARAM_Read_APIEncoding                        "UTF-8"
Tried aggregator 3 times.
MIP Presolve eliminated 19390 rows and 30909 columns.
MIP Presolve modified 340 coefficients.
Aggregator did 592 substitutions.
Reduced MIP has 2458 rows, 3177 columns, and 9293 nonzeros.
Reduced MIP has 3009 binaries, 0 generals, 0 SOSs, and 0 indicators.
Presolve time = 0.05 sec. (41.41 ticks)
Found incumbent of value 4500.015409 after 0.07 sec. (58.65 ticks)
Probing fixed 3 vars, tightened 0 bounds.
Probing time = 0.01 sec. (4.02 ticks)
Tried aggregator 1 time.
MIP Presolve eliminated 0 rows and 3 columns.
MIP Presolve modified 15 coefficients.
Reduced MIP has 2458 rows, 3174 columns, and 9287 nonzeros.
Reduced MIP has 3174 binaries, 0 generals, 0 SOSs, and 0 indicators.
Presolve time = 0.01 sec. (7.89 ticks)
Probing time = 0.01 sec. (2.66 ticks)
Clique table members: 5387.
MIP emphasis: balance optimality and feasibility.
MIP search method: dynamic search.
Parallel mode: none, using 1 thread.
Root relaxation solution time = 0.00 sec. (4.22 ticks)

        Nodes                                         Cuts/
   Node  Left     Objective  IInf  Best Integer    Best Bound    ItCnt     Gap

*     0+    0                         4500.0154     -484.3634           110.76%
      0     0      241.7241    21     4500.0154      241.7241       64   94.63%
*     0+    0                          697.3677      241.7241            65.34%
*     0+    0                          247.7241      241.7241             2.42%
*     0     0      integral     0      247.5640       Cuts: 8       69    0.00%
      0     0        cutoff            247.5640      247.5640       69    0.00%
Elapsed time = 0.12 sec. (96.48 ticks, tree = 0.01 MB, solutions = 4)

Clique cuts applied:  2
Cover cuts applied:  4
Gomory fractional cuts applied:  2

Root node processing (before b&c):
  Real time             =    0.12 sec. (98.25 ticks)
Sequential b&c:
  Real time             =    0.00 sec. (0.00 ticks)
                          ------------
Total (root+branch&cut) =    0.12 sec. (98.25 ticks)

Solution pool: 4 solutions saved.

MIP - Integer optimal solution:  Objective =  2.4756397700e+02
Solution time =    0.12 sec.  Iterations = 69  Nodes = 0
Deterministic time = 98.34 ticks  (818.97 ticks/sec)

CPLEX> Incumbent solution written to file '/tmp/cmpl.XM9825.gsol'.
CPLEX> 
CMPL: Time used for model generation: 1 seconds
CMPL: Time used for solving the model: 1 seconds


Solution written to ASCII file: ../results/output_generated_conf_0.1/2017-01-09-4/unequal.sol

Solver - finished
