CMPL model generation - running

CMPL version: 1.11.0
Authors: Thomas Schleiff, Mike Steglich
Distributed under the GPLv3 

create model instance ...
write model instance ...
CMPL model generation - finished

Solver - running


Welcome to IBM(R) ILOG(R) CPLEX(R) Interactive Optimizer 12.7.1.0
  with Simplex, Mixed Integer & Barrier Optimizers
5725-A06 5725-A29 5724-Y48 5724-Y49 5724-Y54 5724-Y55 5655-Y21
Copyright IBM Corp. 1988, 2017.  All Rights Reserved.

Type 'help' for a list of available commands.
Type 'help' followed by a command name for more
information on commands.

CPLEX> Specified objective sense: MINIMIZE
Selected objective  name:  line[1]
Selected RHS        name:  RHS
Selected bound      name:  BOUND
Problem '/tmp/cmpl.T11079.mps' read.
Read time = 0.06 sec. (11.93 ticks)
CPLEX> CPXPARAM_Read_APIEncoding                        "UTF-8"
Tried aggregator 3 times.
MIP Presolve eliminated 24134 rows and 37747 columns.
MIP Presolve modified 477 coefficients.
Aggregator did 725 substitutions.
Reduced MIP has 3318 rows, 5683 columns, and 18716 nonzeros.
Reduced MIP has 5473 binaries, 0 generals, 0 SOSs, and 0 indicators.
Presolve time = 0.06 sec. (58.81 ticks)
Probing fixed 8 vars, tightened 0 bounds.
Probing time = 0.02 sec. (9.72 ticks)
Tried aggregator 1 time.
MIP Presolve eliminated 0 rows and 8 columns.
MIP Presolve modified 38 coefficients.
Reduced MIP has 3318 rows, 5675 columns, and 18700 nonzeros.
Reduced MIP has 5675 binaries, 0 generals, 0 SOSs, and 0 indicators.
Presolve time = 0.01 sec. (13.62 ticks)
Probing time = 0.01 sec. (3.24 ticks)
Clique table members: 11652.
MIP emphasis: balance optimality and feasibility.
MIP search method: dynamic search.
Parallel mode: none, using 1 thread.
Root relaxation solution time = 0.02 sec. (17.98 ticks)

        Nodes                                         Cuts/
   Node  Left     Objective  IInf  Best Integer    Best Bound    ItCnt     Gap

      0     0     2159.2060    14                   2159.2060      918         
*     0+    0                         2162.4060     2159.2060             0.15%
      0     0     2161.4739     1     2162.4060      Cuts: 38      960    0.04%
*     0+    0                         2161.7025     2161.4739             0.01%
*     0+    0                         2161.5027     2161.4739             0.00%
      0     0        cutoff           2161.5027     2161.4739      960    0.00%
Elapsed time = 0.23 sec. (201.52 ticks, tree = 0.01 MB, solutions = 3)

GUB cover cuts applied:  5
Clique cuts applied:  5
Cover cuts applied:  17
Gomory fractional cuts applied:  11

Root node processing (before b&c):
  Real time             =    0.23 sec. (203.57 ticks)
Sequential b&c:
  Real time             =    0.00 sec. (0.00 ticks)
                          ------------
Total (root+branch&cut) =    0.23 sec. (203.57 ticks)

Solution pool: 3 solutions saved.

MIP - Integer optimal solution:  Objective =  2.1615026710e+03
Solution time =    0.23 sec.  Iterations = 960  Nodes = 0
Deterministic time = 203.69 ticks  (874.19 ticks/sec)

CPLEX> Incumbent solution written to file '/tmp/cmpl.T11079.gsol'.
CPLEX> 
CMPL: Time used for model generation: 1 seconds
CMPL: Time used for solving the model: 1 seconds


Solution written to ASCII file: ../results/output_generated_rate_0.1/2016-12-05-5/equal.sol

Solver - finished
