CMPL model generation - running

CMPL version: 1.11.0
Authors: Thomas Schleiff, Mike Steglich
Distributed under the GPLv3 

create model instance ...
write model instance ...
CMPL model generation - finished

Solver - running


Welcome to IBM(R) ILOG(R) CPLEX(R) Interactive Optimizer 12.7.1.0
  with Simplex, Mixed Integer & Barrier Optimizers
5725-A06 5725-A29 5724-Y48 5724-Y49 5724-Y54 5724-Y55 5655-Y21
Copyright IBM Corp. 1988, 2017.  All Rights Reserved.

Type 'help' for a list of available commands.
Type 'help' followed by a command name for more
information on commands.

CPLEX> Specified objective sense: MINIMIZE
Selected objective  name:  line[1]
Selected RHS        name:  RHS
Selected bound      name:  BOUND
Problem '/tmp/cmpl.T11028.mps' read.
Read time = 0.06 sec. (10.97 ticks)
CPLEX> CPXPARAM_Read_APIEncoding                        "UTF-8"
Tried aggregator 3 times.
MIP Presolve eliminated 24134 rows and 37747 columns.
MIP Presolve modified 425 coefficients.
Aggregator did 725 substitutions.
Reduced MIP has 3148 rows, 4068 columns, and 12036 nonzeros.
Reduced MIP has 3858 binaries, 0 generals, 0 SOSs, and 0 indicators.
Presolve time = 0.06 sec. (51.42 ticks)
Found incumbent of value 15210.068260 after 0.09 sec. (74.73 ticks)
Probing fixed 8 vars, tightened 0 bounds.
Probing time = 0.01 sec. (5.27 ticks)
Tried aggregator 1 time.
MIP Presolve eliminated 0 rows and 8 columns.
MIP Presolve modified 38 coefficients.
Reduced MIP has 3148 rows, 4060 columns, and 12020 nonzeros.
Reduced MIP has 4060 binaries, 0 generals, 0 SOSs, and 0 indicators.
Presolve time = 0.01 sec. (10.18 ticks)
Probing time = 0.01 sec. (2.84 ticks)
Clique table members: 7364.
MIP emphasis: balance optimality and feasibility.
MIP search method: dynamic search.
Parallel mode: none, using 1 thread.
Root relaxation solution time = 0.01 sec. (7.13 ticks)

        Nodes                                         Cuts/
   Node  Left     Objective  IInf  Best Integer    Best Bound    ItCnt     Gap

*     0+    0                        15210.0683     -382.1753           102.51%
      0     0     2146.5889    14    15210.0683     2146.5889      266   85.89%
*     0+    0                         2189.5734     2146.5889             1.96%
*     0+    0                         2149.7889     2146.5889             0.15%
      0     0     2148.8568     1     2149.7889      Cuts: 42      285    0.04%
*     0+    0                         2148.8855     2148.8568             0.00%
      0     0        cutoff           2148.8855     2148.8568      285    0.00%
Elapsed time = 0.16 sec. (131.87 ticks, tree = 0.01 MB, solutions = 4)

GUB cover cuts applied:  3
Clique cuts applied:  8
Cover cuts applied:  19
Gomory fractional cuts applied:  11

Root node processing (before b&c):
  Real time             =    0.16 sec. (134.03 ticks)
Sequential b&c:
  Real time             =    0.00 sec. (0.00 ticks)
                          ------------
Total (root+branch&cut) =    0.16 sec. (134.03 ticks)

Solution pool: 4 solutions saved.

MIP - Integer optimal solution:  Objective =  2.1488855160e+03
Solution time =    0.16 sec.  Iterations = 285  Nodes = 0
Deterministic time = 134.15 ticks  (842.74 ticks/sec)

CPLEX> Incumbent solution written to file '/tmp/cmpl.T11028.gsol'.
CPLEX> 
CMPL: Time used for model generation: 1 seconds
CMPL: Time used for solving the model: 1 seconds


Solution written to ASCII file: ../results/output_generated_rate_0.1/2016-12-05-5/unequal.sol

Solver - finished
