CMPL model generation - running

CMPL version: 1.11.0
Authors: Thomas Schleiff, Mike Steglich
Distributed under the GPLv3 

create model instance ...
write model instance ...
CMPL model generation - finished

Solver - running


Welcome to IBM(R) ILOG(R) CPLEX(R) Interactive Optimizer 12.7.1.0
  with Simplex, Mixed Integer & Barrier Optimizers
5725-A06 5725-A29 5724-Y48 5724-Y49 5724-Y54 5724-Y55 5655-Y21
Copyright IBM Corp. 1988, 2017.  All Rights Reserved.

Type 'help' for a list of available commands.
Type 'help' followed by a command name for more
information on commands.

CPLEX> Specified objective sense: MINIMIZE
Selected objective  name:  line[1]
Selected RHS        name:  RHS
Selected bound      name:  BOUND
Problem '/tmp/cmpl.T10798.mps' read.
Read time = 0.05 sec. (9.74 ticks)
CPLEX> CPXPARAM_Read_APIEncoding                        "UTF-8"
Tried aggregator 3 times.
MIP Presolve eliminated 18491 rows and 29475 columns.
MIP Presolve modified 1020 coefficients.
Aggregator did 1401 substitutions.
Reduced MIP has 2718 rows, 5417 columns, and 17415 nonzeros.
Reduced MIP has 5249 binaries, 0 generals, 0 SOSs, and 0 indicators.
Presolve time = 0.06 sec. (56.79 ticks)
Found incumbent of value 37130.854127 after 0.11 sec. (96.55 ticks)
Probing time = 0.01 sec. (3.01 ticks)
Tried aggregator 1 time.
MIP Presolve eliminated 0 rows and 41 columns.
Reduced MIP has 2718 rows, 5376 columns, and 17333 nonzeros.
Reduced MIP has 5376 binaries, 0 generals, 0 SOSs, and 0 indicators.
Presolve time = 0.02 sec. (13.71 ticks)
Probing time = 0.01 sec. (3.15 ticks)
Clique table members: 3609.
MIP emphasis: balance optimality and feasibility.
MIP search method: dynamic search.
Parallel mode: none, using 1 thread.
Root relaxation solution time = 0.04 sec. (34.37 ticks)

        Nodes                                         Cuts/
   Node  Left     Objective  IInf  Best Integer    Best Bound    ItCnt     Gap

*     0+    0                        37130.8541        0.0000           100.00%
*     0     0      integral     0    17234.9088    17234.9088     2088    0.00%
Elapsed time = 0.19 sec. (162.21 ticks, tree = 0.00 MB, solutions = 2)

Root node processing (before b&c):
  Real time             =    0.20 sec. (163.62 ticks)
Sequential b&c:
  Real time             =    0.00 sec. (0.00 ticks)
                          ------------
Total (root+branch&cut) =    0.20 sec. (163.62 ticks)

Solution pool: 2 solutions saved.

MIP - Integer optimal solution:  Objective =  1.7234908849e+04
Solution time =    0.20 sec.  Iterations = 2088  Nodes = 0
Deterministic time = 163.72 ticks  (831.18 ticks/sec)

CPLEX> Incumbent solution written to file '/tmp/cmpl.T10798.gsol'.
CPLEX> 
CMPL: Time used for model generation: 0 seconds
CMPL: Time used for solving the model: 1 seconds


Solution written to ASCII file: ../results/output_generated_conf_1/2016-11-07-4/equal.sol

Solver - finished
