CMPL model generation - running

CMPL version: 1.11.0
Authors: Thomas Schleiff, Mike Steglich
Distributed under the GPLv3 

create model instance ...
write model instance ...
CMPL model generation - finished

Solver - running


Welcome to IBM(R) ILOG(R) CPLEX(R) Interactive Optimizer 12.7.1.0
  with Simplex, Mixed Integer & Barrier Optimizers
5725-A06 5725-A29 5724-Y48 5724-Y49 5724-Y54 5724-Y55 5655-Y21
Copyright IBM Corp. 1988, 2017.  All Rights Reserved.

Type 'help' for a list of available commands.
Type 'help' followed by a command name for more
information on commands.

CPLEX> Specified objective sense: MINIMIZE
Selected objective  name:  line[1]
Selected RHS        name:  RHS
Selected bound      name:  BOUND
Problem '/tmp/cmpl.T11403.mps' read.
Read time = 0.05 sec. (9.70 ticks)
CPLEX> CPXPARAM_Read_APIEncoding                        "UTF-8"
Tried aggregator 3 times.
MIP Presolve eliminated 18889 rows and 30277 columns.
MIP Presolve modified 683 coefficients.
Aggregator did 998 substitutions.
Reduced MIP has 2723 rows, 5018 columns, and 16222 nonzeros.
Reduced MIP has 4850 binaries, 0 generals, 0 SOSs, and 0 indicators.
Presolve time = 0.06 sec. (53.26 ticks)
Found incumbent of value 28937.104921 after 0.10 sec. (89.20 ticks)
Probing time = 0.01 sec. (3.07 ticks)
Tried aggregator 1 time.
MIP Presolve eliminated 0 rows and 5 columns.
Reduced MIP has 2723 rows, 5013 columns, and 16212 nonzeros.
Reduced MIP has 5013 binaries, 0 generals, 0 SOSs, and 0 indicators.
Presolve time = 0.01 sec. (11.72 ticks)
Probing time = 0.01 sec. (3.14 ticks)
Clique table members: 3272.
MIP emphasis: balance optimality and feasibility.
MIP search method: dynamic search.
Parallel mode: none, using 1 thread.
Root relaxation solution time = 0.03 sec. (28.63 ticks)

        Nodes                                         Cuts/
   Node  Left     Objective  IInf  Best Integer    Best Bound    ItCnt     Gap

*     0+    0                        28937.1049        0.0000           100.00%
*     0     0      integral     0     9556.3371     9556.3371     1578    0.00%
Elapsed time = 0.18 sec. (146.35 ticks, tree = 0.00 MB, solutions = 2)

Root node processing (before b&c):
  Real time             =    0.18 sec. (147.75 ticks)
Sequential b&c:
  Real time             =    0.00 sec. (0.00 ticks)
                          ------------
Total (root+branch&cut) =    0.18 sec. (147.75 ticks)

Solution pool: 2 solutions saved.

MIP - Integer optimal solution:  Objective =  9.5563370580e+03
Solution time =    0.18 sec.  Iterations = 1578  Nodes = 0
Deterministic time = 147.86 ticks  (808.90 ticks/sec)

CPLEX> Incumbent solution written to file '/tmp/cmpl.T11403.gsol'.
CPLEX> 
CMPL: Time used for model generation: 1 seconds
CMPL: Time used for solving the model: 1 seconds


Solution written to ASCII file: ../results/output_generated_rate_0.4/2017-06-05-4/equal.sol

Solver - finished
