CMPL model generation - running

CMPL version: 1.11.0
Authors: Thomas Schleiff, Mike Steglich
Distributed under the GPLv3 

create model instance ...
write model instance ...
CMPL model generation - finished

Solver - running


Welcome to IBM(R) ILOG(R) CPLEX(R) Interactive Optimizer 12.7.1.0
  with Simplex, Mixed Integer & Barrier Optimizers
5725-A06 5725-A29 5724-Y48 5724-Y49 5724-Y54 5724-Y55 5655-Y21
Copyright IBM Corp. 1988, 2017.  All Rights Reserved.

Type 'help' for a list of available commands.
Type 'help' followed by a command name for more
information on commands.

CPLEX> Specified objective sense: MINIMIZE
Selected objective  name:  line[1]
Selected RHS        name:  RHS
Selected bound      name:  BOUND
Problem '/tmp/cmpl.T11081.mps' read.
Read time = 0.05 sec. (9.66 ticks)
CPLEX> CPXPARAM_Read_APIEncoding                        "UTF-8"
Tried aggregator 3 times.
MIP Presolve eliminated 19347 rows and 31173 columns.
MIP Presolve modified 448 coefficients.
Aggregator did 604 substitutions.
Reduced MIP has 2659 rows, 4516 columns, and 14748 nonzeros.
Reduced MIP has 4348 binaries, 0 generals, 0 SOSs, and 0 indicators.
Presolve time = 0.05 sec. (51.82 ticks)
Found incumbent of value 20510.625244 after 0.09 sec. (83.51 ticks)
Probing fixed 7 vars, tightened 0 bounds.
Probing time = 0.01 sec. (7.55 ticks)
Tried aggregator 1 time.
MIP Presolve eliminated 0 rows and 7 columns.
MIP Presolve modified 28 coefficients.
Reduced MIP has 2659 rows, 4509 columns, and 14734 nonzeros.
Reduced MIP has 4509 binaries, 0 generals, 0 SOSs, and 0 indicators.
Presolve time = 0.01 sec. (10.67 ticks)
Probing time = 0.01 sec. (3.00 ticks)
Clique table members: 9263.
MIP emphasis: balance optimality and feasibility.
MIP search method: dynamic search.
Parallel mode: none, using 1 thread.
Root relaxation solution time = 0.02 sec. (17.81 ticks)

        Nodes                                         Cuts/
   Node  Left     Objective  IInf  Best Integer    Best Bound    ItCnt     Gap

*     0+    0                        20510.6252     -463.0453           102.26%
      0     0     1770.0617    12    20510.6252     1770.0617     1171   91.37%
*     0+    0                         1773.4902     1770.0617             0.19%
      0     0     1771.3311     2     1773.4902      Cuts: 35     1205    0.12%
*     0+    0                         1771.9025     1771.3311             0.03%
*     0     0      integral     0     1771.5717       Cuts: 7     1211    0.00%
      0     0        cutoff           1771.5717     1771.5717     1211    0.00%
Elapsed time = 0.18 sec. (164.59 ticks, tree = 0.01 MB, solutions = 4)

GUB cover cuts applied:  3
Clique cuts applied:  3
Cover cuts applied:  23
Gomory fractional cuts applied:  11

Root node processing (before b&c):
  Real time             =    0.19 sec. (166.51 ticks)
Sequential b&c:
  Real time             =    0.00 sec. (0.00 ticks)
                          ------------
Total (root+branch&cut) =    0.19 sec. (166.51 ticks)

Solution pool: 4 solutions saved.

MIP - Integer optimal solution:  Objective =  1.7715716790e+03
Solution time =    0.19 sec.  Iterations = 1211  Nodes = 0
Deterministic time = 166.62 ticks  (895.43 ticks/sec)

CPLEX> Incumbent solution written to file '/tmp/cmpl.T11081.gsol'.
CPLEX> 
CMPL: Time used for model generation: 1 seconds
CMPL: Time used for solving the model: 1 seconds


Solution written to ASCII file: ../results/output_generated_rate_0.1/2017-01-09-4/equal.sol

Solver - finished
