CMPL model generation - running

CMPL version: 1.11.0
Authors: Thomas Schleiff, Mike Steglich
Distributed under the GPLv3 

create model instance ...
write model instance ...
CMPL model generation - finished

Solver - running


Welcome to IBM(R) ILOG(R) CPLEX(R) Interactive Optimizer 12.7.1.0
  with Simplex, Mixed Integer & Barrier Optimizers
5725-A06 5725-A29 5724-Y48 5724-Y49 5724-Y54 5724-Y55 5655-Y21
Copyright IBM Corp. 1988, 2017.  All Rights Reserved.

Type 'help' for a list of available commands.
Type 'help' followed by a command name for more
information on commands.

CPLEX> Specified objective sense: MINIMIZE
Selected objective  name:  line[1]
Selected RHS        name:  RHS
Selected bound      name:  BOUND
Problem '/tmp/cmpl.T11030.mps' read.
Read time = 0.05 sec. (8.85 ticks)
CPLEX> CPXPARAM_Read_APIEncoding                        "UTF-8"
Tried aggregator 3 times.
MIP Presolve eliminated 19347 rows and 30833 columns.
MIP Presolve modified 340 coefficients.
Aggregator did 604 substitutions.
Reduced MIP has 2489 rows, 3241 columns, and 9455 nonzeros.
Reduced MIP has 3073 binaries, 0 generals, 0 SOSs, and 0 indicators.
Presolve time = 0.05 sec. (42.87 ticks)
Found incumbent of value 13262.811016 after 0.07 sec. (60.15 ticks)
Probing fixed 7 vars, tightened 0 bounds.
Probing time = 0.01 sec. (4.20 ticks)
Tried aggregator 1 time.
MIP Presolve eliminated 0 rows and 7 columns.
MIP Presolve modified 28 coefficients.
Reduced MIP has 2489 rows, 3234 columns, and 9441 nonzeros.
Reduced MIP has 3234 binaries, 0 generals, 0 SOSs, and 0 indicators.
Presolve time = 0.01 sec. (8.02 ticks)
Probing time = 0.01 sec. (2.67 ticks)
Clique table members: 5888.
MIP emphasis: balance optimality and feasibility.
MIP search method: dynamic search.
Parallel mode: none, using 1 thread.
Root relaxation solution time = 0.00 sec. (5.01 ticks)

        Nodes                                         Cuts/
   Node  Left     Objective  IInf  Best Integer    Best Bound    ItCnt     Gap

*     0+    0                        13262.8110     -463.0453           103.49%
      0     0     1759.9603    10    13262.8110     1759.9603      198   86.73%
*     0+    0                         1762.8174     1759.9603             0.16%
      0     0     1761.1465     3     1762.8174      Cuts: 33      210    0.09%
*     0+    0                         1761.4004     1761.1465             0.01%
      0     0        cutoff           1761.4004                    211    0.00%
Elapsed time = 0.13 sec. (101.19 ticks, tree = 0.01 MB, solutions = 3)

Clique cuts applied:  6
Cover cuts applied:  18
Gomory fractional cuts applied:  9

Root node processing (before b&c):
  Real time             =    0.13 sec. (102.73 ticks)
Sequential b&c:
  Real time             =    0.00 sec. (0.00 ticks)
                          ------------
Total (root+branch&cut) =    0.13 sec. (102.73 ticks)

Solution pool: 3 solutions saved.

MIP - Integer optimal solution:  Objective =  1.7614004150e+03
Solution time =    0.13 sec.  Iterations = 211  Nodes = 0
Deterministic time = 102.82 ticks  (803.94 ticks/sec)

CPLEX> Incumbent solution written to file '/tmp/cmpl.T11030.gsol'.
CPLEX> 
CMPL: Time used for model generation: 1 seconds
CMPL: Time used for solving the model: 0 seconds


Solution written to ASCII file: ../results/output_generated_rate_0.1/2017-01-09-4/unequal.sol

Solver - finished
