CMPL model generation - running

CMPL version: 1.11.0
Authors: Thomas Schleiff, Mike Steglich
Distributed under the GPLv3 

create model instance ...
write model instance ...
CMPL model generation - finished

Solver - running


Welcome to IBM(R) ILOG(R) CPLEX(R) Interactive Optimizer 12.7.1.0
  with Simplex, Mixed Integer & Barrier Optimizers
5725-A06 5725-A29 5724-Y48 5724-Y49 5724-Y54 5724-Y55 5655-Y21
Copyright IBM Corp. 1988, 2017.  All Rights Reserved.

Type 'help' for a list of available commands.
Type 'help' followed by a command name for more
information on commands.

CPLEX> Specified objective sense: MINIMIZE
Selected objective  name:  line[1]
Selected RHS        name:  RHS
Selected bound      name:  BOUND
Problem '/tmp/cmpl.T15596.mps' read.
Read time = 0.05 sec. (9.65 ticks)
CPLEX> CPXPARAM_Read_APIEncoding                        "UTF-8"
Tried aggregator 3 times.
MIP Presolve eliminated 19399 rows and 31270 columns.
MIP Presolve modified 417 coefficients.
Aggregator did 581 substitutions.
Reduced MIP has 2630 rows, 4442 columns, and 14556 nonzeros.
Reduced MIP has 4274 binaries, 0 generals, 0 SOSs, and 0 indicators.
Presolve time = 0.06 sec. (51.63 ticks)
Found incumbent of value 16800.000000 after 0.09 sec. (73.87 ticks)
Probing fixed 4 vars, tightened 0 bounds.
Probing time = 0.01 sec. (7.12 ticks)
Tried aggregator 1 time.
MIP Presolve eliminated 1 rows and 4 columns.
MIP Presolve modified 15 coefficients.
Reduced MIP has 2629 rows, 4438 columns, and 14544 nonzeros.
Reduced MIP has 4438 binaries, 0 generals, 0 SOSs, and 0 indicators.
Presolve time = 0.01 sec. (12.31 ticks)
Probing time = 0.01 sec. (3.00 ticks)
Clique table members: 8276.
MIP emphasis: balance optimality and feasibility.
MIP search method: dynamic search.
Parallel mode: none, using 1 thread.
Root relaxation solution time = 0.02 sec. (15.93 ticks)

        Nodes                                         Cuts/
   Node  Left     Objective  IInf  Best Integer    Best Bound    ItCnt     Gap

*     0+    0                        16800.0000        0.0000           100.00%
      0     0        9.5429    15    16800.0000        9.5429      726   99.94%
*     0+    0                            9.5429        9.5429             0.00%
      0     0        cutoff              9.5429        9.5429      726    0.00%
Elapsed time = 0.19 sec. (162.36 ticks, tree = 0.01 MB, solutions = 2)

Root node processing (before b&c):
  Real time             =    0.19 sec. (163.79 ticks)
Sequential b&c:
  Real time             =    0.00 sec. (0.00 ticks)
                          ------------
Total (root+branch&cut) =    0.19 sec. (163.79 ticks)

Solution pool: 2 solutions saved.

MIP - Integer optimal solution:  Objective =  9.5428800000e+00
Solution time =    0.19 sec.  Iterations = 726  Nodes = 0
Deterministic time = 163.89 ticks  (861.38 ticks/sec)

CPLEX> Incumbent solution written to file '/tmp/cmpl.T15596.gsol'.
CPLEX> 
CMPL: Time used for model generation: 1 seconds
CMPL: Time used for solving the model: 1 seconds


Solution written to ASCII file: ../results/results_unfair_conf_0/2017-03-06-4/equal-unfair.sol

Solver - finished
