CMPL model generation - running

CMPL version: 1.11.0
Authors: Thomas Schleiff, Mike Steglich
Distributed under the GPLv3 

create model instance ...
write model instance ...
CMPL model generation - finished

Solver - running


Welcome to IBM(R) ILOG(R) CPLEX(R) Interactive Optimizer 12.7.1.0
  with Simplex, Mixed Integer & Barrier Optimizers
5725-A06 5725-A29 5724-Y48 5724-Y49 5724-Y54 5724-Y55 5655-Y21
Copyright IBM Corp. 1988, 2017.  All Rights Reserved.

Type 'help' for a list of available commands.
Type 'help' followed by a command name for more
information on commands.

CPLEX> Specified objective sense: MINIMIZE
Selected objective  name:  line[1]
Selected RHS        name:  RHS
Selected bound      name:  BOUND
Problem '/tmp/cmpl.T10014.mps' read.
Read time = 0.07 sec. (10.97 ticks)
CPLEX> CPXPARAM_Read_APIEncoding                        "UTF-8"
Tried aggregator 3 times.
MIP Presolve eliminated 24129 rows and 37741 columns.
MIP Presolve modified 425 coefficients.
Aggregator did 729 substitutions.
Reduced MIP has 3149 rows, 4070 columns, and 12042 nonzeros.
Reduced MIP has 3860 binaries, 0 generals, 0 SOSs, and 0 indicators.
Presolve time = 0.06 sec. (53.47 ticks)
Found incumbent of value 5433.209407 after 0.09 sec. (74.74 ticks)
Probing fixed 9 vars, tightened 0 bounds.
Probing time = 0.01 sec. (5.25 ticks)
Tried aggregator 1 time.
MIP Presolve eliminated 0 rows and 9 columns.
MIP Presolve modified 41 coefficients.
Reduced MIP has 3149 rows, 4061 columns, and 12024 nonzeros.
Reduced MIP has 4061 binaries, 0 generals, 0 SOSs, and 0 indicators.
Presolve time = 0.01 sec. (10.20 ticks)
Probing time = 0.01 sec. (2.83 ticks)
Clique table members: 7323.
MIP emphasis: balance optimality and feasibility.
MIP search method: dynamic search.
Parallel mode: none, using 1 thread.
Root relaxation solution time = 0.01 sec. (5.80 ticks)

        Nodes                                         Cuts/
   Node  Left     Objective  IInf  Best Integer    Best Bound    ItCnt     Gap

*     0+    0                         5433.2094     -361.1689           106.65%
      0     0     1386.7999    15     5433.2094     1386.7999      145   74.48%
*     0+    0                         1624.7898     1386.7999            14.65%
*     0+    0                         1390.2284     1386.7999             0.25%
*     0     0      integral     0     1389.9999      Cuts: 12      150    0.00%
      0     0        cutoff           1389.9999     1389.9999      150    0.00%
Elapsed time = 0.15 sec. (122.95 ticks, tree = 0.01 MB, solutions = 4)

Clique cuts applied:  3
Cover cuts applied:  6
Gomory fractional cuts applied:  3

Root node processing (before b&c):
  Real time             =    0.15 sec. (125.12 ticks)
Sequential b&c:
  Real time             =    0.00 sec. (0.00 ticks)
                          ------------
Total (root+branch&cut) =    0.15 sec. (125.12 ticks)

Solution pool: 4 solutions saved.

MIP - Integer optimal solution:  Objective =  1.3899998630e+03
Solution time =    0.15 sec.  Iterations = 150  Nodes = 0
Deterministic time = 125.24 ticks  (819.49 ticks/sec)

CPLEX> Incumbent solution written to file '/tmp/cmpl.T10014.gsol'.
CPLEX> 
CMPL: Time used for model generation: 1 seconds
CMPL: Time used for solving the model: 1 seconds


Solution written to ASCII file: ../results/output_generated_conf_0.3/2016-02-01-5/unequal.sol

Solver - finished
