CMPL model generation - running

CMPL version: 1.11.0
Authors: Thomas Schleiff, Mike Steglich
Distributed under the GPLv3 

create model instance ...
write model instance ...
CMPL model generation - finished

Solver - running


Welcome to IBM(R) ILOG(R) CPLEX(R) Interactive Optimizer 12.7.1.0
  with Simplex, Mixed Integer & Barrier Optimizers
5725-A06 5725-A29 5724-Y48 5724-Y49 5724-Y54 5724-Y55 5655-Y21
Copyright IBM Corp. 1988, 2017.  All Rights Reserved.

Type 'help' for a list of available commands.
Type 'help' followed by a command name for more
information on commands.

CPLEX> Specified objective sense: MINIMIZE
Selected objective  name:  line[1]
Selected RHS        name:  RHS
Selected bound      name:  BOUND
Problem '/tmp/cmpl.T11256.mps' read.
Read time = 0.05 sec. (8.88 ticks)
CPLEX> CPXPARAM_Read_APIEncoding                        "UTF-8"
Tried aggregator 3 times.
MIP Presolve eliminated 19021 rows and 30195 columns.
MIP Presolve modified 340 coefficients.
Aggregator did 872 substitutions.
Reduced MIP has 2547 rows, 3611 columns, and 10529 nonzeros.
Reduced MIP has 3443 binaries, 0 generals, 0 SOSs, and 0 indicators.
Presolve time = 0.05 sec. (42.36 ticks)
Found incumbent of value 26144.723292 after 0.09 sec. (72.72 ticks)
Probing fixed 35 vars, tightened 0 bounds.
Probing time = 0.01 sec. (4.81 ticks)
Tried aggregator 1 time.
MIP Presolve eliminated 0 rows and 35 columns.
MIP Presolve modified 251 coefficients.
Reduced MIP has 2547 rows, 3576 columns, and 10459 nonzeros.
Reduced MIP has 3576 binaries, 0 generals, 0 SOSs, and 0 indicators.
Presolve time = 0.01 sec. (10.16 ticks)
Probing time = 0.01 sec. (2.72 ticks)
Clique table members: 6479.
MIP emphasis: balance optimality and feasibility.
MIP search method: dynamic search.
Parallel mode: none, using 1 thread.
Root relaxation solution time = 0.01 sec. (11.32 ticks)

        Nodes                                         Cuts/
   Node  Left     Objective  IInf  Best Integer    Best Bound    ItCnt     Gap

*     0+    0                        26144.7233      -20.2792           100.08%
*     0     0      integral     0     7007.4783     7007.4783      567    0.00%
Elapsed time = 0.14 sec. (110.10 ticks, tree = 0.00 MB, solutions = 2)

Root node processing (before b&c):
  Real time             =    0.14 sec. (111.38 ticks)
Sequential b&c:
  Real time             =    0.00 sec. (0.00 ticks)
                          ------------
Total (root+branch&cut) =    0.14 sec. (111.38 ticks)

Solution pool: 2 solutions saved.

MIP - Integer optimal solution:  Objective =  7.0074782630e+03
Solution time =    0.14 sec.  Iterations = 567  Nodes = 0
Deterministic time = 111.48 ticks  (805.66 ticks/sec)

CPLEX> Incumbent solution written to file '/tmp/cmpl.T11256.gsol'.
CPLEX> 
CMPL: Time used for model generation: 1 seconds
CMPL: Time used for solving the model: 1 seconds


Solution written to ASCII file: ../results/output_generated_rate_0.3/2017-09-04-4/unequal.sol

Solver - finished
