CMPL model generation - running

CMPL version: 1.11.0
Authors: Thomas Schleiff, Mike Steglich
Distributed under the GPLv3 

create model instance ...
write model instance ...
CMPL model generation - finished

Solver - running


Welcome to IBM(R) ILOG(R) CPLEX(R) Interactive Optimizer 12.7.1.0
  with Simplex, Mixed Integer & Barrier Optimizers
5725-A06 5725-A29 5724-Y48 5724-Y49 5724-Y54 5724-Y55 5655-Y21
Copyright IBM Corp. 1988, 2017.  All Rights Reserved.

Type 'help' for a list of available commands.
Type 'help' followed by a command name for more
information on commands.

CPLEX> Specified objective sense: MINIMIZE
Selected objective  name:  line[1]
Selected RHS        name:  RHS
Selected bound      name:  BOUND
Problem '/tmp/cmpl.T11951.mps' read.
Read time = 0.05 sec. (8.93 ticks)
CPLEX> CPXPARAM_Read_APIEncoding                        "UTF-8"
Tried aggregator 3 times.
MIP Presolve eliminated 18490 rows and 29139 columns.
MIP Presolve modified 536 coefficients.
Aggregator did 1397 substitutions.
Reduced MIP has 2553 rows, 4142 columns, and 12126 nonzeros.
Reduced MIP has 3974 binaries, 0 generals, 0 SOSs, and 0 indicators.
Presolve time = 0.05 sec. (46.36 ticks)
Found incumbent of value 37334.756846 after 0.11 sec. (91.33 ticks)
Probing time = 0.01 sec. (2.66 ticks)
Tried aggregator 2 times.
MIP Presolve eliminated 3 rows and 53 columns.
MIP Presolve modified 12 coefficients.
Aggregator did 2 substitutions.
Reduced MIP has 2548 rows, 4087 columns, and 12010 nonzeros.
Reduced MIP has 4087 binaries, 0 generals, 0 SOSs, and 0 indicators.
Presolve time = 0.02 sec. (14.73 ticks)
Probing time = 0.01 sec. (2.81 ticks)
Clique table members: 3522.
MIP emphasis: balance optimality and feasibility.
MIP search method: dynamic search.
Parallel mode: none, using 1 thread.
Root relaxation solution time = 0.02 sec. (18.77 ticks)

        Nodes                                         Cuts/
   Node  Left     Objective  IInf  Best Integer    Best Bound    ItCnt     Gap

*     0+    0                        37334.7568        0.0000           100.00%
*     0     0      integral     0    17184.9807    17184.9807     1164    0.00%
Elapsed time = 0.16 sec. (138.81 ticks, tree = 0.00 MB, solutions = 2)

Root node processing (before b&c):
  Real time             =    0.17 sec. (140.14 ticks)
Sequential b&c:
  Real time             =    0.00 sec. (0.00 ticks)
                          ------------
Total (root+branch&cut) =    0.17 sec. (140.14 ticks)

Solution pool: 2 solutions saved.

MIP - Integer optimal solution:  Objective =  1.7184980655e+04
Solution time =    0.17 sec.  Iterations = 1164  Nodes = 0
Deterministic time = 140.24 ticks  (841.78 ticks/sec)

CPLEX> Incumbent solution written to file '/tmp/cmpl.T11951.gsol'.
CPLEX> 
CMPL: Time used for model generation: 1 seconds
CMPL: Time used for solving the model: 1 seconds


Solution written to ASCII file: ../results/output_generated_rate_1/2016-03-07-4/unequal.sol

Solver - finished
