CMPL model generation - running

CMPL version: 1.11.0
Authors: Thomas Schleiff, Mike Steglich
Distributed under the GPLv3 

create model instance ...
write model instance ...
CMPL model generation - finished

Solver - running


Welcome to IBM(R) ILOG(R) CPLEX(R) Interactive Optimizer 12.7.1.0
  with Simplex, Mixed Integer & Barrier Optimizers
5725-A06 5725-A29 5724-Y48 5724-Y49 5724-Y54 5724-Y55 5655-Y21
Copyright IBM Corp. 1988, 2017.  All Rights Reserved.

Type 'help' for a list of available commands.
Type 'help' followed by a command name for more
information on commands.

CPLEX> Specified objective sense: MINIMIZE
Selected objective  name:  line[1]
Selected RHS        name:  RHS
Selected bound      name:  BOUND
Problem '/tmp/cmpl.T10131.mps' read.
Read time = 0.06 sec. (8.85 ticks)
CPLEX> CPXPARAM_Read_APIEncoding                        "UTF-8"
Tried aggregator 3 times.
MIP Presolve eliminated 19321 rows and 30780 columns.
MIP Presolve modified 340 coefficients.
Aggregator did 622 substitutions.
Reduced MIP has 2497 rows, 3276 columns, and 9554 nonzeros.
Reduced MIP has 3108 binaries, 0 generals, 0 SOSs, and 0 indicators.
Presolve time = 0.08 sec. (41.61 ticks)
Found incumbent of value 5133.732959 after 0.11 sec. (58.20 ticks)
Probing fixed 7 vars, tightened 0 bounds.
Probing time = 0.01 sec. (4.27 ticks)
Tried aggregator 1 time.
MIP Presolve eliminated 0 rows and 7 columns.
MIP Presolve modified 28 coefficients.
Reduced MIP has 2497 rows, 3269 columns, and 9540 nonzeros.
Reduced MIP has 3269 binaries, 0 generals, 0 SOSs, and 0 indicators.
Presolve time = 0.01 sec. (8.08 ticks)
Probing time = 0.01 sec. (2.68 ticks)
Clique table members: 5911.
MIP emphasis: balance optimality and feasibility.
MIP search method: dynamic search.
Parallel mode: none, using 1 thread.
Root relaxation solution time = 0.00 sec. (4.70 ticks)

        Nodes                                         Cuts/
   Node  Left     Objective  IInf  Best Integer    Best Bound    ItCnt     Gap

*     0+    0                         5133.7330     -423.9111           108.26%
      0     0     1461.5087    12     5133.7330     1461.5087      142   71.53%
*     0+    0                         1642.1716     1461.5087            11.00%
*     0+    0                         1464.9373     1461.5087             0.23%
      0     0     1464.4068     1     1464.9373      Cuts: 13      147    0.04%
*     0+    0                         1464.6742     1464.4068             0.02%
      0     0        cutoff           1464.6742                    147    0.00%
Elapsed time = 0.19 sec. (100.18 ticks, tree = 0.01 MB, solutions = 4)

GUB cover cuts applied:  1
Clique cuts applied:  1
Cover cuts applied:  7
Gomory fractional cuts applied:  4

Root node processing (before b&c):
  Real time             =    0.19 sec. (101.94 ticks)
Sequential b&c:
  Real time             =    0.00 sec. (0.00 ticks)
                          ------------
Total (root+branch&cut) =    0.19 sec. (101.94 ticks)

Solution pool: 4 solutions saved.

MIP - Integer optimal solution:  Objective =  1.4646741530e+03
Solution time =    0.19 sec.  Iterations = 147  Nodes = 0
Deterministic time = 102.04 ticks  (541.01 ticks/sec)

CPLEX> Incumbent solution written to file '/tmp/cmpl.T10131.gsol'.
CPLEX> 
CMPL: Time used for model generation: 1 seconds
CMPL: Time used for solving the model: 0 seconds


Solution written to ASCII file: ../results/output_generated_conf_0.4/2016-09-05-4/unequal.sol

Solver - finished
