CMPL model generation - running

CMPL version: 1.11.0
Authors: Thomas Schleiff, Mike Steglich
Distributed under the GPLv3 

create model instance ...
write model instance ...
CMPL model generation - finished

Solver - running


Welcome to IBM(R) ILOG(R) CPLEX(R) Interactive Optimizer 12.7.1.0
  with Simplex, Mixed Integer & Barrier Optimizers
5725-A06 5725-A29 5724-Y48 5724-Y49 5724-Y54 5724-Y55 5655-Y21
Copyright IBM Corp. 1988, 2017.  All Rights Reserved.

Type 'help' for a list of available commands.
Type 'help' followed by a command name for more
information on commands.

CPLEX> Specified objective sense: MINIMIZE
Selected objective  name:  line[1]
Selected RHS        name:  RHS
Selected bound      name:  BOUND
Problem '/tmp/cmpl.T10503.mps' read.
Read time = 0.05 sec. (9.67 ticks)
CPLEX> CPXPARAM_Read_APIEncoding                        "UTF-8"
Tried aggregator 3 times.
MIP Presolve eliminated 19207 rows and 30903 columns.
MIP Presolve modified 521 coefficients.
Aggregator did 703 substitutions.
Reduced MIP has 2700 rows, 4687 columns, and 15237 nonzeros.
Reduced MIP has 4519 binaries, 0 generals, 0 SOSs, and 0 indicators.
Presolve time = 0.06 sec. (51.14 ticks)
Probing fixed 22 vars, tightened 0 bounds.
Probing time = 0.01 sec. (7.86 ticks)
Tried aggregator 1 time.
MIP Presolve eliminated 1 rows and 22 columns.
MIP Presolve modified 117 coefficients.
Reduced MIP has 2699 rows, 4665 columns, and 15189 nonzeros.
Reduced MIP has 4665 binaries, 0 generals, 0 SOSs, and 0 indicators.
Presolve time = 0.01 sec. (12.49 ticks)
Probing time = 0.01 sec. (3.02 ticks)
Clique table members: 9544.
MIP emphasis: balance optimality and feasibility.
MIP search method: dynamic search.
Parallel mode: none, using 1 thread.
Root relaxation solution time = 0.02 sec. (16.14 ticks)

        Nodes                                         Cuts/
   Node  Left     Objective  IInf  Best Integer    Best Bound    ItCnt     Gap

      0     0     3489.5509     4                   3489.5509     1014         
*     0+    0                         3509.8168     3489.5509             0.58%
*     0+    0                         3490.6937     3489.5509             0.03%
*     0     0      integral     0     3489.9694      Cuts: 10     1018    0.00%
      0     0        cutoff           3489.9694     3489.9694     1018    0.00%
Elapsed time = 0.20 sec. (169.11 ticks, tree = 0.01 MB, solutions = 3)

GUB cover cuts applied:  1
Clique cuts applied:  1
Cover cuts applied:  5
Gomory fractional cuts applied:  3

Root node processing (before b&c):
  Real time             =    0.20 sec. (170.78 ticks)
Sequential b&c:
  Real time             =    0.00 sec. (0.00 ticks)
                          ------------
Total (root+branch&cut) =    0.20 sec. (170.78 ticks)

Solution pool: 3 solutions saved.

MIP - Integer optimal solution:  Objective =  3.4899693660e+03
Solution time =    0.20 sec.  Iterations = 1018  Nodes = 0
Deterministic time = 170.88 ticks  (851.85 ticks/sec)

CPLEX> Incumbent solution written to file '/tmp/cmpl.T10503.gsol'.
CPLEX> 
CMPL: Time used for model generation: 1 seconds
CMPL: Time used for solving the model: 0 seconds


Solution written to ASCII file: ../results/output_generated_conf_0.7/2017-04-03-4/equal.sol

Solver - finished
