CMPL model generation - running

CMPL version: 1.11.0
Authors: Thomas Schleiff, Mike Steglich
Distributed under the GPLv3 

create model instance ...
write model instance ...
CMPL model generation - finished

Solver - running


Welcome to IBM(R) ILOG(R) CPLEX(R) Interactive Optimizer 12.7.1.0
  with Simplex, Mixed Integer & Barrier Optimizers
5725-A06 5725-A29 5724-Y48 5724-Y49 5724-Y54 5724-Y55 5655-Y21
Copyright IBM Corp. 1988, 2017.  All Rights Reserved.

Type 'help' for a list of available commands.
Type 'help' followed by a command name for more
information on commands.

CPLEX> Specified objective sense: MINIMIZE
Selected objective  name:  line[1]
Selected RHS        name:  RHS
Selected bound      name:  BOUND
Problem '/tmp/cmpl.T10452.mps' read.
Read time = 0.05 sec. (8.86 ticks)
CPLEX> CPXPARAM_Read_APIEncoding                        "UTF-8"
Tried aggregator 3 times.
MIP Presolve eliminated 19208 rows and 30563 columns.
MIP Presolve modified 340 coefficients.
Aggregator did 703 substitutions.
Reduced MIP has 2529 rows, 3412 columns, and 9940 nonzeros.
Reduced MIP has 3244 binaries, 0 generals, 0 SOSs, and 0 indicators.
Presolve time = 0.05 sec. (41.91 ticks)
Found incumbent of value 11773.661374 after 0.08 sec. (63.29 ticks)
Probing fixed 22 vars, tightened 0 bounds.
Probing time = 0.01 sec. (4.46 ticks)
Tried aggregator 1 time.
MIP Presolve eliminated 0 rows and 22 columns.
MIP Presolve modified 114 coefficients.
Reduced MIP has 2529 rows, 3390 columns, and 9896 nonzeros.
Reduced MIP has 3390 binaries, 0 generals, 0 SOSs, and 0 indicators.
Presolve time = 0.01 sec. (8.50 ticks)
Probing time = 0.01 sec. (2.71 ticks)
Clique table members: 6033.
MIP emphasis: balance optimality and feasibility.
MIP search method: dynamic search.
Parallel mode: none, using 1 thread.
Root relaxation solution time = 0.01 sec. (6.51 ticks)

        Nodes                                         Cuts/
   Node  Left     Objective  IInf  Best Integer    Best Bound    ItCnt     Gap

*     0+    0                        11773.6614     -220.8523           101.88%
      0     0     3478.2630     3    11773.6614     3478.2630      278   70.46%
*     0+    0                         3498.4038     3478.2630             0.58%
*     0+    0                         3479.1202     3478.2630             0.02%
*     0     0      integral     0     3478.7293       Cuts: 6      280    0.00%
      0     0        cutoff           3478.7293     3478.7293      280    0.00%
Elapsed time = 0.13 sec. (105.30 ticks, tree = 0.01 MB, solutions = 4)

Cover cuts applied:  4
Gomory fractional cuts applied:  2

Root node processing (before b&c):
  Real time             =    0.14 sec. (107.06 ticks)
Sequential b&c:
  Real time             =    0.00 sec. (0.00 ticks)
                          ------------
Total (root+branch&cut) =    0.14 sec. (107.06 ticks)

Solution pool: 4 solutions saved.

MIP - Integer optimal solution:  Objective =  3.4787293320e+03
Solution time =    0.14 sec.  Iterations = 280  Nodes = 0
Deterministic time = 107.16 ticks  (777.91 ticks/sec)

CPLEX> Incumbent solution written to file '/tmp/cmpl.T10452.gsol'.
CPLEX> 
CMPL: Time used for model generation: 1 seconds
CMPL: Time used for solving the model: 1 seconds


Solution written to ASCII file: ../results/output_generated_conf_0.7/2017-04-03-4/unequal.sol

Solver - finished
