CMPL model generation - running

CMPL version: 1.11.0
Authors: Thomas Schleiff, Mike Steglich
Distributed under the GPLv3 

create model instance ...
write model instance ...
CMPL model generation - finished

Solver - running


Welcome to IBM(R) ILOG(R) CPLEX(R) Interactive Optimizer 12.7.1.0
  with Simplex, Mixed Integer & Barrier Optimizers
5725-A06 5725-A29 5724-Y48 5724-Y49 5724-Y54 5724-Y55 5655-Y21
Copyright IBM Corp. 1988, 2017.  All Rights Reserved.

Type 'help' for a list of available commands.
Type 'help' followed by a command name for more
information on commands.

CPLEX> Specified objective sense: MINIMIZE
Selected objective  name:  line[1]
Selected RHS        name:  RHS
Selected bound      name:  BOUND
Problem '/tmp/cmpl.T15537.mps' read.
Read time = 0.06 sec. (9.61 ticks)
CPLEX> CPXPARAM_Read_APIEncoding                        "UTF-8"
Tried aggregator 3 times.
MIP Presolve eliminated 19403 rows and 31271 columns.
MIP Presolve modified 417 coefficients.
Aggregator did 577 substitutions.
Reduced MIP has 2630 rows, 4445 columns, and 14569 nonzeros.
Reduced MIP has 4277 binaries, 0 generals, 0 SOSs, and 0 indicators.
Presolve time = 0.06 sec. (49.75 ticks)
Probing fixed 4 vars, tightened 0 bounds.
Probing time = 0.01 sec. (7.09 ticks)
Tried aggregator 1 time.
MIP Presolve eliminated 1 rows and 4 columns.
MIP Presolve modified 21 coefficients.
Reduced MIP has 2629 rows, 4441 columns, and 14557 nonzeros.
Reduced MIP has 4441 binaries, 0 generals, 0 SOSs, and 0 indicators.
Presolve time = 0.01 sec. (12.37 ticks)
Probing time = 0.01 sec. (3.00 ticks)
Clique table members: 8111.
MIP emphasis: balance optimality and feasibility.
MIP search method: dynamic search.
Parallel mode: none, using 1 thread.
Root relaxation solution time = 0.01 sec. (7.81 ticks)

        Nodes                                         Cuts/
   Node  Left     Objective  IInf  Best Integer    Best Bound    ItCnt     Gap

      0     0        0.0000   142                      0.0000      228         
      0     0        0.0000    30                    Cuts: 20      248         
      0     0        0.0000    29                    Cuts: 86      314         
*     0+    0                          100.0000        0.0000           100.00%
*     0+    0                            0.0000        0.0000             0.00%
      0     0        cutoff              0.0000        0.0000      314    0.00%
Elapsed time = 0.35 sec. (329.96 ticks, tree = 0.01 MB, solutions = 2)

GUB cover cuts applied:  13
Clique cuts applied:  20
Cover cuts applied:  1
Flow cuts applied:  3
Mixed integer rounding cuts applied:  13
Zero-half cuts applied:  14
Lift and project cuts applied:  5
Gomory fractional cuts applied:  8

Root node processing (before b&c):
  Real time             =    0.36 sec. (331.40 ticks)
Sequential b&c:
  Real time             =    0.00 sec. (0.00 ticks)
                          ------------
Total (root+branch&cut) =    0.36 sec. (331.40 ticks)

Solution pool: 2 solutions saved.

MIP - Integer optimal solution:  Objective =  0.0000000000e+00
Solution time =    0.36 sec.  Iterations = 314  Nodes = 0
Deterministic time = 331.51 ticks  (931.68 ticks/sec)

CPLEX> Incumbent solution written to file '/tmp/cmpl.T15537.gsol'.
CPLEX> 
CMPL: Time used for model generation: 1 seconds
CMPL: Time used for solving the model: 1 seconds


Solution written to ASCII file: ../results/results_unfair_conf_0/2016-11-07-4/unequal-unfair.sol

Solver - finished
