CMPL model generation - running

CMPL version: 1.11.0
Authors: Thomas Schleiff, Mike Steglich
Distributed under the GPLv3 

create model instance ...
write model instance ...
CMPL model generation - finished

Solver - running


Welcome to IBM(R) ILOG(R) CPLEX(R) Interactive Optimizer 12.7.1.0
  with Simplex, Mixed Integer & Barrier Optimizers
5725-A06 5725-A29 5724-Y48 5724-Y49 5724-Y54 5724-Y55 5655-Y21
Copyright IBM Corp. 1988, 2017.  All Rights Reserved.

Type 'help' for a list of available commands.
Type 'help' followed by a command name for more
information on commands.

CPLEX> Specified objective sense: MINIMIZE
Selected objective  name:  line[1]
Selected RHS        name:  RHS
Selected bound      name:  BOUND
Problem '/tmp/cmpl.T11899.mps' read.
Read time = 0.05 sec. (9.74 ticks)
CPLEX> CPXPARAM_Read_APIEncoding                        "UTF-8"
Tried aggregator 3 times.
MIP Presolve eliminated 18537 rows and 29573 columns.
MIP Presolve modified 961 coefficients.
Aggregator did 1350 substitutions.
Reduced MIP has 2723 rows, 5370 columns, and 17278 nonzeros.
Reduced MIP has 5202 binaries, 0 generals, 0 SOSs, and 0 indicators.
Presolve time = 0.06 sec. (56.42 ticks)
Found incumbent of value 36160.656936 after 0.11 sec. (95.90 ticks)
Probing time = 0.01 sec. (3.01 ticks)
Tried aggregator 1 time.
MIP Presolve eliminated 0 rows and 39 columns.
Reduced MIP has 2723 rows, 5331 columns, and 17200 nonzeros.
Reduced MIP has 5331 binaries, 0 generals, 0 SOSs, and 0 indicators.
Presolve time = 0.01 sec. (13.51 ticks)
Probing time = 0.01 sec. (3.15 ticks)
Clique table members: 3626.
MIP emphasis: balance optimality and feasibility.
MIP search method: dynamic search.
Parallel mode: none, using 1 thread.
Root relaxation solution time = 0.04 sec. (42.86 ticks)

        Nodes                                         Cuts/
   Node  Left     Objective  IInf  Best Integer    Best Bound    ItCnt     Gap

*     0+    0                        36160.6569        0.0000           100.00%
*     0     0      integral     0    16290.5882    16290.5882     2365    0.00%
Elapsed time = 0.20 sec. (170.40 ticks, tree = 0.00 MB, solutions = 2)

Root node processing (before b&c):
  Real time             =    0.20 sec. (171.80 ticks)
Sequential b&c:
  Real time             =    0.00 sec. (0.00 ticks)
                          ------------
Total (root+branch&cut) =    0.20 sec. (171.80 ticks)

Solution pool: 2 solutions saved.

MIP - Integer optimal solution:  Objective =  1.6290588213e+04
Solution time =    0.20 sec.  Iterations = 2365  Nodes = 0
Deterministic time = 171.91 ticks  (851.48 ticks/sec)

CPLEX> Incumbent solution written to file '/tmp/cmpl.T11899.gsol'.
CPLEX> 
CMPL: Time used for model generation: 0 seconds
CMPL: Time used for solving the model: 1 seconds


Solution written to ASCII file: ../results/output_generated_rate_0.9/2016-04-04-4/equal.sol

Solver - finished
