CMPL model generation - running

CMPL version: 1.11.0
Authors: Thomas Schleiff, Mike Steglich
Distributed under the GPLv3 

create model instance ...
write model instance ...
CMPL model generation - finished

Solver - running


Welcome to IBM(R) ILOG(R) CPLEX(R) Interactive Optimizer 12.7.1.0
  with Simplex, Mixed Integer & Barrier Optimizers
5725-A06 5725-A29 5724-Y48 5724-Y49 5724-Y54 5724-Y55 5655-Y21
Copyright IBM Corp. 1988, 2017.  All Rights Reserved.

Type 'help' for a list of available commands.
Type 'help' followed by a command name for more
information on commands.

CPLEX> Specified objective sense: MINIMIZE
Selected objective  name:  line[1]
Selected RHS        name:  RHS
Selected bound      name:  BOUND
Problem '/tmp/cmpl.T11513.mps' read.
Read time = 0.06 sec. (9.72 ticks)
CPLEX> CPXPARAM_Read_APIEncoding                        "UTF-8"
Tried aggregator 3 times.
MIP Presolve eliminated 18776 rows and 30045 columns.
MIP Presolve modified 786 coefficients.
Aggregator did 1116 substitutions.
Reduced MIP has 2718 rows, 5132 columns, and 16560 nonzeros.
Reduced MIP has 4964 binaries, 0 generals, 0 SOSs, and 0 indicators.
Presolve time = 0.06 sec. (54.10 ticks)
Found incumbent of value 30746.672894 after 0.11 sec. (90.72 ticks)
Probing time = 0.01 sec. (3.06 ticks)
Tried aggregator 1 time.
MIP Presolve eliminated 0 rows and 10 columns.
Reduced MIP has 2718 rows, 5122 columns, and 16540 nonzeros.
Reduced MIP has 5122 binaries, 0 generals, 0 SOSs, and 0 indicators.
Presolve time = 0.01 sec. (12.07 ticks)
Probing time = 0.01 sec. (3.14 ticks)
Clique table members: 3324.
MIP emphasis: balance optimality and feasibility.
MIP search method: dynamic search.
Parallel mode: none, using 1 thread.
Root relaxation solution time = 0.03 sec. (29.53 ticks)

        Nodes                                         Cuts/
   Node  Left     Objective  IInf  Best Integer    Best Bound    ItCnt     Gap

*     0+    0                        30746.6729        0.0000           100.00%
*     0     0      integral     0    11731.7165    11731.7165     1495    0.00%
Elapsed time = 0.18 sec. (149.32 ticks, tree = 0.00 MB, solutions = 2)

Root node processing (before b&c):
  Real time             =    0.18 sec. (150.72 ticks)
Sequential b&c:
  Real time             =    0.00 sec. (0.00 ticks)
                          ------------
Total (root+branch&cut) =    0.18 sec. (150.72 ticks)

Solution pool: 2 solutions saved.

MIP - Integer optimal solution:  Objective =  1.1731716506e+04
Solution time =    0.18 sec.  Iterations = 1495  Nodes = 0
Deterministic time = 150.82 ticks  (823.04 ticks/sec)

CPLEX> Incumbent solution written to file '/tmp/cmpl.T11513.gsol'.
CPLEX> 
CMPL: Time used for model generation: 1 seconds
CMPL: Time used for solving the model: 0 seconds


Solution written to ASCII file: ../results/output_generated_rate_0.5/2017-09-04-4/equal.sol

Solver - finished
