CMPL model generation - running

CMPL version: 1.11.0
Authors: Thomas Schleiff, Mike Steglich
Distributed under the GPLv3 

create model instance ...
write model instance ...
CMPL model generation - finished

Solver - running


Welcome to IBM(R) ILOG(R) CPLEX(R) Interactive Optimizer 12.7.1.0
  with Simplex, Mixed Integer & Barrier Optimizers
5725-A06 5725-A29 5724-Y48 5724-Y49 5724-Y54 5724-Y55 5655-Y21
Copyright IBM Corp. 1988, 2017.  All Rights Reserved.

Type 'help' for a list of available commands.
Type 'help' followed by a command name for more
information on commands.

CPLEX> Specified objective sense: MINIMIZE
Selected objective  name:  line[1]
Selected RHS        name:  RHS
Selected bound      name:  BOUND
Problem '/tmp/cmpl.T11538.mps' read.
Read time = 0.05 sec. (8.91 ticks)
CPLEX> CPXPARAM_Read_APIEncoding                        "UTF-8"
Tried aggregator 3 times.
MIP Presolve eliminated 18687 rows and 29527 columns.
MIP Presolve modified 340 coefficients.
Aggregator did 1205 substitutions.
Reduced MIP has 2548 rows, 3946 columns, and 11534 nonzeros.
Reduced MIP has 3778 binaries, 0 generals, 0 SOSs, and 0 indicators.
Presolve time = 0.05 sec. (43.32 ticks)
Found incumbent of value 33612.019227 after 0.09 sec. (79.84 ticks)
Probing time = 0.01 sec. (2.71 ticks)
Tried aggregator 1 time.
MIP Presolve eliminated 0 rows and 25 columns.
Reduced MIP has 2548 rows, 3921 columns, and 11484 nonzeros.
Reduced MIP has 3921 binaries, 0 generals, 0 SOSs, and 0 indicators.
Presolve time = 0.01 sec. (9.73 ticks)
Probing time = 0.01 sec. (2.82 ticks)
Clique table members: 3328.
MIP emphasis: balance optimality and feasibility.
MIP search method: dynamic search.
Parallel mode: none, using 1 thread.
Root relaxation solution time = 0.02 sec. (16.04 ticks)

        Nodes                                         Cuts/
   Node  Left     Objective  IInf  Best Integer    Best Bound    ItCnt     Gap

*     0+    0                        33612.0192        0.0000           100.00%
*     0     0      integral     0    13438.0659    13438.0659      989    0.00%
Elapsed time = 0.14 sec. (119.18 ticks, tree = 0.00 MB, solutions = 2)

Root node processing (before b&c):
  Real time             =    0.15 sec. (120.51 ticks)
Sequential b&c:
  Real time             =    0.00 sec. (0.00 ticks)
                          ------------
Total (root+branch&cut) =    0.15 sec. (120.51 ticks)

Solution pool: 2 solutions saved.

MIP - Integer optimal solution:  Objective =  1.3438065902e+04
Solution time =    0.15 sec.  Iterations = 989  Nodes = 0
Deterministic time = 120.60 ticks  (819.48 ticks/sec)

CPLEX> Incumbent solution written to file '/tmp/cmpl.T11538.gsol'.
CPLEX> 
CMPL: Time used for model generation: 1 seconds
CMPL: Time used for solving the model: 1 seconds


Solution written to ASCII file: ../results/output_generated_rate_0.6/2016-06-06-4/unequal.sol

Solver - finished
