CMPL model generation - running

CMPL version: 1.11.0
Authors: Thomas Schleiff, Mike Steglich
Distributed under the GPLv3 

create model instance ...
write model instance ...
CMPL model generation - finished

Solver - running


Welcome to IBM(R) ILOG(R) CPLEX(R) Interactive Optimizer 12.7.1.0
  with Simplex, Mixed Integer & Barrier Optimizers
5725-A06 5725-A29 5724-Y48 5724-Y49 5724-Y54 5724-Y55 5655-Y21
Copyright IBM Corp. 1988, 2017.  All Rights Reserved.

Type 'help' for a list of available commands.
Type 'help' followed by a command name for more
information on commands.

CPLEX> Specified objective sense: MINIMIZE
Selected objective  name:  line[1]
Selected RHS        name:  RHS
Selected bound      name:  BOUND
Problem '/tmp/cmpl.T10000.mps' read.
Read time = 0.05 sec. (9.66 ticks)
CPLEX> CPXPARAM_Read_APIEncoding                        "UTF-8"
Tried aggregator 3 times.
MIP Presolve eliminated 19368 rows and 31213 columns.
MIP Presolve modified 434 coefficients.
Aggregator did 606 substitutions.
Reduced MIP has 2636 rows, 4474 columns, and 14650 nonzeros.
Reduced MIP has 4306 binaries, 0 generals, 0 SOSs, and 0 indicators.
Presolve time = 0.06 sec. (53.51 ticks)
Probing fixed 10 vars, tightened 0 bounds.
Probing time = 0.01 sec. (7.35 ticks)
Tried aggregator 1 time.
MIP Presolve eliminated 0 rows and 10 columns.
MIP Presolve modified 43 coefficients.
Reduced MIP has 2636 rows, 4464 columns, and 14630 nonzeros.
Reduced MIP has 4464 binaries, 0 generals, 0 SOSs, and 0 indicators.
Presolve time = 0.01 sec. (10.68 ticks)
Probing time = 0.01 sec. (3.01 ticks)
Clique table members: 8196.
MIP emphasis: balance optimality and feasibility.
MIP search method: dynamic search.
Parallel mode: none, using 1 thread.
Root relaxation solution time = 0.02 sec. (18.88 ticks)

        Nodes                                         Cuts/
   Node  Left     Objective  IInf  Best Integer    Best Bound    ItCnt     Gap

      0     0      680.8628    16                    680.8628     1108         
*     0+    0                          685.4342      680.8628             0.67%
*     0     0      integral     0      685.1504       Cuts: 6     1111    0.00%
      0     0        cutoff            685.1504      685.1504     1111    0.00%
Elapsed time = 0.19 sec. (170.34 ticks, tree = 0.01 MB, solutions = 2)

Cover cuts applied:  4
Gomory fractional cuts applied:  2

Root node processing (before b&c):
  Real time             =    0.20 sec. (171.77 ticks)
Sequential b&c:
  Real time             =    0.00 sec. (0.00 ticks)
                          ------------
Total (root+branch&cut) =    0.20 sec. (171.77 ticks)

Solution pool: 2 solutions saved.

MIP - Integer optimal solution:  Objective =  6.8515037300e+02
Solution time =    0.20 sec.  Iterations = 1111  Nodes = 0
Deterministic time = 171.87 ticks  (877.92 ticks/sec)

CPLEX> Incumbent solution written to file '/tmp/cmpl.T10000.gsol'.
CPLEX> 
CMPL: Time used for model generation: 1 seconds
CMPL: Time used for solving the model: 1 seconds


Solution written to ASCII file: ../results/output_generated_conf_0.2/2017-09-04-4/equal.sol

Solver - finished
