CMPL model generation - running

CMPL version: 1.11.0
Authors: Thomas Schleiff, Mike Steglich
Distributed under the GPLv3 

create model instance ...
write model instance ...
CMPL model generation - finished

Solver - running


Welcome to IBM(R) ILOG(R) CPLEX(R) Interactive Optimizer 12.7.1.0
  with Simplex, Mixed Integer & Barrier Optimizers
5725-A06 5725-A29 5724-Y48 5724-Y49 5724-Y54 5724-Y55 5655-Y21
Copyright IBM Corp. 1988, 2017.  All Rights Reserved.

Type 'help' for a list of available commands.
Type 'help' followed by a command name for more
information on commands.

CPLEX> Specified objective sense: MINIMIZE
Selected objective  name:  line[1]
Selected RHS        name:  RHS
Selected bound      name:  BOUND
Problem '/tmp/cmpl.XM9949.mps' read.
Read time = 0.05 sec. (8.85 ticks)
CPLEX> CPXPARAM_Read_APIEncoding                        "UTF-8"
Tried aggregator 3 times.
MIP Presolve eliminated 19368 rows and 30873 columns.
MIP Presolve modified 340 coefficients.
Aggregator did 606 substitutions.
Reduced MIP has 2466 rows, 3199 columns, and 9357 nonzeros.
Reduced MIP has 3031 binaries, 0 generals, 0 SOSs, and 0 indicators.
Presolve time = 0.05 sec. (44.50 ticks)
Found incumbent of value 5449.325141 after 0.07 sec. (59.67 ticks)
Probing fixed 10 vars, tightened 0 bounds.
Probing time = 0.01 sec. (4.04 ticks)
Tried aggregator 1 time.
MIP Presolve eliminated 0 rows and 10 columns.
MIP Presolve modified 43 coefficients.
Reduced MIP has 2466 rows, 3189 columns, and 9337 nonzeros.
Reduced MIP has 3189 binaries, 0 generals, 0 SOSs, and 0 indicators.
Presolve time = 0.01 sec. (8.01 ticks)
Probing time = 0.01 sec. (2.67 ticks)
Clique table members: 5227.
MIP emphasis: balance optimality and feasibility.
MIP search method: dynamic search.
Parallel mode: none, using 1 thread.
Root relaxation solution time = 0.00 sec. (4.38 ticks)

        Nodes                                         Cuts/
   Node  Left     Objective  IInf  Best Integer    Best Bound    ItCnt     Gap

*     0+    0                         5449.3251     -362.8029           106.66%
      0     0      668.1771    16     5449.3251      668.1771       97   87.74%
*     0+    0                         1003.8718      668.1771            33.44%
*     0+    0                          672.7485      668.1771             0.68%
*     0     0      integral     0      672.4647       Cuts: 6       99    0.00%
      0     0        cutoff            672.4647      672.4647       99    0.00%
Elapsed time = 0.12 sec. (97.84 ticks, tree = 0.01 MB, solutions = 4)

Cover cuts applied:  4
Gomory fractional cuts applied:  2

Root node processing (before b&c):
  Real time             =    0.12 sec. (99.60 ticks)
Sequential b&c:
  Real time             =    0.00 sec. (0.00 ticks)
                          ------------
Total (root+branch&cut) =    0.12 sec. (99.60 ticks)

Solution pool: 4 solutions saved.

MIP - Integer optimal solution:  Objective =  6.7246466400e+02
Solution time =    0.12 sec.  Iterations = 99  Nodes = 0
Deterministic time = 99.70 ticks  (815.65 ticks/sec)

CPLEX> Incumbent solution written to file '/tmp/cmpl.XM9949.gsol'.
CPLEX> 
CMPL: Time used for model generation: 0 seconds
CMPL: Time used for solving the model: 1 seconds


Solution written to ASCII file: ../results/output_generated_conf_0.2/2017-09-04-4/unequal.sol

Solver - finished
