CMPL model generation - running

CMPL version: 1.11.0
Authors: Thomas Schleiff, Mike Steglich
Distributed under the GPLv3 

create model instance ...
write model instance ...
CMPL model generation - finished

Solver - running


Welcome to IBM(R) ILOG(R) CPLEX(R) Interactive Optimizer 12.7.1.0
  with Simplex, Mixed Integer & Barrier Optimizers
5725-A06 5725-A29 5724-Y48 5724-Y49 5724-Y54 5724-Y55 5655-Y21
Copyright IBM Corp. 1988, 2017.  All Rights Reserved.

Type 'help' for a list of available commands.
Type 'help' followed by a command name for more
information on commands.

CPLEX> Specified objective sense: MINIMIZE
Selected objective  name:  line[1]
Selected RHS        name:  RHS
Selected bound      name:  BOUND
Problem '/tmp/cmpl.T10683.mps' read.
Read time = 0.06 sec. (11.97 ticks)
CPLEX> CPXPARAM_Read_APIEncoding                        "UTF-8"
Tried aggregator 3 times.
MIP Presolve eliminated 23727 rows and 36945 columns.
MIP Presolve modified 655 coefficients.
Aggregator did 1096 substitutions.
Reduced MIP has 3354 rows, 6114 columns, and 19991 nonzeros.
Reduced MIP has 5904 binaries, 0 generals, 0 SOSs, and 0 indicators.
Presolve time = 0.08 sec. (61.44 ticks)
Probing time = 0.01 sec. (3.29 ticks)
Tried aggregator 1 time.
MIP Presolve eliminated 0 rows and 6 columns.
Reduced MIP has 3354 rows, 6108 columns, and 19979 nonzeros.
Reduced MIP has 6108 binaries, 0 generals, 0 SOSs, and 0 indicators.
Presolve time = 0.03 sec. (14.49 ticks)
Probing time = 0.01 sec. (3.36 ticks)
Clique table members: 3867.
MIP emphasis: balance optimality and feasibility.
MIP search method: dynamic search.
Parallel mode: none, using 1 thread.
Root relaxation solution time = 0.03 sec. (30.61 ticks)

        Nodes                                         Cuts/
   Node  Left     Objective  IInf  Best Integer    Best Bound    ItCnt     Gap

*     0     0      integral     0     8908.9163     8908.9163     1659    0.00%
Elapsed time = 0.27 sec. (187.11 ticks, tree = 0.00 MB, solutions = 1)

Root node processing (before b&c):
  Real time             =    0.27 sec. (188.55 ticks)
Sequential b&c:
  Real time             =    0.00 sec. (0.00 ticks)
                          ------------
Total (root+branch&cut) =    0.27 sec. (188.55 ticks)

Solution pool: 1 solution saved.

MIP - Integer optimal solution:  Objective =  8.9089163430e+03
Solution time =    0.27 sec.  Iterations = 1659  Nodes = 0
Deterministic time = 188.68 ticks  (700.38 ticks/sec)

CPLEX> Incumbent solution written to file '/tmp/cmpl.T10683.gsol'.
CPLEX> 
CMPL: Time used for model generation: 1 seconds
CMPL: Time used for solving the model: 1 seconds


Solution written to ASCII file: ../results/output_generated_conf_0.9/2016-05-02-5/equal.sol

Solver - finished
