CMPL model generation - running

CMPL version: 1.11.0
Authors: Thomas Schleiff, Mike Steglich
Distributed under the GPLv3 

create model instance ...
write model instance ...
CMPL model generation - finished

Solver - running


Welcome to IBM(R) ILOG(R) CPLEX(R) Interactive Optimizer 12.7.1.0
  with Simplex, Mixed Integer & Barrier Optimizers
5725-A06 5725-A29 5724-Y48 5724-Y49 5724-Y54 5724-Y55 5655-Y21
Copyright IBM Corp. 1988, 2017.  All Rights Reserved.

Type 'help' for a list of available commands.
Type 'help' followed by a command name for more
information on commands.

CPLEX> Specified objective sense: MINIMIZE
Selected objective  name:  line[1]
Selected RHS        name:  RHS
Selected bound      name:  BOUND
Problem '/tmp/cmpl.T10186.mps' read.
Read time = 0.05 sec. (9.66 ticks)
CPLEX> CPXPARAM_Read_APIEncoding                        "UTF-8"
Tried aggregator 3 times.
MIP Presolve eliminated 19323 rows and 31121 columns.
MIP Presolve modified 456 coefficients.
Aggregator did 622 substitutions.
Reduced MIP has 2665 rows, 4550 columns, and 14844 nonzeros.
Reduced MIP has 4382 binaries, 0 generals, 0 SOSs, and 0 indicators.
Presolve time = 0.05 sec. (50.34 ticks)
Found incumbent of value 20477.355022 after 0.09 sec. (83.11 ticks)
Probing fixed 5 vars, tightened 0 bounds.
Probing time = 0.01 sec. (7.52 ticks)
Tried aggregator 1 time.
MIP Presolve eliminated 0 rows and 5 columns.
MIP Presolve modified 27 coefficients.
Reduced MIP has 2665 rows, 4545 columns, and 14834 nonzeros.
Reduced MIP has 4545 binaries, 0 generals, 0 SOSs, and 0 indicators.
Presolve time = 0.01 sec. (10.73 ticks)
Probing time = 0.01 sec. (3.00 ticks)
Clique table members: 9323.
MIP emphasis: balance optimality and feasibility.
MIP search method: dynamic search.
Parallel mode: none, using 1 thread.
Root relaxation solution time = 0.01 sec. (16.27 ticks)

        Nodes                                         Cuts/
   Node  Left     Objective  IInf  Best Integer    Best Bound    ItCnt     Gap

*     0+    0                        20477.3550     -462.8300           102.26%
      0     0     1431.7970    10    20477.3550     1431.7970     1031   93.01%
*     0+    0                         1550.8083     1431.7970             7.67%
*     0+    0                         1434.6541     1431.7970             0.20%
      0     0     1434.1744     1     1434.6541      Cuts: 10     1035    0.03%
*     0+    0                         1434.3501     1434.1744             0.01%
      0     0        cutoff           1434.3501                   1035    0.00%
Elapsed time = 0.18 sec. (150.71 ticks, tree = 0.01 MB, solutions = 4)

GUB cover cuts applied:  1
Clique cuts applied:  1
Cover cuts applied:  5
Gomory fractional cuts applied:  3

Root node processing (before b&c):
  Real time             =    0.18 sec. (152.63 ticks)
Sequential b&c:
  Real time             =    0.00 sec. (0.00 ticks)
                          ------------
Total (root+branch&cut) =    0.18 sec. (152.63 ticks)

Solution pool: 4 solutions saved.

MIP - Integer optimal solution:  Objective =  1.4343500930e+03
Solution time =    0.18 sec.  Iterations = 1035  Nodes = 0
Deterministic time = 152.73 ticks  (854.14 ticks/sec)

CPLEX> Incumbent solution written to file '/tmp/cmpl.T10186.gsol'.
CPLEX> 
CMPL: Time used for model generation: 1 seconds
CMPL: Time used for solving the model: 1 seconds


Solution written to ASCII file: ../results/output_generated_conf_0.4/2016-11-07-4/equal.sol

Solver - finished
