CMPL model generation - running

CMPL version: 1.11.0
Authors: Thomas Schleiff, Mike Steglich
Distributed under the GPLv3 

create model instance ...
write model instance ...
CMPL model generation - finished

Solver - running


Welcome to IBM(R) ILOG(R) CPLEX(R) Interactive Optimizer 12.7.1.0
  with Simplex, Mixed Integer & Barrier Optimizers
5725-A06 5725-A29 5724-Y48 5724-Y49 5724-Y54 5724-Y55 5655-Y21
Copyright IBM Corp. 1988, 2017.  All Rights Reserved.

Type 'help' for a list of available commands.
Type 'help' followed by a command name for more
information on commands.

CPLEX> Specified objective sense: MINIMIZE
Selected objective  name:  line[1]
Selected RHS        name:  RHS
Selected bound      name:  BOUND
Problem '/tmp/cmpl.XM9988.mps' read.
Read time = 0.05 sec. (9.66 ticks)
CPLEX> CPXPARAM_Read_APIEncoding                        "UTF-8"
Tried aggregator 3 times.
MIP Presolve eliminated 19366 rows and 31210 columns.
MIP Presolve modified 436 coefficients.
Aggregator did 602 substitutions.
Reduced MIP has 2642 rows, 4481 columns, and 14659 nonzeros.
Reduced MIP has 4313 binaries, 0 generals, 0 SOSs, and 0 indicators.
Presolve time = 0.05 sec. (50.04 ticks)
Probing fixed 3 vars, tightened 0 bounds.
Probing time = 0.01 sec. (6.91 ticks)
Tried aggregator 1 time.
MIP Presolve eliminated 0 rows and 3 columns.
MIP Presolve modified 13 coefficients.
Reduced MIP has 2642 rows, 4478 columns, and 14653 nonzeros.
Reduced MIP has 4478 binaries, 0 generals, 0 SOSs, and 0 indicators.
Presolve time = 0.01 sec. (10.59 ticks)
Probing time = 0.01 sec. (2.99 ticks)
Clique table members: 8969.
MIP emphasis: balance optimality and feasibility.
MIP search method: dynamic search.
Parallel mode: none, using 1 thread.
Root relaxation solution time = 0.01 sec. (14.32 ticks)

        Nodes                                         Cuts/
   Node  Left     Objective  IInf  Best Integer    Best Bound    ItCnt     Gap

      0     0      602.7804    19                    602.7804      805         
*     0+    0                          608.2090      602.7804             0.89%
      0     0      607.6166     2      608.2090      Cuts: 18      811    0.10%
*     0+    0                          607.9233      607.6166             0.05%
      0     0        cutoff            607.9233                    813    0.00%
Elapsed time = 0.19 sec. (168.65 ticks, tree = 0.01 MB, solutions = 2)

Clique cuts applied:  9
Cover cuts applied:  14
Gomory fractional cuts applied:  7

Root node processing (before b&c):
  Real time             =    0.19 sec. (170.09 ticks)
Sequential b&c:
  Real time             =    0.00 sec. (0.00 ticks)
                          ------------
Total (root+branch&cut) =    0.19 sec. (170.09 ticks)

Solution pool: 2 solutions saved.

MIP - Integer optimal solution:  Objective =  6.0792334600e+02
Solution time =    0.19 sec.  Iterations = 813  Nodes = 0
Deterministic time = 170.19 ticks  (883.75 ticks/sec)

CPLEX> Incumbent solution written to file '/tmp/cmpl.XM9988.gsol'.
CPLEX> 
CMPL: Time used for model generation: 1 seconds
CMPL: Time used for solving the model: 1 seconds


Solution written to ASCII file: ../results/output_generated_conf_0.2/2017-03-06-4/equal.sol

Solver - finished
