CMPL model generation - running

CMPL version: 1.11.0
Authors: Thomas Schleiff, Mike Steglich
Distributed under the GPLv3 

create model instance ...
write model instance ...
CMPL model generation - finished

Solver - running


Welcome to IBM(R) ILOG(R) CPLEX(R) Interactive Optimizer 12.7.1.0
  with Simplex, Mixed Integer & Barrier Optimizers
5725-A06 5725-A29 5724-Y48 5724-Y49 5724-Y54 5724-Y55 5655-Y21
Copyright IBM Corp. 1988, 2017.  All Rights Reserved.

Type 'help' for a list of available commands.
Type 'help' followed by a command name for more
information on commands.

CPLEX> Specified objective sense: MINIMIZE
Selected objective  name:  line[1]
Selected RHS        name:  RHS
Selected bound      name:  BOUND
Problem '/tmp/cmpl.T10286.mps' read.
Read time = 0.05 sec. (9.66 ticks)
CPLEX> CPXPARAM_Read_APIEncoding                        "UTF-8"
Tried aggregator 3 times.
MIP Presolve eliminated 19296 rows and 31074 columns.
MIP Presolve modified 474 coefficients.
Aggregator did 636 substitutions.
Reduced MIP has 2678 rows, 4583 columns, and 14943 nonzeros.
Reduced MIP has 4415 binaries, 0 generals, 0 SOSs, and 0 indicators.
Presolve time = 0.06 sec. (52.13 ticks)
Probing fixed 11 vars, tightened 0 bounds.
Probing time = 0.01 sec. (7.65 ticks)
Tried aggregator 1 time.
MIP Presolve eliminated 0 rows and 11 columns.
MIP Presolve modified 51 coefficients.
Reduced MIP has 2678 rows, 4572 columns, and 14921 nonzeros.
Reduced MIP has 4572 binaries, 0 generals, 0 SOSs, and 0 indicators.
Presolve time = 0.01 sec. (10.87 ticks)
Probing time = 0.01 sec. (3.02 ticks)
Clique table members: 9378.
MIP emphasis: balance optimality and feasibility.
MIP search method: dynamic search.
Parallel mode: none, using 1 thread.
Root relaxation solution time = 0.01 sec. (16.16 ticks)

        Nodes                                         Cuts/
   Node  Left     Objective  IInf  Best Integer    Best Bound    ItCnt     Gap

      0     0     1931.8641     5                   1931.8641      992         
*     0+    0                         1932.5188     1931.8641             0.03%
      0     0     1932.4252     1     1932.5188      Cuts: 16     1000    0.00%

GUB cover cuts applied:  1
Clique cuts applied:  1
Cover cuts applied:  9
Gomory fractional cuts applied:  5

Root node processing (before b&c):
  Real time             =    0.19 sec. (166.56 ticks)
Sequential b&c:
  Real time             =    0.00 sec. (0.00 ticks)
                          ------------
Total (root+branch&cut) =    0.19 sec. (166.56 ticks)

Solution pool: 1 solution saved.

MIP - Integer optimal, tolerance (0.0001/1e-06):  Objective =  1.9325188380e+03
Current MIP best bound =  1.9324252370e+03 (gap = 0.093601, 0.00%)
Solution time =    0.19 sec.  Iterations = 1000  Nodes = 0 (1)
Deterministic time = 166.67 ticks  (879.66 ticks/sec)

CPLEX> Incumbent solution written to file '/tmp/cmpl.T10286.gsol'.
CPLEX> 
CMPL: Time used for model generation: 1 seconds
CMPL: Time used for solving the model: 1 seconds


Solution written to ASCII file: ../results/output_generated_conf_0.5/2016-11-07-4/equal.sol

Solver - finished
