CMPL model generation - running

CMPL version: 1.11.0
Authors: Thomas Schleiff, Mike Steglich
Distributed under the GPLv3 

create model instance ...
write model instance ...
CMPL model generation - finished

Solver - running


Welcome to IBM(R) ILOG(R) CPLEX(R) Interactive Optimizer 12.7.1.0
  with Simplex, Mixed Integer & Barrier Optimizers
5725-A06 5725-A29 5724-Y48 5724-Y49 5724-Y54 5724-Y55 5655-Y21
Copyright IBM Corp. 1988, 2017.  All Rights Reserved.

Type 'help' for a list of available commands.
Type 'help' followed by a command name for more
information on commands.

CPLEX> Specified objective sense: MINIMIZE
Selected objective  name:  line[1]
Selected RHS        name:  RHS
Selected bound      name:  BOUND
Problem '/tmp/cmpl.T11123.mps' read.
Read time = 0.06 sec. (8.87 ticks)
CPLEX> CPXPARAM_Read_APIEncoding                        "UTF-8"
Tried aggregator 3 times.
MIP Presolve eliminated 19160 rows and 30473 columns.
MIP Presolve modified 340 coefficients.
Aggregator did 742 substitutions.
Reduced MIP has 2538 rows, 3463 columns, and 10087 nonzeros.
Reduced MIP has 3295 binaries, 0 generals, 0 SOSs, and 0 indicators.
Presolve time = 0.05 sec. (42.00 ticks)
Found incumbent of value 20016.268917 after 0.08 sec. (69.65 ticks)
Probing fixed 19 vars, tightened 0 bounds.
Probing time = 0.01 sec. (4.58 ticks)
Tried aggregator 1 time.
MIP Presolve eliminated 0 rows and 19 columns.
MIP Presolve modified 107 coefficients.
Reduced MIP has 2538 rows, 3444 columns, and 10049 nonzeros.
Reduced MIP has 3444 binaries, 0 generals, 0 SOSs, and 0 indicators.
Presolve time = 0.01 sec. (8.56 ticks)
Probing time = 0.01 sec. (2.73 ticks)
Clique table members: 6175.
MIP emphasis: balance optimality and feasibility.
MIP search method: dynamic search.
Parallel mode: none, using 1 thread.
Root relaxation solution time = 0.01 sec. (8.23 ticks)

        Nodes                                         Cuts/
   Node  Left     Objective  IInf  Best Integer    Best Bound    ItCnt     Gap

*     0+    0                        20016.2689     -161.4068           100.81%
      0     0     4543.5927     1    20016.2689     4543.5927      414   77.30%
*     0+    0                         4543.6036     4543.5927             0.00%

Root node processing (before b&c):
  Real time             =    0.14 sec. (106.49 ticks)
Sequential b&c:
  Real time             =    0.00 sec. (0.00 ticks)
                          ------------
Total (root+branch&cut) =    0.14 sec. (106.49 ticks)

Solution pool: 2 solutions saved.

MIP - Integer optimal, tolerance (0.0001/1e-06):  Objective =  4.5436036430e+03
Current MIP best bound =  4.5435927395e+03 (gap = 0.0109035, 0.00%)
Solution time =    0.14 sec.  Iterations = 414  Nodes = 0 (1)
Deterministic time = 106.59 ticks  (785.65 ticks/sec)

CPLEX> Incumbent solution written to file '/tmp/cmpl.T11123.gsol'.
CPLEX> 
CMPL: Time used for model generation: 1 seconds
CMPL: Time used for solving the model: 1 seconds


Solution written to ASCII file: ../results/output_generated_rate_0.2/2016-07-04-4/unequal.sol

Solver - finished
