CMPL model generation - running

CMPL version: 1.11.0
Authors: Thomas Schleiff, Mike Steglich
Distributed under the GPLv3 

create model instance ...
write model instance ...
CMPL model generation - finished

Solver - running


Welcome to IBM(R) ILOG(R) CPLEX(R) Interactive Optimizer 12.7.1.0
  with Simplex, Mixed Integer & Barrier Optimizers
5725-A06 5725-A29 5724-Y48 5724-Y49 5724-Y54 5724-Y55 5655-Y21
Copyright IBM Corp. 1988, 2017.  All Rights Reserved.

Type 'help' for a list of available commands.
Type 'help' followed by a command name for more
information on commands.

CPLEX> Specified objective sense: MINIMIZE
Selected objective  name:  line[1]
Selected RHS        name:  RHS
Selected bound      name:  BOUND
Problem '/tmp/cmpl.T10270.mps' read.
Read time = 0.05 sec. (9.66 ticks)
CPLEX> CPXPARAM_Read_APIEncoding                        "UTF-8"
Tried aggregator 3 times.
MIP Presolve eliminated 19293 rows and 31077 columns.
MIP Presolve modified 470 coefficients.
Aggregator did 640 substitutions.
Reduced MIP has 2677 rows, 4576 columns, and 14916 nonzeros.
Reduced MIP has 4408 binaries, 0 generals, 0 SOSs, and 0 indicators.
Presolve time = 0.06 sec. (52.27 ticks)
Found incumbent of value 21042.604442 after 0.10 sec. (86.47 ticks)
Probing fixed 9 vars, tightened 0 bounds.
Probing time = 0.01 sec. (7.70 ticks)
Tried aggregator 1 time.
MIP Presolve eliminated 0 rows and 9 columns.
MIP Presolve modified 39 coefficients.
Reduced MIP has 2677 rows, 4567 columns, and 14898 nonzeros.
Reduced MIP has 4567 binaries, 0 generals, 0 SOSs, and 0 indicators.
Presolve time = 0.01 sec. (10.83 ticks)
Probing time = 0.01 sec. (3.00 ticks)
Clique table members: 9371.
MIP emphasis: balance optimality and feasibility.
MIP search method: dynamic search.
Parallel mode: none, using 1 thread.
Root relaxation solution time = 0.01 sec. (16.04 ticks)

        Nodes                                         Cuts/
   Node  Left     Objective  IInf  Best Integer    Best Bound    ItCnt     Gap

*     0+    0                        21042.6044     -341.5398           101.62%
      0     0     1859.5277    11    21042.6044     1859.5277      911   91.16%
*     0+    0                         1979.1675     1859.5277             6.04%
*     0+    0                         1862.6706     1859.5277             0.17%
*     0     0      integral     0     1862.2961       Cuts: 9      917    0.00%
      0     0        cutoff           1862.2961     1862.2961      917    0.00%
Elapsed time = 0.17 sec. (153.51 ticks, tree = 0.01 MB, solutions = 4)

Cover cuts applied:  6
Gomory fractional cuts applied:  3

Root node processing (before b&c):
  Real time             =    0.18 sec. (155.43 ticks)
Sequential b&c:
  Real time             =    0.00 sec. (0.00 ticks)
                          ------------
Total (root+branch&cut) =    0.18 sec. (155.43 ticks)

Solution pool: 4 solutions saved.

MIP - Integer optimal solution:  Objective =  1.8622961060e+03
Solution time =    0.18 sec.  Iterations = 917  Nodes = 0
Deterministic time = 155.54 ticks  (875.01 ticks/sec)

CPLEX> Incumbent solution written to file '/tmp/cmpl.T10270.gsol'.
CPLEX> 
CMPL: Time used for model generation: 1 seconds
CMPL: Time used for solving the model: 1 seconds


Solution written to ASCII file: ../results/output_generated_conf_0.5/2016-03-07-4/equal.sol

Solver - finished
