CMPL model generation - running

CMPL version: 1.11.0
Authors: Thomas Schleiff, Mike Steglich
Distributed under the GPLv3 

create model instance ...
write model instance ...
CMPL model generation - finished

Solver - running


Welcome to IBM(R) ILOG(R) CPLEX(R) Interactive Optimizer 12.7.1.0
  with Simplex, Mixed Integer & Barrier Optimizers
5725-A06 5725-A29 5724-Y48 5724-Y49 5724-Y54 5724-Y55 5655-Y21
Copyright IBM Corp. 1988, 2017.  All Rights Reserved.

Type 'help' for a list of available commands.
Type 'help' followed by a command name for more
information on commands.

CPLEX> Specified objective sense: MINIMIZE
Selected objective  name:  line[1]
Selected RHS        name:  RHS
Selected bound      name:  BOUND
Problem '/tmp/cmpl.T10220.mps' read.
Read time = 0.05 sec. (8.85 ticks)
CPLEX> CPXPARAM_Read_APIEncoding                        "UTF-8"
Tried aggregator 3 times.
MIP Presolve eliminated 19293 rows and 30737 columns.
MIP Presolve modified 340 coefficients.
Aggregator did 640 substitutions.
Reduced MIP has 2507 rows, 3301 columns, and 9623 nonzeros.
Reduced MIP has 3133 binaries, 0 generals, 0 SOSs, and 0 indicators.
Presolve time = 0.05 sec. (43.18 ticks)
Found incumbent of value 7926.582531 after 0.09 sec. (61.60 ticks)
Probing fixed 9 vars, tightened 0 bounds.
Probing time = 0.01 sec. (4.32 ticks)
Tried aggregator 1 time.
MIP Presolve eliminated 0 rows and 9 columns.
MIP Presolve modified 39 coefficients.
Reduced MIP has 2507 rows, 3292 columns, and 9605 nonzeros.
Reduced MIP has 3292 binaries, 0 generals, 0 SOSs, and 0 indicators.
Presolve time = 0.01 sec. (8.14 ticks)
Probing time = 0.01 sec. (2.68 ticks)
Clique table members: 5884.
MIP emphasis: balance optimality and feasibility.
MIP search method: dynamic search.
Parallel mode: none, using 1 thread.
Root relaxation solution time = 0.00 sec. (4.88 ticks)

        Nodes                                         Cuts/
   Node  Left     Objective  IInf  Best Integer    Best Bound    ItCnt     Gap

*     0+    0                         7926.5825     -341.5398           104.31%
      0     0     1848.1689    11     7926.5825     1848.1689      154   76.68%
*     0+    0                         1987.4222     1848.1689             7.01%
*     0+    0                         1851.3118     1848.1689             0.17%
*     0     0      integral     0     1850.8801       Cuts: 9      157    0.00%
      0     0        cutoff           1850.8801     1850.8801      157    0.00%
Elapsed time = 0.15 sec. (102.85 ticks, tree = 0.01 MB, solutions = 4)

Cover cuts applied:  6
Gomory fractional cuts applied:  3

Root node processing (before b&c):
  Real time             =    0.15 sec. (104.61 ticks)
Sequential b&c:
  Real time             =    0.00 sec. (0.00 ticks)
                          ------------
Total (root+branch&cut) =    0.15 sec. (104.61 ticks)

Solution pool: 4 solutions saved.

MIP - Integer optimal solution:  Objective =  1.8508801490e+03
Solution time =    0.15 sec.  Iterations = 157  Nodes = 0
Deterministic time = 104.71 ticks  (701.44 ticks/sec)

CPLEX> Incumbent solution written to file '/tmp/cmpl.T10220.gsol'.
CPLEX> 
CMPL: Time used for model generation: 1 seconds
CMPL: Time used for solving the model: 1 seconds


Solution written to ASCII file: ../results/output_generated_conf_0.5/2016-03-07-4/unequal.sol

Solver - finished
