CMPL model generation - running

CMPL version: 1.11.0
Authors: Thomas Schleiff, Mike Steglich
Distributed under the GPLv3 

create model instance ...
write model instance ...
CMPL model generation - finished

Solver - running


Welcome to IBM(R) ILOG(R) CPLEX(R) Interactive Optimizer 12.7.1.0
  with Simplex, Mixed Integer & Barrier Optimizers
5725-A06 5725-A29 5724-Y48 5724-Y49 5724-Y54 5724-Y55 5655-Y21
Copyright IBM Corp. 1988, 2017.  All Rights Reserved.

Type 'help' for a list of available commands.
Type 'help' followed by a command name for more
information on commands.

CPLEX> Specified objective sense: MINIMIZE
Selected objective  name:  line[1]
Selected RHS        name:  RHS
Selected bound      name:  BOUND
Problem '/tmp/cmpl.T10059.mps' read.
Read time = 0.05 sec. (9.66 ticks)
CPLEX> CPXPARAM_Read_APIEncoding                        "UTF-8"
Tried aggregator 3 times.
MIP Presolve eliminated 19352 rows and 31182 columns.
MIP Presolve modified 442 coefficients.
Aggregator did 603 substitutions.
Reduced MIP has 2655 rows, 4508 columns, and 14728 nonzeros.
Reduced MIP has 4340 binaries, 0 generals, 0 SOSs, and 0 indicators.
Presolve time = 0.05 sec. (50.22 ticks)
Probing fixed 8 vars, tightened 0 bounds.
Probing time = 0.02 sec. (7.51 ticks)
Tried aggregator 1 time.
MIP Presolve eliminated 0 rows and 8 columns.
MIP Presolve modified 29 coefficients.
Reduced MIP has 2655 rows, 4500 columns, and 14712 nonzeros.
Reduced MIP has 4500 binaries, 0 generals, 0 SOSs, and 0 indicators.
Presolve time = 0.01 sec. (10.76 ticks)
Probing time = 0.01 sec. (3.00 ticks)
Clique table members: 9098.
MIP emphasis: balance optimality and feasibility.
MIP search method: dynamic search.
Parallel mode: none, using 1 thread.
Root relaxation solution time = 0.01 sec. (13.81 ticks)

        Nodes                                         Cuts/
   Node  Left     Objective  IInf  Best Integer    Best Bound    ItCnt     Gap

      0     0      875.1771    17                    875.1771      768         
*     0+    0                         1111.0743      875.1771            21.23%
*     0+    0                          880.0343      875.1771             0.55%
      0     0      879.4971     1      880.0343      Cuts: 23      776    0.06%
*     0+    0                          879.5314      879.4971             0.00%
      0     0        cutoff            879.5314      879.4971      776    0.00%
Elapsed time = 0.21 sec. (167.20 ticks, tree = 0.01 MB, solutions = 3)

GUB cover cuts applied:  1
Clique cuts applied:  5
Cover cuts applied:  11
Gomory fractional cuts applied:  6

Root node processing (before b&c):
  Real time             =    0.21 sec. (168.88 ticks)
Sequential b&c:
  Real time             =    0.00 sec. (0.00 ticks)
                          ------------
Total (root+branch&cut) =    0.21 sec. (168.88 ticks)

Solution pool: 3 solutions saved.

MIP - Integer optimal solution:  Objective =  8.7953142900e+02
Solution time =    0.21 sec.  Iterations = 776  Nodes = 0
Deterministic time = 168.98 ticks  (811.24 ticks/sec)

CPLEX> Incumbent solution written to file '/tmp/cmpl.T10059.gsol'.
CPLEX> 
CMPL: Time used for model generation: 1 seconds
CMPL: Time used for solving the model: 1 seconds


Solution written to ASCII file: ../results/output_generated_conf_0.3/2015-12-07-4/equal.sol

Solver - finished
