CMPL model generation - running

CMPL version: 1.11.0
Authors: Thomas Schleiff, Mike Steglich
Distributed under the GPLv3 

create model instance ...
write model instance ...
CMPL model generation - finished

Solver - running


Welcome to IBM(R) ILOG(R) CPLEX(R) Interactive Optimizer 12.7.1.0
  with Simplex, Mixed Integer & Barrier Optimizers
5725-A06 5725-A29 5724-Y48 5724-Y49 5724-Y54 5724-Y55 5655-Y21
Copyright IBM Corp. 1988, 2017.  All Rights Reserved.

Type 'help' for a list of available commands.
Type 'help' followed by a command name for more
information on commands.

CPLEX> Specified objective sense: MINIMIZE
Selected objective  name:  line[1]
Selected RHS        name:  RHS
Selected bound      name:  BOUND
Problem '/tmp/cmpl.T10010.mps' read.
Read time = 0.06 sec. (8.85 ticks)
CPLEX> CPXPARAM_Read_APIEncoding                        "UTF-8"
Tried aggregator 3 times.
MIP Presolve eliminated 19352 rows and 30842 columns.
MIP Presolve modified 340 coefficients.
Aggregator did 603 substitutions.
Reduced MIP has 2485 rows, 3233 columns, and 9435 nonzeros.
Reduced MIP has 3065 binaries, 0 generals, 0 SOSs, and 0 indicators.
Presolve time = 0.06 sec. (41.53 ticks)
Found incumbent of value 4501.131423 after 0.11 sec. (57.67 ticks)
Probing fixed 8 vars, tightened 0 bounds.
Probing time = 0.01 sec. (4.17 ticks)
Tried aggregator 1 time.
MIP Presolve eliminated 0 rows and 8 columns.
MIP Presolve modified 29 coefficients.
Reduced MIP has 2485 rows, 3225 columns, and 9419 nonzeros.
Reduced MIP has 3225 binaries, 0 generals, 0 SOSs, and 0 indicators.
Presolve time = 0.01 sec. (8.07 ticks)
Probing time = 0.01 sec. (2.66 ticks)
Clique table members: 5842.
MIP emphasis: balance optimality and feasibility.
MIP search method: dynamic search.
Parallel mode: none, using 1 thread.
Root relaxation solution time = 0.00 sec. (4.35 ticks)

        Nodes                                         Cuts/
   Node  Left     Objective  IInf  Best Integer    Best Bound    ItCnt     Gap

*     0+    0                         4501.1314     -454.9486           110.11%
      0     0      863.3600    18     4501.1314      863.3600       81   80.82%
*     0+    0                         1080.9371      863.3600            20.13%
*     0+    0                          868.5029      863.3600             0.59%
      0     0      867.7829     1      868.5029      Cuts: 25       88    0.08%
*     0+    0                          867.8743      867.7829             0.01%
      0     0        cutoff            867.8743                     88    0.00%
Elapsed time = 0.17 sec. (98.60 ticks, tree = 0.01 MB, solutions = 4)

GUB cover cuts applied:  1
Clique cuts applied:  4
Cover cuts applied:  13
Gomory fractional cuts applied:  7

Root node processing (before b&c):
  Real time             =    0.17 sec. (100.37 ticks)
Sequential b&c:
  Real time             =    0.00 sec. (0.00 ticks)
                          ------------
Total (root+branch&cut) =    0.17 sec. (100.37 ticks)

Solution pool: 4 solutions saved.

MIP - Integer optimal solution:  Objective =  8.6787428300e+02
Solution time =    0.17 sec.  Iterations = 88  Nodes = 0
Deterministic time = 100.47 ticks  (586.10 ticks/sec)

CPLEX> Incumbent solution written to file '/tmp/cmpl.T10010.gsol'.
CPLEX> 
CMPL: Time used for model generation: 1 seconds
CMPL: Time used for solving the model: 0 seconds


Solution written to ASCII file: ../results/output_generated_conf_0.3/2015-12-07-4/unequal.sol

Solver - finished
