CMPL model generation - running

CMPL version: 1.11.0
Authors: Thomas Schleiff, Mike Steglich
Distributed under the GPLv3 

create model instance ...
write model instance ...
CMPL model generation - finished

Solver - running


Welcome to IBM(R) ILOG(R) CPLEX(R) Interactive Optimizer 12.7.1.0
  with Simplex, Mixed Integer & Barrier Optimizers
5725-A06 5725-A29 5724-Y48 5724-Y49 5724-Y54 5724-Y55 5655-Y21
Copyright IBM Corp. 1988, 2017.  All Rights Reserved.

Type 'help' for a list of available commands.
Type 'help' followed by a command name for more
information on commands.

CPLEX> Specified objective sense: MINIMIZE
Selected objective  name:  line[1]
Selected RHS        name:  RHS
Selected bound      name:  BOUND
Problem '/tmp/cmpl.T11087.mps' read.
Read time = 0.05 sec. (9.66 ticks)
CPLEX> CPXPARAM_Read_APIEncoding                        "UTF-8"
Tried aggregator 3 times.
MIP Presolve eliminated 19336 rows and 31145 columns.
MIP Presolve modified 454 coefficients.
Aggregator did 611 substitutions.
Reduced MIP has 2663 rows, 4537 columns, and 14813 nonzeros.
Reduced MIP has 4369 binaries, 0 generals, 0 SOSs, and 0 indicators.
Presolve time = 0.05 sec. (51.92 ticks)
Found incumbent of value 20322.171873 after 0.09 sec. (84.72 ticks)
Probing fixed 3 vars, tightened 0 bounds.
Probing time = 0.01 sec. (6.97 ticks)
Tried aggregator 1 time.
MIP Presolve eliminated 0 rows and 3 columns.
MIP Presolve modified 12 coefficients.
Reduced MIP has 2663 rows, 4534 columns, and 14807 nonzeros.
Reduced MIP has 4534 binaries, 0 generals, 0 SOSs, and 0 indicators.
Presolve time = 0.01 sec. (10.69 ticks)
Probing time = 0.01 sec. (3.00 ticks)
Clique table members: 9304.
MIP emphasis: balance optimality and feasibility.
MIP search method: dynamic search.
Parallel mode: none, using 1 thread.
Root relaxation solution time = 0.02 sec. (15.86 ticks)

        Nodes                                         Cuts/
   Node  Left     Objective  IInf  Best Integer    Best Bound    ItCnt     Gap

*     0+    0                        20322.1719     -342.8745           101.69%
      0     0     1977.0596     9    20322.1719     1977.0596      893   90.27%
*     0+    0                         1979.6310     1977.0596             0.13%
      0     0     1978.2743     2     1979.6310      Cuts: 23      924    0.07%
*     0+    0                         1978.7998     1978.2743             0.03%
      0     0     1978.7820     1     1978.7998       Cuts: 6      930    0.00%

GUB cover cuts applied:  4
Clique cuts applied:  2
Cover cuts applied:  14
Gomory fractional cuts applied:  9

Root node processing (before b&c):
  Real time             =    0.18 sec. (159.28 ticks)
Sequential b&c:
  Real time             =    0.00 sec. (0.00 ticks)
                          ------------
Total (root+branch&cut) =    0.18 sec. (159.28 ticks)

Solution pool: 3 solutions saved.

MIP - Integer optimal, tolerance (0.0001/1e-06):  Objective =  1.9787997840e+03
Current MIP best bound =  1.9787819880e+03 (gap = 0.017796, 0.00%)
Solution time =    0.18 sec.  Iterations = 930  Nodes = 0 (1)
Deterministic time = 159.39 ticks  (892.49 ticks/sec)

CPLEX> Incumbent solution written to file '/tmp/cmpl.T11087.gsol'.
CPLEX> 
CMPL: Time used for model generation: 1 seconds
CMPL: Time used for solving the model: 1 seconds


Solution written to ASCII file: ../results/output_generated_rate_0.1/2017-04-03-4/equal.sol

Solver - finished
