CMPL model generation - running

CMPL version: 1.11.0
Authors: Thomas Schleiff, Mike Steglich
Distributed under the GPLv3 

create model instance ...
write model instance ...
CMPL model generation - finished

Solver - running


Welcome to IBM(R) ILOG(R) CPLEX(R) Interactive Optimizer 12.7.1.0
  with Simplex, Mixed Integer & Barrier Optimizers
5725-A06 5725-A29 5724-Y48 5724-Y49 5724-Y54 5724-Y55 5655-Y21
Copyright IBM Corp. 1988, 2017.  All Rights Reserved.

Type 'help' for a list of available commands.
Type 'help' followed by a command name for more
information on commands.

CPLEX> Specified objective sense: MINIMIZE
Selected objective  name:  line[1]
Selected RHS        name:  RHS
Selected bound      name:  BOUND
Problem '/tmp/cmpl.T11036.mps' read.
Read time = 0.05 sec. (8.85 ticks)
CPLEX> CPXPARAM_Read_APIEncoding                        "UTF-8"
Tried aggregator 3 times.
MIP Presolve eliminated 19336 rows and 30805 columns.
MIP Presolve modified 340 coefficients.
Aggregator did 611 substitutions.
Reduced MIP has 2493 rows, 3262 columns, and 9520 nonzeros.
Reduced MIP has 3094 binaries, 0 generals, 0 SOSs, and 0 indicators.
Presolve time = 0.05 sec. (42.94 ticks)
Found incumbent of value 14889.894328 after 0.08 sec. (65.58 ticks)
Probing fixed 3 vars, tightened 0 bounds.
Probing time = 0.01 sec. (4.24 ticks)
Tried aggregator 1 time.
MIP Presolve eliminated 0 rows and 3 columns.
MIP Presolve modified 12 coefficients.
Reduced MIP has 2493 rows, 3259 columns, and 9514 nonzeros.
Reduced MIP has 3259 binaries, 0 generals, 0 SOSs, and 0 indicators.
Presolve time = 0.01 sec. (8.05 ticks)
Probing time = 0.01 sec. (2.67 ticks)
Clique table members: 5914.
MIP emphasis: balance optimality and feasibility.
MIP search method: dynamic search.
Parallel mode: none, using 1 thread.
Root relaxation solution time = 0.00 sec. (5.25 ticks)

        Nodes                                         Cuts/
   Node  Left     Objective  IInf  Best Integer    Best Bound    ItCnt     Gap

*     0+    0                        14889.8943     -342.8745           102.30%
      0     0     1967.0024     9    14889.8943     1967.0024      208   86.79%
*     0+    0                         2027.4694     1967.0024             2.98%
*     0+    0                         1969.5739     1967.0024             0.13%
      0     0     1968.2171     2     1969.5739      Cuts: 25      223    0.07%
*     0+    0                         1968.7883     1968.2171             0.03%
      0     0     1968.6699     2     1968.7883       Cuts: 6      230    0.01%

GUB cover cuts applied:  4
Clique cuts applied:  4
Cover cuts applied:  14
Gomory fractional cuts applied:  9

Root node processing (before b&c):
  Real time             =    0.14 sec. (115.90 ticks)
Sequential b&c:
  Real time             =    0.00 sec. (0.00 ticks)
                          ------------
Total (root+branch&cut) =    0.14 sec. (115.90 ticks)

Solution pool: 4 solutions saved.

MIP - Integer optimal, tolerance (0.0001/1e-06):  Objective =  1.9687883220e+03
Current MIP best bound =  1.9686699415e+03 (gap = 0.118381, 0.01%)
Solution time =    0.14 sec.  Iterations = 230  Nodes = 0 (1)
Deterministic time = 116.00 ticks  (850.59 ticks/sec)

CPLEX> Incumbent solution written to file '/tmp/cmpl.T11036.gsol'.
CPLEX> 
CMPL: Time used for model generation: 1 seconds
CMPL: Time used for solving the model: 1 seconds


Solution written to ASCII file: ../results/output_generated_rate_0.1/2017-04-03-4/unequal.sol

Solver - finished
