CMPL model generation - running

CMPL version: 1.11.0
Authors: Thomas Schleiff, Mike Steglich
Distributed under the GPLv3 

create model instance ...
write model instance ...
CMPL model generation - finished

Solver - running


Welcome to IBM(R) ILOG(R) CPLEX(R) Interactive Optimizer 12.7.1.0
  with Simplex, Mixed Integer & Barrier Optimizers
5725-A06 5725-A29 5724-Y48 5724-Y49 5724-Y54 5724-Y55 5655-Y21
Copyright IBM Corp. 1988, 2017.  All Rights Reserved.

Type 'help' for a list of available commands.
Type 'help' followed by a command name for more
information on commands.

CPLEX> Specified objective sense: MINIMIZE
Selected objective  name:  line[1]
Selected RHS        name:  RHS
Selected bound      name:  BOUND
Problem '/tmp/cmpl.XM9961.mps' read.
Read time = 0.05 sec. (9.66 ticks)
CPLEX> CPXPARAM_Read_APIEncoding                        "UTF-8"
Tried aggregator 3 times.
MIP Presolve eliminated 19367 rows and 31213 columns.
MIP Presolve modified 434 coefficients.
Aggregator did 598 substitutions.
Reduced MIP has 2645 rows, 4482 columns, and 14660 nonzeros.
Reduced MIP has 4314 binaries, 0 generals, 0 SOSs, and 0 indicators.
Presolve time = 0.06 sec. (51.66 ticks)
Probing fixed 5 vars, tightened 0 bounds.
Probing time = 0.01 sec. (7.37 ticks)
Tried aggregator 1 time.
MIP Presolve eliminated 0 rows and 5 columns.
MIP Presolve modified 19 coefficients.
Reduced MIP has 2645 rows, 4477 columns, and 14650 nonzeros.
Reduced MIP has 4477 binaries, 0 generals, 0 SOSs, and 0 indicators.
Presolve time = 0.01 sec. (10.58 ticks)
Probing time = 0.01 sec. (3.00 ticks)
Clique table members: 8885.
MIP emphasis: balance optimality and feasibility.
MIP search method: dynamic search.
Parallel mode: none, using 1 thread.
Root relaxation solution time = 0.01 sec. (13.79 ticks)

        Nodes                                         Cuts/
   Node  Left     Objective  IInf  Best Integer    Best Bound    ItCnt     Gap

      0     0      644.5051    19                    644.5051      790         
*     0+    0                          963.5275      644.5051            33.11%
*     0+    0                          649.9336      644.5051             0.84%
      0     0      649.2526     2      649.9336       Cuts: 9      794    0.10%
*     0+    0                          649.5477      649.2526             0.05%
      0     0        cutoff            649.5477                    796    0.00%
Elapsed time = 0.22 sec. (175.26 ticks, tree = 0.01 MB, solutions = 3)

GUB cover cuts applied:  1
Cover cuts applied:  9
Gomory fractional cuts applied:  5

Root node processing (before b&c):
  Real time             =    0.22 sec. (176.94 ticks)
Sequential b&c:
  Real time             =    0.00 sec. (0.00 ticks)
                          ------------
Total (root+branch&cut) =    0.22 sec. (176.94 ticks)

Solution pool: 3 solutions saved.

MIP - Integer optimal solution:  Objective =  6.4954771600e+02
Solution time =    0.22 sec.  Iterations = 796  Nodes = 0
Deterministic time = 177.04 ticks  (786.91 ticks/sec)

CPLEX> Incumbent solution written to file '/tmp/cmpl.XM9961.gsol'.
CPLEX> 
CMPL: Time used for model generation: 1 seconds
CMPL: Time used for solving the model: 1 seconds


Solution written to ASCII file: ../results/output_generated_conf_0.2/2016-03-07-4/equal.sol

Solver - finished
