CMPL model generation - running

CMPL version: 1.11.0
Authors: Thomas Schleiff, Mike Steglich
Distributed under the GPLv3 

create model instance ...
write model instance ...
CMPL model generation - finished

Solver - running


Welcome to IBM(R) ILOG(R) CPLEX(R) Interactive Optimizer 12.7.1.0
  with Simplex, Mixed Integer & Barrier Optimizers
5725-A06 5725-A29 5724-Y48 5724-Y49 5724-Y54 5724-Y55 5655-Y21
Copyright IBM Corp. 1988, 2017.  All Rights Reserved.

Type 'help' for a list of available commands.
Type 'help' followed by a command name for more
information on commands.

CPLEX> Specified objective sense: MINIMIZE
Selected objective  name:  line[1]
Selected RHS        name:  RHS
Selected bound      name:  BOUND
Problem '/tmp/cmpl.XM9908.mps' read.
Read time = 0.08 sec. (8.85 ticks)
CPLEX> CPXPARAM_Read_APIEncoding                        "UTF-8"
Tried aggregator 3 times.
MIP Presolve eliminated 19367 rows and 30873 columns.
MIP Presolve modified 340 coefficients.
Aggregator did 598 substitutions.
Reduced MIP has 2475 rows, 3207 columns, and 9367 nonzeros.
Reduced MIP has 3039 binaries, 0 generals, 0 SOSs, and 0 indicators.
Presolve time = 0.10 sec. (42.98 ticks)
Found incumbent of value 4722.533160 after 0.14 sec. (61.78 ticks)
Probing fixed 5 vars, tightened 0 bounds.
Probing time = 0.02 sec. (4.13 ticks)
Tried aggregator 1 time.
MIP Presolve eliminated 0 rows and 5 columns.
MIP Presolve modified 19 coefficients.
Reduced MIP has 2475 rows, 3202 columns, and 9357 nonzeros.
Reduced MIP has 3202 binaries, 0 generals, 0 SOSs, and 0 indicators.
Presolve time = 0.02 sec. (7.94 ticks)
Probing time = 0.01 sec. (2.66 ticks)
Clique table members: 5768.
MIP emphasis: balance optimality and feasibility.
MIP search method: dynamic search.
Parallel mode: none, using 1 thread.
Root relaxation solution time = 0.01 sec. (4.30 ticks)

        Nodes                                         Cuts/
   Node  Left     Objective  IInf  Best Integer    Best Bound    ItCnt     Gap

*     0+    0                         4722.5332     -464.6520           109.84%
      0     0      632.4491    20     4722.5332      632.4491       79   86.61%
*     0+    0                          970.5362      632.4491            34.84%
*     0+    0                          638.1634      632.4491             0.90%
      0     0      637.2975     1      638.1634      Cuts: 12       85    0.14%
*     0+    0                          637.5794      637.2975             0.04%
      0     0        cutoff            637.5794                     85    0.00%
Elapsed time = 0.23 sec. (104.48 ticks, tree = 0.01 MB, solutions = 4)

Cover cuts applied:  8
Gomory fractional cuts applied:  4

Root node processing (before b&c):
  Real time             =    0.23 sec. (106.24 ticks)
Sequential b&c:
  Real time             =    0.00 sec. (0.00 ticks)
                          ------------
Total (root+branch&cut) =    0.23 sec. (106.24 ticks)

Solution pool: 4 solutions saved.

MIP - Integer optimal solution:  Objective =  6.3757935100e+02
Solution time =    0.23 sec.  Iterations = 85  Nodes = 0
Deterministic time = 106.34 ticks  (454.24 ticks/sec)

CPLEX> Incumbent solution written to file '/tmp/cmpl.XM9908.gsol'.
CPLEX> 
CMPL: Time used for model generation: 1 seconds
CMPL: Time used for solving the model: 1 seconds


Solution written to ASCII file: ../results/output_generated_conf_0.2/2016-03-07-4/unequal.sol

Solver - finished
