CMPL model generation - running

CMPL version: 1.11.0
Authors: Thomas Schleiff, Mike Steglich
Distributed under the GPLv3 

create model instance ...
write model instance ...
CMPL model generation - finished

Solver - running


Welcome to IBM(R) ILOG(R) CPLEX(R) Interactive Optimizer 12.7.1.0
  with Simplex, Mixed Integer & Barrier Optimizers
5725-A06 5725-A29 5724-Y48 5724-Y49 5724-Y54 5724-Y55 5655-Y21
Copyright IBM Corp. 1988, 2017.  All Rights Reserved.

Type 'help' for a list of available commands.
Type 'help' followed by a command name for more
information on commands.

CPLEX> Specified objective sense: MINIMIZE
Selected objective  name:  line[1]
Selected RHS        name:  RHS
Selected bound      name:  BOUND
Problem '/tmp/cmpl.T11975.mps' read.
Read time = 0.05 sec. (8.93 ticks)
CPLEX> CPXPARAM_Read_APIEncoding                        "UTF-8"
Tried aggregator 3 times.
MIP Presolve eliminated 18498 rows and 29151 columns.
MIP Presolve modified 533 coefficients.
Aggregator did 1393 substitutions.
Reduced MIP has 2549 rows, 4134 columns, and 12102 nonzeros.
Reduced MIP has 3966 binaries, 0 generals, 0 SOSs, and 0 indicators.
Presolve time = 0.05 sec. (46.32 ticks)
Found incumbent of value 37340.036291 after 0.10 sec. (88.41 ticks)
Probing time = 0.01 sec. (2.66 ticks)
Tried aggregator 1 time.
MIP Presolve eliminated 1 rows and 49 columns.
MIP Presolve modified 3 coefficients.
Reduced MIP has 2548 rows, 4085 columns, and 12000 nonzeros.
Reduced MIP has 4085 binaries, 0 generals, 0 SOSs, and 0 indicators.
Presolve time = 0.01 sec. (11.76 ticks)
Probing time = 0.01 sec. (2.81 ticks)
Clique table members: 3516.
MIP emphasis: balance optimality and feasibility.
MIP search method: dynamic search.
Parallel mode: none, using 1 thread.
Root relaxation solution time = 0.02 sec. (20.18 ticks)

        Nodes                                         Cuts/
   Node  Left     Objective  IInf  Best Integer    Best Bound    ItCnt     Gap

*     0+    0                        37340.0363        0.0000           100.00%
*     0     0      integral     0    17070.9014    17070.9014     1161    0.00%
Elapsed time = 0.15 sec. (134.32 ticks, tree = 0.00 MB, solutions = 2)

Root node processing (before b&c):
  Real time             =    0.16 sec. (135.64 ticks)
Sequential b&c:
  Real time             =    0.00 sec. (0.00 ticks)
                          ------------
Total (root+branch&cut) =    0.16 sec. (135.64 ticks)

Solution pool: 2 solutions saved.

MIP - Integer optimal solution:  Objective =  1.7070901370e+04
Solution time =    0.16 sec.  Iterations = 1161  Nodes = 0
Deterministic time = 135.74 ticks  (866.18 ticks/sec)

CPLEX> Incumbent solution written to file '/tmp/cmpl.T11975.gsol'.
CPLEX> 
CMPL: Time used for model generation: 1 seconds
CMPL: Time used for solving the model: 0 seconds


Solution written to ASCII file: ../results/output_generated_rate_1/2017-03-06-4/unequal.sol

Solver - finished
