CMPL model generation - running

CMPL version: 1.11.0
Authors: Thomas Schleiff, Mike Steglich
Distributed under the GPLv3 

create model instance ...
write model instance ...
CMPL model generation - finished

Solver - running


Welcome to IBM(R) ILOG(R) CPLEX(R) Interactive Optimizer 12.7.1.0
  with Simplex, Mixed Integer & Barrier Optimizers
5725-A06 5725-A29 5724-Y48 5724-Y49 5724-Y54 5724-Y55 5655-Y21
Copyright IBM Corp. 1988, 2017.  All Rights Reserved.

Type 'help' for a list of available commands.
Type 'help' followed by a command name for more
information on commands.

CPLEX> Specified objective sense: MINIMIZE
Selected objective  name:  line[1]
Selected RHS        name:  RHS
Selected bound      name:  BOUND
Problem '/tmp/cmpl.T10310.mps' read.
Read time = 0.08 sec. (11.94 ticks)
CPLEX> CPXPARAM_Read_APIEncoding                        "UTF-8"
Tried aggregator 3 times.
MIP Presolve eliminated 24065 rows and 37626 columns.
MIP Presolve modified 493 coefficients.
Aggregator did 774 substitutions.
Reduced MIP has 3338 rows, 5755 columns, and 18930 nonzeros.
Reduced MIP has 5545 binaries, 0 generals, 0 SOSs, and 0 indicators.
Presolve time = 0.08 sec. (59.10 ticks)
Probing time = 0.01 sec. (3.29 ticks)
Tried aggregator 2 times.
MIP Presolve eliminated 4 rows and 1 columns.
MIP Presolve modified 12 coefficients.
Aggregator did 3 substitutions.
Reduced MIP has 3331 rows, 5751 columns, and 18915 nonzeros.
Reduced MIP has 5751 binaries, 0 generals, 0 SOSs, and 0 indicators.
Presolve time = 0.02 sec. (17.18 ticks)
Probing time = 0.01 sec. (3.28 ticks)
Clique table members: 5094.
MIP emphasis: balance optimality and feasibility.
MIP search method: dynamic search.
Parallel mode: none, using 1 thread.
Root relaxation solution time = 0.02 sec. (21.88 ticks)

        Nodes                                         Cuts/
   Node  Left     Objective  IInf  Best Integer    Best Bound    ItCnt     Gap

      0     0     2400.6493     7                   2400.6493     1071         
*     0+    0                         2500.8843     2400.6493             4.01%
*     0+    0                         2402.2493     2400.6493             0.07%
*     0     0      integral     0     2402.0365       Cuts: 9     1080    0.00%
      0     0        cutoff           2402.0365     2402.0365     1080    0.00%
Elapsed time = 0.24 sec. (200.62 ticks, tree = 0.01 MB, solutions = 3)

GUB cover cuts applied:  1
Cover cuts applied:  5
Gomory fractional cuts applied:  3

Root node processing (before b&c):
  Real time             =    0.24 sec. (202.67 ticks)
Sequential b&c:
  Real time             =    0.00 sec. (0.00 ticks)
                          ------------
Total (root+branch&cut) =    0.24 sec. (202.67 ticks)

Solution pool: 3 solutions saved.

MIP - Integer optimal solution:  Objective =  2.4020365340e+03
Solution time =    0.24 sec.  Iterations = 1080  Nodes = 0
Deterministic time = 202.80 ticks  (831.79 ticks/sec)

CPLEX> Incumbent solution written to file '/tmp/cmpl.T10310.gsol'.
CPLEX> 
CMPL: Time used for model generation: 1 seconds
CMPL: Time used for solving the model: 1 seconds


Solution written to ASCII file: ../results/output_generated_conf_0.5/2017-10-02-5/equal.sol

Solver - finished
