CMPL model generation - running

CMPL version: 1.11.0
Authors: Thomas Schleiff, Mike Steglich
Distributed under the GPLv3 

create model instance ...
write model instance ...
CMPL model generation - finished

Solver - running


Welcome to IBM(R) ILOG(R) CPLEX(R) Interactive Optimizer 12.7.1.0
  with Simplex, Mixed Integer & Barrier Optimizers
5725-A06 5725-A29 5724-Y48 5724-Y49 5724-Y54 5724-Y55 5655-Y21
Copyright IBM Corp. 1988, 2017.  All Rights Reserved.

Type 'help' for a list of available commands.
Type 'help' followed by a command name for more
information on commands.

CPLEX> Specified objective sense: MINIMIZE
Selected objective  name:  line[1]
Selected RHS        name:  RHS
Selected bound      name:  BOUND
Problem '/tmp/cmpl.T10260.mps' read.
Read time = 0.06 sec. (10.97 ticks)
CPLEX> CPXPARAM_Read_APIEncoding                        "UTF-8"
Tried aggregator 3 times.
MIP Presolve eliminated 24069 rows and 37626 columns.
MIP Presolve modified 425 coefficients.
Aggregator did 777 substitutions.
Reduced MIP has 3161 rows, 4137 columns, and 12237 nonzeros.
Reduced MIP has 3927 binaries, 0 generals, 0 SOSs, and 0 indicators.
Presolve time = 0.06 sec. (51.76 ticks)
Found incumbent of value 10598.587056 after 0.10 sec. (83.68 ticks)
Probing fixed 17 vars, tightened 0 bounds.
Probing time = 0.01 sec. (5.36 ticks)
Tried aggregator 1 time.
MIP Presolve eliminated 0 rows and 17 columns.
MIP Presolve modified 99 coefficients.
Reduced MIP has 3161 rows, 4120 columns, and 12203 nonzeros.
Reduced MIP has 4120 binaries, 0 generals, 0 SOSs, and 0 indicators.
Presolve time = 0.01 sec. (10.39 ticks)
Probing time = 0.01 sec. (2.85 ticks)
Clique table members: 7401.
MIP emphasis: balance optimality and feasibility.
MIP search method: dynamic search.
Parallel mode: none, using 1 thread.
Root relaxation solution time = 0.01 sec. (6.44 ticks)

        Nodes                                         Cuts/
   Node  Left     Objective  IInf  Best Integer    Best Bound    ItCnt     Gap

*     0+    0                        10598.5871     -241.3520           102.28%
      0     0     2386.5851     6    10598.5871     2386.5851      201   77.48%
*     0+    0                         2466.9748     2386.5851             3.26%
*     0+    0                         2387.9565     2386.5851             0.06%
*     0     0      integral     0     2387.9331       Cuts: 6      205    0.00%
      0     0        cutoff           2387.9331     2387.9331      205    0.00%
Elapsed time = 0.16 sec. (133.12 ticks, tree = 0.01 MB, solutions = 4)

Cover cuts applied:  4
Gomory fractional cuts applied:  2

Root node processing (before b&c):
  Real time             =    0.16 sec. (135.29 ticks)
Sequential b&c:
  Real time             =    0.00 sec. (0.00 ticks)
                          ------------
Total (root+branch&cut) =    0.16 sec. (135.29 ticks)

Solution pool: 4 solutions saved.

MIP - Integer optimal solution:  Objective =  2.3879330970e+03
Solution time =    0.16 sec.  Iterations = 205  Nodes = 0
Deterministic time = 135.41 ticks  (823.13 ticks/sec)

CPLEX> Incumbent solution written to file '/tmp/cmpl.T10260.gsol'.
CPLEX> 
CMPL: Time used for model generation: 1 seconds
CMPL: Time used for solving the model: 1 seconds


Solution written to ASCII file: ../results/output_generated_conf_0.5/2017-10-02-5/unequal.sol

Solver - finished
