CMPL model generation - running

CMPL version: 1.11.0
Authors: Thomas Schleiff, Mike Steglich
Distributed under the GPLv3 

create model instance ...
write model instance ...
CMPL model generation - finished

Solver - running


Welcome to IBM(R) ILOG(R) CPLEX(R) Interactive Optimizer 12.7.1.0
  with Simplex, Mixed Integer & Barrier Optimizers
5725-A06 5725-A29 5724-Y48 5724-Y49 5724-Y54 5724-Y55 5655-Y21
Copyright IBM Corp. 1988, 2017.  All Rights Reserved.

Type 'help' for a list of available commands.
Type 'help' followed by a command name for more
information on commands.

CPLEX> Specified objective sense: MINIMIZE
Selected objective  name:  line[1]
Selected RHS        name:  RHS
Selected bound      name:  BOUND
Problem '/tmp/cmpl.T11413.mps' read.
Read time = 0.07 sec. (11.99 ticks)
CPLEX> CPXPARAM_Read_APIEncoding                        "UTF-8"
Tried aggregator 3 times.
MIP Presolve eliminated 23586 rows and 36663 columns.
MIP Presolve modified 719 coefficients.
Aggregator did 1236 substitutions.
Reduced MIP has 3355 rows, 6256 columns, and 20417 nonzeros.
Reduced MIP has 6046 binaries, 0 generals, 0 SOSs, and 0 indicators.
Presolve time = 0.07 sec. (62.25 ticks)
Probing time = 0.01 sec. (3.27 ticks)
Tried aggregator 1 time.
MIP Presolve eliminated 0 rows and 14 columns.
Reduced MIP has 3355 rows, 6242 columns, and 20389 nonzeros.
Reduced MIP has 6242 binaries, 0 generals, 0 SOSs, and 0 indicators.
Presolve time = 0.02 sec. (15.00 ticks)
Probing time = 0.01 sec. (3.37 ticks)
Clique table members: 3996.
MIP emphasis: balance optimality and feasibility.
MIP search method: dynamic search.
Parallel mode: none, using 1 thread.
Root relaxation solution time = 0.03 sec. (30.66 ticks)

        Nodes                                         Cuts/
   Node  Left     Objective  IInf  Best Integer    Best Bound    ItCnt     Gap

*     0     0      integral     0    11695.0434    11695.0434     1650    0.00%
Elapsed time = 0.22 sec. (189.85 ticks, tree = 0.00 MB, solutions = 1)

Root node processing (before b&c):
  Real time             =    0.23 sec. (191.27 ticks)
Sequential b&c:
  Real time             =    0.00 sec. (0.00 ticks)
                          ------------
Total (root+branch&cut) =    0.23 sec. (191.27 ticks)

Solution pool: 1 solution saved.

MIP - Integer optimal solution:  Objective =  1.1695043419e+04
Solution time =    0.23 sec.  Iterations = 1650  Nodes = 0
Deterministic time = 191.40 ticks  (841.36 ticks/sec)

CPLEX> Incumbent solution written to file '/tmp/cmpl.T11413.gsol'.
CPLEX> 
CMPL: Time used for model generation: 2 seconds
CMPL: Time used for solving the model: 1 seconds


Solution written to ASCII file: ../results/output_generated_rate_0.4/2017-10-02-5/equal.sol

Solver - finished
