CMPL model generation - running

CMPL version: 1.11.0
Authors: Thomas Schleiff, Mike Steglich
Distributed under the GPLv3 

create model instance ...
write model instance ...
CMPL model generation - finished

Solver - running


Welcome to IBM(R) ILOG(R) CPLEX(R) Interactive Optimizer 12.7.1.0
  with Simplex, Mixed Integer & Barrier Optimizers
5725-A06 5725-A29 5724-Y48 5724-Y49 5724-Y54 5724-Y55 5655-Y21
Copyright IBM Corp. 1988, 2017.  All Rights Reserved.

Type 'help' for a list of available commands.
Type 'help' followed by a command name for more
information on commands.

CPLEX> Specified objective sense: MINIMIZE
Selected objective  name:  line[1]
Selected RHS        name:  RHS
Selected bound      name:  BOUND
Problem '/tmp/cmpl.T10501.mps' read.
Read time = 0.06 sec. (9.67 ticks)
CPLEX> CPXPARAM_Read_APIEncoding                        "UTF-8"
Tried aggregator 3 times.
MIP Presolve eliminated 19210 rows and 30913 columns.
MIP Presolve modified 521 coefficients.
Aggregator did 702 substitutions.
Reduced MIP has 2698 rows, 4678 columns, and 15216 nonzeros.
Reduced MIP has 4510 binaries, 0 generals, 0 SOSs, and 0 indicators.
Presolve time = 0.06 sec. (52.76 ticks)
Probing time = 0.01 sec. (3.06 ticks)
Tried aggregator 1 time.
MIP Presolve eliminated 1 rows and 0 columns.
MIP Presolve modified 3 coefficients.
Reduced MIP has 2697 rows, 4678 columns, and 15212 nonzeros.
Reduced MIP has 4678 binaries, 0 generals, 0 SOSs, and 0 indicators.
Presolve time = 0.02 sec. (12.29 ticks)
Probing time = 0.01 sec. (3.06 ticks)
Clique table members: 4002.
MIP emphasis: balance optimality and feasibility.
MIP search method: dynamic search.
Parallel mode: none, using 1 thread.
Root relaxation solution time = 0.02 sec. (15.89 ticks)

        Nodes                                         Cuts/
   Node  Left     Objective  IInf  Best Integer    Best Bound    ItCnt     Gap

      0     0     3441.7514     2                   3441.7514     1032         
*     0+    0                         3481.7091     3441.7514             1.15%
*     0+    0                         3442.3228     3441.7514             0.02%
*     0     0      integral     0     3442.1021     3442.1021     1035    0.00%
Elapsed time = 0.20 sec. (164.34 ticks, tree = 0.01 MB, solutions = 3)

Root node processing (before b&c):
  Real time             =    0.21 sec. (166.02 ticks)
Sequential b&c:
  Real time             =    0.00 sec. (0.00 ticks)
                          ------------
Total (root+branch&cut) =    0.21 sec. (166.02 ticks)

Solution pool: 3 solutions saved.

MIP - Integer optimal solution:  Objective =  3.4421021410e+03
Solution time =    0.21 sec.  Iterations = 1035  Nodes = 0
Deterministic time = 166.13 ticks  (809.76 ticks/sec)

CPLEX> Incumbent solution written to file '/tmp/cmpl.T10501.gsol'.
CPLEX> 
CMPL: Time used for model generation: 1 seconds
CMPL: Time used for solving the model: 1 seconds


Solution written to ASCII file: ../results/output_generated_conf_0.7/2017-03-06-4/equal.sol

Solver - finished
