CMPL model generation - running

CMPL version: 1.11.0
Authors: Thomas Schleiff, Mike Steglich
Distributed under the GPLv3 

create model instance ...
write model instance ...
CMPL model generation - finished

Solver - running


Welcome to IBM(R) ILOG(R) CPLEX(R) Interactive Optimizer 12.7.1.0
  with Simplex, Mixed Integer & Barrier Optimizers
5725-A06 5725-A29 5724-Y48 5724-Y49 5724-Y54 5724-Y55 5655-Y21
Copyright IBM Corp. 1988, 2017.  All Rights Reserved.

Type 'help' for a list of available commands.
Type 'help' followed by a command name for more
information on commands.

CPLEX> Specified objective sense: MINIMIZE
Selected objective  name:  line[1]
Selected RHS        name:  RHS
Selected bound      name:  BOUND
Problem '/tmp/cmpl.T11324.mps' read.
Read time = 0.05 sec. (8.89 ticks)
CPLEX> CPXPARAM_Read_APIEncoding                        "UTF-8"
Tried aggregator 3 times.
MIP Presolve eliminated 18890 rows and 29933 columns.
MIP Presolve modified 340 coefficients.
Aggregator did 1003 substitutions.
Reduced MIP has 2547 rows, 3742 columns, and 10922 nonzeros.
Reduced MIP has 3574 binaries, 0 generals, 0 SOSs, and 0 indicators.
Presolve time = 0.06 sec. (42.66 ticks)
Found incumbent of value 29586.109708 after 0.11 sec. (76.31 ticks)
Probing fixed 49 vars, tightened 0 bounds.
Probing time = 0.01 sec. (5.08 ticks)
Tried aggregator 1 time.
MIP Presolve eliminated 0 rows and 49 columns.
MIP Presolve modified 407 coefficients.
Reduced MIP has 2547 rows, 3693 columns, and 10824 nonzeros.
Reduced MIP has 3693 binaries, 0 generals, 0 SOSs, and 0 indicators.
Presolve time = 0.01 sec. (10.81 ticks)
Probing time = 0.01 sec. (2.73 ticks)
Clique table members: 6636.
MIP emphasis: balance optimality and feasibility.
MIP search method: dynamic search.
Parallel mode: none, using 1 thread.
Root relaxation solution time = 0.01 sec. (13.01 ticks)

        Nodes                                         Cuts/
   Node  Left     Objective  IInf  Best Integer    Best Bound    ItCnt     Gap

*     0+    0                        29586.1097      -19.5869           100.07%
*     0     0      integral     0     9536.3292     9536.3292      708    0.00%
Elapsed time = 0.17 sec. (116.48 ticks, tree = 0.00 MB, solutions = 2)

Root node processing (before b&c):
  Real time             =    0.17 sec. (117.74 ticks)
Sequential b&c:
  Real time             =    0.00 sec. (0.00 ticks)
                          ------------
Total (root+branch&cut) =    0.17 sec. (117.74 ticks)

Solution pool: 2 solutions saved.

MIP - Integer optimal solution:  Objective =  9.5363292040e+03
Solution time =    0.17 sec.  Iterations = 708  Nodes = 0
Deterministic time = 117.84 ticks  (700.52 ticks/sec)

CPLEX> Incumbent solution written to file '/tmp/cmpl.T11324.gsol'.
CPLEX> 
CMPL: Time used for model generation: 0 seconds
CMPL: Time used for solving the model: 1 seconds


Solution written to ASCII file: ../results/output_generated_rate_0.4/2016-04-04-4/unequal.sol

Solver - finished
