CMPL model generation - running

CMPL version: 1.11.0
Authors: Thomas Schleiff, Mike Steglich
Distributed under the GPLv3 

create model instance ...
write model instance ...
CMPL model generation - finished

Solver - running


Welcome to IBM(R) ILOG(R) CPLEX(R) Interactive Optimizer 12.7.1.0
  with Simplex, Mixed Integer & Barrier Optimizers
5725-A06 5725-A29 5724-Y48 5724-Y49 5724-Y54 5724-Y55 5655-Y21
Copyright IBM Corp. 1988, 2017.  All Rights Reserved.

Type 'help' for a list of available commands.
Type 'help' followed by a command name for more
information on commands.

CPLEX> Specified objective sense: MINIMIZE
Selected objective  name:  line[1]
Selected RHS        name:  RHS
Selected bound      name:  BOUND
Problem '/tmp/cmpl.XM9918.mps' read.
Read time = 0.10 sec. (10.97 ticks)
CPLEX> CPXPARAM_Read_APIEncoding                        "UTF-8"
Tried aggregator 3 times.
MIP Presolve eliminated 24164 rows and 37809 columns.
MIP Presolve modified 425 coefficients.
Aggregator did 717 substitutions.
Reduced MIP has 3126 rows, 4014 columns, and 11900 nonzeros.
Reduced MIP has 3804 binaries, 0 generals, 0 SOSs, and 0 indicators.
Presolve time = 0.10 sec. (53.36 ticks)
Found incumbent of value 4788.604475 after 0.15 sec. (71.74 ticks)
Probing fixed 6 vars, tightened 0 bounds.
Probing time = 0.03 sec. (5.12 ticks)
Tried aggregator 1 time.
MIP Presolve eliminated 0 rows and 6 columns.
MIP Presolve modified 22 coefficients.
Reduced MIP has 3126 rows, 4008 columns, and 11888 nonzeros.
Reduced MIP has 4008 binaries, 0 generals, 0 SOSs, and 0 indicators.
Presolve time = 0.02 sec. (9.98 ticks)
Probing time = 0.01 sec. (2.83 ticks)
Clique table members: 7325.
MIP emphasis: balance optimality and feasibility.
MIP search method: dynamic search.
Parallel mode: none, using 1 thread.
Root relaxation solution time = 0.01 sec. (5.41 ticks)

        Nodes                                         Cuts/
   Node  Left     Objective  IInf  Best Integer    Best Bound    ItCnt     Gap

*     0+    0                         4788.6045     -303.1919           106.33%
      0     0      707.4270    15     4788.6045      707.4270      100   85.23%
*     0+    0                          908.6171      707.4270            22.14%
*     0+    0                          710.8555      707.4270             0.48%
      0     0      710.5298     1      710.8555      Cuts: 12      104    0.05%
*     0+    0                          710.6884      710.5298             0.02%
      0     0        cutoff            710.6884                    104    0.00%
Elapsed time = 0.27 sec. (122.60 ticks, tree = 0.01 MB, solutions = 4)

Cover cuts applied:  8
Gomory fractional cuts applied:  4

Root node processing (before b&c):
  Real time             =    0.28 sec. (124.77 ticks)
Sequential b&c:
  Real time             =    0.00 sec. (0.00 ticks)
                          ------------
Total (root+branch&cut) =    0.28 sec. (124.77 ticks)

Solution pool: 4 solutions saved.

MIP - Integer optimal solution:  Objective =  7.1068841500e+02
Solution time =    0.28 sec.  Iterations = 104  Nodes = 0
Deterministic time = 124.89 ticks  (453.66 ticks/sec)

CPLEX> Incumbent solution written to file '/tmp/cmpl.XM9918.gsol'.
CPLEX> 
CMPL: Time used for model generation: 2 seconds
CMPL: Time used for solving the model: 2 seconds


Solution written to ASCII file: ../results/output_generated_conf_0.2/2016-08-01-5/unequal.sol

Solver - finished
