CMPL model generation - running

CMPL version: 1.11.0
Authors: Thomas Schleiff, Mike Steglich
Distributed under the GPLv3 

create model instance ...
write model instance ...
CMPL model generation - finished

Solver - running


Welcome to IBM(R) ILOG(R) CPLEX(R) Interactive Optimizer 12.7.1.0
  with Simplex, Mixed Integer & Barrier Optimizers
5725-A06 5725-A29 5724-Y48 5724-Y49 5724-Y54 5724-Y55 5655-Y21
Copyright IBM Corp. 1988, 2017.  All Rights Reserved.

Type 'help' for a list of available commands.
Type 'help' followed by a command name for more
information on commands.

CPLEX> Specified objective sense: MINIMIZE
Selected objective  name:  line[1]
Selected RHS        name:  RHS
Selected bound      name:  BOUND
Problem '/tmp/cmpl.XM9865.mps' read.
Read time = 0.07 sec. (11.93 ticks)
CPLEX> CPXPARAM_Read_APIEncoding                        "UTF-8"
Tried aggregator 3 times.
MIP Presolve eliminated 24178 rows and 37838 columns.
MIP Presolve modified 451 coefficients.
Aggregator did 706 substitutions.
Reduced MIP has 3293 rows, 5611 columns, and 18520 nonzeros.
Reduced MIP has 5401 binaries, 0 generals, 0 SOSs, and 0 indicators.
Presolve time = 0.07 sec. (58.54 ticks)
Found incumbent of value 25470.000415 after 0.13 sec. (97.67 ticks)
Probing fixed 8 vars, tightened 0 bounds.
Probing time = 0.02 sec. (9.53 ticks)
Tried aggregator 1 time.
MIP Presolve eliminated 0 rows and 8 columns.
MIP Presolve modified 41 coefficients.
Reduced MIP has 3293 rows, 5603 columns, and 18504 nonzeros.
Reduced MIP has 5603 binaries, 0 generals, 0 SOSs, and 0 indicators.
Presolve time = 0.02 sec. (13.38 ticks)
Probing time = 0.01 sec. (3.23 ticks)
Clique table members: 10532.
MIP emphasis: balance optimality and feasibility.
MIP search method: dynamic search.
Parallel mode: none, using 1 thread.
Root relaxation solution time = 0.02 sec. (21.98 ticks)

        Nodes                                         Cuts/
   Node  Left     Objective  IInf  Best Integer    Best Bound    ItCnt     Gap

*     0+    0                        25470.0004     -481.6497           101.89%
      0     0      412.1535    22    25470.0004      412.1535     1304   98.38%
*     0+    0                          829.4617      412.1535            50.31%
*     0+    0                          417.1821      412.1535             1.21%
*     0     0      integral     0      416.9783      Cuts: 10     1308    0.00%
      0     0        cutoff            416.9783      416.9783     1308    0.00%
Elapsed time = 0.25 sec. (180.29 ticks, tree = 0.01 MB, solutions = 4)

Clique cuts applied:  1
Cover cuts applied:  6
Gomory fractional cuts applied:  3

Root node processing (before b&c):
  Real time             =    0.25 sec. (182.63 ticks)
Sequential b&c:
  Real time             =    0.00 sec. (0.00 ticks)
                          ------------
Total (root+branch&cut) =    0.25 sec. (182.63 ticks)

Solution pool: 4 solutions saved.

MIP - Integer optimal solution:  Objective =  4.1697826700e+02
Solution time =    0.25 sec.  Iterations = 1308  Nodes = 0
Deterministic time = 182.75 ticks  (726.33 ticks/sec)

CPLEX> Incumbent solution written to file '/tmp/cmpl.XM9865.gsol'.
CPLEX> 
CMPL: Time used for model generation: 1 seconds
CMPL: Time used for solving the model: 1 seconds


Solution written to ASCII file: ../results/output_generated_conf_0.1/2016-08-01-5/equal.sol

Solver - finished
