CMPL model generation - running

CMPL version: 1.11.0
Authors: Thomas Schleiff, Mike Steglich
Distributed under the GPLv3 

create model instance ...
write model instance ...
CMPL model generation - finished

Solver - running


Welcome to IBM(R) ILOG(R) CPLEX(R) Interactive Optimizer 12.7.1.0
  with Simplex, Mixed Integer & Barrier Optimizers
5725-A06 5725-A29 5724-Y48 5724-Y49 5724-Y54 5724-Y55 5655-Y21
Copyright IBM Corp. 1988, 2017.  All Rights Reserved.

Type 'help' for a list of available commands.
Type 'help' followed by a command name for more
information on commands.

CPLEX> Specified objective sense: MINIMIZE
Selected objective  name:  line[1]
Selected RHS        name:  RHS
Selected bound      name:  BOUND
Problem '/tmp/cmpl.T11505.mps' read.
Read time = 0.06 sec. (12.00 ticks)
CPLEX> CPXPARAM_Read_APIEncoding                        "UTF-8"
Tried aggregator 3 times.
MIP Presolve eliminated 23460 rows and 36411 columns.
MIP Presolve modified 791 coefficients.
Aggregator did 1362 substitutions.
Reduced MIP has 3355 rows, 6382 columns, and 20795 nonzeros.
Reduced MIP has 6172 binaries, 0 generals, 0 SOSs, and 0 indicators.
Presolve time = 0.07 sec. (63.04 ticks)
Probing time = 0.01 sec. (3.26 ticks)
Tried aggregator 1 time.
MIP Presolve eliminated 0 rows and 27 columns.
Reduced MIP has 3355 rows, 6355 columns, and 20741 nonzeros.
Reduced MIP has 6355 binaries, 0 generals, 0 SOSs, and 0 indicators.
Presolve time = 0.02 sec. (15.75 ticks)
Probing time = 0.01 sec. (3.37 ticks)
Clique table members: 4122.
MIP emphasis: balance optimality and feasibility.
MIP search method: dynamic search.
Parallel mode: none, using 1 thread.
Root relaxation solution time = 0.03 sec. (32.44 ticks)

        Nodes                                         Cuts/
   Node  Left     Objective  IInf  Best Integer    Best Bound    ItCnt     Gap

*     0     0      integral     0    14025.1060    14025.1060     1664    0.00%
Elapsed time = 0.23 sec. (194.28 ticks, tree = 0.00 MB, solutions = 1)

Root node processing (before b&c):
  Real time             =    0.23 sec. (195.70 ticks)
Sequential b&c:
  Real time             =    0.00 sec. (0.00 ticks)
                          ------------
Total (root+branch&cut) =    0.23 sec. (195.70 ticks)

Solution pool: 1 solution saved.

MIP - Integer optimal solution:  Objective =  1.4025105970e+04
Solution time =    0.23 sec.  Iterations = 1664  Nodes = 0
Deterministic time = 195.82 ticks  (836.10 ticks/sec)

CPLEX> Incumbent solution written to file '/tmp/cmpl.T11505.gsol'.
CPLEX> 
CMPL: Time used for model generation: 1 seconds
CMPL: Time used for solving the model: 1 seconds


Solution written to ASCII file: ../results/output_generated_rate_0.5/2017-05-01-5/equal.sol

Solver - finished
