CMPL model generation - running

CMPL version: 1.11.0
Authors: Thomas Schleiff, Mike Steglich
Distributed under the GPLv3 

create model instance ...
write model instance ...
CMPL model generation - finished

Solver - running


Welcome to IBM(R) ILOG(R) CPLEX(R) Interactive Optimizer 12.7.1.0
  with Simplex, Mixed Integer & Barrier Optimizers
5725-A06 5725-A29 5724-Y48 5724-Y49 5724-Y54 5724-Y55 5655-Y21
Copyright IBM Corp. 1988, 2017.  All Rights Reserved.

Type 'help' for a list of available commands.
Type 'help' followed by a command name for more
information on commands.

CPLEX> Specified objective sense: MINIMIZE
Selected objective  name:  line[1]
Selected RHS        name:  RHS
Selected bound      name:  BOUND
Problem '/tmp/cmpl.T10019.mps' read.
Read time = 0.05 sec. (8.85 ticks)
CPLEX> CPXPARAM_Read_APIEncoding                        "UTF-8"
Tried aggregator 3 times.
MIP Presolve eliminated 19352 rows and 30838 columns.
MIP Presolve modified 340 coefficients.
Aggregator did 605 substitutions.
Reduced MIP has 2483 rows, 3235 columns, and 9445 nonzeros.
Reduced MIP has 3067 binaries, 0 generals, 0 SOSs, and 0 indicators.
Presolve time = 0.05 sec. (43.03 ticks)
Found incumbent of value 4844.726987 after 0.07 sec. (59.54 ticks)
Probing fixed 3 vars, tightened 0 bounds.
Probing time = 0.01 sec. (4.18 ticks)
Tried aggregator 1 time.
MIP Presolve eliminated 0 rows and 3 columns.
MIP Presolve modified 15 coefficients.
Reduced MIP has 2483 rows, 3232 columns, and 9439 nonzeros.
Reduced MIP has 3232 binaries, 0 generals, 0 SOSs, and 0 indicators.
Presolve time = 0.01 sec. (8.02 ticks)
Probing time = 0.01 sec. (2.67 ticks)
Clique table members: 5806.
MIP emphasis: balance optimality and feasibility.
MIP search method: dynamic search.
Parallel mode: none, using 1 thread.
Root relaxation solution time = 0.00 sec. (4.37 ticks)

        Nodes                                         Cuts/
   Node  Left     Objective  IInf  Best Integer    Best Bound    ItCnt     Gap

*     0+    0                         4844.7270     -424.5327           108.76%
      0     0      958.0868    16     4844.7270      958.0868       87   80.22%
*     0+    0                         1217.8031      958.0868            21.33%
*     0+    0                          962.6582      958.0868             0.47%
*     0     0      integral     0      962.3220      Cuts: 10       91    0.00%
      0     0        cutoff            962.3220      962.3220       91    0.00%
Elapsed time = 0.12 sec. (97.84 ticks, tree = 0.01 MB, solutions = 4)

GUB cover cuts applied:  1
Clique cuts applied:  1
Cover cuts applied:  5
Gomory fractional cuts applied:  3

Root node processing (before b&c):
  Real time             =    0.12 sec. (99.60 ticks)
Sequential b&c:
  Real time             =    0.00 sec. (0.00 ticks)
                          ------------
Total (root+branch&cut) =    0.12 sec. (99.60 ticks)

Solution pool: 4 solutions saved.

MIP - Integer optimal solution:  Objective =  9.6232204600e+02
Solution time =    0.12 sec.  Iterations = 91  Nodes = 0
Deterministic time = 99.70 ticks  (808.27 ticks/sec)

CPLEX> Incumbent solution written to file '/tmp/cmpl.T10019.gsol'.
CPLEX> 
CMPL: Time used for model generation: 1 seconds
CMPL: Time used for solving the model: 0 seconds


Solution written to ASCII file: ../results/output_generated_conf_0.3/2016-04-04-4/unequal.sol

Solver - finished
