CMPL model generation - running

CMPL version: 1.11.0
Authors: Thomas Schleiff, Mike Steglich
Distributed under the GPLv3 

create model instance ...
write model instance ...
CMPL model generation - finished

Solver - running


Welcome to IBM(R) ILOG(R) CPLEX(R) Interactive Optimizer 12.7.1.0
  with Simplex, Mixed Integer & Barrier Optimizers
5725-A06 5725-A29 5724-Y48 5724-Y49 5724-Y54 5724-Y55 5655-Y21
Copyright IBM Corp. 1988, 2017.  All Rights Reserved.

Type 'help' for a list of available commands.
Type 'help' followed by a command name for more
information on commands.

CPLEX> Specified objective sense: MINIMIZE
Selected objective  name:  line[1]
Selected RHS        name:  RHS
Selected bound      name:  BOUND
Problem '/tmp/cmpl.T10250.mps' read.
Read time = 0.06 sec. (10.97 ticks)
CPLEX> CPXPARAM_Read_APIEncoding                        "UTF-8"
Tried aggregator 3 times.
MIP Presolve eliminated 24071 rows and 37633 columns.
MIP Presolve modified 425 coefficients.
Aggregator did 776 substitutions.
Reduced MIP has 3160 rows, 4131 columns, and 12221 nonzeros.
Reduced MIP has 3921 binaries, 0 generals, 0 SOSs, and 0 indicators.
Presolve time = 0.06 sec. (51.75 ticks)
Found incumbent of value 15955.542096 after 0.12 sec. (106.90 ticks)
Probing fixed 17 vars, tightened 0 bounds.
Probing time = 0.01 sec. (5.31 ticks)
Tried aggregator 1 time.
MIP Presolve eliminated 0 rows and 17 columns.
MIP Presolve modified 82 coefficients.
Reduced MIP has 3160 rows, 4114 columns, and 12187 nonzeros.
Reduced MIP has 4114 binaries, 0 generals, 0 SOSs, and 0 indicators.
Presolve time = 0.01 sec. (10.32 ticks)
Probing time = 0.01 sec. (2.86 ticks)
Clique table members: 7378.
MIP emphasis: balance optimality and feasibility.
MIP search method: dynamic search.
Parallel mode: none, using 1 thread.
Root relaxation solution time = 0.01 sec. (6.39 ticks)

        Nodes                                         Cuts/
   Node  Left     Objective  IInf  Best Integer    Best Bound    ItCnt     Gap

*     0+    0                        15955.5421     -221.4970           101.39%
      0     0     2328.4644    11    15955.5421     2328.4644      203   85.41%
*     0+    0                         2468.7958     2328.4644             5.68%
*     0+    0                         2330.9787     2328.4644             0.11%
*     0     0      integral     0     2330.5978      Cuts: 23      214    0.00%
      0     0        cutoff           2330.5978     2330.5978      214    0.00%
Elapsed time = 0.18 sec. (159.38 ticks, tree = 0.01 MB, solutions = 4)

GUB cover cuts applied:  1
Clique cuts applied:  5
Cover cuts applied:  11
Gomory fractional cuts applied:  6

Root node processing (before b&c):
  Real time             =    0.18 sec. (161.55 ticks)
Sequential b&c:
  Real time             =    0.00 sec. (0.00 ticks)
                          ------------
Total (root+branch&cut) =    0.18 sec. (161.55 ticks)

Solution pool: 4 solutions saved.

MIP - Integer optimal solution:  Objective =  2.3305978360e+03
Solution time =    0.18 sec.  Iterations = 214  Nodes = 0
Deterministic time = 161.67 ticks  (875.98 ticks/sec)

CPLEX> Incumbent solution written to file '/tmp/cmpl.T10250.gsol'.
CPLEX> 
CMPL: Time used for model generation: 1 seconds
CMPL: Time used for solving the model: 1 seconds


Solution written to ASCII file: ../results/output_generated_conf_0.5/2017-05-01-5/unequal.sol

Solver - finished
