CMPL model generation - running

CMPL version: 1.11.0
Authors: Thomas Schleiff, Mike Steglich
Distributed under the GPLv3 

create model instance ...
write model instance ...
CMPL model generation - finished

Solver - running


Welcome to IBM(R) ILOG(R) CPLEX(R) Interactive Optimizer 12.7.1.0
  with Simplex, Mixed Integer & Barrier Optimizers
5725-A06 5725-A29 5724-Y48 5724-Y49 5724-Y54 5724-Y55 5655-Y21
Copyright IBM Corp. 1988, 2017.  All Rights Reserved.

Type 'help' for a list of available commands.
Type 'help' followed by a command name for more
information on commands.

CPLEX> Specified objective sense: MINIMIZE
Selected objective  name:  line[1]
Selected RHS        name:  RHS
Selected bound      name:  BOUND
Problem '/tmp/cmpl.T10378.mps' read.
Read time = 0.06 sec. (11.94 ticks)
CPLEX> CPXPARAM_Read_APIEncoding                        "UTF-8"
Tried aggregator 3 times.
MIP Presolve eliminated 24014 rows and 37525 columns.
MIP Presolve modified 507 coefficients.
Aggregator did 815 substitutions.
Reduced MIP has 3348 rows, 5815 columns, and 19104 nonzeros.
Reduced MIP has 5605 binaries, 0 generals, 0 SOSs, and 0 indicators.
Presolve time = 0.08 sec. (59.45 ticks)
Probing time = 0.01 sec. (3.29 ticks)
Tried aggregator 2 times.
MIP Presolve eliminated 3 rows and 0 columns.
MIP Presolve modified 10 coefficients.
Aggregator did 2 substitutions.
Reduced MIP has 3343 rows, 5813 columns, and 19094 nonzeros.
Reduced MIP has 5813 binaries, 0 generals, 0 SOSs, and 0 indicators.
Presolve time = 0.02 sec. (17.08 ticks)
Probing time = 0.01 sec. (3.30 ticks)
Clique table members: 4705.
MIP emphasis: balance optimality and feasibility.
MIP search method: dynamic search.
Parallel mode: none, using 1 thread.
Root relaxation solution time = 0.02 sec. (24.31 ticks)

        Nodes                                         Cuts/
   Node  Left     Objective  IInf  Best Integer    Best Bound    ItCnt     Gap

      0     0     3362.1330     4                   3362.1330     1027         
*     0+    0                         3363.0473     3362.1330             0.03%
*     0     0      integral     0     3362.4414      Cuts: 11     1035    0.00%
      0     0        cutoff           3362.4414     3362.4414     1035    0.00%
Elapsed time = 0.24 sec. (200.81 ticks, tree = 0.01 MB, solutions = 2)

GUB cover cuts applied:  2
Clique cuts applied:  2
Cover cuts applied:  4
Gomory fractional cuts applied:  3

Root node processing (before b&c):
  Real time             =    0.24 sec. (202.56 ticks)
Sequential b&c:
  Real time             =    0.00 sec. (0.00 ticks)
                          ------------
Total (root+branch&cut) =    0.24 sec. (202.56 ticks)

Solution pool: 2 solutions saved.

MIP - Integer optimal solution:  Objective =  3.3624413810e+03
Solution time =    0.25 sec.  Iterations = 1035  Nodes = 0
Deterministic time = 202.69 ticks  (826.72 ticks/sec)

CPLEX> Incumbent solution written to file '/tmp/cmpl.T10378.gsol'.
CPLEX> 
CMPL: Time used for model generation: 1 seconds
CMPL: Time used for solving the model: 1 seconds


Solution written to ASCII file: ../results/output_generated_conf_0.6/2016-05-02-5/equal.sol

Solver - finished
