CMPL model generation - running

CMPL version: 1.11.0
Authors: Thomas Schleiff, Mike Steglich
Distributed under the GPLv3 

create model instance ...
write model instance ...
CMPL model generation - finished

Solver - running


Welcome to IBM(R) ILOG(R) CPLEX(R) Interactive Optimizer 12.7.1.0
  with Simplex, Mixed Integer & Barrier Optimizers
5725-A06 5725-A29 5724-Y48 5724-Y49 5724-Y54 5724-Y55 5655-Y21
Copyright IBM Corp. 1988, 2017.  All Rights Reserved.

Type 'help' for a list of available commands.
Type 'help' followed by a command name for more
information on commands.

CPLEX> Specified objective sense: MINIMIZE
Selected objective  name:  line[1]
Selected RHS        name:  RHS
Selected bound      name:  BOUND
Problem '/tmp/cmpl.T10806.mps' read.
Read time = 0.05 sec. (9.75 ticks)
CPLEX> CPXPARAM_Read_APIEncoding                        "UTF-8"
Tried aggregator 3 times.
MIP Presolve eliminated 18476 rows and 29447 columns.
MIP Presolve modified 1031 coefficients.
Aggregator did 1415 substitutions.
Reduced MIP has 2719 rows, 5431 columns, and 17461 nonzeros.
Reduced MIP has 5263 binaries, 0 generals, 0 SOSs, and 0 indicators.
Presolve time = 0.06 sec. (56.89 ticks)
Found incumbent of value 37409.349921 after 0.11 sec. (99.33 ticks)
Probing time = 0.01 sec. (3.00 ticks)
Tried aggregator 1 time.
MIP Presolve eliminated 1 rows and 52 columns.
MIP Presolve modified 3 coefficients.
Reduced MIP has 2718 rows, 5379 columns, and 17353 nonzeros.
Reduced MIP has 5379 binaries, 0 generals, 0 SOSs, and 0 indicators.
Presolve time = 0.02 sec. (16.55 ticks)
Probing time = 0.01 sec. (3.15 ticks)
Clique table members: 3623.
MIP emphasis: balance optimality and feasibility.
MIP search method: dynamic search.
Parallel mode: none, using 1 thread.
Root relaxation solution time = 0.04 sec. (35.81 ticks)

        Nodes                                         Cuts/
   Node  Left     Objective  IInf  Best Integer    Best Bound    ItCnt     Gap

*     0+    0                        37409.3499        0.0000           100.00%
*     0     0      integral     0    17571.1717    17571.1717     2017    0.00%
Elapsed time = 0.19 sec. (169.29 ticks, tree = 0.00 MB, solutions = 2)

Root node processing (before b&c):
  Real time             =    0.20 sec. (170.70 ticks)
Sequential b&c:
  Real time             =    0.00 sec. (0.00 ticks)
                          ------------
Total (root+branch&cut) =    0.20 sec. (170.70 ticks)

Solution pool: 2 solutions saved.

MIP - Integer optimal solution:  Objective =  1.7571171669e+04
Solution time =    0.20 sec.  Iterations = 2017  Nodes = 0
Deterministic time = 170.81 ticks  (864.89 ticks/sec)

CPLEX> Incumbent solution written to file '/tmp/cmpl.T10806.gsol'.
CPLEX> 
CMPL: Time used for model generation: 1 seconds
CMPL: Time used for solving the model: 0 seconds


Solution written to ASCII file: ../results/output_generated_conf_1/2017-03-06-4/equal.sol

Solver - finished
