CMPL model generation - running

CMPL version: 1.11.0
Authors: Thomas Schleiff, Mike Steglich
Distributed under the GPLv3 

create model instance ...
write model instance ...
CMPL model generation - finished

Solver - running


Welcome to IBM(R) ILOG(R) CPLEX(R) Interactive Optimizer 12.7.1.0
  with Simplex, Mixed Integer & Barrier Optimizers
5725-A06 5725-A29 5724-Y48 5724-Y49 5724-Y54 5724-Y55 5655-Y21
Copyright IBM Corp. 1988, 2017.  All Rights Reserved.

Type 'help' for a list of available commands.
Type 'help' followed by a command name for more
information on commands.

CPLEX> Specified objective sense: MINIMIZE
Selected objective  name:  line[1]
Selected RHS        name:  RHS
Selected bound      name:  BOUND
Problem '/tmp/cmpl.T10607.mps' read.
Read time = 0.07 sec. (9.68 ticks)
CPLEX> CPXPARAM_Read_APIEncoding                        "UTF-8"
Tried aggregator 3 times.
MIP Presolve eliminated 19149 rows and 30792 columns.
MIP Presolve modified 542 coefficients.
Aggregator did 751 substitutions.
Reduced MIP has 2710 rows, 4750 columns, and 15426 nonzeros.
Reduced MIP has 4582 binaries, 0 generals, 0 SOSs, and 0 indicators.
Presolve time = 0.08 sec. (51.44 ticks)
Found incumbent of value 23659.690414 after 0.14 sec. (87.34 ticks)
Probing time = 0.01 sec. (3.06 ticks)
Tried aggregator 2 times.
MIP Presolve eliminated 2 rows and 2 columns.
MIP Presolve modified 6 coefficients.
Aggregator did 1 substitutions.
Reduced MIP has 2707 rows, 4747 columns, and 15415 nonzeros.
Reduced MIP has 4747 binaries, 0 generals, 0 SOSs, and 0 indicators.
Presolve time = 0.02 sec. (14.02 ticks)
Probing time = 0.01 sec. (3.08 ticks)
Clique table members: 3752.
MIP emphasis: balance optimality and feasibility.
MIP search method: dynamic search.
Parallel mode: none, using 1 thread.
Root relaxation solution time = 0.02 sec. (18.42 ticks)

        Nodes                                         Cuts/
   Node  Left     Objective  IInf  Best Integer    Best Bound    ItCnt     Gap

*     0+    0                        23659.6904      -60.8035           100.26%
*     0     0      integral     0     4530.5589     4530.5589     1075    0.00%
Elapsed time = 0.20 sec. (136.35 ticks, tree = 0.00 MB, solutions = 2)

Root node processing (before b&c):
  Real time             =    0.20 sec. (137.79 ticks)
Sequential b&c:
  Real time             =    0.00 sec. (0.00 ticks)
                          ------------
Total (root+branch&cut) =    0.20 sec. (137.79 ticks)

Solution pool: 2 solutions saved.

MIP - Integer optimal solution:  Objective =  4.5305589260e+03
Solution time =    0.20 sec.  Iterations = 1075  Nodes = 0
Deterministic time = 137.89 ticks  (678.23 ticks/sec)

CPLEX> Incumbent solution written to file '/tmp/cmpl.T10607.gsol'.
CPLEX> 
CMPL: Time used for model generation: 1 seconds
CMPL: Time used for solving the model: 1 seconds


Solution written to ASCII file: ../results/output_generated_conf_0.8/2017-06-05-4/equal.sol

Solver - finished
