CMPL model generation - running

CMPL version: 1.11.0
Authors: Thomas Schleiff, Mike Steglich
Distributed under the GPLv3 

create model instance ...
write model instance ...
CMPL model generation - finished

Solver - running


Welcome to IBM(R) ILOG(R) CPLEX(R) Interactive Optimizer 12.7.1.0
  with Simplex, Mixed Integer & Barrier Optimizers
5725-A06 5725-A29 5724-Y48 5724-Y49 5724-Y54 5724-Y55 5655-Y21
Copyright IBM Corp. 1988, 2017.  All Rights Reserved.

Type 'help' for a list of available commands.
Type 'help' followed by a command name for more
information on commands.

CPLEX> Specified objective sense: MINIMIZE
Selected objective  name:  line[1]
Selected RHS        name:  RHS
Selected bound      name:  BOUND
Problem '/tmp/cmpl.XM9879.mps' read.
Read time = 0.05 sec. (9.66 ticks)
CPLEX> CPXPARAM_Read_APIEncoding                        "UTF-8"
Tried aggregator 3 times.
MIP Presolve eliminated 19380 rows and 31241 columns.
MIP Presolve modified 422 coefficients.
Aggregator did 601 substitutions.
Reduced MIP has 2629 rows, 4451 columns, and 14579 nonzeros.
Reduced MIP has 4283 binaries, 0 generals, 0 SOSs, and 0 indicators.
Presolve time = 0.06 sec. (50.01 ticks)
Found incumbent of value 19549.554346 after 0.09 sec. (81.59 ticks)
Probing fixed 7 vars, tightened 0 bounds.
Probing time = 0.01 sec. (7.34 ticks)
Tried aggregator 1 time.
MIP Presolve eliminated 0 rows and 7 columns.
MIP Presolve modified 29 coefficients.
Reduced MIP has 2629 rows, 4444 columns, and 14565 nonzeros.
Reduced MIP has 4444 binaries, 0 generals, 0 SOSs, and 0 indicators.
Presolve time = 0.01 sec. (10.61 ticks)
Probing time = 0.01 sec. (2.99 ticks)
Clique table members: 8104.
MIP emphasis: balance optimality and feasibility.
MIP search method: dynamic search.
Parallel mode: none, using 1 thread.
Root relaxation solution time = 0.01 sec. (13.10 ticks)

        Nodes                                         Cuts/
   Node  Left     Objective  IInf  Best Integer    Best Bound    ItCnt     Gap

*     0+    0                        19549.5543     -542.2002           102.77%
      0     0      351.4719    26    19549.5543      351.4719      659   98.20%
*     0+    0                          847.3632      351.4719            58.52%
*     0+    0                          358.9005      351.4719             2.07%
      0     0        cutoff            358.9005                    659    0.00%
Elapsed time = 0.17 sec. (140.06 ticks, tree = 0.01 MB, solutions = 3)

Root node processing (before b&c):
  Real time             =    0.17 sec. (141.74 ticks)
Sequential b&c:
  Real time             =    0.00 sec. (0.00 ticks)
                          ------------
Total (root+branch&cut) =    0.17 sec. (141.74 ticks)

Solution pool: 3 solutions saved.

MIP - Integer optimal solution:  Objective =  3.5890049400e+02
Solution time =    0.17 sec.  Iterations = 659  Nodes = 0
Deterministic time = 141.84 ticks  (818.38 ticks/sec)

CPLEX> Incumbent solution written to file '/tmp/cmpl.XM9879.gsol'.
CPLEX> 
CMPL: Time used for model generation: 1 seconds
CMPL: Time used for solving the model: 1 seconds


Solution written to ASCII file: ../results/output_generated_conf_0.1/2017-03-06-4/equal.sol

Solver - finished
