CMPL model generation - running

CMPL version: 1.11.0
Authors: Thomas Schleiff, Mike Steglich
Distributed under the GPLv3 

create model instance ...
write model instance ...
CMPL model generation - finished

Solver - running


Welcome to IBM(R) ILOG(R) CPLEX(R) Interactive Optimizer 12.7.1.0
  with Simplex, Mixed Integer & Barrier Optimizers
5725-A06 5725-A29 5724-Y48 5724-Y49 5724-Y54 5724-Y55 5655-Y21
Copyright IBM Corp. 1988, 2017.  All Rights Reserved.

Type 'help' for a list of available commands.
Type 'help' followed by a command name for more
information on commands.

CPLEX> Specified objective sense: MINIMIZE
Selected objective  name:  line[1]
Selected RHS        name:  RHS
Selected bound      name:  BOUND
Problem '/tmp/cmpl.XM9885.mps' read.
Read time = 0.05 sec. (9.66 ticks)
CPLEX> CPXPARAM_Read_APIEncoding                        "UTF-8"
Tried aggregator 3 times.
MIP Presolve eliminated 19379 rows and 31236 columns.
MIP Presolve modified 424 coefficients.
Aggregator did 598 substitutions.
Reduced MIP has 2633 rows, 4459 columns, and 14601 nonzeros.
Reduced MIP has 4291 binaries, 0 generals, 0 SOSs, and 0 indicators.
Presolve time = 0.05 sec. (50.00 ticks)
Found incumbent of value 20435.599918 after 0.08 sec. (70.60 ticks)
Probing fixed 5 vars, tightened 0 bounds.
Probing time = 0.01 sec. (7.31 ticks)
Tried aggregator 1 time.
MIP Presolve eliminated 0 rows and 5 columns.
MIP Presolve modified 21 coefficients.
Reduced MIP has 2633 rows, 4454 columns, and 14591 nonzeros.
Reduced MIP has 4454 binaries, 0 generals, 0 SOSs, and 0 indicators.
Presolve time = 0.01 sec. (10.53 ticks)
Probing time = 0.01 sec. (3.00 ticks)
Clique table members: 8465.
MIP emphasis: balance optimality and feasibility.
MIP search method: dynamic search.
Parallel mode: none, using 1 thread.
Root relaxation solution time = 0.01 sec. (13.04 ticks)

        Nodes                                         Cuts/
   Node  Left     Objective  IInf  Best Integer    Best Bound    ItCnt     Gap

*     0+    0                        20435.5999     -503.8883           102.47%
      0     0      394.0361    18    20435.5999      394.0361      713   98.07%
*     0+    0                          399.1790      394.0361             1.29%
*     0+    0                          398.9388      398.8959             0.01%
      0     0        cutoff            398.9388      398.8959      714    0.01%
Elapsed time = 0.15 sec. (137.21 ticks, tree = 0.01 MB, solutions = 3)

Root node processing (before b&c):
  Real time             =    0.16 sec. (138.90 ticks)
Sequential b&c:
  Real time             =    0.00 sec. (0.00 ticks)
                          ------------
Total (root+branch&cut) =    0.16 sec. (138.90 ticks)

Solution pool: 3 solutions saved.

MIP - Integer optimal solution:  Objective =  3.9893883200e+02
Solution time =    0.16 sec.  Iterations = 714  Nodes = 0
Deterministic time = 139.00 ticks  (889.14 ticks/sec)

CPLEX> Incumbent solution written to file '/tmp/cmpl.XM9885.gsol'.
CPLEX> 
CMPL: Time used for model generation: 1 seconds
CMPL: Time used for solving the model: 0 seconds


Solution written to ASCII file: ../results/output_generated_conf_0.1/2017-06-05-4/equal.sol

Solver - finished
