CMPL model generation - running

CMPL version: 1.11.0
Authors: Thomas Schleiff, Mike Steglich
Distributed under the GPLv3 

create model instance ...
write model instance ...
CMPL model generation - finished

Solver - running


Welcome to IBM(R) ILOG(R) CPLEX(R) Interactive Optimizer 12.7.1.0
  with Simplex, Mixed Integer & Barrier Optimizers
5725-A06 5725-A29 5724-Y48 5724-Y49 5724-Y54 5724-Y55 5655-Y21
Copyright IBM Corp. 1988, 2017.  All Rights Reserved.

Type 'help' for a list of available commands.
Type 'help' followed by a command name for more
information on commands.

CPLEX> Specified objective sense: MINIMIZE
Selected objective  name:  line[1]
Selected RHS        name:  RHS
Selected bound      name:  BOUND
Problem '/tmp/cmpl.XM9959.mps' read.
Read time = 0.06 sec. (11.93 ticks)
CPLEX> CPXPARAM_Read_APIEncoding                        "UTF-8"
Tried aggregator 3 times.
MIP Presolve eliminated 24157 rows and 37796 columns.
MIP Presolve modified 463 coefficients.
Aggregator did 711 substitutions.
Reduced MIP has 3309 rows, 5648 columns, and 18617 nonzeros.
Reduced MIP has 5438 binaries, 0 generals, 0 SOSs, and 0 indicators.
Presolve time = 0.08 sec. (58.54 ticks)
Probing fixed 8 vars, tightened 0 bounds.
Probing time = 0.02 sec. (9.65 ticks)
Tried aggregator 1 time.
MIP Presolve eliminated 0 rows and 8 columns.
MIP Presolve modified 33 coefficients.
Reduced MIP has 3309 rows, 5640 columns, and 18601 nonzeros.
Reduced MIP has 5640 binaries, 0 generals, 0 SOSs, and 0 indicators.
Presolve time = 0.01 sec. (13.48 ticks)
Probing time = 0.01 sec. (3.24 ticks)
Clique table members: 11438.
MIP emphasis: balance optimality and feasibility.
MIP search method: dynamic search.
Parallel mode: none, using 1 thread.
Root relaxation solution time = 0.02 sec. (17.01 ticks)

        Nodes                                         Cuts/
   Node  Left     Objective  IInf  Best Integer    Best Bound    ItCnt     Gap

      0     0      855.4162    18                    855.4162      906         
*     0+    0                          859.5304      855.4162             0.48%
      0     0      859.0884     1      859.5304      Cuts: 22      917    0.05%
*     0+    0                          859.3169      859.0884             0.03%
*     0+    0                          859.3037      859.0884             0.03%
      0     0        cutoff            859.3037      859.0884      917    0.03%
Elapsed time = 0.24 sec. (203.43 ticks, tree = 0.01 MB, solutions = 3)

Clique cuts applied:  1
Cover cuts applied:  14
Gomory fractional cuts applied:  7

Root node processing (before b&c):
  Real time             =    0.25 sec. (205.48 ticks)
Sequential b&c:
  Real time             =    0.00 sec. (0.00 ticks)
                          ------------
Total (root+branch&cut) =    0.25 sec. (205.48 ticks)

Solution pool: 3 solutions saved.

MIP - Integer optimal solution:  Objective =  8.5930369200e+02
Solution time =    0.25 sec.  Iterations = 917  Nodes = 0
Deterministic time = 205.61 ticks  (826.89 ticks/sec)

CPLEX> Incumbent solution written to file '/tmp/cmpl.XM9959.gsol'.
CPLEX> 
CMPL: Time used for model generation: 1 seconds
CMPL: Time used for solving the model: 1 seconds


Solution written to ASCII file: ../results/output_generated_conf_0.2/2016-02-01-5/equal.sol

Solver - finished
