CMPL model generation - running

CMPL version: 1.11.0
Authors: Thomas Schleiff, Mike Steglich
Distributed under the GPLv3 

create model instance ...
write model instance ...
CMPL model generation - finished

Solver - running


Welcome to IBM(R) ILOG(R) CPLEX(R) Interactive Optimizer 12.7.1.0
  with Simplex, Mixed Integer & Barrier Optimizers
5725-A06 5725-A29 5724-Y48 5724-Y49 5724-Y54 5724-Y55 5655-Y21
Copyright IBM Corp. 1988, 2017.  All Rights Reserved.

Type 'help' for a list of available commands.
Type 'help' followed by a command name for more
information on commands.

CPLEX> Specified objective sense: MINIMIZE
Selected objective  name:  line[1]
Selected RHS        name:  RHS
Selected bound      name:  BOUND
Problem '/tmp/cmpl.XM9906.mps' read.
Read time = 0.12 sec. (10.97 ticks)
CPLEX> CPXPARAM_Read_APIEncoding                        "UTF-8"
Tried aggregator 3 times.
MIP Presolve eliminated 24157 rows and 37796 columns.
MIP Presolve modified 425 coefficients.
Aggregator did 711 substitutions.
Reduced MIP has 3139 rows, 4033 columns, and 11937 nonzeros.
Reduced MIP has 3823 binaries, 0 generals, 0 SOSs, and 0 indicators.
Presolve time = 0.12 sec. (51.52 ticks)
Found incumbent of value 3562.671882 after 0.17 sec. (71.29 ticks)
Probing fixed 8 vars, tightened 0 bounds.
Probing time = 0.03 sec. (5.19 ticks)
Tried aggregator 1 time.
MIP Presolve eliminated 0 rows and 8 columns.
MIP Presolve modified 33 coefficients.
Reduced MIP has 3139 rows, 4025 columns, and 11921 nonzeros.
Reduced MIP has 4025 binaries, 0 generals, 0 SOSs, and 0 indicators.
Presolve time = 0.02 sec. (10.07 ticks)
Probing time = 0.01 sec. (2.83 ticks)
Clique table members: 7286.
MIP emphasis: balance optimality and feasibility.
MIP search method: dynamic search.
Parallel mode: none, using 1 thread.
Root relaxation solution time = 0.01 sec. (5.49 ticks)

        Nodes                                         Cuts/
   Node  Left     Objective  IInf  Best Integer    Best Bound    ItCnt     Gap

*     0+    0                         3562.6719     -442.1069           112.41%
      0     0      841.5647    18     3562.6719      841.5647      103   76.38%
*     0+    0                         1102.2806      841.5647            23.65%
*     0+    0                          845.6790      841.5647             0.49%
      0     0      845.2369     1      845.6790      Cuts: 22      112    0.05%
*     0+    0                          845.4655      845.2369             0.03%
*     0+    0                          845.4523      845.2369             0.03%
*     0+    0                          845.4523      845.2369             0.03%
      0     0        cutoff            845.4523      845.2369      112    0.03%
Elapsed time = 0.32 sec. (134.84 ticks, tree = 0.01 MB, solutions = 6)

Clique cuts applied:  1
Cover cuts applied:  14
Gomory fractional cuts applied:  7

Root node processing (before b&c):
  Real time             =    0.33 sec. (137.58 ticks)
Sequential b&c:
  Real time             =    0.00 sec. (0.00 ticks)
                          ------------
Total (root+branch&cut) =    0.33 sec. (137.58 ticks)

Solution pool: 6 solutions saved.

MIP - Integer optimal solution:  Objective =  8.4545225600e+02
Solution time =    0.33 sec.  Iterations = 112  Nodes = 0
Deterministic time = 137.70 ticks  (421.69 ticks/sec)

CPLEX> Incumbent solution written to file '/tmp/cmpl.XM9906.gsol'.
CPLEX> 
CMPL: Time used for model generation: 1 seconds
CMPL: Time used for solving the model: 2 seconds


Solution written to ASCII file: ../results/output_generated_conf_0.2/2016-02-01-5/unequal.sol

Solver - finished
