CMPL model generation - running

CMPL version: 1.11.0
Authors: Thomas Schleiff, Mike Steglich
Distributed under the GPLv3 

create model instance ...
write model instance ...
CMPL model generation - finished

Solver - running


Welcome to IBM(R) ILOG(R) CPLEX(R) Interactive Optimizer 12.7.1.0
  with Simplex, Mixed Integer & Barrier Optimizers
5725-A06 5725-A29 5724-Y48 5724-Y49 5724-Y54 5724-Y55 5655-Y21
Copyright IBM Corp. 1988, 2017.  All Rights Reserved.

Type 'help' for a list of available commands.
Type 'help' followed by a command name for more
information on commands.

CPLEX> Specified objective sense: MINIMIZE
Selected objective  name:  line[1]
Selected RHS        name:  RHS
Selected bound      name:  BOUND
Problem '/tmp/cmpl.XM9782.mps' read.
Read time = 0.07 sec. (11.93 ticks)
CPLEX> CPXPARAM_Read_APIEncoding                        "UTF-8"
Tried aggregator 3 times.
MIP Presolve eliminated 24195 rows and 37870 columns.
MIP Presolve modified 445 coefficients.
Aggregator did 696 substitutions.
Reduced MIP has 3286 rows, 5589 columns, and 18464 nonzeros.
Reduced MIP has 5379 binaries, 0 generals, 0 SOSs, and 0 indicators.
Presolve time = 0.08 sec. (60.44 ticks)
Found incumbent of value 25174.181286 after 0.15 sec. (99.43 ticks)
Probing fixed 4 vars, tightened 0 bounds.
Probing time = 0.02 sec. (8.03 ticks)
Tried aggregator 1 time.
MIP Presolve eliminated 0 rows and 4 columns.
MIP Presolve modified 17 coefficients.
Reduced MIP has 3286 rows, 5585 columns, and 18456 nonzeros.
Reduced MIP has 5585 binaries, 0 generals, 0 SOSs, and 0 indicators.
Presolve time = 0.02 sec. (13.28 ticks)
Probing time = 0.01 sec. (3.23 ticks)
Clique table members: 6922.
MIP emphasis: balance optimality and feasibility.
MIP search method: dynamic search.
Parallel mode: none, using 1 thread.
Root relaxation solution time = 0.02 sec. (19.64 ticks)

        Nodes                                         Cuts/
   Node  Left     Objective  IInf  Best Integer    Best Bound    ItCnt     Gap

*     0+    0                        25174.1813     -421.5777           101.67%
      0     0      106.4038    22    25174.1813      106.4038      871   99.58%
*     0+    0                          111.4324      106.4038             4.51%
      0     0        cutoff            111.4324                    871    0.00%
Elapsed time = 0.25 sec. (164.62 ticks, tree = 0.01 MB, solutions = 2)

Root node processing (before b&c):
  Real time             =    0.25 sec. (166.37 ticks)
Sequential b&c:
  Real time             =    0.00 sec. (0.00 ticks)
                          ------------
Total (root+branch&cut) =    0.25 sec. (166.37 ticks)

Solution pool: 2 solutions saved.

MIP - Integer optimal solution:  Objective =  1.1143240300e+02
Solution time =    0.25 sec.  Iterations = 871  Nodes = 0
Deterministic time = 166.49 ticks  (663.62 ticks/sec)

CPLEX> Incumbent solution written to file '/tmp/cmpl.XM9782.gsol'.
CPLEX> 
CMPL: Time used for model generation: 1 seconds
CMPL: Time used for solving the model: 2 seconds


Solution written to ASCII file: ../results/output_generated_conf_0/2017-05-01-5/equal.sol

Solver - finished
