CMPL model generation - running

CMPL version: 1.11.0
Authors: Thomas Schleiff, Mike Steglich
Distributed under the GPLv3 

create model instance ...
write model instance ...
CMPL model generation - finished

Solver - running


Welcome to IBM(R) ILOG(R) CPLEX(R) Interactive Optimizer 12.7.1.0
  with Simplex, Mixed Integer & Barrier Optimizers
5725-A06 5725-A29 5724-Y48 5724-Y49 5724-Y54 5724-Y55 5655-Y21
Copyright IBM Corp. 1988, 2017.  All Rights Reserved.

Type 'help' for a list of available commands.
Type 'help' followed by a command name for more
information on commands.

CPLEX> Specified objective sense: MINIMIZE
Selected objective  name:  line[1]
Selected RHS        name:  RHS
Selected bound      name:  BOUND
Problem '/tmp/cmpl.T10716.mps' read.
Read time = 0.05 sec. (9.69 ticks)
CPLEX> CPXPARAM_Read_APIEncoding                        "UTF-8"
Tried aggregator 3 times.
MIP Presolve eliminated 19005 rows and 30508 columns.
MIP Presolve modified 621 coefficients.
Aggregator did 885 substitutions.
Reduced MIP has 2720 rows, 4900 columns, and 15870 nonzeros.
Reduced MIP has 4732 binaries, 0 generals, 0 SOSs, and 0 indicators.
Presolve time = 0.06 sec. (54.19 ticks)
Probing time = 0.01 sec. (3.06 ticks)
Tried aggregator 2 times.
MIP Presolve eliminated 2 rows and 1 columns.
MIP Presolve modified 7 coefficients.
Aggregator did 1 substitutions.
Reduced MIP has 2717 rows, 4898 columns, and 15861 nonzeros.
Reduced MIP has 4898 binaries, 0 generals, 0 SOSs, and 0 indicators.
Presolve time = 0.02 sec. (14.36 ticks)
Probing time = 0.01 sec. (3.11 ticks)
Clique table members: 3501.
MIP emphasis: balance optimality and feasibility.
MIP search method: dynamic search.
Parallel mode: none, using 1 thread.
Root relaxation solution time = 0.02 sec. (20.30 ticks)

        Nodes                                         Cuts/
   Node  Left     Objective  IInf  Best Integer    Best Bound    ItCnt     Gap

*     0     0      integral     0     7287.8259     7287.8259     1224    0.00%
Elapsed time = 0.20 sec. (161.12 ticks, tree = 0.00 MB, solutions = 1)

Root node processing (before b&c):
  Real time             =    0.20 sec. (162.29 ticks)
Sequential b&c:
  Real time             =    0.00 sec. (0.00 ticks)
                          ------------
Total (root+branch&cut) =    0.20 sec. (162.29 ticks)

Solution pool: 1 solution saved.

MIP - Integer optimal solution:  Objective =  7.2878259350e+03
Solution time =    0.20 sec.  Iterations = 1224  Nodes = 0
Deterministic time = 162.40 ticks  (818.02 ticks/sec)

CPLEX> Incumbent solution written to file '/tmp/cmpl.T10716.gsol'.
CPLEX> 
CMPL: Time used for model generation: 1 seconds
CMPL: Time used for solving the model: 0 seconds


Solution written to ASCII file: ../results/output_generated_conf_0.9/2017-08-07-4/equal.sol

Solver - finished
