CMPL model generation - running

CMPL version: 1.11.0
Authors: Thomas Schleiff, Mike Steglich
Distributed under the GPLv3 

create model instance ...
write model instance ...
CMPL model generation - finished

Solver - running


Welcome to IBM(R) ILOG(R) CPLEX(R) Interactive Optimizer 12.7.1.0
  with Simplex, Mixed Integer & Barrier Optimizers
5725-A06 5725-A29 5724-Y48 5724-Y49 5724-Y54 5724-Y55 5655-Y21
Copyright IBM Corp. 1988, 2017.  All Rights Reserved.

Type 'help' for a list of available commands.
Type 'help' followed by a command name for more
information on commands.

CPLEX> Specified objective sense: MINIMIZE
Selected objective  name:  line[1]
Selected RHS        name:  RHS
Selected bound      name:  BOUND
Problem '/tmp/cmpl.T11210.mps' read.
Read time = 0.06 sec. (11.00 ticks)
CPLEX> CPXPARAM_Read_APIEncoding                        "UTF-8"
Tried aggregator 3 times.
MIP Presolve eliminated 23713 rows and 36917 columns.
MIP Presolve modified 425 coefficients.
Aggregator did 1109 substitutions.
Reduced MIP has 3185 rows, 4514 columns, and 13356 nonzeros.
Reduced MIP has 4304 binaries, 0 generals, 0 SOSs, and 0 indicators.
Presolve time = 0.06 sec. (52.59 ticks)
Found incumbent of value 33312.000000 after 0.11 sec. (91.22 ticks)
Probing time = 0.01 sec. (2.88 ticks)
Tried aggregator 1 time.
MIP Presolve eliminated 0 rows and 7 columns.
Reduced MIP has 3185 rows, 4507 columns, and 13342 nonzeros.
Reduced MIP has 4507 binaries, 0 generals, 0 SOSs, and 0 indicators.
Presolve time = 0.01 sec. (11.07 ticks)
Probing time = 0.01 sec. (2.96 ticks)
Clique table members: 3859.
MIP emphasis: balance optimality and feasibility.
MIP search method: dynamic search.
Parallel mode: none, using 1 thread.
Root relaxation solution time = 0.02 sec. (17.60 ticks)

        Nodes                                         Cuts/
   Node  Left     Objective  IInf  Best Integer    Best Bound    ItCnt     Gap

*     0+    0                        33312.0000        0.0000           100.00%
*     0     0      integral     0     8328.1143     8328.1143      952    0.00%
Elapsed time = 0.16 sec. (134.88 ticks, tree = 0.00 MB, solutions = 2)

Root node processing (before b&c):
  Real time             =    0.17 sec. (136.49 ticks)
Sequential b&c:
  Real time             =    0.00 sec. (0.00 ticks)
                          ------------
Total (root+branch&cut) =    0.17 sec. (136.49 ticks)

Solution pool: 2 solutions saved.

MIP - Integer optimal solution:  Objective =  8.3281142920e+03
Solution time =    0.17 sec.  Iterations = 952  Nodes = 0
Deterministic time = 136.61 ticks  (822.12 ticks/sec)

CPLEX> Incumbent solution written to file '/tmp/cmpl.T11210.gsol'.
CPLEX> 
CMPL: Time used for model generation: 1 seconds
CMPL: Time used for solving the model: 1 seconds


Solution written to ASCII file: ../results/output_generated_rate_0.3/2015-11-02-5/unequal.sol

Solver - finished
