CMPL model generation - running

CMPL version: 1.11.0
Authors: Thomas Schleiff, Mike Steglich
Distributed under the GPLv3 

create model instance ...
write model instance ...
CMPL model generation - finished

Solver - running


Welcome to IBM(R) ILOG(R) CPLEX(R) Interactive Optimizer 12.7.1.0
  with Simplex, Mixed Integer & Barrier Optimizers
5725-A06 5725-A29 5724-Y48 5724-Y49 5724-Y54 5724-Y55 5655-Y21
Copyright IBM Corp. 1988, 2017.  All Rights Reserved.

Type 'help' for a list of available commands.
Type 'help' followed by a command name for more
information on commands.

CPLEX> Specified objective sense: MINIMIZE
Selected objective  name:  line[1]
Selected RHS        name:  RHS
Selected bound      name:  BOUND
Problem '/tmp/cmpl.T11202.mps' read.
Read time = 0.05 sec. (9.68 ticks)
CPLEX> CPXPARAM_Read_APIEncoding                        "UTF-8"
Tried aggregator 3 times.
MIP Presolve eliminated 19174 rows and 30843 columns.
MIP Presolve modified 533 coefficients.
Aggregator did 728 substitutions.
Reduced MIP has 2708 rows, 4722 columns, and 15336 nonzeros.
Reduced MIP has 4554 binaries, 0 generals, 0 SOSs, and 0 indicators.
Presolve time = 0.06 sec. (51.33 ticks)
Found incumbent of value 23466.863605 after 0.10 sec. (86.98 ticks)
Probing fixed 22 vars, tightened 0 bounds.
Probing time = 0.02 sec. (7.94 ticks)
Tried aggregator 1 time.
MIP Presolve eliminated 1 rows and 22 columns.
MIP Presolve modified 125 coefficients.
Reduced MIP has 2707 rows, 4700 columns, and 15288 nonzeros.
Reduced MIP has 4700 binaries, 0 generals, 0 SOSs, and 0 indicators.
Presolve time = 0.01 sec. (12.56 ticks)
Probing time = 0.01 sec. (3.02 ticks)
Clique table members: 9604.
MIP emphasis: balance optimality and feasibility.
MIP search method: dynamic search.
Parallel mode: none, using 1 thread.
Root relaxation solution time = 0.02 sec. (16.79 ticks)

        Nodes                                         Cuts/
   Node  Left     Objective  IInf  Best Integer    Best Bound    ItCnt     Gap

*     0+    0                        23466.8636     -179.3767           100.76%
      0     0     4312.0888     1    23466.8636     4312.0888      848   81.62%
*     0+    0                         4312.5045     4312.0888             0.01%

Root node processing (before b&c):
  Real time             =    0.17 sec. (144.05 ticks)
Sequential b&c:
  Real time             =    0.00 sec. (0.00 ticks)
                          ------------
Total (root+branch&cut) =    0.17 sec. (144.05 ticks)

Solution pool: 2 solutions saved.

MIP - Integer optimal, tolerance (0.0001/1e-06):  Objective =  4.3125044900e+03
Current MIP best bound =  4.3120887845e+03 (gap = 0.415706, 0.01%)
Solution time =    0.17 sec.  Iterations = 848  Nodes = 0 (1)
Deterministic time = 144.16 ticks  (840.37 ticks/sec)

CPLEX> Incumbent solution written to file '/tmp/cmpl.T11202.gsol'.
CPLEX> 
CMPL: Time used for model generation: 1 seconds
CMPL: Time used for solving the model: 1 seconds


Solution written to ASCII file: ../results/output_generated_rate_0.2/2017-09-04-4/equal.sol

Solver - finished
