CMPL model generation - running

CMPL version: 1.11.0
Authors: Thomas Schleiff, Mike Steglich
Distributed under the GPLv3 

create model instance ...
write model instance ...
CMPL model generation - finished

Solver - running


Welcome to IBM(R) ILOG(R) CPLEX(R) Interactive Optimizer 12.7.1.0
  with Simplex, Mixed Integer & Barrier Optimizers
5725-A06 5725-A29 5724-Y48 5724-Y49 5724-Y54 5724-Y55 5655-Y21
Copyright IBM Corp. 1988, 2017.  All Rights Reserved.

Type 'help' for a list of available commands.
Type 'help' followed by a command name for more
information on commands.

CPLEX> Specified objective sense: MINIMIZE
Selected objective  name:  line[1]
Selected RHS        name:  RHS
Selected bound      name:  BOUND
Problem '/tmp/cmpl.T11075.mps' read.
Read time = 0.06 sec. (11.93 ticks)
CPLEX> CPXPARAM_Read_APIEncoding                        "UTF-8"
Tried aggregator 3 times.
MIP Presolve eliminated 24151 rows and 37781 columns.
MIP Presolve modified 463 coefficients.
Aggregator did 715 substitutions.
Reduced MIP has 3311 rows, 5659 columns, and 18654 nonzeros.
Reduced MIP has 5449 binaries, 0 generals, 0 SOSs, and 0 indicators.
Presolve time = 0.06 sec. (58.53 ticks)
Found incumbent of value 26043.438587 after 0.11 sec. (98.54 ticks)
Probing fixed 8 vars, tightened 0 bounds.
Probing time = 0.02 sec. (9.65 ticks)
Tried aggregator 1 time.
MIP Presolve eliminated 0 rows and 8 columns.
MIP Presolve modified 31 coefficients.
Reduced MIP has 3311 rows, 5651 columns, and 18638 nonzeros.
Reduced MIP has 5651 binaries, 0 generals, 0 SOSs, and 0 indicators.
Presolve time = 0.01 sec. (13.50 ticks)
Probing time = 0.01 sec. (3.24 ticks)
Clique table members: 11608.
MIP emphasis: balance optimality and feasibility.
MIP search method: dynamic search.
Parallel mode: none, using 1 thread.
Root relaxation solution time = 0.02 sec. (23.64 ticks)

        Nodes                                         Cuts/
   Node  Left     Objective  IInf  Best Integer    Best Bound    ItCnt     Gap

*     0+    0                        26043.4386     -322.3333           101.24%
      0     0     1986.6943    11    26043.4386     1986.6943     1185   92.37%
*     0+    0                         2028.8736     1986.6943             2.08%
*     0+    0                         1989.2086     1986.6943             0.13%
      0     0     1988.0863     1     1989.2086      Cuts: 37     1253    0.06%
*     0+    0                         1988.1409     1988.0863             0.00%
      0     0        cutoff           1988.1409     1988.0863     1253    0.00%
Elapsed time = 0.21 sec. (187.29 ticks, tree = 0.01 MB, solutions = 4)

GUB cover cuts applied:  7
Clique cuts applied:  7
Cover cuts applied:  13
Gomory fractional cuts applied:  10

Root node processing (before b&c):
  Real time             =    0.21 sec. (189.63 ticks)
Sequential b&c:
  Real time             =    0.00 sec. (0.00 ticks)
                          ------------
Total (root+branch&cut) =    0.21 sec. (189.63 ticks)

Solution pool: 4 solutions saved.

MIP - Integer optimal solution:  Objective =  1.9881409470e+03
Solution time =    0.21 sec.  Iterations = 1253  Nodes = 0
Deterministic time = 189.76 ticks  (886.37 ticks/sec)

CPLEX> Incumbent solution written to file '/tmp/cmpl.T11075.gsol'.
CPLEX> 
CMPL: Time used for model generation: 1 seconds
CMPL: Time used for solving the model: 1 seconds


Solution written to ASCII file: ../results/output_generated_rate_0.1/2016-10-03-5/equal.sol

Solver - finished
