CMPL model generation - running

CMPL version: 1.11.0
Authors: Thomas Schleiff, Mike Steglich
Distributed under the GPLv3 

create model instance ...
write model instance ...
CMPL model generation - finished

Solver - running


Welcome to IBM(R) ILOG(R) CPLEX(R) Interactive Optimizer 12.7.1.0
  with Simplex, Mixed Integer & Barrier Optimizers
5725-A06 5725-A29 5724-Y48 5724-Y49 5724-Y54 5724-Y55 5655-Y21
Copyright IBM Corp. 1988, 2017.  All Rights Reserved.

Type 'help' for a list of available commands.
Type 'help' followed by a command name for more
information on commands.

CPLEX> Specified objective sense: MINIMIZE
Selected objective  name:  line[1]
Selected RHS        name:  RHS
Selected bound      name:  BOUND
Problem '/tmp/cmpl.T11024.mps' read.
Read time = 0.06 sec. (10.97 ticks)
CPLEX> CPXPARAM_Read_APIEncoding                        "UTF-8"
Tried aggregator 3 times.
MIP Presolve eliminated 24151 rows and 37781 columns.
MIP Presolve modified 425 coefficients.
Aggregator did 715 substitutions.
Reduced MIP has 3141 rows, 4044 columns, and 11974 nonzeros.
Reduced MIP has 3834 binaries, 0 generals, 0 SOSs, and 0 indicators.
Presolve time = 0.06 sec. (51.32 ticks)
Found incumbent of value 17162.243091 after 0.09 sec. (80.33 ticks)
Probing fixed 8 vars, tightened 0 bounds.
Probing time = 0.01 sec. (5.18 ticks)
Tried aggregator 1 time.
MIP Presolve eliminated 0 rows and 8 columns.
MIP Presolve modified 31 coefficients.
Reduced MIP has 3141 rows, 4036 columns, and 11958 nonzeros.
Reduced MIP has 4036 binaries, 0 generals, 0 SOSs, and 0 indicators.
Presolve time = 0.01 sec. (10.10 ticks)
Probing time = 0.01 sec. (2.83 ticks)
Clique table members: 7314.
MIP emphasis: balance optimality and feasibility.
MIP search method: dynamic search.
Parallel mode: none, using 1 thread.
Root relaxation solution time = 0.01 sec. (6.34 ticks)

        Nodes                                         Cuts/
   Node  Left     Objective  IInf  Best Integer    Best Bound    ItCnt     Gap

*     0+    0                        17162.2431     -322.3333           101.88%
      0     0     1974.2600    11    17162.2431     1974.2600      232   88.50%
*     0+    0                         1996.1956     1974.2600             1.10%
*     0+    0                         1976.7743     1974.2600             0.13%
*     0     0      integral     0     1975.7067      Cuts: 35      257    0.00%
      0     0        cutoff           1975.7067     1975.7067      257    0.00%
Elapsed time = 0.15 sec. (130.54 ticks, tree = 0.01 MB, solutions = 4)

GUB cover cuts applied:  7
Clique cuts applied:  4
Cover cuts applied:  13
Gomory fractional cuts applied:  10

Root node processing (before b&c):
  Real time             =    0.16 sec. (132.71 ticks)
Sequential b&c:
  Real time             =    0.00 sec. (0.00 ticks)
                          ------------
Total (root+branch&cut) =    0.16 sec. (132.71 ticks)

Solution pool: 4 solutions saved.

MIP - Integer optimal solution:  Objective =  1.9757066520e+03
Solution time =    0.16 sec.  Iterations = 257  Nodes = 0
Deterministic time = 132.83 ticks  (851.06 ticks/sec)

CPLEX> Incumbent solution written to file '/tmp/cmpl.T11024.gsol'.
CPLEX> 
CMPL: Time used for model generation: 1 seconds
CMPL: Time used for solving the model: 1 seconds


Solution written to ASCII file: ../results/output_generated_rate_0.1/2016-10-03-5/unequal.sol

Solver - finished
