CMPL model generation - running

CMPL version: 1.11.0
Authors: Thomas Schleiff, Mike Steglich
Distributed under the GPLv3 

create model instance ...
write model instance ...
CMPL model generation - finished

Solver - running


Welcome to IBM(R) ILOG(R) CPLEX(R) Interactive Optimizer 12.7.1.0
  with Simplex, Mixed Integer & Barrier Optimizers
5725-A06 5725-A29 5724-Y48 5724-Y49 5724-Y54 5724-Y55 5655-Y21
Copyright IBM Corp. 1988, 2017.  All Rights Reserved.

Type 'help' for a list of available commands.
Type 'help' followed by a command name for more
information on commands.

CPLEX> Specified objective sense: MINIMIZE
Selected objective  name:  line[1]
Selected RHS        name:  RHS
Selected bound      name:  BOUND
Problem '/tmp/cmpl.T10679.mps' read.
Read time = 0.07 sec. (9.69 ticks)
CPLEX> CPXPARAM_Read_APIEncoding                        "UTF-8"
Tried aggregator 3 times.
MIP Presolve eliminated 18991 rows and 30477 columns.
MIP Presolve modified 625 coefficients.
Aggregator did 901 substitutions.
Reduced MIP has 2718 rows, 4915 columns, and 15913 nonzeros.
Reduced MIP has 4747 binaries, 0 generals, 0 SOSs, and 0 indicators.
Presolve time = 0.09 sec. (52.65 ticks)
Found incumbent of value 26872.435370 after 0.14 sec. (87.80 ticks)
Probing time = 0.01 sec. (3.05 ticks)
Tried aggregator 1 time.
MIP Presolve eliminated 1 rows and 1 columns.
MIP Presolve modified 3 coefficients.
Reduced MIP has 2717 rows, 4914 columns, and 15907 nonzeros.
Reduced MIP has 4914 binaries, 0 generals, 0 SOSs, and 0 indicators.
Presolve time = 0.01 sec. (12.92 ticks)
Probing time = 0.01 sec. (3.12 ticks)
Clique table members: 3183.
MIP emphasis: balance optimality and feasibility.
MIP search method: dynamic search.
Parallel mode: none, using 1 thread.
Root relaxation solution time = 0.03 sec. (20.89 ticks)

        Nodes                                         Cuts/
   Node  Left     Objective  IInf  Best Integer    Best Bound    ItCnt     Gap

*     0+    0                        26872.4354      -20.0829           100.07%
*     0     0      integral     0     7559.6428     7559.6428     1301    0.00%
Elapsed time = 0.21 sec. (138.21 ticks, tree = 0.00 MB, solutions = 2)

Root node processing (before b&c):
  Real time             =    0.21 sec. (139.63 ticks)
Sequential b&c:
  Real time             =    0.00 sec. (0.00 ticks)
                          ------------
Total (root+branch&cut) =    0.21 sec. (139.63 ticks)

Solution pool: 2 solutions saved.

MIP - Integer optimal solution:  Objective =  7.5596428210e+03
Solution time =    0.21 sec.  Iterations = 1301  Nodes = 0
Deterministic time = 139.73 ticks  (657.86 ticks/sec)

CPLEX> Incumbent solution written to file '/tmp/cmpl.T10679.gsol'.
CPLEX> 
CMPL: Time used for model generation: 1 seconds
CMPL: Time used for solving the model: 1 seconds


Solution written to ASCII file: ../results/output_generated_conf_0.9/2016-03-07-4/equal.sol

Solver - finished
