CMPL model generation - running

CMPL version: 1.11.0
Authors: Thomas Schleiff, Mike Steglich
Distributed under the GPLv3 

create model instance ...
write model instance ...
CMPL model generation - finished

Solver - running


Welcome to IBM(R) ILOG(R) CPLEX(R) Interactive Optimizer 12.7.1.0
  with Simplex, Mixed Integer & Barrier Optimizers
5725-A06 5725-A29 5724-Y48 5724-Y49 5724-Y54 5724-Y55 5655-Y21
Copyright IBM Corp. 1988, 2017.  All Rights Reserved.

Type 'help' for a list of available commands.
Type 'help' followed by a command name for more
information on commands.

CPLEX> Specified objective sense: MINIMIZE
Selected objective  name:  line[1]
Selected RHS        name:  RHS
Selected bound      name:  BOUND
Problem '/tmp/cmpl.XM9861.mps' read.
Read time = 0.06 sec. (9.66 ticks)
CPLEX> CPXPARAM_Read_APIEncoding                        "UTF-8"
Tried aggregator 3 times.
MIP Presolve eliminated 19395 rows and 31254 columns.
MIP Presolve modified 422 coefficients.
Aggregator did 583 substitutions.
Reduced MIP has 2632 rows, 4456 columns, and 14594 nonzeros.
Reduced MIP has 4288 binaries, 0 generals, 0 SOSs, and 0 indicators.
Presolve time = 0.06 sec. (51.47 ticks)
Found incumbent of value 20312.239530 after 0.08 sec. (72.28 ticks)
Probing fixed 5 vars, tightened 0 bounds.
Probing time = 0.01 sec. (7.29 ticks)
Tried aggregator 1 time.
MIP Presolve eliminated 0 rows and 5 columns.
MIP Presolve modified 19 coefficients.
Reduced MIP has 2632 rows, 4451 columns, and 14584 nonzeros.
Reduced MIP has 4451 binaries, 0 generals, 0 SOSs, and 0 indicators.
Presolve time = 0.01 sec. (10.63 ticks)
Probing time = 0.01 sec. (2.99 ticks)
Clique table members: 8375.
MIP emphasis: balance optimality and feasibility.
MIP search method: dynamic search.
Parallel mode: none, using 1 thread.
Root relaxation solution time = 0.02 sec. (17.11 ticks)

        Nodes                                         Cuts/
   Node  Left     Objective  IInf  Best Integer    Best Bound    ItCnt     Gap

*     0+    0                        20312.2395     -483.6613           102.38%
      0     0      273.3294    24    20312.2395      273.3294     1047   98.65%
*     0+    0                          731.1221      273.3294            62.62%
*     0+    0                          280.1866      273.3294             2.45%
      0     0        cutoff            280.1866                   1050    0.00%
Elapsed time = 0.16 sec. (138.92 ticks, tree = 0.01 MB, solutions = 3)

Cover cuts applied:  2
Gomory fractional cuts applied:  1

Root node processing (before b&c):
  Real time             =    0.16 sec. (140.60 ticks)
Sequential b&c:
  Real time             =    0.00 sec. (0.00 ticks)
                          ------------
Total (root+branch&cut) =    0.16 sec. (140.60 ticks)

Solution pool: 3 solutions saved.

MIP - Integer optimal solution:  Objective =  2.8018658800e+02
Solution time =    0.17 sec.  Iterations = 1050  Nodes = 0
Deterministic time = 140.70 ticks  (852.48 ticks/sec)

CPLEX> Incumbent solution written to file '/tmp/cmpl.XM9861.gsol'.
CPLEX> 
CMPL: Time used for model generation: 1 seconds
CMPL: Time used for solving the model: 0 seconds


Solution written to ASCII file: ../results/output_generated_conf_0.1/2016-06-06-4/equal.sol

Solver - finished
