CMPL model generation - running

CMPL version: 1.11.0
Authors: Thomas Schleiff, Mike Steglich
Distributed under the GPLv3 

create model instance ...
write model instance ...
CMPL model generation - finished

Solver - running


Welcome to IBM(R) ILOG(R) CPLEX(R) Interactive Optimizer 12.7.1.0
  with Simplex, Mixed Integer & Barrier Optimizers
5725-A06 5725-A29 5724-Y48 5724-Y49 5724-Y54 5724-Y55 5655-Y21
Copyright IBM Corp. 1988, 2017.  All Rights Reserved.

Type 'help' for a list of available commands.
Type 'help' followed by a command name for more
information on commands.

CPLEX> Specified objective sense: MINIMIZE
Selected objective  name:  line[1]
Selected RHS        name:  RHS
Selected bound      name:  BOUND
Problem '/tmp/cmpl.XM9810.mps' read.
Read time = 0.05 sec. (8.85 ticks)
CPLEX> CPXPARAM_Read_APIEncoding                        "UTF-8"
Tried aggregator 3 times.
MIP Presolve eliminated 19395 rows and 30914 columns.
MIP Presolve modified 340 coefficients.
Aggregator did 583 substitutions.
Reduced MIP has 2462 rows, 3181 columns, and 9301 nonzeros.
Reduced MIP has 3013 binaries, 0 generals, 0 SOSs, and 0 indicators.
Presolve time = 0.05 sec. (42.92 ticks)
Found incumbent of value 3528.764430 after 0.07 sec. (62.33 ticks)
Probing fixed 5 vars, tightened 0 bounds.
Probing time = 0.01 sec. (4.04 ticks)
Tried aggregator 1 time.
MIP Presolve eliminated 0 rows and 5 columns.
MIP Presolve modified 19 coefficients.
Reduced MIP has 2462 rows, 3176 columns, and 9291 nonzeros.
Reduced MIP has 3176 binaries, 0 generals, 0 SOSs, and 0 indicators.
Presolve time = 0.01 sec. (7.95 ticks)
Probing time = 0.01 sec. (2.66 ticks)
Clique table members: 5400.
MIP emphasis: balance optimality and feasibility.
MIP search method: dynamic search.
Parallel mode: none, using 1 thread.
Root relaxation solution time = 0.00 sec. (4.21 ticks)

        Nodes                                         Cuts/
   Node  Left     Objective  IInf  Best Integer    Best Bound    ItCnt     Gap

*     0+    0                         3528.7644     -483.6613           113.71%
      0     0      260.7716    25     3528.7644      260.7716       69   92.61%
*     0+    0                          718.1533      260.7716            63.69%
*     0+    0                          267.9145      260.7716             2.67%
*     0     0      integral     0      267.6635       Cuts: 7       72    0.00%
      0     0        cutoff            267.6635      267.6635       72    0.00%
Elapsed time = 0.12 sec. (99.82 ticks, tree = 0.01 MB, solutions = 4)

Clique cuts applied:  1
Cover cuts applied:  4
Gomory fractional cuts applied:  2

Root node processing (before b&c):
  Real time             =    0.12 sec. (101.58 ticks)
Sequential b&c:
  Real time             =    0.00 sec. (0.00 ticks)
                          ------------
Total (root+branch&cut) =    0.12 sec. (101.58 ticks)

Solution pool: 4 solutions saved.

MIP - Integer optimal solution:  Objective =  2.6766348000e+02
Solution time =    0.12 sec.  Iterations = 72  Nodes = 0
Deterministic time = 101.68 ticks  (828.14 ticks/sec)

CPLEX> Incumbent solution written to file '/tmp/cmpl.XM9810.gsol'.
CPLEX> 
CMPL: Time used for model generation: 1 seconds
CMPL: Time used for solving the model: 1 seconds


Solution written to ASCII file: ../results/output_generated_conf_0.1/2016-06-06-4/unequal.sol

Solver - finished
