CMPL model generation - running

CMPL version: 1.11.0
Authors: Thomas Schleiff, Mike Steglich
Distributed under the GPLv3 

create model instance ...
write model instance ...
CMPL model generation - finished

Solver - running


Welcome to IBM(R) ILOG(R) CPLEX(R) Interactive Optimizer 12.7.1.0
  with Simplex, Mixed Integer & Barrier Optimizers
5725-A06 5725-A29 5724-Y48 5724-Y49 5724-Y54 5724-Y55 5655-Y21
Copyright IBM Corp. 1988, 2017.  All Rights Reserved.

Type 'help' for a list of available commands.
Type 'help' followed by a command name for more
information on commands.

CPLEX> Specified objective sense: MINIMIZE
Selected objective  name:  line[1]
Selected RHS        name:  RHS
Selected bound      name:  BOUND
Problem '/tmp/cmpl.XM9869.mps' read.
Read time = 0.06 sec. (11.93 ticks)
CPLEX> CPXPARAM_Read_APIEncoding                        "UTF-8"
Tried aggregator 3 times.
MIP Presolve eliminated 24187 rows and 37849 columns.
MIP Presolve modified 449 coefficients.
Aggregator did 704 substitutions.
Reduced MIP has 3286 rows, 5602 columns, and 18505 nonzeros.
Reduced MIP has 5392 binaries, 0 generals, 0 SOSs, and 0 indicators.
Presolve time = 0.07 sec. (60.53 ticks)
Found incumbent of value 25405.992667 after 0.11 sec. (99.67 ticks)
Probing time = 0.01 sec. (3.27 ticks)
Tried aggregator 1 time.
Reduced MIP has 3286 rows, 5602 columns, and 18505 nonzeros.
Reduced MIP has 5602 binaries, 0 generals, 0 SOSs, and 0 indicators.
Presolve time = 0.01 sec. (13.04 ticks)
Probing time = 0.01 sec. (3.25 ticks)
Clique table members: 4755.
MIP emphasis: balance optimality and feasibility.
MIP search method: dynamic search.
Parallel mode: none, using 1 thread.
Root relaxation solution time = 0.01 sec. (15.42 ticks)

        Nodes                                         Cuts/
   Node  Left     Objective  IInf  Best Integer    Best Bound    ItCnt     Gap

*     0+    0                        25405.9927     -382.9631           101.51%
      0     0      411.2148    20    25405.9927      411.2148      738   98.38%
*     0+    0                          770.2953      411.2148            46.62%
*     0+    0                          415.7863      411.2148             1.10%
      0     0        cutoff            415.7863                    741    0.00%
Elapsed time = 0.19 sec. (169.20 ticks, tree = 0.01 MB, solutions = 3)

Clique cuts applied:  4
Cover cuts applied:  4
Gomory fractional cuts applied:  2

Root node processing (before b&c):
  Real time             =    0.19 sec. (171.25 ticks)
Sequential b&c:
  Real time             =    0.00 sec. (0.00 ticks)
                          ------------
Total (root+branch&cut) =    0.19 sec. (171.25 ticks)

Solution pool: 3 solutions saved.

MIP - Integer optimal solution:  Objective =  4.1578627500e+02
Solution time =    0.19 sec.  Iterations = 741  Nodes = 0
Deterministic time = 171.37 ticks  (895.04 ticks/sec)

CPLEX> Incumbent solution written to file '/tmp/cmpl.XM9869.gsol'.
CPLEX> 
CMPL: Time used for model generation: 1 seconds
CMPL: Time used for solving the model: 1 seconds


Solution written to ASCII file: ../results/output_generated_conf_0.1/2016-10-03-5/equal.sol

Solver - finished
