CMPL model generation - running

CMPL version: 1.11.0
Authors: Thomas Schleiff, Mike Steglich
Distributed under the GPLv3 

create model instance ...
write model instance ...
CMPL model generation - finished

Solver - running


Welcome to IBM(R) ILOG(R) CPLEX(R) Interactive Optimizer 12.7.1.0
  with Simplex, Mixed Integer & Barrier Optimizers
5725-A06 5725-A29 5724-Y48 5724-Y49 5724-Y54 5724-Y55 5655-Y21
Copyright IBM Corp. 1988, 2017.  All Rights Reserved.

Type 'help' for a list of available commands.
Type 'help' followed by a command name for more
information on commands.

CPLEX> Specified objective sense: MINIMIZE
Selected objective  name:  line[1]
Selected RHS        name:  RHS
Selected bound      name:  BOUND
Problem '/tmp/cmpl.XM9819.mps' read.
Read time = 0.06 sec. (10.96 ticks)
CPLEX> CPXPARAM_Read_APIEncoding                        "UTF-8"
Tried aggregator 3 times.
MIP Presolve eliminated 24187 rows and 37849 columns.
MIP Presolve modified 425 coefficients.
Aggregator did 704 substitutions.
Reduced MIP has 3116 rows, 3987 columns, and 11825 nonzeros.
Reduced MIP has 3777 binaries, 0 generals, 0 SOSs, and 0 indicators.
Presolve time = 0.06 sec. (53.30 ticks)
Found incumbent of value 9457.765696 after 0.10 sec. (126.41 ticks)
Probing fixed 7 vars, tightened 0 bounds.
Probing time = 0.01 sec. (5.04 ticks)
Tried aggregator 1 time.
MIP Presolve eliminated 0 rows and 7 columns.
MIP Presolve modified 39 coefficients.
Reduced MIP has 3116 rows, 3980 columns, and 11811 nonzeros.
Reduced MIP has 3980 binaries, 0 generals, 0 SOSs, and 0 indicators.
Presolve time = 0.01 sec. (10.04 ticks)
Probing time = 0.01 sec. (2.83 ticks)
Clique table members: 6676.
MIP emphasis: balance optimality and feasibility.
MIP search method: dynamic search.
Parallel mode: none, using 1 thread.
Root relaxation solution time = 0.00 sec. (5.39 ticks)

        Nodes                                         Cuts/
   Node  Left     Objective  IInf  Best Integer    Best Bound    ItCnt     Gap

*     0+    0                         9457.7657     -382.9631           104.05%
      0     0      396.1608    20     9457.7657      396.1608       90   95.81%
*     0+    0                          774.9938      396.1608            48.88%
*     0+    0                          400.7322      396.1608             1.14%
      0     0        cutoff            400.7322                     93    0.00%
Elapsed time = 0.16 sec. (175.69 ticks, tree = 0.01 MB, solutions = 3)

Clique cuts applied:  4
Cover cuts applied:  4
Gomory fractional cuts applied:  2

Root node processing (before b&c):
  Real time             =    0.16 sec. (177.57 ticks)
Sequential b&c:
  Real time             =    0.00 sec. (0.00 ticks)
                          ------------
Total (root+branch&cut) =    0.16 sec. (177.57 ticks)

Solution pool: 3 solutions saved.

MIP - Integer optimal solution:  Objective =  4.0073218300e+02
Solution time =    0.16 sec.  Iterations = 93  Nodes = 0
Deterministic time = 177.69 ticks  (1107.43 ticks/sec)

CPLEX> Incumbent solution written to file '/tmp/cmpl.XM9819.gsol'.
CPLEX> 
CMPL: Time used for model generation: 1 seconds
CMPL: Time used for solving the model: 1 seconds


Solution written to ASCII file: ../results/output_generated_conf_0.1/2016-10-03-5/unequal.sol

Solver - finished
