CMPL model generation - running

CMPL version: 1.11.0
Authors: Thomas Schleiff, Mike Steglich
Distributed under the GPLv3 

create model instance ...
write model instance ...
CMPL model generation - finished

Solver - running


Welcome to IBM(R) ILOG(R) CPLEX(R) Interactive Optimizer 12.7.1.0
  with Simplex, Mixed Integer & Barrier Optimizers
5725-A06 5725-A29 5724-Y48 5724-Y49 5724-Y54 5724-Y55 5655-Y21
Copyright IBM Corp. 1988, 2017.  All Rights Reserved.

Type 'help' for a list of available commands.
Type 'help' followed by a command name for more
information on commands.

CPLEX> Specified objective sense: MINIMIZE
Selected objective  name:  line[1]
Selected RHS        name:  RHS
Selected bound      name:  BOUND
Problem '/tmp/cmpl.T11725.mps' read.
Read time = 0.06 sec. (12.02 ticks)
CPLEX> CPXPARAM_Read_APIEncoding                        "UTF-8"
Tried aggregator 3 times.
MIP Presolve eliminated 23230 rows and 35953 columns.
MIP Presolve modified 941 coefficients.
Aggregator did 1591 substitutions.
Reduced MIP has 3356 rows, 6611 columns, and 21486 nonzeros.
Reduced MIP has 6401 binaries, 0 generals, 0 SOSs, and 0 indicators.
Presolve time = 0.07 sec. (64.45 ticks)
Found incumbent of value 43421.003758 after 0.13 sec. (115.51 ticks)
Probing time = 0.01 sec. (3.21 ticks)
Tried aggregator 1 time.
MIP Presolve eliminated 1 rows and 49 columns.
MIP Presolve modified 4 coefficients.
Reduced MIP has 3355 rows, 6562 columns, and 21384 nonzeros.
Reduced MIP has 6562 binaries, 0 generals, 0 SOSs, and 0 indicators.
Presolve time = 0.02 sec. (19.61 ticks)
Probing time = 0.01 sec. (3.38 ticks)
Clique table members: 4351.
MIP emphasis: balance optimality and feasibility.
MIP search method: dynamic search.
Parallel mode: none, using 1 thread.
Root relaxation solution time = 0.04 sec. (44.16 ticks)

        Nodes                                         Cuts/
   Node  Left     Objective  IInf  Best Integer    Best Bound    ItCnt     Gap

*     0+    0                        43421.0038        0.0000           100.00%
*     0     0      integral     0    18452.2940    18452.2940     2343    0.00%
Elapsed time = 0.23 sec. (199.42 ticks, tree = 0.00 MB, solutions = 2)

Root node processing (before b&c):
  Real time             =    0.23 sec. (201.13 ticks)
Sequential b&c:
  Real time             =    0.00 sec. (0.00 ticks)
                          ------------
Total (root+branch&cut) =    0.23 sec. (201.13 ticks)

Solution pool: 2 solutions saved.

MIP - Integer optimal solution:  Objective =  1.8452293994e+04
Solution time =    0.23 sec.  Iterations = 2343  Nodes = 0
Deterministic time = 201.26 ticks  (873.40 ticks/sec)

CPLEX> Incumbent solution written to file '/tmp/cmpl.T11725.gsol'.
CPLEX> 
CMPL: Time used for model generation: 1 seconds
CMPL: Time used for solving the model: 1 seconds


Solution written to ASCII file: ../results/output_generated_rate_0.7/2017-10-02-5/equal.sol

Solver - finished
