CMPL model generation - running

CMPL version: 1.11.0
Authors: Thomas Schleiff, Mike Steglich
Distributed under the GPLv3 

create model instance ...
write model instance ...
CMPL model generation - finished

Solver - running


Welcome to IBM(R) ILOG(R) CPLEX(R) Interactive Optimizer 12.7.1.0
  with Simplex, Mixed Integer & Barrier Optimizers
5725-A06 5725-A29 5724-Y48 5724-Y49 5724-Y54 5724-Y55 5655-Y21
Copyright IBM Corp. 1988, 2017.  All Rights Reserved.

Type 'help' for a list of available commands.
Type 'help' followed by a command name for more
information on commands.

CPLEX> Specified objective sense: MINIMIZE
Selected objective  name:  line[1]
Selected RHS        name:  RHS
Selected bound      name:  BOUND
Problem '/tmp/cmpl.T11675.mps' read.
Read time = 0.06 sec. (11.05 ticks)
CPLEX> CPXPARAM_Read_APIEncoding                        "UTF-8"
Tried aggregator 3 times.
MIP Presolve eliminated 23231 rows and 35953 columns.
MIP Presolve modified 425 coefficients.
Aggregator did 1591 substitutions.
Reduced MIP has 3185 rows, 4996 columns, and 14802 nonzeros.
Reduced MIP has 4786 binaries, 0 generals, 0 SOSs, and 0 indicators.
Presolve time = 0.08 sec. (54.01 ticks)
Found incumbent of value 43666.813800 after 0.14 sec. (104.95 ticks)
Probing time = 0.01 sec. (2.81 ticks)
Tried aggregator 1 time.
MIP Presolve eliminated 0 rows and 49 columns.
Reduced MIP has 3185 rows, 4947 columns, and 14704 nonzeros.
Reduced MIP has 4947 binaries, 0 generals, 0 SOSs, and 0 indicators.
Presolve time = 0.02 sec. (13.48 ticks)
Probing time = 0.01 sec. (2.97 ticks)
Clique table members: 4266.
MIP emphasis: balance optimality and feasibility.
MIP search method: dynamic search.
Parallel mode: none, using 1 thread.
Root relaxation solution time = 0.02 sec. (22.28 ticks)

        Nodes                                         Cuts/
   Node  Left     Objective  IInf  Best Integer    Best Bound    ItCnt     Gap

*     0+    0                        43666.8138        0.0000           100.00%
*     0     0      integral     0    18439.4336    18439.4336     1473    0.00%
Elapsed time = 0.20 sec. (156.76 ticks, tree = 0.00 MB, solutions = 2)

Root node processing (before b&c):
  Real time             =    0.21 sec. (158.38 ticks)
Sequential b&c:
  Real time             =    0.00 sec. (0.00 ticks)
                          ------------
Total (root+branch&cut) =    0.21 sec. (158.38 ticks)

Solution pool: 2 solutions saved.

MIP - Integer optimal solution:  Objective =  1.8439433602e+04
Solution time =    0.21 sec.  Iterations = 1473  Nodes = 0
Deterministic time = 158.50 ticks  (770.39 ticks/sec)

CPLEX> Incumbent solution written to file '/tmp/cmpl.T11675.gsol'.
CPLEX> 
CMPL: Time used for model generation: 1 seconds
CMPL: Time used for solving the model: 1 seconds


Solution written to ASCII file: ../results/output_generated_rate_0.7/2017-10-02-5/unequal.sol

Solver - finished
