CMPL model generation - running

CMPL version: 1.11.0
Authors: Thomas Schleiff, Mike Steglich
Distributed under the GPLv3 

create model instance ...
write model instance ...
CMPL model generation - finished

Solver - running


Welcome to IBM(R) ILOG(R) CPLEX(R) Interactive Optimizer 12.7.1.0
  with Simplex, Mixed Integer & Barrier Optimizers
5725-A06 5725-A29 5724-Y48 5724-Y49 5724-Y54 5724-Y55 5655-Y21
Copyright IBM Corp. 1988, 2017.  All Rights Reserved.

Type 'help' for a list of available commands.
Type 'help' followed by a command name for more
information on commands.

CPLEX> Specified objective sense: MINIMIZE
Selected objective  name:  line[1]
Selected RHS        name:  RHS
Selected bound      name:  BOUND
Problem '/tmp/cmpl.T11493.mps' read.
Read time = 0.05 sec. (9.71 ticks)
CPLEX> CPXPARAM_Read_APIEncoding                        "UTF-8"
Tried aggregator 3 times.
MIP Presolve eliminated 18798 rows and 30089 columns.
MIP Presolve modified 766 coefficients.
Aggregator did 1094 substitutions.
Reduced MIP has 2718 rows, 5110 columns, and 16494 nonzeros.
Reduced MIP has 4942 binaries, 0 generals, 0 SOSs, and 0 indicators.
Presolve time = 0.06 sec. (53.94 ticks)
Probing time = 0.01 sec. (3.06 ticks)
Tried aggregator 1 time.
MIP Presolve eliminated 0 rows and 13 columns.
Reduced MIP has 2718 rows, 5097 columns, and 16468 nonzeros.
Reduced MIP has 5097 binaries, 0 generals, 0 SOSs, and 0 indicators.
Presolve time = 0.01 sec. (12.12 ticks)
Probing time = 0.01 sec. (3.14 ticks)
Clique table members: 3302.
MIP emphasis: balance optimality and feasibility.
MIP search method: dynamic search.
Parallel mode: none, using 1 thread.
Root relaxation solution time = 0.03 sec. (34.24 ticks)

        Nodes                                         Cuts/
   Node  Left     Objective  IInf  Best Integer    Best Bound    ItCnt     Gap

*     0     0      integral     0    11304.0733    11304.0733     1857    0.00%
Elapsed time = 0.20 sec. (171.60 ticks, tree = 0.00 MB, solutions = 1)

Root node processing (before b&c):
  Real time             =    0.20 sec. (172.76 ticks)
Sequential b&c:
  Real time             =    0.00 sec. (0.00 ticks)
                          ------------
Total (root+branch&cut) =    0.20 sec. (172.76 ticks)

Solution pool: 1 solution saved.

MIP - Integer optimal solution:  Objective =  1.1304073298e+04
Solution time =    0.20 sec.  Iterations = 1857  Nodes = 0
Deterministic time = 172.86 ticks  (866.91 ticks/sec)

CPLEX> Incumbent solution written to file '/tmp/cmpl.T11493.gsol'.
CPLEX> 
CMPL: Time used for model generation: 1 seconds
CMPL: Time used for solving the model: 1 seconds


Solution written to ASCII file: ../results/output_generated_rate_0.5/2016-11-07-4/equal.sol

Solver - finished
