CMPL model generation - running

CMPL version: 1.11.0
Authors: Thomas Schleiff, Mike Steglich
Distributed under the GPLv3 

create model instance ...
write model instance ...
CMPL model generation - finished

Solver - running


Welcome to IBM(R) ILOG(R) CPLEX(R) Interactive Optimizer 12.7.1.0
  with Simplex, Mixed Integer & Barrier Optimizers
5725-A06 5725-A29 5724-Y48 5724-Y49 5724-Y54 5724-Y55 5655-Y21
Copyright IBM Corp. 1988, 2017.  All Rights Reserved.

Type 'help' for a list of available commands.
Type 'help' followed by a command name for more
information on commands.

CPLEX> Specified objective sense: MINIMIZE
Selected objective  name:  line[1]
Selected RHS        name:  RHS
Selected bound      name:  BOUND
Problem '/tmp/cmpl.T10481.mps' read.
Read time = 0.05 sec. (9.67 ticks)
CPLEX> CPXPARAM_Read_APIEncoding                        "UTF-8"
Tried aggregator 3 times.
MIP Presolve eliminated 19197 rows and 30896 columns.
MIP Presolve modified 512 coefficients.
Aggregator did 705 substitutions.
Reduced MIP has 2708 rows, 4692 columns, and 15258 nonzeros.
Reduced MIP has 4524 binaries, 0 generals, 0 SOSs, and 0 indicators.
Presolve time = 0.06 sec. (52.78 ticks)
Probing fixed 20 vars, tightened 0 bounds.
Probing time = 0.02 sec. (7.88 ticks)
Tried aggregator 2 times.
MIP Presolve eliminated 4 rows and 20 columns.
MIP Presolve modified 115 coefficients.
Aggregator did 2 substitutions.
Reduced MIP has 2702 rows, 4670 columns, and 15204 nonzeros.
Reduced MIP has 4670 binaries, 0 generals, 0 SOSs, and 0 indicators.
Presolve time = 0.02 sec. (13.98 ticks)
Probing time = 0.01 sec. (3.02 ticks)
Clique table members: 9527.
MIP emphasis: balance optimality and feasibility.
MIP search method: dynamic search.
Parallel mode: none, using 1 thread.
Root relaxation solution time = 0.02 sec. (15.76 ticks)

        Nodes                                         Cuts/
   Node  Left     Objective  IInf  Best Integer    Best Bound    ItCnt     Gap

      0     0     3656.9923     1                   3656.9923     1022         
*     0+    0                         3657.1187     3656.9923             0.00%

Root node processing (before b&c):
  Real time             =    0.20 sec. (164.55 ticks)
Sequential b&c:
  Real time             =    0.00 sec. (0.00 ticks)
                          ------------
Total (root+branch&cut) =    0.20 sec. (164.55 ticks)

Solution pool: 1 solution saved.

MIP - Integer optimal, tolerance (0.0001/1e-06):  Objective =  3.6571186670e+03
Current MIP best bound =  3.6569923005e+03 (gap = 0.126367, 0.00%)
Solution time =    0.20 sec.  Iterations = 1022  Nodes = 0 (1)
Deterministic time = 164.65 ticks  (836.83 ticks/sec)

CPLEX> Incumbent solution written to file '/tmp/cmpl.T10481.gsol'.
CPLEX> 
CMPL: Time used for model generation: 1 seconds
CMPL: Time used for solving the model: 1 seconds


Solution written to ASCII file: ../results/output_generated_conf_0.7/2016-06-06-4/equal.sol

Solver - finished
