CMPL model generation - running

CMPL version: 1.11.0
Authors: Thomas Schleiff, Mike Steglich
Distributed under the GPLv3 

create model instance ...
write model instance ...
CMPL model generation - finished

Solver - running


Welcome to IBM(R) ILOG(R) CPLEX(R) Interactive Optimizer 12.7.1.0
  with Simplex, Mixed Integer & Barrier Optimizers
5725-A06 5725-A29 5724-Y48 5724-Y49 5724-Y54 5724-Y55 5655-Y21
Copyright IBM Corp. 1988, 2017.  All Rights Reserved.

Type 'help' for a list of available commands.
Type 'help' followed by a command name for more
information on commands.

CPLEX> Specified objective sense: MINIMIZE
Selected objective  name:  line[1]
Selected RHS        name:  RHS
Selected bound      name:  BOUND
Problem '/tmp/cmpl.T10200.mps' read.
Read time = 0.05 sec. (9.66 ticks)
CPLEX> CPXPARAM_Read_APIEncoding                        "UTF-8"
Tried aggregator 3 times.
MIP Presolve eliminated 19322 rows and 31126 columns.
MIP Presolve modified 456 coefficients.
Aggregator did 627 substitutions.
Reduced MIP has 2661 rows, 4540 columns, and 14822 nonzeros.
Reduced MIP has 4372 binaries, 0 generals, 0 SOSs, and 0 indicators.
Presolve time = 0.06 sec. (52.11 ticks)
Probing fixed 8 vars, tightened 0 bounds.
Probing time = 0.01 sec. (7.58 ticks)
Tried aggregator 1 time.
MIP Presolve eliminated 0 rows and 8 columns.
MIP Presolve modified 32 coefficients.
Reduced MIP has 2661 rows, 4532 columns, and 14806 nonzeros.
Reduced MIP has 4532 binaries, 0 generals, 0 SOSs, and 0 indicators.
Presolve time = 0.01 sec. (10.79 ticks)
Probing time = 0.01 sec. (3.00 ticks)
Clique table members: 9301.
MIP emphasis: balance optimality and feasibility.
MIP search method: dynamic search.
Parallel mode: none, using 1 thread.
Root relaxation solution time = 0.01 sec. (12.69 ticks)

        Nodes                                         Cuts/
   Node  Left     Objective  IInf  Best Integer    Best Bound    ItCnt     Gap

      0     0     1392.8165    13                   1392.8165      769         
*     0+    0                         1632.1462     1392.8165            14.66%
*     0+    0                         1396.5308     1392.8165             0.27%
      0     0        cutoff           1396.5308                    769    0.00%
Elapsed time = 0.19 sec. (160.26 ticks, tree = 0.01 MB, solutions = 2)

Root node processing (before b&c):
  Real time             =    0.19 sec. (161.69 ticks)
Sequential b&c:
  Real time             =    0.00 sec. (0.00 ticks)
                          ------------
Total (root+branch&cut) =    0.19 sec. (161.69 ticks)

Solution pool: 2 solutions saved.

MIP - Integer optimal solution:  Objective =  1.3965307850e+03
Solution time =    0.19 sec.  Iterations = 769  Nodes = 0
Deterministic time = 161.80 ticks  (847.21 ticks/sec)

CPLEX> Incumbent solution written to file '/tmp/cmpl.T10200.gsol'.
CPLEX> 
CMPL: Time used for model generation: 1 seconds
CMPL: Time used for solving the model: 1 seconds


Solution written to ASCII file: ../results/output_generated_conf_0.4/2017-06-05-4/equal.sol

Solver - finished
