CMPL model generation - running

CMPL version: 1.11.0
Authors: Thomas Schleiff, Mike Steglich
Distributed under the GPLv3 

create model instance ...
write model instance ...
CMPL model generation - finished

Solver - running


Welcome to IBM(R) ILOG(R) CPLEX(R) Interactive Optimizer 12.7.1.0
  with Simplex, Mixed Integer & Barrier Optimizers
5725-A06 5725-A29 5724-Y48 5724-Y49 5724-Y54 5724-Y55 5655-Y21
Copyright IBM Corp. 1988, 2017.  All Rights Reserved.

Type 'help' for a list of available commands.
Type 'help' followed by a command name for more
information on commands.

CPLEX> Specified objective sense: MINIMIZE
Selected objective  name:  line[1]
Selected RHS        name:  RHS
Selected bound      name:  BOUND
Problem '/tmp/cmpl.T10150.mps' read.
Read time = 0.05 sec. (8.85 ticks)
CPLEX> CPXPARAM_Read_APIEncoding                        "UTF-8"
Tried aggregator 3 times.
MIP Presolve eliminated 19322 rows and 30786 columns.
MIP Presolve modified 340 coefficients.
Aggregator did 627 substitutions.
Reduced MIP has 2491 rows, 3265 columns, and 9529 nonzeros.
Reduced MIP has 3097 binaries, 0 generals, 0 SOSs, and 0 indicators.
Presolve time = 0.05 sec. (43.10 ticks)
Found incumbent of value 6269.387843 after 0.08 sec. (64.67 ticks)
Probing fixed 8 vars, tightened 0 bounds.
Probing time = 0.01 sec. (4.23 ticks)
Tried aggregator 1 time.
MIP Presolve eliminated 0 rows and 8 columns.
MIP Presolve modified 32 coefficients.
Reduced MIP has 2491 rows, 3257 columns, and 9513 nonzeros.
Reduced MIP has 3257 binaries, 0 generals, 0 SOSs, and 0 indicators.
Presolve time = 0.01 sec. (8.10 ticks)
Probing time = 0.01 sec. (2.68 ticks)
Clique table members: 5917.
MIP emphasis: balance optimality and feasibility.
MIP search method: dynamic search.
Parallel mode: none, using 1 thread.
Root relaxation solution time = 0.01 sec. (4.49 ticks)

        Nodes                                         Cuts/
   Node  Left     Objective  IInf  Best Integer    Best Bound    ItCnt     Gap

*     0+    0                         6269.3878     -383.6310           106.12%
      0     0     1380.4308    14     6269.3878     1380.4308      115   77.98%
*     0+    0                         1482.3001     1380.4308             6.87%
*     0+    0                         1384.4308     1380.4308             0.29%
*     0     0      integral     0     1384.1867       Cuts: 6      117    0.00%
      0     0        cutoff           1384.1867     1384.1867      117    0.00%
Elapsed time = 0.14 sec. (103.39 ticks, tree = 0.01 MB, solutions = 4)

Cover cuts applied:  4
Gomory fractional cuts applied:  2

Root node processing (before b&c):
  Real time             =    0.14 sec. (105.15 ticks)
Sequential b&c:
  Real time             =    0.00 sec. (0.00 ticks)
                          ------------
Total (root+branch&cut) =    0.14 sec. (105.15 ticks)

Solution pool: 4 solutions saved.

MIP - Integer optimal solution:  Objective =  1.3841866680e+03
Solution time =    0.14 sec.  Iterations = 117  Nodes = 0
Deterministic time = 105.25 ticks  (753.40 ticks/sec)

CPLEX> Incumbent solution written to file '/tmp/cmpl.T10150.gsol'.
CPLEX> 
CMPL: Time used for model generation: 1 seconds
CMPL: Time used for solving the model: 1 seconds


Solution written to ASCII file: ../results/output_generated_conf_0.4/2017-06-05-4/unequal.sol

Solver - finished
