CMPL model generation - running

CMPL version: 1.11.0
Authors: Thomas Schleiff, Mike Steglich
Distributed under the GPLv3 

create model instance ...
write model instance ...
CMPL model generation - finished

Solver - running


Welcome to IBM(R) ILOG(R) CPLEX(R) Interactive Optimizer 12.7.1.0
  with Simplex, Mixed Integer & Barrier Optimizers
5725-A06 5725-A29 5724-Y48 5724-Y49 5724-Y54 5724-Y55 5655-Y21
Copyright IBM Corp. 1988, 2017.  All Rights Reserved.

Type 'help' for a list of available commands.
Type 'help' followed by a command name for more
information on commands.

CPLEX> Specified objective sense: MINIMIZE
Selected objective  name:  line[1]
Selected RHS        name:  RHS
Selected bound      name:  BOUND
Problem '/tmp/cmpl.T11069.mps' read.
Read time = 0.05 sec. (9.66 ticks)
CPLEX> CPXPARAM_Read_APIEncoding                        "UTF-8"
Tried aggregator 3 times.
MIP Presolve eliminated 19336 rows and 31158 columns.
MIP Presolve modified 442 coefficients.
Aggregator did 617 substitutions.
Reduced MIP has 2657 rows, 4518 columns, and 14758 nonzeros.
Reduced MIP has 4350 binaries, 0 generals, 0 SOSs, and 0 indicators.
Presolve time = 0.06 sec. (51.88 ticks)
Probing fixed 7 vars, tightened 0 bounds.
Probing time = 0.01 sec. (7.53 ticks)
Tried aggregator 1 time.
MIP Presolve eliminated 0 rows and 7 columns.
MIP Presolve modified 27 coefficients.
Reduced MIP has 2657 rows, 4511 columns, and 14744 nonzeros.
Reduced MIP has 4511 binaries, 0 generals, 0 SOSs, and 0 indicators.
Presolve time = 0.01 sec. (10.67 ticks)
Probing time = 0.01 sec. (3.00 ticks)
Clique table members: 9264.
MIP emphasis: balance optimality and feasibility.
MIP search method: dynamic search.
Parallel mode: none, using 1 thread.
Root relaxation solution time = 0.01 sec. (15.32 ticks)

        Nodes                                         Cuts/
   Node  Left     Objective  IInf  Best Integer    Best Bound    ItCnt     Gap

      0     0     2005.6071    10                   2005.6071      856         
*     0+    0                         2008.4642     2005.6071             0.14%
      0     0     2006.0917     2     2008.4642      Cuts: 35      903    0.12%
*     0+    0                         2006.6631     2006.0917             0.03%
      0     0     2006.1417     2     2006.6631       Cuts: 7      905    0.03%

Repeating presolve.
Tried aggregator 3 times.
MIP Presolve eliminated 1929 rows and 2941 columns.
MIP Presolve modified 245 coefficients.
Aggregator did 74 substitutions.
Reduced MIP has 655 rows, 1496 columns, and 3782 nonzeros.
Reduced MIP has 1496 binaries, 0 generals, 0 SOSs, and 0 indicators.
Presolve time = 0.01 sec. (11.77 ticks)
Probing fixed 18 vars, tightened 0 bounds.
Probing time = 0.00 sec. (1.72 ticks)
Tried aggregator 1 time.
MIP Presolve eliminated 0 rows and 18 columns.
MIP Presolve modified 94 coefficients.
Reduced MIP has 655 rows, 1478 columns, and 3746 nonzeros.
Reduced MIP has 1478 binaries, 0 generals, 0 SOSs, and 0 indicators.
Presolve time = 0.00 sec. (3.21 ticks)
Probing time = 0.00 sec. (1.59 ticks)
Tried aggregator 1 time.
Reduced MIP has 655 rows, 1478 columns, and 3746 nonzeros.
Reduced MIP has 1478 binaries, 0 generals, 0 SOSs, and 0 indicators.
Presolve time = 0.00 sec. (2.97 ticks)
Represolve time = 0.04 sec. (26.40 ticks)
Probing time = 0.00 sec. (1.58 ticks)
Clique table members: 1864.
MIP emphasis: balance optimality and feasibility.
MIP search method: dynamic search.
Parallel mode: none, using 1 thread.
Root relaxation solution time = 0.01 sec. (4.90 ticks)

        Nodes                                         Cuts/
   Node  Left     Objective  IInf  Best Integer    Best Bound    ItCnt     Gap

*     0+    0                         2006.6631     2006.1417             0.03%
      0     0     2006.2802     2     2006.6631     2006.2802     1499    0.02%
*     0     0      integral     0     2006.2947       Cuts: 7     1513    0.00%
      0     0        cutoff           2006.2947     2006.2947     1513    0.00%
Elapsed time = 0.30 sec. (257.43 ticks, tree = 0.01 MB, solutions = 3)

GUB cover cuts applied:  9
Clique cuts applied:  7
Cover cuts applied:  9
Gomory fractional cuts applied:  11

Root node processing (before b&c):
  Real time             =    0.30 sec. (259.04 ticks)
Sequential b&c:
  Real time             =    0.00 sec. (0.00 ticks)
                          ------------
Total (root+branch&cut) =    0.30 sec. (259.04 ticks)

Solution pool: 3 solutions saved.

MIP - Integer optimal solution:  Objective =  2.0062946640e+03
Solution time =    0.30 sec.  Iterations = 1513  Nodes = 0
Deterministic time = 259.14 ticks  (862.65 ticks/sec)

CPLEX> Incumbent solution written to file '/tmp/cmpl.T11069.gsol'.
CPLEX> 
CMPL: Time used for model generation: 1 seconds
CMPL: Time used for solving the model: 1 seconds


Solution written to ASCII file: ../results/output_generated_rate_0.1/2016-07-04-4/equal.sol

Solver - finished
