CMPL model generation - running

CMPL version: 1.11.0
Authors: Thomas Schleiff, Mike Steglich
Distributed under the GPLv3 

create model instance ...
write model instance ...
CMPL model generation - finished

Solver - running


Welcome to IBM(R) ILOG(R) CPLEX(R) Interactive Optimizer 12.7.1.0
  with Simplex, Mixed Integer & Barrier Optimizers
5725-A06 5725-A29 5724-Y48 5724-Y49 5724-Y54 5724-Y55 5655-Y21
Copyright IBM Corp. 1988, 2017.  All Rights Reserved.

Type 'help' for a list of available commands.
Type 'help' followed by a command name for more
information on commands.

CPLEX> Specified objective sense: MINIMIZE
Selected objective  name:  line[1]
Selected RHS        name:  RHS
Selected bound      name:  BOUND
Problem '/tmp/cmpl.T11018.mps' read.
Read time = 0.05 sec. (8.85 ticks)
CPLEX> CPXPARAM_Read_APIEncoding                        "UTF-8"
Tried aggregator 3 times.
MIP Presolve eliminated 19336 rows and 30818 columns.
MIP Presolve modified 340 coefficients.
Aggregator did 617 substitutions.
Reduced MIP has 2487 rows, 3243 columns, and 9465 nonzeros.
Reduced MIP has 3075 binaries, 0 generals, 0 SOSs, and 0 indicators.
Presolve time = 0.05 sec. (42.87 ticks)
Found incumbent of value 12076.766449 after 0.07 sec. (59.81 ticks)
Probing fixed 7 vars, tightened 0 bounds.
Probing time = 0.01 sec. (4.18 ticks)
Tried aggregator 1 time.
MIP Presolve eliminated 0 rows and 7 columns.
MIP Presolve modified 27 coefficients.
Reduced MIP has 2487 rows, 3236 columns, and 9451 nonzeros.
Reduced MIP has 3236 binaries, 0 generals, 0 SOSs, and 0 indicators.
Presolve time = 0.01 sec. (8.01 ticks)
Probing time = 0.01 sec. (2.67 ticks)
Clique table members: 5811.
MIP emphasis: balance optimality and feasibility.
MIP search method: dynamic search.
Parallel mode: none, using 1 thread.
Root relaxation solution time = 0.00 sec. (5.09 ticks)

        Nodes                                         Cuts/
   Node  Left     Objective  IInf  Best Integer    Best Bound    ItCnt     Gap

*     0+    0                        12076.7664     -424.5528           103.52%
      0     0     1995.6159     7    12076.7664     1995.6159      206   83.48%
*     0+    0                         1997.6159     1995.6159             0.10%
      0     0     1996.0364     2     1997.6159      Cuts: 20      215    0.08%
*     0+    0                         1996.6079     1996.0364             0.03%
      0     0     1996.0865     2     1996.6079       Cuts: 6      220    0.03%

Repeating presolve.
Tried aggregator 3 times.
MIP Presolve eliminated 2215 rows and 2774 columns.
MIP Presolve modified 31 coefficients.
Aggregator did 78 substitutions.
Reduced MIP has 195 rows, 384 columns, and 746 nonzeros.
Reduced MIP has 384 binaries, 0 generals, 0 SOSs, and 0 indicators.
Presolve time = 0.01 sec. (5.54 ticks)
Probing time = 0.00 sec. (0.26 ticks)
Tried aggregator 1 time.
MIP Presolve eliminated 34 rows and 73 columns.
MIP Presolve modified 2 coefficients.
Reduced MIP has 161 rows, 311 columns, and 611 nonzeros.
Reduced MIP has 311 binaries, 0 generals, 0 SOSs, and 0 indicators.
Presolve time = 0.00 sec. (0.89 ticks)
Probing time = 0.00 sec. (0.19 ticks)
Tried aggregator 1 time.
MIP Presolve eliminated 1 rows and 0 columns.
Reduced MIP has 160 rows, 311 columns, and 609 nonzeros.
Reduced MIP has 311 binaries, 0 generals, 0 SOSs, and 0 indicators.
Presolve time = 0.00 sec. (0.73 ticks)
Represolve time = 0.02 sec. (13.35 ticks)
Probing time = 0.00 sec. (0.19 ticks)
Clique table members: 333.
MIP emphasis: balance optimality and feasibility.
MIP search method: dynamic search.
Parallel mode: none, using 1 thread.
Root relaxation solution time = 0.00 sec. (0.68 ticks)

        Nodes                                         Cuts/
   Node  Left     Objective  IInf  Best Integer    Best Bound    ItCnt     Gap

*     0+    0                         1996.6079     1996.0865             0.03%
      0     0     1996.2349     1     1996.6079     1996.2349      350    0.02%
*     0+    0                         1996.5206     1996.2349             0.01%
*     0+    0                         1996.2380     1996.2349             0.00%
      0     0        cutoff           1996.2380     1996.2349      350    0.00%
Elapsed time = 0.17 sec. (139.86 ticks, tree = 0.01 MB, solutions = 7)

GUB cover cuts applied:  6
Cover cuts applied:  6
Gomory fractional cuts applied:  6

Root node processing (before b&c):
  Real time             =    0.17 sec. (142.30 ticks)
Sequential b&c:
  Real time             =    0.00 sec. (0.00 ticks)
                          ------------
Total (root+branch&cut) =    0.17 sec. (142.30 ticks)

Solution pool: 7 solutions saved.

MIP - Integer optimal solution:  Objective =  1.9962380020e+03
Solution time =    0.17 sec.  Iterations = 350  Nodes = 0
Deterministic time = 142.40 ticks  (840.04 ticks/sec)

CPLEX> Incumbent solution written to file '/tmp/cmpl.T11018.gsol'.
CPLEX> 
CMPL: Time used for model generation: 1 seconds
CMPL: Time used for solving the model: 1 seconds


Solution written to ASCII file: ../results/output_generated_rate_0.1/2016-07-04-4/unequal.sol

Solver - finished
