CMPL model generation - running

CMPL version: 1.11.0
Authors: Thomas Schleiff, Mike Steglich
Distributed under the GPLv3 

create model instance ...
write model instance ...
CMPL model generation - finished

Solver - running


Welcome to IBM(R) ILOG(R) CPLEX(R) Interactive Optimizer 12.7.1.0
  with Simplex, Mixed Integer & Barrier Optimizers
5725-A06 5725-A29 5724-Y48 5724-Y49 5724-Y54 5724-Y55 5655-Y21
Copyright IBM Corp. 1988, 2017.  All Rights Reserved.

Type 'help' for a list of available commands.
Type 'help' followed by a command name for more
information on commands.

CPLEX> Specified objective sense: MINIMIZE
Selected objective  name:  line[1]
Selected RHS        name:  RHS
Selected bound      name:  BOUND
Problem '/tmp/cmpl.T11365.mps' read.
Read time = 0.06 sec. (11.98 ticks)
CPLEX> CPXPARAM_Read_APIEncoding                        "UTF-8"
Tried aggregator 3 times.
MIP Presolve eliminated 23575 rows and 36643 columns.
MIP Presolve modified 726 coefficients.
Aggregator did 1246 substitutions.
Reduced MIP has 3356 rows, 6266 columns, and 20451 nonzeros.
Reduced MIP has 6056 binaries, 0 generals, 0 SOSs, and 0 indicators.
Presolve time = 0.07 sec. (62.28 ticks)
Probing time = 0.01 sec. (3.27 ticks)
Tried aggregator 1 time.
MIP Presolve eliminated 1 rows and 12 columns.
MIP Presolve modified 3 coefficients.
Reduced MIP has 3355 rows, 6254 columns, and 20423 nonzeros.
Reduced MIP has 6254 binaries, 0 generals, 0 SOSs, and 0 indicators.
Presolve time = 0.02 sec. (16.60 ticks)
Probing time = 0.01 sec. (3.37 ticks)
Clique table members: 4006.
MIP emphasis: balance optimality and feasibility.
MIP search method: dynamic search.
Parallel mode: none, using 1 thread.
Root relaxation solution time = 0.03 sec. (32.83 ticks)

        Nodes                                         Cuts/
   Node  Left     Objective  IInf  Best Integer    Best Bound    ItCnt     Gap

*     0     0      integral     0    10692.7886    10692.7886     1765    0.00%
Elapsed time = 0.23 sec. (195.03 ticks, tree = 0.00 MB, solutions = 1)

Root node processing (before b&c):
  Real time             =    0.23 sec. (196.45 ticks)
Sequential b&c:
  Real time             =    0.00 sec. (0.00 ticks)
                          ------------
Total (root+branch&cut) =    0.23 sec. (196.45 ticks)

Solution pool: 1 solution saved.

MIP - Integer optimal solution:  Objective =  1.0692788580e+04
Solution time =    0.23 sec.  Iterations = 1765  Nodes = 0
Deterministic time = 196.57 ticks  (853.07 ticks/sec)

CPLEX> Incumbent solution written to file '/tmp/cmpl.T11365.gsol'.
CPLEX> 
CMPL: Time used for model generation: 2 seconds
CMPL: Time used for solving the model: 1 seconds


Solution written to ASCII file: ../results/output_generated_rate_0.4/2015-11-02-5/equal.sol

Solver - finished
