CMPL model generation - running

CMPL version: 1.11.0
Authors: Thomas Schleiff, Mike Steglich
Distributed under the GPLv3 

create model instance ...
write model instance ...
CMPL model generation - finished

Solver - running


Welcome to IBM(R) ILOG(R) CPLEX(R) Interactive Optimizer 12.7.1.0
  with Simplex, Mixed Integer & Barrier Optimizers
5725-A06 5725-A29 5724-Y48 5724-Y49 5724-Y54 5724-Y55 5655-Y21
Copyright IBM Corp. 1988, 2017.  All Rights Reserved.

Type 'help' for a list of available commands.
Type 'help' followed by a command name for more
information on commands.

CPLEX> Specified objective sense: MINIMIZE
Selected objective  name:  line[1]
Selected RHS        name:  RHS
Selected bound      name:  BOUND
Problem '/tmp/cmpl.T10752.mps' read.
Read time = 0.05 sec. (8.93 ticks)
CPLEX> CPXPARAM_Read_APIEncoding                        "UTF-8"
Tried aggregator 3 times.
MIP Presolve eliminated 18480 rows and 29113 columns.
MIP Presolve modified 570 coefficients.
Aggregator did 1412 substitutions.
Reduced MIP has 2548 rows, 4153 columns, and 12155 nonzeros.
Reduced MIP has 3985 binaries, 0 generals, 0 SOSs, and 0 indicators.
Presolve time = 0.05 sec. (46.45 ticks)
Found incumbent of value 37968.726041 after 0.10 sec. (88.02 ticks)
Probing time = 0.01 sec. (2.66 ticks)
Tried aggregator 1 time.
MIP Presolve eliminated 0 rows and 55 columns.
Reduced MIP has 2548 rows, 4098 columns, and 12045 nonzeros.
Reduced MIP has 4098 binaries, 0 generals, 0 SOSs, and 0 indicators.
Presolve time = 0.01 sec. (11.25 ticks)
Probing time = 0.01 sec. (2.81 ticks)
Clique table members: 3535.
MIP emphasis: balance optimality and feasibility.
MIP search method: dynamic search.
Parallel mode: none, using 1 thread.
Root relaxation solution time = 0.02 sec. (21.22 ticks)

        Nodes                                         Cuts/
   Node  Left     Objective  IInf  Best Integer    Best Bound    ItCnt     Gap

*     0+    0                        37968.7260        0.0000           100.00%
*     0     0      integral     0    17481.1376    17481.1376     1118    0.00%
Elapsed time = 0.16 sec. (134.49 ticks, tree = 0.00 MB, solutions = 2)

Root node processing (before b&c):
  Real time             =    0.16 sec. (135.81 ticks)
Sequential b&c:
  Real time             =    0.00 sec. (0.00 ticks)
                          ------------
Total (root+branch&cut) =    0.16 sec. (135.81 ticks)

Solution pool: 2 solutions saved.

MIP - Integer optimal solution:  Objective =  1.7481137571e+04
Solution time =    0.16 sec.  Iterations = 1118  Nodes = 0
Deterministic time = 135.91 ticks  (861.27 ticks/sec)

CPLEX> Incumbent solution written to file '/tmp/cmpl.T10752.gsol'.
CPLEX> 
CMPL: Time used for model generation: 1 seconds
CMPL: Time used for solving the model: 0 seconds


Solution written to ASCII file: ../results/output_generated_conf_1/2017-01-09-4/unequal.sol

Solver - finished
