CMPL model generation - running

CMPL version: 1.11.0
Authors: Thomas Schleiff, Mike Steglich
Distributed under the GPLv3 

create model instance ...
write model instance ...
CMPL model generation - finished

Solver - running


Welcome to IBM(R) ILOG(R) CPLEX(R) Interactive Optimizer 12.7.1.0
  with Simplex, Mixed Integer & Barrier Optimizers
5725-A06 5725-A29 5724-Y48 5724-Y49 5724-Y54 5724-Y55 5655-Y21
Copyright IBM Corp. 1988, 2017.  All Rights Reserved.

Type 'help' for a list of available commands.
Type 'help' followed by a command name for more
information on commands.

CPLEX> Specified objective sense: MINIMIZE
Selected objective  name:  line[1]
Selected RHS        name:  RHS
Selected bound      name:  BOUND
Problem '/tmp/cmpl.XM9737.mps' read.
Read time = 0.05 sec. (8.85 ticks)
CPLEX> CPXPARAM_Read_APIEncoding                        "UTF-8"
Tried aggregator 3 times.
MIP Presolve eliminated 19398 rows and 30928 columns.
MIP Presolve modified 340 coefficients.
Aggregator did 589 substitutions.
Reduced MIP has 2453 rows, 3161 columns, and 9251 nonzeros.
Reduced MIP has 2993 binaries, 0 generals, 0 SOSs, and 0 indicators.
Presolve time = 0.09 sec. (41.39 ticks)
Found incumbent of value 3952.016260 after 0.11 sec. (53.89 ticks)
Probing fixed 4 vars, tightened 0 bounds.
Probing time = 0.01 sec. (3.99 ticks)
Tried aggregator 1 time.
MIP Presolve eliminated 0 rows and 4 columns.
MIP Presolve modified 14 coefficients.
Reduced MIP has 2453 rows, 3157 columns, and 9243 nonzeros.
Reduced MIP has 3157 binaries, 0 generals, 0 SOSs, and 0 indicators.
Presolve time = 0.01 sec. (7.87 ticks)
Probing time = 0.01 sec. (2.66 ticks)
Clique table members: 5164.
MIP emphasis: balance optimality and feasibility.
MIP search method: dynamic search.
Parallel mode: none, using 1 thread.
Root relaxation solution time = 0.00 sec. (4.16 ticks)

        Nodes                                         Cuts/
   Node  Left     Objective  IInf  Best Integer    Best Bound    ItCnt     Gap

*     0+    0                         3952.0163     -463.9001           111.74%
      0     0       69.5114    23     3952.0163       69.5114       57   98.24%
*     0+    0                          565.3950       69.5114            87.71%
*     0+    0                           76.0829       69.5114             8.64%
      0     0        cutoff             76.0829                     57    0.00%
Elapsed time = 0.16 sec. (86.29 ticks, tree = 0.01 MB, solutions = 3)

Root node processing (before b&c):
  Real time             =    0.17 sec. (87.82 ticks)
Sequential b&c:
  Real time             =    0.00 sec. (0.00 ticks)
                          ------------
Total (root+branch&cut) =    0.17 sec. (87.82 ticks)

Solution pool: 3 solutions saved.

MIP - Integer optimal solution:  Objective =  7.6082869000e+01
Solution time =    0.17 sec.  Iterations = 57  Nodes = 0
Deterministic time = 87.92 ticks  (530.28 ticks/sec)

CPLEX> Incumbent solution written to file '/tmp/cmpl.XM9737.gsol'.
CPLEX> 
CMPL: Time used for model generation: 1 seconds
CMPL: Time used for solving the model: 1 seconds


Solution written to ASCII file: ../results/output_generated_conf_0/2017-08-07-4/unequal.sol

Solver - finished
