CMPL model generation - running

CMPL version: 1.11.0
Authors: Thomas Schleiff, Mike Steglich
Distributed under the GPLv3 

create model instance ...
write model instance ...
CMPL model generation - finished

Solver - running


Welcome to IBM(R) ILOG(R) CPLEX(R) Interactive Optimizer 12.7.1.0
  with Simplex, Mixed Integer & Barrier Optimizers
5725-A06 5725-A29 5724-Y48 5724-Y49 5724-Y54 5724-Y55 5655-Y21
Copyright IBM Corp. 1988, 2017.  All Rights Reserved.

Type 'help' for a list of available commands.
Type 'help' followed by a command name for more
information on commands.

CPLEX> Specified objective sense: MINIMIZE
Selected objective  name:  line[1]
Selected RHS        name:  RHS
Selected bound      name:  BOUND
Problem '/tmp/cmpl.T15561.mps' read.
Read time = 0.07 sec. (11.87 ticks)
CPLEX> CPXPARAM_Read_APIEncoding                        "UTF-8"
Tried aggregator 3 times.
MIP Presolve eliminated 24206 rows and 37875 columns.
MIP Presolve modified 442 coefficients.
Aggregator did 682 substitutions.
Reduced MIP has 3289 rows, 5598 columns, and 18495 nonzeros.
Reduced MIP has 5388 binaries, 0 generals, 0 SOSs, and 0 indicators.
Presolve time = 0.07 sec. (58.34 ticks)
Found incumbent of value 21000.000000 after 0.12 sec. (99.39 ticks)
Probing fixed 7 vars, tightened 0 bounds.
Probing time = 0.02 sec. (9.40 ticks)
Tried aggregator 1 time.
MIP Presolve eliminated 1 rows and 7 columns.
MIP Presolve modified 35 coefficients.
Reduced MIP has 3288 rows, 5591 columns, and 18477 nonzeros.
Reduced MIP has 5591 binaries, 0 generals, 0 SOSs, and 0 indicators.
Presolve time = 0.02 sec. (15.43 ticks)
Probing time = 0.01 sec. (3.24 ticks)
Clique table members: 10368.
MIP emphasis: balance optimality and feasibility.
MIP search method: dynamic search.
Parallel mode: none, using 1 thread.
Root relaxation solution time = 0.01 sec. (10.04 ticks)

        Nodes                                         Cuts/
   Node  Left     Objective  IInf  Best Integer    Best Bound    ItCnt     Gap

*     0+    0                        21000.0000        0.0000           100.00%
      0     0        0.0000   181    21000.0000        0.0000      272  100.00%
      0     0        0.0000    36    21000.0000      Cuts: 49      309  100.00%
      0     0        0.0000    32    21000.0000      Cuts: 81      389  100.00%
      0     0        0.0000    43    21000.0000      Cuts: 89      442  100.00%
      0     0        0.0000     8    21000.0000      Cuts: 25      456  100.00%
      0     0        0.0000     6    21000.0000      Cuts: 17      470  100.00%
*     0+    0                            0.0000        0.0000             0.00%
      0     0        cutoff              0.0000        0.0000      470    0.00%
Elapsed time = 0.42 sec. (390.33 ticks, tree = 0.01 MB, solutions = 2)

GUB cover cuts applied:  31
Clique cuts applied:  63
Cover cuts applied:  4
Flow cuts applied:  10
Mixed integer rounding cuts applied:  33
Zero-half cuts applied:  21
Lift and project cuts applied:  6
Gomory fractional cuts applied:  10

Root node processing (before b&c):
  Real time             =    0.42 sec. (392.09 ticks)
Sequential b&c:
  Real time             =    0.00 sec. (0.00 ticks)
                          ------------
Total (root+branch&cut) =    0.42 sec. (392.09 ticks)

Solution pool: 2 solutions saved.

MIP - Integer optimal solution:  Objective =  0.0000000000e+00
Solution time =    0.42 sec.  Iterations = 470  Nodes = 0
Deterministic time = 392.22 ticks  (929.69 ticks/sec)

CPLEX> Incumbent solution written to file '/tmp/cmpl.T15561.gsol'.
CPLEX> 
CMPL: Time used for model generation: 1 seconds
CMPL: Time used for solving the model: 2 seconds


Solution written to ASCII file: ../results/results_unfair_conf_0/2017-10-02-5/unequal-unfair.sol

Solver - finished
