CMPL model generation - running

CMPL version: 1.11.0
Authors: Thomas Schleiff, Mike Steglich
Distributed under the GPLv3 

create model instance ...
write model instance ...
CMPL model generation - finished

Solver - running


Welcome to IBM(R) ILOG(R) CPLEX(R) Interactive Optimizer 12.7.1.0
  with Simplex, Mixed Integer & Barrier Optimizers
5725-A06 5725-A29 5724-Y48 5724-Y49 5724-Y54 5724-Y55 5655-Y21
Copyright IBM Corp. 1988, 2017.  All Rights Reserved.

Type 'help' for a list of available commands.
Type 'help' followed by a command name for more
information on commands.

CPLEX> Specified objective sense: MINIMIZE
Selected objective  name:  line[1]
Selected RHS        name:  RHS
Selected bound      name:  BOUND
Problem '/tmp/cmpl.T10079.mps' read.
Read time = 0.05 sec. (9.66 ticks)
CPLEX> CPXPARAM_Read_APIEncoding                        "UTF-8"
Tried aggregator 3 times.
MIP Presolve eliminated 19354 rows and 31189 columns.
MIP Presolve modified 442 coefficients.
Aggregator did 607 substitutions.
Reduced MIP has 2649 rows, 4497 columns, and 14699 nonzeros.
Reduced MIP has 4329 binaries, 0 generals, 0 SOSs, and 0 indicators.
Presolve time = 0.07 sec. (51.80 ticks)
Probing fixed 3 vars, tightened 0 bounds.
Probing time = 0.01 sec. (6.93 ticks)
Tried aggregator 1 time.
MIP Presolve eliminated 0 rows and 3 columns.
MIP Presolve modified 11 coefficients.
Reduced MIP has 2649 rows, 4494 columns, and 14693 nonzeros.
Reduced MIP has 4494 binaries, 0 generals, 0 SOSs, and 0 indicators.
Presolve time = 0.01 sec. (10.65 ticks)
Probing time = 0.01 sec. (2.99 ticks)
Clique table members: 9227.
MIP emphasis: balance optimality and feasibility.
MIP search method: dynamic search.
Parallel mode: none, using 1 thread.
Root relaxation solution time = 0.01 sec. (14.66 ticks)

        Nodes                                         Cuts/
   Node  Left     Objective  IInf  Best Integer    Best Bound    ItCnt     Gap

      0     0      834.5373    20                    834.5373      911         
*     0+    0                         1095.4054      834.5373            23.81%
*     0+    0                          840.2516      834.5373             0.68%
      0     0      838.8285     4      840.2516      Cuts: 25      923    0.17%
*     0+    0                          839.9714      838.8285             0.14%
      0     0      839.1955     2      839.9714      Cuts: 17      930    0.09%
*     0+    0                          839.7470      839.1955             0.07%
*     0+    0                          839.7379      839.1955             0.06%

Repeating presolve.
Tried aggregator 3 times.
MIP Presolve eliminated 2439 rows and 4124 columns.
MIP Presolve modified 134 coefficients.
Aggregator did 86 substitutions.
Reduced MIP has 127 rows, 283 columns, and 645 nonzeros.
Reduced MIP has 283 binaries, 0 generals, 0 SOSs, and 0 indicators.
Presolve time = 0.01 sec. (7.26 ticks)
Probing fixed 7 vars, tightened 0 bounds.
Probing time = 0.00 sec. (0.41 ticks)
Tried aggregator 2 times.
MIP Presolve eliminated 0 rows and 7 columns.
MIP Presolve modified 6 coefficients.
Aggregator did 2 substitutions.
Reduced MIP has 125 rows, 274 columns, and 626 nonzeros.
Reduced MIP has 274 binaries, 0 generals, 0 SOSs, and 0 indicators.
Presolve time = 0.00 sec. (0.70 ticks)
Probing time = 0.00 sec. (0.37 ticks)
Tried aggregator 1 time.
MIP Presolve eliminated 1 rows and 0 columns.
Reduced MIP has 124 rows, 273 columns, and 622 nonzeros.
Reduced MIP has 273 binaries, 0 generals, 0 SOSs, and 0 indicators.
Presolve time = 0.00 sec. (0.72 ticks)
Represolve time = 0.02 sec. (14.49 ticks)
Probing time = 0.00 sec. (0.37 ticks)
Clique table members: 539.
MIP emphasis: balance optimality and feasibility.
MIP search method: dynamic search.
Parallel mode: none, using 1 thread.
Root relaxation solution time = 0.00 sec. (0.53 ticks)

        Nodes                                         Cuts/
   Node  Left     Objective  IInf  Best Integer    Best Bound    ItCnt     Gap

*     0+    0                          839.7379      839.1955             0.06%
      0     0      839.2082    17      839.7379      839.2082     1025    0.06%
*     0+    0                          839.6939      839.2082             0.06%
      0     0        cutoff            839.6939                   1040    0.00%
Elapsed time = 0.25 sec. (217.17 ticks, tree = 0.01 MB, solutions = 7)

GUB cover cuts applied:  23
Clique cuts applied:  2
Cover cuts applied:  13
Gomory fractional cuts applied:  24

Root node processing (before b&c):
  Real time             =    0.25 sec. (219.72 ticks)
Sequential b&c:
  Real time             =    0.00 sec. (0.00 ticks)
                          ------------
Total (root+branch&cut) =    0.25 sec. (219.72 ticks)

Solution pool: 7 solutions saved.

MIP - Integer optimal solution:  Objective =  8.3969391300e+02
Solution time =    0.25 sec.  Iterations = 1040  Nodes = 0
Deterministic time = 219.83 ticks  (864.87 ticks/sec)

CPLEX> Incumbent solution written to file '/tmp/cmpl.T10079.gsol'.
CPLEX> 
CMPL: Time used for model generation: 1 seconds
CMPL: Time used for solving the model: 1 seconds


Solution written to ASCII file: ../results/output_generated_conf_0.3/2016-09-05-4/equal.sol

Solver - finished
