CMPL model generation - running

CMPL version: 1.11.0
Authors: Thomas Schleiff, Mike Steglich
Distributed under the GPLv3 

create model instance ...
write model instance ...
CMPL model generation - finished

Solver - running


Welcome to IBM(R) ILOG(R) CPLEX(R) Interactive Optimizer 12.7.1.0
  with Simplex, Mixed Integer & Barrier Optimizers
5725-A06 5725-A29 5724-Y48 5724-Y49 5724-Y54 5724-Y55 5655-Y21
Copyright IBM Corp. 1988, 2017.  All Rights Reserved.

Type 'help' for a list of available commands.
Type 'help' followed by a command name for more
information on commands.

CPLEX> Specified objective sense: MINIMIZE
Selected objective  name:  line[1]
Selected RHS        name:  RHS
Selected bound      name:  BOUND
Problem '/tmp/cmpl.T10029.mps' read.
Read time = 0.05 sec. (8.85 ticks)
CPLEX> CPXPARAM_Read_APIEncoding                        "UTF-8"
Tried aggregator 3 times.
MIP Presolve eliminated 19354 rows and 30849 columns.
MIP Presolve modified 340 coefficients.
Aggregator did 607 substitutions.
Reduced MIP has 2479 rows, 3222 columns, and 9406 nonzeros.
Reduced MIP has 3054 binaries, 0 generals, 0 SOSs, and 0 indicators.
Presolve time = 0.05 sec. (43.03 ticks)
Found incumbent of value 4369.524639 after 0.07 sec. (57.84 ticks)
Probing fixed 3 vars, tightened 0 bounds.
Probing time = 0.01 sec. (4.17 ticks)
Tried aggregator 1 time.
MIP Presolve eliminated 0 rows and 3 columns.
MIP Presolve modified 11 coefficients.
Reduced MIP has 2479 rows, 3219 columns, and 9400 nonzeros.
Reduced MIP has 3219 binaries, 0 generals, 0 SOSs, and 0 indicators.
Presolve time = 0.01 sec. (7.98 ticks)
Probing time = 0.01 sec. (2.66 ticks)
Clique table members: 5850.
MIP emphasis: balance optimality and feasibility.
MIP search method: dynamic search.
Parallel mode: none, using 1 thread.
Root relaxation solution time = 0.00 sec. (4.36 ticks)

        Nodes                                         Cuts/
   Node  Left     Objective  IInf  Best Integer    Best Bound    ItCnt     Gap

*     0+    0                         4369.5246     -507.1298           111.61%
      0     0      821.9120    20     4369.5246      821.9120       86   81.19%
*     0+    0                         1004.1436      821.9120            18.15%
*     0+    0                          827.6263      821.9120             0.69%
      0     0      826.3430     3      827.6263      Cuts: 29       98    0.16%
*     0+    0                          827.0613      826.3430             0.09%
      0     0      826.3756     3      827.0613      Cuts: 10      103    0.08%

Repeating presolve.
Tried aggregator 3 times.
MIP Presolve eliminated 2390 rows and 3053 columns.
MIP Presolve modified 6 coefficients.
Aggregator did 29 substitutions.
Reduced MIP has 62 rows, 136 columns, and 276 nonzeros.
Reduced MIP has 136 binaries, 0 generals, 0 SOSs, and 0 indicators.
Presolve time = 0.00 sec. (4.42 ticks)
Probing time = 0.00 sec. (0.16 ticks)
Tried aggregator 1 time.
MIP Presolve eliminated 9 rows and 20 columns.
MIP Presolve added 3 rows and 3 columns.
Reduced MIP has 56 rows, 119 columns, and 257 nonzeros.
Reduced MIP has 117 binaries, 2 generals, 0 SOSs, and 0 indicators.
Presolve time = 0.00 sec. (0.43 ticks)
Probing fixed 0 vars, tightened 2 bounds.
Probing time = 0.00 sec. (0.16 ticks)
Tried aggregator 1 time.
MIP Presolve eliminated 3 rows and 3 columns.
MIP Presolve added 3 rows and 3 columns.
Reduced MIP has 56 rows, 119 columns, and 257 nonzeros.
Reduced MIP has 117 binaries, 2 generals, 0 SOSs, and 0 indicators.
Presolve time = 0.00 sec. (0.46 ticks)
Represolve time = 0.01 sec. (11.78 ticks)
Probing time = 0.00 sec. (0.15 ticks)
Clique table members: 236.
MIP emphasis: balance optimality and feasibility.
MIP search method: dynamic search.
Parallel mode: none, using 1 thread.
Root relaxation solution time = 0.00 sec. (0.16 ticks)

        Nodes                                         Cuts/
   Node  Left     Objective  IInf  Best Integer    Best Bound    ItCnt     Gap

*     0+    0                          827.0613      826.3756             0.08%
      0     0        cutoff            827.0613                    126    0.00%

GUB cover cuts applied:  2
Cover cuts applied:  2
Gomory fractional cuts applied:  4

Root node processing (before b&c):
  Real time             =    0.15 sec. (131.63 ticks)
Sequential b&c:
  Real time             =    0.00 sec. (0.00 ticks)
                          ------------
Total (root+branch&cut) =    0.15 sec. (131.63 ticks)

Solution pool: 6 solutions saved.

MIP - Integer optimal solution:  Objective =  8.2706132200e+02
Solution time =    0.15 sec.  Iterations = 126  Nodes = 0
Deterministic time = 131.73 ticks  (854.33 ticks/sec)

CPLEX> Incumbent solution written to file '/tmp/cmpl.T10029.gsol'.
CPLEX> 
CMPL: Time used for model generation: 0 seconds
CMPL: Time used for solving the model: 1 seconds


Solution written to ASCII file: ../results/output_generated_conf_0.3/2016-09-05-4/unequal.sol

Solver - finished
