CMPL model generation - running

CMPL version: 1.11.0
Authors: Thomas Schleiff, Mike Steglich
Distributed under the GPLv3 

create model instance ...
write model instance ...
CMPL model generation - finished

Solver - running


Welcome to IBM(R) ILOG(R) CPLEX(R) Interactive Optimizer 12.7.1.0
  with Simplex, Mixed Integer & Barrier Optimizers
5725-A06 5725-A29 5724-Y48 5724-Y49 5724-Y54 5724-Y55 5655-Y21
Copyright IBM Corp. 1988, 2017.  All Rights Reserved.

Type 'help' for a list of available commands.
Type 'help' followed by a command name for more
information on commands.

CPLEX> Specified objective sense: MINIMIZE
Selected objective  name:  line[1]
Selected RHS        name:  RHS
Selected bound      name:  BOUND
Problem '/tmp/cmpl.T10280.mps' read.
Read time = 0.06 sec. (11.94 ticks)
CPLEX> CPXPARAM_Read_APIEncoding                        "UTF-8"
Tried aggregator 3 times.
MIP Presolve eliminated 24062 rows and 37623 columns.
MIP Presolve modified 490 coefficients.
Aggregator did 776 substitutions.
Reduced MIP has 3339 rows, 5756 columns, and 18939 nonzeros.
Reduced MIP has 5546 binaries, 0 generals, 0 SOSs, and 0 indicators.
Presolve time = 0.08 sec. (61.10 ticks)
Probing time = 0.01 sec. (3.29 ticks)
Tried aggregator 2 times.
MIP Presolve eliminated 5 rows and 2 columns.
MIP Presolve modified 15 coefficients.
Aggregator did 3 substitutions.
Reduced MIP has 3331 rows, 5751 columns, and 18918 nonzeros.
Reduced MIP has 5751 binaries, 0 generals, 0 SOSs, and 0 indicators.
Presolve time = 0.02 sec. (17.18 ticks)
Probing time = 0.01 sec. (3.28 ticks)
Clique table members: 5067.
MIP emphasis: balance optimality and feasibility.
MIP search method: dynamic search.
Parallel mode: none, using 1 thread.
Root relaxation solution time = 0.02 sec. (19.21 ticks)

        Nodes                                         Cuts/
   Node  Left     Objective  IInf  Best Integer    Best Bound    ItCnt     Gap

      0     0     2454.2959     8                   2454.2959      926         
*     0+    0                         2574.3234     2454.2959             4.66%
*     0+    0                         2456.1245     2454.2959             0.07%
      0     0     2455.5222     2     2456.1245      Cuts: 12      932    0.02%
*     0+    0                         2455.9793     2455.5222             0.02%
      0     0     2455.6809     1     2455.9793       Cuts: 6      949    0.01%
*     0+    0                         2455.9094     2455.6809             0.01%

GUB cover cuts applied:  3
Cover cuts applied:  9
Gomory fractional cuts applied:  6

Root node processing (before b&c):
  Real time             =    0.25 sec. (223.87 ticks)
Sequential b&c:
  Real time             =    0.00 sec. (0.00 ticks)
                          ------------
Total (root+branch&cut) =    0.25 sec. (223.87 ticks)

Solution pool: 4 solutions saved.

MIP - Integer optimal, tolerance (0.0001/1e-06):  Objective =  2.4559094310e+03
Current MIP best bound =  2.4556808595e+03 (gap = 0.228571, 0.01%)
Solution time =    0.25 sec.  Iterations = 949  Nodes = 0 (1)
Deterministic time = 224.00 ticks  (880.79 ticks/sec)

CPLEX> Incumbent solution written to file '/tmp/cmpl.T10280.gsol'.
CPLEX> 
CMPL: Time used for model generation: 1 seconds
CMPL: Time used for solving the model: 1 seconds


Solution written to ASCII file: ../results/output_generated_conf_0.5/2016-08-01-5/equal.sol

Solver - finished
