CMPL model generation - running

CMPL version: 1.11.0
Authors: Thomas Schleiff, Mike Steglich
Distributed under the GPLv3 

create model instance ...
write model instance ...
CMPL model generation - finished

Solver - running


Welcome to IBM(R) ILOG(R) CPLEX(R) Interactive Optimizer 12.7.1.0
  with Simplex, Mixed Integer & Barrier Optimizers
5725-A06 5725-A29 5724-Y48 5724-Y49 5724-Y54 5724-Y55 5655-Y21
Copyright IBM Corp. 1988, 2017.  All Rights Reserved.

Type 'help' for a list of available commands.
Type 'help' followed by a command name for more
information on commands.

CPLEX> Specified objective sense: MINIMIZE
Selected objective  name:  line[1]
Selected RHS        name:  RHS
Selected bound      name:  BOUND
Problem '/tmp/cmpl.T10230.mps' read.
Read time = 0.06 sec. (10.97 ticks)
CPLEX> CPXPARAM_Read_APIEncoding                        "UTF-8"
Tried aggregator 3 times.
MIP Presolve eliminated 24067 rows and 37623 columns.
MIP Presolve modified 425 coefficients.
Aggregator did 779 substitutions.
Reduced MIP has 3161 rows, 4138 columns, and 12242 nonzeros.
Reduced MIP has 3928 binaries, 0 generals, 0 SOSs, and 0 indicators.
Presolve time = 0.07 sec. (53.62 ticks)
Found incumbent of value 9670.853813 after 0.11 sec. (86.05 ticks)
Probing fixed 14 vars, tightened 0 bounds.
Probing time = 0.01 sec. (5.38 ticks)
Tried aggregator 1 time.
MIP Presolve eliminated 0 rows and 14 columns.
MIP Presolve modified 79 coefficients.
Reduced MIP has 3161 rows, 4124 columns, and 12214 nonzeros.
Reduced MIP has 4124 binaries, 0 generals, 0 SOSs, and 0 indicators.
Presolve time = 0.01 sec. (10.34 ticks)
Probing time = 0.01 sec. (2.85 ticks)
Clique table members: 7530.
MIP emphasis: balance optimality and feasibility.
MIP search method: dynamic search.
Parallel mode: none, using 1 thread.
Root relaxation solution time = 0.01 sec. (7.02 ticks)

        Nodes                                         Cuts/
   Node  Left     Objective  IInf  Best Integer    Best Bound    ItCnt     Gap

*     0+    0                         9670.8538     -202.2331           102.09%
      0     0     2440.6272     8     9670.8538     2440.6272      213   74.76%
*     0+    0                         2580.1774     2440.6272             5.41%
*     0+    0                         2442.4558     2440.6272             0.07%
      0     0     2441.8157     2     2442.4558      Cuts: 13      218    0.03%
*     0+    0                         2442.2728     2441.8157             0.02%
      0     0     2441.9286     1     2442.2728       Cuts: 6      222    0.01%
*     0+    0                         2441.9415     2441.9286             0.00%
      0     0        cutoff           2441.9415     2441.9286      222    0.00%
Elapsed time = 0.19 sec. (152.36 ticks, tree = 0.01 MB, solutions = 5)

GUB cover cuts applied:  3
Clique cuts applied:  1
Cover cuts applied:  9
Gomory fractional cuts applied:  5

Root node processing (before b&c):
  Real time             =    0.19 sec. (154.81 ticks)
Sequential b&c:
  Real time             =    0.00 sec. (0.00 ticks)
                          ------------
Total (root+branch&cut) =    0.19 sec. (154.81 ticks)

Solution pool: 5 solutions saved.

MIP - Integer optimal solution:  Objective =  2.4419415250e+03
Solution time =    0.19 sec.  Iterations = 222  Nodes = 0
Deterministic time = 154.93 ticks  (797.58 ticks/sec)

CPLEX> Incumbent solution written to file '/tmp/cmpl.T10230.gsol'.
CPLEX> 
CMPL: Time used for model generation: 1 seconds
CMPL: Time used for solving the model: 1 seconds


Solution written to ASCII file: ../results/output_generated_conf_0.5/2016-08-01-5/unequal.sol

Solver - finished
