CMPL model generation - running

CMPL version: 1.11.0
Authors: Thomas Schleiff, Mike Steglich
Distributed under the GPLv3 

create model instance ...
write model instance ...
CMPL model generation - finished

Solver - running


Welcome to IBM(R) ILOG(R) CPLEX(R) Interactive Optimizer 12.7.1.0
  with Simplex, Mixed Integer & Barrier Optimizers
5725-A06 5725-A29 5724-Y48 5724-Y49 5724-Y54 5724-Y55 5655-Y21
Copyright IBM Corp. 1988, 2017.  All Rights Reserved.

Type 'help' for a list of available commands.
Type 'help' followed by a command name for more
information on commands.

CPLEX> Specified objective sense: MINIMIZE
Selected objective  name:  line[1]
Selected RHS        name:  RHS
Selected bound      name:  BOUND
Problem '/tmp/cmpl.T10617.mps' read.
Read time = 0.09 sec. (11.96 ticks)
CPLEX> CPXPARAM_Read_APIEncoding                        "UTF-8"
Tried aggregator 3 times.
MIP Presolve eliminated 23875 rows and 37241 columns.
MIP Presolve modified 579 coefficients.
Aggregator did 952 substitutions.
Reduced MIP has 3350 rows, 5962 columns, and 19537 nonzeros.
Reduced MIP has 5752 binaries, 0 generals, 0 SOSs, and 0 indicators.
Presolve time = 0.10 sec. (60.35 ticks)
Found incumbent of value 31365.997969 after 0.17 sec. (101.66 ticks)
Probing time = 0.01 sec. (3.29 ticks)
Tried aggregator 1 time.
MIP Presolve eliminated 0 rows and 3 columns.
Reduced MIP has 3350 rows, 5959 columns, and 19531 nonzeros.
Reduced MIP has 5959 binaries, 0 generals, 0 SOSs, and 0 indicators.
Presolve time = 0.02 sec. (14.08 ticks)
Probing time = 0.01 sec. (3.34 ticks)
Clique table members: 4018.
MIP emphasis: balance optimality and feasibility.
MIP search method: dynamic search.
Parallel mode: none, using 1 thread.
Root relaxation solution time = 0.05 sec. (24.87 ticks)

        Nodes                                         Cuts/
   Node  Left     Objective  IInf  Best Integer    Best Bound    ItCnt     Gap

*     0+    0                        31365.9980      -60.4301           100.19%
      0     0     6034.8313     2    31365.9980     6034.8313     1461   80.76%
*     0+    0                         6035.2885     6034.8313             0.01%

Root node processing (before b&c):
  Real time             =    0.31 sec. (168.61 ticks)
Sequential b&c:
  Real time             =    0.00 sec. (0.00 ticks)
                          ------------
Total (root+branch&cut) =    0.31 sec. (168.61 ticks)

Solution pool: 2 solutions saved.

MIP - Integer optimal, tolerance (0.0001/1e-06):  Objective =  6.0352884910e+03
Current MIP best bound =  6.0348313480e+03 (gap = 0.457143, 0.01%)
Solution time =    0.31 sec.  Iterations = 1461  Nodes = 0 (1)
Deterministic time = 168.74 ticks  (552.21 ticks/sec)

CPLEX> Incumbent solution written to file '/tmp/cmpl.T10617.gsol'.
CPLEX> 
CMPL: Time used for model generation: 2 seconds
CMPL: Time used for solving the model: 2 seconds


Solution written to ASCII file: ../results/output_generated_conf_0.8/2017-10-02-5/equal.sol

Solver - finished
