CMPL model generation - running

CMPL version: 1.11.0
Authors: Thomas Schleiff, Mike Steglich
Distributed under the GPLv3 

create model instance ...
write model instance ...
CMPL model generation - finished

Solver - running


Welcome to IBM(R) ILOG(R) CPLEX(R) Interactive Optimizer 12.7.1.0
  with Simplex, Mixed Integer & Barrier Optimizers
5725-A06 5725-A29 5724-Y48 5724-Y49 5724-Y54 5724-Y55 5655-Y21
Copyright IBM Corp. 1988, 2017.  All Rights Reserved.

Type 'help' for a list of available commands.
Type 'help' followed by a command name for more
information on commands.

CPLEX> Specified objective sense: MINIMIZE
Selected objective  name:  line[1]
Selected RHS        name:  RHS
Selected bound      name:  BOUND
Problem '/tmp/cmpl.T11819.mps' read.
Read time = 0.05 sec. (9.74 ticks)
CPLEX> CPXPARAM_Read_APIEncoding                        "UTF-8"
Tried aggregator 3 times.
MIP Presolve eliminated 18569 rows and 29637 columns.
MIP Presolve modified 917 coefficients.
Aggregator did 1318 substitutions.
Reduced MIP has 2723 rows, 5338 columns, and 17182 nonzeros.
Reduced MIP has 5170 binaries, 0 generals, 0 SOSs, and 0 indicators.
Presolve time = 0.06 sec. (56.17 ticks)
Found incumbent of value 35155.199744 after 0.11 sec. (95.56 ticks)
Probing time = 0.01 sec. (3.01 ticks)
Tried aggregator 1 time.
MIP Presolve eliminated 0 rows and 48 columns.
Reduced MIP has 2723 rows, 5290 columns, and 17086 nonzeros.
Reduced MIP has 5290 binaries, 0 generals, 0 SOSs, and 0 indicators.
Presolve time = 0.02 sec. (14.32 ticks)
Probing time = 0.01 sec. (3.14 ticks)
Clique table members: 3594.
MIP emphasis: balance optimality and feasibility.
MIP search method: dynamic search.
Parallel mode: none, using 1 thread.
Root relaxation solution time = 0.06 sec. (46.90 ticks)

        Nodes                                         Cuts/
   Node  Left     Objective  IInf  Best Integer    Best Bound    ItCnt     Gap

*     0+    0                        35155.1997        0.0000           100.00%
*     0     0      integral     0    15670.5835    15670.5835     2762    0.00%
Elapsed time = 0.21 sec. (174.82 ticks, tree = 0.00 MB, solutions = 2)

Root node processing (before b&c):
  Real time             =    0.21 sec. (176.22 ticks)
Sequential b&c:
  Real time             =    0.00 sec. (0.00 ticks)
                          ------------
Total (root+branch&cut) =    0.21 sec. (176.22 ticks)

Solution pool: 2 solutions saved.

MIP - Integer optimal solution:  Objective =  1.5670583452e+04
Solution time =    0.21 sec.  Iterations = 2762  Nodes = 0
Deterministic time = 176.33 ticks  (828.68 ticks/sec)

CPLEX> Incumbent solution written to file '/tmp/cmpl.T11819.gsol'.
CPLEX> 
CMPL: Time used for model generation: 1 seconds
CMPL: Time used for solving the model: 0 seconds


Solution written to ASCII file: ../results/output_generated_rate_0.8/2017-04-03-4/equal.sol

Solver - finished
