CMPL model generation - running

CMPL version: 1.11.0
Authors: Thomas Schleiff, Mike Steglich
Distributed under the GPLv3 

create model instance ...
write model instance ...
CMPL model generation - finished

Solver - running


Welcome to IBM(R) ILOG(R) CPLEX(R) Interactive Optimizer 12.7.1.0
  with Simplex, Mixed Integer & Barrier Optimizers
5725-A06 5725-A29 5724-Y48 5724-Y49 5724-Y54 5724-Y55 5655-Y21
Copyright IBM Corp. 1988, 2017.  All Rights Reserved.

Type 'help' for a list of available commands.
Type 'help' followed by a command name for more
information on commands.

CPLEX> Specified objective sense: MINIMIZE
Selected objective  name:  line[1]
Selected RHS        name:  RHS
Selected bound      name:  BOUND
Problem '/tmp/cmpl.T11769.mps' read.
Read time = 0.05 sec. (8.92 ticks)
CPLEX> CPXPARAM_Read_APIEncoding                        "UTF-8"
Tried aggregator 3 times.
MIP Presolve eliminated 18569 rows and 29297 columns.
MIP Presolve modified 389 coefficients.
Aggregator did 1318 substitutions.
Reduced MIP has 2553 rows, 4063 columns, and 11889 nonzeros.
Reduced MIP has 3895 binaries, 0 generals, 0 SOSs, and 0 indicators.
Presolve time = 0.05 sec. (45.77 ticks)
Found incumbent of value 36014.879834 after 0.10 sec. (87.56 ticks)
Probing time = 0.01 sec. (2.68 ticks)
Tried aggregator 2 times.
MIP Presolve eliminated 3 rows and 47 columns.
MIP Presolve modified 11 coefficients.
Aggregator did 2 substitutions.
Reduced MIP has 2548 rows, 4014 columns, and 11785 nonzeros.
Reduced MIP has 4014 binaries, 0 generals, 0 SOSs, and 0 indicators.
Presolve time = 0.02 sec. (14.53 ticks)
Probing time = 0.01 sec. (2.81 ticks)
Clique table members: 3443.
MIP emphasis: balance optimality and feasibility.
MIP search method: dynamic search.
Parallel mode: none, using 1 thread.
Root relaxation solution time = 0.02 sec. (17.38 ticks)

        Nodes                                         Cuts/
   Node  Left     Objective  IInf  Best Integer    Best Bound    ItCnt     Gap

*     0+    0                        36014.8798        0.0000           100.00%
*     0     0      integral     0    15660.3038    15660.3038     1184    0.00%
Elapsed time = 0.16 sec. (133.28 ticks, tree = 0.00 MB, solutions = 2)

Root node processing (before b&c):
  Real time             =    0.17 sec. (134.61 ticks)
Sequential b&c:
  Real time             =    0.00 sec. (0.00 ticks)
                          ------------
Total (root+branch&cut) =    0.17 sec. (134.61 ticks)

Solution pool: 2 solutions saved.

MIP - Integer optimal solution:  Objective =  1.5660303802e+04
Solution time =    0.17 sec.  Iterations = 1184  Nodes = 0
Deterministic time = 134.70 ticks  (815.04 ticks/sec)

CPLEX> Incumbent solution written to file '/tmp/cmpl.T11769.gsol'.
CPLEX> 
CMPL: Time used for model generation: 2 seconds
CMPL: Time used for solving the model: 0 seconds


Solution written to ASCII file: ../results/output_generated_rate_0.8/2017-04-03-4/unequal.sol

Solver - finished
