CMPL model generation - running

CMPL version: 1.11.0
Authors: Thomas Schleiff, Mike Steglich
Distributed under the GPLv3 

create model instance ...
write model instance ...
CMPL model generation - finished

Solver - running


Welcome to IBM(R) ILOG(R) CPLEX(R) Interactive Optimizer 12.7.1.0
  with Simplex, Mixed Integer & Barrier Optimizers
5725-A06 5725-A29 5724-Y48 5724-Y49 5724-Y54 5724-Y55 5655-Y21
Copyright IBM Corp. 1988, 2017.  All Rights Reserved.

Type 'help' for a list of available commands.
Type 'help' followed by a command name for more
information on commands.

CPLEX> Specified objective sense: MINIMIZE
Selected objective  name:  line[1]
Selected RHS        name:  RHS
Selected bound      name:  BOUND
Problem '/tmp/cmpl.T11242.mps' read.
Read time = 0.05 sec. (8.88 ticks)
CPLEX> CPXPARAM_Read_APIEncoding                        "UTF-8"
Tried aggregator 3 times.
MIP Presolve eliminated 18998 rows and 30149 columns.
MIP Presolve modified 340 coefficients.
Aggregator did 894 substitutions.
Reduced MIP has 2548 rows, 3635 columns, and 10601 nonzeros.
Reduced MIP has 3467 binaries, 0 generals, 0 SOSs, and 0 indicators.
Presolve time = 0.05 sec. (42.40 ticks)
Found incumbent of value 27192.896140 after 0.08 sec. (72.50 ticks)
Probing fixed 31 vars, tightened 0 bounds.
Probing time = 0.01 sec. (4.90 ticks)
Tried aggregator 1 time.
MIP Presolve eliminated 0 rows and 31 columns.
MIP Presolve modified 217 coefficients.
Reduced MIP has 2548 rows, 3604 columns, and 10539 nonzeros.
Reduced MIP has 3604 binaries, 0 generals, 0 SOSs, and 0 indicators.
Presolve time = 0.01 sec. (10.18 ticks)
Probing time = 0.01 sec. (2.72 ticks)
Clique table members: 6508.
MIP emphasis: balance optimality and feasibility.
MIP search method: dynamic search.
Parallel mode: none, using 1 thread.
Root relaxation solution time = 0.01 sec. (13.35 ticks)

        Nodes                                         Cuts/
   Node  Left     Objective  IInf  Best Integer    Best Bound    ItCnt     Gap

*     0+    0                        27192.8961        0.0000           100.00%
      0     0     7555.7210    40    27192.8961     7555.7210      677   72.21%
*     0     0      integral     0     7555.7223       Cuts: 2      678    0.00%
      0     0        cutoff           7555.7223     7555.7223      678    0.00%
Elapsed time = 0.16 sec. (137.63 ticks, tree = 0.01 MB, solutions = 2)

Zero-half cuts applied:  1
Gomory fractional cuts applied:  1

Root node processing (before b&c):
  Real time             =    0.16 sec. (138.97 ticks)
Sequential b&c:
  Real time             =    0.00 sec. (0.00 ticks)
                          ------------
Total (root+branch&cut) =    0.16 sec. (138.97 ticks)

Solution pool: 2 solutions saved.

MIP - Integer optimal solution:  Objective =  7.5557223290e+03
Solution time =    0.16 sec.  Iterations = 678  Nodes = 0
Deterministic time = 139.07 ticks  (845.17 ticks/sec)

CPLEX> Incumbent solution written to file '/tmp/cmpl.T11242.gsol'.
CPLEX> 
CMPL: Time used for model generation: 1 seconds
CMPL: Time used for solving the model: 1 seconds


Solution written to ASCII file: ../results/output_generated_rate_0.3/2017-02-06-4/unequal.sol

Solver - finished
