CMPL model generation - running

CMPL version: 1.11.0
Authors: Thomas Schleiff, Mike Steglich
Distributed under the GPLv3 

create model instance ...
write model instance ...
CMPL model generation - finished

Solver - running


Welcome to IBM(R) ILOG(R) CPLEX(R) Interactive Optimizer 12.7.1.0
  with Simplex, Mixed Integer & Barrier Optimizers
5725-A06 5725-A29 5724-Y48 5724-Y49 5724-Y54 5724-Y55 5655-Y21
Copyright IBM Corp. 1988, 2017.  All Rights Reserved.

Type 'help' for a list of available commands.
Type 'help' followed by a command name for more
information on commands.

CPLEX> Specified objective sense: MINIMIZE
Selected objective  name:  line[1]
Selected RHS        name:  RHS
Selected bound      name:  BOUND
Problem '/tmp/cmpl.T11927.mps' read.
Read time = 0.05 sec. (9.74 ticks)
CPLEX> CPXPARAM_Read_APIEncoding                        "UTF-8"
Tried aggregator 3 times.
MIP Presolve eliminated 18536 rows and 29571 columns.
MIP Presolve modified 958 coefficients.
Aggregator did 1351 substitutions.
Reduced MIP has 2723 rows, 5371 columns, and 17281 nonzeros.
Reduced MIP has 5203 binaries, 0 generals, 0 SOSs, and 0 indicators.
Presolve time = 0.06 sec. (56.41 ticks)
Found incumbent of value 36915.936231 after 0.12 sec. (94.39 ticks)
Probing time = 0.01 sec. (3.01 ticks)
Tried aggregator 1 time.
MIP Presolve eliminated 0 rows and 42 columns.
Reduced MIP has 2723 rows, 5329 columns, and 17197 nonzeros.
Reduced MIP has 5329 binaries, 0 generals, 0 SOSs, and 0 indicators.
Presolve time = 0.01 sec. (13.59 ticks)
Probing time = 0.01 sec. (3.15 ticks)
Clique table members: 3626.
MIP emphasis: balance optimality and feasibility.
MIP search method: dynamic search.
Parallel mode: none, using 1 thread.
Root relaxation solution time = 0.04 sec. (40.04 ticks)

        Nodes                                         Cuts/
   Node  Left     Objective  IInf  Best Integer    Best Bound    ItCnt     Gap

*     0+    0                        36915.9362        0.0000           100.00%
*     0     0      integral     0    16308.7270    16308.7270     2362    0.00%
Elapsed time = 0.21 sec. (165.56 ticks, tree = 0.00 MB, solutions = 2)

Root node processing (before b&c):
  Real time             =    0.21 sec. (166.97 ticks)
Sequential b&c:
  Real time             =    0.00 sec. (0.00 ticks)
                          ------------
Total (root+branch&cut) =    0.21 sec. (166.97 ticks)

Solution pool: 2 solutions saved.

MIP - Integer optimal solution:  Objective =  1.6308727044e+04
Solution time =    0.21 sec.  Iterations = 2362  Nodes = 0
Deterministic time = 167.07 ticks  (797.98 ticks/sec)

CPLEX> Incumbent solution written to file '/tmp/cmpl.T11927.gsol'.
CPLEX> 
CMPL: Time used for model generation: 1 seconds
CMPL: Time used for solving the model: 0 seconds


Solution written to ASCII file: ../results/output_generated_rate_0.9/2017-06-05-4/equal.sol

Solver - finished
