CMPL model generation - running

CMPL version: 1.11.0
Authors: Thomas Schleiff, Mike Steglich
Distributed under the GPLv3 

create model instance ...
write model instance ...
CMPL model generation - finished

Solver - running


Welcome to IBM(R) ILOG(R) CPLEX(R) Interactive Optimizer 12.7.1.0
  with Simplex, Mixed Integer & Barrier Optimizers
5725-A06 5725-A29 5724-Y48 5724-Y49 5724-Y54 5724-Y55 5655-Y21
Copyright IBM Corp. 1988, 2017.  All Rights Reserved.

Type 'help' for a list of available commands.
Type 'help' followed by a command name for more
information on commands.

CPLEX> Specified objective sense: MINIMIZE
Selected objective  name:  line[1]
Selected RHS        name:  RHS
Selected bound      name:  BOUND
Problem '/tmp/cmpl.T11887.mps' read.
Read time = 0.07 sec. (12.03 ticks)
CPLEX> CPXPARAM_Read_APIEncoding                        "UTF-8"
Tried aggregator 3 times.
MIP Presolve eliminated 23142 rows and 35775 columns.
MIP Presolve modified 1033 coefficients.
Aggregator did 1680 substitutions.
Reduced MIP has 3355 rows, 6700 columns, and 21749 nonzeros.
Reduced MIP has 6490 binaries, 0 generals, 0 SOSs, and 0 indicators.
Presolve time = 0.07 sec. (66.05 ticks)
Found incumbent of value 43590.000000 after 0.13 sec. (116.46 ticks)
Probing time = 0.01 sec. (3.18 ticks)
Tried aggregator 1 time.
MIP Presolve eliminated 0 rows and 53 columns.
Reduced MIP has 3355 rows, 6647 columns, and 21643 nonzeros.
Reduced MIP has 6647 binaries, 0 generals, 0 SOSs, and 0 indicators.
Presolve time = 0.02 sec. (18.51 ticks)
Probing time = 0.01 sec. (3.38 ticks)
Clique table members: 4440.
MIP emphasis: balance optimality and feasibility.
MIP search method: dynamic search.
Parallel mode: none, using 1 thread.
Root relaxation solution time = 0.06 sec. (60.23 ticks)

        Nodes                                         Cuts/
   Node  Left     Objective  IInf  Best Integer    Best Bound    ItCnt     Gap

*     0+    0                        43590.0000        0.0000           100.00%
*     0     0      integral     0    18231.2572    18231.2572     3385    0.00%
Elapsed time = 0.25 sec. (215.46 ticks, tree = 0.00 MB, solutions = 2)

Root node processing (before b&c):
  Real time             =    0.25 sec. (217.18 ticks)
Sequential b&c:
  Real time             =    0.00 sec. (0.00 ticks)
                          ------------
Total (root+branch&cut) =    0.25 sec. (217.18 ticks)

Solution pool: 2 solutions saved.

MIP - Integer optimal solution:  Objective =  1.8231257168e+04
Solution time =    0.25 sec.  Iterations = 3385  Nodes = 0
Deterministic time = 217.30 ticks  (862.61 ticks/sec)

CPLEX> Incumbent solution written to file '/tmp/cmpl.T11887.gsol'.
CPLEX> 
CMPL: Time used for model generation: 1 seconds
CMPL: Time used for solving the model: 1 seconds


Solution written to ASCII file: ../results/output_generated_rate_0.9/2015-11-02-5/equal.sol

Solver - finished
