CMPL model generation - running

CMPL version: 1.11.0
Authors: Thomas Schleiff, Mike Steglich
Distributed under the GPLv3 

create model instance ...
write model instance ...
CMPL model generation - finished

Solver - running


Welcome to IBM(R) ILOG(R) CPLEX(R) Interactive Optimizer 12.7.1.0
  with Simplex, Mixed Integer & Barrier Optimizers
5725-A06 5725-A29 5724-Y48 5724-Y49 5724-Y54 5724-Y55 5655-Y21
Copyright IBM Corp. 1988, 2017.  All Rights Reserved.

Type 'help' for a list of available commands.
Type 'help' followed by a command name for more
information on commands.

CPLEX> Specified objective sense: MINIMIZE
Selected objective  name:  line[1]
Selected RHS        name:  RHS
Selected bound      name:  BOUND
Problem '/tmp/cmpl.T10103.mps' read.
Read time = 0.05 sec. (9.66 ticks)
CPLEX> CPXPARAM_Read_APIEncoding                        "UTF-8"
Tried aggregator 3 times.
MIP Presolve eliminated 19354 rows and 31177 columns.
MIP Presolve modified 444 coefficients.
Aggregator did 603 substitutions.
Reduced MIP has 2653 rows, 4513 columns, and 14743 nonzeros.
Reduced MIP has 4345 binaries, 0 generals, 0 SOSs, and 0 indicators.
Presolve time = 0.06 sec. (50.20 ticks)
Probing fixed 6 vars, tightened 0 bounds.
Probing time = 0.01 sec. (7.55 ticks)
Tried aggregator 1 time.
MIP Presolve eliminated 0 rows and 6 columns.
MIP Presolve modified 26 coefficients.
Reduced MIP has 2653 rows, 4507 columns, and 14731 nonzeros.
Reduced MIP has 4507 binaries, 0 generals, 0 SOSs, and 0 indicators.
Presolve time = 0.01 sec. (10.76 ticks)
Probing time = 0.01 sec. (2.99 ticks)
Clique table members: 9255.
MIP emphasis: balance optimality and feasibility.
MIP search method: dynamic search.
Parallel mode: none, using 1 thread.
Root relaxation solution time = 0.01 sec. (14.43 ticks)

        Nodes                                         Cuts/
   Node  Left     Objective  IInf  Best Integer    Best Bound    ItCnt     Gap

      0     0      952.2477    19                    952.2477      832         
*     0+    0                         1289.6650      952.2477            26.16%
*     0+    0                          957.6763      952.2477             0.57%
      0     0      957.2234     1      957.6763      Cuts: 12      838    0.05%
*     0+    0                          957.5068      957.2234             0.03%
      0     0        cutoff            957.5068                    838    0.00%
Elapsed time = 0.19 sec. (166.78 ticks, tree = 0.01 MB, solutions = 3)

Cover cuts applied:  8
Gomory fractional cuts applied:  4

Root node processing (before b&c):
  Real time             =    0.19 sec. (168.46 ticks)
Sequential b&c:
  Real time             =    0.00 sec. (0.00 ticks)
                          ------------
Total (root+branch&cut) =    0.19 sec. (168.46 ticks)

Solution pool: 3 solutions saved.

MIP - Integer optimal solution:  Objective =  9.5750678200e+02
Solution time =    0.19 sec.  Iterations = 838  Nodes = 0
Deterministic time = 168.56 ticks  (871.57 ticks/sec)

CPLEX> Incumbent solution written to file '/tmp/cmpl.T10103.gsol'.
CPLEX> 
CMPL: Time used for model generation: 1 seconds
CMPL: Time used for solving the model: 1 seconds


Solution written to ASCII file: ../results/output_generated_conf_0.3/2017-09-04-4/equal.sol

Solver - finished
