CMPL model generation - running

CMPL version: 1.11.0
Authors: Thomas Schleiff, Mike Steglich
Distributed under the GPLv3 

create model instance ...
write model instance ...
CMPL model generation - finished

Solver - running


Welcome to IBM(R) ILOG(R) CPLEX(R) Interactive Optimizer 12.7.1.0
  with Simplex, Mixed Integer & Barrier Optimizers
5725-A06 5725-A29 5724-Y48 5724-Y49 5724-Y54 5724-Y55 5655-Y21
Copyright IBM Corp. 1988, 2017.  All Rights Reserved.

Type 'help' for a list of available commands.
Type 'help' followed by a command name for more
information on commands.

CPLEX> Specified objective sense: MINIMIZE
Selected objective  name:  line[1]
Selected RHS        name:  RHS
Selected bound      name:  BOUND
Problem '/tmp/cmpl.T10053.mps' read.
Read time = 0.05 sec. (8.85 ticks)
CPLEX> CPXPARAM_Read_APIEncoding                        "UTF-8"
Tried aggregator 3 times.
MIP Presolve eliminated 19354 rows and 30837 columns.
MIP Presolve modified 340 coefficients.
Aggregator did 603 substitutions.
Reduced MIP has 2483 rows, 3238 columns, and 9450 nonzeros.
Reduced MIP has 3070 binaries, 0 generals, 0 SOSs, and 0 indicators.
Presolve time = 0.05 sec. (41.53 ticks)
Found incumbent of value 4247.559779 after 0.07 sec. (57.87 ticks)
Probing fixed 6 vars, tightened 0 bounds.
Probing time = 0.01 sec. (4.20 ticks)
Tried aggregator 1 time.
MIP Presolve eliminated 0 rows and 6 columns.
MIP Presolve modified 26 coefficients.
Reduced MIP has 2483 rows, 3232 columns, and 9438 nonzeros.
Reduced MIP has 3232 binaries, 0 generals, 0 SOSs, and 0 indicators.
Presolve time = 0.01 sec. (8.07 ticks)
Probing time = 0.01 sec. (2.66 ticks)
Clique table members: 5813.
MIP emphasis: balance optimality and feasibility.
MIP search method: dynamic search.
Parallel mode: none, using 1 thread.
Root relaxation solution time = 0.00 sec. (4.43 ticks)

        Nodes                                         Cuts/
   Node  Left     Objective  IInf  Best Integer    Best Bound    ItCnt     Gap

*     0+    0                         4247.5598     -502.6289           111.83%
      0     0      939.6677    19     4247.5598      939.6677       95   77.88%
*     0+    0                         1316.7920      939.6677            28.64%
*     0+    0                          945.0962      939.6677             0.57%
*     0     0      integral     0      944.8696      Cuts: 18      101    0.00%
      0     0        cutoff            944.8696      944.8696      101    0.00%
Elapsed time = 0.12 sec. (98.57 ticks, tree = 0.01 MB, solutions = 4)

Clique cuts applied:  6
Cover cuts applied:  8
Gomory fractional cuts applied:  4

Root node processing (before b&c):
  Real time             =    0.12 sec. (100.33 ticks)
Sequential b&c:
  Real time             =    0.00 sec. (0.00 ticks)
                          ------------
Total (root+branch&cut) =    0.12 sec. (100.33 ticks)

Solution pool: 4 solutions saved.

MIP - Integer optimal solution:  Objective =  9.4486958600e+02
Solution time =    0.12 sec.  Iterations = 101  Nodes = 0
Deterministic time = 100.43 ticks  (831.51 ticks/sec)

CPLEX> Incumbent solution written to file '/tmp/cmpl.T10053.gsol'.
CPLEX> 
CMPL: Time used for model generation: 1 seconds
CMPL: Time used for solving the model: 0 seconds


Solution written to ASCII file: ../results/output_generated_conf_0.3/2017-09-04-4/unequal.sol

Solver - finished
