CMPL model generation - running

CMPL version: 1.11.0
Authors: Thomas Schleiff, Mike Steglich
Distributed under the GPLv3 

create model instance ...
write model instance ...
CMPL model generation - finished

Solver - running


Welcome to IBM(R) ILOG(R) CPLEX(R) Interactive Optimizer 12.7.1.0
  with Simplex, Mixed Integer & Barrier Optimizers
5725-A06 5725-A29 5724-Y48 5724-Y49 5724-Y54 5724-Y55 5655-Y21
Copyright IBM Corp. 1988, 2017.  All Rights Reserved.

Type 'help' for a list of available commands.
Type 'help' followed by a command name for more
information on commands.

CPLEX> Specified objective sense: MINIMIZE
Selected objective  name:  line[1]
Selected RHS        name:  RHS
Selected bound      name:  BOUND
Problem '/tmp/cmpl.T11608.mps' read.
Read time = 0.05 sec. (9.73 ticks)
CPLEX> CPXPARAM_Read_APIEncoding                        "UTF-8"
Tried aggregator 3 times.
MIP Presolve eliminated 18683 rows and 29859 columns.
MIP Presolve modified 852 coefficients.
Aggregator did 1209 substitutions.
Reduced MIP has 2718 rows, 5225 columns, and 16839 nonzeros.
Reduced MIP has 5057 binaries, 0 generals, 0 SOSs, and 0 indicators.
Presolve time = 0.06 sec. (54.71 ticks)
Found incumbent of value 33201.689163 after 0.10 sec. (92.30 ticks)
Probing time = 0.01 sec. (3.03 ticks)
Tried aggregator 1 time.
MIP Presolve eliminated 0 rows and 28 columns.
Reduced MIP has 2718 rows, 5197 columns, and 16783 nonzeros.
Reduced MIP has 5197 binaries, 0 generals, 0 SOSs, and 0 indicators.
Presolve time = 0.01 sec. (12.79 ticks)
Probing time = 0.01 sec. (3.14 ticks)
Clique table members: 3417.
MIP emphasis: balance optimality and feasibility.
MIP search method: dynamic search.
Parallel mode: none, using 1 thread.
Root relaxation solution time = 0.04 sec. (35.96 ticks)

        Nodes                                         Cuts/
   Node  Left     Objective  IInf  Best Integer    Best Bound    ItCnt     Gap

*     0+    0                        33201.6892        0.0000           100.00%
      0     0    13528.0900    14    33201.6892    13528.0900     2172   59.25%
*     0+    0                        13528.0900    13528.0900             0.00%
      0     0        cutoff          13528.0900    13528.0900     2172    0.00%
Elapsed time = 0.19 sec. (162.26 ticks, tree = 0.01 MB, solutions = 2)

Root node processing (before b&c):
  Real time             =    0.19 sec. (163.67 ticks)
Sequential b&c:
  Real time             =    0.00 sec. (0.00 ticks)
                          ------------
Total (root+branch&cut) =    0.19 sec. (163.67 ticks)

Solution pool: 2 solutions saved.

MIP - Integer optimal solution:  Objective =  1.3528089969e+04
Solution time =    0.19 sec.  Iterations = 2172  Nodes = 0
Deterministic time = 163.77 ticks  (848.20 ticks/sec)

CPLEX> Incumbent solution written to file '/tmp/cmpl.T11608.gsol'.
CPLEX> 
CMPL: Time used for model generation: 1 seconds
CMPL: Time used for solving the model: 1 seconds


Solution written to ASCII file: ../results/output_generated_rate_0.6/2017-04-03-4/equal.sol

Solver - finished
