CMPL model generation - running

CMPL version: 1.11.0
Authors: Thomas Schleiff, Mike Steglich
Distributed under the GPLv3 

create model instance ...
write model instance ...
CMPL model generation - finished

Solver - running


Welcome to IBM(R) ILOG(R) CPLEX(R) Interactive Optimizer 12.7.1.0
  with Simplex, Mixed Integer & Barrier Optimizers
5725-A06 5725-A29 5724-Y48 5724-Y49 5724-Y54 5724-Y55 5655-Y21
Copyright IBM Corp. 1988, 2017.  All Rights Reserved.

Type 'help' for a list of available commands.
Type 'help' followed by a command name for more
information on commands.

CPLEX> Specified objective sense: MINIMIZE
Selected objective  name:  line[1]
Selected RHS        name:  RHS
Selected bound      name:  BOUND
Problem '/tmp/cmpl.T11558.mps' read.
Read time = 0.05 sec. (8.91 ticks)
CPLEX> CPXPARAM_Read_APIEncoding                        "UTF-8"
Tried aggregator 3 times.
MIP Presolve eliminated 18683 rows and 29519 columns.
MIP Presolve modified 340 coefficients.
Aggregator did 1209 substitutions.
Reduced MIP has 2548 rows, 3950 columns, and 11546 nonzeros.
Reduced MIP has 3782 binaries, 0 generals, 0 SOSs, and 0 indicators.
Presolve time = 0.05 sec. (43.33 ticks)
Found incumbent of value 34060.060916 after 0.10 sec. (80.24 ticks)
Probing time = 0.01 sec. (2.70 ticks)
Tried aggregator 1 time.
MIP Presolve eliminated 0 rows and 28 columns.
Reduced MIP has 2548 rows, 3922 columns, and 11490 nonzeros.
Reduced MIP has 3922 binaries, 0 generals, 0 SOSs, and 0 indicators.
Presolve time = 0.01 sec. (9.79 ticks)
Probing time = 0.01 sec. (2.81 ticks)
Clique table members: 3332.
MIP emphasis: balance optimality and feasibility.
MIP search method: dynamic search.
Parallel mode: none, using 1 thread.
Root relaxation solution time = 0.02 sec. (16.12 ticks)

        Nodes                                         Cuts/
   Node  Left     Objective  IInf  Best Integer    Best Bound    ItCnt     Gap

*     0+    0                        34060.0609        0.0000           100.00%
*     0     0      integral     0    13517.2429    13517.2429      993    0.00%
Elapsed time = 0.15 sec. (119.74 ticks, tree = 0.00 MB, solutions = 2)

Root node processing (before b&c):
  Real time             =    0.15 sec. (121.06 ticks)
Sequential b&c:
  Real time             =    0.00 sec. (0.00 ticks)
                          ------------
Total (root+branch&cut) =    0.15 sec. (121.06 ticks)

Solution pool: 2 solutions saved.

MIP - Integer optimal solution:  Objective =  1.3517242930e+04
Solution time =    0.15 sec.  Iterations = 993  Nodes = 0
Deterministic time = 121.16 ticks  (817.14 ticks/sec)

CPLEX> Incumbent solution written to file '/tmp/cmpl.T11558.gsol'.
CPLEX> 
CMPL: Time used for model generation: 0 seconds
CMPL: Time used for solving the model: 1 seconds


Solution written to ASCII file: ../results/output_generated_rate_0.6/2017-04-03-4/unequal.sol

Solver - finished
