CMPL model generation - running

CMPL version: 1.11.0
Authors: Thomas Schleiff, Mike Steglich
Distributed under the GPLv3 

create model instance ...
write model instance ...
CMPL model generation - finished

Solver - running


Welcome to IBM(R) ILOG(R) CPLEX(R) Interactive Optimizer 12.7.1.0
  with Simplex, Mixed Integer & Barrier Optimizers
5725-A06 5725-A29 5724-Y48 5724-Y49 5724-Y54 5724-Y55 5655-Y21
Copyright IBM Corp. 1988, 2017.  All Rights Reserved.

Type 'help' for a list of available commands.
Type 'help' followed by a command name for more
information on commands.

CPLEX> Specified objective sense: MINIMIZE
Selected objective  name:  line[1]
Selected RHS        name:  RHS
Selected bound      name:  BOUND
Problem '/tmp/cmpl.XM9693.mps' read.
Read time = 0.05 sec. (8.85 ticks)
CPLEX> CPXPARAM_Read_APIEncoding                        "UTF-8"
Tried aggregator 3 times.
MIP Presolve eliminated 19410 rows and 30934 columns.
MIP Presolve modified 340 coefficients.
Aggregator did 565 substitutions.
Reduced MIP has 2465 rows, 3179 columns, and 9293 nonzeros.
Reduced MIP has 3011 binaries, 0 generals, 0 SOSs, and 0 indicators.
Presolve time = 0.05 sec. (41.39 ticks)
Found incumbent of value 2624.308571 after 0.06 sec. (54.02 ticks)
Probing fixed 5 vars, tightened 0 bounds.
Probing time = 0.01 sec. (4.03 ticks)
Tried aggregator 1 time.
MIP Presolve eliminated 0 rows and 5 columns.
MIP Presolve modified 20 coefficients.
Reduced MIP has 2465 rows, 3174 columns, and 9283 nonzeros.
Reduced MIP has 3174 binaries, 0 generals, 0 SOSs, and 0 indicators.
Presolve time = 0.01 sec. (8.01 ticks)
Probing time = 0.01 sec. (2.66 ticks)
Clique table members: 5267.
MIP emphasis: balance optimality and feasibility.
MIP search method: dynamic search.
Parallel mode: none, using 1 thread.
Root relaxation solution time = 0.00 sec. (4.19 ticks)

        Nodes                                         Cuts/
   Node  Left     Objective  IInf  Best Integer    Best Bound    ItCnt     Gap

*     0+    0                         2624.3086     -454.6286           117.32%
      0     0       86.5029    23     2624.3086       86.5029       65   96.70%
*     0+    0                          534.5600       86.5029            83.82%
*     0+    0                           93.0743       86.5029             7.06%
      0     0        cutoff             93.0743                     65    0.00%
Elapsed time = 0.11 sec. (86.22 ticks, tree = 0.01 MB, solutions = 3)

Root node processing (before b&c):
  Real time             =    0.11 sec. (87.75 ticks)
Sequential b&c:
  Real time             =    0.00 sec. (0.00 ticks)
                          ------------
Total (root+branch&cut) =    0.11 sec. (87.75 ticks)

Solution pool: 3 solutions saved.

MIP - Integer optimal solution:  Objective =  9.3074286000e+01
Solution time =    0.11 sec.  Iterations = 65  Nodes = 0
Deterministic time = 87.85 ticks  (807.44 ticks/sec)

CPLEX> Incumbent solution written to file '/tmp/cmpl.XM9693.gsol'.
CPLEX> 
CMPL: Time used for model generation: 1 seconds
CMPL: Time used for solving the model: 1 seconds


Solution written to ASCII file: ../results/output_generated_conf_0/2015-12-07-4/unequal.sol

Solver - finished
