CMPL model generation - running

CMPL version: 1.11.0
Authors: Thomas Schleiff, Mike Steglich
Distributed under the GPLv3 

create model instance ...
write model instance ...
CMPL model generation - finished

Solver - running


Welcome to IBM(R) ILOG(R) CPLEX(R) Interactive Optimizer 12.7.1.0
  with Simplex, Mixed Integer & Barrier Optimizers
5725-A06 5725-A29 5724-Y48 5724-Y49 5724-Y54 5724-Y55 5655-Y21
Copyright IBM Corp. 1988, 2017.  All Rights Reserved.

Type 'help' for a list of available commands.
Type 'help' followed by a command name for more
information on commands.

CPLEX> Specified objective sense: MINIMIZE
Selected objective  name:  line[1]
Selected RHS        name:  RHS
Selected bound      name:  BOUND
Problem '/tmp/cmpl.T11909.mps' read.
Read time = 0.05 sec. (9.74 ticks)
CPLEX> CPXPARAM_Read_APIEncoding                        "UTF-8"
Tried aggregator 3 times.
MIP Presolve eliminated 18527 rows and 29555 columns.
MIP Presolve modified 957 coefficients.
Aggregator did 1359 substitutions.
Reduced MIP has 2724 rows, 5379 columns, and 17309 nonzeros.
Reduced MIP has 5211 binaries, 0 generals, 0 SOSs, and 0 indicators.
Presolve time = 0.06 sec. (56.44 ticks)
Found incumbent of value 36337.608935 after 0.11 sec. (96.60 ticks)
Probing time = 0.01 sec. (3.01 ticks)
Tried aggregator 1 time.
MIP Presolve eliminated 0 rows and 46 columns.
Reduced MIP has 2724 rows, 5333 columns, and 17217 nonzeros.
Reduced MIP has 5333 binaries, 0 generals, 0 SOSs, and 0 indicators.
Presolve time = 0.02 sec. (14.45 ticks)
Probing time = 0.01 sec. (3.14 ticks)
Clique table members: 3638.
MIP emphasis: balance optimality and feasibility.
MIP search method: dynamic search.
Parallel mode: none, using 1 thread.
Root relaxation solution time = 0.03 sec. (34.46 ticks)

        Nodes                                         Cuts/
   Node  Left     Objective  IInf  Best Integer    Best Bound    ItCnt     Gap

*     0+    0                        36337.6089        0.0000           100.00%
*     0     0      integral     0    16463.0421    16463.0421     1840    0.00%
Elapsed time = 0.19 sec. (163.06 ticks, tree = 0.00 MB, solutions = 2)

Root node processing (before b&c):
  Real time             =    0.19 sec. (164.47 ticks)
Sequential b&c:
  Real time             =    0.00 sec. (0.00 ticks)
                          ------------
Total (root+branch&cut) =    0.19 sec. (164.47 ticks)

Solution pool: 2 solutions saved.

MIP - Integer optimal solution:  Objective =  1.6463042105e+04
Solution time =    0.19 sec.  Iterations = 1840  Nodes = 0
Deterministic time = 164.57 ticks  (857.23 ticks/sec)

CPLEX> Incumbent solution written to file '/tmp/cmpl.T11909.gsol'.
CPLEX> 
CMPL: Time used for model generation: 1 seconds
CMPL: Time used for solving the model: 1 seconds


Solution written to ASCII file: ../results/output_generated_rate_0.9/2016-09-05-4/equal.sol

Solver - finished
