CMPL model generation - running

CMPL version: 1.11.0
Authors: Thomas Schleiff, Mike Steglich
Distributed under the GPLv3 

create model instance ...
write model instance ...
CMPL model generation - finished

Solver - running


Welcome to IBM(R) ILOG(R) CPLEX(R) Interactive Optimizer 12.7.1.0
  with Simplex, Mixed Integer & Barrier Optimizers
5725-A06 5725-A29 5724-Y48 5724-Y49 5724-Y54 5724-Y55 5655-Y21
Copyright IBM Corp. 1988, 2017.  All Rights Reserved.

Type 'help' for a list of available commands.
Type 'help' followed by a command name for more
information on commands.

CPLEX> Specified objective sense: MINIMIZE
Selected objective  name:  line[1]
Selected RHS        name:  RHS
Selected bound      name:  BOUND
Problem '/tmp/cmpl.T10101.mps' read.
Read time = 0.05 sec. (9.66 ticks)
CPLEX> CPXPARAM_Read_APIEncoding                        "UTF-8"
Tried aggregator 3 times.
MIP Presolve eliminated 19347 rows and 31172 columns.
MIP Presolve modified 444 coefficients.
Aggregator did 613 substitutions.
Reduced MIP has 2650 rows, 4508 columns, and 14736 nonzeros.
Reduced MIP has 4340 binaries, 0 generals, 0 SOSs, and 0 indicators.
Presolve time = 0.06 sec. (51.96 ticks)
Probing fixed 6 vars, tightened 0 bounds.
Probing time = 0.01 sec. (7.53 ticks)
Tried aggregator 1 time.
MIP Presolve eliminated 0 rows and 6 columns.
MIP Presolve modified 29 coefficients.
Reduced MIP has 2650 rows, 4502 columns, and 14724 nonzeros.
Reduced MIP has 4502 binaries, 0 generals, 0 SOSs, and 0 indicators.
Presolve time = 0.01 sec. (10.71 ticks)
Probing time = 0.01 sec. (2.99 ticks)
Clique table members: 9242.
MIP emphasis: balance optimality and feasibility.
MIP search method: dynamic search.
Parallel mode: none, using 1 thread.
Root relaxation solution time = 0.01 sec. (14.94 ticks)

        Nodes                                         Cuts/
   Node  Left     Objective  IInf  Best Integer    Best Bound    ItCnt     Gap

      0     0     1025.1921    17                   1025.1921      831         
*     0+    0                         1343.4676     1025.1921            23.69%
*     0+    0                         1030.0492     1025.1921             0.47%
      0     0     1029.7648     1     1030.0492       Cuts: 7      835    0.03%
      0     0        cutoff           1030.0492     1029.7648      835    0.03%
Elapsed time = 0.19 sec. (166.32 ticks, tree = 0.01 MB, solutions = 2)

GUB cover cuts applied:  1
Clique cuts applied:  1
Cover cuts applied:  3
Gomory fractional cuts applied:  2

Root node processing (before b&c):
  Real time             =    0.19 sec. (167.76 ticks)
Sequential b&c:
  Real time             =    0.00 sec. (0.00 ticks)
                          ------------
Total (root+branch&cut) =    0.19 sec. (167.76 ticks)

Solution pool: 2 solutions saved.

MIP - Integer optimal solution:  Objective =  1.0300492380e+03
Solution time =    0.19 sec.  Iterations = 835  Nodes = 0
Deterministic time = 167.86 ticks  (875.28 ticks/sec)

CPLEX> Incumbent solution written to file '/tmp/cmpl.T10101.gsol'.
CPLEX> 
CMPL: Time used for model generation: 1 seconds
CMPL: Time used for solving the model: 1 seconds


Solution written to ASCII file: ../results/output_generated_conf_0.3/2017-08-07-4/equal.sol

Solver - finished
