CMPL model generation - running

CMPL version: 1.11.0
Authors: Thomas Schleiff, Mike Steglich
Distributed under the GPLv3 

create model instance ...
write model instance ...
CMPL model generation - finished

Solver - running


Welcome to IBM(R) ILOG(R) CPLEX(R) Interactive Optimizer 12.7.1.0
  with Simplex, Mixed Integer & Barrier Optimizers
5725-A06 5725-A29 5724-Y48 5724-Y49 5724-Y54 5724-Y55 5655-Y21
Copyright IBM Corp. 1988, 2017.  All Rights Reserved.

Type 'help' for a list of available commands.
Type 'help' followed by a command name for more
information on commands.

CPLEX> Specified objective sense: MINIMIZE
Selected objective  name:  line[1]
Selected RHS        name:  RHS
Selected bound      name:  BOUND
Problem '/tmp/cmpl.XM9790.mps' read.
Read time = 0.05 sec. (9.66 ticks)
CPLEX> CPXPARAM_Read_APIEncoding                        "UTF-8"
Tried aggregator 3 times.
MIP Presolve eliminated 19407 rows and 31273 columns.
MIP Presolve modified 417 coefficients.
Aggregator did 576 substitutions.
Reduced MIP has 2627 rows, 4444 columns, and 14572 nonzeros.
Reduced MIP has 4276 binaries, 0 generals, 0 SOSs, and 0 indicators.
Presolve time = 0.05 sec. (49.79 ticks)
Probing fixed 6 vars, tightened 0 bounds.
Probing time = 0.01 sec. (7.30 ticks)
Tried aggregator 1 time.
MIP Presolve eliminated 1 rows and 6 columns.
MIP Presolve modified 23 coefficients.
Reduced MIP has 2626 rows, 4438 columns, and 14556 nonzeros.
Reduced MIP has 4438 binaries, 0 generals, 0 SOSs, and 0 indicators.
Presolve time = 0.01 sec. (11.97 ticks)
Probing time = 0.01 sec. (3.00 ticks)
Clique table members: 8115.
MIP emphasis: balance optimality and feasibility.
MIP search method: dynamic search.
Parallel mode: none, using 1 thread.
Root relaxation solution time = 0.02 sec. (17.57 ticks)

        Nodes                                         Cuts/
   Node  Left     Objective  IInf  Best Integer    Best Bound    ItCnt     Gap

      0     0      142.3844    20                    142.3844      929         
*     0+    0                          148.0987      142.3844             3.86%
      0     0        cutoff            148.0987                    929    0.00%
Elapsed time = 0.19 sec. (165.64 ticks, tree = 0.01 MB, solutions = 1)

Root node processing (before b&c):
  Real time             =    0.19 sec. (166.83 ticks)
Sequential b&c:
  Real time             =    0.00 sec. (0.00 ticks)
                          ------------
Total (root+branch&cut) =    0.19 sec. (166.83 ticks)

Solution pool: 1 solution saved.

MIP - Integer optimal solution:  Objective =  1.4809865500e+02
Solution time =    0.19 sec.  Iterations = 929  Nodes = 0
Deterministic time = 166.93 ticks  (861.15 ticks/sec)

CPLEX> Incumbent solution written to file '/tmp/cmpl.XM9790.gsol'.
CPLEX> 
CMPL: Time used for model generation: 1 seconds
CMPL: Time used for solving the model: 1 seconds


Solution written to ASCII file: ../results/output_generated_conf_0/2017-09-04-4/equal.sol

Solver - finished
