CMPL model generation - running

CMPL version: 1.11.0
Authors: Thomas Schleiff, Mike Steglich
Distributed under the GPLv3 

create model instance ...
write model instance ...
CMPL model generation - finished

Solver - running


Welcome to IBM(R) ILOG(R) CPLEX(R) Interactive Optimizer 12.7.1.0
  with Simplex, Mixed Integer & Barrier Optimizers
5725-A06 5725-A29 5724-Y48 5724-Y49 5724-Y54 5724-Y55 5655-Y21
Copyright IBM Corp. 1988, 2017.  All Rights Reserved.

Type 'help' for a list of available commands.
Type 'help' followed by a command name for more
information on commands.

CPLEX> Specified objective sense: MINIMIZE
Selected objective  name:  line[1]
Selected RHS        name:  RHS
Selected bound      name:  BOUND
Problem '/tmp/cmpl.XM9739.mps' read.
Read time = 0.05 sec. (8.85 ticks)
CPLEX> CPXPARAM_Read_APIEncoding                        "UTF-8"
Tried aggregator 3 times.
MIP Presolve eliminated 19408 rows and 30933 columns.
MIP Presolve modified 340 coefficients.
Aggregator did 576 substitutions.
Reduced MIP has 2456 rows, 3169 columns, and 9275 nonzeros.
Reduced MIP has 3001 binaries, 0 generals, 0 SOSs, and 0 indicators.
Presolve time = 0.05 sec. (41.38 ticks)
Found incumbent of value 4314.101140 after 0.07 sec. (57.67 ticks)
Probing fixed 6 vars, tightened 0 bounds.
Probing time = 0.01 sec. (3.97 ticks)
Tried aggregator 1 time.
MIP Presolve eliminated 0 rows and 6 columns.
MIP Presolve modified 20 coefficients.
Reduced MIP has 2456 rows, 3163 columns, and 9263 nonzeros.
Reduced MIP has 3163 binaries, 0 generals, 0 SOSs, and 0 indicators.
Presolve time = 0.01 sec. (7.94 ticks)
Probing time = 0.01 sec. (2.67 ticks)
Clique table members: 5142.
MIP emphasis: balance optimality and feasibility.
MIP search method: dynamic search.
Parallel mode: none, using 1 thread.
Root relaxation solution time = 0.00 sec. (4.17 ticks)

        Nodes                                         Cuts/
   Node  Left     Objective  IInf  Best Integer    Best Bound    ItCnt     Gap

*     0+    0                         4314.1011     -403.2983           109.35%
      0     0      129.0701    20     4314.1011      129.0701       57   97.01%
*     0+    0                          564.4688      129.0701            77.13%
*     0+    0                          134.7844      129.0701             4.24%
      0     0        cutoff            134.7844                     57    0.00%
Elapsed time = 0.13 sec. (90.17 ticks, tree = 0.01 MB, solutions = 3)

Root node processing (before b&c):
  Real time             =    0.13 sec. (91.70 ticks)
Sequential b&c:
  Real time             =    0.00 sec. (0.00 ticks)
                          ------------
Total (root+branch&cut) =    0.13 sec. (91.70 ticks)

Solution pool: 3 solutions saved.

MIP - Integer optimal solution:  Objective =  1.3478437100e+02
Solution time =    0.13 sec.  Iterations = 57  Nodes = 0
Deterministic time = 91.80 ticks  (713.51 ticks/sec)

CPLEX> Incumbent solution written to file '/tmp/cmpl.XM9739.gsol'.
CPLEX> 
CMPL: Time used for model generation: 1 seconds
CMPL: Time used for solving the model: 1 seconds


Solution written to ASCII file: ../results/output_generated_conf_0/2017-09-04-4/unequal.sol

Solver - finished
