CMPL model generation - running

CMPL version: 1.11.0
Authors: Thomas Schleiff, Mike Steglich
Distributed under the GPLv3 

create model instance ...
write model instance ...
CMPL model generation - finished

Solver - running


Welcome to IBM(R) ILOG(R) CPLEX(R) Interactive Optimizer 12.7.1.0
  with Simplex, Mixed Integer & Barrier Optimizers
5725-A06 5725-A29 5724-Y48 5724-Y49 5724-Y54 5724-Y55 5655-Y21
Copyright IBM Corp. 1988, 2017.  All Rights Reserved.

Type 'help' for a list of available commands.
Type 'help' followed by a command name for more
information on commands.

CPLEX> Specified objective sense: MINIMIZE
Selected objective  name:  line[1]
Selected RHS        name:  RHS
Selected bound      name:  BOUND
Problem '/tmp/cmpl.T10196.mps' read.
Read time = 0.05 sec. (9.66 ticks)
CPLEX> CPXPARAM_Read_APIEncoding                        "UTF-8"
Tried aggregator 3 times.
MIP Presolve eliminated 19323 rows and 31136 columns.
MIP Presolve modified 454 coefficients.
Aggregator did 625 substitutions.
Reduced MIP has 2662 rows, 4532 columns, and 14796 nonzeros.
Reduced MIP has 4364 binaries, 0 generals, 0 SOSs, and 0 indicators.
Presolve time = 0.05 sec. (50.37 ticks)
Probing fixed 6 vars, tightened 0 bounds.
Probing time = 0.02 sec. (7.58 ticks)
Tried aggregator 1 time.
MIP Presolve eliminated 0 rows and 6 columns.
MIP Presolve modified 22 coefficients.
Reduced MIP has 2662 rows, 4526 columns, and 14784 nonzeros.
Reduced MIP has 4526 binaries, 0 generals, 0 SOSs, and 0 indicators.
Presolve time = 0.01 sec. (10.67 ticks)
Probing time = 0.01 sec. (3.00 ticks)
Clique table members: 9291.
MIP emphasis: balance optimality and feasibility.
MIP search method: dynamic search.
Parallel mode: none, using 1 thread.
Root relaxation solution time = 0.01 sec. (13.30 ticks)

        Nodes                                         Cuts/
   Node  Left     Objective  IInf  Best Integer    Best Bound    ItCnt     Gap

      0     0     1276.0943    14                   1276.0943      702         
*     0+    0                         1457.6529     1276.0943            12.46%
*     0+    0                         1280.0943     1276.0943             0.31%
      0     0     1279.4386     1     1280.0943      Cuts: 20      710    0.05%
*     0+    0                         1279.4501     1279.4386             0.00%

GUB cover cuts applied:  3
Clique cuts applied:  2
Cover cuts applied:  9
Gomory fractional cuts applied:  6

Root node processing (before b&c):
  Real time             =    0.20 sec. (168.69 ticks)
Sequential b&c:
  Real time             =    0.00 sec. (0.00 ticks)
                          ------------
Total (root+branch&cut) =    0.20 sec. (168.69 ticks)

Solution pool: 3 solutions saved.

MIP - Integer optimal, tolerance (0.0001/1e-06):  Objective =  1.2794500760e+03
Current MIP best bound =  1.2794386480e+03 (gap = 0.011428, 0.00%)
Solution time =    0.20 sec.  Iterations = 710  Nodes = 0 (1)
Deterministic time = 168.80 ticks  (860.02 ticks/sec)

CPLEX> Incumbent solution written to file '/tmp/cmpl.T10196.gsol'.
CPLEX> 
CMPL: Time used for model generation: 0 seconds
CMPL: Time used for solving the model: 1 seconds


Solution written to ASCII file: ../results/output_generated_conf_0.4/2017-04-03-4/equal.sol

Solver - finished
