CMPL model generation - running

CMPL version: 1.11.0
Authors: Thomas Schleiff, Mike Steglich
Distributed under the GPLv3 

create model instance ...
write model instance ...
CMPL model generation - finished

Solver - running


Welcome to IBM(R) ILOG(R) CPLEX(R) Interactive Optimizer 12.7.1.0
  with Simplex, Mixed Integer & Barrier Optimizers
5725-A06 5725-A29 5724-Y48 5724-Y49 5724-Y54 5724-Y55 5655-Y21
Copyright IBM Corp. 1988, 2017.  All Rights Reserved.

Type 'help' for a list of available commands.
Type 'help' followed by a command name for more
information on commands.

CPLEX> Specified objective sense: MINIMIZE
Selected objective  name:  line[1]
Selected RHS        name:  RHS
Selected bound      name:  BOUND
Problem '/tmp/cmpl.T10146.mps' read.
Read time = 0.05 sec. (8.85 ticks)
CPLEX> CPXPARAM_Read_APIEncoding                        "UTF-8"
Tried aggregator 3 times.
MIP Presolve eliminated 19323 rows and 30796 columns.
MIP Presolve modified 340 coefficients.
Aggregator did 625 substitutions.
Reduced MIP has 2492 rows, 3257 columns, and 9503 nonzeros.
Reduced MIP has 3089 binaries, 0 generals, 0 SOSs, and 0 indicators.
Presolve time = 0.06 sec. (41.59 ticks)
Found incumbent of value 6133.151337 after 0.08 sec. (58.11 ticks)
Probing fixed 6 vars, tightened 0 bounds.
Probing time = 0.01 sec. (4.22 ticks)
Tried aggregator 1 time.
MIP Presolve eliminated 0 rows and 6 columns.
MIP Presolve modified 22 coefficients.
Reduced MIP has 2492 rows, 3251 columns, and 9491 nonzeros.
Reduced MIP has 3251 binaries, 0 generals, 0 SOSs, and 0 indicators.
Presolve time = 0.01 sec. (8.02 ticks)
Probing time = 0.01 sec. (2.68 ticks)
Clique table members: 5915.
MIP emphasis: balance optimality and feasibility.
MIP search method: dynamic search.
Parallel mode: none, using 1 thread.
Root relaxation solution time = 0.00 sec. (4.53 ticks)

        Nodes                                         Cuts/
   Node  Left     Objective  IInf  Best Integer    Best Bound    ItCnt     Gap

*     0+    0                         6133.1513     -402.5356           106.56%
      0     0     1264.3800    14     6133.1513     1264.3800      117   79.38%
*     0+    0                         1364.8060     1264.3800             7.36%
*     0+    0                         1268.3800     1264.3800             0.32%
      0     0     1267.7559     2     1268.3800      Cuts: 22      124    0.05%
*     0+    0                         1267.7925     1267.7559             0.00%
      0     0        cutoff           1267.7925     1267.7559      124    0.00%
Elapsed time = 0.14 sec. (99.19 ticks, tree = 0.01 MB, solutions = 4)

GUB cover cuts applied:  2
Clique cuts applied:  4
Cover cuts applied:  10
Gomory fractional cuts applied:  6

Root node processing (before b&c):
  Real time             =    0.14 sec. (100.96 ticks)
Sequential b&c:
  Real time             =    0.00 sec. (0.00 ticks)
                          ------------
Total (root+branch&cut) =    0.14 sec. (100.96 ticks)

Solution pool: 4 solutions saved.

MIP - Integer optimal solution:  Objective =  1.2677924720e+03
Solution time =    0.14 sec.  Iterations = 124  Nodes = 0
Deterministic time = 101.06 ticks  (710.44 ticks/sec)

CPLEX> Incumbent solution written to file '/tmp/cmpl.T10146.gsol'.
CPLEX> 
CMPL: Time used for model generation: 0 seconds
CMPL: Time used for solving the model: 1 seconds


Solution written to ASCII file: ../results/output_generated_conf_0.4/2017-04-03-4/unequal.sol

Solver - finished
