CMPL model generation - running

CMPL version: 1.11.0
Authors: Thomas Schleiff, Mike Steglich
Distributed under the GPLv3 

create model instance ...
write model instance ...
CMPL model generation - finished

Solver - running


Welcome to IBM(R) ILOG(R) CPLEX(R) Interactive Optimizer 12.7.1.0
  with Simplex, Mixed Integer & Barrier Optimizers
5725-A06 5725-A29 5724-Y48 5724-Y49 5724-Y54 5724-Y55 5655-Y21
Copyright IBM Corp. 1988, 2017.  All Rights Reserved.

Type 'help' for a list of available commands.
Type 'help' followed by a command name for more
information on commands.

CPLEX> Specified objective sense: MINIMIZE
Selected objective  name:  line[1]
Selected RHS        name:  RHS
Selected bound      name:  BOUND
Problem '/tmp/cmpl.T11405.mps' read.
Read time = 0.06 sec. (11.99 ticks)
CPLEX> CPXPARAM_Read_APIEncoding                        "UTF-8"
Tried aggregator 3 times.
MIP Presolve eliminated 23576 rows and 36649 columns.
MIP Presolve modified 728 coefficients.
Aggregator did 1241 substitutions.
Reduced MIP has 3360 rows, 6265 columns, and 20448 nonzeros.
Reduced MIP has 6055 binaries, 0 generals, 0 SOSs, and 0 indicators.
Presolve time = 0.08 sec. (62.26 ticks)
Found incumbent of value 36193.835675 after 0.13 sec. (109.22 ticks)
Probing time = 0.01 sec. (3.27 ticks)
Tried aggregator 2 times.
MIP Presolve eliminated 3 rows and 17 columns.
MIP Presolve modified 9 coefficients.
Aggregator did 2 substitutions.
Reduced MIP has 3355 rows, 6246 columns, and 20404 nonzeros.
Reduced MIP has 6246 binaries, 0 generals, 0 SOSs, and 0 indicators.
Presolve time = 0.02 sec. (18.37 ticks)
Probing time = 0.01 sec. (3.37 ticks)
Clique table members: 4003.
MIP emphasis: balance optimality and feasibility.
MIP search method: dynamic search.
Parallel mode: none, using 1 thread.
Root relaxation solution time = 0.04 sec. (36.53 ticks)

        Nodes                                         Cuts/
   Node  Left     Objective  IInf  Best Integer    Best Bound    ItCnt     Gap

*     0+    0                        36193.8357        0.0000           100.00%
*     0     0      integral     0    11751.1496    11751.1496     1919    0.00%
Elapsed time = 0.22 sec. (183.81 ticks, tree = 0.00 MB, solutions = 2)

Root node processing (before b&c):
  Real time             =    0.22 sec. (185.53 ticks)
Sequential b&c:
  Real time             =    0.00 sec. (0.00 ticks)
                          ------------
Total (root+branch&cut) =    0.22 sec. (185.53 ticks)

Solution pool: 2 solutions saved.

MIP - Integer optimal solution:  Objective =  1.1751149596e+04
Solution time =    0.22 sec.  Iterations = 1919  Nodes = 0
Deterministic time = 185.66 ticks  (830.55 ticks/sec)

CPLEX> Incumbent solution written to file '/tmp/cmpl.T11405.gsol'.
CPLEX> 
CMPL: Time used for model generation: 1 seconds
CMPL: Time used for solving the model: 1 seconds


Solution written to ASCII file: ../results/output_generated_rate_0.4/2017-07-03-5/equal.sol

Solver - finished
