CMPL model generation - running

CMPL version: 1.11.0
Authors: Thomas Schleiff, Mike Steglich
Distributed under the GPLv3 

create model instance ...
write model instance ...
CMPL model generation - finished

Solver - running


Welcome to IBM(R) ILOG(R) CPLEX(R) Interactive Optimizer 12.7.1.0
  with Simplex, Mixed Integer & Barrier Optimizers
5725-A06 5725-A29 5724-Y48 5724-Y49 5724-Y54 5724-Y55 5655-Y21
Copyright IBM Corp. 1988, 2017.  All Rights Reserved.

Type 'help' for a list of available commands.
Type 'help' followed by a command name for more
information on commands.

CPLEX> Specified objective sense: MINIMIZE
Selected objective  name:  line[1]
Selected RHS        name:  RHS
Selected bound      name:  BOUND
Problem '/tmp/cmpl.T11715.mps' read.
Read time = 0.06 sec. (12.02 ticks)
CPLEX> CPXPARAM_Read_APIEncoding                        "UTF-8"
Tried aggregator 3 times.
MIP Presolve eliminated 23271 rows and 36033 columns.
MIP Presolve modified 921 coefficients.
Aggregator did 1551 substitutions.
Reduced MIP has 3355 rows, 6571 columns, and 21362 nonzeros.
Reduced MIP has 6361 binaries, 0 generals, 0 SOSs, and 0 indicators.
Presolve time = 0.07 sec. (64.22 ticks)
Probing time = 0.01 sec. (3.22 ticks)
Tried aggregator 1 time.
MIP Presolve eliminated 0 rows and 46 columns.
Reduced MIP has 3355 rows, 6525 columns, and 21270 nonzeros.
Reduced MIP has 6525 binaries, 0 generals, 0 SOSs, and 0 indicators.
Presolve time = 0.02 sec. (16.90 ticks)
Probing time = 0.01 sec. (3.38 ticks)
Clique table members: 4311.
MIP emphasis: balance optimality and feasibility.
MIP search method: dynamic search.
Parallel mode: none, using 1 thread.
Root relaxation solution time = 0.04 sec. (40.62 ticks)

        Nodes                                         Cuts/
   Node  Left     Objective  IInf  Best Integer    Best Bound    ItCnt     Gap

*     0     0      integral     0    17677.8684    17677.8684     2238    0.00%
Elapsed time = 0.24 sec. (207.23 ticks, tree = 0.00 MB, solutions = 1)

Root node processing (before b&c):
  Real time             =    0.24 sec. (208.64 ticks)
Sequential b&c:
  Real time             =    0.00 sec. (0.00 ticks)
                          ------------
Total (root+branch&cut) =    0.24 sec. (208.64 ticks)

Solution pool: 1 solution saved.

MIP - Integer optimal solution:  Objective =  1.7677868436e+04
Solution time =    0.24 sec.  Iterations = 2238  Nodes = 0
Deterministic time = 208.77 ticks  (861.63 ticks/sec)

CPLEX> Incumbent solution written to file '/tmp/cmpl.T11715.gsol'.
CPLEX> 
CMPL: Time used for model generation: 1 seconds
CMPL: Time used for solving the model: 1 seconds


Solution written to ASCII file: ../results/output_generated_rate_0.7/2017-05-01-5/equal.sol

Solver - finished
