CMPL model generation - running

CMPL version: 1.11.0
Authors: Thomas Schleiff, Mike Steglich
Distributed under the GPLv3 

create model instance ...
write model instance ...
CMPL model generation - finished

Solver - running


Welcome to IBM(R) ILOG(R) CPLEX(R) Interactive Optimizer 12.7.1.0
  with Simplex, Mixed Integer & Barrier Optimizers
5725-A06 5725-A29 5724-Y48 5724-Y49 5724-Y54 5724-Y55 5655-Y21
Copyright IBM Corp. 1988, 2017.  All Rights Reserved.

Type 'help' for a list of available commands.
Type 'help' followed by a command name for more
information on commands.

CPLEX> Specified objective sense: MINIMIZE
Selected objective  name:  line[1]
Selected RHS        name:  RHS
Selected bound      name:  BOUND
Problem '/tmp/cmpl.T10133.mps' read.
Read time = 0.09 sec. (10.97 ticks)
CPLEX> CPXPARAM_Read_APIEncoding                        "UTF-8"
Tried aggregator 3 times.
MIP Presolve eliminated 24107 rows and 37699 columns.
MIP Presolve modified 425 coefficients.
Aggregator did 754 substitutions.
Reduced MIP has 3146 rows, 4087 columns, and 12099 nonzeros.
Reduced MIP has 3877 binaries, 0 generals, 0 SOSs, and 0 indicators.
Presolve time = 0.08 sec. (51.65 ticks)
Found incumbent of value 7734.440436 after 0.13 sec. (74.54 ticks)
Probing fixed 11 vars, tightened 0 bounds.
Probing time = 0.02 sec. (5.28 ticks)
Tried aggregator 1 time.
MIP Presolve eliminated 0 rows and 11 columns.
MIP Presolve modified 58 coefficients.
Reduced MIP has 3146 rows, 4076 columns, and 12077 nonzeros.
Reduced MIP has 4076 binaries, 0 generals, 0 SOSs, and 0 indicators.
Presolve time = 0.02 sec. (10.21 ticks)
Probing time = 0.01 sec. (2.83 ticks)
Clique table members: 7445.
MIP emphasis: balance optimality and feasibility.
MIP search method: dynamic search.
Parallel mode: none, using 1 thread.
Root relaxation solution time = 0.01 sec. (5.96 ticks)

        Nodes                                         Cuts/
   Node  Left     Objective  IInf  Best Integer    Best Bound    ItCnt     Gap

*     0+    0                         7734.4404     -300.8953           103.89%
      0     0     1725.7624    11     7734.4404     1725.7624      152   77.69%
*     0+    0                         1884.7246     1725.7624             8.43%
*     0+    0                         1728.2767     1725.7624             0.15%
      0     0     1727.7855     1     1728.2767      Cuts: 13      163    0.03%
*     0+    0                         1728.0140     1727.7855             0.01%
*     0+    0                         1727.9513     1727.7855             0.01%
      0     0        cutoff           1727.9513     1727.7855      163    0.01%
Elapsed time = 0.24 sec. (129.63 ticks, tree = 0.01 MB, solutions = 5)

GUB cover cuts applied:  1
Clique cuts applied:  1
Cover cuts applied:  7
Gomory fractional cuts applied:  4

Root node processing (before b&c):
  Real time             =    0.25 sec. (132.08 ticks)
Sequential b&c:
  Real time             =    0.00 sec. (0.00 ticks)
                          ------------
Total (root+branch&cut) =    0.25 sec. (132.08 ticks)

Solution pool: 5 solutions saved.

MIP - Integer optimal solution:  Objective =  1.7279513400e+03
Solution time =    0.25 sec.  Iterations = 163  Nodes = 0
Deterministic time = 132.20 ticks  (532.26 ticks/sec)

CPLEX> Incumbent solution written to file '/tmp/cmpl.T10133.gsol'.
CPLEX> 
CMPL: Time used for model generation: 1 seconds
CMPL: Time used for solving the model: 1 seconds


Solution written to ASCII file: ../results/output_generated_conf_0.4/2016-10-03-5/unequal.sol

Solver - finished
