CMPL model generation - running

CMPL version: 1.11.0
Authors: Thomas Schleiff, Mike Steglich
Distributed under the GPLv3 

create model instance ...
write model instance ...
CMPL model generation - finished

Solver - running


Welcome to IBM(R) ILOG(R) CPLEX(R) Interactive Optimizer 12.7.1.0
  with Simplex, Mixed Integer & Barrier Optimizers
5725-A06 5725-A29 5724-Y48 5724-Y49 5724-Y54 5724-Y55 5655-Y21
Copyright IBM Corp. 1988, 2017.  All Rights Reserved.

Type 'help' for a list of available commands.
Type 'help' followed by a command name for more
information on commands.

CPLEX> Specified objective sense: MINIMIZE
Selected objective  name:  line[1]
Selected RHS        name:  RHS
Selected bound      name:  BOUND
Problem '/tmp/cmpl.XM9853.mps' read.
Read time = 0.06 sec. (11.93 ticks)
CPLEX> CPXPARAM_Read_APIEncoding                        "UTF-8"
Tried aggregator 3 times.
MIP Presolve eliminated 24182 rows and 37840 columns.
MIP Presolve modified 449 coefficients.
Aggregator did 704 substitutions.
Reduced MIP has 3291 rows, 5611 columns, and 18518 nonzeros.
Reduced MIP has 5401 binaries, 0 generals, 0 SOSs, and 0 indicators.
Presolve time = 0.06 sec. (56.68 ticks)
Probing fixed 6 vars, tightened 0 bounds.
Probing time = 0.02 sec. (9.37 ticks)
Tried aggregator 1 time.
MIP Presolve eliminated 0 rows and 6 columns.
MIP Presolve modified 34 coefficients.
Reduced MIP has 3291 rows, 5605 columns, and 18506 nonzeros.
Reduced MIP has 5605 binaries, 0 generals, 0 SOSs, and 0 indicators.
Presolve time = 0.01 sec. (13.48 ticks)
Probing time = 0.01 sec. (3.24 ticks)
Clique table members: 10684.
MIP emphasis: balance optimality and feasibility.
MIP search method: dynamic search.
Parallel mode: none, using 1 thread.
Root relaxation solution time = 0.01 sec. (16.40 ticks)

        Nodes                                         Cuts/
   Node  Left     Objective  IInf  Best Integer    Best Bound    ItCnt     Gap

      0     0      391.7367    25                    391.7367      702         
*     0+    0                          397.4509      391.7367             1.44%
      0     0      397.2969     1      397.4509       Cuts: 6      706    0.04%
      0     0        cutoff            397.4509      397.2969      706    0.04%
Elapsed time = 0.22 sec. (188.22 ticks, tree = 0.01 MB, solutions = 1)

Cover cuts applied:  4
Gomory fractional cuts applied:  2

Root node processing (before b&c):
  Real time             =    0.22 sec. (189.69 ticks)
Sequential b&c:
  Real time             =    0.00 sec. (0.00 ticks)
                          ------------
Total (root+branch&cut) =    0.22 sec. (189.69 ticks)

Solution pool: 1 solution saved.

MIP - Integer optimal solution:  Objective =  3.9745093500e+02
Solution time =    0.22 sec.  Iterations = 706  Nodes = 0
Deterministic time = 189.81 ticks  (861.65 ticks/sec)

CPLEX> Incumbent solution written to file '/tmp/cmpl.XM9853.gsol'.
CPLEX> 
CMPL: Time used for model generation: 1 seconds
CMPL: Time used for solving the model: 1 seconds


Solution written to ASCII file: ../results/output_generated_conf_0.1/2016-02-01-5/equal.sol

Solver - finished
