CMPL model generation - running

CMPL version: 1.11.0
Authors: Thomas Schleiff, Mike Steglich
Distributed under the GPLv3 

create model instance ...
write model instance ...
CMPL model generation - finished

Solver - running


Welcome to IBM(R) ILOG(R) CPLEX(R) Interactive Optimizer 12.7.1.0
  with Simplex, Mixed Integer & Barrier Optimizers
5725-A06 5725-A29 5724-Y48 5724-Y49 5724-Y54 5724-Y55 5655-Y21
Copyright IBM Corp. 1988, 2017.  All Rights Reserved.

Type 'help' for a list of available commands.
Type 'help' followed by a command name for more
information on commands.

CPLEX> Specified objective sense: MINIMIZE
Selected objective  name:  line[1]
Selected RHS        name:  RHS
Selected bound      name:  BOUND
Problem '/tmp/cmpl.XM9802.mps' read.
Read time = 0.06 sec. (10.96 ticks)
CPLEX> CPXPARAM_Read_APIEncoding                        "UTF-8"
Tried aggregator 3 times.
MIP Presolve eliminated 24182 rows and 37840 columns.
MIP Presolve modified 425 coefficients.
Aggregator did 704 substitutions.
Reduced MIP has 3121 rows, 3996 columns, and 11838 nonzeros.
Reduced MIP has 3786 binaries, 0 generals, 0 SOSs, and 0 indicators.
Presolve time = 0.06 sec. (51.46 ticks)
Found incumbent of value 10835.266081 after 0.10 sec. (121.59 ticks)
Probing fixed 6 vars, tightened 0 bounds.
Probing time = 0.01 sec. (5.12 ticks)
Tried aggregator 1 time.
MIP Presolve eliminated 0 rows and 6 columns.
MIP Presolve modified 34 coefficients.
Reduced MIP has 3121 rows, 3990 columns, and 11826 nonzeros.
Reduced MIP has 3990 binaries, 0 generals, 0 SOSs, and 0 indicators.
Presolve time = 0.01 sec. (10.05 ticks)
Probing time = 0.01 sec. (2.81 ticks)
Clique table members: 6992.
MIP emphasis: balance optimality and feasibility.
MIP search method: dynamic search.
Parallel mode: none, using 1 thread.
Root relaxation solution time = 0.00 sec. (5.36 ticks)

        Nodes                                         Cuts/
   Node  Left     Objective  IInf  Best Integer    Best Bound    ItCnt     Gap

*     0+    0                        10835.2661     -561.4258           105.18%
      0     0      376.5595    25    10835.2661      376.5595       80   96.52%
*     0+    0                          872.5476      376.5595            56.84%
*     0+    0                          382.2738      376.5595             1.49%
      0     0      382.1197     1      382.2738      Cuts: 10       84    0.04%
      0     0        cutoff            382.2738      382.1197       84    0.04%
Elapsed time = 0.16 sec. (169.91 ticks, tree = 0.01 MB, solutions = 3)

Clique cuts applied:  1
Cover cuts applied:  6
Gomory fractional cuts applied:  3

Root node processing (before b&c):
  Real time             =    0.16 sec. (171.80 ticks)
Sequential b&c:
  Real time             =    0.00 sec. (0.00 ticks)
                          ------------
Total (root+branch&cut) =    0.16 sec. (171.80 ticks)

Solution pool: 3 solutions saved.

MIP - Integer optimal solution:  Objective =  3.8227378800e+02
Solution time =    0.16 sec.  Iterations = 84  Nodes = 0
Deterministic time = 171.92 ticks  (1056.51 ticks/sec)

CPLEX> Incumbent solution written to file '/tmp/cmpl.XM9802.gsol'.
CPLEX> 
CMPL: Time used for model generation: 1 seconds
CMPL: Time used for solving the model: 1 seconds


Solution written to ASCII file: ../results/output_generated_conf_0.1/2016-02-01-5/unequal.sol

Solver - finished
