CMPL model generation - running

CMPL version: 1.11.0
Authors: Thomas Schleiff, Mike Steglich
Distributed under the GPLv3 

create model instance ...
write model instance ...
CMPL model generation - finished

Solver - running


Welcome to IBM(R) ILOG(R) CPLEX(R) Interactive Optimizer 12.7.1.0
  with Simplex, Mixed Integer & Barrier Optimizers
5725-A06 5725-A29 5724-Y48 5724-Y49 5724-Y54 5724-Y55 5655-Y21
Copyright IBM Corp. 1988, 2017.  All Rights Reserved.

Type 'help' for a list of available commands.
Type 'help' followed by a command name for more
information on commands.

CPLEX> Specified objective sense: MINIMIZE
Selected objective  name:  line[1]
Selected RHS        name:  RHS
Selected bound      name:  BOUND
Problem '/tmp/cmpl.T10162.mps' read.
Read time = 0.07 sec. (9.66 ticks)
CPLEX> CPXPARAM_Read_APIEncoding                        "UTF-8"
Tried aggregator 3 times.
MIP Presolve eliminated 19333 rows and 31144 columns.
MIP Presolve modified 452 coefficients.
Aggregator did 620 substitutions.
Reduced MIP has 2657 rows, 4529 columns, and 14791 nonzeros.
Reduced MIP has 4361 binaries, 0 generals, 0 SOSs, and 0 indicators.
Presolve time = 0.06 sec. (50.32 ticks)
Found incumbent of value 20463.434280 after 0.10 sec. (83.20 ticks)
Probing fixed 8 vars, tightened 0 bounds.
Probing time = 0.02 sec. (7.56 ticks)
Tried aggregator 1 time.
MIP Presolve eliminated 0 rows and 8 columns.
MIP Presolve modified 31 coefficients.
Reduced MIP has 2657 rows, 4521 columns, and 14775 nonzeros.
Reduced MIP has 4521 binaries, 0 generals, 0 SOSs, and 0 indicators.
Presolve time = 0.02 sec. (10.82 ticks)
Probing time = 0.01 sec. (3.00 ticks)
Clique table members: 9281.
MIP emphasis: balance optimality and feasibility.
MIP search method: dynamic search.
Parallel mode: none, using 1 thread.
Root relaxation solution time = 0.02 sec. (13.71 ticks)

        Nodes                                         Cuts/
   Node  Left     Objective  IInf  Best Integer    Best Bound    ItCnt     Gap

*     0+    0                        20463.4343     -415.6343           102.03%
      0     0     1255.2229    13    20463.4343     1255.2229      790   93.87%
*     0+    0                         1354.4000     1255.2229             7.32%
*     0+    0                         1258.9371     1255.2229             0.30%
      0     0     1257.4057     4     1258.9371      Cuts: 25      802    0.12%
*     0+    0                         1258.0114     1257.4057             0.05%
      0     0     1257.9771     1     1258.0114      Cuts: 16      811    0.00%

GUB cover cuts applied:  2
Clique cuts applied:  5
Cover cuts applied:  22
Gomory fractional cuts applied:  12

Root node processing (before b&c):
  Real time             =    0.20 sec. (158.81 ticks)
Sequential b&c:
  Real time             =    0.00 sec. (0.00 ticks)
                          ------------
Total (root+branch&cut) =    0.20 sec. (158.81 ticks)

Solution pool: 4 solutions saved.

MIP - Integer optimal, tolerance (0.0001/1e-06):  Objective =  1.2580114250e+03
Current MIP best bound =  1.2579771405e+03 (gap = 0.0342845, 0.00%)
Solution time =    0.20 sec.  Iterations = 811  Nodes = 0 (1)
Deterministic time = 158.91 ticks  (800.58 ticks/sec)

CPLEX> Incumbent solution written to file '/tmp/cmpl.T10162.gsol'.
CPLEX> 
CMPL: Time used for model generation: 1 seconds
CMPL: Time used for solving the model: 1 seconds


Solution written to ASCII file: ../results/output_generated_conf_0.4/2015-12-07-4/equal.sol

Solver - finished
