CMPL model generation - running

CMPL version: 1.11.0
Authors: Thomas Schleiff, Mike Steglich
Distributed under the GPLv3 

create model instance ...
write model instance ...
CMPL model generation - finished

Solver - running


Welcome to IBM(R) ILOG(R) CPLEX(R) Interactive Optimizer 12.7.1.0
  with Simplex, Mixed Integer & Barrier Optimizers
5725-A06 5725-A29 5724-Y48 5724-Y49 5724-Y54 5724-Y55 5655-Y21
Copyright IBM Corp. 1988, 2017.  All Rights Reserved.

Type 'help' for a list of available commands.
Type 'help' followed by a command name for more
information on commands.

CPLEX> Specified objective sense: MINIMIZE
Selected objective  name:  line[1]
Selected RHS        name:  RHS
Selected bound      name:  BOUND
Problem '/tmp/cmpl.T10111.mps' read.
Read time = 0.06 sec. (8.85 ticks)
CPLEX> CPXPARAM_Read_APIEncoding                        "UTF-8"
Tried aggregator 3 times.
MIP Presolve eliminated 19333 rows and 30804 columns.
MIP Presolve modified 340 coefficients.
Aggregator did 620 substitutions.
Reduced MIP has 2487 rows, 3254 columns, and 9498 nonzeros.
Reduced MIP has 3086 binaries, 0 generals, 0 SOSs, and 0 indicators.
Presolve time = 0.06 sec. (41.57 ticks)
Found incumbent of value 5816.137141 after 0.09 sec. (58.57 ticks)
Probing fixed 8 vars, tightened 0 bounds.
Probing time = 0.01 sec. (4.20 ticks)
Tried aggregator 1 time.
MIP Presolve eliminated 0 rows and 8 columns.
MIP Presolve modified 31 coefficients.
Reduced MIP has 2487 rows, 3246 columns, and 9482 nonzeros.
Reduced MIP has 3246 binaries, 0 generals, 0 SOSs, and 0 indicators.
Presolve time = 0.01 sec. (8.11 ticks)
Probing time = 0.01 sec. (2.68 ticks)
Clique table members: 5814.
MIP emphasis: balance optimality and feasibility.
MIP search method: dynamic search.
Parallel mode: none, using 1 thread.
Root relaxation solution time = 0.00 sec. (4.56 ticks)

        Nodes                                         Cuts/
   Node  Left     Objective  IInf  Best Integer    Best Bound    ItCnt     Gap

*     0+    0                         5816.1371     -415.6343           107.15%
      0     0     1242.4457    14     5816.1371     1242.4457      125   78.64%
*     0+    0                         1342.2971     1242.4457             7.44%
*     0+    0                         1246.4457     1242.4457             0.32%
      0     0     1244.8686     3     1246.4457      Cuts: 32      136    0.13%
*     0+    0                         1245.2914     1244.8686             0.03%
      0     0        cutoff           1245.2914                    141    0.00%
Elapsed time = 0.15 sec. (105.70 ticks, tree = 0.01 MB, solutions = 4)

GUB cover cuts applied:  3
Clique cuts applied:  5
Cover cuts applied:  21
Gomory fractional cuts applied:  11

Root node processing (before b&c):
  Real time             =    0.15 sec. (107.51 ticks)
Sequential b&c:
  Real time             =    0.00 sec. (0.00 ticks)
                          ------------
Total (root+branch&cut) =    0.15 sec. (107.51 ticks)

Solution pool: 4 solutions saved.

MIP - Integer optimal solution:  Objective =  1.2452914290e+03
Solution time =    0.15 sec.  Iterations = 141  Nodes = 0
Deterministic time = 107.61 ticks  (710.03 ticks/sec)

CPLEX> Incumbent solution written to file '/tmp/cmpl.T10111.gsol'.
CPLEX> 
CMPL: Time used for model generation: 1 seconds
CMPL: Time used for solving the model: 1 seconds


Solution written to ASCII file: ../results/output_generated_conf_0.4/2015-12-07-4/unequal.sol

Solver - finished
