CMPL model generation - running

CMPL version: 1.11.0
Authors: Thomas Schleiff, Mike Steglich
Distributed under the GPLv3 

create model instance ...
write model instance ...
CMPL model generation - finished

Solver - running


Welcome to IBM(R) ILOG(R) CPLEX(R) Interactive Optimizer 12.7.1.0
  with Simplex, Mixed Integer & Barrier Optimizers
5725-A06 5725-A29 5724-Y48 5724-Y49 5724-Y54 5724-Y55 5655-Y21
Copyright IBM Corp. 1988, 2017.  All Rights Reserved.

Type 'help' for a list of available commands.
Type 'help' followed by a command name for more
information on commands.

CPLEX> Specified objective sense: MINIMIZE
Selected objective  name:  line[1]
Selected RHS        name:  RHS
Selected bound      name:  BOUND
Problem '/tmp/cmpl.XM9990.mps' read.
Read time = 0.05 sec. (9.66 ticks)
CPLEX> CPXPARAM_Read_APIEncoding                        "UTF-8"
Tried aggregator 3 times.
MIP Presolve eliminated 19375 rows and 31219 columns.
MIP Presolve modified 434 coefficients.
Aggregator did 598 substitutions.
Reduced MIP has 2637 rows, 4476 columns, and 14650 nonzeros.
Reduced MIP has 4308 binaries, 0 generals, 0 SOSs, and 0 indicators.
Presolve time = 0.05 sec. (48.48 ticks)
Found incumbent of value 20637.362926 after 0.08 sec. (69.67 ticks)
Probing fixed 5 vars, tightened 0 bounds.
Probing time = 0.01 sec. (7.33 ticks)
Tried aggregator 1 time.
MIP Presolve eliminated 0 rows and 5 columns.
MIP Presolve modified 20 coefficients.
Reduced MIP has 2637 rows, 4471 columns, and 14640 nonzeros.
Reduced MIP has 4471 binaries, 0 generals, 0 SOSs, and 0 indicators.
Presolve time = 0.01 sec. (10.63 ticks)
Probing time = 0.01 sec. (3.00 ticks)
Clique table members: 8703.
MIP emphasis: balance optimality and feasibility.
MIP search method: dynamic search.
Parallel mode: none, using 1 thread.
Root relaxation solution time = 0.02 sec. (13.80 ticks)

        Nodes                                         Cuts/
   Node  Left     Objective  IInf  Best Integer    Best Bound    ItCnt     Gap

*     0+    0                        20637.3629     -464.2088           102.25%
      0     0      543.7940    21    20637.3629      543.7940      756   97.37%
*     0+    0                          806.7307      543.7940            32.59%
*     0+    0                          549.7940      543.7940             1.09%
*     0     0      integral     0      549.5286      Cuts: 37      777    0.00%
      0     0        cutoff            549.5286      549.5286      777    0.00%
Elapsed time = 0.16 sec. (132.36 ticks, tree = 0.01 MB, solutions = 4)

Clique cuts applied:  10
Cover cuts applied:  18
Gomory fractional cuts applied:  9

Root node processing (before b&c):
  Real time             =    0.17 sec. (134.28 ticks)
Sequential b&c:
  Real time             =    0.00 sec. (0.00 ticks)
                          ------------
Total (root+branch&cut) =    0.17 sec. (134.28 ticks)

Solution pool: 4 solutions saved.

MIP - Integer optimal solution:  Objective =  5.4952863600e+02
Solution time =    0.17 sec.  Iterations = 777  Nodes = 0
Deterministic time = 134.38 ticks  (802.70 ticks/sec)

CPLEX> Incumbent solution written to file '/tmp/cmpl.XM9990.gsol'.
CPLEX> 
CMPL: Time used for model generation: 1 seconds
CMPL: Time used for solving the model: 1 seconds


Solution written to ASCII file: ../results/output_generated_conf_0.2/2017-04-03-4/equal.sol

Solver - finished
