CMPL model generation - running

CMPL version: 1.11.0
Authors: Thomas Schleiff, Mike Steglich
Distributed under the GPLv3 

create model instance ...
write model instance ...
CMPL model generation - finished

Solver - running


Welcome to IBM(R) ILOG(R) CPLEX(R) Interactive Optimizer 12.7.1.0
  with Simplex, Mixed Integer & Barrier Optimizers
5725-A06 5725-A29 5724-Y48 5724-Y49 5724-Y54 5724-Y55 5655-Y21
Copyright IBM Corp. 1988, 2017.  All Rights Reserved.

Type 'help' for a list of available commands.
Type 'help' followed by a command name for more
information on commands.

CPLEX> Specified objective sense: MINIMIZE
Selected objective  name:  line[1]
Selected RHS        name:  RHS
Selected bound      name:  BOUND
Problem '/tmp/cmpl.T10671.mps' read.
Read time = 0.40 sec. (11.98 ticks)
CPLEX> CPXPARAM_Read_APIEncoding                        "UTF-8"
Tried aggregator 3 times.
MIP Presolve eliminated 23665 rows and 36825 columns.
MIP Presolve modified 679 coefficients.
Aggregator did 1155 substitutions.
Reduced MIP has 3357 rows, 6175 columns, and 20178 nonzeros.
Reduced MIP has 5965 binaries, 0 generals, 0 SOSs, and 0 indicators.
Presolve time = 0.21 sec. (61.78 ticks)
Probing time = 0.01 sec. (3.28 ticks)
Tried aggregator 2 times.
MIP Presolve eliminated 2 rows and 6 columns.
MIP Presolve modified 6 coefficients.
Aggregator did 1 substitutions.
Reduced MIP has 3354 rows, 6168 columns, and 20159 nonzeros.
Reduced MIP has 6168 binaries, 0 generals, 0 SOSs, and 0 indicators.
Presolve time = 0.09 sec. (18.18 ticks)
Probing time = 0.05 sec. (3.37 ticks)
Clique table members: 3941.
MIP emphasis: balance optimality and feasibility.
MIP search method: dynamic search.
Parallel mode: none, using 1 thread.
Root relaxation solution time = 0.19 sec. (34.34 ticks)

        Nodes                                         Cuts/
   Node  Left     Objective  IInf  Best Integer    Best Bound    ItCnt     Gap

*     0     0      integral     0     9063.1772     9063.1772     1774    0.00%
Elapsed time = 0.96 sec. (198.50 ticks, tree = 0.00 MB, solutions = 1)

Root node processing (before b&c):
  Real time             =    0.96 sec. (199.91 ticks)
Sequential b&c:
  Real time             =    0.00 sec. (0.00 ticks)
                          ------------
Total (root+branch&cut) =    0.96 sec. (199.91 ticks)

Solution pool: 1 solution saved.

MIP - Integer optimal solution:  Objective =  9.0631771500e+03
Solution time =    0.96 sec.  Iterations = 1774  Nodes = 0
Deterministic time = 200.04 ticks  (208.01 ticks/sec)

CPLEX> Incumbent solution written to file '/tmp/cmpl.T10671.gsol'.
CPLEX> 
CMPL: Time used for model generation: 3 seconds
CMPL: Time used for solving the model: 2 seconds


Solution written to ASCII file: ../results/output_generated_conf_0.9/2015-11-02-5/equal.sol

Solver - finished
