CMPL model generation - running

CMPL version: 1.11.0
Authors: Thomas Schleiff, Mike Steglich
Distributed under the GPLv3 

create model instance ...
write model instance ...
CMPL model generation - finished

Solver - running


Welcome to IBM(R) ILOG(R) CPLEX(R) Interactive Optimizer 12.7.1.0
  with Simplex, Mixed Integer & Barrier Optimizers
5725-A06 5725-A29 5724-Y48 5724-Y49 5724-Y54 5724-Y55 5655-Y21
Copyright IBM Corp. 1988, 2017.  All Rights Reserved.

Type 'help' for a list of available commands.
Type 'help' followed by a command name for more
information on commands.

CPLEX> Specified objective sense: MINIMIZE
Selected objective  name:  line[1]
Selected RHS        name:  RHS
Selected bound      name:  BOUND
Problem '/tmp/cmpl.T11659.mps' read.
Read time = 0.07 sec. (8.91 ticks)
CPLEX> CPXPARAM_Read_APIEncoding                        "UTF-8"
Tried aggregator 3 times.
MIP Presolve eliminated 18650 rows and 29453 columns.
MIP Presolve modified 340 coefficients.
Aggregator did 1242 substitutions.
Reduced MIP has 2548 rows, 3983 columns, and 11645 nonzeros.
Reduced MIP has 3815 binaries, 0 generals, 0 SOSs, and 0 indicators.
Presolve time = 0.07 sec. (43.41 ticks)
Found incumbent of value 34716.372760 after 0.15 sec. (79.29 ticks)
Probing time = 0.01 sec. (2.70 ticks)
Tried aggregator 1 time.
MIP Presolve eliminated 0 rows and 27 columns.
Reduced MIP has 2548 rows, 3956 columns, and 11591 nonzeros.
Reduced MIP has 3956 binaries, 0 generals, 0 SOSs, and 0 indicators.
Presolve time = 0.02 sec. (9.85 ticks)
Probing time = 0.01 sec. (2.81 ticks)
Clique table members: 3365.
MIP emphasis: balance optimality and feasibility.
MIP search method: dynamic search.
Parallel mode: none, using 1 thread.
Root relaxation solution time = 0.02 sec. (14.46 ticks)

        Nodes                                         Cuts/
   Node  Left     Objective  IInf  Best Integer    Best Bound    ItCnt     Gap

*     0+    0                        34716.3728        0.0000           100.00%
*     0     0      integral     0    14155.4706    14155.4706      927    0.00%
Elapsed time = 0.23 sec. (117.25 ticks, tree = 0.00 MB, solutions = 2)

Root node processing (before b&c):
  Real time             =    0.23 sec. (118.57 ticks)
Sequential b&c:
  Real time             =    0.00 sec. (0.00 ticks)
                          ------------
Total (root+branch&cut) =    0.23 sec. (118.57 ticks)

Solution pool: 2 solutions saved.

MIP - Integer optimal solution:  Objective =  1.4155470572e+04
Solution time =    0.23 sec.  Iterations = 927  Nodes = 0
Deterministic time = 118.67 ticks  (515.09 ticks/sec)

CPLEX> Incumbent solution written to file '/tmp/cmpl.T11659.gsol'.
CPLEX> 
CMPL: Time used for model generation: 1 seconds
CMPL: Time used for solving the model: 0 seconds


Solution written to ASCII file: ../results/output_generated_rate_0.7/2017-02-06-4/unequal.sol

Solver - finished
