CMPL model generation - running

CMPL version: 1.11.0
Authors: Thomas Schleiff, Mike Steglich
Distributed under the GPLv3 

create model instance ...
write model instance ...
CMPL model generation - finished

Solver - running


Welcome to IBM(R) ILOG(R) CPLEX(R) Interactive Optimizer 12.7.1.0
  with Simplex, Mixed Integer & Barrier Optimizers
5725-A06 5725-A29 5724-Y48 5724-Y49 5724-Y54 5724-Y55 5655-Y21
Copyright IBM Corp. 1988, 2017.  All Rights Reserved.

Type 'help' for a list of available commands.
Type 'help' followed by a command name for more
information on commands.

CPLEX> Specified objective sense: MINIMIZE
Selected objective  name:  line[1]
Selected RHS        name:  RHS
Selected bound      name:  BOUND
Problem '/tmp/cmpl.T10471.mps' read.
Read time = 0.05 sec. (9.67 ticks)
CPLEX> CPXPARAM_Read_APIEncoding                        "UTF-8"
Tried aggregator 3 times.
MIP Presolve eliminated 19203 rows and 30898 columns.
MIP Presolve modified 521 coefficients.
Aggregator did 707 substitutions.
Reduced MIP has 2700 rows, 4688 columns, and 15242 nonzeros.
Reduced MIP has 4520 binaries, 0 generals, 0 SOSs, and 0 indicators.
Presolve time = 0.05 sec. (51.09 ticks)
Probing time = 0.01 sec. (3.06 ticks)
Tried aggregator 1 time.
MIP Presolve eliminated 1 rows and 3 columns.
MIP Presolve modified 3 coefficients.
Reduced MIP has 2699 rows, 4685 columns, and 15232 nonzeros.
Reduced MIP has 4685 binaries, 0 generals, 0 SOSs, and 0 indicators.
Presolve time = 0.01 sec. (12.49 ticks)
Probing time = 0.01 sec. (3.05 ticks)
Clique table members: 4475.
MIP emphasis: balance optimality and feasibility.
MIP search method: dynamic search.
Parallel mode: none, using 1 thread.
Root relaxation solution time = 0.02 sec. (18.08 ticks)

        Nodes                                         Cuts/
   Node  Left     Objective  IInf  Best Integer    Best Bound    ItCnt     Gap

      0     0     3594.2993     1                   3594.2993     1065         
*     0+    0                         3613.7439     3594.2993             0.54%
*     0+    0                         3594.5850     3594.2993             0.01%
      0     0        cutoff           3594.5850     3594.2993     1065    0.01%
Elapsed time = 0.18 sec. (157.99 ticks, tree = 0.01 MB, solutions = 2)

Root node processing (before b&c):
  Real time             =    0.18 sec. (159.43 ticks)
Sequential b&c:
  Real time             =    0.00 sec. (0.00 ticks)
                          ------------
Total (root+branch&cut) =    0.18 sec. (159.43 ticks)

Solution pool: 2 solutions saved.

MIP - Integer optimal solution:  Objective =  3.5945850220e+03
Solution time =    0.18 sec.  Iterations = 1065  Nodes = 0
Deterministic time = 159.53 ticks  (883.01 ticks/sec)

CPLEX> Incumbent solution written to file '/tmp/cmpl.T10471.gsol'.
CPLEX> 
CMPL: Time used for model generation: 1 seconds
CMPL: Time used for solving the model: 1 seconds


Solution written to ASCII file: ../results/output_generated_conf_0.7/2016-01-04-4/equal.sol

Solver - finished
