CMPL model generation - running

CMPL version: 1.11.0
Authors: Thomas Schleiff, Mike Steglich
Distributed under the GPLv3 

create model instance ...
write model instance ...
CMPL model generation - finished

Solver - running


Welcome to IBM(R) ILOG(R) CPLEX(R) Interactive Optimizer 12.7.1.0
  with Simplex, Mixed Integer & Barrier Optimizers
5725-A06 5725-A29 5724-Y48 5724-Y49 5724-Y54 5724-Y55 5655-Y21
Copyright IBM Corp. 1988, 2017.  All Rights Reserved.

Type 'help' for a list of available commands.
Type 'help' followed by a command name for more
information on commands.

CPLEX> Specified objective sense: MINIMIZE
Selected objective  name:  line[1]
Selected RHS        name:  RHS
Selected bound      name:  BOUND
Problem '/tmp/cmpl.T10363.mps' read.
Read time = 0.07 sec. (11.94 ticks)
CPLEX> CPXPARAM_Read_APIEncoding                        "UTF-8"
Tried aggregator 3 times.
MIP Presolve eliminated 24019 rows and 37536 columns.
MIP Presolve modified 508 coefficients.
Aggregator did 821 substitutions.
Reduced MIP has 3337 rows, 5798 columns, and 19059 nonzeros.
Reduced MIP has 5588 binaries, 0 generals, 0 SOSs, and 0 indicators.
Presolve time = 0.07 sec. (61.32 ticks)
Found incumbent of value 27750.000000 after 0.12 sec. (107.25 ticks)
Probing time = 0.01 sec. (3.28 ticks)
Tried aggregator 2 times.
MIP Presolve eliminated 3 rows and 0 columns.
MIP Presolve modified 9 coefficients.
Aggregator did 2 substitutions.
Reduced MIP has 3332 rows, 5796 columns, and 19049 nonzeros.
Reduced MIP has 5796 binaries, 0 generals, 0 SOSs, and 0 indicators.
Presolve time = 0.02 sec. (17.12 ticks)
Probing time = 0.01 sec. (3.30 ticks)
Clique table members: 4541.
MIP emphasis: balance optimality and feasibility.
MIP search method: dynamic search.
Parallel mode: none, using 1 thread.
Root relaxation solution time = 0.02 sec. (22.74 ticks)

        Nodes                                         Cuts/
   Node  Left     Objective  IInf  Best Integer    Best Bound    ItCnt     Gap

*     0+    0                        27750.0000     -200.9714           100.72%
      0     0     2967.3371     5    27750.0000     2967.3371     1188   89.31%
*     0+    0                         2968.4800     2967.3371             0.04%
      0     0     2968.0229     2     2968.4800      Cuts: 10     1204    0.02%
*     0     0      integral     0     2968.0686       Cuts: 6     1208    0.00%
      0     0        cutoff           2968.0686     2968.0686     1208    0.00%
Elapsed time = 0.21 sec. (193.98 ticks, tree = 0.01 MB, solutions = 3)

GUB cover cuts applied:  2
Clique cuts applied:  1
Cover cuts applied:  8
Gomory fractional cuts applied:  5

Root node processing (before b&c):
  Real time             =    0.22 sec. (195.97 ticks)
Sequential b&c:
  Real time             =    0.00 sec. (0.00 ticks)
                          ------------
Total (root+branch&cut) =    0.22 sec. (195.97 ticks)

Solution pool: 3 solutions saved.

MIP - Integer optimal solution:  Objective =  2.9680685690e+03
Solution time =    0.22 sec.  Iterations = 1208  Nodes = 0
Deterministic time = 196.10 ticks  (900.02 ticks/sec)

CPLEX> Incumbent solution written to file '/tmp/cmpl.T10363.gsol'.
CPLEX> 
CMPL: Time used for model generation: 1 seconds
CMPL: Time used for solving the model: 1 seconds


Solution written to ASCII file: ../results/output_generated_conf_0.6/2015-11-02-5/equal.sol

Solver - finished
