CMPL model generation - running

CMPL version: 1.11.0
Authors: Thomas Schleiff, Mike Steglich
Distributed under the GPLv3 

create model instance ...
write model instance ...
CMPL model generation - finished

Solver - running


Welcome to IBM(R) ILOG(R) CPLEX(R) Interactive Optimizer 12.7.1.0
  with Simplex, Mixed Integer & Barrier Optimizers
5725-A06 5725-A29 5724-Y48 5724-Y49 5724-Y54 5724-Y55 5655-Y21
Copyright IBM Corp. 1988, 2017.  All Rights Reserved.

Type 'help' for a list of available commands.
Type 'help' followed by a command name for more
information on commands.

CPLEX> Specified objective sense: MINIMIZE
Selected objective  name:  line[1]
Selected RHS        name:  RHS
Selected bound      name:  BOUND
Problem '/tmp/cmpl.T11633.mps' read.
Read time = 0.06 sec. (8.91 ticks)
CPLEX> CPXPARAM_Read_APIEncoding                        "UTF-8"
Tried aggregator 3 times.
MIP Presolve eliminated 18655 rows and 29463 columns.
MIP Presolve modified 340 coefficients.
Aggregator did 1237 substitutions.
Reduced MIP has 2548 rows, 3978 columns, and 11630 nonzeros.
Reduced MIP has 3810 binaries, 0 generals, 0 SOSs, and 0 indicators.
Presolve time = 0.05 sec. (43.40 ticks)
Found incumbent of value 34305.023403 after 0.09 sec. (80.31 ticks)
Probing time = 0.01 sec. (2.70 ticks)
Tried aggregator 1 time.
MIP Presolve eliminated 0 rows and 27 columns.
Reduced MIP has 2548 rows, 3951 columns, and 11576 nonzeros.
Reduced MIP has 3951 binaries, 0 generals, 0 SOSs, and 0 indicators.
Presolve time = 0.01 sec. (9.88 ticks)
Probing time = 0.01 sec. (2.81 ticks)
Clique table members: 3360.
MIP emphasis: balance optimality and feasibility.
MIP search method: dynamic search.
Parallel mode: none, using 1 thread.
Root relaxation solution time = 0.02 sec. (17.22 ticks)

        Nodes                                         Cuts/
   Node  Left     Objective  IInf  Best Integer    Best Bound    ItCnt     Gap

*     0+    0                        34305.0234        0.0000           100.00%
*     0     0      integral     0    14027.4487    14027.4487     1029    0.00%
Elapsed time = 0.14 sec. (121.06 ticks, tree = 0.00 MB, solutions = 2)

Root node processing (before b&c):
  Real time             =    0.15 sec. (122.38 ticks)
Sequential b&c:
  Real time             =    0.00 sec. (0.00 ticks)
                          ------------
Total (root+branch&cut) =    0.15 sec. (122.38 ticks)

Solution pool: 2 solutions saved.

MIP - Integer optimal solution:  Objective =  1.4027448660e+04
Solution time =    0.15 sec.  Iterations = 1029  Nodes = 0
Deterministic time = 122.48 ticks  (835.21 ticks/sec)

CPLEX> Incumbent solution written to file '/tmp/cmpl.T11633.gsol'.
CPLEX> 
CMPL: Time used for model generation: 1 seconds
CMPL: Time used for solving the model: 1 seconds


Solution written to ASCII file: ../results/output_generated_rate_0.7/2016-01-04-4/unequal.sol

Solver - finished
