CMPL model generation - running

CMPL version: 1.11.0
Authors: Thomas Schleiff, Mike Steglich
Distributed under the GPLv3 

create model instance ...
write model instance ...
CMPL model generation - finished

Solver - running


Welcome to IBM(R) ILOG(R) CPLEX(R) Interactive Optimizer 12.7.1.0
  with Simplex, Mixed Integer & Barrier Optimizers
5725-A06 5725-A29 5724-Y48 5724-Y49 5724-Y54 5724-Y55 5655-Y21
Copyright IBM Corp. 1988, 2017.  All Rights Reserved.

Type 'help' for a list of available commands.
Type 'help' followed by a command name for more
information on commands.

CPLEX> Specified objective sense: MINIMIZE
Selected objective  name:  line[1]
Selected RHS        name:  RHS
Selected bound      name:  BOUND
Problem '/tmp/cmpl.XM9965.mps' read.
Read time = 0.06 sec. (11.93 ticks)
CPLEX> CPXPARAM_Read_APIEncoding                        "UTF-8"
Tried aggregator 3 times.
MIP Presolve eliminated 24156 rows and 37797 columns.
MIP Presolve modified 463 coefficients.
Aggregator did 718 substitutions.
Reduced MIP has 3303 rows, 5640 columns, and 18607 nonzeros.
Reduced MIP has 5430 binaries, 0 generals, 0 SOSs, and 0 indicators.
Presolve time = 0.06 sec. (58.64 ticks)
Probing fixed 11 vars, tightened 0 bounds.
Probing time = 0.02 sec. (9.74 ticks)
Tried aggregator 1 time.
MIP Presolve eliminated 0 rows and 11 columns.
MIP Presolve modified 52 coefficients.
Reduced MIP has 3303 rows, 5629 columns, and 18585 nonzeros.
Reduced MIP has 5629 binaries, 0 generals, 0 SOSs, and 0 indicators.
Presolve time = 0.01 sec. (13.49 ticks)
Probing time = 0.01 sec. (3.24 ticks)
Clique table members: 10786.
MIP emphasis: balance optimality and feasibility.
MIP search method: dynamic search.
Parallel mode: none, using 1 thread.
Root relaxation solution time = 0.02 sec. (24.27 ticks)

        Nodes                                         Cuts/
   Node  Left     Objective  IInf  Best Integer    Best Bound    ItCnt     Gap

      0     0      859.4210    12                    859.4210     1082         
*     0+    0                          862.1639      859.4210             0.32%
*     0     0      integral     0      861.7640       Cuts: 7     1087    0.00%
      0     0        cutoff            861.7640      861.7640     1087    0.00%
Elapsed time = 0.23 sec. (201.73 ticks, tree = 0.01 MB, solutions = 2)

GUB cover cuts applied:  1
Clique cuts applied:  1
Cover cuts applied:  3
Gomory fractional cuts applied:  2

Root node processing (before b&c):
  Real time             =    0.23 sec. (203.48 ticks)
Sequential b&c:
  Real time             =    0.00 sec. (0.00 ticks)
                          ------------
Total (root+branch&cut) =    0.23 sec. (203.48 ticks)

Solution pool: 2 solutions saved.

MIP - Integer optimal solution:  Objective =  8.6176397400e+02
Solution time =    0.23 sec.  Iterations = 1087  Nodes = 0
Deterministic time = 203.60 ticks  (872.25 ticks/sec)

CPLEX> Incumbent solution written to file '/tmp/cmpl.XM9965.gsol'.
CPLEX> 
CMPL: Time used for model generation: 1 seconds
CMPL: Time used for solving the model: 1 seconds


Solution written to ASCII file: ../results/output_generated_conf_0.2/2016-05-02-5/equal.sol

Solver - finished
