CMPL model generation - running

CMPL version: 1.11.0
Authors: Thomas Schleiff, Mike Steglich
Distributed under the GPLv3 

create model instance ...
write model instance ...
CMPL model generation - finished

Solver - running


Welcome to IBM(R) ILOG(R) CPLEX(R) Interactive Optimizer 12.7.1.0
  with Simplex, Mixed Integer & Barrier Optimizers
5725-A06 5725-A29 5724-Y48 5724-Y49 5724-Y54 5724-Y55 5655-Y21
Copyright IBM Corp. 1988, 2017.  All Rights Reserved.

Type 'help' for a list of available commands.
Type 'help' followed by a command name for more
information on commands.

CPLEX> Specified objective sense: MINIMIZE
Selected objective  name:  line[1]
Selected RHS        name:  RHS
Selected bound      name:  BOUND
Problem '/tmp/cmpl.XM9912.mps' read.
Read time = 0.12 sec. (10.97 ticks)
CPLEX> CPXPARAM_Read_APIEncoding                        "UTF-8"
Tried aggregator 3 times.
MIP Presolve eliminated 24156 rows and 37797 columns.
MIP Presolve modified 425 coefficients.
Aggregator did 718 substitutions.
Reduced MIP has 3133 rows, 4025 columns, and 11927 nonzeros.
Reduced MIP has 3815 binaries, 0 generals, 0 SOSs, and 0 indicators.
Presolve time = 0.11 sec. (51.51 ticks)
Found incumbent of value 6186.091413 after 0.16 sec. (74.79 ticks)
Probing fixed 11 vars, tightened 0 bounds.
Probing time = 0.02 sec. (5.10 ticks)
Tried aggregator 1 time.
MIP Presolve eliminated 0 rows and 11 columns.
MIP Presolve modified 52 coefficients.
Reduced MIP has 3133 rows, 4014 columns, and 11905 nonzeros.
Reduced MIP has 4014 binaries, 0 generals, 0 SOSs, and 0 indicators.
Presolve time = 0.02 sec. (10.08 ticks)
Probing time = 0.01 sec. (2.84 ticks)
Clique table members: 7018.
MIP emphasis: balance optimality and feasibility.
MIP search method: dynamic search.
Parallel mode: none, using 1 thread.
Root relaxation solution time = 0.01 sec. (5.51 ticks)

        Nodes                                         Cuts/
   Node  Left     Objective  IInf  Best Integer    Best Bound    ItCnt     Gap

*     0+    0                         6186.0914     -281.0820           104.54%
      0     0      844.8381    12     6186.0914      844.8381      109   86.34%
*     0+    0                         1044.1433      844.8381            19.09%
*     0+    0                          847.5810      844.8381             0.32%
*     0     0      integral     0      847.1354       Cuts: 7      112    0.00%
      0     0        cutoff            847.1354      847.1354      112    0.00%
Elapsed time = 0.28 sec. (122.11 ticks, tree = 0.01 MB, solutions = 4)

GUB cover cuts applied:  1
Clique cuts applied:  1
Cover cuts applied:  3
Gomory fractional cuts applied:  2

Root node processing (before b&c):
  Real time             =    0.29 sec. (124.27 ticks)
Sequential b&c:
  Real time             =    0.00 sec. (0.00 ticks)
                          ------------
Total (root+branch&cut) =    0.29 sec. (124.27 ticks)

Solution pool: 4 solutions saved.

MIP - Integer optimal solution:  Objective =  8.4713539700e+02
Solution time =    0.29 sec.  Iterations = 112  Nodes = 0
Deterministic time = 124.39 ticks  (431.91 ticks/sec)

CPLEX> Incumbent solution written to file '/tmp/cmpl.XM9912.gsol'.
CPLEX> 
CMPL: Time used for model generation: 2 seconds
CMPL: Time used for solving the model: 2 seconds


Solution written to ASCII file: ../results/output_generated_conf_0.2/2016-05-02-5/unequal.sol

Solver - finished
