CMPL model generation - running

CMPL version: 1.11.0
Authors: Thomas Schleiff, Mike Steglich
Distributed under the GPLv3 

create model instance ...
write model instance ...
CMPL model generation - finished

Solver - running


Welcome to IBM(R) ILOG(R) CPLEX(R) Interactive Optimizer 12.7.1.0
  with Simplex, Mixed Integer & Barrier Optimizers
5725-A06 5725-A29 5724-Y48 5724-Y49 5724-Y54 5724-Y55 5655-Y21
Copyright IBM Corp. 1988, 2017.  All Rights Reserved.

Type 'help' for a list of available commands.
Type 'help' followed by a command name for more
information on commands.

CPLEX> Specified objective sense: MINIMIZE
Selected objective  name:  line[1]
Selected RHS        name:  RHS
Selected bound      name:  BOUND
Problem '/tmp/cmpl.T12009.mps' read.
Read time = 0.05 sec. (9.74 ticks)
CPLEX> CPXPARAM_Read_APIEncoding                        "UTF-8"
Tried aggregator 3 times.
MIP Presolve eliminated 18497 rows and 29495 columns.
MIP Presolve modified 1008 coefficients.
Aggregator did 1389 substitutions.
Reduced MIP has 2724 rows, 5409 columns, and 17399 nonzeros.
Reduced MIP has 5241 binaries, 0 generals, 0 SOSs, and 0 indicators.
Presolve time = 0.06 sec. (56.71 ticks)
Found incumbent of value 36751.428206 after 0.11 sec. (99.08 ticks)
Probing time = 0.01 sec. (3.01 ticks)
Tried aggregator 1 time.
MIP Presolve eliminated 0 rows and 45 columns.
Reduced MIP has 2724 rows, 5364 columns, and 17309 nonzeros.
Reduced MIP has 5364 binaries, 0 generals, 0 SOSs, and 0 indicators.
Presolve time = 0.02 sec. (14.51 ticks)
Probing time = 0.01 sec. (3.15 ticks)
Clique table members: 3665.
MIP emphasis: balance optimality and feasibility.
MIP search method: dynamic search.
Parallel mode: none, using 1 thread.
Root relaxation solution time = 0.04 sec. (38.90 ticks)

        Nodes                                         Cuts/
   Node  Left     Objective  IInf  Best Integer    Best Bound    ItCnt     Gap

*     0+    0                        36751.4282        0.0000           100.00%
*     0     0      integral     0    17044.6847    17044.6847     2257    0.00%
Elapsed time = 0.20 sec. (170.10 ticks, tree = 0.00 MB, solutions = 2)

Root node processing (before b&c):
  Real time             =    0.20 sec. (171.51 ticks)
Sequential b&c:
  Real time             =    0.00 sec. (0.00 ticks)
                          ------------
Total (root+branch&cut) =    0.20 sec. (171.51 ticks)

Solution pool: 2 solutions saved.

MIP - Integer optimal solution:  Objective =  1.7044684705e+04
Solution time =    0.20 sec.  Iterations = 2257  Nodes = 0
Deterministic time = 171.62 ticks  (845.12 ticks/sec)

CPLEX> Incumbent solution written to file '/tmp/cmpl.T12009.gsol'.
CPLEX> 
CMPL: Time used for model generation: 1 seconds
CMPL: Time used for solving the model: 1 seconds


Solution written to ASCII file: ../results/output_generated_rate_1/2016-07-04-4/equal.sol

Solver - finished
