CMPL model generation - running

CMPL version: 1.11.0
Authors: Thomas Schleiff, Mike Steglich
Distributed under the GPLv3 

create model instance ...
write model instance ...
CMPL model generation - finished

Solver - running


Welcome to IBM(R) ILOG(R) CPLEX(R) Interactive Optimizer 12.7.1.0
  with Simplex, Mixed Integer & Barrier Optimizers
5725-A06 5725-A29 5724-Y48 5724-Y49 5724-Y54 5724-Y55 5655-Y21
Copyright IBM Corp. 1988, 2017.  All Rights Reserved.

Type 'help' for a list of available commands.
Type 'help' followed by a command name for more
information on commands.

CPLEX> Specified objective sense: MINIMIZE
Selected objective  name:  line[1]
Selected RHS        name:  RHS
Selected bound      name:  BOUND
Problem '/tmp/cmpl.T10083.mps' read.
Read time = 0.05 sec. (9.66 ticks)
CPLEX> CPXPARAM_Read_APIEncoding                        "UTF-8"
Tried aggregator 3 times.
MIP Presolve eliminated 19346 rows and 31176 columns.
MIP Presolve modified 440 coefficients.
Aggregator did 610 substitutions.
Reduced MIP has 2654 rows, 4507 columns, and 14725 nonzeros.
Reduced MIP has 4339 binaries, 0 generals, 0 SOSs, and 0 indicators.
Presolve time = 0.05 sec. (50.30 ticks)
Found incumbent of value 21008.334988 after 0.09 sec. (82.93 ticks)
Probing fixed 5 vars, tightened 0 bounds.
Probing time = 0.01 sec. (7.43 ticks)
Tried aggregator 1 time.
MIP Presolve eliminated 0 rows and 5 columns.
MIP Presolve modified 20 coefficients.
Reduced MIP has 2654 rows, 4502 columns, and 14715 nonzeros.
Reduced MIP has 4502 binaries, 0 generals, 0 SOSs, and 0 indicators.
Presolve time = 0.01 sec. (10.61 ticks)
Probing time = 0.01 sec. (2.99 ticks)
Clique table members: 9247.
MIP emphasis: balance optimality and feasibility.
MIP search method: dynamic search.
Parallel mode: none, using 1 thread.
Root relaxation solution time = 0.01 sec. (14.13 ticks)

        Nodes                                         Cuts/
   Node  Left     Objective  IInf  Best Integer    Best Bound    ItCnt     Gap

*     0+    0                        21008.3350     -484.0954           102.30%
      0     0      873.2926    15    21008.3350      873.2926      794   95.84%
*     0+    0                         1093.6658      873.2926            20.15%
*     0+    0                          877.5783      873.2926             0.49%
      0     0      876.8060     3      877.5783      Cuts: 15      799    0.09%
      0     0      877.1398     1      877.5783      Cuts: 10      806    0.05%
*     0+    0                          877.3864      877.1398             0.03%
      0     0        cutoff            877.3864      877.1398      806    0.03%
Elapsed time = 0.20 sec. (182.12 ticks, tree = 0.01 MB, solutions = 4)

GUB cover cuts applied:  1
Clique cuts applied:  1
Cover cuts applied:  15
Gomory fractional cuts applied:  8

Root node processing (before b&c):
  Real time             =    0.20 sec. (184.04 ticks)
Sequential b&c:
  Real time             =    0.00 sec. (0.00 ticks)
                          ------------
Total (root+branch&cut) =    0.20 sec. (184.04 ticks)

Solution pool: 4 solutions saved.

MIP - Integer optimal solution:  Objective =  8.7738644100e+02
Solution time =    0.20 sec.  Iterations = 806  Nodes = 0
Deterministic time = 184.14 ticks  (923.54 ticks/sec)

CPLEX> Incumbent solution written to file '/tmp/cmpl.T10083.gsol'.
CPLEX> 
CMPL: Time used for model generation: 1 seconds
CMPL: Time used for solving the model: 1 seconds


Solution written to ASCII file: ../results/output_generated_conf_0.3/2016-11-07-4/equal.sol

Solver - finished
