CMPL model generation - running

CMPL version: 1.11.0
Authors: Thomas Schleiff, Mike Steglich
Distributed under the GPLv3 

create model instance ...
write model instance ...
CMPL model generation - finished

Solver - running


Welcome to IBM(R) ILOG(R) CPLEX(R) Interactive Optimizer 12.7.1.0
  with Simplex, Mixed Integer & Barrier Optimizers
5725-A06 5725-A29 5724-Y48 5724-Y49 5724-Y54 5724-Y55 5655-Y21
Copyright IBM Corp. 1988, 2017.  All Rights Reserved.

Type 'help' for a list of available commands.
Type 'help' followed by a command name for more
information on commands.

CPLEX> Specified objective sense: MINIMIZE
Selected objective  name:  line[1]
Selected RHS        name:  RHS
Selected bound      name:  BOUND
Problem '/tmp/cmpl.T10404.mps' read.
Read time = 0.05 sec. (9.67 ticks)
CPLEX> CPXPARAM_Read_APIEncoding                        "UTF-8"
Tried aggregator 3 times.
MIP Presolve eliminated 19267 rows and 31025 columns.
MIP Presolve modified 488 coefficients.
Aggregator did 654 substitutions.
Reduced MIP has 2689 rows, 4614 columns, and 15022 nonzeros.
Reduced MIP has 4446 binaries, 0 generals, 0 SOSs, and 0 indicators.
Presolve time = 0.06 sec. (52.34 ticks)
Found incumbent of value 22501.263817 after 0.09 sec. (85.65 ticks)
Probing fixed 12 vars, tightened 0 bounds.
Probing time = 0.02 sec. (7.74 ticks)
Tried aggregator 1 time.
MIP Presolve eliminated 0 rows and 12 columns.
MIP Presolve modified 58 coefficients.
Reduced MIP has 2689 rows, 4602 columns, and 14998 nonzeros.
Reduced MIP has 4602 binaries, 0 generals, 0 SOSs, and 0 indicators.
Presolve time = 0.01 sec. (10.94 ticks)
Probing time = 0.01 sec. (3.01 ticks)
Clique table members: 9437.
MIP emphasis: balance optimality and feasibility.
MIP search method: dynamic search.
Parallel mode: none, using 1 thread.
Root relaxation solution time = 0.01 sec. (13.65 ticks)

        Nodes                                         Cuts/
   Node  Left     Objective  IInf  Best Integer    Best Bound    ItCnt     Gap

*     0+    0                        22501.2638     -263.3642           101.17%
      0     0     2340.6082     7    22501.2638     2340.6082      892   89.60%
*     0+    0                         2460.6198     2340.6082             4.88%
*     0+    0                         2342.6082     2340.6082             0.09%
*     0     0      integral     0     2341.8951      Cuts: 13      904    0.00%
      0     0        cutoff           2341.8951     2341.8951      904    0.00%
Elapsed time = 0.18 sec. (151.08 ticks, tree = 0.01 MB, solutions = 4)

GUB cover cuts applied:  1
Clique cuts applied:  1
Cover cuts applied:  7
Gomory fractional cuts applied:  4

Root node processing (before b&c):
  Real time             =    0.18 sec. (153.00 ticks)
Sequential b&c:
  Real time             =    0.00 sec. (0.00 ticks)
                          ------------
Total (root+branch&cut) =    0.18 sec. (153.00 ticks)

Solution pool: 4 solutions saved.

MIP - Integer optimal solution:  Objective =  2.3418951200e+03
Solution time =    0.18 sec.  Iterations = 904  Nodes = 0
Deterministic time = 153.11 ticks  (847.25 ticks/sec)

CPLEX> Incumbent solution written to file '/tmp/cmpl.T10404.gsol'.
CPLEX> 
CMPL: Time used for model generation: 1 seconds
CMPL: Time used for solving the model: 1 seconds


Solution written to ASCII file: ../results/output_generated_conf_0.6/2017-06-05-4/equal.sol

Solver - finished
