CMPL model generation - running

CMPL version: 1.11.0
Authors: Thomas Schleiff, Mike Steglich
Distributed under the GPLv3 

create model instance ...
write model instance ...
CMPL model generation - finished

Solver - running


Welcome to IBM(R) ILOG(R) CPLEX(R) Interactive Optimizer 12.7.1.0
  with Simplex, Mixed Integer & Barrier Optimizers
5725-A06 5725-A29 5724-Y48 5724-Y49 5724-Y54 5724-Y55 5655-Y21
Copyright IBM Corp. 1988, 2017.  All Rights Reserved.

Type 'help' for a list of available commands.
Type 'help' followed by a command name for more
information on commands.

CPLEX> Specified objective sense: MINIMIZE
Selected objective  name:  line[1]
Selected RHS        name:  RHS
Selected bound      name:  BOUND
Problem '/tmp/cmpl.T10353.mps' read.
Read time = 0.05 sec. (8.86 ticks)
CPLEX> CPXPARAM_Read_APIEncoding                        "UTF-8"
Tried aggregator 3 times.
MIP Presolve eliminated 19267 rows and 30685 columns.
MIP Presolve modified 340 coefficients.
Aggregator did 654 substitutions.
Reduced MIP has 2519 rows, 3339 columns, and 9729 nonzeros.
Reduced MIP has 3171 binaries, 0 generals, 0 SOSs, and 0 indicators.
Presolve time = 0.05 sec. (43.25 ticks)
Found incumbent of value 11912.357286 after 0.08 sec. (63.34 ticks)
Probing fixed 12 vars, tightened 0 bounds.
Probing time = 0.01 sec. (4.34 ticks)
Tried aggregator 1 time.
MIP Presolve eliminated 0 rows and 12 columns.
MIP Presolve modified 58 coefficients.
Reduced MIP has 2519 rows, 3327 columns, and 9705 nonzeros.
Reduced MIP has 3327 binaries, 0 generals, 0 SOSs, and 0 indicators.
Presolve time = 0.01 sec. (8.25 ticks)
Probing time = 0.01 sec. (2.69 ticks)
Clique table members: 5932.
MIP emphasis: balance optimality and feasibility.
MIP search method: dynamic search.
Parallel mode: none, using 1 thread.
Root relaxation solution time = 0.00 sec. (5.32 ticks)

        Nodes                                         Cuts/
   Node  Left     Objective  IInf  Best Integer    Best Bound    ItCnt     Gap

*     0+    0                        11912.3573     -263.3642           102.21%
      0     0     2329.6140     7    11912.3573     2329.6140      207   80.44%
*     0+    0                         2390.1318     2329.6140             2.53%
*     0+    0                         2331.6141     2329.6140             0.09%
*     0     0      integral     0     2330.7517      Cuts: 12      213    0.00%
      0     0        cutoff           2330.7517     2330.7517      213    0.00%
Elapsed time = 0.13 sec. (106.43 ticks, tree = 0.01 MB, solutions = 4)

GUB cover cuts applied:  1
Cover cuts applied:  7
Gomory fractional cuts applied:  4

Root node processing (before b&c):
  Real time             =    0.13 sec. (108.19 ticks)
Sequential b&c:
  Real time             =    0.00 sec. (0.00 ticks)
                          ------------
Total (root+branch&cut) =    0.13 sec. (108.19 ticks)

Solution pool: 4 solutions saved.

MIP - Integer optimal solution:  Objective =  2.3307517420e+03
Solution time =    0.13 sec.  Iterations = 213  Nodes = 0
Deterministic time = 108.29 ticks  (805.83 ticks/sec)

CPLEX> Incumbent solution written to file '/tmp/cmpl.T10353.gsol'.
CPLEX> 
CMPL: Time used for model generation: 1 seconds
CMPL: Time used for solving the model: 1 seconds


Solution written to ASCII file: ../results/output_generated_conf_0.6/2017-06-05-4/unequal.sol

Solver - finished
