CMPL model generation - running

CMPL version: 1.11.0
Authors: Thomas Schleiff, Mike Steglich
Distributed under the GPLv3 

create model instance ...
write model instance ...
CMPL model generation - finished

Solver - running


Welcome to IBM(R) ILOG(R) CPLEX(R) Interactive Optimizer 12.7.1.0
  with Simplex, Mixed Integer & Barrier Optimizers
5725-A06 5725-A29 5724-Y48 5724-Y49 5724-Y54 5724-Y55 5655-Y21
Copyright IBM Corp. 1988, 2017.  All Rights Reserved.

Type 'help' for a list of available commands.
Type 'help' followed by a command name for more
information on commands.

CPLEX> Specified objective sense: MINIMIZE
Selected objective  name:  line[1]
Selected RHS        name:  RHS
Selected bound      name:  BOUND
Problem '/tmp/cmpl.T10497.mps' read.
Read time = 0.05 sec. (9.67 ticks)
CPLEX> CPXPARAM_Read_APIEncoding                        "UTF-8"
Tried aggregator 3 times.
MIP Presolve eliminated 19201 rows and 30895 columns.
MIP Presolve modified 521 coefficients.
Aggregator did 707 substitutions.
Reduced MIP has 2702 rows, 4691 columns, and 15253 nonzeros.
Reduced MIP has 4523 binaries, 0 generals, 0 SOSs, and 0 indicators.
Presolve time = 0.06 sec. (52.76 ticks)
Probing time = 0.01 sec. (3.06 ticks)
Tried aggregator 1 time.
MIP Presolve eliminated 1 rows and 0 columns.
MIP Presolve modified 3 coefficients.
Reduced MIP has 2701 rows, 4691 columns, and 15249 nonzeros.
Reduced MIP has 4691 binaries, 0 generals, 0 SOSs, and 0 indicators.
Presolve time = 0.01 sec. (12.31 ticks)
Probing time = 0.01 sec. (3.06 ticks)
Clique table members: 4169.
MIP emphasis: balance optimality and feasibility.
MIP search method: dynamic search.
Parallel mode: none, using 1 thread.
Root relaxation solution time = 0.02 sec. (17.33 ticks)

        Nodes                                         Cuts/
   Node  Left     Objective  IInf  Best Integer    Best Bound    ItCnt     Gap

      0     0     3614.4426     2                   3614.4426     1105         
*     0+    0                         3654.2085     3614.4426             1.09%
*     0+    0                         3615.0141     3614.4426             0.02%
      0     0        cutoff           3615.0141                   1105    0.00%
Elapsed time = 0.19 sec. (159.73 ticks, tree = 0.01 MB, solutions = 2)

Root node processing (before b&c):
  Real time             =    0.19 sec. (161.17 ticks)
Sequential b&c:
  Real time             =    0.00 sec. (0.00 ticks)
                          ------------
Total (root+branch&cut) =    0.19 sec. (161.17 ticks)

Solution pool: 2 solutions saved.

MIP - Integer optimal solution:  Objective =  3.6150140640e+03
Solution time =    0.19 sec.  Iterations = 1105  Nodes = 0
Deterministic time = 161.27 ticks  (842.45 ticks/sec)

CPLEX> Incumbent solution written to file '/tmp/cmpl.T10497.gsol'.
CPLEX> 
CMPL: Time used for model generation: 1 seconds
CMPL: Time used for solving the model: 0 seconds


Solution written to ASCII file: ../results/output_generated_conf_0.7/2017-01-09-4/equal.sol

Solver - finished
