CMPL model generation - running

CMPL version: 1.11.0
Authors: Thomas Schleiff, Mike Steglich
Distributed under the GPLv3 

create model instance ...
write model instance ...
CMPL model generation - finished

Solver - running


Welcome to IBM(R) ILOG(R) CPLEX(R) Interactive Optimizer 12.7.1.0
  with Simplex, Mixed Integer & Barrier Optimizers
5725-A06 5725-A29 5724-Y48 5724-Y49 5724-Y54 5724-Y55 5655-Y21
Copyright IBM Corp. 1988, 2017.  All Rights Reserved.

Type 'help' for a list of available commands.
Type 'help' followed by a command name for more
information on commands.

CPLEX> Specified objective sense: MINIMIZE
Selected objective  name:  line[1]
Selected RHS        name:  RHS
Selected bound      name:  BOUND
Problem '/tmp/cmpl.T10804.mps' read.
Read time = 0.05 sec. (9.75 ticks)
CPLEX> CPXPARAM_Read_APIEncoding                        "UTF-8"
Tried aggregator 3 times.
MIP Presolve eliminated 18484 rows and 29461 columns.
MIP Presolve modified 1030 coefficients.
Aggregator did 1408 substitutions.
Reduced MIP has 2718 rows, 5424 columns, and 17436 nonzeros.
Reduced MIP has 5256 binaries, 0 generals, 0 SOSs, and 0 indicators.
Presolve time = 0.06 sec. (56.86 ticks)
Probing time = 0.01 sec. (3.01 ticks)
Tried aggregator 1 time.
MIP Presolve eliminated 0 rows and 41 columns.
Reduced MIP has 2718 rows, 5383 columns, and 17354 nonzeros.
Reduced MIP has 5383 binaries, 0 generals, 0 SOSs, and 0 indicators.
Presolve time = 0.02 sec. (13.78 ticks)
Probing time = 0.01 sec. (3.15 ticks)
Clique table members: 3616.
MIP emphasis: balance optimality and feasibility.
MIP search method: dynamic search.
Parallel mode: none, using 1 thread.
Root relaxation solution time = 0.04 sec. (37.85 ticks)

        Nodes                                         Cuts/
   Node  Left     Objective  IInf  Best Integer    Best Bound    ItCnt     Gap

*     0     0      integral     0    17390.1454    17390.1454     2258    0.00%
Elapsed time = 0.22 sec. (183.13 ticks, tree = 0.00 MB, solutions = 1)

Root node processing (before b&c):
  Real time             =    0.23 sec. (184.29 ticks)
Sequential b&c:
  Real time             =    0.00 sec. (0.00 ticks)
                          ------------
Total (root+branch&cut) =    0.23 sec. (184.29 ticks)

Solution pool: 1 solution saved.

MIP - Integer optimal solution:  Objective =  1.7390145441e+04
Solution time =    0.23 sec.  Iterations = 2258  Nodes = 0
Deterministic time = 184.40 ticks  (814.18 ticks/sec)

CPLEX> Incumbent solution written to file '/tmp/cmpl.T10804.gsol'.
CPLEX> 
CMPL: Time used for model generation: 1 seconds
CMPL: Time used for solving the model: 0 seconds


Solution written to ASCII file: ../results/output_generated_conf_1/2017-02-06-4/equal.sol

Solver - finished
