CMPL model generation - running

CMPL version: 1.11.0
Authors: Thomas Schleiff, Mike Steglich
Distributed under the GPLv3 

create model instance ...
write model instance ...
CMPL model generation - finished

Solver - running


Welcome to IBM(R) ILOG(R) CPLEX(R) Interactive Optimizer 12.7.1.0
  with Simplex, Mixed Integer & Barrier Optimizers
5725-A06 5725-A29 5724-Y48 5724-Y49 5724-Y54 5724-Y55 5655-Y21
Copyright IBM Corp. 1988, 2017.  All Rights Reserved.

Type 'help' for a list of available commands.
Type 'help' followed by a command name for more
information on commands.

CPLEX> Specified objective sense: MINIMIZE
Selected objective  name:  line[1]
Selected RHS        name:  RHS
Selected bound      name:  BOUND
Problem '/tmp/cmpl.XM9883.mps' read.
Read time = 0.06 sec. (11.93 ticks)
CPLEX> CPXPARAM_Read_APIEncoding                        "UTF-8"
Tried aggregator 3 times.
MIP Presolve eliminated 24180 rows and 37838 columns.
MIP Presolve modified 451 coefficients.
Aggregator did 703 substitutions.
Reduced MIP has 3294 rows, 5614 columns, and 18535 nonzeros.
Reduced MIP has 5404 binaries, 0 generals, 0 SOSs, and 0 indicators.
Presolve time = 0.06 sec. (58.73 ticks)
Probing fixed 9 vars, tightened 0 bounds.
Probing time = 0.02 sec. (9.66 ticks)
Tried aggregator 1 time.
MIP Presolve eliminated 0 rows and 9 columns.
MIP Presolve modified 36 coefficients.
Reduced MIP has 3294 rows, 5605 columns, and 18517 nonzeros.
Reduced MIP has 5605 binaries, 0 generals, 0 SOSs, and 0 indicators.
Presolve time = 0.01 sec. (13.47 ticks)
Probing time = 0.01 sec. (3.25 ticks)
Clique table members: 10568.
MIP emphasis: balance optimality and feasibility.
MIP search method: dynamic search.
Parallel mode: none, using 1 thread.
Root relaxation solution time = 0.02 sec. (18.86 ticks)

        Nodes                                         Cuts/
   Node  Left     Objective  IInf  Best Integer    Best Bound    ItCnt     Gap

      0     0      532.1951    18                    532.1951      846         
*     0+    0                          536.3094      532.1951             0.77%
*     0     0      integral     0      536.2408       Cuts: 7      852    0.00%
      0     0        cutoff            536.2408      536.2408      852    0.00%
Elapsed time = 0.22 sec. (196.09 ticks, tree = 0.01 MB, solutions = 2)

GUB cover cuts applied:  1
Clique cuts applied:  1
Cover cuts applied:  3
Gomory fractional cuts applied:  2

Root node processing (before b&c):
  Real time             =    0.22 sec. (197.84 ticks)
Sequential b&c:
  Real time             =    0.00 sec. (0.00 ticks)
                          ------------
Total (root+branch&cut) =    0.22 sec. (197.84 ticks)

Solution pool: 2 solutions saved.

MIP - Integer optimal solution:  Objective =  5.3624078700e+02
Solution time =    0.22 sec.  Iterations = 852  Nodes = 0
Deterministic time = 197.97 ticks  (893.26 ticks/sec)

CPLEX> Incumbent solution written to file '/tmp/cmpl.XM9883.gsol'.
CPLEX> 
CMPL: Time used for model generation: 1 seconds
CMPL: Time used for solving the model: 1 seconds


Solution written to ASCII file: ../results/output_generated_conf_0.1/2017-05-01-5/equal.sol

Solver - finished
