CMPL model generation - running

CMPL version: 1.11.0
Authors: Thomas Schleiff, Mike Steglich
Distributed under the GPLv3 

create model instance ...
write model instance ...
CMPL model generation - finished

Solver - running


Welcome to IBM(R) ILOG(R) CPLEX(R) Interactive Optimizer 12.7.1.0
  with Simplex, Mixed Integer & Barrier Optimizers
5725-A06 5725-A29 5724-Y48 5724-Y49 5724-Y54 5724-Y55 5655-Y21
Copyright IBM Corp. 1988, 2017.  All Rights Reserved.

Type 'help' for a list of available commands.
Type 'help' followed by a command name for more
information on commands.

CPLEX> Specified objective sense: MINIMIZE
Selected objective  name:  line[1]
Selected RHS        name:  RHS
Selected bound      name:  BOUND
Problem '/tmp/cmpl.XM9835.mps' read.
Read time = 0.06 sec. (10.96 ticks)
CPLEX> CPXPARAM_Read_APIEncoding                        "UTF-8"
Tried aggregator 3 times.
MIP Presolve eliminated 24180 rows and 37838 columns.
MIP Presolve modified 425 coefficients.
Aggregator did 703 substitutions.
Reduced MIP has 3124 rows, 3999 columns, and 11855 nonzeros.
Reduced MIP has 3789 binaries, 0 generals, 0 SOSs, and 0 indicators.
Presolve time = 0.06 sec. (53.32 ticks)
Found incumbent of value 7872.906031 after 0.10 sec. (121.51 ticks)
Probing fixed 9 vars, tightened 0 bounds.
Probing time = 0.01 sec. (5.06 ticks)
Tried aggregator 1 time.
MIP Presolve eliminated 0 rows and 9 columns.
MIP Presolve modified 36 coefficients.
Reduced MIP has 3124 rows, 3990 columns, and 11837 nonzeros.
Reduced MIP has 3990 binaries, 0 generals, 0 SOSs, and 0 indicators.
Presolve time = 0.01 sec. (10.05 ticks)
Probing time = 0.01 sec. (2.82 ticks)
Clique table members: 6895.
MIP emphasis: balance optimality and feasibility.
MIP search method: dynamic search.
Parallel mode: none, using 1 thread.
Root relaxation solution time = 0.00 sec. (5.44 ticks)

        Nodes                                         Cuts/
   Node  Left     Objective  IInf  Best Integer    Best Bound    ItCnt     Gap

*     0+    0                         7872.9060     -341.2257           104.33%
      0     0      517.3837    18     7872.9060      517.3837       95   93.43%
*     0+    0                          853.9006      517.3837            39.41%
*     0+    0                          521.4980      517.3837             0.79%
*     0     0      integral     0      521.3836       Cuts: 6       99    0.00%
      0     0        cutoff            521.3836      521.3836       99    0.00%
Elapsed time = 0.16 sec. (171.15 ticks, tree = 0.01 MB, solutions = 4)

GUB cover cuts applied:  1
Cover cuts applied:  3
Gomory fractional cuts applied:  2

Root node processing (before b&c):
  Real time             =    0.16 sec. (173.31 ticks)
Sequential b&c:
  Real time             =    0.00 sec. (0.00 ticks)
                          ------------
Total (root+branch&cut) =    0.16 sec. (173.31 ticks)

Solution pool: 4 solutions saved.

MIP - Integer optimal solution:  Objective =  5.2138364100e+02
Solution time =    0.16 sec.  Iterations = 99  Nodes = 0
Deterministic time = 173.44 ticks  (1062.94 ticks/sec)

CPLEX> Incumbent solution written to file '/tmp/cmpl.XM9835.gsol'.
CPLEX> 
CMPL: Time used for model generation: 1 seconds
CMPL: Time used for solving the model: 1 seconds


Solution written to ASCII file: ../results/output_generated_conf_0.1/2017-05-01-5/unequal.sol

Solver - finished
