CMPL model generation - running

CMPL version: 1.11.0
Authors: Thomas Schleiff, Mike Steglich
Distributed under the GPLv3 

create model instance ...
write model instance ...
CMPL model generation - finished

Solver - running


Welcome to IBM(R) ILOG(R) CPLEX(R) Interactive Optimizer 12.7.1.0
  with Simplex, Mixed Integer & Barrier Optimizers
5725-A06 5725-A29 5724-Y48 5724-Y49 5724-Y54 5724-Y55 5655-Y21
Copyright IBM Corp. 1988, 2017.  All Rights Reserved.

Type 'help' for a list of available commands.
Type 'help' followed by a command name for more
information on commands.

CPLEX> Specified objective sense: MINIMIZE
Selected objective  name:  line[1]
Selected RHS        name:  RHS
Selected bound      name:  BOUND
Problem '/tmp/cmpl.T10398.mps' read.
Read time = 0.05 sec. (9.67 ticks)
CPLEX> CPXPARAM_Read_APIEncoding                        "UTF-8"
Tried aggregator 3 times.
MIP Presolve eliminated 19256 rows and 31001 columns.
MIP Presolve modified 492 coefficients.
Aggregator did 663 substitutions.
Reduced MIP has 2691 rows, 4629 columns, and 15067 nonzeros.
Reduced MIP has 4461 binaries, 0 generals, 0 SOSs, and 0 indicators.
Presolve time = 0.06 sec. (52.56 ticks)
Probing time = 0.01 sec. (3.06 ticks)
Tried aggregator 1 time.
Reduced MIP has 2691 rows, 4629 columns, and 15067 nonzeros.
Reduced MIP has 4629 binaries, 0 generals, 0 SOSs, and 0 indicators.
Presolve time = 0.01 sec. (10.62 ticks)
Probing time = 0.01 sec. (3.04 ticks)
Clique table members: 4250.
MIP emphasis: balance optimality and feasibility.
MIP search method: dynamic search.
Parallel mode: none, using 1 thread.
Root relaxation solution time = 0.01 sec. (14.53 ticks)

        Nodes                                         Cuts/
   Node  Left     Objective  IInf  Best Integer    Best Bound    ItCnt     Gap

      0     0     2573.2588     7                   2573.2588      822         
*     0+    0                         2575.2588     2573.2588             0.08%
*     0     0      integral     0     2574.3713      Cuts: 15      842    0.00%
      0     0        cutoff           2574.3713     2574.3713      842    0.00%
Elapsed time = 0.18 sec. (159.34 ticks, tree = 0.01 MB, solutions = 2)

GUB cover cuts applied:  2
Cover cuts applied:  8
Gomory fractional cuts applied:  3

Root node processing (before b&c):
  Real time             =    0.18 sec. (160.78 ticks)
Sequential b&c:
  Real time             =    0.00 sec. (0.00 ticks)
                          ------------
Total (root+branch&cut) =    0.18 sec. (160.78 ticks)

Solution pool: 2 solutions saved.

MIP - Integer optimal solution:  Objective =  2.5743713430e+03
Solution time =    0.18 sec.  Iterations = 842  Nodes = 0
Deterministic time = 160.88 ticks  (871.14 ticks/sec)

CPLEX> Incumbent solution written to file '/tmp/cmpl.T10398.gsol'.
CPLEX> 
CMPL: Time used for model generation: 1 seconds
CMPL: Time used for solving the model: 1 seconds


Solution written to ASCII file: ../results/output_generated_conf_0.6/2017-03-06-4/equal.sol

Solver - finished
