CMPL model generation - running

CMPL version: 1.11.0
Authors: Thomas Schleiff, Mike Steglich
Distributed under the GPLv3 

create model instance ...
write model instance ...
CMPL model generation - finished

Solver - running


Welcome to IBM(R) ILOG(R) CPLEX(R) Interactive Optimizer 12.7.1.0
  with Simplex, Mixed Integer & Barrier Optimizers
5725-A06 5725-A29 5724-Y48 5724-Y49 5724-Y54 5724-Y55 5655-Y21
Copyright IBM Corp. 1988, 2017.  All Rights Reserved.

Type 'help' for a list of available commands.
Type 'help' followed by a command name for more
information on commands.

CPLEX> Specified objective sense: MINIMIZE
Selected objective  name:  line[1]
Selected RHS        name:  RHS
Selected bound      name:  BOUND
Problem '/tmp/cmpl.T10347.mps' read.
Read time = 0.05 sec. (8.86 ticks)
CPLEX> CPXPARAM_Read_APIEncoding                        "UTF-8"
Tried aggregator 3 times.
MIP Presolve eliminated 19256 rows and 30661 columns.
MIP Presolve modified 340 coefficients.
Aggregator did 663 substitutions.
Reduced MIP has 2521 rows, 3354 columns, and 9774 nonzeros.
Reduced MIP has 3186 binaries, 0 generals, 0 SOSs, and 0 indicators.
Presolve time = 0.05 sec. (43.30 ticks)
Found incumbent of value 10512.929887 after 0.08 sec. (69.46 ticks)
Probing fixed 17 vars, tightened 0 bounds.
Probing time = 0.01 sec. (4.36 ticks)
Tried aggregator 1 time.
MIP Presolve eliminated 0 rows and 17 columns.
MIP Presolve modified 83 coefficients.
Reduced MIP has 2521 rows, 3337 columns, and 9740 nonzeros.
Reduced MIP has 3337 binaries, 0 generals, 0 SOSs, and 0 indicators.
Presolve time = 0.01 sec. (8.36 ticks)
Probing time = 0.01 sec. (2.69 ticks)
Clique table members: 5967.
MIP emphasis: balance optimality and feasibility.
MIP search method: dynamic search.
Parallel mode: none, using 1 thread.
Root relaxation solution time = 0.01 sec. (5.34 ticks)

        Nodes                                         Cuts/
   Node  Left     Objective  IInf  Best Integer    Best Bound    ItCnt     Gap

*     0+    0                        10512.9299     -221.9227           102.11%
      0     0     2561.6540     4    10512.9299     2561.6540      191   75.63%
*     0+    0                         2601.3130     2561.6540             1.52%
*     0+    0                         2562.7968     2561.6540             0.04%
*     0     0      integral     0     2562.5107       Cuts: 6      193    0.00%
      0     0        cutoff           2562.5107     2562.5107      193    0.00%
Elapsed time = 0.14 sec. (113.24 ticks, tree = 0.01 MB, solutions = 4)

GUB cover cuts applied:  1
Cover cuts applied:  3
Gomory fractional cuts applied:  2

Root node processing (before b&c):
  Real time             =    0.14 sec. (115.00 ticks)
Sequential b&c:
  Real time             =    0.00 sec. (0.00 ticks)
                          ------------
Total (root+branch&cut) =    0.14 sec. (115.00 ticks)

Solution pool: 4 solutions saved.

MIP - Integer optimal solution:  Objective =  2.5625106870e+03
Solution time =    0.14 sec.  Iterations = 193  Nodes = 0
Deterministic time = 115.10 ticks  (822.15 ticks/sec)

CPLEX> Incumbent solution written to file '/tmp/cmpl.T10347.gsol'.
CPLEX> 
CMPL: Time used for model generation: 1 seconds
CMPL: Time used for solving the model: 0 seconds


Solution written to ASCII file: ../results/output_generated_conf_0.6/2017-03-06-4/unequal.sol

Solver - finished
