CMPL model generation - running

CMPL version: 1.11.0
Authors: Thomas Schleiff, Mike Steglich
Distributed under the GPLv3 

create model instance ...
write model instance ...
CMPL model generation - finished

Solver - running


Welcome to IBM(R) ILOG(R) CPLEX(R) Interactive Optimizer 12.7.1.0
  with Simplex, Mixed Integer & Barrier Optimizers
5725-A06 5725-A29 5724-Y48 5724-Y49 5724-Y54 5724-Y55 5655-Y21
Copyright IBM Corp. 1988, 2017.  All Rights Reserved.

Type 'help' for a list of available commands.
Type 'help' followed by a command name for more
information on commands.

CPLEX> Specified objective sense: MINIMIZE
Selected objective  name:  line[1]
Selected RHS        name:  RHS
Selected bound      name:  BOUND
Problem '/tmp/cmpl.T15555.mps' read.
Read time = 0.06 sec. (9.61 ticks)
CPLEX> CPXPARAM_Read_APIEncoding                        "UTF-8"
Tried aggregator 3 times.
MIP Presolve eliminated 19397 rows and 31268 columns.
MIP Presolve modified 417 coefficients.
Aggregator did 589 substitutions.
Reduced MIP has 2624 rows, 4436 columns, and 14548 nonzeros.
Reduced MIP has 4268 binaries, 0 generals, 0 SOSs, and 0 indicators.
Presolve time = 0.06 sec. (49.88 ticks)
Found incumbent of value 16800.000000 after 0.09 sec. (72.31 ticks)
Probing fixed 4 vars, tightened 0 bounds.
Probing time = 0.01 sec. (7.08 ticks)
Tried aggregator 1 time.
MIP Presolve eliminated 1 rows and 4 columns.
MIP Presolve modified 17 coefficients.
Reduced MIP has 2623 rows, 4432 columns, and 14536 nonzeros.
Reduced MIP has 4432 binaries, 0 generals, 0 SOSs, and 0 indicators.
Presolve time = 0.01 sec. (12.42 ticks)
Probing time = 0.01 sec. (3.00 ticks)
Clique table members: 8142.
MIP emphasis: balance optimality and feasibility.
MIP search method: dynamic search.
Parallel mode: none, using 1 thread.
Root relaxation solution time = 0.01 sec. (7.73 ticks)

        Nodes                                         Cuts/
   Node  Left     Objective  IInf  Best Integer    Best Bound    ItCnt     Gap

*     0+    0                        16800.0000        0.0000           100.00%
      0     0        0.0000   122    16800.0000        0.0000      206  100.00%
      0     0        0.0000    33    16800.0000      Cuts: 56      245  100.00%
      0     0        0.0000    28    16800.0000      Cuts: 84      307  100.00%
      0     0        0.0000    34    16800.0000      Cuts: 52      347  100.00%
      0     0        0.0000     9    16800.0000       Cuts: 3      351  100.00%
*     0     0      integral     0        0.0000      Cuts: 29      360    0.00%
      0     0        cutoff              0.0000        0.0000      360    0.00%
Elapsed time = 0.32 sec. (305.37 ticks, tree = 0.01 MB, solutions = 2)

GUB cover cuts applied:  31
Clique cuts applied:  50
Cover cuts applied:  4
Flow cuts applied:  6
Mixed integer rounding cuts applied:  30
Zero-half cuts applied:  21
Lift and project cuts applied:  8
Gomory fractional cuts applied:  12

Root node processing (before b&c):
  Real time             =    0.32 sec. (306.81 ticks)
Sequential b&c:
  Real time             =    0.00 sec. (0.00 ticks)
                          ------------
Total (root+branch&cut) =    0.32 sec. (306.81 ticks)

Solution pool: 2 solutions saved.

MIP - Integer optimal solution:  Objective =  0.0000000000e+00
Solution time =    0.32 sec.  Iterations = 360  Nodes = 0
Deterministic time = 306.92 ticks  (947.32 ticks/sec)

CPLEX> Incumbent solution written to file '/tmp/cmpl.T15555.gsol'.
CPLEX> 
CMPL: Time used for model generation: 1 seconds
CMPL: Time used for solving the model: 1 seconds


Solution written to ASCII file: ../results/results_unfair_conf_0/2017-08-07-4/unequal-unfair.sol

Solver - finished
