CMPL model generation - running

CMPL version: 1.11.0
Authors: Thomas Schleiff, Mike Steglich
Distributed under the GPLv3 

create model instance ...
write model instance ...
CMPL model generation - finished

Solver - running


Welcome to IBM(R) ILOG(R) CPLEX(R) Interactive Optimizer 12.7.1.0
  with Simplex, Mixed Integer & Barrier Optimizers
5725-A06 5725-A29 5724-Y48 5724-Y49 5724-Y54 5724-Y55 5655-Y21
Copyright IBM Corp. 1988, 2017.  All Rights Reserved.

Type 'help' for a list of available commands.
Type 'help' followed by a command name for more
information on commands.

CPLEX> Specified objective sense: MINIMIZE
Selected objective  name:  line[1]
Selected RHS        name:  RHS
Selected bound      name:  BOUND
Problem '/tmp/cmpl.XM9955.mps' read.
Read time = 0.05 sec. (9.66 ticks)
CPLEX> CPXPARAM_Read_APIEncoding                        "UTF-8"
Tried aggregator 3 times.
MIP Presolve eliminated 19370 rows and 31213 columns.
MIP Presolve modified 432 coefficients.
Aggregator did 595 substitutions.
Reduced MIP has 2645 rows, 4485 columns, and 14673 nonzeros.
Reduced MIP has 4317 binaries, 0 generals, 0 SOSs, and 0 indicators.
Presolve time = 0.06 sec. (51.73 ticks)
Probing fixed 5 vars, tightened 0 bounds.
Probing time = 0.01 sec. (7.37 ticks)
Tried aggregator 1 time.
MIP Presolve eliminated 0 rows and 5 columns.
MIP Presolve modified 19 coefficients.
Reduced MIP has 2645 rows, 4480 columns, and 14663 nonzeros.
Reduced MIP has 4480 binaries, 0 generals, 0 SOSs, and 0 indicators.
Presolve time = 0.01 sec. (10.70 ticks)
Probing time = 0.01 sec. (3.00 ticks)
Clique table members: 8871.
MIP emphasis: balance optimality and feasibility.
MIP search method: dynamic search.
Parallel mode: none, using 1 thread.
Root relaxation solution time = 0.01 sec. (14.60 ticks)

        Nodes                                         Cuts/
   Node  Left     Objective  IInf  Best Integer    Best Bound    ItCnt     Gap

      0     0      649.6800    17                    649.6800      798         
*     0+    0                          654.5371      649.6800             0.74%
      0     0      653.8743     1      654.5371      Cuts: 20      812    0.10%
*     0+    0                          653.8743      653.8743             0.00%
      0     0        cutoff            653.8743      653.8743      812    0.00%
Elapsed time = 0.20 sec. (166.07 ticks, tree = 0.01 MB, solutions = 2)

Clique cuts applied:  5
Cover cuts applied:  10
Gomory fractional cuts applied:  5

Root node processing (before b&c):
  Real time             =    0.21 sec. (167.50 ticks)
Sequential b&c:
  Real time             =    0.00 sec. (0.00 ticks)
                          ------------
Total (root+branch&cut) =    0.21 sec. (167.50 ticks)

Solution pool: 2 solutions saved.

MIP - Integer optimal solution:  Objective =  6.5387428700e+02
Solution time =    0.21 sec.  Iterations = 812  Nodes = 0
Deterministic time = 167.60 ticks  (815.65 ticks/sec)

CPLEX> Incumbent solution written to file '/tmp/cmpl.XM9955.gsol'.
CPLEX> 
CMPL: Time used for model generation: 1 seconds
CMPL: Time used for solving the model: 1 seconds


Solution written to ASCII file: ../results/output_generated_conf_0.2/2015-12-07-4/equal.sol

Solver - finished
