CMPL model generation - running

CMPL version: 1.11.0
Authors: Thomas Schleiff, Mike Steglich
Distributed under the GPLv3 

create model instance ...
write model instance ...
CMPL model generation - finished

Solver - running


Welcome to IBM(R) ILOG(R) CPLEX(R) Interactive Optimizer 12.7.1.0
  with Simplex, Mixed Integer & Barrier Optimizers
5725-A06 5725-A29 5724-Y48 5724-Y49 5724-Y54 5724-Y55 5655-Y21
Copyright IBM Corp. 1988, 2017.  All Rights Reserved.

Type 'help' for a list of available commands.
Type 'help' followed by a command name for more
information on commands.

CPLEX> Specified objective sense: MINIMIZE
Selected objective  name:  line[1]
Selected RHS        name:  RHS
Selected bound      name:  BOUND
Problem '/tmp/cmpl.T11125.mps' read.
Read time = 0.06 sec. (10.99 ticks)
CPLEX> CPXPARAM_Read_APIEncoding                        "UTF-8"
Tried aggregator 3 times.
MIP Presolve eliminated 23897 rows and 37285 columns.
MIP Presolve modified 425 coefficients.
Aggregator did 928 substitutions.
Reduced MIP has 3182 rows, 4327 columns, and 12797 nonzeros.
Reduced MIP has 4117 binaries, 0 generals, 0 SOSs, and 0 indicators.
Presolve time = 0.06 sec. (52.12 ticks)
Found incumbent of value 26958.997540 after 0.10 sec. (84.88 ticks)
Probing fixed 28 vars, tightened 0 bounds.
Probing time = 0.01 sec. (5.69 ticks)
Tried aggregator 1 time.
MIP Presolve eliminated 0 rows and 28 columns.
MIP Presolve modified 188 coefficients.
Reduced MIP has 3182 rows, 4299 columns, and 12741 nonzeros.
Reduced MIP has 4299 binaries, 0 generals, 0 SOSs, and 0 indicators.
Presolve time = 0.01 sec. (10.87 ticks)
Probing time = 0.01 sec. (2.88 ticks)
Clique table members: 7828.
MIP emphasis: balance optimality and feasibility.
MIP search method: dynamic search.
Parallel mode: none, using 1 thread.
Root relaxation solution time = 0.01 sec. (12.67 ticks)

        Nodes                                         Cuts/
   Node  Left     Objective  IInf  Best Integer    Best Bound    ItCnt     Gap

*     0+    0                        26958.9975      -20.1098           100.07%
*     0     0      integral     0     5943.4074     5943.4074      563    0.00%
Elapsed time = 0.16 sec. (127.15 ticks, tree = 0.00 MB, solutions = 2)

Root node processing (before b&c):
  Real time             =    0.16 sec. (128.74 ticks)
Sequential b&c:
  Real time             =    0.00 sec. (0.00 ticks)
                          ------------
Total (root+branch&cut) =    0.16 sec. (128.74 ticks)

Solution pool: 2 solutions saved.

MIP - Integer optimal solution:  Objective =  5.9434074430e+03
Solution time =    0.16 sec.  Iterations = 563  Nodes = 0
Deterministic time = 128.86 ticks  (792.77 ticks/sec)

CPLEX> Incumbent solution written to file '/tmp/cmpl.T11125.gsol'.
CPLEX> 
CMPL: Time used for model generation: 1 seconds
CMPL: Time used for solving the model: 1 seconds


Solution written to ASCII file: ../results/output_generated_rate_0.2/2016-08-01-5/unequal.sol

Solver - finished
