CMPL model generation - running

CMPL version: 1.11.0
Authors: Thomas Schleiff, Mike Steglich
Distributed under the GPLv3 

create model instance ...
write model instance ...
CMPL model generation - finished

Solver - running


Welcome to IBM(R) ILOG(R) CPLEX(R) Interactive Optimizer 12.7.1.0
  with Simplex, Mixed Integer & Barrier Optimizers
5725-A06 5725-A29 5724-Y48 5724-Y49 5724-Y54 5724-Y55 5655-Y21
Copyright IBM Corp. 1988, 2017.  All Rights Reserved.

Type 'help' for a list of available commands.
Type 'help' followed by a command name for more
information on commands.

CPLEX> Specified objective sense: MINIMIZE
Selected objective  name:  line[1]
Selected RHS        name:  RHS
Selected bound      name:  BOUND
Problem '/tmp/cmpl.T11606.mps' read.
Read time = 0.05 sec. (9.72 ticks)
CPLEX> CPXPARAM_Read_APIEncoding                        "UTF-8"
Tried aggregator 3 times.
MIP Presolve eliminated 18699 rows and 29891 columns.
MIP Presolve modified 860 coefficients.
Aggregator did 1193 substitutions.
Reduced MIP has 2718 rows, 5209 columns, and 16791 nonzeros.
Reduced MIP has 5041 binaries, 0 generals, 0 SOSs, and 0 indicators.
Presolve time = 0.06 sec. (54.66 ticks)
Found incumbent of value 32033.837508 after 0.11 sec. (91.96 ticks)
Probing time = 0.01 sec. (3.04 ticks)
Tried aggregator 1 time.
MIP Presolve eliminated 0 rows and 18 columns.
Reduced MIP has 2718 rows, 5191 columns, and 16755 nonzeros.
Reduced MIP has 5191 binaries, 0 generals, 0 SOSs, and 0 indicators.
Presolve time = 0.01 sec. (12.47 ticks)
Probing time = 0.01 sec. (3.14 ticks)
Clique table members: 3401.
MIP emphasis: balance optimality and feasibility.
MIP search method: dynamic search.
Parallel mode: none, using 1 thread.
Root relaxation solution time = 0.04 sec. (35.25 ticks)

        Nodes                                         Cuts/
   Node  Left     Objective  IInf  Best Integer    Best Bound    ItCnt     Gap

*     0+    0                        32033.8375        0.0000           100.00%
*     0     0      integral     0    13218.0006    13218.0006     2017    0.00%
Elapsed time = 0.18 sec. (156.83 ticks, tree = 0.00 MB, solutions = 2)

Root node processing (before b&c):
  Real time             =    0.18 sec. (158.24 ticks)
Sequential b&c:
  Real time             =    0.00 sec. (0.00 ticks)
                          ------------
Total (root+branch&cut) =    0.18 sec. (158.24 ticks)

Solution pool: 2 solutions saved.

MIP - Integer optimal solution:  Objective =  1.3218000644e+04
Solution time =    0.19 sec.  Iterations = 2017  Nodes = 0
Deterministic time = 158.34 ticks  (855.66 ticks/sec)

CPLEX> Incumbent solution written to file '/tmp/cmpl.T11606.gsol'.
CPLEX> 
CMPL: Time used for model generation: 1 seconds
CMPL: Time used for solving the model: 1 seconds


Solution written to ASCII file: ../results/output_generated_rate_0.6/2017-03-06-4/equal.sol

Solver - finished
