CMPL model generation - running

CMPL version: 1.11.0
Authors: Thomas Schleiff, Mike Steglich
Distributed under the GPLv3 

create model instance ...
write model instance ...
CMPL model generation - finished

Solver - running


Welcome to IBM(R) ILOG(R) CPLEX(R) Interactive Optimizer 12.7.1.0
  with Simplex, Mixed Integer & Barrier Optimizers
5725-A06 5725-A29 5724-Y48 5724-Y49 5724-Y54 5724-Y55 5655-Y21
Copyright IBM Corp. 1988, 2017.  All Rights Reserved.

Type 'help' for a list of available commands.
Type 'help' followed by a command name for more
information on commands.

CPLEX> Specified objective sense: MINIMIZE
Selected objective  name:  line[1]
Selected RHS        name:  RHS
Selected bound      name:  BOUND
Problem '/tmp/cmpl.T10591.mps' read.
Read time = 0.06 sec. (11.96 ticks)
CPLEX> CPXPARAM_Read_APIEncoding                        "UTF-8"
Tried aggregator 3 times.
MIP Presolve eliminated 23881 rows and 37253 columns.
MIP Presolve modified 569 coefficients.
Aggregator did 945 substitutions.
Reduced MIP has 3351 rows, 5957 columns, and 19524 nonzeros.
Reduced MIP has 5747 binaries, 0 generals, 0 SOSs, and 0 indicators.
Presolve time = 0.07 sec. (60.30 ticks)
Probing fixed 31 vars, tightened 0 bounds.
Probing time = 0.02 sec. (10.45 ticks)
Tried aggregator 1 time.
MIP Presolve eliminated 0 rows and 31 columns.
MIP Presolve modified 214 coefficients.
Reduced MIP has 3351 rows, 5926 columns, and 19462 nonzeros.
Reduced MIP has 5926 binaries, 0 generals, 0 SOSs, and 0 indicators.
Presolve time = 0.02 sec. (14.58 ticks)
Probing time = 0.01 sec. (3.28 ticks)
Clique table members: 12052.
MIP emphasis: balance optimality and feasibility.
MIP search method: dynamic search.
Parallel mode: none, using 1 thread.
Root relaxation solution time = 0.02 sec. (22.36 ticks)

        Nodes                                         Cuts/
   Node  Left     Objective  IInf  Best Integer    Best Bound    ItCnt     Gap

*     0     0      integral     0     5945.8654     5945.8653     1276    0.00%
Elapsed time = 0.26 sec. (185.47 ticks, tree = 0.00 MB, solutions = 1)

Root node processing (before b&c):
  Real time             =    0.27 sec. (186.92 ticks)
Sequential b&c:
  Real time             =    0.00 sec. (0.00 ticks)
                          ------------
Total (root+branch&cut) =    0.27 sec. (186.92 ticks)

Solution pool: 1 solution saved.

MIP - Integer optimal solution:  Objective =  5.9458653500e+03
Solution time =    0.27 sec.  Iterations = 1276  Nodes = 0
Deterministic time = 187.05 ticks  (703.75 ticks/sec)

CPLEX> Incumbent solution written to file '/tmp/cmpl.T10591.gsol'.
CPLEX> 
CMPL: Time used for model generation: 1 seconds
CMPL: Time used for solving the model: 1 seconds


Solution written to ASCII file: ../results/output_generated_conf_0.8/2016-10-03-5/equal.sol

Solver - finished
