CMPL model generation - running

CMPL version: 1.11.0
Authors: Thomas Schleiff, Mike Steglich
Distributed under the GPLv3 

create model instance ...
write model instance ...
CMPL model generation - finished

Solver - running


Welcome to IBM(R) ILOG(R) CPLEX(R) Interactive Optimizer 12.7.1.0
  with Simplex, Mixed Integer & Barrier Optimizers
5725-A06 5725-A29 5724-Y48 5724-Y49 5724-Y54 5724-Y55 5655-Y21
Copyright IBM Corp. 1988, 2017.  All Rights Reserved.

Type 'help' for a list of available commands.
Type 'help' followed by a command name for more
information on commands.

CPLEX> Specified objective sense: MINIMIZE
Selected objective  name:  line[1]
Selected RHS        name:  RHS
Selected bound      name:  BOUND
Problem '/tmp/cmpl.T10483.mps' read.
Read time = 0.05 sec. (9.67 ticks)
CPLEX> CPXPARAM_Read_APIEncoding                        "UTF-8"
Tried aggregator 3 times.
MIP Presolve eliminated 19198 rows and 30895 columns.
MIP Presolve modified 514 coefficients.
Aggregator did 708 substitutions.
Reduced MIP has 2704 rows, 4690 columns, and 15248 nonzeros.
Reduced MIP has 4522 binaries, 0 generals, 0 SOSs, and 0 indicators.
Presolve time = 0.07 sec. (51.08 ticks)
Probing fixed 15 vars, tightened 0 bounds.
Probing time = 0.02 sec. (7.92 ticks)
Tried aggregator 2 times.
MIP Presolve eliminated 3 rows and 15 columns.
MIP Presolve modified 85 coefficients.
Aggregator did 2 substitutions.
Reduced MIP has 2699 rows, 4673 columns, and 15208 nonzeros.
Reduced MIP has 4673 binaries, 0 generals, 0 SOSs, and 0 indicators.
Presolve time = 0.02 sec. (13.90 ticks)
Probing time = 0.01 sec. (3.01 ticks)
Clique table members: 9511.
MIP emphasis: balance optimality and feasibility.
MIP search method: dynamic search.
Parallel mode: none, using 1 thread.
Root relaxation solution time = 0.02 sec. (16.30 ticks)

        Nodes                                         Cuts/
   Node  Left     Objective  IInf  Best Integer    Best Bound    ItCnt     Gap

      0     0     3528.4965     2                   3528.4965     1056         
*     0+    0                         3548.7504     3528.4965             0.57%
*     0+    0                         3529.0680     3528.4965             0.02%
      0     0        cutoff           3529.0680                   1056    0.00%
Elapsed time = 0.22 sec. (169.15 ticks, tree = 0.01 MB, solutions = 2)

Root node processing (before b&c):
  Real time             =    0.22 sec. (170.58 ticks)
Sequential b&c:
  Real time             =    0.00 sec. (0.00 ticks)
                          ------------
Total (root+branch&cut) =    0.22 sec. (170.58 ticks)

Solution pool: 2 solutions saved.

MIP - Integer optimal solution:  Objective =  3.5290679600e+03
Solution time =    0.22 sec.  Iterations = 1056  Nodes = 0
Deterministic time = 170.69 ticks  (775.85 ticks/sec)

CPLEX> Incumbent solution written to file '/tmp/cmpl.T10483.gsol'.
CPLEX> 
CMPL: Time used for model generation: 1 seconds
CMPL: Time used for solving the model: 1 seconds


Solution written to ASCII file: ../results/output_generated_conf_0.7/2016-07-04-4/equal.sol

Solver - finished
