CMPL model generation - running

CMPL version: 1.11.0
Authors: Thomas Schleiff, Mike Steglich
Distributed under the GPLv3 

create model instance ...
write model instance ...
CMPL model generation - finished

Solver - running


Welcome to IBM(R) ILOG(R) CPLEX(R) Interactive Optimizer 12.7.1.0
  with Simplex, Mixed Integer & Barrier Optimizers
5725-A06 5725-A29 5724-Y48 5724-Y49 5724-Y54 5724-Y55 5655-Y21
Copyright IBM Corp. 1988, 2017.  All Rights Reserved.

Type 'help' for a list of available commands.
Type 'help' followed by a command name for more
information on commands.

CPLEX> Specified objective sense: MINIMIZE
Selected objective  name:  line[1]
Selected RHS        name:  RHS
Selected bound      name:  BOUND
Problem '/tmp/cmpl.T11085.mps' read.
Read time = 0.05 sec. (9.66 ticks)
CPLEX> CPXPARAM_Read_APIEncoding                        "UTF-8"
Tried aggregator 3 times.
MIP Presolve eliminated 19370 rows and 31218 columns.
MIP Presolve modified 432 coefficients.
Aggregator did 601 substitutions.
Reduced MIP has 2639 rows, 4474 columns, and 14646 nonzeros.
Reduced MIP has 4306 binaries, 0 generals, 0 SOSs, and 0 indicators.
Presolve time = 0.06 sec. (49.93 ticks)
Probing fixed 4 vars, tightened 0 bounds.
Probing time = 0.01 sec. (7.18 ticks)
Tried aggregator 1 time.
MIP Presolve eliminated 0 rows and 4 columns.
MIP Presolve modified 18 coefficients.
Reduced MIP has 2639 rows, 4470 columns, and 14638 nonzeros.
Reduced MIP has 4470 binaries, 0 generals, 0 SOSs, and 0 indicators.
Presolve time = 0.01 sec. (10.52 ticks)
Probing time = 0.01 sec. (3.01 ticks)
Clique table members: 8727.
MIP emphasis: balance optimality and feasibility.
MIP search method: dynamic search.
Parallel mode: none, using 1 thread.
Root relaxation solution time = 0.02 sec. (16.19 ticks)

        Nodes                                         Cuts/
   Node  Left     Objective  IInf  Best Integer    Best Bound    ItCnt     Gap

      0     0     1379.4475    13                   1379.4475     1001         
*     0+    0                         1383.1618     1379.4475             0.27%
      0     0     1381.8080     3     1383.1618      Cuts: 39     1042    0.10%
*     0+    0                         1382.6651     1381.8080             0.06%
*     0     0      integral     0     1382.5045      Cuts: 10     1060    0.00%
      0     0        cutoff           1382.5045     1382.5045     1060    0.00%
Elapsed time = 0.20 sec. (173.59 ticks, tree = 0.01 MB, solutions = 3)

GUB cover cuts applied:  4
Clique cuts applied:  10
Cover cuts applied:  22
Gomory fractional cuts applied:  13

Root node processing (before b&c):
  Real time             =    0.20 sec. (175.27 ticks)
Sequential b&c:
  Real time             =    0.00 sec. (0.00 ticks)
                          ------------
Total (root+branch&cut) =    0.20 sec. (175.27 ticks)

Solution pool: 3 solutions saved.

MIP - Integer optimal solution:  Objective =  1.3825044650e+03
Solution time =    0.20 sec.  Iterations = 1060  Nodes = 0
Deterministic time = 175.37 ticks  (873.25 ticks/sec)

CPLEX> Incumbent solution written to file '/tmp/cmpl.T11085.gsol'.
CPLEX> 
CMPL: Time used for model generation: 1 seconds
CMPL: Time used for solving the model: 1 seconds


Solution written to ASCII file: ../results/output_generated_rate_0.1/2017-03-06-4/equal.sol

Solver - finished
