CMPL model generation - running

CMPL version: 1.11.0
Authors: Thomas Schleiff, Mike Steglich
Distributed under the GPLv3 

create model instance ...
write model instance ...
CMPL model generation - finished

Solver - running


Welcome to IBM(R) ILOG(R) CPLEX(R) Interactive Optimizer 12.7.1.0
  with Simplex, Mixed Integer & Barrier Optimizers
5725-A06 5725-A29 5724-Y48 5724-Y49 5724-Y54 5724-Y55 5655-Y21
Copyright IBM Corp. 1988, 2017.  All Rights Reserved.

Type 'help' for a list of available commands.
Type 'help' followed by a command name for more
information on commands.

CPLEX> Specified objective sense: MINIMIZE
Selected objective  name:  line[1]
Selected RHS        name:  RHS
Selected bound      name:  BOUND
Problem '/tmp/cmpl.T11034.mps' read.
Read time = 0.05 sec. (8.85 ticks)
CPLEX> CPXPARAM_Read_APIEncoding                        "UTF-8"
Tried aggregator 3 times.
MIP Presolve eliminated 19370 rows and 30878 columns.
MIP Presolve modified 340 coefficients.
Aggregator did 601 substitutions.
Reduced MIP has 2469 rows, 3199 columns, and 9353 nonzeros.
Reduced MIP has 3031 binaries, 0 generals, 0 SOSs, and 0 indicators.
Presolve time = 0.04 sec. (41.29 ticks)
Found incumbent of value 11481.213979 after 0.07 sec. (57.29 ticks)
Probing fixed 4 vars, tightened 0 bounds.
Probing time = 0.01 sec. (4.09 ticks)
Tried aggregator 1 time.
MIP Presolve eliminated 0 rows and 4 columns.
MIP Presolve modified 18 coefficients.
Reduced MIP has 2469 rows, 3195 columns, and 9345 nonzeros.
Reduced MIP has 3195 binaries, 0 generals, 0 SOSs, and 0 indicators.
Presolve time = 0.01 sec. (7.91 ticks)
Probing time = 0.01 sec. (2.67 ticks)
Clique table members: 5742.
MIP emphasis: balance optimality and feasibility.
MIP search method: dynamic search.
Parallel mode: none, using 1 thread.
Root relaxation solution time = 0.00 sec. (4.72 ticks)

        Nodes                                         Cuts/
   Node  Left     Objective  IInf  Best Integer    Best Bound    ItCnt     Gap

*     0+    0                        11481.2140     -383.4541           103.34%
      0     0     1369.4457    13    11481.2140     1369.4457      171   88.07%
*     0+    0                         1431.7571     1369.4457             4.35%
*     0+    0                         1373.1600     1369.4457             0.27%
      0     0     1371.7490     3     1373.1600      Cuts: 39      185    0.10%
*     0+    0                         1372.5122     1371.7490             0.06%
*     0     0      integral     0     1372.4438      Cuts: 11      191    0.00%
      0     0        cutoff           1372.4438     1372.4438      191    0.00%
Elapsed time = 0.12 sec. (104.19 ticks, tree = 0.01 MB, solutions = 5)

GUB cover cuts applied:  4
Clique cuts applied:  11
Cover cuts applied:  22
Gomory fractional cuts applied:  13

Root node processing (before b&c):
  Real time             =    0.13 sec. (106.19 ticks)
Sequential b&c:
  Real time             =    0.00 sec. (0.00 ticks)
                          ------------
Total (root+branch&cut) =    0.13 sec. (106.19 ticks)

Solution pool: 5 solutions saved.

MIP - Integer optimal solution:  Objective =  1.3724437960e+03
Solution time =    0.13 sec.  Iterations = 191  Nodes = 0
Deterministic time = 106.29 ticks  (830.34 ticks/sec)

CPLEX> Incumbent solution written to file '/tmp/cmpl.T11034.gsol'.
CPLEX> 
CMPL: Time used for model generation: 1 seconds
CMPL: Time used for solving the model: 1 seconds


Solution written to ASCII file: ../results/output_generated_rate_0.1/2017-03-06-4/unequal.sol

Solver - finished
