CMPL model generation - running

CMPL version: 1.11.0
Authors: Thomas Schleiff, Mike Steglich
Distributed under the GPLv3 

create model instance ...
write model instance ...
CMPL model generation - finished

Solver - running


Welcome to IBM(R) ILOG(R) CPLEX(R) Interactive Optimizer 12.7.1.0
  with Simplex, Mixed Integer & Barrier Optimizers
5725-A06 5725-A29 5724-Y48 5724-Y49 5724-Y54 5724-Y55 5655-Y21
Copyright IBM Corp. 1988, 2017.  All Rights Reserved.

Type 'help' for a list of available commands.
Type 'help' followed by a command name for more
information on commands.

CPLEX> Specified objective sense: MINIMIZE
Selected objective  name:  line[1]
Selected RHS        name:  RHS
Selected bound      name:  BOUND
Problem '/tmp/cmpl.T11463.mps' read.
Read time = 0.05 sec. (8.90 ticks)
CPLEX> CPXPARAM_Read_APIEncoding                        "UTF-8"
Tried aggregator 3 times.
MIP Presolve eliminated 18775 rows and 29703 columns.
MIP Presolve modified 340 coefficients.
Aggregator did 1117 substitutions.
Reduced MIP has 2548 rows, 3858 columns, and 11270 nonzeros.
Reduced MIP has 3690 binaries, 0 generals, 0 SOSs, and 0 indicators.
Presolve time = 0.05 sec. (43.11 ticks)
Found incumbent of value 32229.508615 after 0.11 sec. (80.26 ticks)
Probing time = 0.01 sec. (2.72 ticks)
Tried aggregator 1 time.
MIP Presolve eliminated 0 rows and 18 columns.
Reduced MIP has 2548 rows, 3840 columns, and 11234 nonzeros.
Reduced MIP has 3840 binaries, 0 generals, 0 SOSs, and 0 indicators.
Presolve time = 0.01 sec. (9.40 ticks)
Probing time = 0.01 sec. (2.82 ticks)
Clique table members: 3240.
MIP emphasis: balance optimality and feasibility.
MIP search method: dynamic search.
Parallel mode: none, using 1 thread.
Root relaxation solution time = 0.01 sec. (14.45 ticks)

        Nodes                                         Cuts/
   Node  Left     Objective  IInf  Best Integer    Best Bound    ItCnt     Gap

*     0+    0                        32229.5086        0.0000           100.00%
*     0     0      integral     0    11780.9467    11780.9467      914    0.00%
Elapsed time = 0.16 sec. (117.49 ticks, tree = 0.00 MB, solutions = 2)

Root node processing (before b&c):
  Real time             =    0.16 sec. (118.81 ticks)
Sequential b&c:
  Real time             =    0.00 sec. (0.00 ticks)
                          ------------
Total (root+branch&cut) =    0.16 sec. (118.81 ticks)

Solution pool: 2 solutions saved.

MIP - Integer optimal solution:  Objective =  1.1780946696e+04
Solution time =    0.16 sec.  Iterations = 914  Nodes = 0
Deterministic time = 118.91 ticks  (752.05 ticks/sec)

CPLEX> Incumbent solution written to file '/tmp/cmpl.T11463.gsol'.
CPLEX> 
CMPL: Time used for model generation: 0 seconds
CMPL: Time used for solving the model: 1 seconds


Solution written to ASCII file: ../results/output_generated_rate_0.5/2017-08-07-4/unequal.sol

Solver - finished
