CMPL model generation - running

CMPL version: 1.11.0
Authors: Thomas Schleiff, Mike Steglich
Distributed under the GPLv3 

create model instance ...
write model instance ...
CMPL model generation - finished

Solver - running


Welcome to IBM(R) ILOG(R) CPLEX(R) Interactive Optimizer 12.7.1.0
  with Simplex, Mixed Integer & Barrier Optimizers
5725-A06 5725-A29 5724-Y48 5724-Y49 5724-Y54 5724-Y55 5655-Y21
Copyright IBM Corp. 1988, 2017.  All Rights Reserved.

Type 'help' for a list of available commands.
Type 'help' followed by a command name for more
information on commands.

CPLEX> Specified objective sense: MINIMIZE
Selected objective  name:  line[1]
Selected RHS        name:  RHS
Selected bound      name:  BOUND
Problem '/tmp/cmpl.XM9984.mps' read.
Read time = 0.06 sec. (9.66 ticks)
CPLEX> CPXPARAM_Read_APIEncoding                        "UTF-8"
Tried aggregator 3 times.
MIP Presolve eliminated 19382 rows and 31221 columns.
MIP Presolve modified 432 coefficients.
Aggregator did 591 substitutions.
Reduced MIP has 2637 rows, 4481 columns, and 14671 nonzeros.
Reduced MIP has 4313 binaries, 0 generals, 0 SOSs, and 0 indicators.
Presolve time = 0.05 sec. (49.96 ticks)
Found incumbent of value 20648.584904 after 0.09 sec. (82.69 ticks)
Probing fixed 6 vars, tightened 0 bounds.
Probing time = 0.01 sec. (7.38 ticks)
Tried aggregator 1 time.
MIP Presolve eliminated 0 rows and 6 columns.
MIP Presolve modified 28 coefficients.
Reduced MIP has 2637 rows, 4475 columns, and 14659 nonzeros.
Reduced MIP has 4475 binaries, 0 generals, 0 SOSs, and 0 indicators.
Presolve time = 0.01 sec. (10.71 ticks)
Probing time = 0.01 sec. (3.01 ticks)
Clique table members: 8563.
MIP emphasis: balance optimality and feasibility.
MIP search method: dynamic search.
Parallel mode: none, using 1 thread.
Root relaxation solution time = 0.01 sec. (14.36 ticks)

        Nodes                                         Cuts/
   Node  Left     Objective  IInf  Best Integer    Best Bound    ItCnt     Gap

*     0+    0                        20648.5849     -342.4764           101.66%
      0     0      618.5385    13    20648.5849      618.5385      834   97.00%
*     0+    0                          622.2528      618.5385             0.60%
      0     0      622.0096     1      622.2528      Cuts: 14      838    0.04%
      0     0        cutoff            622.2528                    841    0.00%
Elapsed time = 0.17 sec. (148.27 ticks, tree = 0.01 MB, solutions = 2)

GUB cover cuts applied:  1
Clique cuts applied:  2
Cover cuts applied:  7
Gomory fractional cuts applied:  4

Root node processing (before b&c):
  Real time             =    0.18 sec. (149.70 ticks)
Sequential b&c:
  Real time             =    0.00 sec. (0.00 ticks)
                          ------------
Total (root+branch&cut) =    0.18 sec. (149.70 ticks)

Solution pool: 2 solutions saved.

MIP - Integer optimal solution:  Objective =  6.2225280600e+02
Solution time =    0.18 sec.  Iterations = 841  Nodes = 0
Deterministic time = 149.81 ticks  (855.29 ticks/sec)

CPLEX> Incumbent solution written to file '/tmp/cmpl.XM9984.gsol'.
CPLEX> 
CMPL: Time used for model generation: 1 seconds
CMPL: Time used for solving the model: 1 seconds


Solution written to ASCII file: ../results/output_generated_conf_0.2/2017-01-09-4/equal.sol

Solver - finished
