CMPL model generation - running

CMPL version: 1.11.0
Authors: Thomas Schleiff, Mike Steglich
Distributed under the GPLv3 

create model instance ...
write model instance ...
CMPL model generation - finished

Solver - running


Welcome to IBM(R) ILOG(R) CPLEX(R) Interactive Optimizer 12.7.1.0
  with Simplex, Mixed Integer & Barrier Optimizers
5725-A06 5725-A29 5724-Y48 5724-Y49 5724-Y54 5724-Y55 5655-Y21
Copyright IBM Corp. 1988, 2017.  All Rights Reserved.

Type 'help' for a list of available commands.
Type 'help' followed by a command name for more
information on commands.

CPLEX> Specified objective sense: MINIMIZE
Selected objective  name:  line[1]
Selected RHS        name:  RHS
Selected bound      name:  BOUND
Problem '/tmp/cmpl.XM9957.mps' read.
Read time = 0.05 sec. (9.66 ticks)
CPLEX> CPXPARAM_Read_APIEncoding                        "UTF-8"
Tried aggregator 3 times.
MIP Presolve eliminated 19375 rows and 31220 columns.
MIP Presolve modified 434 coefficients.
Aggregator did 594 substitutions.
Reduced MIP has 2641 rows, 4479 columns, and 14651 nonzeros.
Reduced MIP has 4311 binaries, 0 generals, 0 SOSs, and 0 indicators.
Presolve time = 0.06 sec. (51.69 ticks)
Probing fixed 6 vars, tightened 0 bounds.
Probing time = 0.01 sec. (7.45 ticks)
Tried aggregator 1 time.
MIP Presolve eliminated 0 rows and 6 columns.
MIP Presolve modified 28 coefficients.
Reduced MIP has 2641 rows, 4473 columns, and 14639 nonzeros.
Reduced MIP has 4473 binaries, 0 generals, 0 SOSs, and 0 indicators.
Presolve time = 0.01 sec. (10.70 ticks)
Probing time = 0.01 sec. (3.00 ticks)
Clique table members: 8613.
MIP emphasis: balance optimality and feasibility.
MIP search method: dynamic search.
Parallel mode: none, using 1 thread.
Root relaxation solution time = 0.01 sec. (14.46 ticks)

        Nodes                                         Cuts/
   Node  Left     Objective  IInf  Best Integer    Best Bound    ItCnt     Gap

      0     0      600.7794    22                    600.7794      760         
*     0+    0                          607.0651      600.7794             1.04%
      0     0      606.2171     2      607.0651      Cuts: 31      775    0.14%
*     0+    0                          606.5988      606.2171             0.06%
      0     0        cutoff            606.5988                    778    0.00%
Elapsed time = 0.20 sec. (174.91 ticks, tree = 0.01 MB, solutions = 2)

GUB cover cuts applied:  1
Clique cuts applied:  15
Cover cuts applied:  19
Gomory fractional cuts applied:  10

Root node processing (before b&c):
  Real time             =    0.21 sec. (176.34 ticks)
Sequential b&c:
  Real time             =    0.00 sec. (0.00 ticks)
                          ------------
Total (root+branch&cut) =    0.21 sec. (176.34 ticks)

Solution pool: 2 solutions saved.

MIP - Integer optimal solution:  Objective =  6.0659884000e+02
Solution time =    0.21 sec.  Iterations = 778  Nodes = 0
Deterministic time = 176.45 ticks  (851.21 ticks/sec)

CPLEX> Incumbent solution written to file '/tmp/cmpl.XM9957.gsol'.
CPLEX> 
CMPL: Time used for model generation: 1 seconds
CMPL: Time used for solving the model: 0 seconds


Solution written to ASCII file: ../results/output_generated_conf_0.2/2016-01-04-4/equal.sol

Solver - finished
