CMPL model generation - running

CMPL version: 1.11.0
Authors: Thomas Schleiff, Mike Steglich
Distributed under the GPLv3 

create model instance ...
write model instance ...
CMPL model generation - finished

Solver - running


Welcome to IBM(R) ILOG(R) CPLEX(R) Interactive Optimizer 12.7.1.0
  with Simplex, Mixed Integer & Barrier Optimizers
5725-A06 5725-A29 5724-Y48 5724-Y49 5724-Y54 5724-Y55 5655-Y21
Copyright IBM Corp. 1988, 2017.  All Rights Reserved.

Type 'help' for a list of available commands.
Type 'help' followed by a command name for more
information on commands.

CPLEX> Specified objective sense: MINIMIZE
Selected objective  name:  line[1]
Selected RHS        name:  RHS
Selected bound      name:  BOUND
Problem '/tmp/cmpl.T11262.mps' read.
Read time = 0.05 sec. (9.69 ticks)
CPLEX> CPXPARAM_Read_APIEncoding                        "UTF-8"
Tried aggregator 3 times.
MIP Presolve eliminated 19022 rows and 30537 columns.
MIP Presolve modified 608 coefficients.
Aggregator did 870 substitutions.
Reduced MIP has 2718 rows, 4886 columns, and 15822 nonzeros.
Reduced MIP has 4718 binaries, 0 generals, 0 SOSs, and 0 indicators.
Presolve time = 0.06 sec. (52.43 ticks)
Probing fixed 43 vars, tightened 0 bounds.
Probing time = 0.01 sec. (8.21 ticks)
Tried aggregator 1 time.
MIP Presolve eliminated 0 rows and 43 columns.
MIP Presolve modified 287 coefficients.
Reduced MIP has 2718 rows, 4843 columns, and 15736 nonzeros.
Reduced MIP has 4843 binaries, 0 generals, 0 SOSs, and 0 indicators.
Presolve time = 0.01 sec. (13.06 ticks)
Probing time = 0.01 sec. (3.05 ticks)
Clique table members: 9834.
MIP emphasis: balance optimality and feasibility.
MIP search method: dynamic search.
Parallel mode: none, using 1 thread.
Root relaxation solution time = 0.02 sec. (24.09 ticks)

        Nodes                                         Cuts/
   Node  Left     Objective  IInf  Best Integer    Best Bound    ItCnt     Gap

*     0     0      integral     0     6930.0343     6930.0343     1296    0.00%
Elapsed time = 0.20 sec. (165.76 ticks, tree = 0.00 MB, solutions = 1)

Root node processing (before b&c):
  Real time             =    0.20 sec. (166.92 ticks)
Sequential b&c:
  Real time             =    0.00 sec. (0.00 ticks)
                          ------------
Total (root+branch&cut) =    0.20 sec. (166.92 ticks)

Solution pool: 1 solution saved.

MIP - Integer optimal solution:  Objective =  6.9300342880e+03
Solution time =    0.20 sec.  Iterations = 1296  Nodes = 0
Deterministic time = 167.03 ticks  (828.75 ticks/sec)

CPLEX> Incumbent solution written to file '/tmp/cmpl.T11262.gsol'.
CPLEX> 
CMPL: Time used for model generation: 1 seconds
CMPL: Time used for solving the model: 0 seconds


Solution written to ASCII file: ../results/output_generated_rate_0.3/2015-12-07-4/equal.sol

Solver - finished
