CMPL model generation - running

CMPL version: 1.11.0
Authors: Thomas Schleiff, Mike Steglich
Distributed under the GPLv3 

create model instance ...
write model instance ...
CMPL model generation - finished

Solver - running


Welcome to IBM(R) ILOG(R) CPLEX(R) Interactive Optimizer 12.7.1.0
  with Simplex, Mixed Integer & Barrier Optimizers
5725-A06 5725-A29 5724-Y48 5724-Y49 5724-Y54 5724-Y55 5655-Y21
Copyright IBM Corp. 1988, 2017.  All Rights Reserved.

Type 'help' for a list of available commands.
Type 'help' followed by a command name for more
information on commands.

CPLEX> Specified objective sense: MINIMIZE
Selected objective  name:  line[1]
Selected RHS        name:  RHS
Selected bound      name:  BOUND
Problem '/tmp/cmpl.T10198.mps' read.
Read time = 0.07 sec. (11.93 ticks)
CPLEX> CPXPARAM_Read_APIEncoding                        "UTF-8"
Tried aggregator 3 times.
MIP Presolve eliminated 24110 rows and 37705 columns.
MIP Presolve modified 481 coefficients.
Aggregator did 753 substitutions.
Reduced MIP has 3314 rows, 5697 columns, and 18770 nonzeros.
Reduced MIP has 5487 binaries, 0 generals, 0 SOSs, and 0 indicators.
Presolve time = 0.08 sec. (58.79 ticks)
Found incumbent of value 25918.626495 after 0.13 sec. (99.88 ticks)
Probing fixed 8 vars, tightened 0 bounds.
Probing time = 0.02 sec. (9.72 ticks)
Tried aggregator 1 time.
MIP Presolve eliminated 0 rows and 8 columns.
MIP Presolve modified 35 coefficients.
Reduced MIP has 3314 rows, 5689 columns, and 18754 nonzeros.
Reduced MIP has 5689 binaries, 0 generals, 0 SOSs, and 0 indicators.
Presolve time = 0.01 sec. (13.52 ticks)
Probing time = 0.01 sec. (3.25 ticks)
Clique table members: 11667.
MIP emphasis: balance optimality and feasibility.
MIP search method: dynamic search.
Parallel mode: none, using 1 thread.
Root relaxation solution time = 0.02 sec. (19.67 ticks)

        Nodes                                         Cuts/
   Node  Left     Objective  IInf  Best Integer    Best Bound    ItCnt     Gap

*     0+    0                        25918.6265     -220.7803           100.85%
      0     0     1668.5290     6    25918.6265     1668.5290     1006   93.56%
*     0+    0                         1708.8653     1668.5290             2.36%
*     0+    0                         1669.9004     1668.5290             0.08%
      0     0     1669.2643     2     1669.9004      Cuts: 13     1016    0.04%
*     0+    0                         1669.7214     1669.2643             0.03%
*     0     0      integral     0     1669.6737       Cuts: 7     1020    0.00%
      0     0        cutoff           1669.6737     1669.6737     1020    0.00%
Elapsed time = 0.24 sec. (192.62 ticks, tree = 0.01 MB, solutions = 5)

GUB cover cuts applied:  1
Clique cuts applied:  2
Cover cuts applied:  11
Gomory fractional cuts applied:  6

Root node processing (before b&c):
  Real time             =    0.24 sec. (195.26 ticks)
Sequential b&c:
  Real time             =    0.00 sec. (0.00 ticks)
                          ------------
Total (root+branch&cut) =    0.24 sec. (195.26 ticks)

Solution pool: 5 solutions saved.

MIP - Integer optimal solution:  Objective =  1.6696736550e+03
Solution time =    0.24 sec.  Iterations = 1020  Nodes = 0
Deterministic time = 195.38 ticks  (799.79 ticks/sec)

CPLEX> Incumbent solution written to file '/tmp/cmpl.T10198.gsol'.
CPLEX> 
CMPL: Time used for model generation: 1 seconds
CMPL: Time used for solving the model: 2 seconds


Solution written to ASCII file: ../results/output_generated_conf_0.4/2017-05-01-5/equal.sol

Solver - finished
