CMPL model generation - running

CMPL version: 1.11.0
Authors: Thomas Schleiff, Mike Steglich
Distributed under the GPLv3 

create model instance ...
write model instance ...
CMPL model generation - finished

Solver - running


Welcome to IBM(R) ILOG(R) CPLEX(R) Interactive Optimizer 12.7.1.0
  with Simplex, Mixed Integer & Barrier Optimizers
5725-A06 5725-A29 5724-Y48 5724-Y49 5724-Y54 5724-Y55 5655-Y21
Copyright IBM Corp. 1988, 2017.  All Rights Reserved.

Type 'help' for a list of available commands.
Type 'help' followed by a command name for more
information on commands.

CPLEX> Specified objective sense: MINIMIZE
Selected objective  name:  line[1]
Selected RHS        name:  RHS
Selected bound      name:  BOUND
Problem '/tmp/cmpl.T10148.mps' read.
Read time = 0.06 sec. (10.97 ticks)
CPLEX> CPXPARAM_Read_APIEncoding                        "UTF-8"
Tried aggregator 3 times.
MIP Presolve eliminated 24110 rows and 37705 columns.
MIP Presolve modified 425 coefficients.
Aggregator did 753 substitutions.
Reduced MIP has 3144 rows, 4082 columns, and 12090 nonzeros.
Reduced MIP has 3872 binaries, 0 generals, 0 SOSs, and 0 indicators.
Presolve time = 0.06 sec. (51.64 ticks)
Found incumbent of value 7799.573861 after 0.09 sec. (74.34 ticks)
Probing fixed 8 vars, tightened 0 bounds.
Probing time = 0.01 sec. (5.25 ticks)
Tried aggregator 1 time.
MIP Presolve eliminated 0 rows and 8 columns.
MIP Presolve modified 35 coefficients.
Reduced MIP has 3144 rows, 4074 columns, and 12074 nonzeros.
Reduced MIP has 4074 binaries, 0 generals, 0 SOSs, and 0 indicators.
Presolve time = 0.02 sec. (10.14 ticks)
Probing time = 0.01 sec. (2.84 ticks)
Clique table members: 7441.
MIP emphasis: balance optimality and feasibility.
MIP search method: dynamic search.
Parallel mode: none, using 1 thread.
Root relaxation solution time = 0.01 sec. (5.77 ticks)

        Nodes                                         Cuts/
   Node  Left     Objective  IInf  Best Integer    Best Bound    ItCnt     Gap

*     0+    0                         7799.5739     -220.7803           102.83%
      0     0     1653.7175     6     7799.5739     1653.7175      151   78.80%
*     0+    0                         1694.1549     1653.7175             2.39%
*     0+    0                         1655.0890     1653.7175             0.08%
      0     0     1654.4528     2     1655.0890      Cuts: 12      156    0.04%
*     0+    0                         1654.8622     1654.4528             0.02%
      0     0        cutoff           1654.8622                    159    0.00%
Elapsed time = 0.18 sec. (131.69 ticks, tree = 0.01 MB, solutions = 4)

GUB cover cuts applied:  1
Clique cuts applied:  3
Cover cuts applied:  11
Gomory fractional cuts applied:  6

Root node processing (before b&c):
  Real time             =    0.18 sec. (133.86 ticks)
Sequential b&c:
  Real time             =    0.00 sec. (0.00 ticks)
                          ------------
Total (root+branch&cut) =    0.18 sec. (133.86 ticks)

Solution pool: 4 solutions saved.

MIP - Integer optimal solution:  Objective =  1.6548622280e+03
Solution time =    0.18 sec.  Iterations = 159  Nodes = 0
Deterministic time = 133.98 ticks  (743.02 ticks/sec)

CPLEX> Incumbent solution written to file '/tmp/cmpl.T10148.gsol'.
CPLEX> 
CMPL: Time used for model generation: 1 seconds
CMPL: Time used for solving the model: 1 seconds


Solution written to ASCII file: ../results/output_generated_conf_0.4/2017-05-01-5/unequal.sol

Solver - finished
