CMPL model generation - running

CMPL version: 1.11.0
Authors: Thomas Schleiff, Mike Steglich
Distributed under the GPLv3 

create model instance ...
write model instance ...
CMPL model generation - finished

Solver - running


Welcome to IBM(R) ILOG(R) CPLEX(R) Interactive Optimizer 12.7.1.0
  with Simplex, Mixed Integer & Barrier Optimizers
5725-A06 5725-A29 5724-Y48 5724-Y49 5724-Y54 5724-Y55 5655-Y21
Copyright IBM Corp. 1988, 2017.  All Rights Reserved.

Type 'help' for a list of available commands.
Type 'help' followed by a command name for more
information on commands.

CPLEX> Specified objective sense: MINIMIZE
Selected objective  name:  line[1]
Selected RHS        name:  RHS
Selected bound      name:  BOUND
Problem '/tmp/cmpl.T10390.mps' read.
Read time = 0.05 sec. (9.67 ticks)
CPLEX> CPXPARAM_Read_APIEncoding                        "UTF-8"
Tried aggregator 3 times.
MIP Presolve eliminated 19257 rows and 31007 columns.
MIP Presolve modified 494 coefficients.
Aggregator did 667 substitutions.
Reduced MIP has 2686 rows, 4619 columns, and 15037 nonzeros.
Reduced MIP has 4451 binaries, 0 generals, 0 SOSs, and 0 indicators.
Presolve time = 0.06 sec. (50.81 ticks)
Found incumbent of value 21535.092540 after 0.09 sec. (84.71 ticks)
Probing time = 0.01 sec. (3.06 ticks)
Tried aggregator 1 time.
MIP Presolve eliminated 0 rows and 1 columns.
Reduced MIP has 2686 rows, 4618 columns, and 15035 nonzeros.
Reduced MIP has 4618 binaries, 0 generals, 0 SOSs, and 0 indicators.
Presolve time = 0.01 sec. (10.92 ticks)
Probing time = 0.01 sec. (3.03 ticks)
Clique table members: 4473.
MIP emphasis: balance optimality and feasibility.
MIP search method: dynamic search.
Parallel mode: none, using 1 thread.
Root relaxation solution time = 0.01 sec. (14.27 ticks)

        Nodes                                         Cuts/
   Node  Left     Objective  IInf  Best Integer    Best Bound    ItCnt     Gap

*     0+    0                        21535.0925     -322.4802           101.50%
      0     0     2476.4911     7    21535.0925     2476.4911      894   88.50%
*     0+    0                         2537.3099     2476.4911             2.40%
*     0+    0                         2478.4911     2476.4911             0.08%
      0     0     2477.5528     3     2478.4911      Cuts: 18      903    0.04%
*     0+    0                         2478.4100     2477.5528             0.03%
*     0     0      integral     0     2477.9634       Cuts: 9      907    0.00%
      0     0        cutoff           2477.9634     2477.9634      907    0.00%
Elapsed time = 0.18 sec. (155.53 ticks, tree = 0.01 MB, solutions = 5)

GUB cover cuts applied:  1
Clique cuts applied:  3
Cover cuts applied:  15
Gomory fractional cuts applied:  8

Root node processing (before b&c):
  Real time             =    0.18 sec. (157.70 ticks)
Sequential b&c:
  Real time             =    0.00 sec. (0.00 ticks)
                          ------------
Total (root+branch&cut) =    0.18 sec. (157.70 ticks)

Solution pool: 5 solutions saved.

MIP - Integer optimal solution:  Objective =  2.4779633950e+03
Solution time =    0.18 sec.  Iterations = 907  Nodes = 0
Deterministic time = 157.80 ticks  (875.36 ticks/sec)

CPLEX> Incumbent solution written to file '/tmp/cmpl.T10390.gsol'.
CPLEX> 
CMPL: Time used for model generation: 1 seconds
CMPL: Time used for solving the model: 1 seconds


Solution written to ASCII file: ../results/output_generated_conf_0.6/2016-11-07-4/equal.sol

Solver - finished
