CMPL model generation - running

CMPL version: 1.11.0
Authors: Thomas Schleiff, Mike Steglich
Distributed under the GPLv3 

create model instance ...
write model instance ...
CMPL model generation - finished

Solver - running


Welcome to IBM(R) ILOG(R) CPLEX(R) Interactive Optimizer 12.7.1.0
  with Simplex, Mixed Integer & Barrier Optimizers
5725-A06 5725-A29 5724-Y48 5724-Y49 5724-Y54 5724-Y55 5655-Y21
Copyright IBM Corp. 1988, 2017.  All Rights Reserved.

Type 'help' for a list of available commands.
Type 'help' followed by a command name for more
information on commands.

CPLEX> Specified objective sense: MINIMIZE
Selected objective  name:  line[1]
Selected RHS        name:  RHS
Selected bound      name:  BOUND
Problem '/tmp/cmpl.T10613.mps' read.
Read time = 0.06 sec. (9.68 ticks)
CPLEX> CPXPARAM_Read_APIEncoding                        "UTF-8"
Tried aggregator 3 times.
MIP Presolve eliminated 19106 rows and 30707 columns.
MIP Presolve modified 581 coefficients.
Aggregator did 791 substitutions.
Reduced MIP has 2713 rows, 4795 columns, and 15553 nonzeros.
Reduced MIP has 4627 binaries, 0 generals, 0 SOSs, and 0 indicators.
Presolve time = 0.06 sec. (51.77 ticks)
Found incumbent of value 24608.102624 after 0.11 sec. (86.79 ticks)
Probing fixed 19 vars, tightened 0 bounds.
Probing time = 0.02 sec. (8.17 ticks)
Tried aggregator 1 time.
MIP Presolve eliminated 1 rows and 19 columns.
MIP Presolve modified 122 coefficients.
Reduced MIP has 2712 rows, 4776 columns, and 15511 nonzeros.
Reduced MIP has 4776 binaries, 0 generals, 0 SOSs, and 0 indicators.
Presolve time = 0.02 sec. (12.71 ticks)
Probing time = 0.01 sec. (3.03 ticks)
Clique table members: 9727.
MIP emphasis: balance optimality and feasibility.
MIP search method: dynamic search.
Parallel mode: none, using 1 thread.
Root relaxation solution time = 0.02 sec. (19.25 ticks)

        Nodes                                         Cuts/
   Node  Left     Objective  IInf  Best Integer    Best Bound    ItCnt     Gap

*     0+    0                        24608.1026     -120.7914           100.49%
      0     0     5400.2126     1    24608.1026     5400.2126     1271   78.06%
*     0+    0                         5400.4983     5400.2126             0.01%

Root node processing (before b&c):
  Real time             =    0.21 sec. (146.35 ticks)
Sequential b&c:
  Real time             =    0.00 sec. (0.00 ticks)
                          ------------
Total (root+branch&cut) =    0.21 sec. (146.35 ticks)

Solution pool: 2 solutions saved.

MIP - Integer optimal, tolerance (0.0001/1e-06):  Objective =  5.4004982890e+03
Current MIP best bound =  5.4002125745e+03 (gap = 0.285715, 0.01%)
Solution time =    0.21 sec.  Iterations = 1271  Nodes = 0 (1)
Deterministic time = 146.45 ticks  (683.18 ticks/sec)

CPLEX> Incumbent solution written to file '/tmp/cmpl.T10613.gsol'.
CPLEX> 
CMPL: Time used for model generation: 1 seconds
CMPL: Time used for solving the model: 1 seconds


Solution written to ASCII file: ../results/output_generated_conf_0.8/2017-08-07-4/equal.sol

Solver - finished
