CMPL model generation - running

CMPL version: 1.11.0
Authors: Thomas Schleiff, Mike Steglich
Distributed under the GPLv3 

create model instance ...
write model instance ...
CMPL model generation - finished

Solver - running


Welcome to IBM(R) ILOG(R) CPLEX(R) Interactive Optimizer 12.7.1.0
  with Simplex, Mixed Integer & Barrier Optimizers
5725-A06 5725-A29 5724-Y48 5724-Y49 5724-Y54 5724-Y55 5655-Y21
Copyright IBM Corp. 1988, 2017.  All Rights Reserved.

Type 'help' for a list of available commands.
Type 'help' followed by a command name for more
information on commands.

CPLEX> Specified objective sense: MINIMIZE
Selected objective  name:  line[1]
Selected RHS        name:  RHS
Selected bound      name:  BOUND
Problem '/tmp/cmpl.T11467.mps' read.
Read time = 0.06 sec. (11.03 ticks)
CPLEX> CPXPARAM_Read_APIEncoding                        "UTF-8"
Tried aggregator 3 times.
MIP Presolve eliminated 23452 rows and 36395 columns.
MIP Presolve modified 425 coefficients.
Aggregator did 1370 substitutions.
Reduced MIP has 3185 rows, 4775 columns, and 14139 nonzeros.
Reduced MIP has 4565 binaries, 0 generals, 0 SOSs, and 0 indicators.
Presolve time = 0.06 sec. (53.47 ticks)
Found incumbent of value 39645.322539 after 0.12 sec. (95.95 ticks)
Probing time = 0.01 sec. (2.84 ticks)
Tried aggregator 1 time.
MIP Presolve eliminated 0 rows and 24 columns.
Reduced MIP has 3185 rows, 4751 columns, and 14091 nonzeros.
Reduced MIP has 4751 binaries, 0 generals, 0 SOSs, and 0 indicators.
Presolve time = 0.01 sec. (11.91 ticks)
Probing time = 0.01 sec. (2.96 ticks)
Clique table members: 4045.
MIP emphasis: balance optimality and feasibility.
MIP search method: dynamic search.
Parallel mode: none, using 1 thread.
Root relaxation solution time = 0.02 sec. (18.48 ticks)

        Nodes                                         Cuts/
   Node  Left     Objective  IInf  Best Integer    Best Bound    ItCnt     Gap

*     0+    0                        39645.3225        0.0000           100.00%
*     0     0      integral     0    14185.2880    14185.2880     1103    0.00%
Elapsed time = 0.18 sec. (141.92 ticks, tree = 0.00 MB, solutions = 2)

Root node processing (before b&c):
  Real time             =    0.18 sec. (143.55 ticks)
Sequential b&c:
  Real time             =    0.00 sec. (0.00 ticks)
                          ------------
Total (root+branch&cut) =    0.18 sec. (143.55 ticks)

Solution pool: 2 solutions saved.

MIP - Integer optimal solution:  Objective =  1.4185288026e+04
Solution time =    0.18 sec.  Iterations = 1103  Nodes = 0
Deterministic time = 143.67 ticks  (788.35 ticks/sec)

CPLEX> Incumbent solution written to file '/tmp/cmpl.T11467.gsol'.
CPLEX> 
CMPL: Time used for model generation: 1 seconds
CMPL: Time used for solving the model: 1 seconds


Solution written to ASCII file: ../results/output_generated_rate_0.5/2017-10-02-5/unequal.sol

Solver - finished
