CMPL model generation - running

CMPL version: 1.11.0
Authors: Thomas Schleiff, Mike Steglich
Distributed under the GPLv3 

create model instance ...
write model instance ...
CMPL model generation - finished

Solver - running


Welcome to IBM(R) ILOG(R) CPLEX(R) Interactive Optimizer 12.7.1.0
  with Simplex, Mixed Integer & Barrier Optimizers
5725-A06 5725-A29 5724-Y48 5724-Y49 5724-Y54 5724-Y55 5655-Y21
Copyright IBM Corp. 1988, 2017.  All Rights Reserved.

Type 'help' for a list of available commands.
Type 'help' followed by a command name for more
information on commands.

CPLEX> Specified objective sense: MINIMIZE
Selected objective  name:  line[1]
Selected RHS        name:  RHS
Selected bound      name:  BOUND
Problem '/tmp/cmpl.T10424.mps' read.
Read time = 0.06 sec. (8.86 ticks)
CPLEX> CPXPARAM_Read_APIEncoding                        "UTF-8"
Tried aggregator 3 times.
MIP Presolve eliminated 19206 rows and 30565 columns.
MIP Presolve modified 340 coefficients.
Aggregator did 708 substitutions.
Reduced MIP has 2526 rows, 3405 columns, and 9923 nonzeros.
Reduced MIP has 3237 binaries, 0 generals, 0 SOSs, and 0 indicators.
Presolve time = 0.05 sec. (41.89 ticks)
Found incumbent of value 14771.107130 after 0.10 sec. (65.11 ticks)
Probing fixed 15 vars, tightened 0 bounds.
Probing time = 0.01 sec. (4.48 ticks)
Tried aggregator 1 time.
MIP Presolve eliminated 0 rows and 15 columns.
MIP Presolve modified 85 coefficients.
Reduced MIP has 2526 rows, 3390 columns, and 9893 nonzeros.
Reduced MIP has 3390 binaries, 0 generals, 0 SOSs, and 0 indicators.
Presolve time = 0.01 sec. (8.42 ticks)
Probing time = 0.01 sec. (2.71 ticks)
Clique table members: 6036.
MIP emphasis: balance optimality and feasibility.
MIP search method: dynamic search.
Parallel mode: none, using 1 thread.
Root relaxation solution time = 0.01 sec. (6.50 ticks)

        Nodes                                         Cuts/
   Node  Left     Objective  IInf  Best Integer    Best Bound    ItCnt     Gap

*     0+    0                        14771.1071     -201.0022           101.36%
      0     0     3502.6337     3    14771.1071     3502.6337      284   76.29%
*     0+    0                         3522.3571     3502.6337             0.56%
*     0+    0                         3503.4909     3502.6337             0.02%
*     0     0      integral     0     3503.0940       Cuts: 8      287    0.00%
      0     0        cutoff           3503.0940     3503.0940      287    0.00%
Elapsed time = 0.16 sec. (106.96 ticks, tree = 0.01 MB, solutions = 4)

Clique cuts applied:  2
Cover cuts applied:  4
Gomory fractional cuts applied:  2

Root node processing (before b&c):
  Real time             =    0.17 sec. (108.72 ticks)
Sequential b&c:
  Real time             =    0.00 sec. (0.00 ticks)
                          ------------
Total (root+branch&cut) =    0.17 sec. (108.72 ticks)

Solution pool: 4 solutions saved.

MIP - Integer optimal solution:  Objective =  3.5030939850e+03
Solution time =    0.17 sec.  Iterations = 287  Nodes = 0
Deterministic time = 108.82 ticks  (658.11 ticks/sec)

CPLEX> Incumbent solution written to file '/tmp/cmpl.T10424.gsol'.
CPLEX> 
CMPL: Time used for model generation: 0 seconds
CMPL: Time used for solving the model: 1 seconds


Solution written to ASCII file: ../results/output_generated_conf_0.7/2016-03-07-4/unequal.sol

Solver - finished
