CMPL model generation - running

CMPL version: 1.11.0
Authors: Thomas Schleiff, Mike Steglich
Distributed under the GPLv3 

create model instance ...
write model instance ...
CMPL model generation - finished

Solver - running


Welcome to IBM(R) ILOG(R) CPLEX(R) Interactive Optimizer 12.7.1.0
  with Simplex, Mixed Integer & Barrier Optimizers
5725-A06 5725-A29 5724-Y48 5724-Y49 5724-Y54 5724-Y55 5655-Y21
Copyright IBM Corp. 1988, 2017.  All Rights Reserved.

Type 'help' for a list of available commands.
Type 'help' followed by a command name for more
information on commands.

CPLEX> Specified objective sense: MINIMIZE
Selected objective  name:  line[1]
Selected RHS        name:  RHS
Selected bound      name:  BOUND
Problem '/tmp/cmpl.XM9986.mps' read.
Read time = 0.05 sec. (9.66 ticks)
CPLEX> CPXPARAM_Read_APIEncoding                        "UTF-8"
Tried aggregator 3 times.
MIP Presolve eliminated 19379 rows and 31226 columns.
MIP Presolve modified 432 coefficients.
Aggregator did 586 substitutions.
Reduced MIP has 2645 rows, 4481 columns, and 14667 nonzeros.
Reduced MIP has 4313 binaries, 0 generals, 0 SOSs, and 0 indicators.
Presolve time = 0.05 sec. (51.62 ticks)
Probing fixed 4 vars, tightened 0 bounds.
Probing time = 0.01 sec. (7.19 ticks)
Tried aggregator 1 time.
MIP Presolve eliminated 0 rows and 4 columns.
MIP Presolve modified 14 coefficients.
Reduced MIP has 2645 rows, 4477 columns, and 14659 nonzeros.
Reduced MIP has 4477 binaries, 0 generals, 0 SOSs, and 0 indicators.
Presolve time = 0.01 sec. (10.64 ticks)
Probing time = 0.01 sec. (3.00 ticks)
Clique table members: 8792.
MIP emphasis: balance optimality and feasibility.
MIP search method: dynamic search.
Parallel mode: none, using 1 thread.
Root relaxation solution time = 0.02 sec. (18.40 ticks)

        Nodes                                         Cuts/
   Node  Left     Objective  IInf  Best Integer    Best Bound    ItCnt     Gap

      0     0      547.8531    13                    547.8531      943         
*     0+    0                          766.4332      547.8531            28.52%
*     0+    0                          551.5674      547.8531             0.67%
*     0     0      integral     0      551.2973       Cuts: 7      946    0.00%
      0     0        cutoff            551.2973      551.2973      946    0.00%
Elapsed time = 0.19 sec. (167.35 ticks, tree = 0.01 MB, solutions = 3)

Clique cuts applied:  1
Cover cuts applied:  4
Gomory fractional cuts applied:  2

Root node processing (before b&c):
  Real time             =    0.19 sec. (169.02 ticks)
Sequential b&c:
  Real time             =    0.00 sec. (0.00 ticks)
                          ------------
Total (root+branch&cut) =    0.19 sec. (169.02 ticks)

Solution pool: 3 solutions saved.

MIP - Integer optimal solution:  Objective =  5.5129730200e+02
Solution time =    0.19 sec.  Iterations = 946  Nodes = 0
Deterministic time = 169.13 ticks  (875.51 ticks/sec)

CPLEX> Incumbent solution written to file '/tmp/cmpl.XM9986.gsol'.
CPLEX> 
CMPL: Time used for model generation: 1 seconds
CMPL: Time used for solving the model: 1 seconds


Solution written to ASCII file: ../results/output_generated_conf_0.2/2017-02-06-4/equal.sol

Solver - finished
