CMPL model generation - running

CMPL version: 1.11.0
Authors: Thomas Schleiff, Mike Steglich
Distributed under the GPLv3 

create model instance ...
write model instance ...
CMPL model generation - finished

Solver - running


Welcome to IBM(R) ILOG(R) CPLEX(R) Interactive Optimizer 12.7.1.0
  with Simplex, Mixed Integer & Barrier Optimizers
5725-A06 5725-A29 5724-Y48 5724-Y49 5724-Y54 5724-Y55 5655-Y21
Copyright IBM Corp. 1988, 2017.  All Rights Reserved.

Type 'help' for a list of available commands.
Type 'help' followed by a command name for more
information on commands.

CPLEX> Specified objective sense: MINIMIZE
Selected objective  name:  line[1]
Selected RHS        name:  RHS
Selected bound      name:  BOUND
Problem '/tmp/cmpl.T11071.mps' read.
Read time = 0.06 sec. (11.93 ticks)
CPLEX> CPXPARAM_Read_APIEncoding                        "UTF-8"
Tried aggregator 3 times.
MIP Presolve eliminated 24128 rows and 37735 columns.
MIP Presolve modified 479 coefficients.
Aggregator did 735 substitutions.
Reduced MIP has 3314 rows, 5685 columns, and 18730 nonzeros.
Reduced MIP has 5475 binaries, 0 generals, 0 SOSs, and 0 indicators.
Presolve time = 0.06 sec. (58.64 ticks)
Probing fixed 15 vars, tightened 0 bounds.
Probing time = 0.03 sec. (9.86 ticks)
Tried aggregator 1 time.
MIP Presolve eliminated 0 rows and 15 columns.
MIP Presolve modified 64 coefficients.
Reduced MIP has 3314 rows, 5670 columns, and 18700 nonzeros.
Reduced MIP has 5670 binaries, 0 generals, 0 SOSs, and 0 indicators.
Presolve time = 0.02 sec. (13.69 ticks)
Probing time = 0.01 sec. (3.24 ticks)
Clique table members: 11488.
MIP emphasis: balance optimality and feasibility.
MIP search method: dynamic search.
Parallel mode: none, using 1 thread.
Root relaxation solution time = 0.02 sec. (18.55 ticks)

        Nodes                                         Cuts/
   Node  Left     Objective  IInf  Best Integer    Best Bound    ItCnt     Gap

      0     0     2353.4377     9                   2353.4377      931         
*     0+    0                         2355.4949     2353.4377             0.09%
      0     0     2354.7666     3     2355.4949      Cuts: 30      964    0.03%
*     0+    0                         2355.4523     2354.7666             0.03%
*     0     0      integral     0     2354.8458      Cuts: 10      974    0.00%
      0     0        cutoff           2354.8458     2354.8458      974    0.00%
Elapsed time = 0.25 sec. (207.01 ticks, tree = 0.01 MB, solutions = 3)

GUB cover cuts applied:  6
Clique cuts applied:  6
Cover cuts applied:  16
Gomory fractional cuts applied:  11

Root node processing (before b&c):
  Real time             =    0.25 sec. (209.05 ticks)
Sequential b&c:
  Real time             =    0.00 sec. (0.00 ticks)
                          ------------
Total (root+branch&cut) =    0.25 sec. (209.05 ticks)

Solution pool: 3 solutions saved.

MIP - Integer optimal solution:  Objective =  2.3548457530e+03
Solution time =    0.25 sec.  Iterations = 974  Nodes = 0
Deterministic time = 209.18 ticks  (835.68 ticks/sec)

CPLEX> Incumbent solution written to file '/tmp/cmpl.T11071.gsol'.
CPLEX> 
CMPL: Time used for model generation: 1 seconds
CMPL: Time used for solving the model: 1 seconds


Solution written to ASCII file: ../results/output_generated_rate_0.1/2016-08-01-5/equal.sol

Solver - finished
