CMPL model generation - running

CMPL version: 1.11.0
Authors: Thomas Schleiff, Mike Steglich
Distributed under the GPLv3 

create model instance ...
write model instance ...
CMPL model generation - finished

Solver - running


Welcome to IBM(R) ILOG(R) CPLEX(R) Interactive Optimizer 12.7.1.0
  with Simplex, Mixed Integer & Barrier Optimizers
5725-A06 5725-A29 5724-Y48 5724-Y49 5724-Y54 5724-Y55 5655-Y21
Copyright IBM Corp. 1988, 2017.  All Rights Reserved.

Type 'help' for a list of available commands.
Type 'help' followed by a command name for more
information on commands.

CPLEX> Specified objective sense: MINIMIZE
Selected objective  name:  line[1]
Selected RHS        name:  RHS
Selected bound      name:  BOUND
Problem '/tmp/cmpl.T11020.mps' read.
Read time = 0.06 sec. (10.97 ticks)
CPLEX> CPXPARAM_Read_APIEncoding                        "UTF-8"
Tried aggregator 3 times.
MIP Presolve eliminated 24128 rows and 37735 columns.
MIP Presolve modified 425 coefficients.
Aggregator did 735 substitutions.
Reduced MIP has 3144 rows, 4070 columns, and 12050 nonzeros.
Reduced MIP has 3860 binaries, 0 generals, 0 SOSs, and 0 indicators.
Presolve time = 0.06 sec. (51.39 ticks)
Found incumbent of value 17262.789975 after 0.09 sec. (75.77 ticks)
Probing fixed 15 vars, tightened 0 bounds.
Probing time = 0.01 sec. (5.20 ticks)
Tried aggregator 1 time.
MIP Presolve eliminated 0 rows and 15 columns.
MIP Presolve modified 64 coefficients.
Reduced MIP has 3144 rows, 4055 columns, and 12020 nonzeros.
Reduced MIP has 4055 binaries, 0 generals, 0 SOSs, and 0 indicators.
Presolve time = 0.01 sec. (10.23 ticks)
Probing time = 0.01 sec. (2.83 ticks)
Clique table members: 7416.
MIP emphasis: balance optimality and feasibility.
MIP search method: dynamic search.
Parallel mode: none, using 1 thread.
Root relaxation solution time = 0.01 sec. (7.07 ticks)

        Nodes                                         Cuts/
   Node  Left     Objective  IInf  Best Integer    Best Bound    ItCnt     Gap

*     0+    0                        17262.7900     -302.3437           101.75%
      0     0     2341.0034     9    17262.7900     2341.0034      262   86.44%
*     0+    0                         2362.1981     2341.0034             0.90%
*     0+    0                         2343.0606     2341.0034             0.09%
      0     0     2342.2571     3     2343.0606      Cuts: 24      277    0.03%
*     0+    0                         2342.9429     2342.2571             0.03%
*     0     0      integral     0     2342.3363       Cuts: 9      281    0.00%
      0     0        cutoff           2342.3363     2342.3363      281    0.00%
Elapsed time = 0.16 sec. (135.27 ticks, tree = 0.01 MB, solutions = 5)

GUB cover cuts applied:  4
Cover cuts applied:  18
Gomory fractional cuts applied:  10

Root node processing (before b&c):
  Real time             =    0.16 sec. (137.78 ticks)
Sequential b&c:
  Real time             =    0.00 sec. (0.00 ticks)
                          ------------
Total (root+branch&cut) =    0.16 sec. (137.78 ticks)

Solution pool: 5 solutions saved.

MIP - Integer optimal solution:  Objective =  2.3423362890e+03
Solution time =    0.16 sec.  Iterations = 281  Nodes = 0
Deterministic time = 137.90 ticks  (844.27 ticks/sec)

CPLEX> Incumbent solution written to file '/tmp/cmpl.T11020.gsol'.
CPLEX> 
CMPL: Time used for model generation: 1 seconds
CMPL: Time used for solving the model: 1 seconds


Solution written to ASCII file: ../results/output_generated_rate_0.1/2016-08-01-5/unequal.sol

Solver - finished
