CMPL model generation - running

CMPL version: 1.11.0
Authors: Thomas Schleiff, Mike Steglich
Distributed under the GPLv3 

create model instance ...
write model instance ...
CMPL model generation - finished

Solver - running


Welcome to IBM(R) ILOG(R) CPLEX(R) Interactive Optimizer 12.7.1.0
  with Simplex, Mixed Integer & Barrier Optimizers
5725-A06 5725-A29 5724-Y48 5724-Y49 5724-Y54 5724-Y55 5655-Y21
Copyright IBM Corp. 1988, 2017.  All Rights Reserved.

Type 'help' for a list of available commands.
Type 'help' followed by a command name for more
information on commands.

CPLEX> Specified objective sense: MINIMIZE
Selected objective  name:  line[1]
Selected RHS        name:  RHS
Selected bound      name:  BOUND
Problem '/tmp/cmpl.XM9776.mps' read.
Read time = 0.05 sec. (9.66 ticks)
CPLEX> CPXPARAM_Read_APIEncoding                        "UTF-8"
Tried aggregator 3 times.
MIP Presolve eliminated 19409 rows and 31274 columns.
MIP Presolve modified 417 coefficients.
Aggregator did 573 substitutions.
Reduced MIP has 2628 rows, 4446 columns, and 14572 nonzeros.
Reduced MIP has 4278 binaries, 0 generals, 0 SOSs, and 0 indicators.
Presolve time = 0.05 sec. (50.00 ticks)
Found incumbent of value 20140.554981 after 0.08 sec. (72.67 ticks)
Probing fixed 5 vars, tightened 0 bounds.
Probing time = 0.01 sec. (7.27 ticks)
Tried aggregator 1 time.
MIP Presolve eliminated 1 rows and 5 columns.
MIP Presolve modified 22 coefficients.
Reduced MIP has 2627 rows, 4441 columns, and 14558 nonzeros.
Reduced MIP has 4441 binaries, 0 generals, 0 SOSs, and 0 indicators.
Presolve time = 0.01 sec. (11.96 ticks)
Probing time = 0.01 sec. (3.00 ticks)
Clique table members: 8278.
MIP emphasis: balance optimality and feasibility.
MIP search method: dynamic search.
Parallel mode: none, using 1 thread.
Root relaxation solution time = 0.02 sec. (18.64 ticks)

        Nodes                                         Cuts/
   Node  Left     Objective  IInf  Best Integer    Best Bound    ItCnt     Gap

*     0+    0                        20140.5550     -502.5585           102.50%
      0     0      101.5584    25    20140.5550      101.5584      996   99.50%
*     0+    0                          108.7013      101.5584             6.57%
      0     0        cutoff            108.7013                    996    0.00%
Elapsed time = 0.16 sec. (131.03 ticks, tree = 0.01 MB, solutions = 2)

Root node processing (before b&c):
  Real time             =    0.16 sec. (132.46 ticks)
Sequential b&c:
  Real time             =    0.00 sec. (0.00 ticks)
                          ------------
Total (root+branch&cut) =    0.16 sec. (132.46 ticks)

Solution pool: 2 solutions saved.

MIP - Integer optimal solution:  Objective =  1.0870130000e+02
Solution time =    0.16 sec.  Iterations = 996  Nodes = 0
Deterministic time = 132.56 ticks  (805.53 ticks/sec)

CPLEX> Incumbent solution written to file '/tmp/cmpl.XM9776.gsol'.
CPLEX> 
CMPL: Time used for model generation: 1 seconds
CMPL: Time used for solving the model: 1 seconds


Solution written to ASCII file: ../results/output_generated_conf_0/2017-02-06-4/equal.sol

Solver - finished
