CMPL model generation - running

CMPL version: 1.11.0
Authors: Thomas Schleiff, Mike Steglich
Distributed under the GPLv3 

create model instance ...
write model instance ...
CMPL model generation - finished

Solver - running


Welcome to IBM(R) ILOG(R) CPLEX(R) Interactive Optimizer 12.7.1.0
  with Simplex, Mixed Integer & Barrier Optimizers
5725-A06 5725-A29 5724-Y48 5724-Y49 5724-Y54 5724-Y55 5655-Y21
Copyright IBM Corp. 1988, 2017.  All Rights Reserved.

Type 'help' for a list of available commands.
Type 'help' followed by a command name for more
information on commands.

CPLEX> Specified objective sense: MINIMIZE
Selected objective  name:  line[1]
Selected RHS        name:  RHS
Selected bound      name:  BOUND
Problem '/tmp/cmpl.T11352.mps' read.
Read time = 0.06 sec. (11.02 ticks)
CPLEX> CPXPARAM_Read_APIEncoding                        "UTF-8"
Tried aggregator 3 times.
MIP Presolve eliminated 23542 rows and 36575 columns.
MIP Presolve modified 425 coefficients.
Aggregator did 1280 substitutions.
Reduced MIP has 3185 rows, 4685 columns, and 13869 nonzeros.
Reduced MIP has 4475 binaries, 0 generals, 0 SOSs, and 0 indicators.
Presolve time = 0.06 sec. (53.03 ticks)
Found incumbent of value 37734.784346 after 0.11 sec. (94.60 ticks)
Probing time = 0.01 sec. (2.86 ticks)
Tried aggregator 1 time.
MIP Presolve eliminated 0 rows and 17 columns.
Reduced MIP has 3185 rows, 4668 columns, and 13835 nonzeros.
Reduced MIP has 4668 binaries, 0 generals, 0 SOSs, and 0 indicators.
Presolve time = 0.01 sec. (11.54 ticks)
Probing time = 0.01 sec. (2.97 ticks)
Clique table members: 3955.
MIP emphasis: balance optimality and feasibility.
MIP search method: dynamic search.
Parallel mode: none, using 1 thread.
Root relaxation solution time = 0.02 sec. (18.65 ticks)

        Nodes                                         Cuts/
   Node  Left     Objective  IInf  Best Integer    Best Bound    ItCnt     Gap

*     0+    0                        37734.7843        0.0000           100.00%
*     0     0      integral     0    12429.1879    12429.1879      970    0.00%
Elapsed time = 0.17 sec. (140.21 ticks, tree = 0.00 MB, solutions = 2)

Root node processing (before b&c):
  Real time             =    0.18 sec. (141.83 ticks)
Sequential b&c:
  Real time             =    0.00 sec. (0.00 ticks)
                          ------------
Total (root+branch&cut) =    0.18 sec. (141.83 ticks)

Solution pool: 2 solutions saved.

MIP - Integer optimal solution:  Objective =  1.2429187908e+04
Solution time =    0.18 sec.  Iterations = 970  Nodes = 0
Deterministic time = 141.96 ticks  (802.50 ticks/sec)

CPLEX> Incumbent solution written to file '/tmp/cmpl.T11352.gsol'.
CPLEX> 
CMPL: Time used for model generation: 2 seconds
CMPL: Time used for solving the model: 0 seconds


Solution written to ASCII file: ../results/output_generated_rate_0.4/2017-05-01-5/unequal.sol

Solver - finished
