CMPL model generation - running

CMPL version: 1.11.0
Authors: Thomas Schleiff, Mike Steglich
Distributed under the GPLv3 

create model instance ...
write model instance ...
CMPL model generation - finished

Solver - running


Welcome to IBM(R) ILOG(R) CPLEX(R) Interactive Optimizer 12.7.1.0
  with Simplex, Mixed Integer & Barrier Optimizers
5725-A06 5725-A29 5724-Y48 5724-Y49 5724-Y54 5724-Y55 5655-Y21
Copyright IBM Corp. 1988, 2017.  All Rights Reserved.

Type 'help' for a list of available commands.
Type 'help' followed by a command name for more
information on commands.

CPLEX> Specified objective sense: MINIMIZE
Selected objective  name:  line[1]
Selected RHS        name:  RHS
Selected bound      name:  BOUND
Problem '/tmp/cmpl.T10160.mps' read.
Read time = 0.06 sec. (11.93 ticks)
CPLEX> CPXPARAM_Read_APIEncoding                        "UTF-8"
Tried aggregator 3 times.
MIP Presolve eliminated 24100 rows and 37691 columns.
MIP Presolve modified 485 coefficients.
Aggregator did 754 substitutions.
Reduced MIP has 3323 rows, 5710 columns, and 18795 nonzeros.
Reduced MIP has 5500 binaries, 0 generals, 0 SOSs, and 0 indicators.
Presolve time = 0.07 sec. (59.00 ticks)
Probing fixed 13 vars, tightened 0 bounds.
Probing time = 0.02 sec. (9.99 ticks)
Tried aggregator 1 time.
MIP Presolve eliminated 0 rows and 13 columns.
MIP Presolve modified 64 coefficients.
Reduced MIP has 3323 rows, 5697 columns, and 18769 nonzeros.
Reduced MIP has 5697 binaries, 0 generals, 0 SOSs, and 0 indicators.
Presolve time = 0.01 sec. (13.73 ticks)
Probing time = 0.01 sec. (3.25 ticks)
Clique table members: 11693.
MIP emphasis: balance optimality and feasibility.
MIP search method: dynamic search.
Parallel mode: none, using 1 thread.
Root relaxation solution time = 0.02 sec. (23.39 ticks)

        Nodes                                         Cuts/
   Node  Left     Objective  IInf  Best Integer    Best Bound    ItCnt     Gap

      0     0     1591.9200    12                   1591.9200     1308         
*     0+    0                         1594.6629     1591.9200             0.17%
      0     0     1594.0229     2     1594.6629      Cuts: 10     1318    0.04%
*     0+    0                         1594.2971     1594.0229             0.02%
      0     0     1594.0229     2     1594.2971       Cuts: 8     1331    0.02%

Repeating presolve.
Tried aggregator 4 times.
MIP Presolve eliminated 3085 rows and 5249 columns.
MIP Presolve modified 221 coefficients.
Aggregator did 126 substitutions.
Reduced MIP has 128 rows, 322 columns, and 665 nonzeros.
Reduced MIP has 322 binaries, 0 generals, 0 SOSs, and 0 indicators.
Presolve time = 0.01 sec. (8.99 ticks)
Probing fixed 13 vars, tightened 0 bounds.
Probing time = 0.00 sec. (0.27 ticks)
Tried aggregator 1 time.
MIP Presolve eliminated 2 rows and 15 columns.
MIP Presolve modified 48 coefficients.
Reduced MIP has 126 rows, 305 columns, and 631 nonzeros.
Reduced MIP has 305 binaries, 0 generals, 0 SOSs, and 0 indicators.
Presolve time = 0.00 sec. (0.86 ticks)
Probing time = 0.00 sec. (0.23 ticks)
Tried aggregator 1 time.
Reduced MIP has 126 rows, 305 columns, and 631 nonzeros.
Reduced MIP has 305 binaries, 0 generals, 0 SOSs, and 0 indicators.
Presolve time = 0.00 sec. (0.76 ticks)
Represolve time = 0.02 sec. (14.46 ticks)
Probing time = 0.00 sec. (0.23 ticks)
Clique table members: 391.
MIP emphasis: balance optimality and feasibility.
MIP search method: dynamic search.
Parallel mode: none, using 1 thread.
Root relaxation solution time = 0.00 sec. (0.57 ticks)

        Nodes                                         Cuts/
   Node  Left     Objective  IInf  Best Integer    Best Bound    ItCnt     Gap

*     0+    0                         1594.2971     1594.0229             0.02%
      0     0     1593.8629    19     1594.2971     1594.0229     1450    0.02%
      0     0     1594.2743     1     1594.2971      Cuts: 87     1473    0.00%

GUB cover cuts applied:  15
Clique cuts applied:  19
Cover cuts applied:  17
Gomory fractional cuts applied:  19

Root node processing (before b&c):
  Real time             =    0.29 sec. (253.68 ticks)
Sequential b&c:
  Real time             =    0.00 sec. (0.00 ticks)
                          ------------
Total (root+branch&cut) =    0.29 sec. (253.68 ticks)

Solution pool: 4 solutions saved.

MIP - Integer optimal, tolerance (0.0001/1e-06):  Objective =  1.5942971470e+03
Current MIP best bound =  1.5942742905e+03 (gap = 0.0228565, 0.00%)
Solution time =    0.29 sec.  Iterations = 1473  Nodes = 0 (1)
Deterministic time = 253.80 ticks  (879.37 ticks/sec)

CPLEX> Incumbent solution written to file '/tmp/cmpl.T10160.gsol'.
CPLEX> 
CMPL: Time used for model generation: 1 seconds
CMPL: Time used for solving the model: 1 seconds


Solution written to ASCII file: ../results/output_generated_conf_0.4/2015-11-02-5/equal.sol

Solver - finished
