CMPL model generation - running

CMPL version: 1.11.0
Authors: Thomas Schleiff, Mike Steglich
Distributed under the GPLv3 

create model instance ...
write model instance ...
CMPL model generation - finished

Solver - running


Welcome to IBM(R) ILOG(R) CPLEX(R) Interactive Optimizer 12.7.1.0
  with Simplex, Mixed Integer & Barrier Optimizers
5725-A06 5725-A29 5724-Y48 5724-Y49 5724-Y54 5724-Y55 5655-Y21
Copyright IBM Corp. 1988, 2017.  All Rights Reserved.

Type 'help' for a list of available commands.
Type 'help' followed by a command name for more
information on commands.

CPLEX> Specified objective sense: MINIMIZE
Selected objective  name:  line[1]
Selected RHS        name:  RHS
Selected bound      name:  BOUND
Problem '/tmp/cmpl.T10065.mps' read.
Read time = 0.05 sec. (9.66 ticks)
CPLEX> CPXPARAM_Read_APIEncoding                        "UTF-8"
Tried aggregator 3 times.
MIP Presolve eliminated 19346 rows and 31174 columns.
MIP Presolve modified 440 coefficients.
Aggregator did 618 substitutions.
Reduced MIP has 2646 rows, 4501 columns, and 14715 nonzeros.
Reduced MIP has 4333 binaries, 0 generals, 0 SOSs, and 0 indicators.
Presolve time = 0.06 sec. (51.87 ticks)
Probing fixed 6 vars, tightened 0 bounds.
Probing time = 0.01 sec. (7.51 ticks)
Tried aggregator 1 time.
MIP Presolve eliminated 0 rows and 6 columns.
MIP Presolve modified 30 coefficients.
Reduced MIP has 2646 rows, 4495 columns, and 14703 nonzeros.
Reduced MIP has 4495 binaries, 0 generals, 0 SOSs, and 0 indicators.
Presolve time = 0.01 sec. (10.68 ticks)
Probing time = 0.01 sec. (3.00 ticks)
Clique table members: 9121.
MIP emphasis: balance optimality and feasibility.
MIP search method: dynamic search.
Parallel mode: none, using 1 thread.
Root relaxation solution time = 0.02 sec. (14.00 ticks)

        Nodes                                         Cuts/
   Node  Left     Objective  IInf  Best Integer    Best Bound    ItCnt     Gap

      0     0      950.8662    21                    950.8662      744         
*     0+    0                          956.8662      950.8662             0.63%
      0     0      956.0376     1      956.8662      Cuts: 23      758    0.09%
*     0+    0                          956.3233      956.0376             0.03%
*     0+    0                          956.3115      956.0376             0.03%
      0     0        cutoff            956.3115      956.0376      758    0.03%
Elapsed time = 0.21 sec. (171.43 ticks, tree = 0.01 MB, solutions = 3)

GUB cover cuts applied:  1
Clique cuts applied:  5
Cover cuts applied:  11
Gomory fractional cuts applied:  6

Root node processing (before b&c):
  Real time             =    0.22 sec. (173.11 ticks)
Sequential b&c:
  Real time             =    0.00 sec. (0.00 ticks)
                          ------------
Total (root+branch&cut) =    0.22 sec. (173.11 ticks)

Solution pool: 3 solutions saved.

MIP - Integer optimal solution:  Objective =  9.5631148100e+02
Solution time =    0.22 sec.  Iterations = 758  Nodes = 0
Deterministic time = 173.22 ticks  (801.69 ticks/sec)

CPLEX> Incumbent solution written to file '/tmp/cmpl.T10065.gsol'.
CPLEX> 
CMPL: Time used for model generation: 1 seconds
CMPL: Time used for solving the model: 1 seconds


Solution written to ASCII file: ../results/output_generated_conf_0.3/2016-03-07-4/equal.sol

Solver - finished
