CMPL model generation - running

CMPL version: 1.11.0
Authors: Thomas Schleiff, Mike Steglich
Distributed under the GPLv3 

create model instance ...
write model instance ...
CMPL model generation - finished

Solver - running


Welcome to IBM(R) ILOG(R) CPLEX(R) Interactive Optimizer 12.7.1.0
  with Simplex, Mixed Integer & Barrier Optimizers
5725-A06 5725-A29 5724-Y48 5724-Y49 5724-Y54 5724-Y55 5655-Y21
Copyright IBM Corp. 1988, 2017.  All Rights Reserved.

Type 'help' for a list of available commands.
Type 'help' followed by a command name for more
information on commands.

CPLEX> Specified objective sense: MINIMIZE
Selected objective  name:  line[1]
Selected RHS        name:  RHS
Selected bound      name:  BOUND
Problem '/tmp/cmpl.T10016.mps' read.
Read time = 0.05 sec. (8.85 ticks)
CPLEX> CPXPARAM_Read_APIEncoding                        "UTF-8"
Tried aggregator 3 times.
MIP Presolve eliminated 19346 rows and 30834 columns.
MIP Presolve modified 340 coefficients.
Aggregator did 618 substitutions.
Reduced MIP has 2476 rows, 3226 columns, and 9422 nonzeros.
Reduced MIP has 3058 binaries, 0 generals, 0 SOSs, and 0 indicators.
Presolve time = 0.05 sec. (43.03 ticks)
Found incumbent of value 4848.398996 after 0.07 sec. (58.10 ticks)
Probing fixed 6 vars, tightened 0 bounds.
Probing time = 0.01 sec. (4.17 ticks)
Tried aggregator 1 time.
MIP Presolve eliminated 0 rows and 6 columns.
MIP Presolve modified 30 coefficients.
Reduced MIP has 2476 rows, 3220 columns, and 9410 nonzeros.
Reduced MIP has 3220 binaries, 0 generals, 0 SOSs, and 0 indicators.
Presolve time = 0.01 sec. (8.00 ticks)
Probing time = 0.01 sec. (2.67 ticks)
Clique table members: 5875.
MIP emphasis: balance optimality and feasibility.
MIP search method: dynamic search.
Parallel mode: none, using 1 thread.
Root relaxation solution time = 0.00 sec. (4.36 ticks)

        Nodes                                         Cuts/
   Node  Left     Objective  IInf  Best Integer    Best Bound    ItCnt     Gap

*     0+    0                         4848.3990     -484.5099           109.99%
      0     0      937.7233    21     4848.3990      937.7233       93   80.66%
*     0+    0                         1196.7544      937.7233            21.64%
*     0+    0                          943.7233      937.7233             0.64%
*     0     0      integral     0      943.1331      Cuts: 18      105    0.00%
      0     0        cutoff            943.1331      943.1331      105    0.00%
Elapsed time = 0.12 sec. (98.32 ticks, tree = 0.01 MB, solutions = 4)

GUB cover cuts applied:  1
Cover cuts applied:  11
Gomory fractional cuts applied:  6

Root node processing (before b&c):
  Real time             =    0.13 sec. (100.08 ticks)
Sequential b&c:
  Real time             =    0.00 sec. (0.00 ticks)
                          ------------
Total (root+branch&cut) =    0.13 sec. (100.08 ticks)

Solution pool: 4 solutions saved.

MIP - Integer optimal solution:  Objective =  9.4313314700e+02
Solution time =    0.13 sec.  Iterations = 105  Nodes = 0
Deterministic time = 100.18 ticks  (793.86 ticks/sec)

CPLEX> Incumbent solution written to file '/tmp/cmpl.T10016.gsol'.
CPLEX> 
CMPL: Time used for model generation: 1 seconds
CMPL: Time used for solving the model: 1 seconds


Solution written to ASCII file: ../results/output_generated_conf_0.3/2016-03-07-4/unequal.sol

Solver - finished
