CMPL model generation - running

CMPL version: 1.11.0
Authors: Thomas Schleiff, Mike Steglich
Distributed under the GPLv3 

create model instance ...
write model instance ...
CMPL model generation - finished

Solver - running


Welcome to IBM(R) ILOG(R) CPLEX(R) Interactive Optimizer 12.7.1.0
  with Simplex, Mixed Integer & Barrier Optimizers
5725-A06 5725-A29 5724-Y48 5724-Y49 5724-Y54 5724-Y55 5655-Y21
Copyright IBM Corp. 1988, 2017.  All Rights Reserved.

Type 'help' for a list of available commands.
Type 'help' followed by a command name for more
information on commands.

CPLEX> Specified objective sense: MINIMIZE
Selected objective  name:  line[1]
Selected RHS        name:  RHS
Selected bound      name:  BOUND
Problem '/tmp/cmpl.T10392.mps' read.
Read time = 0.06 sec. (11.94 ticks)
CPLEX> CPXPARAM_Read_APIEncoding                        "UTF-8"
Tried aggregator 3 times.
MIP Presolve eliminated 24019 rows and 37535 columns.
MIP Presolve modified 508 coefficients.
Aggregator did 806 substitutions.
Reduced MIP has 3352 rows, 5814 columns, and 19097 nonzeros.
Reduced MIP has 5604 binaries, 0 generals, 0 SOSs, and 0 indicators.
Presolve time = 0.07 sec. (59.44 ticks)
Probing time = 0.01 sec. (3.29 ticks)
Tried aggregator 2 times.
MIP Presolve eliminated 3 rows and 1 columns.
MIP Presolve modified 9 coefficients.
Aggregator did 2 substitutions.
Reduced MIP has 3347 rows, 5811 columns, and 19085 nonzeros.
Reduced MIP has 5811 binaries, 0 generals, 0 SOSs, and 0 indicators.
Presolve time = 0.02 sec. (17.29 ticks)
Probing time = 0.01 sec. (3.31 ticks)
Clique table members: 4724.
MIP emphasis: balance optimality and feasibility.
MIP search method: dynamic search.
Parallel mode: none, using 1 thread.
Root relaxation solution time = 0.02 sec. (20.65 ticks)

        Nodes                                         Cuts/
   Node  Left     Objective  IInf  Best Integer    Best Bound    ItCnt     Gap

      0     0     3250.3196     3                   3250.3196     1091         
*     0+    0                         3251.3830     3250.3196             0.03%
*     0+    0                         3251.0053     3250.3196             0.02%
*     0     0      integral     0     3250.6392      Cuts: 13     1097    0.00%
      0     0        cutoff           3250.6392     3250.6392     1097    0.00%
Elapsed time = 0.23 sec. (200.06 ticks, tree = 0.01 MB, solutions = 3)

Clique cuts applied:  4
Cover cuts applied:  6
Gomory fractional cuts applied:  3

Root node processing (before b&c):
  Real time             =    0.23 sec. (202.10 ticks)
Sequential b&c:
  Real time             =    0.00 sec. (0.00 ticks)
                          ------------
Total (root+branch&cut) =    0.23 sec. (202.10 ticks)

Solution pool: 3 solutions saved.

MIP - Integer optimal solution:  Objective =  3.2506392210e+03
Solution time =    0.23 sec.  Iterations = 1097  Nodes = 0
Deterministic time = 202.23 ticks  (875.20 ticks/sec)

CPLEX> Incumbent solution written to file '/tmp/cmpl.T10392.gsol'.
CPLEX> 
CMPL: Time used for model generation: 1 seconds
CMPL: Time used for solving the model: 1 seconds


Solution written to ASCII file: ../results/output_generated_conf_0.6/2016-12-05-5/equal.sol

Solver - finished
