CMPL model generation - running

CMPL version: 1.11.0
Authors: Thomas Schleiff, Mike Steglich
Distributed under the GPLv3 

create model instance ...
write model instance ...
CMPL model generation - finished

Solver - running


Welcome to IBM(R) ILOG(R) CPLEX(R) Interactive Optimizer 12.7.1.0
  with Simplex, Mixed Integer & Barrier Optimizers
5725-A06 5725-A29 5724-Y48 5724-Y49 5724-Y54 5724-Y55 5655-Y21
Copyright IBM Corp. 1988, 2017.  All Rights Reserved.

Type 'help' for a list of available commands.
Type 'help' followed by a command name for more
information on commands.

CPLEX> Specified objective sense: MINIMIZE
Selected objective  name:  line[1]
Selected RHS        name:  RHS
Selected bound      name:  BOUND
Problem '/tmp/cmpl.T10341.mps' read.
Read time = 0.06 sec. (10.98 ticks)
CPLEX> CPXPARAM_Read_APIEncoding                        "UTF-8"
Tried aggregator 3 times.
MIP Presolve eliminated 24022 rows and 37535 columns.
MIP Presolve modified 425 coefficients.
Aggregator did 808 substitutions.
Reduced MIP has 3177 rows, 4197 columns, and 12407 nonzeros.
Reduced MIP has 3987 binaries, 0 generals, 0 SOSs, and 0 indicators.
Presolve time = 0.07 sec. (51.89 ticks)
Found incumbent of value 12577.454174 after 0.12 sec. (87.95 ticks)
Probing fixed 14 vars, tightened 0 bounds.
Probing time = 0.01 sec. (5.47 ticks)
Tried aggregator 1 time.
MIP Presolve eliminated 0 rows and 14 columns.
MIP Presolve modified 78 coefficients.
Reduced MIP has 3177 rows, 4183 columns, and 12379 nonzeros.
Reduced MIP has 4183 binaries, 0 generals, 0 SOSs, and 0 indicators.
Presolve time = 0.01 sec. (10.43 ticks)
Probing time = 0.01 sec. (2.86 ticks)
Clique table members: 7639.
MIP emphasis: balance optimality and feasibility.
MIP search method: dynamic search.
Parallel mode: none, using 1 thread.
Root relaxation solution time = 0.01 sec. (7.62 ticks)

        Nodes                                         Cuts/
   Node  Left     Objective  IInf  Best Integer    Best Bound    ItCnt     Gap

*     0+    0                        12577.4542     -120.2775           100.96%
      0     0     3237.1686     1    12577.4542     3237.1686      289   74.26%
*     0+    0                         3237.8033     3237.1686             0.02%
*     0+    0                         3237.3972     3237.1686             0.01%
      0     0        cutoff           3237.3972     3237.1686      289    0.01%
Elapsed time = 0.17 sec. (130.82 ticks, tree = 0.01 MB, solutions = 3)

Root node processing (before b&c):
  Real time             =    0.18 sec. (132.71 ticks)
Sequential b&c:
  Real time             =    0.00 sec. (0.00 ticks)
                          ------------
Total (root+branch&cut) =    0.18 sec. (132.71 ticks)

Solution pool: 3 solutions saved.

MIP - Integer optimal solution:  Objective =  3.2373971670e+03
Solution time =    0.18 sec.  Iterations = 289  Nodes = 0
Deterministic time = 132.83 ticks  (743.75 ticks/sec)

CPLEX> Incumbent solution written to file '/tmp/cmpl.T10341.gsol'.
CPLEX> 
CMPL: Time used for model generation: 1 seconds
CMPL: Time used for solving the model: 1 seconds


Solution written to ASCII file: ../results/output_generated_conf_0.6/2016-12-05-5/unequal.sol

Solver - finished
