CMPL model generation - running

CMPL version: 1.11.0
Authors: Thomas Schleiff, Mike Steglich
Distributed under the GPLv3 

create model instance ...
write model instance ...
CMPL model generation - finished

Solver - running


Welcome to IBM(R) ILOG(R) CPLEX(R) Interactive Optimizer 12.7.1.0
  with Simplex, Mixed Integer & Barrier Optimizers
5725-A06 5725-A29 5724-Y48 5724-Y49 5724-Y54 5724-Y55 5655-Y21
Copyright IBM Corp. 1988, 2017.  All Rights Reserved.

Type 'help' for a list of available commands.
Type 'help' followed by a command name for more
information on commands.

CPLEX> Specified objective sense: MINIMIZE
Selected objective  name:  line[1]
Selected RHS        name:  RHS
Selected bound      name:  BOUND
Problem '/tmp/cmpl.XM9967.mps' read.
Read time = 0.05 sec. (9.66 ticks)
CPLEX> CPXPARAM_Read_APIEncoding                        "UTF-8"
Tried aggregator 3 times.
MIP Presolve eliminated 19367 rows and 31215 columns.
MIP Presolve modified 428 coefficients.
Aggregator did 607 substitutions.
Reduced MIP has 2636 rows, 4471 columns, and 14641 nonzeros.
Reduced MIP has 4303 binaries, 0 generals, 0 SOSs, and 0 indicators.
Presolve time = 0.05 sec. (50.12 ticks)
Probing fixed 5 vars, tightened 0 bounds.
Probing time = 0.01 sec. (7.31 ticks)
Tried aggregator 1 time.
MIP Presolve eliminated 0 rows and 5 columns.
MIP Presolve modified 18 coefficients.
Reduced MIP has 2636 rows, 4466 columns, and 14631 nonzeros.
Reduced MIP has 4466 binaries, 0 generals, 0 SOSs, and 0 indicators.
Presolve time = 0.01 sec. (10.56 ticks)
Probing time = 0.01 sec. (3.01 ticks)
Clique table members: 8611.
MIP emphasis: balance optimality and feasibility.
MIP search method: dynamic search.
Parallel mode: none, using 1 thread.
Root relaxation solution time = 0.01 sec. (12.43 ticks)

        Nodes                                         Cuts/
   Node  Left     Objective  IInf  Best Integer    Best Bound    ItCnt     Gap

      0     0      565.8344    12                    565.8344      658         
*     0+    0                          725.8861      565.8344            22.05%
*     0+    0                          569.2629      565.8344             0.60%
      0     0      568.6403     3      569.2629      Cuts: 16      663    0.11%
*     0+    0                          569.0688      568.6403             0.08%
      0     0        cutoff            569.0688                    667    0.00%
Elapsed time = 0.19 sec. (170.75 ticks, tree = 0.01 MB, solutions = 3)

GUB cover cuts applied:  1
Clique cuts applied:  7
Cover cuts applied:  13
Gomory fractional cuts applied:  7

Root node processing (before b&c):
  Real time             =    0.20 sec. (172.43 ticks)
Sequential b&c:
  Real time             =    0.00 sec. (0.00 ticks)
                          ------------
Total (root+branch&cut) =    0.20 sec. (172.43 ticks)

Solution pool: 3 solutions saved.

MIP - Integer optimal solution:  Objective =  5.6906875000e+02
Solution time =    0.20 sec.  Iterations = 667  Nodes = 0
Deterministic time = 172.53 ticks  (880.17 ticks/sec)

CPLEX> Incumbent solution written to file '/tmp/cmpl.XM9967.gsol'.
CPLEX> 
CMPL: Time used for model generation: 1 seconds
CMPL: Time used for solving the model: 1 seconds


Solution written to ASCII file: ../results/output_generated_conf_0.2/2016-06-06-4/equal.sol

Solver - finished
