CMPL model generation - running

CMPL version: 1.11.0
Authors: Thomas Schleiff, Mike Steglich
Distributed under the GPLv3 

create model instance ...
write model instance ...
CMPL model generation - finished

Solver - running


Welcome to IBM(R) ILOG(R) CPLEX(R) Interactive Optimizer 12.7.1.0
  with Simplex, Mixed Integer & Barrier Optimizers
5725-A06 5725-A29 5724-Y48 5724-Y49 5724-Y54 5724-Y55 5655-Y21
Copyright IBM Corp. 1988, 2017.  All Rights Reserved.

Type 'help' for a list of available commands.
Type 'help' followed by a command name for more
information on commands.

CPLEX> Specified objective sense: MINIMIZE
Selected objective  name:  line[1]
Selected RHS        name:  RHS
Selected bound      name:  BOUND
Problem '/tmp/cmpl.XM9963.mps' read.
Read time = 0.05 sec. (9.66 ticks)
CPLEX> CPXPARAM_Read_APIEncoding                        "UTF-8"
Tried aggregator 3 times.
MIP Presolve eliminated 19373 rows and 31217 columns.
MIP Presolve modified 432 coefficients.
Aggregator did 595 substitutions.
Reduced MIP has 2642 rows, 4481 columns, and 14657 nonzeros.
Reduced MIP has 4313 binaries, 0 generals, 0 SOSs, and 0 indicators.
Presolve time = 0.06 sec. (51.70 ticks)
Found incumbent of value 20670.873430 after 0.08 sec. (72.45 ticks)
Probing fixed 4 vars, tightened 0 bounds.
Probing time = 0.01 sec. (7.23 ticks)
Tried aggregator 1 time.
MIP Presolve eliminated 0 rows and 4 columns.
MIP Presolve modified 18 coefficients.
Reduced MIP has 2642 rows, 4477 columns, and 14649 nonzeros.
Reduced MIP has 4477 binaries, 0 generals, 0 SOSs, and 0 indicators.
Presolve time = 0.01 sec. (10.67 ticks)
Probing time = 0.01 sec. (2.99 ticks)
Clique table members: 8934.
MIP emphasis: balance optimality and feasibility.
MIP search method: dynamic search.
Parallel mode: none, using 1 thread.
Root relaxation solution time = 0.01 sec. (12.74 ticks)

        Nodes                                         Cuts/
   Node  Left     Objective  IInf  Best Integer    Best Bound    ItCnt     Gap

*     0+    0                        20670.8734     -524.5237           102.54%
      0     0      599.7291    24    20670.8734      599.7291      693   97.10%
*     0+    0                          606.5862      599.7291             1.13%
      0     0        cutoff            606.5862                    697    0.00%
Elapsed time = 0.15 sec. (130.65 ticks, tree = 0.01 MB, solutions = 2)

Clique cuts applied:  2
Cover cuts applied:  8
Gomory fractional cuts applied:  4

Root node processing (before b&c):
  Real time             =    0.16 sec. (132.09 ticks)
Sequential b&c:
  Real time             =    0.00 sec. (0.00 ticks)
                          ------------
Total (root+branch&cut) =    0.16 sec. (132.09 ticks)

Solution pool: 2 solutions saved.

MIP - Integer optimal solution:  Objective =  6.0658624200e+02
Solution time =    0.16 sec.  Iterations = 697  Nodes = 0
Deterministic time = 132.19 ticks  (844.35 ticks/sec)

CPLEX> Incumbent solution written to file '/tmp/cmpl.XM9963.gsol'.
CPLEX> 
CMPL: Time used for model generation: 1 seconds
CMPL: Time used for solving the model: 0 seconds


Solution written to ASCII file: ../results/output_generated_conf_0.2/2016-04-04-4/equal.sol

Solver - finished
