CMPL model generation - running

CMPL version: 1.11.0
Authors: Thomas Schleiff, Mike Steglich
Distributed under the GPLv3 

create model instance ...
write model instance ...
CMPL model generation - finished

Solver - running


Welcome to IBM(R) ILOG(R) CPLEX(R) Interactive Optimizer 12.7.1.0
  with Simplex, Mixed Integer & Barrier Optimizers
5725-A06 5725-A29 5724-Y48 5724-Y49 5724-Y54 5724-Y55 5655-Y21
Copyright IBM Corp. 1988, 2017.  All Rights Reserved.

Type 'help' for a list of available commands.
Type 'help' followed by a command name for more
information on commands.

CPLEX> Specified objective sense: MINIMIZE
Selected objective  name:  line[1]
Selected RHS        name:  RHS
Selected bound      name:  BOUND
Problem '/tmp/cmpl.T10290.mps' read.
Read time = 0.05 sec. (9.66 ticks)
CPLEX> CPXPARAM_Read_APIEncoding                        "UTF-8"
Tried aggregator 3 times.
MIP Presolve eliminated 19294 rows and 31075 columns.
MIP Presolve modified 476 coefficients.
Aggregator did 646 substitutions.
Reduced MIP has 2670 rows, 4572 columns, and 14912 nonzeros.
Reduced MIP has 4404 binaries, 0 generals, 0 SOSs, and 0 indicators.
Presolve time = 0.06 sec. (52.26 ticks)
Found incumbent of value 22041.285091 after 0.09 sec. (85.09 ticks)
Probing fixed 16 vars, tightened 0 bounds.
Probing time = 0.01 sec. (7.63 ticks)
Tried aggregator 1 time.
MIP Presolve eliminated 0 rows and 16 columns.
MIP Presolve modified 79 coefficients.
Reduced MIP has 2670 rows, 4556 columns, and 14880 nonzeros.
Reduced MIP has 4556 binaries, 0 generals, 0 SOSs, and 0 indicators.
Presolve time = 0.01 sec. (10.97 ticks)
Probing time = 0.01 sec. (3.01 ticks)
Clique table members: 9348.
MIP emphasis: balance optimality and feasibility.
MIP search method: dynamic search.
Parallel mode: none, using 1 thread.
Root relaxation solution time = 0.01 sec. (15.11 ticks)

        Nodes                                         Cuts/
   Node  Left     Objective  IInf  Best Integer    Best Bound    ItCnt     Gap

*     0+    0                        22041.2851     -324.5458           101.47%
      0     0     1948.0270    10    22041.2851     1948.0270      958   91.16%
*     0+    0                         2048.2471     1948.0270             4.89%
*     0+    0                         1950.8841     1948.0270             0.15%
      0     0     1949.6091     3     1950.8841      Cuts: 20      970    0.07%
*     0+    0                         1950.4662     1949.6091             0.04%
*     0     0      integral     0     1950.0827      Cuts: 10      977    0.00%
      0     0        cutoff           1950.0827     1950.0827      977    0.00%
Elapsed time = 0.18 sec. (161.38 ticks, tree = 0.01 MB, solutions = 5)

GUB cover cuts applied:  2
Clique cuts applied:  3
Cover cuts applied:  16
Gomory fractional cuts applied:  8

Root node processing (before b&c):
  Real time             =    0.19 sec. (163.54 ticks)
Sequential b&c:
  Real time             =    0.00 sec. (0.00 ticks)
                          ------------
Total (root+branch&cut) =    0.19 sec. (163.54 ticks)

Solution pool: 5 solutions saved.

MIP - Integer optimal solution:  Objective =  1.9500826990e+03
Solution time =    0.19 sec.  Iterations = 977  Nodes = 0
Deterministic time = 163.64 ticks  (883.49 ticks/sec)

CPLEX> Incumbent solution written to file '/tmp/cmpl.T10290.gsol'.
CPLEX> 
CMPL: Time used for model generation: 1 seconds
CMPL: Time used for solving the model: 1 seconds


Solution written to ASCII file: ../results/output_generated_conf_0.5/2017-01-09-4/equal.sol

Solver - finished
