CMPL model generation - running

CMPL version: 1.11.0
Authors: Thomas Schleiff, Mike Steglich
Distributed under the GPLv3 

create model instance ...
write model instance ...
CMPL model generation - finished

Solver - running


Welcome to IBM(R) ILOG(R) CPLEX(R) Interactive Optimizer 12.7.1.0
  with Simplex, Mixed Integer & Barrier Optimizers
5725-A06 5725-A29 5724-Y48 5724-Y49 5724-Y54 5724-Y55 5655-Y21
Copyright IBM Corp. 1988, 2017.  All Rights Reserved.

Type 'help' for a list of available commands.
Type 'help' followed by a command name for more
information on commands.

CPLEX> Specified objective sense: MINIMIZE
Selected objective  name:  line[1]
Selected RHS        name:  RHS
Selected bound      name:  BOUND
Problem '/tmp/cmpl.T10611.mps' read.
Read time = 0.08 sec. (11.96 ticks)
CPLEX> CPXPARAM_Read_APIEncoding                        "UTF-8"
Tried aggregator 3 times.
MIP Presolve eliminated 23877 rows and 37245 columns.
MIP Presolve modified 581 coefficients.
Aggregator did 950 substitutions.
Reduced MIP has 3350 rows, 5960 columns, and 19531 nonzeros.
Reduced MIP has 5750 binaries, 0 generals, 0 SOSs, and 0 indicators.
Presolve time = 0.09 sec. (60.36 ticks)
Probing time = 0.01 sec. (3.29 ticks)
Tried aggregator 1 time.
MIP Presolve eliminated 0 rows and 2 columns.
Reduced MIP has 3350 rows, 5958 columns, and 19527 nonzeros.
Reduced MIP has 5958 binaries, 0 generals, 0 SOSs, and 0 indicators.
Presolve time = 0.02 sec. (14.08 ticks)
Probing time = 0.01 sec. (3.34 ticks)
Clique table members: 4162.
MIP emphasis: balance optimality and feasibility.
MIP search method: dynamic search.
Parallel mode: none, using 1 thread.
Root relaxation solution time = 0.03 sec. (23.90 ticks)

        Nodes                                         Cuts/
   Node  Left     Objective  IInf  Best Integer    Best Bound    ItCnt     Gap

      0     0     5998.8109     1                   5998.8109     1361         
*     0+    0                         5999.0395     5998.8109             0.00%

Root node processing (before b&c):
  Real time             =    0.27 sec. (186.74 ticks)
Sequential b&c:
  Real time             =    0.00 sec. (0.00 ticks)
                          ------------
Total (root+branch&cut) =    0.27 sec. (186.74 ticks)

Solution pool: 1 solution saved.

MIP - Integer optimal, tolerance (0.0001/1e-06):  Objective =  5.9990395090e+03
Current MIP best bound =  5.9988109380e+03 (gap = 0.228571, 0.00%)
Solution time =    0.27 sec.  Iterations = 1361  Nodes = 0 (1)
Deterministic time = 186.86 ticks  (692.21 ticks/sec)

CPLEX> Incumbent solution written to file '/tmp/cmpl.T10611.gsol'.
CPLEX> 
CMPL: Time used for model generation: 1 seconds
CMPL: Time used for solving the model: 1 seconds


Solution written to ASCII file: ../results/output_generated_conf_0.8/2017-07-03-5/equal.sol

Solver - finished
