CMPL model generation - running

CMPL version: 1.11.0
Authors: Thomas Schleiff, Mike Steglich
Distributed under the GPLv3 

create model instance ...
write model instance ...
CMPL model generation - finished

Solver - running


Welcome to IBM(R) ILOG(R) CPLEX(R) Interactive Optimizer 12.7.1.0
  with Simplex, Mixed Integer & Barrier Optimizers
5725-A06 5725-A29 5724-Y48 5724-Y49 5724-Y54 5724-Y55 5655-Y21
Copyright IBM Corp. 1988, 2017.  All Rights Reserved.

Type 'help' for a list of available commands.
Type 'help' followed by a command name for more
information on commands.

CPLEX> Specified objective sense: MINIMIZE
Selected objective  name:  line[1]
Selected RHS        name:  RHS
Selected bound      name:  BOUND
Problem '/tmp/cmpl.T10561.mps' read.
Read time = 0.06 sec. (10.99 ticks)
CPLEX> CPXPARAM_Read_APIEncoding                        "UTF-8"
Tried aggregator 3 times.
MIP Presolve eliminated 23877 rows and 37245 columns.
MIP Presolve modified 425 coefficients.
Aggregator did 950 substitutions.
Reduced MIP has 3180 rows, 4345 columns, and 12851 nonzeros.
Reduced MIP has 4135 binaries, 0 generals, 0 SOSs, and 0 indicators.
Presolve time = 0.05 sec. (52.23 ticks)
Found incumbent of value 22656.867069 after 0.10 sec. (87.43 ticks)
Probing time = 0.01 sec. (2.89 ticks)
Tried aggregator 1 time.
MIP Presolve eliminated 0 rows and 2 columns.
Reduced MIP has 3180 rows, 4343 columns, and 12847 nonzeros.
Reduced MIP has 4343 binaries, 0 generals, 0 SOSs, and 0 indicators.
Presolve time = 0.01 sec. (10.62 ticks)
Probing time = 0.01 sec. (2.94 ticks)
Clique table members: 4675.
MIP emphasis: balance optimality and feasibility.
MIP search method: dynamic search.
Parallel mode: none, using 1 thread.
Root relaxation solution time = 0.01 sec. (10.68 ticks)

        Nodes                                         Cuts/
   Node  Left     Objective  IInf  Best Integer    Best Bound    ItCnt     Gap

*     0+    0                        22656.8671      -59.7904           100.26%
      0     0     5984.8415     1    22656.8671     5984.8415      487   73.58%
*     0+    0                         5984.8439     5984.8415             0.00%
      0     0        cutoff           5984.8439     5984.8415      487    0.00%
Elapsed time = 0.15 sec. (126.92 ticks, tree = 0.01 MB, solutions = 2)

Root node processing (before b&c):
  Real time             =    0.15 sec. (128.57 ticks)
Sequential b&c:
  Real time             =    0.00 sec. (0.00 ticks)
                          ------------
Total (root+branch&cut) =    0.15 sec. (128.57 ticks)

Solution pool: 2 solutions saved.

MIP - Integer optimal solution:  Objective =  5.9848439330e+03
Solution time =    0.15 sec.  Iterations = 487  Nodes = 0
Deterministic time = 128.70 ticks  (842.67 ticks/sec)

CPLEX> Incumbent solution written to file '/tmp/cmpl.T10561.gsol'.
CPLEX> 
CMPL: Time used for model generation: 1 seconds
CMPL: Time used for solving the model: 1 seconds


Solution written to ASCII file: ../results/output_generated_conf_0.8/2017-07-03-5/unequal.sol

Solver - finished
