CMPL model generation - running

CMPL version: 1.11.0
Authors: Thomas Schleiff, Mike Steglich
Distributed under the GPLv3 

create model instance ...
write model instance ...
CMPL model generation - finished

Solver - running


Welcome to IBM(R) ILOG(R) CPLEX(R) Interactive Optimizer 12.7.1.0
  with Simplex, Mixed Integer & Barrier Optimizers
5725-A06 5725-A29 5724-Y48 5724-Y49 5724-Y54 5724-Y55 5655-Y21
Copyright IBM Corp. 1988, 2017.  All Rights Reserved.

Type 'help' for a list of available commands.
Type 'help' followed by a command name for more
information on commands.

CPLEX> Specified objective sense: MINIMIZE
Selected objective  name:  line[1]
Selected RHS        name:  RHS
Selected bound      name:  BOUND
Problem '/tmp/cmpl.T10140.mps' read.
Read time = 0.06 sec. (8.85 ticks)
CPLEX> CPXPARAM_Read_APIEncoding                        "UTF-8"
Tried aggregator 3 times.
MIP Presolve eliminated 19314 rows and 30778 columns.
MIP Presolve modified 340 coefficients.
Aggregator did 637 substitutions.
Reduced MIP has 2489 rows, 3263 columns, and 9517 nonzeros.
Reduced MIP has 3095 binaries, 0 generals, 0 SOSs, and 0 indicators.
Presolve time = 0.05 sec. (41.61 ticks)
Found incumbent of value 5472.257051 after 0.09 sec. (62.26 ticks)
Probing fixed 8 vars, tightened 0 bounds.
Probing time = 0.01 sec. (4.24 ticks)
Tried aggregator 1 time.
MIP Presolve eliminated 0 rows and 8 columns.
MIP Presolve modified 43 coefficients.
Reduced MIP has 2489 rows, 3255 columns, and 9501 nonzeros.
Reduced MIP has 3255 binaries, 0 generals, 0 SOSs, and 0 indicators.
Presolve time = 0.01 sec. (8.09 ticks)
Probing time = 0.01 sec. (2.67 ticks)
Clique table members: 5895.
MIP emphasis: balance optimality and feasibility.
MIP search method: dynamic search.
Parallel mode: none, using 1 thread.
Root relaxation solution time = 0.01 sec. (4.57 ticks)

        Nodes                                         Cuts/
   Node  Left     Objective  IInf  Best Integer    Best Bound    ItCnt     Gap

*     0+    0                         5472.2571     -542.8282           109.92%
      0     0     1458.8825    18     5472.2571     1458.8825      123   73.34%
*     0+    0                         1620.1317     1458.8825             9.95%
*     0+    0                         1464.0254     1458.8825             0.35%
      0     0     1463.2454     2     1464.0254      Cuts: 25      133    0.05%
*     0+    0                         1463.6782     1463.2454             0.03%
*     0     0      integral     0     1463.5757       Cuts: 7      137    0.00%
      0     0        cutoff           1463.5757     1463.5757      137    0.00%
Elapsed time = 0.15 sec. (113.68 ticks, tree = 0.01 MB, solutions = 5)

Clique cuts applied:  5
Cover cuts applied:  18
Gomory fractional cuts applied:  9

Root node processing (before b&c):
  Real time             =    0.16 sec. (115.67 ticks)
Sequential b&c:
  Real time             =    0.00 sec. (0.00 ticks)
                          ------------
Total (root+branch&cut) =    0.16 sec. (115.67 ticks)

Solution pool: 5 solutions saved.

MIP - Integer optimal solution:  Objective =  1.4635756680e+03
Solution time =    0.16 sec.  Iterations = 137  Nodes = 0
Deterministic time = 115.77 ticks  (738.75 ticks/sec)

CPLEX> Incumbent solution written to file '/tmp/cmpl.T10140.gsol'.
CPLEX> 
CMPL: Time used for model generation: 1 seconds
CMPL: Time used for solving the model: 1 seconds


Solution written to ASCII file: ../results/output_generated_conf_0.4/2017-01-09-4/unequal.sol

Solver - finished
