CMPL model generation - running

CMPL version: 1.11.0
Authors: Thomas Schleiff, Mike Steglich
Distributed under the GPLv3 

create model instance ...
write model instance ...
CMPL model generation - finished

Solver - running


Welcome to IBM(R) ILOG(R) CPLEX(R) Interactive Optimizer 12.7.1.0
  with Simplex, Mixed Integer & Barrier Optimizers
5725-A06 5725-A29 5724-Y48 5724-Y49 5724-Y54 5724-Y55 5655-Y21
Copyright IBM Corp. 1988, 2017.  All Rights Reserved.

Type 'help' for a list of available commands.
Type 'help' followed by a command name for more
information on commands.

CPLEX> Specified objective sense: MINIMIZE
Selected objective  name:  line[1]
Selected RHS        name:  RHS
Selected bound      name:  BOUND
Problem '/tmp/cmpl.T11286.mps' read.
Read time = 0.06 sec. (11.97 ticks)
CPLEX> CPXPARAM_Read_APIEncoding                        "UTF-8"
Tried aggregator 3 times.
MIP Presolve eliminated 23717 rows and 36927 columns.
MIP Presolve modified 652 coefficients.
Aggregator did 1104 substitutions.
Reduced MIP has 3356 rows, 6124 columns, and 20025 nonzeros.
Reduced MIP has 5914 binaries, 0 generals, 0 SOSs, and 0 indicators.
Presolve time = 0.07 sec. (61.47 ticks)
Found incumbent of value 33877.879957 after 0.12 sec. (105.78 ticks)
Probing time = 0.01 sec. (3.30 ticks)
Tried aggregator 1 time.
MIP Presolve eliminated 1 rows and 4 columns.
MIP Presolve modified 3 coefficients.
Reduced MIP has 3355 rows, 6120 columns, and 20013 nonzeros.
Reduced MIP has 6120 binaries, 0 generals, 0 SOSs, and 0 indicators.
Presolve time = 0.02 sec. (16.10 ticks)
Probing time = 0.01 sec. (3.36 ticks)
Clique table members: 3864.
MIP emphasis: balance optimality and feasibility.
MIP search method: dynamic search.
Parallel mode: none, using 1 thread.
Root relaxation solution time = 0.03 sec. (31.21 ticks)

        Nodes                                         Cuts/
   Node  Left     Objective  IInf  Best Integer    Best Bound    ItCnt     Gap

*     0+    0                        33877.8800        0.0000           100.00%
      0     0     9172.8207    12    33877.8800     9172.8207     1575   72.92%
*     0+    0                         9172.8207     9172.8207             0.00%
      0     0        cutoff           9172.8207     9172.8207     1575    0.00%
Elapsed time = 0.21 sec. (176.85 ticks, tree = 0.01 MB, solutions = 2)

Root node processing (before b&c):
  Real time             =    0.21 sec. (178.59 ticks)
Sequential b&c:
  Real time             =    0.00 sec. (0.00 ticks)
                          ------------
Total (root+branch&cut) =    0.21 sec. (178.59 ticks)

Solution pool: 2 solutions saved.

MIP - Integer optimal solution:  Objective =  9.1728206910e+03
Solution time =    0.21 sec.  Iterations = 1575  Nodes = 0
Deterministic time = 178.71 ticks  (846.43 ticks/sec)

CPLEX> Incumbent solution written to file '/tmp/cmpl.T11286.gsol'.
CPLEX> 
CMPL: Time used for model generation: 1 seconds
CMPL: Time used for solving the model: 1 seconds


Solution written to ASCII file: ../results/output_generated_rate_0.3/2016-12-05-5/equal.sol

Solver - finished
