CMPL model generation - running

CMPL version: 1.11.0
Authors: Thomas Schleiff, Mike Steglich
Distributed under the GPLv3 

create model instance ...
write model instance ...
CMPL model generation - finished

Solver - running


Welcome to IBM(R) ILOG(R) CPLEX(R) Interactive Optimizer 12.7.1.0
  with Simplex, Mixed Integer & Barrier Optimizers
5725-A06 5725-A29 5724-Y48 5724-Y49 5724-Y54 5724-Y55 5655-Y21
Copyright IBM Corp. 1988, 2017.  All Rights Reserved.

Type 'help' for a list of available commands.
Type 'help' followed by a command name for more
information on commands.

CPLEX> Specified objective sense: MINIMIZE
Selected objective  name:  line[1]
Selected RHS        name:  RHS
Selected bound      name:  BOUND
Problem '/tmp/cmpl.T11056.mps' read.
Read time = 0.05 sec. (9.66 ticks)
CPLEX> CPXPARAM_Read_APIEncoding                        "UTF-8"
Tried aggregator 3 times.
MIP Presolve eliminated 19360 rows and 31195 columns.
MIP Presolve modified 432 coefficients.
Aggregator did 602 substitutions.
Reduced MIP has 2648 rows, 4496 columns, and 14698 nonzeros.
Reduced MIP has 4328 binaries, 0 generals, 0 SOSs, and 0 indicators.
Presolve time = 0.05 sec. (50.05 ticks)
Found incumbent of value 20838.742725 after 0.09 sec. (82.75 ticks)
Probing fixed 8 vars, tightened 0 bounds.
Probing time = 0.01 sec. (7.47 ticks)
Tried aggregator 1 time.
MIP Presolve eliminated 0 rows and 8 columns.
MIP Presolve modified 33 coefficients.
Reduced MIP has 2648 rows, 4488 columns, and 14682 nonzeros.
Reduced MIP has 4488 binaries, 0 generals, 0 SOSs, and 0 indicators.
Presolve time = 0.01 sec. (10.74 ticks)
Probing time = 0.01 sec. (3.00 ticks)
Clique table members: 8870.
MIP emphasis: balance optimality and feasibility.
MIP search method: dynamic search.
Parallel mode: none, using 1 thread.
Root relaxation solution time = 0.01 sec. (12.46 ticks)

        Nodes                                         Cuts/
   Node  Left     Objective  IInf  Best Integer    Best Bound    ItCnt     Gap

*     0+    0                        20838.7427     -481.2388           102.31%
      0     0     1647.6914    13    20838.7427     1647.6914      686   92.09%
*     0+    0                         1651.4057     1647.6914             0.22%
      0     0     1649.0240     1     1651.4057      Cuts: 47      738    0.14%
*     0+    0                         1649.3097     1649.0240             0.02%
*     0+    0                         1649.2160     1649.0240             0.01%
      0     0        cutoff           1649.2160     1649.0240      740    0.01%
Elapsed time = 0.18 sec. (153.88 ticks, tree = 0.01 MB, solutions = 4)

GUB cover cuts applied:  3
Clique cuts applied:  11
Cover cuts applied:  21
Gomory fractional cuts applied:  12

Root node processing (before b&c):
  Real time             =    0.18 sec. (155.81 ticks)
Sequential b&c:
  Real time             =    0.00 sec. (0.00 ticks)
                          ------------
Total (root+branch&cut) =    0.18 sec. (155.81 ticks)

Solution pool: 4 solutions saved.

MIP - Integer optimal solution:  Objective =  1.6492159650e+03
Solution time =    0.18 sec.  Iterations = 740  Nodes = 0
Deterministic time = 155.92 ticks  (863.03 ticks/sec)

CPLEX> Incumbent solution written to file '/tmp/cmpl.T11056.gsol'.
CPLEX> 
CMPL: Time used for model generation: 1 seconds
CMPL: Time used for solving the model: 1 seconds


Solution written to ASCII file: ../results/output_generated_rate_0.1/2016-01-04-4/equal.sol

Solver - finished
