CMPL model generation - running

CMPL version: 1.11.0
Authors: Thomas Schleiff, Mike Steglich
Distributed under the GPLv3 

create model instance ...
write model instance ...
CMPL model generation - finished

Solver - running


Welcome to IBM(R) ILOG(R) CPLEX(R) Interactive Optimizer 12.7.1.0
  with Simplex, Mixed Integer & Barrier Optimizers
5725-A06 5725-A29 5724-Y48 5724-Y49 5724-Y54 5724-Y55 5655-Y21
Copyright IBM Corp. 1988, 2017.  All Rights Reserved.

Type 'help' for a list of available commands.
Type 'help' followed by a command name for more
information on commands.

CPLEX> Specified objective sense: MINIMIZE
Selected objective  name:  line[1]
Selected RHS        name:  RHS
Selected bound      name:  BOUND
Problem '/tmp/cmpl.T11006.mps' read.
Read time = 0.05 sec. (8.85 ticks)
CPLEX> CPXPARAM_Read_APIEncoding                        "UTF-8"
Tried aggregator 3 times.
MIP Presolve eliminated 19360 rows and 30855 columns.
MIP Presolve modified 340 coefficients.
Aggregator did 602 substitutions.
Reduced MIP has 2478 rows, 3221 columns, and 9405 nonzeros.
Reduced MIP has 3053 binaries, 0 generals, 0 SOSs, and 0 indicators.
Presolve time = 0.05 sec. (41.31 ticks)
Found incumbent of value 12192.930202 after 0.07 sec. (60.59 ticks)
Probing fixed 8 vars, tightened 0 bounds.
Probing time = 0.01 sec. (4.14 ticks)
Tried aggregator 1 time.
MIP Presolve eliminated 0 rows and 8 columns.
MIP Presolve modified 33 coefficients.
Reduced MIP has 2478 rows, 3213 columns, and 9389 nonzeros.
Reduced MIP has 3213 binaries, 0 generals, 0 SOSs, and 0 indicators.
Presolve time = 0.01 sec. (8.04 ticks)
Probing time = 0.01 sec. (2.66 ticks)
Clique table members: 5777.
MIP emphasis: balance optimality and feasibility.
MIP search method: dynamic search.
Parallel mode: none, using 1 thread.
Root relaxation solution time = 0.00 sec. (4.86 ticks)

        Nodes                                         Cuts/
   Node  Left     Objective  IInf  Best Integer    Best Bound    ItCnt     Gap

*     0+    0                        12192.9302     -481.2388           103.95%
      0     0     1637.7394    13    12192.9302     1637.7394      186   86.57%
*     0+    0                         1697.9977     1637.7394             3.55%
*     0+    0                         1641.4537     1637.7394             0.23%
      0     0     1639.1382     1     1641.4537      Cuts: 46      201    0.14%
*     0+    0                         1639.2731     1639.1382             0.01%

GUB cover cuts applied:  3
Clique cuts applied:  10
Cover cuts applied:  21
Gomory fractional cuts applied:  12

Root node processing (before b&c):
  Real time             =    0.13 sec. (104.49 ticks)
Sequential b&c:
  Real time             =    0.00 sec. (0.00 ticks)
                          ------------
Total (root+branch&cut) =    0.13 sec. (104.49 ticks)

Solution pool: 4 solutions saved.

MIP - Integer optimal, tolerance (0.0001/1e-06):  Objective =  1.6392730910e+03
Current MIP best bound =  1.6391382335e+03 (gap = 0.134857, 0.01%)
Solution time =    0.13 sec.  Iterations = 201  Nodes = 0 (1)
Deterministic time = 104.59 ticks  (814.12 ticks/sec)

CPLEX> Incumbent solution written to file '/tmp/cmpl.T11006.gsol'.
CPLEX> 
CMPL: Time used for model generation: 0 seconds
CMPL: Time used for solving the model: 1 seconds


Solution written to ASCII file: ../results/output_generated_rate_0.1/2016-01-04-4/unequal.sol

Solver - finished
