CMPL model generation - running

CMPL version: 1.11.0
Authors: Thomas Schleiff, Mike Steglich
Distributed under the GPLv3 

create model instance ...
write model instance ...
CMPL model generation - finished

Solver - running


Welcome to IBM(R) ILOG(R) CPLEX(R) Interactive Optimizer 12.7.1.0
  with Simplex, Mixed Integer & Barrier Optimizers
5725-A06 5725-A29 5724-Y48 5724-Y49 5724-Y54 5724-Y55 5655-Y21
Copyright IBM Corp. 1988, 2017.  All Rights Reserved.

Type 'help' for a list of available commands.
Type 'help' followed by a command name for more
information on commands.

CPLEX> Specified objective sense: MINIMIZE
Selected objective  name:  line[1]
Selected RHS        name:  RHS
Selected bound      name:  BOUND
Problem '/tmp/cmpl.T10707.mps' read.
Read time = 0.07 sec. (9.69 ticks)
CPLEX> CPXPARAM_Read_APIEncoding                        "UTF-8"
Tried aggregator 3 times.
MIP Presolve eliminated 19029 rows and 30551 columns.
MIP Presolve modified 612 coefficients.
Aggregator did 866 substitutions.
Reduced MIP has 2715 rows, 4876 columns, and 15794 nonzeros.
Reduced MIP has 4708 binaries, 0 generals, 0 SOSs, and 0 indicators.
Presolve time = 0.07 sec. (52.43 ticks)
Found incumbent of value 25678.090565 after 0.12 sec. (87.67 ticks)
Probing fixed 27 vars, tightened 0 bounds.
Probing time = 0.02 sec. (8.32 ticks)
Tried aggregator 1 time.
MIP Presolve eliminated 0 rows and 27 columns.
MIP Presolve modified 186 coefficients.
Reduced MIP has 2715 rows, 4849 columns, and 15740 nonzeros.
Reduced MIP has 4849 binaries, 0 generals, 0 SOSs, and 0 indicators.
Presolve time = 0.01 sec. (11.88 ticks)
Probing time = 0.01 sec. (3.05 ticks)
Clique table members: 9830.
MIP emphasis: balance optimality and feasibility.
MIP search method: dynamic search.
Parallel mode: none, using 1 thread.
Root relaxation solution time = 0.03 sec. (21.03 ticks)

        Nodes                                         Cuts/
   Node  Left     Objective  IInf  Best Integer    Best Bound    ItCnt     Gap

*     0+    0                        25678.0906      -19.8688           100.08%
*     0     0      integral     0     6843.7191     6843.7191     1278    0.00%
Elapsed time = 0.21 sec. (143.60 ticks, tree = 0.00 MB, solutions = 2)

Root node processing (before b&c):
  Real time             =    0.22 sec. (145.02 ticks)
Sequential b&c:
  Real time             =    0.00 sec. (0.00 ticks)
                          ------------
Total (root+branch&cut) =    0.22 sec. (145.02 ticks)

Solution pool: 2 solutions saved.

MIP - Integer optimal solution:  Objective =  6.8437191320e+03
Solution time =    0.22 sec.  Iterations = 1278  Nodes = 0
Deterministic time = 145.12 ticks  (667.36 ticks/sec)

CPLEX> Incumbent solution written to file '/tmp/cmpl.T10707.gsol'.
CPLEX> 
CMPL: Time used for model generation: 2 seconds
CMPL: Time used for solving the model: 1 seconds


Solution written to ASCII file: ../results/output_generated_conf_0.9/2017-04-03-4/equal.sol

Solver - finished
