CMPL model generation - running

CMPL version: 1.11.0
Authors: Thomas Schleiff, Mike Steglich
Distributed under the GPLv3 

create model instance ...
write model instance ...
CMPL model generation - finished

Solver - running


Welcome to IBM(R) ILOG(R) CPLEX(R) Interactive Optimizer 12.7.1.0
  with Simplex, Mixed Integer & Barrier Optimizers
5725-A06 5725-A29 5724-Y48 5724-Y49 5724-Y54 5724-Y55 5655-Y21
Copyright IBM Corp. 1988, 2017.  All Rights Reserved.

Type 'help' for a list of available commands.
Type 'help' followed by a command name for more
information on commands.

CPLEX> Specified objective sense: MINIMIZE
Selected objective  name:  line[1]
Selected RHS        name:  RHS
Selected bound      name:  BOUND
Problem '/tmp/cmpl.T11246.mps' read.
Read time = 0.05 sec. (8.88 ticks)
CPLEX> CPXPARAM_Read_APIEncoding                        "UTF-8"
Tried aggregator 3 times.
MIP Presolve eliminated 19026 rows and 30205 columns.
MIP Presolve modified 340 coefficients.
Aggregator did 866 substitutions.
Reduced MIP has 2548 rows, 3607 columns, and 10517 nonzeros.
Reduced MIP has 3439 binaries, 0 generals, 0 SOSs, and 0 indicators.
Presolve time = 0.05 sec. (42.31 ticks)
Found incumbent of value 26408.352691 after 0.09 sec. (69.92 ticks)
Probing fixed 30 vars, tightened 0 bounds.
Probing time = 0.01 sec. (4.83 ticks)
Tried aggregator 1 time.
MIP Presolve eliminated 0 rows and 30 columns.
MIP Presolve modified 212 coefficients.
Reduced MIP has 2548 rows, 3577 columns, and 10457 nonzeros.
Reduced MIP has 3577 binaries, 0 generals, 0 SOSs, and 0 indicators.
Presolve time = 0.01 sec. (10.14 ticks)
Probing time = 0.01 sec. (2.71 ticks)
Clique table members: 6471.
MIP emphasis: balance optimality and feasibility.
MIP search method: dynamic search.
Parallel mode: none, using 1 thread.
Root relaxation solution time = 0.01 sec. (10.67 ticks)

        Nodes                                         Cuts/
   Node  Left     Objective  IInf  Best Integer    Best Bound    ItCnt     Gap

*     0+    0                        26408.3527        0.0000           100.00%
*     0     0      integral     0     7079.0723     7079.0723      585    0.00%
Elapsed time = 0.14 sec. (106.67 ticks, tree = 0.00 MB, solutions = 2)

Root node processing (before b&c):
  Real time             =    0.14 sec. (107.95 ticks)
Sequential b&c:
  Real time             =    0.00 sec. (0.00 ticks)
                          ------------
Total (root+branch&cut) =    0.14 sec. (107.95 ticks)

Solution pool: 2 solutions saved.

MIP - Integer optimal solution:  Objective =  7.0790722990e+03
Solution time =    0.14 sec.  Iterations = 585  Nodes = 0
Deterministic time = 108.05 ticks  (782.43 ticks/sec)

CPLEX> Incumbent solution written to file '/tmp/cmpl.T11246.gsol'.
CPLEX> 
CMPL: Time used for model generation: 1 seconds
CMPL: Time used for solving the model: 0 seconds


Solution written to ASCII file: ../results/output_generated_rate_0.3/2017-04-03-4/unequal.sol

Solver - finished
