CMPL model generation - running

CMPL version: 1.11.0
Authors: Thomas Schleiff, Mike Steglich
Distributed under the GPLv3 

create model instance ...
write model instance ...
CMPL model generation - finished

Solver - running


Welcome to IBM(R) ILOG(R) CPLEX(R) Interactive Optimizer 12.7.1.0
  with Simplex, Mixed Integer & Barrier Optimizers
5725-A06 5725-A29 5724-Y48 5724-Y49 5724-Y54 5724-Y55 5655-Y21
Copyright IBM Corp. 1988, 2017.  All Rights Reserved.

Type 'help' for a list of available commands.
Type 'help' followed by a command name for more
information on commands.

CPLEX> Specified objective sense: MINIMIZE
Selected objective  name:  line[1]
Selected RHS        name:  RHS
Selected bound      name:  BOUND
Problem '/tmp/cmpl.T15592.mps' read.
Read time = 0.05 sec. (9.65 ticks)
CPLEX> CPXPARAM_Read_APIEncoding                        "UTF-8"
Tried aggregator 3 times.
MIP Presolve eliminated 19408 rows and 31275 columns.
MIP Presolve modified 413 coefficients.
Aggregator did 575 substitutions.
Reduced MIP has 2627 rows, 4443 columns, and 14565 nonzeros.
Reduced MIP has 4275 binaries, 0 generals, 0 SOSs, and 0 indicators.
Presolve time = 0.07 sec. (51.51 ticks)
Found incumbent of value 16800.000000 after 0.09 sec. (75.12 ticks)
Probing fixed 5 vars, tightened 0 bounds.
Probing time = 0.01 sec. (7.26 ticks)
Tried aggregator 2 times.
MIP Presolve eliminated 2 rows and 5 columns.
MIP Presolve modified 28 coefficients.
Aggregator did 1 substitutions.
Reduced MIP has 2624 rows, 4437 columns, and 14548 nonzeros.
Reduced MIP has 4437 binaries, 0 generals, 0 SOSs, and 0 indicators.
Presolve time = 0.02 sec. (13.82 ticks)
Probing time = 0.01 sec. (2.99 ticks)
Clique table members: 8104.
MIP emphasis: balance optimality and feasibility.
MIP search method: dynamic search.
Parallel mode: none, using 1 thread.
Root relaxation solution time = 0.02 sec. (19.18 ticks)

        Nodes                                         Cuts/
   Node  Left     Objective  IInf  Best Integer    Best Bound    ItCnt     Gap

*     0+    0                        16800.0000        0.0000           100.00%
      0     0        9.5429     9    16800.0000        9.5429      781   99.94%
*     0     0      integral     0        9.5429      Cuts: 30      798    0.00%
      0     0        cutoff              9.5429        9.5429      798    0.00%
Elapsed time = 0.18 sec. (140.67 ticks, tree = 0.01 MB, solutions = 2)

GUB cover cuts applied:  4
Clique cuts applied:  5
Cover cuts applied:  7
Mixed integer rounding cuts applied:  2
Zero-half cuts applied:  3
Lift and project cuts applied:  3
Gomory fractional cuts applied:  6

Root node processing (before b&c):
  Real time             =    0.18 sec. (142.11 ticks)
Sequential b&c:
  Real time             =    0.00 sec. (0.00 ticks)
                          ------------
Total (root+branch&cut) =    0.18 sec. (142.11 ticks)

Solution pool: 2 solutions saved.

MIP - Integer optimal solution:  Objective =  9.5428800000e+00
Solution time =    0.18 sec.  Iterations = 798  Nodes = 0
Deterministic time = 142.21 ticks  (796.35 ticks/sec)

CPLEX> Incumbent solution written to file '/tmp/cmpl.T15592.gsol'.
CPLEX> 
CMPL: Time used for model generation: 1 seconds
CMPL: Time used for solving the model: 1 seconds


Solution written to ASCII file: ../results/results_unfair_conf_0/2017-01-09-4/equal-unfair.sol

Solver - finished
