CMPL model generation - running

CMPL version: 1.11.0
Authors: Thomas Schleiff, Mike Steglich
Distributed under the GPLv3 

create model instance ...
write model instance ...
CMPL model generation - finished

Solver - running


Welcome to IBM(R) ILOG(R) CPLEX(R) Interactive Optimizer 12.7.1.0
  with Simplex, Mixed Integer & Barrier Optimizers
5725-A06 5725-A29 5724-Y48 5724-Y49 5724-Y54 5724-Y55 5655-Y21
Copyright IBM Corp. 1988, 2017.  All Rights Reserved.

Type 'help' for a list of available commands.
Type 'help' followed by a command name for more
information on commands.

CPLEX> Specified objective sense: MINIMIZE
Selected objective  name:  line[1]
Selected RHS        name:  RHS
Selected bound      name:  BOUND
Problem '/tmp/cmpl.T11322.mps' read.
Read time = 0.05 sec. (8.89 ticks)
CPLEX> CPXPARAM_Read_APIEncoding                        "UTF-8"
Tried aggregator 3 times.
MIP Presolve eliminated 18886 rows and 29925 columns.
MIP Presolve modified 340 coefficients.
Aggregator did 1006 substitutions.
Reduced MIP has 2548 rows, 3747 columns, and 10937 nonzeros.
Reduced MIP has 3579 binaries, 0 generals, 0 SOSs, and 0 indicators.
Presolve time = 0.06 sec. (42.67 ticks)
Found incumbent of value 29785.722028 after 0.14 sec. (104.58 ticks)
Probing fixed 46 vars, tightened 0 bounds.
Probing time = 0.01 sec. (5.12 ticks)
Tried aggregator 1 time.
MIP Presolve eliminated 0 rows and 46 columns.
MIP Presolve modified 384 coefficients.
Reduced MIP has 2548 rows, 3701 columns, and 10845 nonzeros.
Reduced MIP has 3701 binaries, 0 generals, 0 SOSs, and 0 indicators.
Presolve time = 0.01 sec. (10.46 ticks)
Probing time = 0.01 sec. (2.73 ticks)
Clique table members: 6649.
MIP emphasis: balance optimality and feasibility.
MIP search method: dynamic search.
Parallel mode: none, using 1 thread.
Root relaxation solution time = 0.03 sec. (16.25 ticks)

        Nodes                                         Cuts/
   Node  Left     Objective  IInf  Best Integer    Best Bound    ItCnt     Gap

*     0+    0                        29785.7220        0.0000           100.00%
*     0     0      integral     0     9633.9882     9633.9882      871    0.00%
Elapsed time = 0.21 sec. (147.76 ticks, tree = 0.00 MB, solutions = 2)

Root node processing (before b&c):
  Real time             =    0.21 sec. (149.09 ticks)
Sequential b&c:
  Real time             =    0.00 sec. (0.00 ticks)
                          ------------
Total (root+branch&cut) =    0.21 sec. (149.09 ticks)

Solution pool: 2 solutions saved.

MIP - Integer optimal solution:  Objective =  9.6339881720e+03
Solution time =    0.21 sec.  Iterations = 871  Nodes = 0
Deterministic time = 149.19 ticks  (704.23 ticks/sec)

CPLEX> Incumbent solution written to file '/tmp/cmpl.T11322.gsol'.
CPLEX> 
CMPL: Time used for model generation: 0 seconds
CMPL: Time used for solving the model: 1 seconds


Solution written to ASCII file: ../results/output_generated_rate_0.4/2016-03-07-4/unequal.sol

Solver - finished
