CMPL model generation - running

CMPL version: 1.11.0
Authors: Thomas Schleiff, Mike Steglich
Distributed under the GPLv3 

create model instance ...
write model instance ...
CMPL model generation - finished

Solver - running


Welcome to IBM(R) ILOG(R) CPLEX(R) Interactive Optimizer 12.7.1.0
  with Simplex, Mixed Integer & Barrier Optimizers
5725-A06 5725-A29 5724-Y48 5724-Y49 5724-Y54 5724-Y55 5655-Y21
Copyright IBM Corp. 1988, 2017.  All Rights Reserved.

Type 'help' for a list of available commands.
Type 'help' followed by a command name for more
information on commands.

CPLEX> Specified objective sense: MINIMIZE
Selected objective  name:  line[1]
Selected RHS        name:  RHS
Selected bound      name:  BOUND
Problem '/tmp/cmpl.T10282.mps' read.
Read time = 0.05 sec. (9.66 ticks)
CPLEX> CPXPARAM_Read_APIEncoding                        "UTF-8"
Tried aggregator 3 times.
MIP Presolve eliminated 19294 rows and 31072 columns.
MIP Presolve modified 474 coefficients.
Aggregator did 641 substitutions.
Reduced MIP has 2675 rows, 4580 columns, and 14930 nonzeros.
Reduced MIP has 4412 binaries, 0 generals, 0 SOSs, and 0 indicators.
Presolve time = 0.06 sec. (50.51 ticks)
Probing fixed 3 vars, tightened 0 bounds.
Probing time = 0.01 sec. (6.99 ticks)
Tried aggregator 1 time.
MIP Presolve eliminated 0 rows and 3 columns.
MIP Presolve modified 14 coefficients.
Reduced MIP has 2675 rows, 4577 columns, and 14924 nonzeros.
Reduced MIP has 4577 binaries, 0 generals, 0 SOSs, and 0 indicators.
Presolve time = 0.01 sec. (10.76 ticks)
Probing time = 0.01 sec. (3.00 ticks)
Clique table members: 9381.
MIP emphasis: balance optimality and feasibility.
MIP search method: dynamic search.
Parallel mode: none, using 1 thread.
Root relaxation solution time = 0.01 sec. (14.81 ticks)

        Nodes                                         Cuts/
   Node  Left     Objective  IInf  Best Integer    Best Bound    ItCnt     Gap

      0     0     1895.1526     9                   1895.1526      874         
*     0+    0                         2016.3258     1895.1526             6.01%
*     0+    0                         1897.7240     1895.1526             0.14%
      0     0     1896.9293     3     1897.7240      Cuts: 10      879    0.04%
*     0     0      integral     0     1897.2996      Cuts: 10      885    0.00%
      0     0        cutoff           1897.2996     1897.2996      885    0.00%
Elapsed time = 0.20 sec. (173.38 ticks, tree = 0.01 MB, solutions = 3)

GUB cover cuts applied:  2
Clique cuts applied:  2
Cover cuts applied:  10
Gomory fractional cuts applied:  6

Root node processing (before b&c):
  Real time             =    0.20 sec. (175.05 ticks)
Sequential b&c:
  Real time             =    0.00 sec. (0.00 ticks)
                          ------------
Total (root+branch&cut) =    0.20 sec. (175.05 ticks)

Solution pool: 3 solutions saved.

MIP - Integer optimal solution:  Objective =  1.8972996070e+03
Solution time =    0.20 sec.  Iterations = 885  Nodes = 0
Deterministic time = 175.16 ticks  (863.59 ticks/sec)

CPLEX> Incumbent solution written to file '/tmp/cmpl.T10282.gsol'.
CPLEX> 
CMPL: Time used for model generation: 1 seconds
CMPL: Time used for solving the model: 1 seconds


Solution written to ASCII file: ../results/output_generated_conf_0.5/2016-09-05-4/equal.sol

Solver - finished
