CMPL model generation - running

CMPL version: 1.11.0
Authors: Thomas Schleiff, Mike Steglich
Distributed under the GPLv3 

create model instance ...
write model instance ...
CMPL model generation - finished

Solver - running


Welcome to IBM(R) ILOG(R) CPLEX(R) Interactive Optimizer 12.7.1.0
  with Simplex, Mixed Integer & Barrier Optimizers
5725-A06 5725-A29 5724-Y48 5724-Y49 5724-Y54 5724-Y55 5655-Y21
Copyright IBM Corp. 1988, 2017.  All Rights Reserved.

Type 'help' for a list of available commands.
Type 'help' followed by a command name for more
information on commands.

CPLEX> Specified objective sense: MINIMIZE
Selected objective  name:  line[1]
Selected RHS        name:  RHS
Selected bound      name:  BOUND
Problem '/tmp/cmpl.T10232.mps' read.
Read time = 0.05 sec. (8.86 ticks)
CPLEX> CPXPARAM_Read_APIEncoding                        "UTF-8"
Tried aggregator 3 times.
MIP Presolve eliminated 19294 rows and 30732 columns.
MIP Presolve modified 340 coefficients.
Aggregator did 641 substitutions.
Reduced MIP has 2505 rows, 3305 columns, and 9637 nonzeros.
Reduced MIP has 3137 binaries, 0 generals, 0 SOSs, and 0 indicators.
Presolve time = 0.05 sec. (41.68 ticks)
Found incumbent of value 7377.004731 after 0.08 sec. (65.52 ticks)
Probing fixed 3 vars, tightened 0 bounds.
Probing time = 0.01 sec. (4.32 ticks)
Tried aggregator 1 time.
MIP Presolve eliminated 0 rows and 3 columns.
MIP Presolve modified 14 coefficients.
Reduced MIP has 2505 rows, 3302 columns, and 9631 nonzeros.
Reduced MIP has 3302 binaries, 0 generals, 0 SOSs, and 0 indicators.
Presolve time = 0.01 sec. (8.09 ticks)
Probing time = 0.01 sec. (2.68 ticks)
Clique table members: 5887.
MIP emphasis: balance optimality and feasibility.
MIP search method: dynamic search.
Parallel mode: none, using 1 thread.
Root relaxation solution time = 0.00 sec. (4.82 ticks)

        Nodes                                         Cuts/
   Node  Left     Objective  IInf  Best Integer    Best Bound    ItCnt     Gap

*     0+    0                         7377.0047     -342.8593           104.65%
      0     0     1883.3101     9     7377.0047     1883.3101      152   74.47%
*     0+    0                         2004.1780     1883.3101             6.03%
*     0+    0                         1885.8815     1883.3101             0.14%
      0     0     1885.3359     1     1885.8815      Cuts: 10      161    0.03%
*     0+    0                         1885.4140     1885.3359             0.00%
      0     0        cutoff           1885.4140     1885.3359      161    0.00%
Elapsed time = 0.13 sec. (107.14 ticks, tree = 0.01 MB, solutions = 4)

GUB cover cuts applied:  1
Clique cuts applied:  1
Cover cuts applied:  5
Gomory fractional cuts applied:  3

Root node processing (before b&c):
  Real time             =    0.13 sec. (108.90 ticks)
Sequential b&c:
  Real time             =    0.00 sec. (0.00 ticks)
                          ------------
Total (root+branch&cut) =    0.13 sec. (108.90 ticks)

Solution pool: 4 solutions saved.

MIP - Integer optimal solution:  Objective =  1.8854139810e+03
Solution time =    0.13 sec.  Iterations = 161  Nodes = 0
Deterministic time = 109.00 ticks  (818.47 ticks/sec)

CPLEX> Incumbent solution written to file '/tmp/cmpl.T10232.gsol'.
CPLEX> 
CMPL: Time used for model generation: 1 seconds
CMPL: Time used for solving the model: 0 seconds


Solution written to ASCII file: ../results/output_generated_conf_0.5/2016-09-05-4/unequal.sol

Solver - finished
