CMPL model generation - running

CMPL version: 1.11.0
Authors: Thomas Schleiff, Mike Steglich
Distributed under the GPLv3 

create model instance ...
write model instance ...
CMPL model generation - finished

Solver - running


Welcome to IBM(R) ILOG(R) CPLEX(R) Interactive Optimizer 12.7.1.0
  with Simplex, Mixed Integer & Barrier Optimizers
5725-A06 5725-A29 5724-Y48 5724-Y49 5724-Y54 5724-Y55 5655-Y21
Copyright IBM Corp. 1988, 2017.  All Rights Reserved.

Type 'help' for a list of available commands.
Type 'help' followed by a command name for more
information on commands.

CPLEX> Specified objective sense: MINIMIZE
Selected objective  name:  line[1]
Selected RHS        name:  RHS
Selected bound      name:  BOUND
Problem '/tmp/cmpl.T12027.mps' read.
Read time = 0.05 sec. (9.75 ticks)
CPLEX> CPXPARAM_Read_APIEncoding                        "UTF-8"
Tried aggregator 3 times.
MIP Presolve eliminated 18486 rows and 29469 columns.
MIP Presolve modified 1005 coefficients.
Aggregator did 1403 substitutions.
Reduced MIP has 2721 rows, 5421 columns, and 17431 nonzeros.
Reduced MIP has 5253 binaries, 0 generals, 0 SOSs, and 0 indicators.
Presolve time = 0.06 sec. (56.76 ticks)
Probing time = 0.01 sec. (3.00 ticks)
Tried aggregator 1 time.
MIP Presolve eliminated 0 rows and 53 columns.
Reduced MIP has 2721 rows, 5368 columns, and 17325 nonzeros.
Reduced MIP has 5368 binaries, 0 generals, 0 SOSs, and 0 indicators.
Presolve time = 0.02 sec. (14.77 ticks)
Probing time = 0.01 sec. (3.14 ticks)
Clique table members: 3650.
MIP emphasis: balance optimality and feasibility.
MIP search method: dynamic search.
Parallel mode: none, using 1 thread.
Root relaxation solution time = 0.04 sec. (43.33 ticks)

        Nodes                                         Cuts/
   Node  Left     Objective  IInf  Best Integer    Best Bound    ItCnt     Gap

*     0     0      integral     0    17293.8907    17293.8907     2423    0.00%
Elapsed time = 0.22 sec. (190.81 ticks, tree = 0.00 MB, solutions = 1)

Root node processing (before b&c):
  Real time             =    0.22 sec. (191.98 ticks)
Sequential b&c:
  Real time             =    0.00 sec. (0.00 ticks)
                          ------------
Total (root+branch&cut) =    0.22 sec. (191.98 ticks)

Solution pool: 1 solution saved.

MIP - Integer optimal solution:  Objective =  1.7293890668e+04
Solution time =    0.22 sec.  Iterations = 2423  Nodes = 0
Deterministic time = 192.08 ticks  (867.06 ticks/sec)

CPLEX> Incumbent solution written to file '/tmp/cmpl.T12027.gsol'.
CPLEX> 
CMPL: Time used for model generation: 1 seconds
CMPL: Time used for solving the model: 1 seconds


Solution written to ASCII file: ../results/output_generated_rate_1/2017-04-03-4/equal.sol

Solver - finished
