CMPL model generation - running

CMPL version: 1.11.0
Authors: Thomas Schleiff, Mike Steglich
Distributed under the GPLv3 

create model instance ...
write model instance ...
CMPL model generation - finished

Solver - running


Welcome to IBM(R) ILOG(R) CPLEX(R) Interactive Optimizer 12.7.1.0
  with Simplex, Mixed Integer & Barrier Optimizers
5725-A06 5725-A29 5724-Y48 5724-Y49 5724-Y54 5724-Y55 5655-Y21
Copyright IBM Corp. 1988, 2017.  All Rights Reserved.

Type 'help' for a list of available commands.
Type 'help' followed by a command name for more
information on commands.

CPLEX> Specified objective sense: MINIMIZE
Selected objective  name:  line[1]
Selected RHS        name:  RHS
Selected bound      name:  BOUND
Problem '/tmp/cmpl.T11161.mps' read.
Read time = 0.07 sec. (11.95 ticks)
CPLEX> CPXPARAM_Read_APIEncoding                        "UTF-8"
Tried aggregator 3 times.
MIP Presolve eliminated 23910 rows and 37311 columns.
MIP Presolve modified 557 coefficients.
Aggregator did 916 substitutions.
Reduced MIP has 3351 rows, 5928 columns, and 19435 nonzeros.
Reduced MIP has 5718 binaries, 0 generals, 0 SOSs, and 0 indicators.
Presolve time = 0.07 sec. (60.06 ticks)
Found incumbent of value 30665.246590 after 0.12 sec. (101.23 ticks)
Probing time = 0.01 sec. (3.30 ticks)
Tried aggregator 1 time.
MIP Presolve eliminated 0 rows and 2 columns.
Reduced MIP has 3351 rows, 5926 columns, and 19431 nonzeros.
Reduced MIP has 5926 binaries, 0 generals, 0 SOSs, and 0 indicators.
Presolve time = 0.01 sec. (14.01 ticks)
Probing time = 0.01 sec. (3.34 ticks)
Clique table members: 3960.
MIP emphasis: balance optimality and feasibility.
MIP search method: dynamic search.
Parallel mode: none, using 1 thread.
Root relaxation solution time = 0.02 sec. (21.94 ticks)

        Nodes                                         Cuts/
   Node  Left     Objective  IInf  Best Integer    Best Bound    ItCnt     Gap

*     0+    0                        30665.2466      -39.7321           100.13%
*     0     0      integral     0     5782.0497     5782.0497     1144    0.00%
Elapsed time = 0.18 sec. (156.54 ticks, tree = 0.00 MB, solutions = 2)

Root node processing (before b&c):
  Real time             =    0.19 sec. (158.29 ticks)
Sequential b&c:
  Real time             =    0.00 sec. (0.00 ticks)
                          ------------
Total (root+branch&cut) =    0.19 sec. (158.29 ticks)

Solution pool: 2 solutions saved.

MIP - Integer optimal solution:  Objective =  5.7820497030e+03
Solution time =    0.19 sec.  Iterations = 1144  Nodes = 0
Deterministic time = 158.42 ticks  (841.78 ticks/sec)

CPLEX> Incumbent solution written to file '/tmp/cmpl.T11161.gsol'.
CPLEX> 
CMPL: Time used for model generation: 1 seconds
CMPL: Time used for solving the model: 1 seconds


Solution written to ASCII file: ../results/output_generated_rate_0.2/2016-02-01-5/equal.sol

Solver - finished
