CMPL model generation - running

CMPL version: 1.11.0
Authors: Thomas Schleiff, Mike Steglich
Distributed under the GPLv3 

create model instance ...
write model instance ...
CMPL model generation - finished

Solver - running


Welcome to IBM(R) ILOG(R) CPLEX(R) Interactive Optimizer 12.7.1.0
  with Simplex, Mixed Integer & Barrier Optimizers
5725-A06 5725-A29 5724-Y48 5724-Y49 5724-Y54 5724-Y55 5655-Y21
Copyright IBM Corp. 1988, 2017.  All Rights Reserved.

Type 'help' for a list of available commands.
Type 'help' followed by a command name for more
information on commands.

CPLEX> Specified objective sense: MINIMIZE
Selected objective  name:  line[1]
Selected RHS        name:  RHS
Selected bound      name:  BOUND
Problem '/tmp/cmpl.T11113.mps' read.
Read time = 0.06 sec. (10.99 ticks)
CPLEX> CPXPARAM_Read_APIEncoding                        "UTF-8"
Tried aggregator 3 times.
MIP Presolve eliminated 23910 rows and 37311 columns.
MIP Presolve modified 425 coefficients.
Aggregator did 916 substitutions.
Reduced MIP has 3181 rows, 4313 columns, and 12755 nonzeros.
Reduced MIP has 4103 binaries, 0 generals, 0 SOSs, and 0 indicators.
Presolve time = 0.07 sec. (52.08 ticks)
Found incumbent of value 25844.940386 after 0.11 sec. (82.64 ticks)
Probing time = 0.01 sec. (2.89 ticks)
Tried aggregator 1 time.
MIP Presolve eliminated 0 rows and 2 columns.
Reduced MIP has 3181 rows, 4311 columns, and 12751 nonzeros.
Reduced MIP has 4311 binaries, 0 generals, 0 SOSs, and 0 indicators.
Presolve time = 0.01 sec. (10.56 ticks)
Probing fixed 28 vars, tightened 0 bounds.
Probing time = 0.01 sec. (5.67 ticks)
Clique table members: 8125.
MIP emphasis: balance optimality and feasibility.
MIP search method: dynamic search.
Parallel mode: none, using 1 thread.
Root relaxation solution time = 0.01 sec. (11.14 ticks)

        Nodes                                         Cuts/
   Node  Left     Objective  IInf  Best Integer    Best Bound    ItCnt     Gap

*     0+    0                        25844.9404      -39.7321           100.15%
*     0     0      integral     0     5769.3832     5769.3832      551    0.00%
Elapsed time = 0.17 sec. (122.49 ticks, tree = 0.00 MB, solutions = 2)

Root node processing (before b&c):
  Real time             =    0.17 sec. (124.08 ticks)
Sequential b&c:
  Real time             =    0.00 sec. (0.00 ticks)
                          ------------
Total (root+branch&cut) =    0.17 sec. (124.08 ticks)

Solution pool: 2 solutions saved.

MIP - Integer optimal solution:  Objective =  5.7693831810e+03
Solution time =    0.17 sec.  Iterations = 551  Nodes = 0
Deterministic time = 124.20 ticks  (729.70 ticks/sec)

CPLEX> Incumbent solution written to file '/tmp/cmpl.T11113.gsol'.
CPLEX> 
CMPL: Time used for model generation: 1 seconds
CMPL: Time used for solving the model: 1 seconds


Solution written to ASCII file: ../results/output_generated_rate_0.2/2016-02-01-5/unequal.sol

Solver - finished
