CMPL model generation - running

CMPL version: 1.11.0
Authors: Thomas Schleiff, Mike Steglich
Distributed under the GPLv3 

create model instance ...
write model instance ...
CMPL model generation - finished

Solver - running


Welcome to IBM(R) ILOG(R) CPLEX(R) Interactive Optimizer 12.7.1.0
  with Simplex, Mixed Integer & Barrier Optimizers
5725-A06 5725-A29 5724-Y48 5724-Y49 5724-Y54 5724-Y55 5655-Y21
Copyright IBM Corp. 1988, 2017.  All Rights Reserved.

Type 'help' for a list of available commands.
Type 'help' followed by a command name for more
information on commands.

CPLEX> Specified objective sense: MINIMIZE
Selected objective  name:  line[1]
Selected RHS        name:  RHS
Selected bound      name:  BOUND
Problem '/tmp/cmpl.T11054.mps' read.
Read time = 0.05 sec. (9.66 ticks)
CPLEX> CPXPARAM_Read_APIEncoding                        "UTF-8"
Tried aggregator 3 times.
MIP Presolve eliminated 19348 rows and 31178 columns.
MIP Presolve modified 442 coefficients.
Aggregator did 609 substitutions.
Reduced MIP has 2653 rows, 4506 columns, and 14722 nonzeros.
Reduced MIP has 4338 binaries, 0 generals, 0 SOSs, and 0 indicators.
Presolve time = 0.06 sec. (51.87 ticks)
Found incumbent of value 20050.365712 after 0.09 sec. (83.97 ticks)
Probing fixed 5 vars, tightened 0 bounds.
Probing time = 0.01 sec. (7.43 ticks)
Tried aggregator 1 time.
MIP Presolve eliminated 0 rows and 5 columns.
MIP Presolve modified 19 coefficients.
Reduced MIP has 2653 rows, 4501 columns, and 14712 nonzeros.
Reduced MIP has 4501 binaries, 0 generals, 0 SOSs, and 0 indicators.
Presolve time = 0.01 sec. (10.71 ticks)
Probing time = 0.01 sec. (3.00 ticks)
Clique table members: 9245.
MIP emphasis: balance optimality and feasibility.
MIP search method: dynamic search.
Parallel mode: none, using 1 thread.
Root relaxation solution time = 0.02 sec. (17.79 ticks)

        Nodes                                         Cuts/
   Node  Left     Objective  IInf  Best Integer    Best Bound    ItCnt     Gap

*     0+    0                        20050.3657     -494.6514           102.47%
      0     0     1600.4457    13    20050.3657     1600.4457      972   92.02%
*     0+    0                         1604.1600     1600.4457             0.23%
      0     0     1602.5829     2     1604.1600      Cuts: 31     1011    0.10%
*     0+    0                         1603.1543     1602.5829             0.04%
      0     0     1602.6857     1     1603.1543       Cuts: 6     1017    0.03%
*     0+    0                         1602.6972     1602.6857             0.00%

GUB cover cuts applied:  1
Clique cuts applied:  1
Cover cuts applied:  23
Gomory fractional cuts applied:  11

Root node processing (before b&c):
  Real time             =    0.19 sec. (165.30 ticks)
Sequential b&c:
  Real time             =    0.00 sec. (0.00 ticks)
                          ------------
Total (root+branch&cut) =    0.19 sec. (165.30 ticks)

Solution pool: 4 solutions saved.

MIP - Integer optimal, tolerance (0.0001/1e-06):  Objective =  1.6026971610e+03
Current MIP best bound =  1.6026857330e+03 (gap = 0.011428, 0.00%)
Solution time =    0.19 sec.  Iterations = 1017  Nodes = 0 (1)
Deterministic time = 165.41 ticks  (885.83 ticks/sec)

CPLEX> Incumbent solution written to file '/tmp/cmpl.T11054.gsol'.
CPLEX> 
CMPL: Time used for model generation: 1 seconds
CMPL: Time used for solving the model: 1 seconds


Solution written to ASCII file: ../results/output_generated_rate_0.1/2015-12-07-4/equal.sol

Solver - finished
