CMPL model generation - running

CMPL version: 1.11.0
Authors: Thomas Schleiff, Mike Steglich
Distributed under the GPLv3 

create model instance ...
write model instance ...
CMPL model generation - finished

Solver - running


Welcome to IBM(R) ILOG(R) CPLEX(R) Interactive Optimizer 12.7.1.0
  with Simplex, Mixed Integer & Barrier Optimizers
5725-A06 5725-A29 5724-Y48 5724-Y49 5724-Y54 5724-Y55 5655-Y21
Copyright IBM Corp. 1988, 2017.  All Rights Reserved.

Type 'help' for a list of available commands.
Type 'help' followed by a command name for more
information on commands.

CPLEX> Specified objective sense: MINIMIZE
Selected objective  name:  line[1]
Selected RHS        name:  RHS
Selected bound      name:  BOUND
Problem '/tmp/cmpl.T11338.mps' read.
Read time = 0.05 sec. (8.89 ticks)
CPLEX> CPXPARAM_Read_APIEncoding                        "UTF-8"
Tried aggregator 3 times.
MIP Presolve eliminated 18900 rows and 29953 columns.
MIP Presolve modified 340 coefficients.
Aggregator did 992 substitutions.
Reduced MIP has 2548 rows, 3733 columns, and 10895 nonzeros.
Reduced MIP has 3565 binaries, 0 generals, 0 SOSs, and 0 indicators.
Presolve time = 0.05 sec. (42.64 ticks)
Found incumbent of value 29748.950966 after 0.09 sec. (75.10 ticks)
Probing time = 0.01 sec. (2.73 ticks)
Tried aggregator 1 time.
MIP Presolve eliminated 0 rows and 7 columns.
Reduced MIP has 2548 rows, 3726 columns, and 10881 nonzeros.
Reduced MIP has 3726 binaries, 0 generals, 0 SOSs, and 0 indicators.
Presolve time = 0.01 sec. (8.96 ticks)
Probing time = 0.01 sec. (2.81 ticks)
Clique table members: 3263.
MIP emphasis: balance optimality and feasibility.
MIP search method: dynamic search.
Parallel mode: none, using 1 thread.
Root relaxation solution time = 0.01 sec. (14.36 ticks)

        Nodes                                         Cuts/
   Node  Left     Objective  IInf  Best Integer    Best Bound    ItCnt     Gap

*     0+    0                        29748.9510        0.0000           100.00%
*     0     0      integral     0     9370.2687     9370.2687      831    0.00%
Elapsed time = 0.14 sec. (111.61 ticks, tree = 0.00 MB, solutions = 2)

Root node processing (before b&c):
  Real time             =    0.14 sec. (112.94 ticks)
Sequential b&c:
  Real time             =    0.00 sec. (0.00 ticks)
                          ------------
Total (root+branch&cut) =    0.14 sec. (112.94 ticks)

Solution pool: 2 solutions saved.

MIP - Integer optimal solution:  Objective =  9.3702686740e+03
Solution time =    0.14 sec.  Iterations = 831  Nodes = 0
Deterministic time = 113.04 ticks  (791.54 ticks/sec)

CPLEX> Incumbent solution written to file '/tmp/cmpl.T11338.gsol'.
CPLEX> 
CMPL: Time used for model generation: 1 seconds
CMPL: Time used for solving the model: 1 seconds


Solution written to ASCII file: ../results/output_generated_rate_0.4/2016-11-07-4/unequal.sol

Solver - finished
