CMPL model generation - running

CMPL version: 1.11.0
Authors: Thomas Schleiff, Mike Steglich
Distributed under the GPLv3 

create model instance ...
write model instance ...
CMPL model generation - finished

Solver - running


Welcome to IBM(R) ILOG(R) CPLEX(R) Interactive Optimizer 12.7.1.0
  with Simplex, Mixed Integer & Barrier Optimizers
5725-A06 5725-A29 5724-Y48 5724-Y49 5724-Y54 5724-Y55 5655-Y21
Copyright IBM Corp. 1988, 2017.  All Rights Reserved.

Type 'help' for a list of available commands.
Type 'help' followed by a command name for more
information on commands.

CPLEX> Specified objective sense: MINIMIZE
Selected objective  name:  line[1]
Selected RHS        name:  RHS
Selected bound      name:  BOUND
Problem '/tmp/cmpl.T10306.mps' read.
Read time = 0.06 sec. (9.66 ticks)
CPLEX> CPXPARAM_Read_APIEncoding                        "UTF-8"
Tried aggregator 3 times.
MIP Presolve eliminated 19294 rows and 31069 columns.
MIP Presolve modified 474 coefficients.
Aggregator did 638 substitutions.
Reduced MIP has 2678 rows, 4586 columns, and 14944 nonzeros.
Reduced MIP has 4418 binaries, 0 generals, 0 SOSs, and 0 indicators.
Presolve time = 0.06 sec. (50.51 ticks)
Found incumbent of value 20738.982341 after 0.09 sec. (83.40 ticks)
Probing fixed 12 vars, tightened 0 bounds.
Probing time = 0.01 sec. (7.69 ticks)
Tried aggregator 1 time.
MIP Presolve eliminated 0 rows and 12 columns.
MIP Presolve modified 52 coefficients.
Reduced MIP has 2678 rows, 4574 columns, and 14920 nonzeros.
Reduced MIP has 4574 binaries, 0 generals, 0 SOSs, and 0 indicators.
Presolve time = 0.01 sec. (10.93 ticks)
Probing time = 0.01 sec. (3.01 ticks)
Clique table members: 9384.
MIP emphasis: balance optimality and feasibility.
MIP search method: dynamic search.
Parallel mode: none, using 1 thread.
Root relaxation solution time = 0.02 sec. (16.07 ticks)

        Nodes                                         Cuts/
   Node  Left     Objective  IInf  Best Integer    Best Bound    ItCnt     Gap

*     0+    0                        20738.9823     -361.4762           101.74%
      0     0     1990.8420    11    20738.9823     1990.8420      955   90.40%
*     0+    0                         1993.9849     1990.8420             0.16%
*     0     0      integral     0     1993.5389      Cuts: 14      963    0.00%
      0     0        cutoff           1993.5389     1993.5389      963    0.00%
Elapsed time = 0.17 sec. (148.66 ticks, tree = 0.01 MB, solutions = 3)

GUB cover cuts applied:  2
Clique cuts applied:  2
Cover cuts applied:  6
Gomory fractional cuts applied:  4

Root node processing (before b&c):
  Real time             =    0.17 sec. (150.34 ticks)
Sequential b&c:
  Real time             =    0.00 sec. (0.00 ticks)
                          ------------
Total (root+branch&cut) =    0.17 sec. (150.34 ticks)

Solution pool: 3 solutions saved.

MIP - Integer optimal solution:  Objective =  1.9935388940e+03
Solution time =    0.17 sec.  Iterations = 963  Nodes = 0
Deterministic time = 150.44 ticks  (862.87 ticks/sec)

CPLEX> Incumbent solution written to file '/tmp/cmpl.T10306.gsol'.
CPLEX> 
CMPL: Time used for model generation: 1 seconds
CMPL: Time used for solving the model: 1 seconds


Solution written to ASCII file: ../results/output_generated_conf_0.5/2017-09-04-4/equal.sol

Solver - finished
