CMPL model generation - running

CMPL version: 1.11.0
Authors: Thomas Schleiff, Mike Steglich
Distributed under the GPLv3 

create model instance ...
write model instance ...
CMPL model generation - finished

Solver - running


Welcome to IBM(R) ILOG(R) CPLEX(R) Interactive Optimizer 12.7.1.0
  with Simplex, Mixed Integer & Barrier Optimizers
5725-A06 5725-A29 5724-Y48 5724-Y49 5724-Y54 5724-Y55 5655-Y21
Copyright IBM Corp. 1988, 2017.  All Rights Reserved.

Type 'help' for a list of available commands.
Type 'help' followed by a command name for more
information on commands.

CPLEX> Specified objective sense: MINIMIZE
Selected objective  name:  line[1]
Selected RHS        name:  RHS
Selected bound      name:  BOUND
Problem '/tmp/cmpl.T10507.mps' read.
Read time = 0.05 sec. (9.67 ticks)
CPLEX> CPXPARAM_Read_APIEncoding                        "UTF-8"
Tried aggregator 3 times.
MIP Presolve eliminated 19216 rows and 30925 columns.
MIP Presolve modified 509 coefficients.
Aggregator did 692 substitutions.
Reduced MIP has 2702 rows, 4676 columns, and 15202 nonzeros.
Reduced MIP has 4508 binaries, 0 generals, 0 SOSs, and 0 indicators.
Presolve time = 0.06 sec. (52.80 ticks)
Probing fixed 19 vars, tightened 0 bounds.
Probing time = 0.02 sec. (7.85 ticks)
Tried aggregator 1 time.
MIP Presolve eliminated 1 rows and 19 columns.
MIP Presolve modified 101 coefficients.
Reduced MIP has 2701 rows, 4657 columns, and 15160 nonzeros.
Reduced MIP has 4657 binaries, 0 generals, 0 SOSs, and 0 indicators.
Presolve time = 0.01 sec. (12.46 ticks)
Probing time = 0.01 sec. (3.02 ticks)
Clique table members: 9534.
MIP emphasis: balance optimality and feasibility.
MIP search method: dynamic search.
Parallel mode: none, using 1 thread.
Root relaxation solution time = 0.02 sec. (14.46 ticks)

        Nodes                                         Cuts/
   Node  Left     Objective  IInf  Best Integer    Best Bound    ItCnt     Gap

      0     0     3302.3894     2                   3302.3894      944         
*     0+    0                         3302.9608     3302.3894             0.02%
      0     0     3302.4617     1     3302.9608       Cuts: 6      951    0.02%
*     0+    0                         3302.7474     3302.4617             0.01%

Cover cuts applied:  4
Gomory fractional cuts applied:  2

Root node processing (before b&c):
  Real time             =    0.21 sec. (176.21 ticks)
Sequential b&c:
  Real time             =    0.00 sec. (0.00 ticks)
                          ------------
Total (root+branch&cut) =    0.21 sec. (176.21 ticks)

Solution pool: 2 solutions saved.

MIP - Integer optimal, tolerance (0.0001/1e-06):  Objective =  3.3027473820e+03
Current MIP best bound =  3.3024616680e+03 (gap = 0.285714, 0.01%)
Solution time =    0.21 sec.  Iterations = 951  Nodes = 0 (1)
Deterministic time = 176.31 ticks  (848.35 ticks/sec)

CPLEX> Incumbent solution written to file '/tmp/cmpl.T10507.gsol'.
CPLEX> 
CMPL: Time used for model generation: 1 seconds
CMPL: Time used for solving the model: 1 seconds


Solution written to ASCII file: ../results/output_generated_conf_0.7/2017-06-05-4/equal.sol

Solver - finished
