CMPL model generation - running

CMPL version: 1.11.0
Authors: Thomas Schleiff, Mike Steglich
Distributed under the GPLv3 

create model instance ...
write model instance ...
CMPL model generation - finished

Solver - running


Welcome to IBM(R) ILOG(R) CPLEX(R) Interactive Optimizer 12.7.1.0
  with Simplex, Mixed Integer & Barrier Optimizers
5725-A06 5725-A29 5724-Y48 5724-Y49 5724-Y54 5724-Y55 5655-Y21
Copyright IBM Corp. 1988, 2017.  All Rights Reserved.

Type 'help' for a list of available commands.
Type 'help' followed by a command name for more
information on commands.

CPLEX> Specified objective sense: MINIMIZE
Selected objective  name:  line[1]
Selected RHS        name:  RHS
Selected bound      name:  BOUND
Problem '/tmp/cmpl.T15529.mps' read.
Read time = 0.06 sec. (9.61 ticks)
CPLEX> CPXPARAM_Read_APIEncoding                        "UTF-8"
Tried aggregator 3 times.
MIP Presolve eliminated 19396 rows and 31269 columns.
MIP Presolve modified 420 coefficients.
Aggregator did 593 substitutions.
Reduced MIP has 2621 rows, 4431 columns, and 14529 nonzeros.
Reduced MIP has 4263 binaries, 0 generals, 0 SOSs, and 0 indicators.
Presolve time = 0.06 sec. (51.46 ticks)
Found incumbent of value 16800.000000 after 0.08 sec. (71.90 ticks)
Probing fixed 2 vars, tightened 0 bounds.
Probing time = 0.01 sec. (5.92 ticks)
Tried aggregator 1 time.
MIP Presolve eliminated 0 rows and 2 columns.
MIP Presolve modified 8 coefficients.
Reduced MIP has 2621 rows, 4429 columns, and 14525 nonzeros.
Reduced MIP has 4429 binaries, 0 generals, 0 SOSs, and 0 indicators.
Presolve time = 0.01 sec. (11.03 ticks)
Probing time = 0.01 sec. (3.00 ticks)
Clique table members: 5224.
MIP emphasis: balance optimality and feasibility.
MIP search method: dynamic search.
Parallel mode: none, using 1 thread.
Root relaxation solution time = 0.01 sec. (7.77 ticks)

        Nodes                                         Cuts/
   Node  Left     Objective  IInf  Best Integer    Best Bound    ItCnt     Gap

*     0+    0                        16800.0000        0.0000           100.00%
      0     0        0.0000   114    16800.0000        0.0000      214  100.00%
      0     0        0.0000    19    16800.0000      Cuts: 21      228  100.00%
      0     0        0.0000    38    16800.0000      Cuts: 52      297  100.00%
      0     0        0.0000     4    16800.0000      Cuts: 20      307  100.00%
*     0+    0                            0.0000        0.0000             0.00%
      0     0        cutoff              0.0000        0.0000      307    0.00%
Elapsed time = 0.27 sec. (261.66 ticks, tree = 0.01 MB, solutions = 2)

GUB cover cuts applied:  15
Clique cuts applied:  9
Cover cuts applied:  1
Flow cuts applied:  1
Mixed integer rounding cuts applied:  20
Zero-half cuts applied:  15
Lift and project cuts applied:  7
Gomory fractional cuts applied:  12

Root node processing (before b&c):
  Real time             =    0.28 sec. (263.10 ticks)
Sequential b&c:
  Real time             =    0.00 sec. (0.00 ticks)
                          ------------
Total (root+branch&cut) =    0.28 sec. (263.10 ticks)

Solution pool: 2 solutions saved.

MIP - Integer optimal solution:  Objective =  0.0000000000e+00
Solution time =    0.28 sec.  Iterations = 307  Nodes = 0
Deterministic time = 263.20 ticks  (954.24 ticks/sec)

CPLEX> Incumbent solution written to file '/tmp/cmpl.T15529.gsol'.
CPLEX> 
CMPL: Time used for model generation: 1 seconds
CMPL: Time used for solving the model: 1 seconds


Solution written to ASCII file: ../results/results_unfair_conf_0/2016-07-04-4/unequal-unfair.sol

Solver - finished
