CMPL model generation - running

CMPL version: 1.11.0
Authors: Thomas Schleiff, Mike Steglich
Distributed under the GPLv3 

create model instance ...
write model instance ...
CMPL model generation - finished

Solver - running


Welcome to IBM(R) ILOG(R) CPLEX(R) Interactive Optimizer 12.7.1.0
  with Simplex, Mixed Integer & Barrier Optimizers
5725-A06 5725-A29 5724-Y48 5724-Y49 5724-Y54 5724-Y55 5655-Y21
Copyright IBM Corp. 1988, 2017.  All Rights Reserved.

Type 'help' for a list of available commands.
Type 'help' followed by a command name for more
information on commands.

CPLEX> Specified objective sense: MINIMIZE
Selected objective  name:  line[1]
Selected RHS        name:  RHS
Selected bound      name:  BOUND
Problem '/tmp/cmpl.T11399.mps' read.
Read time = 0.05 sec. (9.70 ticks)
CPLEX> CPXPARAM_Read_APIEncoding                        "UTF-8"
Tried aggregator 3 times.
MIP Presolve eliminated 18886 rows and 30271 columns.
MIP Presolve modified 681 coefficients.
Aggregator did 1001 substitutions.
Reduced MIP has 2723 rows, 5021 columns, and 16231 nonzeros.
Reduced MIP has 4853 binaries, 0 generals, 0 SOSs, and 0 indicators.
Presolve time = 0.06 sec. (53.27 ticks)
Found incumbent of value 28951.888841 after 0.11 sec. (91.66 ticks)
Probing time = 0.01 sec. (3.06 ticks)
Tried aggregator 1 time.
MIP Presolve eliminated 0 rows and 12 columns.
Reduced MIP has 2723 rows, 5009 columns, and 16207 nonzeros.
Reduced MIP has 5009 binaries, 0 generals, 0 SOSs, and 0 indicators.
Presolve time = 0.01 sec. (11.93 ticks)
Probing time = 0.01 sec. (3.14 ticks)
Clique table members: 3277.
MIP emphasis: balance optimality and feasibility.
MIP search method: dynamic search.
Parallel mode: none, using 1 thread.
Root relaxation solution time = 0.04 sec. (36.51 ticks)

        Nodes                                         Cuts/
   Node  Left     Objective  IInf  Best Integer    Best Bound    ItCnt     Gap

*     0+    0                        28951.8888        0.0000           100.00%
      0     0     9590.1246     7    28951.8888     9590.1246     1972   66.88%
*     0+    0                         9590.1246     9590.1246             0.00%
      0     0        cutoff           9590.1246     9590.1246     1972    0.00%
Elapsed time = 0.20 sec. (160.31 ticks, tree = 0.01 MB, solutions = 2)

Root node processing (before b&c):
  Real time             =    0.20 sec. (161.72 ticks)
Sequential b&c:
  Real time             =    0.00 sec. (0.00 ticks)
                          ------------
Total (root+branch&cut) =    0.20 sec. (161.72 ticks)

Solution pool: 2 solutions saved.

MIP - Integer optimal solution:  Objective =  9.5901246070e+03
Solution time =    0.20 sec.  Iterations = 1972  Nodes = 0
Deterministic time = 161.82 ticks  (815.77 ticks/sec)

CPLEX> Incumbent solution written to file '/tmp/cmpl.T11399.gsol'.
CPLEX> 
CMPL: Time used for model generation: 1 seconds
CMPL: Time used for solving the model: 1 seconds


Solution written to ASCII file: ../results/output_generated_rate_0.4/2017-04-03-4/equal.sol

Solver - finished
