CMPL model generation - running

CMPL version: 1.11.0
Authors: Thomas Schleiff, Mike Steglich
Distributed under the GPLv3 

create model instance ...
write model instance ...
CMPL model generation - finished

Solver - running


Welcome to IBM(R) ILOG(R) CPLEX(R) Interactive Optimizer 12.7.1.0
  with Simplex, Mixed Integer & Barrier Optimizers
5725-A06 5725-A29 5724-Y48 5724-Y49 5724-Y54 5724-Y55 5655-Y21
Copyright IBM Corp. 1988, 2017.  All Rights Reserved.

Type 'help' for a list of available commands.
Type 'help' followed by a command name for more
information on commands.

CPLEX> Specified objective sense: MINIMIZE
Selected objective  name:  line[1]
Selected RHS        name:  RHS
Selected bound      name:  BOUND
Problem '/tmp/cmpl.T10786.mps' read.
Read time = 0.10 sec. (12.04 ticks)
CPLEX> CPXPARAM_Read_APIEncoding                        "UTF-8"
Tried aggregator 3 times.
MIP Presolve eliminated 23066 rows and 35633 columns.
MIP Presolve modified 1099 coefficients.
Aggregator did 1748 substitutions.
Reduced MIP has 3363 rows, 6774 columns, and 21979 nonzeros.
Reduced MIP has 6564 binaries, 0 generals, 0 SOSs, and 0 indicators.
Presolve time = 0.12 sec. (66.50 ticks)
Found incumbent of value 47334.062984 after 0.21 sec. (116.85 ticks)
Probing time = 0.01 sec. (3.19 ticks)
Tried aggregator 1 time.
MIP Presolve eliminated 0 rows and 59 columns.
Reduced MIP has 3363 rows, 6715 columns, and 21861 nonzeros.
Reduced MIP has 6715 binaries, 0 generals, 0 SOSs, and 0 indicators.
Presolve time = 0.03 sec. (18.62 ticks)
Probing time = 0.01 sec. (3.38 ticks)
Clique table members: 4606.
MIP emphasis: balance optimality and feasibility.
MIP search method: dynamic search.
Parallel mode: none, using 1 thread.
Root relaxation solution time = 0.06 sec. (41.54 ticks)

        Nodes                                         Cuts/
   Node  Left     Objective  IInf  Best Integer    Best Bound    ItCnt     Gap

*     0+    0                        47334.0630        0.0000           100.00%
      0     0    21583.6356     1    47334.0630    21583.6356     2322   54.40%
*     0+    0                        21583.6356    21583.6356             0.00%
      0     0        cutoff          21583.6356    21583.6356     2322    0.00%
Elapsed time = 0.36 sec. (201.98 ticks, tree = 0.01 MB, solutions = 2)

Root node processing (before b&c):
  Real time             =    0.37 sec. (203.70 ticks)
Sequential b&c:
  Real time             =    0.00 sec. (0.00 ticks)
                          ------------
Total (root+branch&cut) =    0.37 sec. (203.70 ticks)

Solution pool: 2 solutions saved.

MIP - Integer optimal solution:  Objective =  2.1583635586e+04
Solution time =    0.37 sec.  Iterations = 2322  Nodes = 0
Deterministic time = 203.82 ticks  (553.41 ticks/sec)

CPLEX> Incumbent solution written to file '/tmp/cmpl.T10786.gsol'.
CPLEX> 
CMPL: Time used for model generation: 1 seconds
CMPL: Time used for solving the model: 1 seconds


Solution written to ASCII file: ../results/output_generated_conf_1/2016-05-02-5/equal.sol

Solver - finished
