CMPL model generation - running

CMPL version: 1.11.0
Authors: Thomas Schleiff, Mike Steglich
Distributed under the GPLv3 

create model instance ...
write model instance ...
CMPL model generation - finished

Solver - running


Welcome to IBM(R) ILOG(R) CPLEX(R) Interactive Optimizer 12.7.1.0
  with Simplex, Mixed Integer & Barrier Optimizers
5725-A06 5725-A29 5724-Y48 5724-Y49 5724-Y54 5724-Y55 5655-Y21
Copyright IBM Corp. 1988, 2017.  All Rights Reserved.

Type 'help' for a list of available commands.
Type 'help' followed by a command name for more
information on commands.

CPLEX> Specified objective sense: MINIMIZE
Selected objective  name:  line[1]
Selected RHS        name:  RHS
Selected bound      name:  BOUND
Problem '/tmp/cmpl.XM9851.mps' read.
Read time = 0.05 sec. (9.66 ticks)
CPLEX> CPXPARAM_Read_APIEncoding                        "UTF-8"
Tried aggregator 3 times.
MIP Presolve eliminated 19392 rows and 31249 columns.
MIP Presolve modified 424 coefficients.
Aggregator did 583 substitutions.
Reduced MIP has 2635 rows, 4461 columns, and 14615 nonzeros.
Reduced MIP has 4293 binaries, 0 generals, 0 SOSs, and 0 indicators.
Presolve time = 0.06 sec. (51.59 ticks)
Found incumbent of value 20356.921018 after 0.09 sec. (84.22 ticks)
Probing fixed 3 vars, tightened 0 bounds.
Probing time = 0.01 sec. (6.88 ticks)
Tried aggregator 1 time.
MIP Presolve eliminated 0 rows and 3 columns.
MIP Presolve modified 11 coefficients.
Reduced MIP has 2635 rows, 4458 columns, and 14609 nonzeros.
Reduced MIP has 4458 binaries, 0 generals, 0 SOSs, and 0 indicators.
Presolve time = 0.01 sec. (10.62 ticks)
Probing time = 0.01 sec. (3.00 ticks)
Clique table members: 8516.
MIP emphasis: balance optimality and feasibility.
MIP search method: dynamic search.
Parallel mode: none, using 1 thread.
Root relaxation solution time = 0.01 sec. (15.34 ticks)

        Nodes                                         Cuts/
   Node  Left     Objective  IInf  Best Integer    Best Bound    ItCnt     Gap

*     0+    0                        20356.9210     -301.0834           101.48%
      0     0      314.3040    15    20356.9210      314.3040      713   98.46%
*     0+    0                          318.5897      314.3040             1.35%
      0     0        cutoff            318.5897                    713    0.00%
Elapsed time = 0.17 sec. (137.72 ticks, tree = 0.01 MB, solutions = 2)

Root node processing (before b&c):
  Real time             =    0.17 sec. (139.15 ticks)
Sequential b&c:
  Real time             =    0.00 sec. (0.00 ticks)
                          ------------
Total (root+branch&cut) =    0.17 sec. (139.15 ticks)

Solution pool: 2 solutions saved.

MIP - Integer optimal solution:  Objective =  3.1858970000e+02
Solution time =    0.17 sec.  Iterations = 713  Nodes = 0
Deterministic time = 139.26 ticks  (828.10 ticks/sec)

CPLEX> Incumbent solution written to file '/tmp/cmpl.XM9851.gsol'.
CPLEX> 
CMPL: Time used for model generation: 1 seconds
CMPL: Time used for solving the model: 0 seconds


Solution written to ASCII file: ../results/output_generated_conf_0.1/2016-01-04-4/equal.sol

Solver - finished
