CMPL model generation - running

CMPL version: 1.11.0
Authors: Thomas Schleiff, Mike Steglich
Distributed under the GPLv3 

create model instance ...
write model instance ...
CMPL model generation - finished

Solver - running


Welcome to IBM(R) ILOG(R) CPLEX(R) Interactive Optimizer 12.7.1.0
  with Simplex, Mixed Integer & Barrier Optimizers
5725-A06 5725-A29 5724-Y48 5724-Y49 5724-Y54 5724-Y55 5655-Y21
Copyright IBM Corp. 1988, 2017.  All Rights Reserved.

Type 'help' for a list of available commands.
Type 'help' followed by a command name for more
information on commands.

CPLEX> Specified objective sense: MINIMIZE
Selected objective  name:  line[1]
Selected RHS        name:  RHS
Selected bound      name:  BOUND
Problem '/tmp/cmpl.T11184.mps' read.
Read time = 0.06 sec. (11.95 ticks)
CPLEX> CPXPARAM_Read_APIEncoding                        "UTF-8"
Tried aggregator 3 times.
MIP Presolve eliminated 23915 rows and 37321 columns.
MIP Presolve modified 557 coefficients.
Aggregator did 907 substitutions.
Reduced MIP has 3355 rows, 5927 columns, and 19430 nonzeros.
Reduced MIP has 5717 binaries, 0 generals, 0 SOSs, and 0 indicators.
Presolve time = 0.07 sec. (59.99 ticks)
Probing time = 0.01 sec. (3.30 ticks)
Tried aggregator 1 time.
MIP Presolve eliminated 0 rows and 2 columns.
Reduced MIP has 3355 rows, 5925 columns, and 19426 nonzeros.
Reduced MIP has 5925 binaries, 0 generals, 0 SOSs, and 0 indicators.
Presolve time = 0.01 sec. (14.01 ticks)
Probing time = 0.01 sec. (3.34 ticks)
Clique table members: 4067.
MIP emphasis: balance optimality and feasibility.
MIP search method: dynamic search.
Parallel mode: none, using 1 thread.
Root relaxation solution time = 0.02 sec. (24.29 ticks)

        Nodes                                         Cuts/
   Node  Left     Objective  IInf  Best Integer    Best Bound    ItCnt     Gap

*     0     0      integral     0     5567.4751     5567.4751     1219    0.00%
Elapsed time = 0.21 sec. (175.71 ticks, tree = 0.00 MB, solutions = 1)

Root node processing (before b&c):
  Real time             =    0.21 sec. (177.17 ticks)
Sequential b&c:
  Real time             =    0.00 sec. (0.00 ticks)
                          ------------
Total (root+branch&cut) =    0.21 sec. (177.17 ticks)

Solution pool: 1 solution saved.

MIP - Integer optimal solution:  Objective =  5.5674751460e+03
Solution time =    0.21 sec.  Iterations = 1219  Nodes = 0
Deterministic time = 177.29 ticks  (851.50 ticks/sec)

CPLEX> Incumbent solution written to file '/tmp/cmpl.T11184.gsol'.
CPLEX> 
CMPL: Time used for model generation: 2 seconds
CMPL: Time used for solving the model: 0 seconds


Solution written to ASCII file: ../results/output_generated_rate_0.2/2016-12-05-5/equal.sol

Solver - finished
