CMPL model generation - running

CMPL version: 1.11.0
Authors: Thomas Schleiff, Mike Steglich
Distributed under the GPLv3 

create model instance ...
write model instance ...
CMPL model generation - finished

Solver - running


Welcome to IBM(R) ILOG(R) CPLEX(R) Interactive Optimizer 12.7.1.0
  with Simplex, Mixed Integer & Barrier Optimizers
5725-A06 5725-A29 5724-Y48 5724-Y49 5724-Y54 5724-Y55 5655-Y21
Copyright IBM Corp. 1988, 2017.  All Rights Reserved.

Type 'help' for a list of available commands.
Type 'help' followed by a command name for more
information on commands.

CPLEX> Specified objective sense: MINIMIZE
Selected objective  name:  line[1]
Selected RHS        name:  RHS
Selected bound      name:  BOUND
Problem '/tmp/cmpl.T11133.mps' read.
Read time = 0.06 sec. (10.99 ticks)
CPLEX> CPXPARAM_Read_APIEncoding                        "UTF-8"
Tried aggregator 3 times.
MIP Presolve eliminated 23915 rows and 37321 columns.
MIP Presolve modified 425 coefficients.
Aggregator did 907 substitutions.
Reduced MIP has 3185 rows, 4312 columns, and 12750 nonzeros.
Reduced MIP has 4102 binaries, 0 generals, 0 SOSs, and 0 indicators.
Presolve time = 0.06 sec. (52.09 ticks)
Found incumbent of value 25270.338770 after 0.10 sec. (84.06 ticks)
Probing time = 0.01 sec. (2.89 ticks)
Tried aggregator 1 time.
MIP Presolve eliminated 0 rows and 2 columns.
Reduced MIP has 3185 rows, 4310 columns, and 12746 nonzeros.
Reduced MIP has 4310 binaries, 0 generals, 0 SOSs, and 0 indicators.
Presolve time = 0.01 sec. (10.58 ticks)
Probing fixed 25 vars, tightened 0 bounds.
Probing time = 0.01 sec. (5.67 ticks)
Clique table members: 8014.
MIP emphasis: balance optimality and feasibility.
MIP search method: dynamic search.
Parallel mode: none, using 1 thread.
Root relaxation solution time = 0.01 sec. (11.38 ticks)

        Nodes                                         Cuts/
   Node  Left     Objective  IInf  Best Integer    Best Bound    ItCnt     Gap

*     0+    0                        25270.3388        0.0000           100.00%
*     0     0      integral     0     5554.7137     5554.7137      520    0.00%
Elapsed time = 0.15 sec. (124.19 ticks, tree = 0.00 MB, solutions = 2)

Root node processing (before b&c):
  Real time             =    0.16 sec. (125.79 ticks)
Sequential b&c:
  Real time             =    0.00 sec. (0.00 ticks)
                          ------------
Total (root+branch&cut) =    0.16 sec. (125.79 ticks)

Solution pool: 2 solutions saved.

MIP - Integer optimal solution:  Objective =  5.5547137400e+03
Solution time =    0.16 sec.  Iterations = 520  Nodes = 0
Deterministic time = 125.91 ticks  (799.86 ticks/sec)

CPLEX> Incumbent solution written to file '/tmp/cmpl.T11133.gsol'.
CPLEX> 
CMPL: Time used for model generation: 1 seconds
CMPL: Time used for solving the model: 1 seconds


Solution written to ASCII file: ../results/output_generated_rate_0.2/2016-12-05-5/unequal.sol

Solver - finished
