CMPL model generation - running

CMPL version: 1.11.0
Authors: Thomas Schleiff, Mike Steglich
Distributed under the GPLv3 

create model instance ...
write model instance ...
CMPL model generation - finished

Solver - running


Welcome to IBM(R) ILOG(R) CPLEX(R) Interactive Optimizer 12.7.1.0
  with Simplex, Mixed Integer & Barrier Optimizers
5725-A06 5725-A29 5724-Y48 5724-Y49 5724-Y54 5724-Y55 5655-Y21
Copyright IBM Corp. 1988, 2017.  All Rights Reserved.

Type 'help' for a list of available commands.
Type 'help' followed by a command name for more
information on commands.

CPLEX> Specified objective sense: MINIMIZE
Selected objective  name:  line[1]
Selected RHS        name:  RHS
Selected bound      name:  BOUND
Problem '/tmp/cmpl.T10776.mps' read.
Read time = 0.06 sec. (9.75 ticks)
CPLEX> CPXPARAM_Read_APIEncoding                        "UTF-8"
Tried aggregator 3 times.
MIP Presolve eliminated 18476 rows and 29445 columns.
MIP Presolve modified 1040 coefficients.
Aggregator did 1416 substitutions.
Reduced MIP has 2718 rows, 5432 columns, and 17460 nonzeros.
Reduced MIP has 5264 binaries, 0 generals, 0 SOSs, and 0 indicators.
Presolve time = 0.06 sec. (56.91 ticks)
Probing time = 0.01 sec. (3.00 ticks)
Tried aggregator 1 time.
MIP Presolve eliminated 0 rows and 49 columns.
Reduced MIP has 2718 rows, 5383 columns, and 17362 nonzeros.
Reduced MIP has 5383 binaries, 0 generals, 0 SOSs, and 0 indicators.
Presolve time = 0.02 sec. (14.87 ticks)
Probing time = 0.01 sec. (3.15 ticks)
Clique table members: 3624.
MIP emphasis: balance optimality and feasibility.
MIP search method: dynamic search.
Parallel mode: none, using 1 thread.
Root relaxation solution time = 0.04 sec. (39.61 ticks)

        Nodes                                         Cuts/
   Node  Left     Objective  IInf  Best Integer    Best Bound    ItCnt     Gap

*     0     0      integral     0    17210.0800    17210.0800     2598    0.00%
Elapsed time = 0.21 sec. (187.49 ticks, tree = 0.00 MB, solutions = 1)

Root node processing (before b&c):
  Real time             =    0.22 sec. (188.65 ticks)
Sequential b&c:
  Real time             =    0.00 sec. (0.00 ticks)
                          ------------
Total (root+branch&cut) =    0.22 sec. (188.65 ticks)

Solution pool: 1 solution saved.

MIP - Integer optimal solution:  Objective =  1.7210080019e+04
Solution time =    0.22 sec.  Iterations = 2598  Nodes = 0
Deterministic time = 188.76 ticks  (868.12 ticks/sec)

CPLEX> Incumbent solution written to file '/tmp/cmpl.T10776.gsol'.
CPLEX> 
CMPL: Time used for model generation: 1 seconds
CMPL: Time used for solving the model: 0 seconds


Solution written to ASCII file: ../results/output_generated_conf_1/2015-12-07-4/equal.sol

Solver - finished
