CMPL model generation - running

CMPL version: 1.11.0
Authors: Thomas Schleiff, Mike Steglich
Distributed under the GPLv3 

create model instance ...
write model instance ...
CMPL model generation - finished

Solver - running


Welcome to IBM(R) ILOG(R) CPLEX(R) Interactive Optimizer 12.7.1.0
  with Simplex, Mixed Integer & Barrier Optimizers
5725-A06 5725-A29 5724-Y48 5724-Y49 5724-Y54 5724-Y55 5655-Y21
Copyright IBM Corp. 1988, 2017.  All Rights Reserved.

Type 'help' for a list of available commands.
Type 'help' followed by a command name for more
information on commands.

CPLEX> Specified objective sense: MINIMIZE
Selected objective  name:  line[1]
Selected RHS        name:  RHS
Selected bound      name:  BOUND
Problem '/tmp/cmpl.T10726.mps' read.
Read time = 0.05 sec. (8.93 ticks)
CPLEX> CPXPARAM_Read_APIEncoding                        "UTF-8"
Tried aggregator 3 times.
MIP Presolve eliminated 18474 rows and 29105 columns.
MIP Presolve modified 580 coefficients.
Aggregator did 1415 substitutions.
Reduced MIP has 2551 rows, 4158 columns, and 12174 nonzeros.
Reduced MIP has 3990 binaries, 0 generals, 0 SOSs, and 0 indicators.
Presolve time = 0.07 sec. (46.48 ticks)
Found incumbent of value 37398.857144 after 0.14 sec. (93.10 ticks)
Probing time = 0.01 sec. (2.66 ticks)
Tried aggregator 2 times.
MIP Presolve eliminated 2 rows and 48 columns.
MIP Presolve modified 8 coefficients.
Aggregator did 1 substitutions.
Reduced MIP has 2548 rows, 4109 columns, and 12071 nonzeros.
Reduced MIP has 4109 binaries, 0 generals, 0 SOSs, and 0 indicators.
Presolve time = 0.03 sec. (14.87 ticks)
Probing time = 0.01 sec. (2.82 ticks)
Clique table members: 3539.
MIP emphasis: balance optimality and feasibility.
MIP search method: dynamic search.
Parallel mode: none, using 1 thread.
Root relaxation solution time = 0.02 sec. (20.77 ticks)

        Nodes                                         Cuts/
   Node  Left     Objective  IInf  Best Integer    Best Bound    ItCnt     Gap

*     0+    0                        37398.8571        0.0000           100.00%
*     0     0      integral     0    17200.1029    17200.1029     1402    0.00%
Elapsed time = 0.22 sec. (142.76 ticks, tree = 0.00 MB, solutions = 2)

Root node processing (before b&c):
  Real time             =    0.23 sec. (144.09 ticks)
Sequential b&c:
  Real time             =    0.00 sec. (0.00 ticks)
                          ------------
Total (root+branch&cut) =    0.23 sec. (144.09 ticks)

Solution pool: 2 solutions saved.

MIP - Integer optimal solution:  Objective =  1.7200102855e+04
Solution time =    0.23 sec.  Iterations = 1402  Nodes = 0
Deterministic time = 144.19 ticks  (635.14 ticks/sec)

CPLEX> Incumbent solution written to file '/tmp/cmpl.T10726.gsol'.
CPLEX> 
CMPL: Time used for model generation: 1 seconds
CMPL: Time used for solving the model: 1 seconds


Solution written to ASCII file: ../results/output_generated_conf_1/2015-12-07-4/unequal.sol

Solver - finished
