CMPL model generation - running

CMPL version: 1.11.0
Authors: Thomas Schleiff, Mike Steglich
Distributed under the GPLv3 

create model instance ...
write model instance ...
CMPL model generation - finished

Solver - running


Welcome to IBM(R) ILOG(R) CPLEX(R) Interactive Optimizer 12.7.1.0
  with Simplex, Mixed Integer & Barrier Optimizers
5725-A06 5725-A29 5724-Y48 5724-Y49 5724-Y54 5724-Y55 5655-Y21
Copyright IBM Corp. 1988, 2017.  All Rights Reserved.

Type 'help' for a list of available commands.
Type 'help' followed by a command name for more
information on commands.

CPLEX> Specified objective sense: MINIMIZE
Selected objective  name:  line[1]
Selected RHS        name:  RHS
Selected bound      name:  BOUND
Problem '/tmp/cmpl.T10272.mps' read.
Read time = 0.05 sec. (9.66 ticks)
CPLEX> CPXPARAM_Read_APIEncoding                        "UTF-8"
Tried aggregator 3 times.
MIP Presolve eliminated 19290 rows and 31071 columns.
MIP Presolve modified 472 coefficients.
Aggregator did 650 substitutions.
Reduced MIP has 2670 rows, 4572 columns, and 14902 nonzeros.
Reduced MIP has 4404 binaries, 0 generals, 0 SOSs, and 0 indicators.
Presolve time = 0.06 sec. (52.29 ticks)
Found incumbent of value 22045.657087 after 0.09 sec. (85.14 ticks)
Probing time = 0.01 sec. (3.04 ticks)
Tried aggregator 1 time.
Reduced MIP has 2670 rows, 4572 columns, and 14902 nonzeros.
Reduced MIP has 4572 binaries, 0 generals, 0 SOSs, and 0 indicators.
Presolve time = 0.01 sec. (10.48 ticks)
Probing time = 0.01 sec. (3.02 ticks)
Clique table members: 4285.
MIP emphasis: balance optimality and feasibility.
MIP search method: dynamic search.
Parallel mode: none, using 1 thread.
Root relaxation solution time = 0.01 sec. (15.67 ticks)

        Nodes                                         Cuts/
   Node  Left     Objective  IInf  Best Integer    Best Bound    ItCnt     Gap

*     0+    0                        22045.6571     -523.7572           102.38%
      0     0     1915.0541    14    22045.6571     1915.0541      958   91.31%
*     0+    0                         1919.0541     1915.0541             0.21%
      0     0     1917.9689     2     1919.0541      Cuts: 25      968    0.06%
*     0+    0                         1918.5404     1917.9689             0.03%
*     0     0      integral     0     1918.1531       Cuts: 6      976    0.00%
      0     0        cutoff           1918.1531     1918.1531      976    0.00%
Elapsed time = 0.17 sec. (154.28 ticks, tree = 0.01 MB, solutions = 4)

GUB cover cuts applied:  2
Clique cuts applied:  4
Cover cuts applied:  16
Gomory fractional cuts applied:  9

Root node processing (before b&c):
  Real time             =    0.17 sec. (156.19 ticks)
Sequential b&c:
  Real time             =    0.00 sec. (0.00 ticks)
                          ------------
Total (root+branch&cut) =    0.17 sec. (156.19 ticks)

Solution pool: 4 solutions saved.

MIP - Integer optimal solution:  Objective =  1.9181530950e+03
Solution time =    0.17 sec.  Iterations = 976  Nodes = 0
Deterministic time = 156.30 ticks  (896.96 ticks/sec)

CPLEX> Incumbent solution written to file '/tmp/cmpl.T10272.gsol'.
CPLEX> 
CMPL: Time used for model generation: 1 seconds
CMPL: Time used for solving the model: 1 seconds


Solution written to ASCII file: ../results/output_generated_conf_0.5/2016-04-04-4/equal.sol

Solver - finished
