CMPL model generation - running

CMPL version: 1.11.0
Authors: Thomas Schleiff, Mike Steglich
Distributed under the GPLv3 

create model instance ...
write model instance ...
CMPL model generation - finished

Solver - running


Welcome to IBM(R) ILOG(R) CPLEX(R) Interactive Optimizer 12.7.1.0
  with Simplex, Mixed Integer & Barrier Optimizers
5725-A06 5725-A29 5724-Y48 5724-Y49 5724-Y54 5724-Y55 5655-Y21
Copyright IBM Corp. 1988, 2017.  All Rights Reserved.

Type 'help' for a list of available commands.
Type 'help' followed by a command name for more
information on commands.

CPLEX> Specified objective sense: MINIMIZE
Selected objective  name:  line[1]
Selected RHS        name:  RHS
Selected bound      name:  BOUND
Problem '/tmp/cmpl.T10222.mps' read.
Read time = 0.05 sec. (8.86 ticks)
CPLEX> CPXPARAM_Read_APIEncoding                        "UTF-8"
Tried aggregator 3 times.
MIP Presolve eliminated 19290 rows and 30731 columns.
MIP Presolve modified 340 coefficients.
Aggregator did 650 substitutions.
Reduced MIP has 2500 rows, 3297 columns, and 9609 nonzeros.
Reduced MIP has 3129 binaries, 0 generals, 0 SOSs, and 0 indicators.
Presolve time = 0.05 sec. (43.19 ticks)
Found incumbent of value 6182.026795 after 0.07 sec. (61.36 ticks)
Probing fixed 5 vars, tightened 0 bounds.
Probing time = 0.01 sec. (4.34 ticks)
Tried aggregator 1 time.
MIP Presolve eliminated 0 rows and 5 columns.
MIP Presolve modified 24 coefficients.
Reduced MIP has 2500 rows, 3292 columns, and 9599 nonzeros.
Reduced MIP has 3292 binaries, 0 generals, 0 SOSs, and 0 indicators.
Presolve time = 0.01 sec. (8.09 ticks)
Probing time = 0.01 sec. (2.67 ticks)
Clique table members: 5885.
MIP emphasis: balance optimality and feasibility.
MIP search method: dynamic search.
Parallel mode: none, using 1 thread.
Root relaxation solution time = 0.00 sec. (4.93 ticks)

        Nodes                                         Cuts/
   Node  Left     Objective  IInf  Best Integer    Best Bound    ItCnt     Gap

*     0+    0                         6182.0268     -523.7572           108.47%
      0     0     1903.1822    14     6182.0268     1903.1822      164   69.21%
*     0+    0                         1907.1822     1903.1822             0.21%
      0     0     1906.0627     1     1907.1822      Cuts: 24      173    0.06%
*     0+    0                         1906.3484     1906.0627             0.01%
*     0+    0                         1906.0794     1906.0627             0.00%
      0     0        cutoff           1906.0794     1906.0627      173    0.00%
Elapsed time = 0.13 sec. (108.34 ticks, tree = 0.01 MB, solutions = 4)

GUB cover cuts applied:  1
Clique cuts applied:  3
Cover cuts applied:  13
Gomory fractional cuts applied:  7

Root node processing (before b&c):
  Real time             =    0.13 sec. (110.11 ticks)
Sequential b&c:
  Real time             =    0.00 sec. (0.00 ticks)
                          ------------
Total (root+branch&cut) =    0.13 sec. (110.11 ticks)

Solution pool: 4 solutions saved.

MIP - Integer optimal solution:  Objective =  1.9060794240e+03
Solution time =    0.13 sec.  Iterations = 173  Nodes = 0
Deterministic time = 110.20 ticks  (834.80 ticks/sec)

CPLEX> Incumbent solution written to file '/tmp/cmpl.T10222.gsol'.
CPLEX> 
CMPL: Time used for model generation: 1 seconds
CMPL: Time used for solving the model: 1 seconds


Solution written to ASCII file: ../results/output_generated_conf_0.5/2016-04-04-4/unequal.sol

Solver - finished
