CMPL model generation - running

CMPL version: 1.11.0
Authors: Thomas Schleiff, Mike Steglich
Distributed under the GPLv3 

create model instance ...
write model instance ...
CMPL model generation - finished

Solver - running


Welcome to IBM(R) ILOG(R) CPLEX(R) Interactive Optimizer 12.7.1.0
  with Simplex, Mixed Integer & Barrier Optimizers
5725-A06 5725-A29 5724-Y48 5724-Y49 5724-Y54 5724-Y55 5655-Y21
Copyright IBM Corp. 1988, 2017.  All Rights Reserved.

Type 'help' for a list of available commands.
Type 'help' followed by a command name for more
information on commands.

CPLEX> Specified objective sense: MINIMIZE
Selected objective  name:  line[1]
Selected RHS        name:  RHS
Selected bound      name:  BOUND
Problem '/tmp/cmpl.T11949.mps' read.
Read time = 0.06 sec. (11.06 ticks)
CPLEX> CPXPARAM_Read_APIEncoding                        "UTF-8"
Tried aggregator 3 times.
MIP Presolve eliminated 23076 rows and 35643 columns.
MIP Presolve modified 543 coefficients.
Aggregator did 1746 substitutions.
Reduced MIP has 3185 rows, 5151 columns, and 15267 nonzeros.
Reduced MIP has 4941 binaries, 0 generals, 0 SOSs, and 0 indicators.
Presolve time = 0.07 sec. (57.25 ticks)
Found incumbent of value 47090.031226 after 0.13 sec. (108.80 ticks)
Probing time = 0.01 sec. (2.76 ticks)
Tried aggregator 1 time.
MIP Presolve eliminated 0 rows and 61 columns.
Reduced MIP has 3185 rows, 5090 columns, and 15145 nonzeros.
Reduced MIP has 5090 binaries, 0 generals, 0 SOSs, and 0 indicators.
Presolve time = 0.02 sec. (14.07 ticks)
Probing time = 0.01 sec. (2.97 ticks)
Clique table members: 4421.
MIP emphasis: balance optimality and feasibility.
MIP search method: dynamic search.
Parallel mode: none, using 1 thread.
Root relaxation solution time = 0.02 sec. (22.56 ticks)

        Nodes                                         Cuts/
   Node  Left     Objective  IInf  Best Integer    Best Bound    ItCnt     Gap

*     0+    0                        47090.0312        0.0000           100.00%
*     0     0      integral     0    21413.9786    21413.9786     1332    0.00%
Elapsed time = 0.19 sec. (161.79 ticks, tree = 0.00 MB, solutions = 2)

Root node processing (before b&c):
  Real time             =    0.20 sec. (163.42 ticks)
Sequential b&c:
  Real time             =    0.00 sec. (0.00 ticks)
                          ------------
Total (root+branch&cut) =    0.20 sec. (163.42 ticks)

Solution pool: 2 solutions saved.

MIP - Integer optimal solution:  Objective =  2.1413978610e+04
Solution time =    0.20 sec.  Iterations = 1332  Nodes = 0
Deterministic time = 163.54 ticks  (826.33 ticks/sec)

CPLEX> Incumbent solution written to file '/tmp/cmpl.T11949.gsol'.
CPLEX> 
CMPL: Time used for model generation: 1 seconds
CMPL: Time used for solving the model: 1 seconds


Solution written to ASCII file: ../results/output_generated_rate_1/2016-02-01-5/unequal.sol

Solver - finished
