CMPL model generation - running

CMPL version: 1.11.0
Authors: Thomas Schleiff, Mike Steglich
Distributed under the GPLv3 

create model instance ...
write model instance ...
CMPL model generation - finished

Solver - running


Welcome to IBM(R) ILOG(R) CPLEX(R) Interactive Optimizer 12.7.1.0
  with Simplex, Mixed Integer & Barrier Optimizers
5725-A06 5725-A29 5724-Y48 5724-Y49 5724-Y54 5724-Y55 5655-Y21
Copyright IBM Corp. 1988, 2017.  All Rights Reserved.

Type 'help' for a list of available commands.
Type 'help' followed by a command name for more
information on commands.

CPLEX> Specified objective sense: MINIMIZE
Selected objective  name:  line[1]
Selected RHS        name:  RHS
Selected bound      name:  BOUND
Problem '/tmp/cmpl.T11979.mps' read.
Read time = 0.06 sec. (11.06 ticks)
CPLEX> CPXPARAM_Read_APIEncoding                        "UTF-8"
Tried aggregator 3 times.
MIP Presolve eliminated 23085 rows and 35661 columns.
MIP Presolve modified 525 coefficients.
Aggregator did 1737 substitutions.
Reduced MIP has 3185 rows, 5142 columns, and 15240 nonzeros.
Reduced MIP has 4932 binaries, 0 generals, 0 SOSs, and 0 indicators.
Presolve time = 0.07 sec. (57.19 ticks)
Found incumbent of value 46809.772926 after 0.13 sec. (108.43 ticks)
Probing time = 0.01 sec. (2.77 ticks)
Tried aggregator 1 time.
MIP Presolve eliminated 0 rows and 63 columns.
Reduced MIP has 3185 rows, 5079 columns, and 15114 nonzeros.
Reduced MIP has 5079 binaries, 0 generals, 0 SOSs, and 0 indicators.
Presolve time = 0.02 sec. (14.06 ticks)
Probing time = 0.01 sec. (2.97 ticks)
Clique table members: 4412.
MIP emphasis: balance optimality and feasibility.
MIP search method: dynamic search.
Parallel mode: none, using 1 thread.
Root relaxation solution time = 0.02 sec. (22.05 ticks)

        Nodes                                         Cuts/
   Node  Left     Objective  IInf  Best Integer    Best Bound    ItCnt     Gap

*     0+    0                        46809.7729        0.0000           100.00%
*     0     0      integral     0    21258.1182    21258.1182     1342    0.00%
Elapsed time = 0.19 sec. (160.89 ticks, tree = 0.00 MB, solutions = 2)

Root node processing (before b&c):
  Real time             =    0.19 sec. (162.52 ticks)
Sequential b&c:
  Real time             =    0.00 sec. (0.00 ticks)
                          ------------
Total (root+branch&cut) =    0.19 sec. (162.52 ticks)

Solution pool: 2 solutions saved.

MIP - Integer optimal solution:  Objective =  2.1258118166e+04
Solution time =    0.19 sec.  Iterations = 1342  Nodes = 0
Deterministic time = 162.64 ticks  (844.01 ticks/sec)

CPLEX> Incumbent solution written to file '/tmp/cmpl.T11979.gsol'.
CPLEX> 
CMPL: Time used for model generation: 2 seconds
CMPL: Time used for solving the model: 0 seconds


Solution written to ASCII file: ../results/output_generated_rate_1/2017-05-01-5/unequal.sol

Solver - finished
