CMPL model generation - running

CMPL version: 1.11.0
Authors: Thomas Schleiff, Mike Steglich
Distributed under the GPLv3 

create model instance ...
write model instance ...
CMPL model generation - finished

Solver - running


Welcome to IBM(R) ILOG(R) CPLEX(R) Interactive Optimizer 12.7.1.0
  with Simplex, Mixed Integer & Barrier Optimizers
5725-A06 5725-A29 5724-Y48 5724-Y49 5724-Y54 5724-Y55 5655-Y21
Copyright IBM Corp. 1988, 2017.  All Rights Reserved.

Type 'help' for a list of available commands.
Type 'help' followed by a command name for more
information on commands.

CPLEX> Specified objective sense: MINIMIZE
Selected objective  name:  line[1]
Selected RHS        name:  RHS
Selected bound      name:  BOUND
Problem '/tmp/cmpl.T11961.mps' read.
Read time = 0.06 sec. (11.06 ticks)
CPLEX> CPXPARAM_Read_APIEncoding                        "UTF-8"
Tried aggregator 3 times.
MIP Presolve eliminated 23085 rows and 35671 columns.
MIP Presolve modified 510 coefficients.
Aggregator did 1729 substitutions.
Reduced MIP has 3193 rows, 5140 columns, and 15242 nonzeros.
Reduced MIP has 4930 binaries, 0 generals, 0 SOSs, and 0 indicators.
Presolve time = 0.07 sec. (57.15 ticks)
Found incumbent of value 46466.726149 after 0.13 sec. (111.16 ticks)
Probing time = 0.01 sec. (2.77 ticks)
Tried aggregator 2 times.
MIP Presolve eliminated 5 rows and 63 columns.
MIP Presolve modified 15 coefficients.
Aggregator did 3 substitutions.
Reduced MIP has 3185 rows, 5074 columns, and 15099 nonzeros.
Reduced MIP has 5074 binaries, 0 generals, 0 SOSs, and 0 indicators.
Presolve time = 0.02 sec. (18.24 ticks)
Probing time = 0.01 sec. (2.97 ticks)
Clique table members: 4407.
MIP emphasis: balance optimality and feasibility.
MIP search method: dynamic search.
Parallel mode: none, using 1 thread.
Root relaxation solution time = 0.02 sec. (21.03 ticks)

        Nodes                                         Cuts/
   Node  Left     Objective  IInf  Best Integer    Best Bound    ItCnt     Gap

*     0+    0                        46466.7261        0.0000           100.00%
*     0     0      integral     0    21184.1521    21184.1521     1303    0.00%
Elapsed time = 0.20 sec. (166.77 ticks, tree = 0.00 MB, solutions = 2)

Root node processing (before b&c):
  Real time             =    0.20 sec. (168.40 ticks)
Sequential b&c:
  Real time             =    0.00 sec. (0.00 ticks)
                          ------------
Total (root+branch&cut) =    0.20 sec. (168.40 ticks)

Solution pool: 2 solutions saved.

MIP - Integer optimal solution:  Objective =  2.1184152095e+04
Solution time =    0.20 sec.  Iterations = 1303  Nodes = 0
Deterministic time = 168.52 ticks  (840.49 ticks/sec)

CPLEX> Incumbent solution written to file '/tmp/cmpl.T11961.gsol'.
CPLEX> 
CMPL: Time used for model generation: 1 seconds
CMPL: Time used for solving the model: 1 seconds


Solution written to ASCII file: ../results/output_generated_rate_1/2016-08-01-5/unequal.sol

Solver - finished
