CMPL model generation - running

CMPL version: 1.11.0
Authors: Thomas Schleiff, Mike Steglich
Distributed under the GPLv3 

create model instance ...
write model instance ...
CMPL model generation - finished

Solver - running


Welcome to IBM(R) ILOG(R) CPLEX(R) Interactive Optimizer 12.7.1.0
  with Simplex, Mixed Integer & Barrier Optimizers
5725-A06 5725-A29 5724-Y48 5724-Y49 5724-Y54 5724-Y55 5655-Y21
Copyright IBM Corp. 1988, 2017.  All Rights Reserved.

Type 'help' for a list of available commands.
Type 'help' followed by a command name for more
information on commands.

CPLEX> Specified objective sense: MINIMIZE
Selected objective  name:  line[1]
Selected RHS        name:  RHS
Selected bound      name:  BOUND
Problem '/tmp/cmpl.T11050.mps' read.
Read time = 0.06 sec. (11.93 ticks)
CPLEX> CPXPARAM_Read_APIEncoding                        "UTF-8"
Tried aggregator 3 times.
MIP Presolve eliminated 24147 rows and 37783 columns.
MIP Presolve modified 465 coefficients.
Aggregator did 717 substitutions.
Reduced MIP has 3313 rows, 5655 columns, and 18632 nonzeros.
Reduced MIP has 5445 binaries, 0 generals, 0 SOSs, and 0 indicators.
Presolve time = 0.07 sec. (60.70 ticks)
Found incumbent of value 25536.000000 after 0.11 sec. (100.13 ticks)
Probing fixed 6 vars, tightened 0 bounds.
Probing time = 0.02 sec. (9.50 ticks)
Tried aggregator 1 time.
MIP Presolve eliminated 0 rows and 6 columns.
MIP Presolve modified 26 coefficients.
Reduced MIP has 3313 rows, 5649 columns, and 18620 nonzeros.
Reduced MIP has 5649 binaries, 0 generals, 0 SOSs, and 0 indicators.
Presolve time = 0.02 sec. (13.59 ticks)
Probing time = 0.01 sec. (3.23 ticks)
Clique table members: 11607.
MIP emphasis: balance optimality and feasibility.
MIP search method: dynamic search.
Parallel mode: none, using 1 thread.
Root relaxation solution time = 0.01 sec. (16.62 ticks)

        Nodes                                         Cuts/
   Node  Left     Objective  IInf  Best Integer    Best Bound    ItCnt     Gap

*     0+    0                        25536.0000     -437.9428           101.72%
      0     0     1747.3943    17    25536.0000     1747.3943      854   93.16%
*     0+    0                         1891.8514     1747.3943             7.64%
*     0+    0                         1751.2800     1747.3943             0.22%
      0     0     1748.9943     1     1751.2800      Cuts: 39      887    0.13%
*     0+    0                         1748.9943     1748.9943             0.00%
      0     0        cutoff           1748.9943     1748.9943      887    0.00%
Elapsed time = 0.21 sec. (185.56 ticks, tree = 0.01 MB, solutions = 4)

GUB cover cuts applied:  6
Clique cuts applied:  6
Cover cuts applied:  16
Gomory fractional cuts applied:  10

Root node processing (before b&c):
  Real time             =    0.21 sec. (187.85 ticks)
Sequential b&c:
  Real time             =    0.00 sec. (0.00 ticks)
                          ------------
Total (root+branch&cut) =    0.21 sec. (187.85 ticks)

Solution pool: 4 solutions saved.

MIP - Integer optimal solution:  Objective =  1.7489942960e+03
Solution time =    0.21 sec.  Iterations = 887  Nodes = 0
Deterministic time = 187.97 ticks  (877.17 ticks/sec)

CPLEX> Incumbent solution written to file '/tmp/cmpl.T11050.gsol'.
CPLEX> 
CMPL: Time used for model generation: 1 seconds
CMPL: Time used for solving the model: 1 seconds


Solution written to ASCII file: ../results/output_generated_rate_0.1/2015-11-02-5/equal.sol

Solver - finished
