CMPL model generation - running

CMPL version: 1.11.0
Authors: Thomas Schleiff, Mike Steglich
Distributed under the GPLv3 

create model instance ...
write model instance ...
CMPL model generation - finished

Solver - running


Welcome to IBM(R) ILOG(R) CPLEX(R) Interactive Optimizer 12.7.1.0
  with Simplex, Mixed Integer & Barrier Optimizers
5725-A06 5725-A29 5724-Y48 5724-Y49 5724-Y54 5724-Y55 5655-Y21
Copyright IBM Corp. 1988, 2017.  All Rights Reserved.

Type 'help' for a list of available commands.
Type 'help' followed by a command name for more
information on commands.

CPLEX> Specified objective sense: MINIMIZE
Selected objective  name:  line[1]
Selected RHS        name:  RHS
Selected bound      name:  BOUND
Problem '/tmp/cmpl.T11002.mps' read.
Read time = 0.07 sec. (10.96 ticks)
CPLEX> CPXPARAM_Read_APIEncoding                        "UTF-8"
Tried aggregator 3 times.
MIP Presolve eliminated 24147 rows and 37783 columns.
MIP Presolve modified 425 coefficients.
Aggregator did 717 substitutions.
Reduced MIP has 3143 rows, 4040 columns, and 11952 nonzeros.
Reduced MIP has 3830 binaries, 0 generals, 0 SOSs, and 0 indicators.
Presolve time = 0.06 sec. (53.18 ticks)
Found incumbent of value 14076.057141 after 0.09 sec. (77.35 ticks)
Probing fixed 6 vars, tightened 0 bounds.
Probing time = 0.01 sec. (5.23 ticks)
Tried aggregator 1 time.
MIP Presolve eliminated 0 rows and 6 columns.
MIP Presolve modified 26 coefficients.
Reduced MIP has 3143 rows, 4034 columns, and 11940 nonzeros.
Reduced MIP has 4034 binaries, 0 generals, 0 SOSs, and 0 indicators.
Presolve time = 0.01 sec. (10.11 ticks)
Probing time = 0.01 sec. (2.82 ticks)
Clique table members: 7305.
MIP emphasis: balance optimality and feasibility.
MIP search method: dynamic search.
Parallel mode: none, using 1 thread.
Root relaxation solution time = 0.01 sec. (6.22 ticks)

        Nodes                                         Cuts/
   Node  Left     Objective  IInf  Best Integer    Best Bound    ItCnt     Gap

*     0+    0                        14076.0571     -437.9428           103.11%
      0     0     1734.9143    18    14076.0571     1734.9143      216   87.67%
*     0+    0                         1825.3714     1734.9143             4.96%
*     0+    0                         1739.0286     1734.9143             0.24%
      0     0     1736.5143     3     1739.0286      Cuts: 41      239    0.14%
*     0+    0                         1736.5143     1736.5143             0.00%
      0     0        cutoff           1736.5143     1736.5143      239    0.00%
Elapsed time = 0.17 sec. (135.58 ticks, tree = 0.01 MB, solutions = 4)

GUB cover cuts applied:  5
Clique cuts applied:  5
Cover cuts applied:  19
Gomory fractional cuts applied:  12

Root node processing (before b&c):
  Real time             =    0.17 sec. (137.69 ticks)
Sequential b&c:
  Real time             =    0.00 sec. (0.00 ticks)
                          ------------
Total (root+branch&cut) =    0.17 sec. (137.69 ticks)

Solution pool: 4 solutions saved.

MIP - Integer optimal solution:  Objective =  1.7365142860e+03
Solution time =    0.17 sec.  Iterations = 239  Nodes = 0
Deterministic time = 137.81 ticks  (809.08 ticks/sec)

CPLEX> Incumbent solution written to file '/tmp/cmpl.T11002.gsol'.
CPLEX> 
CMPL: Time used for model generation: 1 seconds
CMPL: Time used for solving the model: 1 seconds


Solution written to ASCII file: ../results/output_generated_rate_0.1/2015-11-02-5/unequal.sol

Solver - finished
