CMPL model generation - running

CMPL version: 1.11.0
Authors: Thomas Schleiff, Mike Steglich
Distributed under the GPLv3 

create model instance ...
write model instance ...
CMPL model generation - finished

Solver - running


Welcome to IBM(R) ILOG(R) CPLEX(R) Interactive Optimizer 12.7.1.0
  with Simplex, Mixed Integer & Barrier Optimizers
5725-A06 5725-A29 5724-Y48 5724-Y49 5724-Y54 5724-Y55 5655-Y21
Copyright IBM Corp. 1988, 2017.  All Rights Reserved.

Type 'help' for a list of available commands.
Type 'help' followed by a command name for more
information on commands.

CPLEX> Specified objective sense: MINIMIZE
Selected objective  name:  line[1]
Selected RHS        name:  RHS
Selected bound      name:  BOUND
Problem '/tmp/cmpl.T11572.mps' read.
Read time = 0.06 sec. (12.01 ticks)
CPLEX> CPXPARAM_Read_APIEncoding                        "UTF-8"
Tried aggregator 3 times.
MIP Presolve eliminated 23342 rows and 36175 columns.
MIP Presolve modified 871 coefficients.
Aggregator did 1480 substitutions.
Reduced MIP has 3355 rows, 6500 columns, and 21149 nonzeros.
Reduced MIP has 6290 binaries, 0 generals, 0 SOSs, and 0 indicators.
Presolve time = 0.08 sec. (63.80 ticks)
Found incumbent of value 39026.068569 after 0.13 sec. (111.17 ticks)
Probing time = 0.01 sec. (3.24 ticks)
Tried aggregator 1 time.
MIP Presolve eliminated 0 rows and 38 columns.
Reduced MIP has 3355 rows, 6462 columns, and 21073 nonzeros.
Reduced MIP has 6462 binaries, 0 generals, 0 SOSs, and 0 indicators.
Presolve time = 0.02 sec. (16.51 ticks)
Probing time = 0.01 sec. (3.38 ticks)
Clique table members: 4240.
MIP emphasis: balance optimality and feasibility.
MIP search method: dynamic search.
Parallel mode: none, using 1 thread.
Root relaxation solution time = 0.04 sec. (38.26 ticks)

        Nodes                                         Cuts/
   Node  Left     Objective  IInf  Best Integer    Best Bound    ItCnt     Gap

*     0+    0                        39026.0686        0.0000           100.00%
      0     0    14739.5543    20    39026.0686    14739.5543     2014   62.23%
*     0+    0                        14739.5543    14739.5543             0.00%
      0     0        cutoff          14739.5543    14739.5543     2014    0.00%
Elapsed time = 0.23 sec. (190.29 ticks, tree = 0.01 MB, solutions = 2)

Root node processing (before b&c):
  Real time             =    0.23 sec. (192.00 ticks)
Sequential b&c:
  Real time             =    0.00 sec. (0.00 ticks)
                          ------------
Total (root+branch&cut) =    0.23 sec. (192.00 ticks)

Solution pool: 2 solutions saved.

MIP - Integer optimal solution:  Objective =  1.4739554275e+04
Solution time =    0.23 sec.  Iterations = 2014  Nodes = 0
Deterministic time = 192.13 ticks  (828.74 ticks/sec)

CPLEX> Incumbent solution written to file '/tmp/cmpl.T11572.gsol'.
CPLEX> 
CMPL: Time used for model generation: 1 seconds
CMPL: Time used for solving the model: 1 seconds


Solution written to ASCII file: ../results/output_generated_rate_0.6/2015-11-02-5/equal.sol

Solver - finished
