CMPL model generation - running

CMPL version: 1.11.0
Authors: Thomas Schleiff, Mike Steglich
Distributed under the GPLv3 

create model instance ...
write model instance ...
CMPL model generation - finished

Solver - running


Welcome to IBM(R) ILOG(R) CPLEX(R) Interactive Optimizer 12.7.1.0
  with Simplex, Mixed Integer & Barrier Optimizers
5725-A06 5725-A29 5724-Y48 5724-Y49 5724-Y54 5724-Y55 5655-Y21
Copyright IBM Corp. 1988, 2017.  All Rights Reserved.

Type 'help' for a list of available commands.
Type 'help' followed by a command name for more
information on commands.

CPLEX> Specified objective sense: MINIMIZE
Selected objective  name:  line[1]
Selected RHS        name:  RHS
Selected bound      name:  BOUND
Problem '/tmp/cmpl.T11097.mps' read.
Read time = 0.05 sec. (9.66 ticks)
CPLEX> CPXPARAM_Read_APIEncoding                        "UTF-8"
Tried aggregator 3 times.
MIP Presolve eliminated 19373 rows and 31215 columns.
MIP Presolve modified 432 coefficients.
Aggregator did 588 substitutions.
Reduced MIP has 2649 rows, 4490 columns, and 14682 nonzeros.
Reduced MIP has 4322 binaries, 0 generals, 0 SOSs, and 0 indicators.
Presolve time = 0.05 sec. (50.01 ticks)
Probing fixed 3 vars, tightened 0 bounds.
Probing time = 0.01 sec. (6.93 ticks)
Tried aggregator 1 time.
MIP Presolve eliminated 0 rows and 3 columns.
MIP Presolve modified 11 coefficients.
Reduced MIP has 2649 rows, 4487 columns, and 14676 nonzeros.
Reduced MIP has 4487 binaries, 0 generals, 0 SOSs, and 0 indicators.
Presolve time = 0.01 sec. (10.61 ticks)
Probing time = 0.01 sec. (2.99 ticks)
Clique table members: 9219.
MIP emphasis: balance optimality and feasibility.
MIP search method: dynamic search.
Parallel mode: none, using 1 thread.
Root relaxation solution time = 0.01 sec. (15.87 ticks)

        Nodes                                         Cuts/
   Node  Left     Objective  IInf  Best Integer    Best Bound    ItCnt     Gap

      0     0     1482.0119     9                   1482.0119      905         
*     0+    0                         1484.5834     1482.0119             0.17%
      0     0     1482.9474     1     1484.5834      Cuts: 29      934    0.11%
*     0+    0                         1482.9770     1482.9474             0.00%
      0     0        cutoff           1482.9770     1482.9474      934    0.00%
Elapsed time = 0.19 sec. (165.93 ticks, tree = 0.01 MB, solutions = 2)

GUB cover cuts applied:  5
Clique cuts applied:  5
Cover cuts applied:  11
Gomory fractional cuts applied:  8

Root node processing (before b&c):
  Real time             =    0.19 sec. (167.37 ticks)
Sequential b&c:
  Real time             =    0.00 sec. (0.00 ticks)
                          ------------
Total (root+branch&cut) =    0.19 sec. (167.37 ticks)

Solution pool: 2 solutions saved.

MIP - Integer optimal solution:  Objective =  1.4829770100e+03
Solution time =    0.19 sec.  Iterations = 934  Nodes = 0
Deterministic time = 167.47 ticks  (886.32 ticks/sec)

CPLEX> Incumbent solution written to file '/tmp/cmpl.T11097.gsol'.
CPLEX> 
CMPL: Time used for model generation: 1 seconds
CMPL: Time used for solving the model: 1 seconds


Solution written to ASCII file: ../results/output_generated_rate_0.1/2017-09-04-4/equal.sol

Solver - finished
