CMPL model generation - running

CMPL version: 1.11.0
Authors: Thomas Schleiff, Mike Steglich
Distributed under the GPLv3 

create model instance ...
write model instance ...
CMPL model generation - finished

Solver - running


Welcome to IBM(R) ILOG(R) CPLEX(R) Interactive Optimizer 12.7.1.0
  with Simplex, Mixed Integer & Barrier Optimizers
5725-A06 5725-A29 5724-Y48 5724-Y49 5724-Y54 5724-Y55 5655-Y21
Copyright IBM Corp. 1988, 2017.  All Rights Reserved.

Type 'help' for a list of available commands.
Type 'help' followed by a command name for more
information on commands.

CPLEX> Specified objective sense: MINIMIZE
Selected objective  name:  line[1]
Selected RHS        name:  RHS
Selected bound      name:  BOUND
Problem '/tmp/cmpl.T11046.mps' read.
Read time = 0.05 sec. (8.85 ticks)
CPLEX> CPXPARAM_Read_APIEncoding                        "UTF-8"
Tried aggregator 3 times.
MIP Presolve eliminated 19373 rows and 30875 columns.
MIP Presolve modified 340 coefficients.
Aggregator did 588 substitutions.
Reduced MIP has 2479 rows, 3215 columns, and 9389 nonzeros.
Reduced MIP has 3047 binaries, 0 generals, 0 SOSs, and 0 indicators.
Presolve time = 0.04 sec. (41.30 ticks)
Found incumbent of value 11910.444579 after 0.07 sec. (57.33 ticks)
Probing fixed 3 vars, tightened 0 bounds.
Probing time = 0.01 sec. (4.14 ticks)
Tried aggregator 1 time.
MIP Presolve eliminated 0 rows and 3 columns.
MIP Presolve modified 11 coefficients.
Reduced MIP has 2479 rows, 3212 columns, and 9383 nonzeros.
Reduced MIP has 3212 binaries, 0 generals, 0 SOSs, and 0 indicators.
Presolve time = 0.01 sec. (7.97 ticks)
Probing time = 0.01 sec. (2.66 ticks)
Clique table members: 5806.
MIP emphasis: balance optimality and feasibility.
MIP search method: dynamic search.
Parallel mode: none, using 1 thread.
Root relaxation solution time = 0.00 sec. (4.82 ticks)

        Nodes                                         Cuts/
   Node  Left     Objective  IInf  Best Integer    Best Bound    ItCnt     Gap

*     0+    0                        11910.4446     -422.2356           103.55%
      0     0     1471.9566     9    11910.4446     1471.9566      172   87.64%
*     0+    0                         1492.8680     1471.9566             1.40%
*     0+    0                         1474.5280     1471.9566             0.17%
      0     0     1472.8921     1     1474.5280      Cuts: 27      182    0.11%
*     0+    0                         1472.9199     1472.8921             0.00%
      0     0        cutoff           1472.9199     1472.8921      182    0.00%
Elapsed time = 0.12 sec. (100.36 ticks, tree = 0.01 MB, solutions = 4)

GUB cover cuts applied:  5
Clique cuts applied:  3
Cover cuts applied:  11
Gomory fractional cuts applied:  8

Root node processing (before b&c):
  Real time             =    0.12 sec. (102.13 ticks)
Sequential b&c:
  Real time             =    0.00 sec. (0.00 ticks)
                          ------------
Total (root+branch&cut) =    0.12 sec. (102.13 ticks)

Solution pool: 4 solutions saved.

MIP - Integer optimal solution:  Objective =  1.4729198520e+03
Solution time =    0.12 sec.  Iterations = 182  Nodes = 0
Deterministic time = 102.23 ticks  (841.82 ticks/sec)

CPLEX> Incumbent solution written to file '/tmp/cmpl.T11046.gsol'.
CPLEX> 
CMPL: Time used for model generation: 1 seconds
CMPL: Time used for solving the model: 1 seconds


Solution written to ASCII file: ../results/output_generated_rate_0.1/2017-09-04-4/unequal.sol

Solver - finished
