CMPL model generation - running

CMPL version: 1.11.0
Authors: Thomas Schleiff, Mike Steglich
Distributed under the GPLv3 

create model instance ...
write model instance ...
CMPL model generation - finished

Solver - running


Welcome to IBM(R) ILOG(R) CPLEX(R) Interactive Optimizer 12.7.1.0
  with Simplex, Mixed Integer & Barrier Optimizers
5725-A06 5725-A29 5724-Y48 5724-Y49 5724-Y54 5724-Y55 5655-Y21
Copyright IBM Corp. 1988, 2017.  All Rights Reserved.

Type 'help' for a list of available commands.
Type 'help' followed by a command name for more
information on commands.

CPLEX> Specified objective sense: MINIMIZE
Selected objective  name:  line[1]
Selected RHS        name:  RHS
Selected bound      name:  BOUND
Problem '/tmp/cmpl.XM9755.mps' read.
Read time = 0.06 sec. (11.93 ticks)
CPLEX> CPXPARAM_Read_APIEncoding                        "UTF-8"
Tried aggregator 3 times.
MIP Presolve eliminated 24200 rows and 37872 columns.
MIP Presolve modified 442 coefficients.
Aggregator did 694 substitutions.
Reduced MIP has 3283 rows, 5589 columns, and 18474 nonzeros.
Reduced MIP has 5379 binaries, 0 generals, 0 SOSs, and 0 indicators.
Presolve time = 0.06 sec. (56.58 ticks)
Found incumbent of value 25169.611913 after 0.11 sec. (98.10 ticks)
Probing time = 0.01 sec. (3.27 ticks)
Tried aggregator 1 time.
MIP Presolve eliminated 1 rows and 0 columns.
MIP Presolve modified 3 coefficients.
Reduced MIP has 3282 rows, 5589 columns, and 18470 nonzeros.
Reduced MIP has 5589 binaries, 0 generals, 0 SOSs, and 0 indicators.
Presolve time = 0.01 sec. (14.91 ticks)
Probing time = 0.01 sec. (3.25 ticks)
Clique table members: 4793.
MIP emphasis: balance optimality and feasibility.
MIP search method: dynamic search.
Parallel mode: none, using 1 thread.
Root relaxation solution time = 0.01 sec. (17.23 ticks)

        Nodes                                         Cuts/
   Node  Left     Objective  IInf  Best Integer    Best Bound    ItCnt     Gap

*     0+    0                        25169.6119     -381.8045           101.52%
      0     0      124.6574    19    25169.6119      124.6574      804   99.50%
*     0+    0                          502.1648      124.6574            75.18%
*     0+    0                          129.0002      124.6574             3.37%
      0     0        cutoff            129.0002                    804    0.00%
Elapsed time = 0.18 sec. (158.92 ticks, tree = 0.01 MB, solutions = 3)

Root node processing (before b&c):
  Real time             =    0.18 sec. (160.97 ticks)
Sequential b&c:
  Real time             =    0.00 sec. (0.00 ticks)
                          ------------
Total (root+branch&cut) =    0.18 sec. (160.97 ticks)

Solution pool: 3 solutions saved.

MIP - Integer optimal solution:  Objective =  1.2900022400e+02
Solution time =    0.18 sec.  Iterations = 804  Nodes = 0
Deterministic time = 161.09 ticks  (894.60 ticks/sec)

CPLEX> Incumbent solution written to file '/tmp/cmpl.XM9755.gsol'.
CPLEX> 
CMPL: Time used for model generation: 1 seconds
CMPL: Time used for solving the model: 1 seconds


Solution written to ASCII file: ../results/output_generated_conf_0/2016-05-02-5/equal.sol

Solver - finished
