CMPL model generation - running

CMPL version: 1.11.0
Authors: Thomas Schleiff, Mike Steglich
Distributed under the GPLv3 

create model instance ...
write model instance ...
CMPL model generation - finished

Solver - running


Welcome to IBM(R) ILOG(R) CPLEX(R) Interactive Optimizer 12.7.1.0
  with Simplex, Mixed Integer & Barrier Optimizers
5725-A06 5725-A29 5724-Y48 5724-Y49 5724-Y54 5724-Y55 5655-Y21
Copyright IBM Corp. 1988, 2017.  All Rights Reserved.

Type 'help' for a list of available commands.
Type 'help' followed by a command name for more
information on commands.

CPLEX> Specified objective sense: MINIMIZE
Selected objective  name:  line[1]
Selected RHS        name:  RHS
Selected bound      name:  BOUND
Problem '/tmp/cmpl.T11582.mps' read.
Read time = 0.08 sec. (9.72 ticks)
CPLEX> CPXPARAM_Read_APIEncoding                        "UTF-8"
Tried aggregator 3 times.
MIP Presolve eliminated 18713 rows and 29923 columns.
MIP Presolve modified 828 coefficients.
Aggregator did 1176 substitutions.
Reduced MIP has 2721 rows, 5194 columns, and 16750 nonzeros.
Reduced MIP has 5026 binaries, 0 generals, 0 SOSs, and 0 indicators.
Presolve time = 0.09 sec. (54.47 ticks)
Probing time = 0.01 sec. (3.04 ticks)
Tried aggregator 1 time.
MIP Presolve eliminated 0 rows and 14 columns.
Reduced MIP has 2721 rows, 5180 columns, and 16722 nonzeros.
Reduced MIP has 5180 binaries, 0 generals, 0 SOSs, and 0 indicators.
Presolve time = 0.02 sec. (12.30 ticks)
Probing time = 0.01 sec. (3.14 ticks)
Clique table members: 3424.
MIP emphasis: balance optimality and feasibility.
MIP search method: dynamic search.
Parallel mode: none, using 1 thread.
Root relaxation solution time = 0.05 sec. (31.07 ticks)

        Nodes                                         Cuts/
   Node  Left     Objective  IInf  Best Integer    Best Bound    ItCnt     Gap

*     0     0      integral     0    12906.5683    12906.5683     1908    0.00%
Elapsed time = 0.29 sec. (169.59 ticks, tree = 0.00 MB, solutions = 1)

Root node processing (before b&c):
  Real time             =    0.29 sec. (170.75 ticks)
Sequential b&c:
  Real time             =    0.00 sec. (0.00 ticks)
                          ------------
Total (root+branch&cut) =    0.29 sec. (170.75 ticks)

Solution pool: 1 solution saved.

MIP - Integer optimal solution:  Objective =  1.2906568282e+04
Solution time =    0.29 sec.  Iterations = 1908  Nodes = 0
Deterministic time = 170.85 ticks  (590.54 ticks/sec)

CPLEX> Incumbent solution written to file '/tmp/cmpl.T11582.gsol'.
CPLEX> 
CMPL: Time used for model generation: 1 seconds
CMPL: Time used for solving the model: 1 seconds


Solution written to ASCII file: ../results/output_generated_rate_0.6/2016-03-07-4/equal.sol

Solver - finished
