CMPL model generation - running

CMPL version: 1.11.0
Authors: Thomas Schleiff, Mike Steglich
Distributed under the GPLv3 

create model instance ...
write model instance ...
CMPL model generation - finished

Solver - running


Welcome to IBM(R) ILOG(R) CPLEX(R) Interactive Optimizer 12.7.1.0
  with Simplex, Mixed Integer & Barrier Optimizers
5725-A06 5725-A29 5724-Y48 5724-Y49 5724-Y54 5724-Y55 5655-Y21
Copyright IBM Corp. 1988, 2017.  All Rights Reserved.

Type 'help' for a list of available commands.
Type 'help' followed by a command name for more
information on commands.

CPLEX> Specified objective sense: MINIMIZE
Selected objective  name:  line[1]
Selected RHS        name:  RHS
Selected bound      name:  BOUND
Problem '/tmp/cmpl.T11532.mps' read.
Read time = 0.06 sec. (8.91 ticks)
CPLEX> CPXPARAM_Read_APIEncoding                        "UTF-8"
Tried aggregator 3 times.
MIP Presolve eliminated 18715 rows and 29583 columns.
MIP Presolve modified 340 coefficients.
Aggregator did 1177 substitutions.
Reduced MIP has 2548 rows, 3918 columns, and 11450 nonzeros.
Reduced MIP has 3750 binaries, 0 generals, 0 SOSs, and 0 indicators.
Presolve time = 0.05 sec. (43.26 ticks)
Found incumbent of value 33416.247715 after 0.09 sec. (79.32 ticks)
Probing time = 0.01 sec. (2.71 ticks)
Tried aggregator 1 time.
MIP Presolve eliminated 0 rows and 15 columns.
Reduced MIP has 2548 rows, 3903 columns, and 11420 nonzeros.
Reduced MIP has 3903 binaries, 0 generals, 0 SOSs, and 0 indicators.
Presolve time = 0.01 sec. (9.46 ticks)
Probing time = 0.01 sec. (2.82 ticks)
Clique table members: 3300.
MIP emphasis: balance optimality and feasibility.
MIP search method: dynamic search.
Parallel mode: none, using 1 thread.
Root relaxation solution time = 0.02 sec. (14.90 ticks)

        Nodes                                         Cuts/
   Node  Left     Objective  IInf  Best Integer    Best Bound    ItCnt     Gap

*     0+    0                        33416.2477        0.0000           100.00%
*     0     0      integral     0    12896.0570    12896.0570      902    0.00%
Elapsed time = 0.15 sec. (117.20 ticks, tree = 0.00 MB, solutions = 2)

Root node processing (before b&c):
  Real time             =    0.15 sec. (118.52 ticks)
Sequential b&c:
  Real time             =    0.00 sec. (0.00 ticks)
                          ------------
Total (root+branch&cut) =    0.15 sec. (118.52 ticks)

Solution pool: 2 solutions saved.

MIP - Integer optimal solution:  Objective =  1.2896057000e+04
Solution time =    0.15 sec.  Iterations = 902  Nodes = 0
Deterministic time = 118.62 ticks  (786.50 ticks/sec)

CPLEX> Incumbent solution written to file '/tmp/cmpl.T11532.gsol'.
CPLEX> 
CMPL: Time used for model generation: 0 seconds
CMPL: Time used for solving the model: 1 seconds


Solution written to ASCII file: ../results/output_generated_rate_0.6/2016-03-07-4/unequal.sol

Solver - finished
