CMPL model generation - running

CMPL version: 1.11.0
Authors: Thomas Schleiff, Mike Steglich
Distributed under the GPLv3 

create model instance ...
write model instance ...
CMPL model generation - finished

Solver - running


Welcome to IBM(R) ILOG(R) CPLEX(R) Interactive Optimizer 12.7.1.0
  with Simplex, Mixed Integer & Barrier Optimizers
5725-A06 5725-A29 5724-Y48 5724-Y49 5724-Y54 5724-Y55 5655-Y21
Copyright IBM Corp. 1988, 2017.  All Rights Reserved.

Type 'help' for a list of available commands.
Type 'help' followed by a command name for more
information on commands.

CPLEX> Specified objective sense: MINIMIZE
Selected objective  name:  line[1]
Selected RHS        name:  RHS
Selected bound      name:  BOUND
Problem '/tmp/cmpl.T10485.mps' read.
Read time = 0.06 sec. (11.95 ticks)
CPLEX> CPXPARAM_Read_APIEncoding                        "UTF-8"
Tried aggregator 3 times.
MIP Presolve eliminated 23951 rows and 37393 columns.
MIP Presolve modified 533 coefficients.
Aggregator did 875 substitutions.
Reduced MIP has 3351 rows, 5887 columns, and 19312 nonzeros.
Reduced MIP has 5677 binaries, 0 generals, 0 SOSs, and 0 indicators.
Presolve time = 0.07 sec. (59.87 ticks)
Found incumbent of value 29761.224495 after 0.12 sec. (103.53 ticks)
Probing time = 0.01 sec. (3.30 ticks)
Tried aggregator 1 time.
MIP Presolve eliminated 0 rows and 1 columns.
Reduced MIP has 3351 rows, 5886 columns, and 19310 nonzeros.
Reduced MIP has 5886 binaries, 0 generals, 0 SOSs, and 0 indicators.
Presolve time = 0.01 sec. (13.94 ticks)
Probing time = 0.01 sec. (3.33 ticks)
Clique table members: 4286.
MIP emphasis: balance optimality and feasibility.
MIP search method: dynamic search.
Parallel mode: none, using 1 thread.
Root relaxation solution time = 0.02 sec. (21.28 ticks)

        Nodes                                         Cuts/
   Node  Left     Objective  IInf  Best Integer    Best Bound    ItCnt     Gap

*     0+    0                        29761.2245      -40.3356           100.14%
*     0     0      integral     0     4604.4308     4604.4308     1100    0.00%
Elapsed time = 0.18 sec. (158.18 ticks, tree = 0.00 MB, solutions = 2)

Root node processing (before b&c):
  Real time             =    0.19 sec. (159.93 ticks)
Sequential b&c:
  Real time             =    0.00 sec. (0.00 ticks)
                          ------------
Total (root+branch&cut) =    0.19 sec. (159.93 ticks)

Solution pool: 2 solutions saved.

MIP - Integer optimal solution:  Objective =  4.6044307970e+03
Solution time =    0.19 sec.  Iterations = 1100  Nodes = 0
Deterministic time = 160.06 ticks  (852.24 ticks/sec)

CPLEX> Incumbent solution written to file '/tmp/cmpl.T10485.gsol'.
CPLEX> 
CMPL: Time used for model generation: 1 seconds
CMPL: Time used for solving the model: 1 seconds


Solution written to ASCII file: ../results/output_generated_conf_0.7/2016-08-01-5/equal.sol

Solver - finished
