CMPL model generation - running

CMPL version: 1.11.0
Authors: Thomas Schleiff, Mike Steglich
Distributed under the GPLv3 

create model instance ...
write model instance ...
CMPL model generation - finished

Solver - running


Welcome to IBM(R) ILOG(R) CPLEX(R) Interactive Optimizer 12.7.1.0
  with Simplex, Mixed Integer & Barrier Optimizers
5725-A06 5725-A29 5724-Y48 5724-Y49 5724-Y54 5724-Y55 5655-Y21
Copyright IBM Corp. 1988, 2017.  All Rights Reserved.

Type 'help' for a list of available commands.
Type 'help' followed by a command name for more
information on commands.

CPLEX> Specified objective sense: MINIMIZE
Selected objective  name:  line[1]
Selected RHS        name:  RHS
Selected bound      name:  BOUND
Problem '/tmp/cmpl.T10535.mps' read.
Read time = 0.14 sec. (8.87 ticks)
CPLEX> CPXPARAM_Read_APIEncoding                        "UTF-8"
Tried aggregator 3 times.
MIP Presolve eliminated 19119 rows and 30388 columns.
MIP Presolve modified 340 coefficients.
Aggregator did 781 substitutions.
Reduced MIP has 2540 rows, 3509 columns, and 10225 nonzeros.
Reduced MIP has 3341 binaries, 0 generals, 0 SOSs, and 0 indicators.
Presolve time = 0.10 sec. (42.12 ticks)
Found incumbent of value 18950.522809 after 0.16 sec. (70.45 ticks)
Probing fixed 18 vars, tightened 0 bounds.
Probing time = 0.01 sec. (4.67 ticks)
Tried aggregator 1 time.
MIP Presolve eliminated 0 rows and 18 columns.
MIP Presolve modified 116 coefficients.
Reduced MIP has 2540 rows, 3491 columns, and 10189 nonzeros.
Reduced MIP has 3491 binaries, 0 generals, 0 SOSs, and 0 indicators.
Presolve time = 0.01 sec. (8.67 ticks)
Probing time = 0.01 sec. (2.71 ticks)
Clique table members: 6256.
MIP emphasis: balance optimality and feasibility.
MIP search method: dynamic search.
Parallel mode: none, using 1 thread.
Root relaxation solution time = 0.01 sec. (8.35 ticks)

        Nodes                                         Cuts/
   Node  Left     Objective  IInf  Best Integer    Best Bound    ItCnt     Gap

*     0+    0                        18950.5228     -121.0343           100.64%
*     0     0      integral     0     5175.9750     5175.9750      403    0.00%
Elapsed time = 0.21 sec. (103.39 ticks, tree = 0.00 MB, solutions = 2)

Root node processing (before b&c):
  Real time             =    0.21 sec. (104.68 ticks)
Sequential b&c:
  Real time             =    0.00 sec. (0.00 ticks)
                          ------------
Total (root+branch&cut) =    0.21 sec. (104.68 ticks)

Solution pool: 2 solutions saved.

MIP - Integer optimal solution:  Objective =  5.1759750130e+03
Solution time =    0.21 sec.  Iterations = 403  Nodes = 0
Deterministic time = 104.78 ticks  (495.46 ticks/sec)

CPLEX> Incumbent solution written to file '/tmp/cmpl.T10535.gsol'.
CPLEX> 
CMPL: Time used for model generation: 2 seconds
CMPL: Time used for solving the model: 1 seconds


Solution written to ASCII file: ../results/output_generated_conf_0.8/2016-07-04-4/unequal.sol

Solver - finished
