CMPL model generation - running

CMPL version: 1.11.0
Authors: Thomas Schleiff, Mike Steglich
Distributed under the GPLv3 

create model instance ...
write model instance ...
CMPL model generation - finished

Solver - running


Welcome to IBM(R) ILOG(R) CPLEX(R) Interactive Optimizer 12.7.1.0
  with Simplex, Mixed Integer & Barrier Optimizers
5725-A06 5725-A29 5724-Y48 5724-Y49 5724-Y54 5724-Y55 5655-Y21
Copyright IBM Corp. 1988, 2017.  All Rights Reserved.

Type 'help' for a list of available commands.
Type 'help' followed by a command name for more
information on commands.

CPLEX> Specified objective sense: MINIMIZE
Selected objective  name:  line[1]
Selected RHS        name:  RHS
Selected bound      name:  BOUND
Problem '/tmp/cmpl.T10206.mps' read.
Read time = 0.05 sec. (9.66 ticks)
CPLEX> CPXPARAM_Read_APIEncoding                        "UTF-8"
Tried aggregator 3 times.
MIP Presolve eliminated 19332 rows and 31140 columns.
MIP Presolve modified 458 coefficients.
Aggregator did 613 substitutions.
Reduced MIP has 2665 rows, 4540 columns, and 14818 nonzeros.
Reduced MIP has 4372 binaries, 0 generals, 0 SOSs, and 0 indicators.
Presolve time = 0.06 sec. (51.99 ticks)
Found incumbent of value 20505.696850 after 0.09 sec. (84.76 ticks)
Probing fixed 3 vars, tightened 0 bounds.
Probing time = 0.01 sec. (6.97 ticks)
Tried aggregator 1 time.
MIP Presolve eliminated 0 rows and 3 columns.
MIP Presolve modified 11 coefficients.
Reduced MIP has 2665 rows, 4537 columns, and 14812 nonzeros.
Reduced MIP has 4537 binaries, 0 generals, 0 SOSs, and 0 indicators.
Presolve time = 0.01 sec. (10.74 ticks)
Probing time = 0.01 sec. (2.99 ticks)
Clique table members: 9309.
MIP emphasis: balance optimality and feasibility.
MIP search method: dynamic search.
Parallel mode: none, using 1 thread.
Root relaxation solution time = 0.01 sec. (12.23 ticks)

        Nodes                                         Cuts/
   Node  Left     Objective  IInf  Best Integer    Best Bound    ItCnt     Gap

*     0+    0                        20505.6968     -383.1446           101.87%
      0     0     1298.7064    15    20505.6968     1298.7064      709   93.67%
*     0+    0                         1518.3435     1298.7064            14.47%
*     0+    0                         1302.9921     1298.7064             0.33%
*     0     0      integral     0     1302.4539      Cuts: 18      719    0.00%
      0     0        cutoff           1302.4539     1302.4539      719    0.00%
Elapsed time = 0.17 sec. (144.95 ticks, tree = 0.01 MB, solutions = 4)

Cover cuts applied:  12
Gomory fractional cuts applied:  6

Root node processing (before b&c):
  Real time             =    0.17 sec. (146.87 ticks)
Sequential b&c:
  Real time             =    0.00 sec. (0.00 ticks)
                          ------------
Total (root+branch&cut) =    0.17 sec. (146.87 ticks)

Solution pool: 4 solutions saved.

MIP - Integer optimal solution:  Objective =  1.3024539040e+03
Solution time =    0.17 sec.  Iterations = 719  Nodes = 0
Deterministic time = 146.98 ticks  (861.00 ticks/sec)

CPLEX> Incumbent solution written to file '/tmp/cmpl.T10206.gsol'.
CPLEX> 
CMPL: Time used for model generation: 1 seconds
CMPL: Time used for solving the model: 1 seconds


Solution written to ASCII file: ../results/output_generated_conf_0.4/2017-09-04-4/equal.sol

Solver - finished
