CMPL model generation - running

CMPL version: 1.11.0
Authors: Thomas Schleiff, Mike Steglich
Distributed under the GPLv3 

create model instance ...
write model instance ...
CMPL model generation - finished

Solver - running


Welcome to IBM(R) ILOG(R) CPLEX(R) Interactive Optimizer 12.7.1.0
  with Simplex, Mixed Integer & Barrier Optimizers
5725-A06 5725-A29 5724-Y48 5724-Y49 5724-Y54 5724-Y55 5655-Y21
Copyright IBM Corp. 1988, 2017.  All Rights Reserved.

Type 'help' for a list of available commands.
Type 'help' followed by a command name for more
information on commands.

CPLEX> Specified objective sense: MINIMIZE
Selected objective  name:  line[1]
Selected RHS        name:  RHS
Selected bound      name:  BOUND
Problem '/tmp/cmpl.T10095.mps' read.
Read time = 0.06 sec. (11.93 ticks)
CPLEX> CPXPARAM_Read_APIEncoding                        "UTF-8"
Tried aggregator 3 times.
MIP Presolve eliminated 24134 rows and 37757 columns.
MIP Presolve modified 473 coefficients.
Aggregator did 735 substitutions.
Reduced MIP has 3308 rows, 5663 columns, and 18668 nonzeros.
Reduced MIP has 5453 binaries, 0 generals, 0 SOSs, and 0 indicators.
Presolve time = 0.07 sec. (60.78 ticks)
Probing fixed 11 vars, tightened 0 bounds.
Probing time = 0.02 sec. (9.84 ticks)
Tried aggregator 1 time.
MIP Presolve eliminated 0 rows and 11 columns.
MIP Presolve modified 52 coefficients.
Reduced MIP has 3308 rows, 5652 columns, and 18646 nonzeros.
Reduced MIP has 5652 binaries, 0 generals, 0 SOSs, and 0 indicators.
Presolve time = 0.01 sec. (13.51 ticks)
Probing time = 0.01 sec. (3.24 ticks)
Clique table members: 11318.
MIP emphasis: balance optimality and feasibility.
MIP search method: dynamic search.
Parallel mode: none, using 1 thread.
Root relaxation solution time = 0.02 sec. (18.99 ticks)

        Nodes                                         Cuts/
   Node  Left     Objective  IInf  Best Integer    Best Bound    ItCnt     Gap

      0     0     1243.8644    12                   1243.8644      985         
*     0+    0                         1246.6073     1243.8644             0.22%
      0     0     1246.0338     2     1246.6073      Cuts: 26     1000    0.05%
*     0+    0                         1246.4144     1246.0338             0.03%
      0     0     1246.2540     1     1246.4144       Cuts: 6     1004    0.01%
      0     0        cutoff           1246.4144     1246.2540     1004    0.01%
Elapsed time = 0.24 sec. (208.62 ticks, tree = 0.01 MB, solutions = 2)

Clique cuts applied:  2
Cover cuts applied:  20
Gomory fractional cuts applied:  10

Root node processing (before b&c):
  Real time             =    0.24 sec. (210.37 ticks)
Sequential b&c:
  Real time             =    0.00 sec. (0.00 ticks)
                          ------------
Total (root+branch&cut) =    0.24 sec. (210.37 ticks)

Solution pool: 2 solutions saved.

MIP - Integer optimal solution:  Objective =  1.2464143840e+03
Solution time =    0.24 sec.  Iterations = 1004  Nodes = 0
Deterministic time = 210.49 ticks  (867.70 ticks/sec)

CPLEX> Incumbent solution written to file '/tmp/cmpl.T10095.gsol'.
CPLEX> 
CMPL: Time used for model generation: 1 seconds
CMPL: Time used for solving the model: 1 seconds


Solution written to ASCII file: ../results/output_generated_conf_0.3/2017-05-01-5/equal.sol

Solver - finished
