CMPL model generation - running

CMPL version: 1.11.0
Authors: Thomas Schleiff, Mike Steglich
Distributed under the GPLv3 

create model instance ...
write model instance ...
CMPL model generation - finished

Solver - running


Welcome to IBM(R) ILOG(R) CPLEX(R) Interactive Optimizer 12.7.1.0
  with Simplex, Mixed Integer & Barrier Optimizers
5725-A06 5725-A29 5724-Y48 5724-Y49 5724-Y54 5724-Y55 5655-Y21
Copyright IBM Corp. 1988, 2017.  All Rights Reserved.

Type 'help' for a list of available commands.
Type 'help' followed by a command name for more
information on commands.

CPLEX> Specified objective sense: MINIMIZE
Selected objective  name:  line[1]
Selected RHS        name:  RHS
Selected bound      name:  BOUND
Problem '/tmp/cmpl.T10581.mps' read.
Read time = 0.06 sec. (11.96 ticks)
CPLEX> CPXPARAM_Read_APIEncoding                        "UTF-8"
Tried aggregator 3 times.
MIP Presolve eliminated 23862 rows and 37215 columns.
MIP Presolve modified 581 coefficients.
Aggregator did 964 substitutions.
Reduced MIP has 3351 rows, 5976 columns, and 19579 nonzeros.
Reduced MIP has 5766 binaries, 0 generals, 0 SOSs, and 0 indicators.
Presolve time = 0.07 sec. (60.42 ticks)
Probing fixed 1 vars, tightened 0 bounds.
Probing time = 0.01 sec. (5.36 ticks)
Tried aggregator 1 time.
MIP Presolve eliminated 0 rows and 2 columns.
MIP Presolve modified 3 coefficients.
Reduced MIP has 3351 rows, 5974 columns, and 19575 nonzeros.
Reduced MIP has 5974 binaries, 0 generals, 0 SOSs, and 0 indicators.
Presolve time = 0.02 sec. (14.11 ticks)
Probing time = 0.01 sec. (3.34 ticks)
Clique table members: 4736.
MIP emphasis: balance optimality and feasibility.
MIP search method: dynamic search.
Parallel mode: none, using 1 thread.
Root relaxation solution time = 0.02 sec. (24.00 ticks)

        Nodes                                         Cuts/
   Node  Left     Objective  IInf  Best Integer    Best Bound    ItCnt     Gap

*     0     0      integral     0     6329.0781     6329.0781     1400    0.00%
Elapsed time = 0.22 sec. (179.17 ticks, tree = 0.00 MB, solutions = 1)

Root node processing (before b&c):
  Real time             =    0.22 sec. (180.63 ticks)
Sequential b&c:
  Real time             =    0.00 sec. (0.00 ticks)
                          ------------
Total (root+branch&cut) =    0.22 sec. (180.63 ticks)

Solution pool: 1 solution saved.

MIP - Integer optimal solution:  Objective =  6.3290781140e+03
Solution time =    0.22 sec.  Iterations = 1400  Nodes = 0
Deterministic time = 180.75 ticks  (817.83 ticks/sec)

CPLEX> Incumbent solution written to file '/tmp/cmpl.T10581.gsol'.
CPLEX> 
CMPL: Time used for model generation: 1 seconds
CMPL: Time used for solving the model: 1 seconds


Solution written to ASCII file: ../results/output_generated_conf_0.8/2016-05-02-5/equal.sol

Solver - finished
