CMPL model generation - running

CMPL version: 1.11.0
Authors: Thomas Schleiff, Mike Steglich
Distributed under the GPLv3 

create model instance ...
write model instance ...
CMPL model generation - finished

Solver - running


Welcome to IBM(R) ILOG(R) CPLEX(R) Interactive Optimizer 12.7.1.0
  with Simplex, Mixed Integer & Barrier Optimizers
5725-A06 5725-A29 5724-Y48 5724-Y49 5724-Y54 5724-Y55 5655-Y21
Copyright IBM Corp. 1988, 2017.  All Rights Reserved.

Type 'help' for a list of available commands.
Type 'help' followed by a command name for more
information on commands.

CPLEX> Specified objective sense: MINIMIZE
Selected objective  name:  line[1]
Selected RHS        name:  RHS
Selected bound      name:  BOUND
Problem '/tmp/cmpl.T10720.mps' read.
Read time = 0.07 sec. (11.97 ticks)
CPLEX> CPXPARAM_Read_APIEncoding                        "UTF-8"
Tried aggregator 3 times.
MIP Presolve eliminated 23735 rows and 36965 columns.
MIP Presolve modified 649 coefficients.
Aggregator did 1084 substitutions.
Reduced MIP has 3358 rows, 6106 columns, and 19971 nonzeros.
Reduced MIP has 5896 binaries, 0 generals, 0 SOSs, and 0 indicators.
Presolve time = 0.07 sec. (61.35 ticks)
Found incumbent of value 34106.670901 after 0.12 sec. (108.57 ticks)
Probing time = 0.01 sec. (3.30 ticks)
Tried aggregator 2 times.
MIP Presolve eliminated 2 rows and 3 columns.
MIP Presolve modified 6 coefficients.
Aggregator did 1 substitutions.
Reduced MIP has 3355 rows, 6102 columns, and 19958 nonzeros.
Reduced MIP has 6102 binaries, 0 generals, 0 SOSs, and 0 indicators.
Presolve time = 0.02 sec. (17.83 ticks)
Probing time = 0.01 sec. (3.36 ticks)
Clique table members: 3902.
MIP emphasis: balance optimality and feasibility.
MIP search method: dynamic search.
Parallel mode: none, using 1 thread.
Root relaxation solution time = 0.03 sec. (30.51 ticks)

        Nodes                                         Cuts/
   Node  Left     Objective  IInf  Best Integer    Best Bound    ItCnt     Gap

*     0+    0                        34106.6709        0.0000           100.00%
*     0     0      integral     0     8702.2085     8702.2085     1567    0.00%
Elapsed time = 0.20 sec. (176.49 ticks, tree = 0.00 MB, solutions = 2)

Root node processing (before b&c):
  Real time             =    0.21 sec. (178.23 ticks)
Sequential b&c:
  Real time             =    0.00 sec. (0.00 ticks)
                          ------------
Total (root+branch&cut) =    0.21 sec. (178.23 ticks)

Solution pool: 2 solutions saved.

MIP - Integer optimal solution:  Objective =  8.7022084670e+03
Solution time =    0.21 sec.  Iterations = 1567  Nodes = 0
Deterministic time = 178.35 ticks  (864.63 ticks/sec)

CPLEX> Incumbent solution written to file '/tmp/cmpl.T10720.gsol'.
CPLEX> 
CMPL: Time used for model generation: 1 seconds
CMPL: Time used for solving the model: 1 seconds


Solution written to ASCII file: ../results/output_generated_conf_0.9/2017-10-02-5/equal.sol

Solver - finished
