CMPL model generation - running

CMPL version: 1.11.0
Authors: Thomas Schleiff, Mike Steglich
Distributed under the GPLv3 

create model instance ...
write model instance ...
CMPL model generation - finished

Solver - running


Welcome to IBM(R) ILOG(R) CPLEX(R) Interactive Optimizer 12.7.1.0
  with Simplex, Mixed Integer & Barrier Optimizers
5725-A06 5725-A29 5724-Y48 5724-Y49 5724-Y54 5724-Y55 5655-Y21
Copyright IBM Corp. 1988, 2017.  All Rights Reserved.

Type 'help' for a list of available commands.
Type 'help' followed by a command name for more
information on commands.

CPLEX> Specified objective sense: MINIMIZE
Selected objective  name:  line[1]
Selected RHS        name:  RHS
Selected bound      name:  BOUND
Problem '/tmp/cmpl.T10262.mps' read.
Read time = 0.06 sec. (11.94 ticks)
CPLEX> CPXPARAM_Read_APIEncoding                        "UTF-8"
Tried aggregator 3 times.
MIP Presolve eliminated 24061 rows and 37620 columns.
MIP Presolve modified 490 coefficients.
Aggregator did 776 substitutions.
Reduced MIP has 3340 rows, 5759 columns, and 18946 nonzeros.
Reduced MIP has 5549 binaries, 0 generals, 0 SOSs, and 0 indicators.
Presolve time = 0.07 sec. (59.12 ticks)
Probing fixed 15 vars, tightened 0 bounds.
Probing time = 0.02 sec. (10.10 ticks)
Tried aggregator 2 times.
MIP Presolve eliminated 5 rows and 15 columns.
MIP Presolve modified 92 coefficients.
Aggregator did 3 substitutions.
Reduced MIP has 3332 rows, 5741 columns, and 18899 nonzeros.
Reduced MIP has 5741 binaries, 0 generals, 0 SOSs, and 0 indicators.
Presolve time = 0.02 sec. (17.25 ticks)
Probing time = 0.01 sec. (3.25 ticks)
Clique table members: 11708.
MIP emphasis: balance optimality and feasibility.
MIP search method: dynamic search.
Parallel mode: none, using 1 thread.
Root relaxation solution time = 0.02 sec. (21.16 ticks)

        Nodes                                         Cuts/
   Node  Left     Objective  IInf  Best Integer    Best Bound    ItCnt     Gap

      0     0     2236.6629    10                   2236.6629     1038         
*     0+    0                         2238.9486     2236.6629             0.10%
      0     0     2237.6229     1     2238.9486      Cuts: 23     1054    0.06%
*     0+    0                         2237.8514     2237.6229             0.01%
      0     0        cutoff           2237.8514                   1054    0.00%
Elapsed time = 0.24 sec. (210.41 ticks, tree = 0.01 MB, solutions = 2)

GUB cover cuts applied:  2
Clique cuts applied:  2
Cover cuts applied:  12
Gomory fractional cuts applied:  7

Root node processing (before b&c):
  Real time             =    0.25 sec. (212.10 ticks)
Sequential b&c:
  Real time             =    0.00 sec. (0.00 ticks)
                          ------------
Total (root+branch&cut) =    0.25 sec. (212.10 ticks)

Solution pool: 2 solutions saved.

MIP - Integer optimal solution:  Objective =  2.2378514320e+03
Solution time =    0.25 sec.  Iterations = 1054  Nodes = 0
Deterministic time = 212.23 ticks  (863.56 ticks/sec)

CPLEX> Incumbent solution written to file '/tmp/cmpl.T10262.gsol'.
CPLEX> 
CMPL: Time used for model generation: 1 seconds
CMPL: Time used for solving the model: 1 seconds


Solution written to ASCII file: ../results/output_generated_conf_0.5/2015-11-02-5/equal.sol

Solver - finished
