CMPL model generation - running

CMPL version: 1.11.0
Authors: Thomas Schleiff, Mike Steglich
Distributed under the GPLv3 

create model instance ...
write model instance ...
CMPL model generation - finished

Solver - running


Welcome to IBM(R) ILOG(R) CPLEX(R) Interactive Optimizer 12.7.1.0
  with Simplex, Mixed Integer & Barrier Optimizers
5725-A06 5725-A29 5724-Y48 5724-Y49 5724-Y54 5724-Y55 5655-Y21
Copyright IBM Corp. 1988, 2017.  All Rights Reserved.

Type 'help' for a list of available commands.
Type 'help' followed by a command name for more
information on commands.

CPLEX> Specified objective sense: MINIMIZE
Selected objective  name:  line[1]
Selected RHS        name:  RHS
Selected bound      name:  BOUND
Problem '/tmp/cmpl.T11274.mps' read.
Read time = 0.05 sec. (9.69 ticks)
CPLEX> CPXPARAM_Read_APIEncoding                        "UTF-8"
Tried aggregator 3 times.
MIP Presolve eliminated 19032 rows and 30557 columns.
MIP Presolve modified 606 coefficients.
Aggregator did 861 substitutions.
Reduced MIP has 2717 rows, 4875 columns, and 15789 nonzeros.
Reduced MIP has 4707 binaries, 0 generals, 0 SOSs, and 0 indicators.
Presolve time = 0.06 sec. (52.33 ticks)
Probing fixed 29 vars, tightened 0 bounds.
Probing time = 0.01 sec. (8.27 ticks)
Tried aggregator 1 time.
MIP Presolve eliminated 0 rows and 29 columns.
MIP Presolve modified 198 coefficients.
Reduced MIP has 2717 rows, 4846 columns, and 15731 nonzeros.
Reduced MIP has 4846 binaries, 0 generals, 0 SOSs, and 0 indicators.
Presolve time = 0.01 sec. (11.93 ticks)
Probing time = 0.01 sec. (3.05 ticks)
Clique table members: 9826.
MIP emphasis: balance optimality and feasibility.
MIP search method: dynamic search.
Parallel mode: none, using 1 thread.
Root relaxation solution time = 0.02 sec. (20.97 ticks)

        Nodes                                         Cuts/
   Node  Left     Objective  IInf  Best Integer    Best Bound    ItCnt     Gap

*     0     0      integral     0     6911.9378     6911.9378     1272    0.00%
Elapsed time = 0.19 sec. (161.02 ticks, tree = 0.00 MB, solutions = 1)

Root node processing (before b&c):
  Real time             =    0.20 sec. (162.21 ticks)
Sequential b&c:
  Real time             =    0.00 sec. (0.00 ticks)
                          ------------
Total (root+branch&cut) =    0.20 sec. (162.21 ticks)

Solution pool: 1 solution saved.

MIP - Integer optimal solution:  Objective =  6.9119377970e+03
Solution time =    0.20 sec.  Iterations = 1272  Nodes = 0
Deterministic time = 162.31 ticks  (826.97 ticks/sec)

CPLEX> Incumbent solution written to file '/tmp/cmpl.T11274.gsol'.
CPLEX> 
CMPL: Time used for model generation: 1 seconds
CMPL: Time used for solving the model: 1 seconds


Solution written to ASCII file: ../results/output_generated_rate_0.3/2016-06-06-4/equal.sol

Solver - finished
