CMPL model generation - running

CMPL version: 1.11.0
Authors: Thomas Schleiff, Mike Steglich
Distributed under the GPLv3 

create model instance ...
write model instance ...
CMPL model generation - finished

Solver - running


Welcome to IBM(R) ILOG(R) CPLEX(R) Interactive Optimizer 12.7.1.0
  with Simplex, Mixed Integer & Barrier Optimizers
5725-A06 5725-A29 5724-Y48 5724-Y49 5724-Y54 5724-Y55 5655-Y21
Copyright IBM Corp. 1988, 2017.  All Rights Reserved.

Type 'help' for a list of available commands.
Type 'help' followed by a command name for more
information on commands.

CPLEX> Specified objective sense: MINIMIZE
Selected objective  name:  line[1]
Selected RHS        name:  RHS
Selected bound      name:  BOUND
Problem '/tmp/cmpl.XM9859.mps' read.
Read time = 0.07 sec. (11.93 ticks)
CPLEX> CPXPARAM_Read_APIEncoding                        "UTF-8"
Tried aggregator 3 times.
MIP Presolve eliminated 24189 rows and 37842 columns.
MIP Presolve modified 451 coefficients.
Aggregator did 696 substitutions.
Reduced MIP has 3292 rows, 5617 columns, and 18540 nonzeros.
Reduced MIP has 5407 binaries, 0 generals, 0 SOSs, and 0 indicators.
Presolve time = 0.06 sec. (56.66 ticks)
Found incumbent of value 25488.396526 after 0.11 sec. (95.88 ticks)
Probing fixed 6 vars, tightened 0 bounds.
Probing time = 0.02 sec. (9.35 ticks)
Tried aggregator 1 time.
MIP Presolve eliminated 0 rows and 6 columns.
MIP Presolve modified 25 coefficients.
Reduced MIP has 3292 rows, 5611 columns, and 18528 nonzeros.
Reduced MIP has 5611 binaries, 0 generals, 0 SOSs, and 0 indicators.
Presolve time = 0.01 sec. (13.49 ticks)
Probing time = 0.01 sec. (3.24 ticks)
Clique table members: 11027.
MIP emphasis: balance optimality and feasibility.
MIP search method: dynamic search.
Parallel mode: none, using 1 thread.
Root relaxation solution time = 0.02 sec. (24.19 ticks)

        Nodes                                         Cuts/
   Node  Left     Objective  IInf  Best Integer    Best Bound    ItCnt     Gap

*     0+    0                        25488.3965     -462.8645           101.82%
      0     0      432.7682    22    25488.3965      432.7682     1094   98.30%
*     0+    0                          437.7967      432.7682             1.15%
      0     0        cutoff            437.7967                   1094    0.00%
Elapsed time = 0.19 sec. (167.98 ticks, tree = 0.01 MB, solutions = 2)

Root node processing (before b&c):
  Real time             =    0.20 sec. (169.73 ticks)
Sequential b&c:
  Real time             =    0.00 sec. (0.00 ticks)
                          ------------
Total (root+branch&cut) =    0.20 sec. (169.73 ticks)

Solution pool: 2 solutions saved.

MIP - Integer optimal solution:  Objective =  4.3779672200e+02
Solution time =    0.20 sec.  Iterations = 1094  Nodes = 0
Deterministic time = 169.86 ticks  (861.66 ticks/sec)

CPLEX> Incumbent solution written to file '/tmp/cmpl.XM9859.gsol'.
CPLEX> 
CMPL: Time used for model generation: 2 seconds
CMPL: Time used for solving the model: 1 seconds


Solution written to ASCII file: ../results/output_generated_conf_0.1/2016-05-02-5/equal.sol

Solver - finished
