CMPL model generation - running

CMPL version: 1.11.0
Authors: Thomas Schleiff, Mike Steglich
Distributed under the GPLv3 

create model instance ...
write model instance ...
CMPL model generation - finished

Solver - running


Welcome to IBM(R) ILOG(R) CPLEX(R) Interactive Optimizer 12.7.1.0
  with Simplex, Mixed Integer & Barrier Optimizers
5725-A06 5725-A29 5724-Y48 5724-Y49 5724-Y54 5724-Y55 5655-Y21
Copyright IBM Corp. 1988, 2017.  All Rights Reserved.

Type 'help' for a list of available commands.
Type 'help' followed by a command name for more
information on commands.

CPLEX> Specified objective sense: MINIMIZE
Selected objective  name:  line[1]
Selected RHS        name:  RHS
Selected bound      name:  BOUND
Problem '/tmp/cmpl.XM9808.mps' read.
Read time = 0.06 sec. (10.96 ticks)
CPLEX> CPXPARAM_Read_APIEncoding                        "UTF-8"
Tried aggregator 3 times.
MIP Presolve eliminated 24189 rows and 37842 columns.
MIP Presolve modified 425 coefficients.
Aggregator did 696 substitutions.
Reduced MIP has 3122 rows, 4002 columns, and 11860 nonzeros.
Reduced MIP has 3792 binaries, 0 generals, 0 SOSs, and 0 indicators.
Presolve time = 0.07 sec. (51.45 ticks)
Found incumbent of value 8581.461007 after 0.13 sec. (131.20 ticks)
Probing fixed 6 vars, tightened 0 bounds.
Probing time = 0.01 sec. (5.11 ticks)
Tried aggregator 1 time.
MIP Presolve eliminated 0 rows and 6 columns.
MIP Presolve modified 25 coefficients.
Reduced MIP has 3122 rows, 3996 columns, and 11848 nonzeros.
Reduced MIP has 3996 binaries, 0 generals, 0 SOSs, and 0 indicators.
Presolve time = 0.01 sec. (10.07 ticks)
Probing time = 0.01 sec. (2.83 ticks)
Clique table members: 7208.
MIP emphasis: balance optimality and feasibility.
MIP search method: dynamic search.
Parallel mode: none, using 1 thread.
Root relaxation solution time = 0.00 sec. (5.31 ticks)

        Nodes                                         Cuts/
   Node  Left     Objective  IInf  Best Integer    Best Bound    ItCnt     Gap

*     0+    0                         8581.4610     -462.8645           105.39%
      0     0      417.3624    22     8581.4610      417.3624       77   95.14%
*     0+    0                          873.9336      417.3624            52.24%
*     0+    0                          422.3910      417.3624             1.19%
      0     0        cutoff            422.3910                     77    0.00%
Elapsed time = 0.18 sec. (172.26 ticks, tree = 0.01 MB, solutions = 3)

Root node processing (before b&c):
  Real time             =    0.18 sec. (174.14 ticks)
Sequential b&c:
  Real time             =    0.00 sec. (0.00 ticks)
                          ------------
Total (root+branch&cut) =    0.18 sec. (174.14 ticks)

Solution pool: 3 solutions saved.

MIP - Integer optimal solution:  Objective =  4.2239100600e+02
Solution time =    0.18 sec.  Iterations = 77  Nodes = 0
Deterministic time = 174.27 ticks  (950.51 ticks/sec)

CPLEX> Incumbent solution written to file '/tmp/cmpl.XM9808.gsol'.
CPLEX> 
CMPL: Time used for model generation: 1 seconds
CMPL: Time used for solving the model: 1 seconds


Solution written to ASCII file: ../results/output_generated_conf_0.1/2016-05-02-5/unequal.sol

Solver - finished
