CMPL model generation - running

CMPL version: 1.11.0
Authors: Thomas Schleiff, Mike Steglich
Distributed under the GPLv3 

create model instance ...
write model instance ...
CMPL model generation - finished

Solver - running


Welcome to IBM(R) ILOG(R) CPLEX(R) Interactive Optimizer 12.7.1.0
  with Simplex, Mixed Integer & Barrier Optimizers
5725-A06 5725-A29 5724-Y48 5724-Y49 5724-Y54 5724-Y55 5655-Y21
Copyright IBM Corp. 1988, 2017.  All Rights Reserved.

Type 'help' for a list of available commands.
Type 'help' followed by a command name for more
information on commands.

CPLEX> Specified objective sense: MINIMIZE
Selected objective  name:  line[1]
Selected RHS        name:  RHS
Selected bound      name:  BOUND
Problem '/tmp/cmpl.T10579.mps' read.
Read time = 0.05 sec. (9.68 ticks)
CPLEX> CPXPARAM_Read_APIEncoding                        "UTF-8"
Tried aggregator 3 times.
MIP Presolve eliminated 19142 rows and 30777 columns.
MIP Presolve modified 548 coefficients.
Aggregator did 755 substitutions.
Reduced MIP has 2713 rows, 4761 columns, and 15447 nonzeros.
Reduced MIP has 4593 binaries, 0 generals, 0 SOSs, and 0 indicators.
Presolve time = 0.07 sec. (51.59 ticks)
Probing fixed 22 vars, tightened 0 bounds.
Probing time = 0.02 sec. (8.04 ticks)
Tried aggregator 1 time.
MIP Presolve eliminated 0 rows and 22 columns.
MIP Presolve modified 135 coefficients.
Reduced MIP has 2713 rows, 4739 columns, and 15403 nonzeros.
Reduced MIP has 4739 binaries, 0 generals, 0 SOSs, and 0 indicators.
Presolve time = 0.01 sec. (11.46 ticks)
Probing time = 0.01 sec. (3.03 ticks)
Clique table members: 9666.
MIP emphasis: balance optimality and feasibility.
MIP search method: dynamic search.
Parallel mode: none, using 1 thread.
Root relaxation solution time = 0.02 sec. (16.30 ticks)

        Nodes                                         Cuts/
   Node  Left     Objective  IInf  Best Integer    Best Bound    ItCnt     Gap

*     0     0      integral     0     4687.3830     4687.3830      989    0.00%
Elapsed time = 0.21 sec. (153.98 ticks, tree = 0.00 MB, solutions = 1)

Root node processing (before b&c):
  Real time             =    0.21 sec. (155.17 ticks)
Sequential b&c:
  Real time             =    0.00 sec. (0.00 ticks)
                          ------------
Total (root+branch&cut) =    0.21 sec. (155.17 ticks)

Solution pool: 1 solution saved.

MIP - Integer optimal solution:  Objective =  4.6873830300e+03
Solution time =    0.21 sec.  Iterations = 989  Nodes = 0
Deterministic time = 155.28 ticks  (728.53 ticks/sec)

CPLEX> Incumbent solution written to file '/tmp/cmpl.T10579.gsol'.
CPLEX> 
CMPL: Time used for model generation: 1 seconds
CMPL: Time used for solving the model: 1 seconds


Solution written to ASCII file: ../results/output_generated_conf_0.8/2016-04-04-4/equal.sol

Solver - finished
