CMPL model generation - running

CMPL version: 1.11.0
Authors: Thomas Schleiff, Mike Steglich
Distributed under the GPLv3 

create model instance ...
write model instance ...
CMPL model generation - finished

Solver - running


Welcome to IBM(R) ILOG(R) CPLEX(R) Interactive Optimizer 12.7.1.0
  with Simplex, Mixed Integer & Barrier Optimizers
5725-A06 5725-A29 5724-Y48 5724-Y49 5724-Y54 5724-Y55 5655-Y21
Copyright IBM Corp. 1988, 2017.  All Rights Reserved.

Type 'help' for a list of available commands.
Type 'help' followed by a command name for more
information on commands.

CPLEX> Specified objective sense: MINIMIZE
Selected objective  name:  line[1]
Selected RHS        name:  RHS
Selected bound      name:  BOUND
Problem '/tmp/cmpl.T10469.mps' read.
Read time = 0.05 sec. (9.67 ticks)
CPLEX> CPXPARAM_Read_APIEncoding                        "UTF-8"
Tried aggregator 3 times.
MIP Presolve eliminated 19206 rows and 30906 columns.
MIP Presolve modified 518 coefficients.
Aggregator did 706 substitutions.
Reduced MIP has 2698 rows, 4681 columns, and 15223 nonzeros.
Reduced MIP has 4513 binaries, 0 generals, 0 SOSs, and 0 indicators.
Presolve time = 0.05 sec. (51.11 ticks)
Probing fixed 19 vars, tightened 0 bounds.
Probing time = 0.01 sec. (7.87 ticks)
Tried aggregator 2 times.
MIP Presolve eliminated 2 rows and 19 columns.
MIP Presolve modified 112 coefficients.
Aggregator did 1 substitutions.
Reduced MIP has 2695 rows, 4661 columns, and 15178 nonzeros.
Reduced MIP has 4661 binaries, 0 generals, 0 SOSs, and 0 indicators.
Presolve time = 0.01 sec. (13.95 ticks)
Probing time = 0.01 sec. (3.02 ticks)
Clique table members: 9523.
MIP emphasis: balance optimality and feasibility.
MIP search method: dynamic search.
Parallel mode: none, using 1 thread.
Root relaxation solution time = 0.02 sec. (17.25 ticks)

        Nodes                                         Cuts/
   Node  Left     Objective  IInf  Best Integer    Best Bound    ItCnt     Gap

      0     0     3423.9086     2                   3423.9086     1033         
*     0+    0                         3443.4286     3423.9086             0.57%
*     0+    0                         3424.4800     3423.9086             0.02%
*     0     0      integral     0     3424.2514     3424.2514     1037    0.00%
Elapsed time = 0.20 sec. (176.31 ticks, tree = 0.01 MB, solutions = 3)

Root node processing (before b&c):
  Real time             =    0.21 sec. (177.98 ticks)
Sequential b&c:
  Real time             =    0.00 sec. (0.00 ticks)
                          ------------
Total (root+branch&cut) =    0.21 sec. (177.98 ticks)

Solution pool: 3 solutions saved.

MIP - Integer optimal solution:  Objective =  3.4242514310e+03
Solution time =    0.21 sec.  Iterations = 1037  Nodes = 0
Deterministic time = 178.08 ticks  (859.06 ticks/sec)

CPLEX> Incumbent solution written to file '/tmp/cmpl.T10469.gsol'.
CPLEX> 
CMPL: Time used for model generation: 1 seconds
CMPL: Time used for solving the model: 1 seconds


Solution written to ASCII file: ../results/output_generated_conf_0.7/2015-12-07-4/equal.sol

Solver - finished
