CMPL model generation - running

CMPL version: 1.11.0
Authors: Thomas Schleiff, Mike Steglich
Distributed under the GPLv3 

create model instance ...
write model instance ...
CMPL model generation - finished

Solver - running


Welcome to IBM(R) ILOG(R) CPLEX(R) Interactive Optimizer 12.7.1.0
  with Simplex, Mixed Integer & Barrier Optimizers
5725-A06 5725-A29 5724-Y48 5724-Y49 5724-Y54 5724-Y55 5655-Y21
Copyright IBM Corp. 1988, 2017.  All Rights Reserved.

Type 'help' for a list of available commands.
Type 'help' followed by a command name for more
information on commands.

CPLEX> Specified objective sense: MINIMIZE
Selected objective  name:  line[1]
Selected RHS        name:  RHS
Selected bound      name:  BOUND
Problem '/tmp/cmpl.T11141.mps' read.
Read time = 0.05 sec. (8.87 ticks)
CPLEX> CPXPARAM_Read_APIEncoding                        "UTF-8"
Tried aggregator 3 times.
MIP Presolve eliminated 19154 rows and 30461 columns.
MIP Presolve modified 340 coefficients.
Aggregator did 747 substitutions.
Reduced MIP has 2539 rows, 3470 columns, and 10110 nonzeros.
Reduced MIP has 3302 binaries, 0 generals, 0 SOSs, and 0 indicators.
Presolve time = 0.05 sec. (42.00 ticks)
Found incumbent of value 20010.715383 after 0.08 sec. (67.29 ticks)
Probing fixed 28 vars, tightened 0 bounds.
Probing time = 0.01 sec. (4.52 ticks)
Tried aggregator 1 time.
MIP Presolve eliminated 0 rows and 28 columns.
MIP Presolve modified 157 coefficients.
Reduced MIP has 2539 rows, 3442 columns, and 10054 nonzeros.
Reduced MIP has 3442 binaries, 0 generals, 0 SOSs, and 0 indicators.
Presolve time = 0.01 sec. (8.67 ticks)
Probing time = 0.01 sec. (2.74 ticks)
Clique table members: 6134.
MIP emphasis: balance optimality and feasibility.
MIP search method: dynamic search.
Parallel mode: none, using 1 thread.
Root relaxation solution time = 0.01 sec. (8.69 ticks)

        Nodes                                         Cuts/
   Node  Left     Objective  IInf  Best Integer    Best Bound    ItCnt     Gap

*     0+    0                        20010.7154     -100.6341           100.50%
*     0     0      integral     0     4688.2702     4688.2702      438    0.00%
Elapsed time = 0.13 sec. (100.39 ticks, tree = 0.00 MB, solutions = 2)

Root node processing (before b&c):
  Real time             =    0.13 sec. (101.69 ticks)
Sequential b&c:
  Real time             =    0.00 sec. (0.00 ticks)
                          ------------
Total (root+branch&cut) =    0.13 sec. (101.69 ticks)

Solution pool: 2 solutions saved.

MIP - Integer optimal solution:  Objective =  4.6882701620e+03
Solution time =    0.13 sec.  Iterations = 438  Nodes = 0
Deterministic time = 101.79 ticks  (793.65 ticks/sec)

CPLEX> Incumbent solution written to file '/tmp/cmpl.T11141.gsol'.
CPLEX> 
CMPL: Time used for model generation: 1 seconds
CMPL: Time used for solving the model: 0 seconds


Solution written to ASCII file: ../results/output_generated_rate_0.2/2017-04-03-4/unequal.sol

Solver - finished
