CMPL model generation - running

CMPL version: 1.11.0
Authors: Thomas Schleiff, Mike Steglich
Distributed under the GPLv3 

create model instance ...
write model instance ...
CMPL model generation - finished

Solver - running


Welcome to IBM(R) ILOG(R) CPLEX(R) Interactive Optimizer 12.7.1.0
  with Simplex, Mixed Integer & Barrier Optimizers
5725-A06 5725-A29 5724-Y48 5724-Y49 5724-Y54 5724-Y55 5655-Y21
Copyright IBM Corp. 1988, 2017.  All Rights Reserved.

Type 'help' for a list of available commands.
Type 'help' followed by a command name for more
information on commands.

CPLEX> Specified objective sense: MINIMIZE
Selected objective  name:  line[1]
Selected RHS        name:  RHS
Selected bound      name:  BOUND
Problem '/tmp/cmpl.T10495.mps' read.
Read time = 0.06 sec. (11.95 ticks)
CPLEX> CPXPARAM_Read_APIEncoding                        "UTF-8"
Tried aggregator 3 times.
MIP Presolve eliminated 23965 rows and 37421 columns.
MIP Presolve modified 533 coefficients.
Aggregator did 865 substitutions.
Reduced MIP has 3347 rows, 5869 columns, and 19258 nonzeros.
Reduced MIP has 5659 binaries, 0 generals, 0 SOSs, and 0 indicators.
Presolve time = 0.07 sec. (59.58 ticks)
Found incumbent of value 28257.189044 after 0.11 sec. (101.22 ticks)
Probing fixed 24 vars, tightened 0 bounds.
Probing time = 0.02 sec. (10.28 ticks)
Tried aggregator 1 time.
MIP Presolve eliminated 0 rows and 24 columns.
MIP Presolve modified 143 coefficients.
Reduced MIP has 3347 rows, 5845 columns, and 19210 nonzeros.
Reduced MIP has 5845 binaries, 0 generals, 0 SOSs, and 0 indicators.
Presolve time = 0.01 sec. (14.23 ticks)
Probing time = 0.01 sec. (3.27 ticks)
Clique table members: 11935.
MIP emphasis: balance optimality and feasibility.
MIP search method: dynamic search.
Parallel mode: none, using 1 thread.
Root relaxation solution time = 0.03 sec. (19.78 ticks)

        Nodes                                         Cuts/
   Node  Left     Objective  IInf  Best Integer    Best Bound    ItCnt     Gap

*     0+    0                        28257.1890     -120.4087           100.43%
      0     0     4343.8953     5    28257.1890     4343.8953     1108   84.63%
*     0+    0                         4443.7421     4343.8953             2.25%
*     0+    0                         4345.0381     4343.8953             0.03%
*     0     0      integral     0     4344.4564      Cuts: 12     1131    0.00%
      0     0        cutoff           4344.4564     4344.4564     1131    0.00%
Elapsed time = 0.23 sec. (182.99 ticks, tree = 0.01 MB, solutions = 4)

Cover cuts applied:  8
Gomory fractional cuts applied:  4

Root node processing (before b&c):
  Real time             =    0.23 sec. (185.34 ticks)
Sequential b&c:
  Real time             =    0.00 sec. (0.00 ticks)
                          ------------
Total (root+branch&cut) =    0.23 sec. (185.34 ticks)

Solution pool: 4 solutions saved.

MIP - Integer optimal solution:  Objective =  4.3444563930e+03
Solution time =    0.23 sec.  Iterations = 1131  Nodes = 0
Deterministic time = 185.46 ticks  (794.26 ticks/sec)

CPLEX> Incumbent solution written to file '/tmp/cmpl.T10495.gsol'.
CPLEX> 
CMPL: Time used for model generation: 1 seconds
CMPL: Time used for solving the model: 1 seconds


Solution written to ASCII file: ../results/output_generated_conf_0.7/2016-12-05-5/equal.sol

Solver - finished
