CMPL model generation - running

CMPL version: 1.11.0
Authors: Thomas Schleiff, Mike Steglich
Distributed under the GPLv3 

create model instance ...
write model instance ...
CMPL model generation - finished

Solver - running


Welcome to IBM(R) ILOG(R) CPLEX(R) Interactive Optimizer 12.7.1.0
  with Simplex, Mixed Integer & Barrier Optimizers
5725-A06 5725-A29 5724-Y48 5724-Y49 5724-Y54 5724-Y55 5655-Y21
Copyright IBM Corp. 1988, 2017.  All Rights Reserved.

Type 'help' for a list of available commands.
Type 'help' followed by a command name for more
information on commands.

CPLEX> Specified objective sense: MINIMIZE
Selected objective  name:  line[1]
Selected RHS        name:  RHS
Selected bound      name:  BOUND
Problem '/tmp/cmpl.T10444.mps' read.
Read time = 0.06 sec. (10.98 ticks)
CPLEX> CPXPARAM_Read_APIEncoding                        "UTF-8"
Tried aggregator 3 times.
MIP Presolve eliminated 23965 rows and 37421 columns.
MIP Presolve modified 425 coefficients.
Aggregator did 865 substitutions.
Reduced MIP has 3177 rows, 4254 columns, and 12578 nonzeros.
Reduced MIP has 4044 binaries, 0 generals, 0 SOSs, and 0 indicators.
Presolve time = 0.06 sec. (52.03 ticks)
Found incumbent of value 22977.750807 after 0.13 sec. (106.52 ticks)
Probing fixed 24 vars, tightened 0 bounds.
Probing time = 0.01 sec. (5.56 ticks)
Tried aggregator 1 time.
MIP Presolve eliminated 0 rows and 24 columns.
MIP Presolve modified 143 coefficients.
Reduced MIP has 3177 rows, 4230 columns, and 12530 nonzeros.
Reduced MIP has 4230 binaries, 0 generals, 0 SOSs, and 0 indicators.
Presolve time = 0.01 sec. (10.68 ticks)
Probing time = 0.01 sec. (2.86 ticks)
Clique table members: 7703.
MIP emphasis: balance optimality and feasibility.
MIP search method: dynamic search.
Parallel mode: none, using 1 thread.
Root relaxation solution time = 0.01 sec. (8.01 ticks)

        Nodes                                         Cuts/
   Node  Left     Objective  IInf  Best Integer    Best Bound    ItCnt     Gap

*     0+    0                        22977.7508     -120.4087           100.52%
      0     0     4330.5175     3    22977.7508     4330.5175      317   81.15%
*     0+    0                         4350.5673     4330.5175             0.46%
*     0+    0                         4331.2032     4330.5175             0.02%
*     0     0      integral     0     4330.8594       Cuts: 6      323    0.00%
      0     0        cutoff           4330.8594     4330.8594      323    0.00%
Elapsed time = 0.20 sec. (161.72 ticks, tree = 0.01 MB, solutions = 4)

Cover cuts applied:  4
Gomory fractional cuts applied:  2

Root node processing (before b&c):
  Real time             =    0.20 sec. (163.89 ticks)
Sequential b&c:
  Real time             =    0.00 sec. (0.00 ticks)
                          ------------
Total (root+branch&cut) =    0.20 sec. (163.89 ticks)

Solution pool: 4 solutions saved.

MIP - Integer optimal solution:  Objective =  4.3308593730e+03
Solution time =    0.20 sec.  Iterations = 323  Nodes = 0
Deterministic time = 164.01 ticks  (815.35 ticks/sec)

CPLEX> Incumbent solution written to file '/tmp/cmpl.T10444.gsol'.
CPLEX> 
CMPL: Time used for model generation: 2 seconds
CMPL: Time used for solving the model: 0 seconds


Solution written to ASCII file: ../results/output_generated_conf_0.7/2016-12-05-5/unequal.sol

Solver - finished
