CMPL model generation - running

CMPL version: 1.11.0
Authors: Thomas Schleiff, Mike Steglich
Distributed under the GPLv3 

create model instance ...
write model instance ...
CMPL model generation - finished

Solver - running


Welcome to IBM(R) ILOG(R) CPLEX(R) Interactive Optimizer 12.7.1.0
  with Simplex, Mixed Integer & Barrier Optimizers
5725-A06 5725-A29 5724-Y48 5724-Y49 5724-Y54 5724-Y55 5655-Y21
Copyright IBM Corp. 1988, 2017.  All Rights Reserved.

Type 'help' for a list of available commands.
Type 'help' followed by a command name for more
information on commands.

CPLEX> Specified objective sense: MINIMIZE
Selected objective  name:  line[1]
Selected RHS        name:  RHS
Selected bound      name:  BOUND
Problem '/tmp/cmpl.T10808.mps' read.
Read time = 0.05 sec. (9.75 ticks)
CPLEX> CPXPARAM_Read_APIEncoding                        "UTF-8"
Tried aggregator 3 times.
MIP Presolve eliminated 18474 rows and 29441 columns.
MIP Presolve modified 1038 coefficients.
Aggregator did 1418 substitutions.
Reduced MIP has 2718 rows, 5434 columns, and 17466 nonzeros.
Reduced MIP has 5266 binaries, 0 generals, 0 SOSs, and 0 indicators.
Presolve time = 0.06 sec. (56.92 ticks)
Found incumbent of value 37470.332502 after 0.11 sec. (97.22 ticks)
Probing time = 0.01 sec. (3.00 ticks)
Tried aggregator 1 time.
MIP Presolve eliminated 0 rows and 48 columns.
Reduced MIP has 2718 rows, 5386 columns, and 17370 nonzeros.
Reduced MIP has 5386 binaries, 0 generals, 0 SOSs, and 0 indicators.
Presolve time = 0.02 sec. (14.67 ticks)
Probing time = 0.01 sec. (3.15 ticks)
Clique table members: 3626.
MIP emphasis: balance optimality and feasibility.
MIP search method: dynamic search.
Parallel mode: none, using 1 thread.
Root relaxation solution time = 0.04 sec. (36.04 ticks)

        Nodes                                         Cuts/
   Node  Left     Objective  IInf  Best Integer    Best Bound    ItCnt     Gap

*     0+    0                        37470.3325        0.0000           100.00%
*     0     0      integral     0    17651.8473    17651.8473     2380    0.00%
Elapsed time = 0.19 sec. (165.54 ticks, tree = 0.00 MB, solutions = 2)

Root node processing (before b&c):
  Real time             =    0.19 sec. (166.95 ticks)
Sequential b&c:
  Real time             =    0.00 sec. (0.00 ticks)
                          ------------
Total (root+branch&cut) =    0.19 sec. (166.95 ticks)

Solution pool: 2 solutions saved.

MIP - Integer optimal solution:  Objective =  1.7651847289e+04
Solution time =    0.19 sec.  Iterations = 2380  Nodes = 0
Deterministic time = 167.05 ticks  (857.19 ticks/sec)

CPLEX> Incumbent solution written to file '/tmp/cmpl.T10808.gsol'.
CPLEX> 
CMPL: Time used for model generation: 0 seconds
CMPL: Time used for solving the model: 1 seconds


Solution written to ASCII file: ../results/output_generated_conf_1/2017-04-03-4/equal.sol

Solver - finished
