CMPL model generation - running

CMPL version: 1.11.0
Authors: Thomas Schleiff, Mike Steglich
Distributed under the GPLv3 

create model instance ...
write model instance ...
CMPL model generation - finished

Solver - running


Welcome to IBM(R) ILOG(R) CPLEX(R) Interactive Optimizer 12.7.1.0
  with Simplex, Mixed Integer & Barrier Optimizers
5725-A06 5725-A29 5724-Y48 5724-Y49 5724-Y54 5724-Y55 5655-Y21
Copyright IBM Corp. 1988, 2017.  All Rights Reserved.

Type 'help' for a list of available commands.
Type 'help' followed by a command name for more
information on commands.

CPLEX> Specified objective sense: MINIMIZE
Selected objective  name:  line[1]
Selected RHS        name:  RHS
Selected bound      name:  BOUND
Problem '/tmp/cmpl.T11157.mps' read.
Read time = 0.05 sec. (9.68 ticks)
CPLEX> CPXPARAM_Read_APIEncoding                        "UTF-8"
Tried aggregator 3 times.
MIP Presolve eliminated 19162 rows and 30818 columns.
MIP Presolve modified 532 coefficients.
Aggregator did 738 substitutions.
Reduced MIP has 2710 rows, 4737 columns, and 15381 nonzeros.
Reduced MIP has 4569 binaries, 0 generals, 0 SOSs, and 0 indicators.
Presolve time = 0.06 sec. (52.98 ticks)
Probing fixed 27 vars, tightened 0 bounds.
Probing time = 0.01 sec. (7.92 ticks)
Tried aggregator 1 time.
MIP Presolve eliminated 0 rows and 27 columns.
MIP Presolve modified 152 coefficients.
Reduced MIP has 2710 rows, 4710 columns, and 15327 nonzeros.
Reduced MIP has 4710 binaries, 0 generals, 0 SOSs, and 0 indicators.
Presolve time = 0.01 sec. (11.49 ticks)
Probing time = 0.01 sec. (3.03 ticks)
Clique table members: 9626.
MIP emphasis: balance optimality and feasibility.
MIP search method: dynamic search.
Parallel mode: none, using 1 thread.
Root relaxation solution time = 0.02 sec. (19.99 ticks)

        Nodes                                         Cuts/
   Node  Left     Objective  IInf  Best Integer    Best Bound    ItCnt     Gap

*     0     0      integral     0     4513.3372     4513.3372     1112    0.00%
Elapsed time = 0.19 sec. (158.74 ticks, tree = 0.00 MB, solutions = 1)

Root node processing (before b&c):
  Real time             =    0.19 sec. (159.92 ticks)
Sequential b&c:
  Real time             =    0.00 sec. (0.00 ticks)
                          ------------
Total (root+branch&cut) =    0.19 sec. (159.92 ticks)

Solution pool: 1 solution saved.

MIP - Integer optimal solution:  Objective =  4.5133371610e+03
Solution time =    0.19 sec.  Iterations = 1112  Nodes = 0
Deterministic time = 160.03 ticks  (839.24 ticks/sec)

CPLEX> Incumbent solution written to file '/tmp/cmpl.T11157.gsol'.
CPLEX> 
CMPL: Time used for model generation: 0 seconds
CMPL: Time used for solving the model: 1 seconds


Solution written to ASCII file: ../results/output_generated_rate_0.2/2015-12-07-4/equal.sol

Solver - finished
