CMPL model generation - running

CMPL version: 1.11.0
Authors: Thomas Schleiff, Mike Steglich
Distributed under the GPLv3 

create model instance ...
write model instance ...
CMPL model generation - finished

Solver - running


Welcome to IBM(R) ILOG(R) CPLEX(R) Interactive Optimizer 12.7.1.0
  with Simplex, Mixed Integer & Barrier Optimizers
5725-A06 5725-A29 5724-Y48 5724-Y49 5724-Y54 5724-Y55 5655-Y21
Copyright IBM Corp. 1988, 2017.  All Rights Reserved.

Type 'help' for a list of available commands.
Type 'help' followed by a command name for more
information on commands.

CPLEX> Specified objective sense: MINIMIZE
Selected objective  name:  line[1]
Selected RHS        name:  RHS
Selected bound      name:  BOUND
Problem '/tmp/cmpl.T11107.mps' read.
Read time = 0.05 sec. (8.87 ticks)
CPLEX> CPXPARAM_Read_APIEncoding                        "UTF-8"
Tried aggregator 3 times.
MIP Presolve eliminated 19162 rows and 30478 columns.
MIP Presolve modified 340 coefficients.
Aggregator did 738 substitutions.
Reduced MIP has 2540 rows, 3462 columns, and 10088 nonzeros.
Reduced MIP has 3294 binaries, 0 generals, 0 SOSs, and 0 indicators.
Presolve time = 0.05 sec. (43.48 ticks)
Found incumbent of value 20201.348572 after 0.08 sec. (68.88 ticks)
Probing fixed 27 vars, tightened 0 bounds.
Probing time = 0.01 sec. (4.51 ticks)
Tried aggregator 1 time.
MIP Presolve eliminated 0 rows and 27 columns.
MIP Presolve modified 152 coefficients.
Reduced MIP has 2540 rows, 3435 columns, and 10034 nonzeros.
Reduced MIP has 3435 binaries, 0 generals, 0 SOSs, and 0 indicators.
Presolve time = 0.01 sec. (8.69 ticks)
Probing time = 0.01 sec. (2.73 ticks)
Clique table members: 6087.
MIP emphasis: balance optimality and feasibility.
MIP search method: dynamic search.
Parallel mode: none, using 1 thread.
Root relaxation solution time = 0.01 sec. (10.22 ticks)

        Nodes                                         Cuts/
   Node  Left     Objective  IInf  Best Integer    Best Bound    ItCnt     Gap

*     0+    0                        20201.3486      -40.4800           100.20%
*     0     0      integral     0     4503.0629     4503.0629      470    0.00%
Elapsed time = 0.13 sec. (103.42 ticks, tree = 0.00 MB, solutions = 2)

Root node processing (before b&c):
  Real time             =    0.13 sec. (104.71 ticks)
Sequential b&c:
  Real time             =    0.00 sec. (0.00 ticks)
                          ------------
Total (root+branch&cut) =    0.13 sec. (104.71 ticks)

Solution pool: 2 solutions saved.

MIP - Integer optimal solution:  Objective =  4.5030628630e+03
Solution time =    0.13 sec.  Iterations = 470  Nodes = 0
Deterministic time = 104.81 ticks  (795.18 ticks/sec)

CPLEX> Incumbent solution written to file '/tmp/cmpl.T11107.gsol'.
CPLEX> 
CMPL: Time used for model generation: 1 seconds
CMPL: Time used for solving the model: 1 seconds


Solution written to ASCII file: ../results/output_generated_rate_0.2/2015-12-07-4/unequal.sol

Solver - finished
