CMPL model generation - running

CMPL version: 1.11.0
Authors: Thomas Schleiff, Mike Steglich
Distributed under the GPLv3 

create model instance ...
write model instance ...
CMPL model generation - finished

Solver - running


Welcome to IBM(R) ILOG(R) CPLEX(R) Interactive Optimizer 12.7.1.0
  with Simplex, Mixed Integer & Barrier Optimizers
5725-A06 5725-A29 5724-Y48 5724-Y49 5724-Y54 5724-Y55 5655-Y21
Copyright IBM Corp. 1988, 2017.  All Rights Reserved.

Type 'help' for a list of available commands.
Type 'help' followed by a command name for more
information on commands.

CPLEX> Specified objective sense: MINIMIZE
Selected objective  name:  line[1]
Selected RHS        name:  RHS
Selected bound      name:  BOUND
Problem '/tmp/cmpl.T11194.mps' read.
Read time = 0.06 sec. (11.95 ticks)
CPLEX> CPXPARAM_Read_APIEncoding                        "UTF-8"
Tried aggregator 3 times.
MIP Presolve eliminated 23935 rows and 37361 columns.
MIP Presolve modified 541 coefficients.
Aggregator did 890 substitutions.
Reduced MIP has 3352 rows, 5904 columns, and 19361 nonzeros.
Reduced MIP has 5694 binaries, 0 generals, 0 SOSs, and 0 indicators.
Presolve time = 0.07 sec. (59.89 ticks)
Found incumbent of value 30174.225653 after 0.12 sec. (103.26 ticks)
Probing time = 0.01 sec. (3.30 ticks)
Tried aggregator 1 time.
MIP Presolve eliminated 0 rows and 1 columns.
Reduced MIP has 3352 rows, 5903 columns, and 19359 nonzeros.
Reduced MIP has 5903 binaries, 0 generals, 0 SOSs, and 0 indicators.
Presolve time = 0.01 sec. (13.94 ticks)
Probing time = 0.01 sec. (3.33 ticks)
Clique table members: 4400.
MIP emphasis: balance optimality and feasibility.
MIP search method: dynamic search.
Parallel mode: none, using 1 thread.
Root relaxation solution time = 0.02 sec. (22.77 ticks)

        Nodes                                         Cuts/
   Node  Left     Objective  IInf  Best Integer    Best Bound    ItCnt     Gap

*     0+    0                        30174.2257      -59.9699           100.20%
      0     0     5219.3267     1    30174.2257     5219.3267     1299   82.70%
*     0+    0                         5239.3206     5219.3267             0.38%
*     0+    0                         5219.5553     5219.3267             0.00%
      0     0        cutoff           5219.5553     5219.3267     1299    0.00%
Elapsed time = 0.20 sec. (168.15 ticks, tree = 0.01 MB, solutions = 3)

Root node processing (before b&c):
  Real time             =    0.20 sec. (170.20 ticks)
Sequential b&c:
  Real time             =    0.00 sec. (0.00 ticks)
                          ------------
Total (root+branch&cut) =    0.20 sec. (170.20 ticks)

Solution pool: 3 solutions saved.

MIP - Integer optimal solution:  Objective =  5.2195552660e+03
Solution time =    0.20 sec.  Iterations = 1299  Nodes = 0
Deterministic time = 170.33 ticks  (833.23 ticks/sec)

CPLEX> Incumbent solution written to file '/tmp/cmpl.T11194.gsol'.
CPLEX> 
CMPL: Time used for model generation: 1 seconds
CMPL: Time used for solving the model: 1 seconds


Solution written to ASCII file: ../results/output_generated_rate_0.2/2017-05-01-5/equal.sol

Solver - finished
