CMPL model generation - running

CMPL version: 1.11.0
Authors: Thomas Schleiff, Mike Steglich
Distributed under the GPLv3 

create model instance ...
write model instance ...
CMPL model generation - finished

Solver - running


Welcome to IBM(R) ILOG(R) CPLEX(R) Interactive Optimizer 12.7.1.0
  with Simplex, Mixed Integer & Barrier Optimizers
5725-A06 5725-A29 5724-Y48 5724-Y49 5724-Y54 5724-Y55 5655-Y21
Copyright IBM Corp. 1988, 2017.  All Rights Reserved.

Type 'help' for a list of available commands.
Type 'help' followed by a command name for more
information on commands.

CPLEX> Specified objective sense: MINIMIZE
Selected objective  name:  line[1]
Selected RHS        name:  RHS
Selected bound      name:  BOUND
Problem '/tmp/cmpl.T11143.mps' read.
Read time = 0.06 sec. (10.99 ticks)
CPLEX> CPXPARAM_Read_APIEncoding                        "UTF-8"
Tried aggregator 3 times.
MIP Presolve eliminated 23935 rows and 37361 columns.
MIP Presolve modified 425 coefficients.
Aggregator did 890 substitutions.
Reduced MIP has 3182 rows, 4289 columns, and 12681 nonzeros.
Reduced MIP has 4079 binaries, 0 generals, 0 SOSs, and 0 indicators.
Presolve time = 0.06 sec. (52.04 ticks)
Found incumbent of value 26685.842505 after 0.10 sec. (85.20 ticks)
Probing time = 0.01 sec. (2.89 ticks)
Tried aggregator 1 time.
MIP Presolve eliminated 0 rows and 1 columns.
Reduced MIP has 3182 rows, 4288 columns, and 12679 nonzeros.
Reduced MIP has 4288 binaries, 0 generals, 0 SOSs, and 0 indicators.
Presolve time = 0.01 sec. (10.51 ticks)
Probing fixed 25 vars, tightened 0 bounds.
Probing time = 0.01 sec. (5.65 ticks)
Clique table members: 7942.
MIP emphasis: balance optimality and feasibility.
MIP search method: dynamic search.
Parallel mode: none, using 1 thread.
Root relaxation solution time = 0.01 sec. (11.66 ticks)

        Nodes                                         Cuts/
   Node  Left     Objective  IInf  Best Integer    Best Bound    ItCnt     Gap

*     0+    0                        26685.8425      -59.9699           100.22%
      0     0     5206.5934     1    26685.8425     5206.5934      534   80.49%
*     0+    0                         5226.5874     5206.5934             0.38%
*     0+    0                         5206.8220     5206.5934             0.00%
      0     0        cutoff           5206.8220     5206.5934      534    0.00%
Elapsed time = 0.16 sec. (132.25 ticks, tree = 0.01 MB, solutions = 3)

Root node processing (before b&c):
  Real time             =    0.17 sec. (134.13 ticks)
Sequential b&c:
  Real time             =    0.00 sec. (0.00 ticks)
                          ------------
Total (root+branch&cut) =    0.17 sec. (134.13 ticks)

Solution pool: 3 solutions saved.

MIP - Integer optimal solution:  Objective =  5.2068220160e+03
Solution time =    0.17 sec.  Iterations = 534  Nodes = 0
Deterministic time = 134.25 ticks  (803.01 ticks/sec)

CPLEX> Incumbent solution written to file '/tmp/cmpl.T11143.gsol'.
CPLEX> 
CMPL: Time used for model generation: 1 seconds
CMPL: Time used for solving the model: 1 seconds


Solution written to ASCII file: ../results/output_generated_rate_0.2/2017-05-01-5/unequal.sol

Solver - finished
