CMPL model generation - running

CMPL version: 1.11.0
Authors: Thomas Schleiff, Mike Steglich
Distributed under the GPLv3 

create model instance ...
write model instance ...
CMPL model generation - finished

Solver - running


Welcome to IBM(R) ILOG(R) CPLEX(R) Interactive Optimizer 12.7.1.0
  with Simplex, Mixed Integer & Barrier Optimizers
5725-A06 5725-A29 5724-Y48 5724-Y49 5724-Y54 5724-Y55 5655-Y21
Copyright IBM Corp. 1988, 2017.  All Rights Reserved.

Type 'help' for a list of available commands.
Type 'help' followed by a command name for more
information on commands.

CPLEX> Specified objective sense: MINIMIZE
Selected objective  name:  line[1]
Selected RHS        name:  RHS
Selected bound      name:  BOUND
Problem '/tmp/cmpl.T11509.mps' read.
Read time = 0.06 sec. (12.00 ticks)
CPLEX> CPXPARAM_Read_APIEncoding                        "UTF-8"
Tried aggregator 3 times.
MIP Presolve eliminated 23432 rows and 36355 columns.
MIP Presolve modified 823 coefficients.
Aggregator did 1390 substitutions.
Reduced MIP has 3355 rows, 6410 columns, and 20879 nonzeros.
Reduced MIP has 6200 binaries, 0 generals, 0 SOSs, and 0 indicators.
Presolve time = 0.07 sec. (63.26 ticks)
Probing time = 0.01 sec. (3.25 ticks)
Tried aggregator 1 time.
MIP Presolve eliminated 0 rows and 17 columns.
Reduced MIP has 3355 rows, 6393 columns, and 20845 nonzeros.
Reduced MIP has 6393 binaries, 0 generals, 0 SOSs, and 0 indicators.
Presolve time = 0.02 sec. (15.43 ticks)
Probing time = 0.01 sec. (3.37 ticks)
Clique table members: 4150.
MIP emphasis: balance optimality and feasibility.
MIP search method: dynamic search.
Parallel mode: none, using 1 thread.
Root relaxation solution time = 0.04 sec. (35.38 ticks)

        Nodes                                         Cuts/
   Node  Left     Objective  IInf  Best Integer    Best Bound    ItCnt     Gap

*     0     0      integral     0    14585.8527    14585.8527     1836    0.00%
Elapsed time = 0.23 sec. (195.56 ticks, tree = 0.00 MB, solutions = 1)

Root node processing (before b&c):
  Real time             =    0.23 sec. (196.98 ticks)
Sequential b&c:
  Real time             =    0.00 sec. (0.00 ticks)
                          ------------
Total (root+branch&cut) =    0.23 sec. (196.98 ticks)

Solution pool: 1 solution saved.

MIP - Integer optimal solution:  Objective =  1.4585852691e+04
Solution time =    0.23 sec.  Iterations = 1836  Nodes = 0
Deterministic time = 197.11 ticks  (851.45 ticks/sec)

CPLEX> Incumbent solution written to file '/tmp/cmpl.T11509.gsol'.
CPLEX> 
CMPL: Time used for model generation: 2 seconds
CMPL: Time used for solving the model: 1 seconds


Solution written to ASCII file: ../results/output_generated_rate_0.5/2017-07-03-5/equal.sol

Solver - finished
