CMPL model generation - running

CMPL version: 1.11.0
Authors: Thomas Schleiff, Mike Steglich
Distributed under the GPLv3 

create model instance ...
write model instance ...
CMPL model generation - finished

Solver - running


Welcome to IBM(R) ILOG(R) CPLEX(R) Interactive Optimizer 12.7.1.0
  with Simplex, Mixed Integer & Barrier Optimizers
5725-A06 5725-A29 5724-Y48 5724-Y49 5724-Y54 5724-Y55 5655-Y21
Copyright IBM Corp. 1988, 2017.  All Rights Reserved.

Type 'help' for a list of available commands.
Type 'help' followed by a command name for more
information on commands.

CPLEX> Specified objective sense: MINIMIZE
Selected objective  name:  line[1]
Selected RHS        name:  RHS
Selected bound      name:  BOUND
Problem '/tmp/cmpl.T11477.mps' read.
Read time = 0.05 sec. (9.71 ticks)
CPLEX> CPXPARAM_Read_APIEncoding                        "UTF-8"
Tried aggregator 3 times.
MIP Presolve eliminated 18789 rows and 30071 columns.
MIP Presolve modified 778 coefficients.
Aggregator did 1103 substitutions.
Reduced MIP has 2718 rows, 5119 columns, and 16521 nonzeros.
Reduced MIP has 4951 binaries, 0 generals, 0 SOSs, and 0 indicators.
Presolve time = 0.06 sec. (54.02 ticks)
Found incumbent of value 30730.079665 after 0.11 sec. (90.51 ticks)
Probing time = 0.01 sec. (3.05 ticks)
Tried aggregator 1 time.
MIP Presolve eliminated 0 rows and 7 columns.
Reduced MIP has 2718 rows, 5112 columns, and 16507 nonzeros.
Reduced MIP has 5112 binaries, 0 generals, 0 SOSs, and 0 indicators.
Presolve time = 0.02 sec. (11.98 ticks)
Probing time = 0.01 sec. (3.14 ticks)
Clique table members: 3311.
MIP emphasis: balance optimality and feasibility.
MIP search method: dynamic search.
Parallel mode: none, using 1 thread.
Root relaxation solution time = 0.03 sec. (25.48 ticks)

        Nodes                                         Cuts/
   Node  Left     Objective  IInf  Best Integer    Best Bound    ItCnt     Gap

*     0+    0                        30730.0797        0.0000           100.00%
*     0     0      integral     0    11476.1800    11476.1800     1565    0.00%
Elapsed time = 0.18 sec. (144.94 ticks, tree = 0.00 MB, solutions = 2)

Root node processing (before b&c):
  Real time             =    0.18 sec. (146.34 ticks)
Sequential b&c:
  Real time             =    0.00 sec. (0.00 ticks)
                          ------------
Total (root+branch&cut) =    0.18 sec. (146.34 ticks)

Solution pool: 2 solutions saved.

MIP - Integer optimal solution:  Objective =  1.1476179966e+04
Solution time =    0.18 sec.  Iterations = 1565  Nodes = 0
Deterministic time = 146.45 ticks  (803.32 ticks/sec)

CPLEX> Incumbent solution written to file '/tmp/cmpl.T11477.gsol'.
CPLEX> 
CMPL: Time used for model generation: 0 seconds
CMPL: Time used for solving the model: 1 seconds


Solution written to ASCII file: ../results/output_generated_rate_0.5/2016-03-07-4/equal.sol

Solver - finished
