CMPL model generation - running

CMPL version: 1.11.0
Authors: Thomas Schleiff, Mike Steglich
Distributed under the GPLv3 

create model instance ...
write model instance ...
CMPL model generation - finished

Solver - running


Welcome to IBM(R) ILOG(R) CPLEX(R) Interactive Optimizer 12.7.1.0
  with Simplex, Mixed Integer & Barrier Optimizers
5725-A06 5725-A29 5724-Y48 5724-Y49 5724-Y54 5724-Y55 5655-Y21
Copyright IBM Corp. 1988, 2017.  All Rights Reserved.

Type 'help' for a list of available commands.
Type 'help' followed by a command name for more
information on commands.

CPLEX> Specified objective sense: MINIMIZE
Selected objective  name:  line[1]
Selected RHS        name:  RHS
Selected bound      name:  BOUND
Problem '/tmp/cmpl.T11427.mps' read.
Read time = 0.05 sec. (8.90 ticks)
CPLEX> CPXPARAM_Read_APIEncoding                        "UTF-8"
Tried aggregator 3 times.
MIP Presolve eliminated 18789 rows and 29731 columns.
MIP Presolve modified 340 coefficients.
Aggregator did 1103 substitutions.
Reduced MIP has 2548 rows, 3844 columns, and 11228 nonzeros.
Reduced MIP has 3676 binaries, 0 generals, 0 SOSs, and 0 indicators.
Presolve time = 0.05 sec. (43.08 ticks)
Found incumbent of value 31827.874757 after 0.12 sec. (103.38 ticks)
Probing time = 0.01 sec. (2.72 ticks)
Tried aggregator 1 time.
MIP Presolve eliminated 0 rows and 7 columns.
Reduced MIP has 2548 rows, 3837 columns, and 11214 nonzeros.
Reduced MIP has 3837 binaries, 0 generals, 0 SOSs, and 0 indicators.
Presolve time = 0.01 sec. (9.17 ticks)
Probing time = 0.01 sec. (2.81 ticks)
Clique table members: 3297.
MIP emphasis: balance optimality and feasibility.
MIP search method: dynamic search.
Parallel mode: none, using 1 thread.
Root relaxation solution time = 0.01 sec. (12.47 ticks)

        Nodes                                         Cuts/
   Node  Left     Objective  IInf  Best Integer    Best Bound    ItCnt     Gap

*     0+    0                        31827.8748        0.0000           100.00%
*     0     0      integral     0    11465.0245    11465.0245      837    0.00%
Elapsed time = 0.16 sec. (138.42 ticks, tree = 0.00 MB, solutions = 2)

Root node processing (before b&c):
  Real time             =    0.16 sec. (139.74 ticks)
Sequential b&c:
  Real time             =    0.00 sec. (0.00 ticks)
                          ------------
Total (root+branch&cut) =    0.16 sec. (139.74 ticks)

Solution pool: 2 solutions saved.

MIP - Integer optimal solution:  Objective =  1.1465024486e+04
Solution time =    0.16 sec.  Iterations = 837  Nodes = 0
Deterministic time = 139.84 ticks  (851.06 ticks/sec)

CPLEX> Incumbent solution written to file '/tmp/cmpl.T11427.gsol'.
CPLEX> 
CMPL: Time used for model generation: 1 seconds
CMPL: Time used for solving the model: 0 seconds


Solution written to ASCII file: ../results/output_generated_rate_0.5/2016-03-07-4/unequal.sol

Solver - finished
