CMPL model generation - running

CMPL version: 1.11.0
Authors: Thomas Schleiff, Mike Steglich
Distributed under the GPLv3 

create model instance ...
write model instance ...
CMPL model generation - finished

Solver - running


Welcome to IBM(R) ILOG(R) CPLEX(R) Interactive Optimizer 12.7.1.0
  with Simplex, Mixed Integer & Barrier Optimizers
5725-A06 5725-A29 5724-Y48 5724-Y49 5724-Y54 5724-Y55 5655-Y21
Copyright IBM Corp. 1988, 2017.  All Rights Reserved.

Type 'help' for a list of available commands.
Type 'help' followed by a command name for more
information on commands.

CPLEX> Specified objective sense: MINIMIZE
Selected objective  name:  line[1]
Selected RHS        name:  RHS
Selected bound      name:  BOUND
Problem '/tmp/cmpl.XM9994.mps' read.
Read time = 0.05 sec. (9.66 ticks)
CPLEX> CPXPARAM_Read_APIEncoding                        "UTF-8"
Tried aggregator 3 times.
MIP Presolve eliminated 19375 rows and 31216 columns.
MIP Presolve modified 438 coefficients.
Aggregator did 592 substitutions.
Reduced MIP has 2643 rows, 4485 columns, and 14673 nonzeros.
Reduced MIP has 4317 binaries, 0 generals, 0 SOSs, and 0 indicators.
Presolve time = 0.05 sec. (50.04 ticks)
Probing fixed 4 vars, tightened 0 bounds.
Probing time = 0.01 sec. (7.22 ticks)
Tried aggregator 1 time.
MIP Presolve eliminated 0 rows and 4 columns.
MIP Presolve modified 16 coefficients.
Reduced MIP has 2643 rows, 4481 columns, and 14665 nonzeros.
Reduced MIP has 4481 binaries, 0 generals, 0 SOSs, and 0 indicators.
Presolve time = 0.01 sec. (10.67 ticks)
Probing time = 0.01 sec. (3.00 ticks)
Clique table members: 8950.
MIP emphasis: balance optimality and feasibility.
MIP search method: dynamic search.
Parallel mode: none, using 1 thread.
Root relaxation solution time = 0.01 sec. (15.06 ticks)

        Nodes                                         Cuts/
   Node  Left     Objective  IInf  Best Integer    Best Bound    ItCnt     Gap

      0     0      584.3898    14                    584.3898      821         
*     0+    0                          785.2061      584.3898            25.57%
*     0+    0                          588.3898      584.3898             0.68%
      0     0      587.8148     2      588.3898      Cuts: 19      827    0.10%
*     0+    0                          588.1275      587.8148             0.05%
      0     0        cutoff            588.1275                    829    0.00%
Elapsed time = 0.20 sec. (173.88 ticks, tree = 0.01 MB, solutions = 3)

GUB cover cuts applied:  1
Clique cuts applied:  10
Cover cuts applied:  13
Gomory fractional cuts applied:  7

Root node processing (before b&c):
  Real time             =    0.20 sec. (175.56 ticks)
Sequential b&c:
  Real time             =    0.00 sec. (0.00 ticks)
                          ------------
Total (root+branch&cut) =    0.20 sec. (175.56 ticks)

Solution pool: 3 solutions saved.

MIP - Integer optimal solution:  Objective =  5.8812748400e+02
Solution time =    0.20 sec.  Iterations = 829  Nodes = 0
Deterministic time = 175.66 ticks  (862.06 ticks/sec)

CPLEX> Incumbent solution written to file '/tmp/cmpl.XM9994.gsol'.
CPLEX> 
CMPL: Time used for model generation: 1 seconds
CMPL: Time used for solving the model: 1 seconds


Solution written to ASCII file: ../results/output_generated_conf_0.2/2017-06-05-4/equal.sol

Solver - finished
