CMPL model generation - running

CMPL version: 1.11.0
Authors: Thomas Schleiff, Mike Steglich
Distributed under the GPLv3 

create model instance ...
write model instance ...
CMPL model generation - finished

Solver - running


Welcome to IBM(R) ILOG(R) CPLEX(R) Interactive Optimizer 12.7.1.0
  with Simplex, Mixed Integer & Barrier Optimizers
5725-A06 5725-A29 5724-Y48 5724-Y49 5724-Y54 5724-Y55 5655-Y21
Copyright IBM Corp. 1988, 2017.  All Rights Reserved.

Type 'help' for a list of available commands.
Type 'help' followed by a command name for more
information on commands.

CPLEX> Specified objective sense: MINIMIZE
Selected objective  name:  line[1]
Selected RHS        name:  RHS
Selected bound      name:  BOUND
Problem '/tmp/cmpl.XM9941.mps' read.
Read time = 0.05 sec. (8.85 ticks)
CPLEX> CPXPARAM_Read_APIEncoding                        "UTF-8"
Tried aggregator 3 times.
MIP Presolve eliminated 19375 rows and 30876 columns.
MIP Presolve modified 340 coefficients.
Aggregator did 592 substitutions.
Reduced MIP has 2473 rows, 3210 columns, and 9380 nonzeros.
Reduced MIP has 3042 binaries, 0 generals, 0 SOSs, and 0 indicators.
Presolve time = 0.05 sec. (41.47 ticks)
Found incumbent of value 3273.830740 after 0.07 sec. (55.81 ticks)
Probing fixed 4 vars, tightened 0 bounds.
Probing time = 0.01 sec. (4.12 ticks)
Tried aggregator 1 time.
MIP Presolve eliminated 0 rows and 4 columns.
MIP Presolve modified 16 coefficients.
Reduced MIP has 2473 rows, 3206 columns, and 9372 nonzeros.
Reduced MIP has 3206 binaries, 0 generals, 0 SOSs, and 0 indicators.
Presolve time = 0.02 sec. (7.98 ticks)
Probing time = 0.01 sec. (2.66 ticks)
Clique table members: 5786.
MIP emphasis: balance optimality and feasibility.
MIP search method: dynamic search.
Parallel mode: none, using 1 thread.
Root relaxation solution time = 0.00 sec. (4.28 ticks)

        Nodes                                         Cuts/
   Node  Left     Objective  IInf  Best Integer    Best Bound    ItCnt     Gap

*     0+    0                         3273.8307     -422.1478           112.89%
      0     0      571.3612    14     3273.8307      571.3612       80   82.55%
*     0+    0                          694.3073      571.3612            17.71%
*     0+    0                          575.3612      571.3612             0.70%
      0     0      574.7862     2      575.3612      Cuts: 19       85    0.10%
*     0+    0                          575.0989      574.7862             0.05%
      0     0        cutoff            575.0989                     88    0.00%
Elapsed time = 0.14 sec. (101.00 ticks, tree = 0.01 MB, solutions = 4)

GUB cover cuts applied:  1
Clique cuts applied:  7
Cover cuts applied:  13
Gomory fractional cuts applied:  7

Root node processing (before b&c):
  Real time             =    0.14 sec. (102.76 ticks)
Sequential b&c:
  Real time             =    0.00 sec. (0.00 ticks)
                          ------------
Total (root+branch&cut) =    0.14 sec. (102.76 ticks)

Solution pool: 4 solutions saved.

MIP - Integer optimal solution:  Objective =  5.7509891400e+02
Solution time =    0.14 sec.  Iterations = 88  Nodes = 0
Deterministic time = 102.86 ticks  (746.80 ticks/sec)

CPLEX> Incumbent solution written to file '/tmp/cmpl.XM9941.gsol'.
CPLEX> 
CMPL: Time used for model generation: 1 seconds
CMPL: Time used for solving the model: 0 seconds


Solution written to ASCII file: ../results/output_generated_conf_0.2/2017-06-05-4/unequal.sol

Solver - finished
