CMPL model generation - running

CMPL version: 1.11.0
Authors: Thomas Schleiff, Mike Steglich
Distributed under the GPLv3 

create model instance ...
write model instance ...
CMPL model generation - finished

Solver - running


Welcome to IBM(R) ILOG(R) CPLEX(R) Interactive Optimizer 12.7.1.0
  with Simplex, Mixed Integer & Barrier Optimizers
5725-A06 5725-A29 5724-Y48 5724-Y49 5724-Y54 5724-Y55 5655-Y21
Copyright IBM Corp. 1988, 2017.  All Rights Reserved.

Type 'help' for a list of available commands.
Type 'help' followed by a command name for more
information on commands.

CPLEX> Specified objective sense: MINIMIZE
Selected objective  name:  line[1]
Selected RHS        name:  RHS
Selected bound      name:  BOUND
Problem '/tmp/cmpl.T10002.mps' read.
Read time = 0.06 sec. (11.93 ticks)
CPLEX> CPXPARAM_Read_APIEncoding                        "UTF-8"
Tried aggregator 3 times.
MIP Presolve eliminated 24161 rows and 37804 columns.
MIP Presolve modified 459 coefficients.
Aggregator did 719 substitutions.
Reduced MIP has 3297 rows, 5632 columns, and 18579 nonzeros.
Reduced MIP has 5422 binaries, 0 generals, 0 SOSs, and 0 indicators.
Presolve time = 0.06 sec. (58.72 ticks)
Probing fixed 6 vars, tightened 0 bounds.
Probing time = 0.02 sec. (9.40 ticks)
Tried aggregator 1 time.
MIP Presolve eliminated 0 rows and 6 columns.
MIP Presolve modified 28 coefficients.
Reduced MIP has 3297 rows, 5626 columns, and 18567 nonzeros.
Reduced MIP has 5626 binaries, 0 generals, 0 SOSs, and 0 indicators.
Presolve time = 0.01 sec. (13.38 ticks)
Probing time = 0.01 sec. (3.23 ticks)
Clique table members: 11246.
MIP emphasis: balance optimality and feasibility.
MIP search method: dynamic search.
Parallel mode: none, using 1 thread.
Root relaxation solution time = 0.02 sec. (18.38 ticks)

        Nodes                                         Cuts/
   Node  Left     Objective  IInf  Best Integer    Best Bound    ItCnt     Gap

      0     0      700.0676    20                    700.0676      918         
*     0+    0                         1019.5677      700.0676            31.34%
*     0+    0                          704.6390      700.0676             0.65%
      0     0      704.3903     1      704.6390       Cuts: 9      924    0.04%
*     0+    0                          704.4146      704.3903             0.00%
      0     0        cutoff            704.4146      704.3903      924    0.00%
Elapsed time = 0.23 sec. (199.78 ticks, tree = 0.01 MB, solutions = 3)

Cover cuts applied:  6
Gomory fractional cuts applied:  3

Root node processing (before b&c):
  Real time             =    0.24 sec. (201.83 ticks)
Sequential b&c:
  Real time             =    0.00 sec. (0.00 ticks)
                          ------------
Total (root+branch&cut) =    0.24 sec. (201.83 ticks)

Solution pool: 3 solutions saved.

MIP - Integer optimal solution:  Objective =  7.0441456100e+02
Solution time =    0.24 sec.  Iterations = 924  Nodes = 0
Deterministic time = 201.95 ticks  (857.03 ticks/sec)

CPLEX> Incumbent solution written to file '/tmp/cmpl.T10002.gsol'.
CPLEX> 
CMPL: Time used for model generation: 1 seconds
CMPL: Time used for solving the model: 1 seconds


Solution written to ASCII file: ../results/output_generated_conf_0.2/2017-10-02-5/equal.sol

Solver - finished
