CMPL model generation - running

CMPL version: 1.11.0
Authors: Thomas Schleiff, Mike Steglich
Distributed under the GPLv3 

create model instance ...
write model instance ...
CMPL model generation - finished

Solver - running


Welcome to IBM(R) ILOG(R) CPLEX(R) Interactive Optimizer 12.7.1.0
  with Simplex, Mixed Integer & Barrier Optimizers
5725-A06 5725-A29 5724-Y48 5724-Y49 5724-Y54 5724-Y55 5655-Y21
Copyright IBM Corp. 1988, 2017.  All Rights Reserved.

Type 'help' for a list of available commands.
Type 'help' followed by a command name for more
information on commands.

CPLEX> Specified objective sense: MINIMIZE
Selected objective  name:  line[1]
Selected RHS        name:  RHS
Selected bound      name:  BOUND
Problem '/tmp/cmpl.XM9951.mps' read.
Read time = 0.06 sec. (10.97 ticks)
CPLEX> CPXPARAM_Read_APIEncoding                        "UTF-8"
Tried aggregator 3 times.
MIP Presolve eliminated 24161 rows and 37804 columns.
MIP Presolve modified 425 coefficients.
Aggregator did 719 substitutions.
Reduced MIP has 3127 rows, 4017 columns, and 11899 nonzeros.
Reduced MIP has 3807 binaries, 0 generals, 0 SOSs, and 0 indicators.
Presolve time = 0.06 sec. (51.51 ticks)
Found incumbent of value 3727.764022 after 0.09 sec. (75.59 ticks)
Probing fixed 6 vars, tightened 0 bounds.
Probing time = 0.01 sec. (5.16 ticks)
Tried aggregator 1 time.
MIP Presolve eliminated 0 rows and 6 columns.
MIP Presolve modified 28 coefficients.
Reduced MIP has 3127 rows, 4011 columns, and 11887 nonzeros.
Reduced MIP has 4011 binaries, 0 generals, 0 SOSs, and 0 indicators.
Presolve time = 0.01 sec. (10.00 ticks)
Probing time = 0.01 sec. (2.83 ticks)
Clique table members: 7345.
MIP emphasis: balance optimality and feasibility.
MIP search method: dynamic search.
Parallel mode: none, using 1 thread.
Root relaxation solution time = 0.00 sec. (5.47 ticks)

        Nodes                                         Cuts/
   Node  Left     Objective  IInf  Best Integer    Best Bound    ItCnt     Gap

*     0+    0                         3727.7640     -481.1876           112.91%
      0     0      684.9013    20     3727.7640      684.9013      102   81.63%
*     0+    0                          846.3485      684.9013            19.08%
*     0+    0                          689.4727      684.9013             0.66%
*     0     0      integral     0      689.2483      Cuts: 12      108    0.00%
      0     0        cutoff            689.2483      689.2483      108    0.00%
Elapsed time = 0.15 sec. (125.80 ticks, tree = 0.01 MB, solutions = 4)

Cover cuts applied:  8
Gomory fractional cuts applied:  4

Root node processing (before b&c):
  Real time             =    0.15 sec. (127.96 ticks)
Sequential b&c:
  Real time             =    0.00 sec. (0.00 ticks)
                          ------------
Total (root+branch&cut) =    0.15 sec. (127.96 ticks)

Solution pool: 4 solutions saved.

MIP - Integer optimal solution:  Objective =  6.8924829700e+02
Solution time =    0.15 sec.  Iterations = 108  Nodes = 0
Deterministic time = 128.09 ticks  (843.32 ticks/sec)

CPLEX> Incumbent solution written to file '/tmp/cmpl.XM9951.gsol'.
CPLEX> 
CMPL: Time used for model generation: 2 seconds
CMPL: Time used for solving the model: 0 seconds


Solution written to ASCII file: ../results/output_generated_conf_0.2/2017-10-02-5/unequal.sol

Solver - finished
