CMPL model generation - running

CMPL version: 1.11.0
Authors: Thomas Schleiff, Mike Steglich
Distributed under the GPLv3 

create model instance ...
write model instance ...
CMPL model generation - finished

Solver - running


Welcome to IBM(R) ILOG(R) CPLEX(R) Interactive Optimizer 12.7.1.0
  with Simplex, Mixed Integer & Barrier Optimizers
5725-A06 5725-A29 5724-Y48 5724-Y49 5724-Y54 5724-Y55 5655-Y21
Copyright IBM Corp. 1988, 2017.  All Rights Reserved.

Type 'help' for a list of available commands.
Type 'help' followed by a command name for more
information on commands.

CPLEX> Specified objective sense: MINIMIZE
Selected objective  name:  line[1]
Selected RHS        name:  RHS
Selected bound      name:  BOUND
Problem '/tmp/cmpl.T10166.mps' read.
Read time = 0.06 sec. (11.93 ticks)
CPLEX> CPXPARAM_Read_APIEncoding                        "UTF-8"
Tried aggregator 3 times.
MIP Presolve eliminated 24102 rows and 37697 columns.
MIP Presolve modified 483 coefficients.
Aggregator did 751 substitutions.
Reduced MIP has 3324 rows, 5707 columns, and 18788 nonzeros.
Reduced MIP has 5497 binaries, 0 generals, 0 SOSs, and 0 indicators.
Presolve time = 0.07 sec. (61.03 ticks)
Probing time = 0.01 sec. (3.28 ticks)
Tried aggregator 1 time.
Reduced MIP has 3324 rows, 5707 columns, and 18788 nonzeros.
Reduced MIP has 5707 binaries, 0 generals, 0 SOSs, and 0 indicators.
Presolve time = 0.01 sec. (13.17 ticks)
Probing time = 0.01 sec. (3.27 ticks)
Clique table members: 4986.
MIP emphasis: balance optimality and feasibility.
MIP search method: dynamic search.
Parallel mode: none, using 1 thread.
Root relaxation solution time = 0.01 sec. (16.16 ticks)

        Nodes                                         Cuts/
   Node  Left     Objective  IInf  Best Integer    Best Bound    ItCnt     Gap

      0     0     1760.9539    12                   1760.9539      820         
*     0+    0                         1803.3443     1760.9539             2.35%
*     0+    0                         1763.6967     1760.9539             0.16%
      0     0     1762.8076     1     1763.6967      Cuts: 33      837    0.05%
*     0+    0                         1762.9827     1762.8076             0.01%
      0     0        cutoff           1762.9827     1762.8076      837    0.01%
Elapsed time = 0.22 sec. (193.06 ticks, tree = 0.01 MB, solutions = 3)

GUB cover cuts applied:  1
Clique cuts applied:  3
Cover cuts applied:  19
Gomory fractional cuts applied:  10

Root node processing (before b&c):
  Real time             =    0.22 sec. (195.11 ticks)
Sequential b&c:
  Real time             =    0.00 sec. (0.00 ticks)
                          ------------
Total (root+branch&cut) =    0.22 sec. (195.11 ticks)

Solution pool: 3 solutions saved.

MIP - Integer optimal solution:  Objective =  1.7629826830e+03
Solution time =    0.22 sec.  Iterations = 837  Nodes = 0
Deterministic time = 195.23 ticks  (875.00 ticks/sec)

CPLEX> Incumbent solution written to file '/tmp/cmpl.T10166.gsol'.
CPLEX> 
CMPL: Time used for model generation: 1 seconds
CMPL: Time used for solving the model: 1 seconds


Solution written to ASCII file: ../results/output_generated_conf_0.4/2016-02-01-5/equal.sol

Solver - finished
