CMPL model generation - running

CMPL version: 1.11.0
Authors: Thomas Schleiff, Mike Steglich
Distributed under the GPLv3 

create model instance ...
write model instance ...
CMPL model generation - finished

Solver - running


Welcome to IBM(R) ILOG(R) CPLEX(R) Interactive Optimizer 12.7.1.0
  with Simplex, Mixed Integer & Barrier Optimizers
5725-A06 5725-A29 5724-Y48 5724-Y49 5724-Y54 5724-Y55 5655-Y21
Copyright IBM Corp. 1988, 2017.  All Rights Reserved.

Type 'help' for a list of available commands.
Type 'help' followed by a command name for more
information on commands.

CPLEX> Specified objective sense: MINIMIZE
Selected objective  name:  line[1]
Selected RHS        name:  RHS
Selected bound      name:  BOUND
Problem '/tmp/cmpl.T10115.mps' read.
Read time = 0.12 sec. (10.97 ticks)
CPLEX> CPXPARAM_Read_APIEncoding                        "UTF-8"
Tried aggregator 3 times.
MIP Presolve eliminated 24102 rows and 37697 columns.
MIP Presolve modified 425 coefficients.
Aggregator did 751 substitutions.
Reduced MIP has 3154 rows, 4092 columns, and 12108 nonzeros.
Reduced MIP has 3882 binaries, 0 generals, 0 SOSs, and 0 indicators.
Presolve time = 0.12 sec. (53.53 ticks)
Found incumbent of value 7754.869215 after 0.20 sec. (77.09 ticks)
Probing fixed 10 vars, tightened 0 bounds.
Probing time = 0.03 sec. (5.30 ticks)
Tried aggregator 1 time.
MIP Presolve eliminated 0 rows and 10 columns.
MIP Presolve modified 52 coefficients.
Reduced MIP has 3154 rows, 4082 columns, and 12088 nonzeros.
Reduced MIP has 4082 binaries, 0 generals, 0 SOSs, and 0 indicators.
Presolve time = 0.02 sec. (10.20 ticks)
Probing time = 0.01 sec. (2.84 ticks)
Clique table members: 7349.
MIP emphasis: balance optimality and feasibility.
MIP search method: dynamic search.
Parallel mode: none, using 1 thread.
Root relaxation solution time = 0.01 sec. (5.88 ticks)

        Nodes                                         Cuts/
   Node  Left     Objective  IInf  Best Integer    Best Bound    ItCnt     Gap

*     0+    0                         7754.8692     -261.8807           103.38%
      0     0     1747.2396    12     7754.8692     1747.2396      164   77.47%
*     0+    0                         1789.7214     1747.2396             2.37%
*     0+    0                         1749.9825     1747.2396             0.16%
      0     0     1749.0933     1     1749.9825      Cuts: 33      176    0.05%
*     0+    0                         1749.2684     1749.0933             0.01%
      0     0        cutoff           1749.2684                    176    0.00%
Elapsed time = 0.33 sec. (130.80 ticks, tree = 0.01 MB, solutions = 4)

GUB cover cuts applied:  1
Clique cuts applied:  3
Cover cuts applied:  19
Gomory fractional cuts applied:  10

Root node processing (before b&c):
  Real time             =    0.34 sec. (132.97 ticks)
Sequential b&c:
  Real time             =    0.00 sec. (0.00 ticks)
                          ------------
Total (root+branch&cut) =    0.34 sec. (132.97 ticks)

Solution pool: 4 solutions saved.

MIP - Integer optimal solution:  Objective =  1.7492683960e+03
Solution time =    0.34 sec.  Iterations = 176  Nodes = 0
Deterministic time = 133.09 ticks  (396.67 ticks/sec)

CPLEX> Incumbent solution written to file '/tmp/cmpl.T10115.gsol'.
CPLEX> 
CMPL: Time used for model generation: 2 seconds
CMPL: Time used for solving the model: 2 seconds


Solution written to ASCII file: ../results/output_generated_conf_0.4/2016-02-01-5/unequal.sol

Solver - finished
