CMPL model generation - running

CMPL version: 1.11.0
Authors: Thomas Schleiff, Mike Steglich
Distributed under the GPLv3 

create model instance ...
write model instance ...
CMPL model generation - finished

Solver - running


Welcome to IBM(R) ILOG(R) CPLEX(R) Interactive Optimizer 12.7.1.0
  with Simplex, Mixed Integer & Barrier Optimizers
5725-A06 5725-A29 5724-Y48 5724-Y49 5724-Y54 5724-Y55 5655-Y21
Copyright IBM Corp. 1988, 2017.  All Rights Reserved.

Type 'help' for a list of available commands.
Type 'help' followed by a command name for more
information on commands.

CPLEX> Specified objective sense: MINIMIZE
Selected objective  name:  line[1]
Selected RHS        name:  RHS
Selected bound      name:  BOUND
Problem '/tmp/cmpl.T10296.mps' read.
Read time = 0.05 sec. (9.66 ticks)
CPLEX> CPXPARAM_Read_APIEncoding                        "UTF-8"
Tried aggregator 3 times.
MIP Presolve eliminated 19289 rows and 31068 columns.
MIP Presolve modified 472 coefficients.
Aggregator did 641 substitutions.
Reduced MIP has 2680 rows, 4584 columns, and 14938 nonzeros.
Reduced MIP has 4416 binaries, 0 generals, 0 SOSs, and 0 indicators.
Presolve time = 0.06 sec. (50.64 ticks)
Probing fixed 9 vars, tightened 0 bounds.
Probing time = 0.01 sec. (7.70 ticks)
Tried aggregator 1 time.
MIP Presolve eliminated 0 rows and 9 columns.
MIP Presolve modified 41 coefficients.
Reduced MIP has 2680 rows, 4575 columns, and 14920 nonzeros.
Reduced MIP has 4575 binaries, 0 generals, 0 SOSs, and 0 indicators.
Presolve time = 0.01 sec. (10.83 ticks)
Probing time = 0.01 sec. (3.00 ticks)
Clique table members: 9384.
MIP emphasis: balance optimality and feasibility.
MIP search method: dynamic search.
Parallel mode: none, using 1 thread.
Root relaxation solution time = 0.01 sec. (14.60 ticks)

        Nodes                                         Cuts/
   Node  Left     Objective  IInf  Best Integer    Best Bound    ItCnt     Gap

      0     0     1915.2964     8                   1915.2964      810         
*     0+    0                         1917.5821     1915.2964             0.12%
      0     0     1916.7359     2     1917.5821      Cuts: 14      816    0.04%
*     0+    0                         1916.9599     1916.7359             0.01%
      0     0        cutoff           1916.9599                    816    0.00%
Elapsed time = 0.19 sec. (165.90 ticks, tree = 0.01 MB, solutions = 2)

GUB cover cuts applied:  2
Clique cuts applied:  2
Cover cuts applied:  6
Gomory fractional cuts applied:  4

Root node processing (before b&c):
  Real time             =    0.19 sec. (167.34 ticks)
Sequential b&c:
  Real time             =    0.00 sec. (0.00 ticks)
                          ------------
Total (root+branch&cut) =    0.19 sec. (167.34 ticks)

Solution pool: 2 solutions saved.

MIP - Integer optimal solution:  Objective =  1.9169598950e+03
Solution time =    0.19 sec.  Iterations = 816  Nodes = 0
Deterministic time = 167.44 ticks  (861.25 ticks/sec)

CPLEX> Incumbent solution written to file '/tmp/cmpl.T10296.gsol'.
CPLEX> 
CMPL: Time used for model generation: 1 seconds
CMPL: Time used for solving the model: 1 seconds


Solution written to ASCII file: ../results/output_generated_conf_0.5/2017-04-03-4/equal.sol

Solver - finished
