CMPL model generation - running

CMPL version: 1.11.0
Authors: Thomas Schleiff, Mike Steglich
Distributed under the GPLv3 

create model instance ...
write model instance ...
CMPL model generation - finished

Solver - running


Welcome to IBM(R) ILOG(R) CPLEX(R) Interactive Optimizer 12.7.1.0
  with Simplex, Mixed Integer & Barrier Optimizers
5725-A06 5725-A29 5724-Y48 5724-Y49 5724-Y54 5724-Y55 5655-Y21
Copyright IBM Corp. 1988, 2017.  All Rights Reserved.

Type 'help' for a list of available commands.
Type 'help' followed by a command name for more
information on commands.

CPLEX> Specified objective sense: MINIMIZE
Selected objective  name:  line[1]
Selected RHS        name:  RHS
Selected bound      name:  BOUND
Problem '/tmp/cmpl.T10248.mps' read.
Read time = 0.05 sec. (8.86 ticks)
CPLEX> CPXPARAM_Read_APIEncoding                        "UTF-8"
Tried aggregator 3 times.
MIP Presolve eliminated 19289 rows and 30728 columns.
MIP Presolve modified 340 coefficients.
Aggregator did 641 substitutions.
Reduced MIP has 2510 rows, 3309 columns, and 9645 nonzeros.
Reduced MIP has 3141 binaries, 0 generals, 0 SOSs, and 0 indicators.
Presolve time = 0.05 sec. (41.69 ticks)
Found incumbent of value 7638.564662 after 0.07 sec. (60.98 ticks)
Probing fixed 9 vars, tightened 0 bounds.
Probing time = 0.01 sec. (4.32 ticks)
Tried aggregator 1 time.
MIP Presolve eliminated 0 rows and 9 columns.
MIP Presolve modified 41 coefficients.
Reduced MIP has 2510 rows, 3300 columns, and 9627 nonzeros.
Reduced MIP has 3300 binaries, 0 generals, 0 SOSs, and 0 indicators.
Presolve time = 0.01 sec. (8.16 ticks)
Probing time = 0.01 sec. (2.68 ticks)
Clique table members: 6061.
MIP emphasis: balance optimality and feasibility.
MIP search method: dynamic search.
Parallel mode: none, using 1 thread.
Root relaxation solution time = 0.00 sec. (4.80 ticks)

        Nodes                                         Cuts/
   Node  Left     Objective  IInf  Best Integer    Best Bound    ItCnt     Gap

*     0+    0                         7638.5647     -323.7469           104.24%
      0     0     1903.5795     8     7638.5647     1903.5795      144   75.08%
*     0+    0                         2003.5390     1903.5795             4.99%
*     0+    0                         1905.8652     1903.5795             0.12%
      0     0     1905.0191     2     1905.8652      Cuts: 12      149    0.04%
*     0+    0                         1905.1885     1905.0191             0.01%
      0     0        cutoff           1905.1885     1905.0191      149    0.01%
Elapsed time = 0.13 sec. (107.26 ticks, tree = 0.01 MB, solutions = 4)

GUB cover cuts applied:  2
Cover cuts applied:  6
Gomory fractional cuts applied:  4

Root node processing (before b&c):
  Real time             =    0.13 sec. (109.02 ticks)
Sequential b&c:
  Real time             =    0.00 sec. (0.00 ticks)
                          ------------
Total (root+branch&cut) =    0.13 sec. (109.02 ticks)

Solution pool: 4 solutions saved.

MIP - Integer optimal solution:  Objective =  1.9051884640e+03
Solution time =    0.13 sec.  Iterations = 149  Nodes = 0
Deterministic time = 109.12 ticks  (818.39 ticks/sec)

CPLEX> Incumbent solution written to file '/tmp/cmpl.T10248.gsol'.
CPLEX> 
CMPL: Time used for model generation: 1 seconds
CMPL: Time used for solving the model: 1 seconds


Solution written to ASCII file: ../results/output_generated_conf_0.5/2017-04-03-4/unequal.sol

Solver - finished
