CMPL model generation - running

CMPL version: 1.11.0
Authors: Thomas Schleiff, Mike Steglich
Distributed under the GPLv3 

create model instance ...
write model instance ...
CMPL model generation - finished

Solver - running


Welcome to IBM(R) ILOG(R) CPLEX(R) Interactive Optimizer 12.7.1.0
  with Simplex, Mixed Integer & Barrier Optimizers
5725-A06 5725-A29 5724-Y48 5724-Y49 5724-Y54 5724-Y55 5655-Y21
Copyright IBM Corp. 1988, 2017.  All Rights Reserved.

Type 'help' for a list of available commands.
Type 'help' followed by a command name for more
information on commands.

CPLEX> Specified objective sense: MINIMIZE
Selected objective  name:  line[1]
Selected RHS        name:  RHS
Selected bound      name:  BOUND
Problem '/tmp/cmpl.T10276.mps' read.
Read time = 0.05 sec. (9.67 ticks)
CPLEX> CPXPARAM_Read_APIEncoding                        "UTF-8"
Tried aggregator 3 times.
MIP Presolve eliminated 19288 rows and 31063 columns.
MIP Presolve modified 478 coefficients.
Aggregator did 648 substitutions.
Reduced MIP has 2674 rows, 4582 columns, and 14936 nonzeros.
Reduced MIP has 4414 binaries, 0 generals, 0 SOSs, and 0 indicators.
Presolve time = 0.05 sec. (50.61 ticks)
Probing fixed 8 vars, tightened 0 bounds.
Probing time = 0.01 sec. (7.70 ticks)
Tried aggregator 1 time.
MIP Presolve eliminated 0 rows and 8 columns.
MIP Presolve modified 38 coefficients.
Reduced MIP has 2674 rows, 4574 columns, and 14920 nonzeros.
Reduced MIP has 4574 binaries, 0 generals, 0 SOSs, and 0 indicators.
Presolve time = 0.01 sec. (10.82 ticks)
Probing time = 0.01 sec. (3.01 ticks)
Clique table members: 9377.
MIP emphasis: balance optimality and feasibility.
MIP search method: dynamic search.
Parallel mode: none, using 1 thread.
Root relaxation solution time = 0.01 sec. (12.61 ticks)

        Nodes                                         Cuts/
   Node  Left     Objective  IInf  Best Integer    Best Bound    ItCnt     Gap

      0     0     1987.5492     9                   1987.5492      772         
*     0+    0                         1990.1207     1987.5492             0.13%
      0     0     1989.4237     2     1990.1207      Cuts: 14      780    0.04%
*     0+    0                         1989.9951     1989.4237             0.03%
*     0     0      integral     0     1989.6512       Cuts: 6      784    0.00%
      0     0        cutoff           1989.6512     1989.6512      784    0.00%
Elapsed time = 0.19 sec. (172.51 ticks, tree = 0.01 MB, solutions = 3)

GUB cover cuts applied:  3
Clique cuts applied:  2
Cover cuts applied:  9
Gomory fractional cuts applied:  6

Root node processing (before b&c):
  Real time             =    0.20 sec. (174.19 ticks)
Sequential b&c:
  Real time             =    0.00 sec. (0.00 ticks)
                          ------------
Total (root+branch&cut) =    0.20 sec. (174.19 ticks)

Solution pool: 3 solutions saved.

MIP - Integer optimal solution:  Objective =  1.9896511590e+03
Solution time =    0.20 sec.  Iterations = 784  Nodes = 0
Deterministic time = 174.29 ticks  (886.57 ticks/sec)

CPLEX> Incumbent solution written to file '/tmp/cmpl.T10276.gsol'.
CPLEX> 
CMPL: Time used for model generation: 1 seconds
CMPL: Time used for solving the model: 1 seconds


Solution written to ASCII file: ../results/output_generated_conf_0.5/2016-06-06-4/equal.sol

Solver - finished
