CMPL model generation - running

CMPL version: 1.11.0
Authors: Thomas Schleiff, Mike Steglich
Distributed under the GPLv3 

create model instance ...
write model instance ...
CMPL model generation - finished

Solver - running


Welcome to IBM(R) ILOG(R) CPLEX(R) Interactive Optimizer 12.7.1.0
  with Simplex, Mixed Integer & Barrier Optimizers
5725-A06 5725-A29 5724-Y48 5724-Y49 5724-Y54 5724-Y55 5655-Y21
Copyright IBM Corp. 1988, 2017.  All Rights Reserved.

Type 'help' for a list of available commands.
Type 'help' followed by a command name for more
information on commands.

CPLEX> Specified objective sense: MINIMIZE
Selected objective  name:  line[1]
Selected RHS        name:  RHS
Selected bound      name:  BOUND
Problem '/tmp/cmpl.T10675.mps' read.
Read time = 0.10 sec. (9.69 ticks)
CPLEX> CPXPARAM_Read_APIEncoding                        "UTF-8"
Tried aggregator 3 times.
MIP Presolve eliminated 18996 rows and 30487 columns.
MIP Presolve modified 625 coefficients.
Aggregator did 898 substitutions.
Reduced MIP has 2716 rows, 4908 columns, and 15892 nonzeros.
Reduced MIP has 4740 binaries, 0 generals, 0 SOSs, and 0 indicators.
Presolve time = 0.09 sec. (52.58 ticks)
Probing time = 0.01 sec. (3.05 ticks)
Tried aggregator 1 time.
MIP Presolve eliminated 1 rows and 5 columns.
MIP Presolve modified 3 coefficients.
Reduced MIP has 2715 rows, 4903 columns, and 15878 nonzeros.
Reduced MIP has 4903 binaries, 0 generals, 0 SOSs, and 0 indicators.
Presolve time = 0.02 sec. (12.95 ticks)
Probing time = 0.01 sec. (3.11 ticks)
Clique table members: 3348.
MIP emphasis: balance optimality and feasibility.
MIP search method: dynamic search.
Parallel mode: none, using 1 thread.
Root relaxation solution time = 0.04 sec. (25.42 ticks)

        Nodes                                         Cuts/
   Node  Left     Objective  IInf  Best Integer    Best Bound    ItCnt     Gap

*     0     0      integral     0     7434.5392     7434.5392     1536    0.00%
Elapsed time = 0.29 sec. (161.73 ticks, tree = 0.00 MB, solutions = 1)

Root node processing (before b&c):
  Real time             =    0.30 sec. (162.90 ticks)
Sequential b&c:
  Real time             =    0.00 sec. (0.00 ticks)
                          ------------
Total (root+branch&cut) =    0.30 sec. (162.90 ticks)

Solution pool: 1 solution saved.

MIP - Integer optimal solution:  Objective =  7.4345391760e+03
Solution time =    0.30 sec.  Iterations = 1536  Nodes = 0
Deterministic time = 163.01 ticks  (551.09 ticks/sec)

CPLEX> Incumbent solution written to file '/tmp/cmpl.T10675.gsol'.
CPLEX> 
CMPL: Time used for model generation: 1 seconds
CMPL: Time used for solving the model: 2 seconds


Solution written to ASCII file: ../results/output_generated_conf_0.9/2016-01-04-4/equal.sol

Solver - finished
