CMPL model generation - running

CMPL version: 1.11.0
Authors: Thomas Schleiff, Mike Steglich
Distributed under the GPLv3 

create model instance ...
write model instance ...
CMPL model generation - finished

Solver - running


Welcome to IBM(R) ILOG(R) CPLEX(R) Interactive Optimizer 12.7.1.0
  with Simplex, Mixed Integer & Barrier Optimizers
5725-A06 5725-A29 5724-Y48 5724-Y49 5724-Y54 5724-Y55 5655-Y21
Copyright IBM Corp. 1988, 2017.  All Rights Reserved.

Type 'help' for a list of available commands.
Type 'help' followed by a command name for more
information on commands.

CPLEX> Specified objective sense: MINIMIZE
Selected objective  name:  line[1]
Selected RHS        name:  RHS
Selected bound      name:  BOUND
Problem '/tmp/cmpl.T15525.mps' read.
Read time = 0.07 sec. (11.87 ticks)
CPLEX> CPXPARAM_Read_APIEncoding                        "UTF-8"
Tried aggregator 3 times.
MIP Presolve eliminated 24200 rows and 37872 columns.
MIP Presolve modified 442 coefficients.
Aggregator did 694 substitutions.
Reduced MIP has 3283 rows, 5589 columns, and 18474 nonzeros.
Reduced MIP has 5379 binaries, 0 generals, 0 SOSs, and 0 indicators.
Presolve time = 0.07 sec. (56.59 ticks)
Found incumbent of value 21000.000000 after 0.12 sec. (98.06 ticks)
Probing time = 0.01 sec. (3.27 ticks)
Tried aggregator 1 time.
MIP Presolve eliminated 1 rows and 0 columns.
MIP Presolve modified 3 coefficients.
Reduced MIP has 3282 rows, 5589 columns, and 18470 nonzeros.
Reduced MIP has 5589 binaries, 0 generals, 0 SOSs, and 0 indicators.
Presolve time = 0.02 sec. (15.40 ticks)
Probing time = 0.01 sec. (3.25 ticks)
Clique table members: 4793.
MIP emphasis: balance optimality and feasibility.
MIP search method: dynamic search.
Parallel mode: none, using 1 thread.
Root relaxation solution time = 0.01 sec. (10.00 ticks)

        Nodes                                         Cuts/
   Node  Left     Objective  IInf  Best Integer    Best Bound    ItCnt     Gap

*     0+    0                        21000.0000        0.0000           100.00%
      0     0        0.0000   167    21000.0000        0.0000      278  100.00%
      0     0        0.0000    35    21000.0000       Cuts: 7      293  100.00%
      0     0        0.0000    38    21000.0000     Cuts: 107      380  100.00%
      0     0        0.0000    13    21000.0000      Cuts: 12      388  100.00%
      0     0        0.0000     8    21000.0000      Cuts: 20      407  100.00%
*     0+    0                            0.0000        0.0000             0.00%
      0     0        cutoff              0.0000        0.0000      407    0.00%
Elapsed time = 0.42 sec. (365.34 ticks, tree = 0.01 MB, solutions = 2)

GUB cover cuts applied:  25
Clique cuts applied:  22
Cover cuts applied:  2
Flow cuts applied:  4
Mixed integer rounding cuts applied:  25
Zero-half cuts applied:  21
Lift and project cuts applied:  9
Gomory fractional cuts applied:  14

Root node processing (before b&c):
  Real time             =    0.43 sec. (367.11 ticks)
Sequential b&c:
  Real time             =    0.00 sec. (0.00 ticks)
                          ------------
Total (root+branch&cut) =    0.43 sec. (367.11 ticks)

Solution pool: 2 solutions saved.

MIP - Integer optimal solution:  Objective =  0.0000000000e+00
Solution time =    0.43 sec.  Iterations = 407  Nodes = 0
Deterministic time = 367.23 ticks  (855.33 ticks/sec)

CPLEX> Incumbent solution written to file '/tmp/cmpl.T15525.gsol'.
CPLEX> 
CMPL: Time used for model generation: 2 seconds
CMPL: Time used for solving the model: 1 seconds


Solution written to ASCII file: ../results/results_unfair_conf_0/2016-05-02-5/unequal-unfair.sol

Solver - finished
