CMPL model generation - running

CMPL version: 1.11.0
Authors: Thomas Schleiff, Mike Steglich
Distributed under the GPLv3 

create model instance ...
write model instance ...
CMPL model generation - finished

Solver - running


Welcome to IBM(R) ILOG(R) CPLEX(R) Interactive Optimizer 12.7.1.0
  with Simplex, Mixed Integer & Barrier Optimizers
5725-A06 5725-A29 5724-Y48 5724-Y49 5724-Y54 5724-Y55 5655-Y21
Copyright IBM Corp. 1988, 2017.  All Rights Reserved.

Type 'help' for a list of available commands.
Type 'help' followed by a command name for more
information on commands.

CPLEX> Specified objective sense: MINIMIZE
Selected objective  name:  line[1]
Selected RHS        name:  RHS
Selected bound      name:  BOUND
Problem '/tmp/cmpl.T11064.mps' read.
Read time = 0.06 sec. (11.93 ticks)
CPLEX> CPXPARAM_Read_APIEncoding                        "UTF-8"
Tried aggregator 3 times.
MIP Presolve eliminated 24125 rows and 37730 columns.
MIP Presolve modified 477 coefficients.
Aggregator did 741 substitutions.
Reduced MIP has 3311 rows, 5684 columns, and 18727 nonzeros.
Reduced MIP has 5474 binaries, 0 generals, 0 SOSs, and 0 indicators.
Presolve time = 0.07 sec. (60.79 ticks)
Found incumbent of value 26220.909894 after 0.11 sec. (101.17 ticks)
Probing fixed 14 vars, tightened 0 bounds.
Probing time = 0.02 sec. (9.91 ticks)
Tried aggregator 1 time.
MIP Presolve eliminated 0 rows and 14 columns.
MIP Presolve modified 71 coefficients.
Reduced MIP has 3311 rows, 5670 columns, and 18699 nonzeros.
Reduced MIP has 5670 binaries, 0 generals, 0 SOSs, and 0 indicators.
Presolve time = 0.01 sec. (13.70 ticks)
Probing time = 0.01 sec. (3.24 ticks)
Clique table members: 11510.
MIP emphasis: balance optimality and feasibility.
MIP search method: dynamic search.
Parallel mode: none, using 1 thread.
Root relaxation solution time = 0.02 sec. (20.68 ticks)

        Nodes                                         Cuts/
   Node  Left     Objective  IInf  Best Integer    Best Bound    ItCnt     Gap

*     0+    0                        26220.9099     -362.1429           101.38%
      0     0     2407.0100     8    26220.9099     2407.0100      952   90.82%
*     0+    0                         2408.8386     2407.0100             0.08%
      0     0     2407.7791     2     2408.8386      Cuts: 33     1004    0.04%
*     0+    0                         2408.2363     2407.7791             0.02%
*     0     0      integral     0     2408.0318       Cuts: 8     1010    0.00%
      0     0        cutoff           2408.0318     2408.0318     1010    0.00%
Elapsed time = 0.24 sec. (197.61 ticks, tree = 0.01 MB, solutions = 4)

GUB cover cuts applied:  9
Clique cuts applied:  11
Cover cuts applied:  11
Gomory fractional cuts applied:  10

Root node processing (before b&c):
  Real time             =    0.24 sec. (199.95 ticks)
Sequential b&c:
  Real time             =    0.00 sec. (0.00 ticks)
                          ------------
Total (root+branch&cut) =    0.24 sec. (199.95 ticks)

Solution pool: 4 solutions saved.

MIP - Integer optimal solution:  Objective =  2.4080317870e+03
Solution time =    0.24 sec.  Iterations = 1010  Nodes = 0
Deterministic time = 200.07 ticks  (826.18 ticks/sec)

CPLEX> Incumbent solution written to file '/tmp/cmpl.T11064.gsol'.
CPLEX> 
CMPL: Time used for model generation: 1 seconds
CMPL: Time used for solving the model: 1 seconds


Solution written to ASCII file: ../results/output_generated_rate_0.1/2016-05-02-5/equal.sol

Solver - finished
