CMPL model generation - running

CMPL version: 1.11.0
Authors: Thomas Schleiff, Mike Steglich
Distributed under the GPLv3 

create model instance ...
write model instance ...
CMPL model generation - finished

Solver - running


Welcome to IBM(R) ILOG(R) CPLEX(R) Interactive Optimizer 12.7.1.0
  with Simplex, Mixed Integer & Barrier Optimizers
5725-A06 5725-A29 5724-Y48 5724-Y49 5724-Y54 5724-Y55 5655-Y21
Copyright IBM Corp. 1988, 2017.  All Rights Reserved.

Type 'help' for a list of available commands.
Type 'help' followed by a command name for more
information on commands.

CPLEX> Specified objective sense: MINIMIZE
Selected objective  name:  line[1]
Selected RHS        name:  RHS
Selected bound      name:  BOUND
Problem '/tmp/cmpl.T11014.mps' read.
Read time = 0.06 sec. (10.97 ticks)
CPLEX> CPXPARAM_Read_APIEncoding                        "UTF-8"
Tried aggregator 3 times.
MIP Presolve eliminated 24125 rows and 37730 columns.
MIP Presolve modified 425 coefficients.
Aggregator did 741 substitutions.
Reduced MIP has 3141 rows, 4069 columns, and 12047 nonzeros.
Reduced MIP has 3859 binaries, 0 generals, 0 SOSs, and 0 indicators.
Presolve time = 0.06 sec. (53.27 ticks)
Found incumbent of value 17295.571390 after 0.09 sec. (76.10 ticks)
Probing fixed 14 vars, tightened 0 bounds.
Probing time = 0.01 sec. (5.24 ticks)
Tried aggregator 1 time.
MIP Presolve eliminated 0 rows and 14 columns.
MIP Presolve modified 71 coefficients.
Reduced MIP has 3141 rows, 4055 columns, and 12019 nonzeros.
Reduced MIP has 4055 binaries, 0 generals, 0 SOSs, and 0 indicators.
Presolve time = 0.01 sec. (10.25 ticks)
Probing time = 0.01 sec. (2.83 ticks)
Clique table members: 7410.
MIP emphasis: balance optimality and feasibility.
MIP search method: dynamic search.
Parallel mode: none, using 1 thread.
Root relaxation solution time = 0.01 sec. (7.07 ticks)

        Nodes                                         Cuts/
   Node  Left     Objective  IInf  Best Integer    Best Bound    ItCnt     Gap

*     0+    0                        17295.5714     -362.1429           102.09%
      0     0     2394.3928     8    17295.5714     2394.3928      256   86.16%
*     0+    0                         2396.2214     2394.3928             0.08%
      0     0     2395.1620     2     2396.2214      Cuts: 25      268    0.04%
*     0+    0                         2395.4146     2395.1620             0.01%
      0     0        cutoff           2395.4146                    275    0.00%
Elapsed time = 0.16 sec. (133.02 ticks, tree = 0.01 MB, solutions = 3)

GUB cover cuts applied:  7
Clique cuts applied:  1
Cover cuts applied:  13
Gomory fractional cuts applied:  10

Root node processing (before b&c):
  Real time             =    0.16 sec. (134.90 ticks)
Sequential b&c:
  Real time             =    0.00 sec. (0.00 ticks)
                          ------------
Total (root+branch&cut) =    0.16 sec. (134.90 ticks)

Solution pool: 3 solutions saved.

MIP - Integer optimal solution:  Objective =  2.3954146320e+03
Solution time =    0.16 sec.  Iterations = 275  Nodes = 0
Deterministic time = 135.02 ticks  (843.19 ticks/sec)

CPLEX> Incumbent solution written to file '/tmp/cmpl.T11014.gsol'.
CPLEX> 
CMPL: Time used for model generation: 1 seconds
CMPL: Time used for solving the model: 1 seconds


Solution written to ASCII file: ../results/output_generated_rate_0.1/2016-05-02-5/unequal.sol

Solver - finished
