CMPL model generation - running

CMPL version: 1.11.0
Authors: Thomas Schleiff, Mike Steglich
Distributed under the GPLv3 

create model instance ...
write model instance ...
CMPL model generation - finished

Solver - running


Welcome to IBM(R) ILOG(R) CPLEX(R) Interactive Optimizer 12.7.1.0
  with Simplex, Mixed Integer & Barrier Optimizers
5725-A06 5725-A29 5724-Y48 5724-Y49 5724-Y54 5724-Y55 5655-Y21
Copyright IBM Corp. 1988, 2017.  All Rights Reserved.

Type 'help' for a list of available commands.
Type 'help' followed by a command name for more
information on commands.

CPLEX> Specified objective sense: MINIMIZE
Selected objective  name:  line[1]
Selected RHS        name:  RHS
Selected bound      name:  BOUND
Problem '/tmp/cmpl.T10519.mps' read.
Read time = 0.08 sec. (10.99 ticks)
CPLEX> CPXPARAM_Read_APIEncoding                        "UTF-8"
Tried aggregator 3 times.
MIP Presolve eliminated 23855 rows and 37201 columns.
MIP Presolve modified 425 coefficients.
Aggregator did 968 substitutions.
Reduced MIP has 3184 rows, 4371 columns, and 12927 nonzeros.
Reduced MIP has 4161 binaries, 0 generals, 0 SOSs, and 0 indicators.
Presolve time = 0.08 sec. (52.26 ticks)
Found incumbent of value 26973.600000 after 0.15 sec. (88.93 ticks)
Probing time = 0.01 sec. (2.89 ticks)
Tried aggregator 1 time.
MIP Presolve eliminated 0 rows and 1 columns.
Reduced MIP has 3184 rows, 4370 columns, and 12925 nonzeros.
Reduced MIP has 4370 binaries, 0 generals, 0 SOSs, and 0 indicators.
Presolve time = 0.02 sec. (10.73 ticks)
Probing time = 0.01 sec. (2.95 ticks)
Clique table members: 4711.
MIP emphasis: balance optimality and feasibility.
MIP search method: dynamic search.
Parallel mode: none, using 1 thread.
Root relaxation solution time = 0.01 sec. (10.58 ticks)

        Nodes                                         Cuts/
   Node  Left     Objective  IInf  Best Integer    Best Bound    ItCnt     Gap

*     0+    0                        26973.6000      -18.2286           100.07%
*     0     0      integral     0     5850.0571     5850.0571      527    0.00%
Elapsed time = 0.22 sec. (125.01 ticks, tree = 0.00 MB, solutions = 2)

Root node processing (before b&c):
  Real time             =    0.22 sec. (126.63 ticks)
Sequential b&c:
  Real time             =    0.00 sec. (0.00 ticks)
                          ------------
Total (root+branch&cut) =    0.22 sec. (126.63 ticks)

Solution pool: 2 solutions saved.

MIP - Integer optimal solution:  Objective =  5.8500571460e+03
Solution time =    0.22 sec.  Iterations = 527  Nodes = 0
Deterministic time = 126.75 ticks  (576.08 ticks/sec)

CPLEX> Incumbent solution written to file '/tmp/cmpl.T10519.gsol'.
CPLEX> 
CMPL: Time used for model generation: 2 seconds
CMPL: Time used for solving the model: 1 seconds


Solution written to ASCII file: ../results/output_generated_conf_0.8/2015-11-02-5/unequal.sol

Solver - finished
