CMPL model generation - running

CMPL version: 1.11.0
Authors: Thomas Schleiff, Mike Steglich
Distributed under the GPLv3 

create model instance ...
write model instance ...
CMPL model generation - finished

Solver - running


Welcome to IBM(R) ILOG(R) CPLEX(R) Interactive Optimizer 12.7.1.0
  with Simplex, Mixed Integer & Barrier Optimizers
5725-A06 5725-A29 5724-Y48 5724-Y49 5724-Y54 5724-Y55 5655-Y21
Copyright IBM Corp. 1988, 2017.  All Rights Reserved.

Type 'help' for a list of available commands.
Type 'help' followed by a command name for more
information on commands.

CPLEX> Specified objective sense: MINIMIZE
Selected objective  name:  line[1]
Selected RHS        name:  RHS
Selected bound      name:  BOUND
Problem '/tmp/cmpl.T10012.mps' read.
Read time = 0.06 sec. (8.85 ticks)
CPLEX> CPXPARAM_Read_APIEncoding                        "UTF-8"
Tried aggregator 3 times.
MIP Presolve eliminated 19348 rows and 30837 columns.
MIP Presolve modified 340 coefficients.
Aggregator did 610 substitutions.
Reduced MIP has 2482 rows, 3231 columns, and 9427 nonzeros.
Reduced MIP has 3063 binaries, 0 generals, 0 SOSs, and 0 indicators.
Presolve time = 0.06 sec. (41.54 ticks)
Found incumbent of value 3721.602240 after 0.09 sec. (57.49 ticks)
Probing fixed 6 vars, tightened 0 bounds.
Probing time = 0.01 sec. (4.19 ticks)
Tried aggregator 1 time.
MIP Presolve eliminated 0 rows and 6 columns.
MIP Presolve modified 28 coefficients.
Reduced MIP has 2482 rows, 3225 columns, and 9415 nonzeros.
Reduced MIP has 3225 binaries, 0 generals, 0 SOSs, and 0 indicators.
Presolve time = 0.02 sec. (8.01 ticks)
Probing time = 0.01 sec. (2.67 ticks)
Clique table members: 5869.
MIP emphasis: balance optimality and feasibility.
MIP search method: dynamic search.
Parallel mode: none, using 1 thread.
Root relaxation solution time = 0.01 sec. (4.39 ticks)

        Nodes                                         Cuts/
   Node  Left     Objective  IInf  Best Integer    Best Bound    ItCnt     Gap

*     0+    0                         3721.6022     -562.7497           115.12%
      0     0      895.1680    20     3721.6022      895.1680      104   75.95%
*     0+    0                          998.6834      895.1680            10.37%
*     0+    0                          900.8823      895.1680             0.63%
      0     0      900.1337     6      900.8823      Cuts: 25      115    0.08%
*     0+    0                          900.3863      900.1337             0.03%
*     0     0      integral     0      900.2148       Cuts: 5      117    0.00%
      0     0        cutoff            900.2148      900.2148      117    0.00%
Elapsed time = 0.17 sec. (104.46 ticks, tree = 0.01 MB, solutions = 5)

Clique cuts applied:  4
Cover cuts applied:  16
Zero-half cuts applied:  1
Gomory fractional cuts applied:  9

Root node processing (before b&c):
  Real time             =    0.18 sec. (106.51 ticks)
Sequential b&c:
  Real time             =    0.00 sec. (0.00 ticks)
                          ------------
Total (root+branch&cut) =    0.18 sec. (106.51 ticks)

Solution pool: 5 solutions saved.

MIP - Integer optimal solution:  Objective =  9.0021482700e+02
Solution time =    0.18 sec.  Iterations = 117  Nodes = 0
Deterministic time = 106.60 ticks  (607.35 ticks/sec)

CPLEX> Incumbent solution written to file '/tmp/cmpl.T10012.gsol'.
CPLEX> 
CMPL: Time used for model generation: 1 seconds
CMPL: Time used for solving the model: 1 seconds


Solution written to ASCII file: ../results/output_generated_conf_0.3/2016-01-04-4/unequal.sol

Solver - finished
