CMPL model generation - running

CMPL version: 1.11.0
Authors: Thomas Schleiff, Mike Steglich
Distributed under the GPLv3 

create model instance ...
write model instance ...
CMPL model generation - finished

Solver - running


Welcome to IBM(R) ILOG(R) CPLEX(R) Interactive Optimizer 12.7.1.0
  with Simplex, Mixed Integer & Barrier Optimizers
5725-A06 5725-A29 5724-Y48 5724-Y49 5724-Y54 5724-Y55 5655-Y21
Copyright IBM Corp. 1988, 2017.  All Rights Reserved.

Type 'help' for a list of available commands.
Type 'help' followed by a command name for more
information on commands.

CPLEX> Specified objective sense: MINIMIZE
Selected objective  name:  line[1]
Selected RHS        name:  RHS
Selected bound      name:  BOUND
Problem '/tmp/cmpl.T15527.mps' read.
Read time = 0.06 sec. (9.61 ticks)
CPLEX> CPXPARAM_Read_APIEncoding                        "UTF-8"
Tried aggregator 3 times.
MIP Presolve eliminated 19400 rows and 31271 columns.
MIP Presolve modified 414 coefficients.
Aggregator did 583 substitutions.
Reduced MIP has 2627 rows, 4439 columns, and 14559 nonzeros.
Reduced MIP has 4271 binaries, 0 generals, 0 SOSs, and 0 indicators.
Presolve time = 0.06 sec. (51.66 ticks)
Probing fixed 5 vars, tightened 0 bounds.
Probing time = 0.01 sec. (7.24 ticks)
Tried aggregator 2 times.
MIP Presolve eliminated 2 rows and 5 columns.
MIP Presolve modified 24 coefficients.
Aggregator did 1 substitutions.
Reduced MIP has 2624 rows, 4433 columns, and 14542 nonzeros.
Reduced MIP has 4433 binaries, 0 generals, 0 SOSs, and 0 indicators.
Presolve time = 0.02 sec. (13.89 ticks)
Probing time = 0.01 sec. (3.00 ticks)
Clique table members: 8041.
MIP emphasis: balance optimality and feasibility.
MIP search method: dynamic search.
Parallel mode: none, using 1 thread.
Root relaxation solution time = 0.01 sec. (7.79 ticks)

        Nodes                                         Cuts/
   Node  Left     Objective  IInf  Best Integer    Best Bound    ItCnt     Gap

      0     0        0.0000   126                      0.0000      227         
      0     0        0.0000    51                    Cuts: 52      293         
      0     0        0.0000    45                   Cuts: 143      392         
      0     0        0.0000    35                    Cuts: 74      443         
      0     0        0.0000    48                    Cuts: 45      474         
*     0     0      integral     0        0.0000      Cuts: 13      479    0.00%
      0     0        cutoff              0.0000        0.0000      479    0.00%
Elapsed time = 0.37 sec. (313.15 ticks, tree = 0.01 MB, solutions = 1)

GUB cover cuts applied:  32
Clique cuts applied:  60
Cover cuts applied:  7
Flow cuts applied:  2
Mixed integer rounding cuts applied:  38
Zero-half cuts applied:  34
Lift and project cuts applied:  6
Gomory fractional cuts applied:  12

Root node processing (before b&c):
  Real time             =    0.37 sec. (314.35 ticks)
Sequential b&c:
  Real time             =    0.00 sec. (0.00 ticks)
                          ------------
Total (root+branch&cut) =    0.37 sec. (314.35 ticks)

Solution pool: 1 solution saved.

MIP - Integer optimal solution:  Objective =  0.0000000000e+00
Solution time =    0.37 sec.  Iterations = 479  Nodes = 0
Deterministic time = 314.46 ticks  (846.91 ticks/sec)

CPLEX> Incumbent solution written to file '/tmp/cmpl.T15527.gsol'.
CPLEX> 
CMPL: Time used for model generation: 1 seconds
CMPL: Time used for solving the model: 1 seconds


Solution written to ASCII file: ../results/results_unfair_conf_0/2016-06-06-4/unequal-unfair.sol

Solver - finished
