CMPL model generation - running

CMPL version: 1.11.0
Authors: Thomas Schleiff, Mike Steglich
Distributed under the GPLv3 

create model instance ...
write model instance ...
CMPL model generation - finished

Solver - running


Welcome to IBM(R) ILOG(R) CPLEX(R) Interactive Optimizer 12.7.1.0
  with Simplex, Mixed Integer & Barrier Optimizers
5725-A06 5725-A29 5724-Y48 5724-Y49 5724-Y54 5724-Y55 5655-Y21
Copyright IBM Corp. 1988, 2017.  All Rights Reserved.

Type 'help' for a list of available commands.
Type 'help' followed by a command name for more
information on commands.

CPLEX> Specified objective sense: MINIMIZE
Selected objective  name:  line[1]
Selected RHS        name:  RHS
Selected bound      name:  BOUND
Problem '/tmp/cmpl.T11344.mps' read.
Read time = 0.05 sec. (8.89 ticks)
CPLEX> CPXPARAM_Read_APIEncoding                        "UTF-8"
Tried aggregator 3 times.
MIP Presolve eliminated 18884 rows and 29921 columns.
MIP Presolve modified 340 coefficients.
Aggregator did 1008 substitutions.
Reduced MIP has 2548 rows, 3749 columns, and 10943 nonzeros.
Reduced MIP has 3581 binaries, 0 generals, 0 SOSs, and 0 indicators.
Presolve time = 0.05 sec. (42.67 ticks)
Found incumbent of value 30061.221073 after 0.10 sec. (76.38 ticks)
Probing time = 0.01 sec. (2.72 ticks)
Tried aggregator 1 time.
MIP Presolve eliminated 0 rows and 8 columns.
Reduced MIP has 2548 rows, 3741 columns, and 10927 nonzeros.
Reduced MIP has 3741 binaries, 0 generals, 0 SOSs, and 0 indicators.
Presolve time = 0.01 sec. (9.05 ticks)
Probing time = 0.01 sec. (2.81 ticks)
Clique table members: 3131.
MIP emphasis: balance optimality and feasibility.
MIP search method: dynamic search.
Parallel mode: none, using 1 thread.
Root relaxation solution time = 0.01 sec. (13.53 ticks)

        Nodes                                         Cuts/
   Node  Left     Objective  IInf  Best Integer    Best Bound    ItCnt     Gap

*     0+    0                        30061.2211        0.0000           100.00%
*     0     0      integral     0     9732.5159     9732.5159      904    0.00%
Elapsed time = 0.15 sec. (112.13 ticks, tree = 0.00 MB, solutions = 2)

Root node processing (before b&c):
  Real time             =    0.15 sec. (113.46 ticks)
Sequential b&c:
  Real time             =    0.00 sec. (0.00 ticks)
                          ------------
Total (root+branch&cut) =    0.15 sec. (113.46 ticks)

Solution pool: 2 solutions saved.

MIP - Integer optimal solution:  Objective =  9.7325159120e+03
Solution time =    0.15 sec.  Iterations = 904  Nodes = 0
Deterministic time = 113.56 ticks  (757.65 ticks/sec)

CPLEX> Incumbent solution written to file '/tmp/cmpl.T11344.gsol'.
CPLEX> 
CMPL: Time used for model generation: 1 seconds
CMPL: Time used for solving the model: 1 seconds


Solution written to ASCII file: ../results/output_generated_rate_0.4/2017-02-06-4/unequal.sol

Solver - finished
