CMPL model generation - running

CMPL version: 1.11.0
Authors: Thomas Schleiff, Mike Steglich
Distributed under the GPLv3 

create model instance ...
write model instance ...
CMPL model generation - finished

Solver - running


Welcome to IBM(R) ILOG(R) CPLEX(R) Interactive Optimizer 12.7.1.0
  with Simplex, Mixed Integer & Barrier Optimizers
5725-A06 5725-A29 5724-Y48 5724-Y49 5724-Y54 5724-Y55 5655-Y21
Copyright IBM Corp. 1988, 2017.  All Rights Reserved.

Type 'help' for a list of available commands.
Type 'help' followed by a command name for more
information on commands.

CPLEX> Specified objective sense: MINIMIZE
Selected objective  name:  line[1]
Selected RHS        name:  RHS
Selected bound      name:  BOUND
Problem '/tmp/cmpl.T11182.mps' read.
Read time = 0.05 sec. (9.68 ticks)
CPLEX> CPXPARAM_Read_APIEncoding                        "UTF-8"
Tried aggregator 3 times.
MIP Presolve eliminated 19175 rows and 30843 columns.
MIP Presolve modified 533 coefficients.
Aggregator did 729 substitutions.
Reduced MIP has 2706 rows, 4721 columns, and 15341 nonzeros.
Reduced MIP has 4553 binaries, 0 generals, 0 SOSs, and 0 indicators.
Presolve time = 0.06 sec. (53.01 ticks)
Probing fixed 19 vars, tightened 0 bounds.
Probing time = 0.02 sec. (7.93 ticks)
Tried aggregator 1 time.
MIP Presolve eliminated 1 rows and 19 columns.
MIP Presolve modified 114 coefficients.
Reduced MIP has 2705 rows, 4702 columns, and 15299 nonzeros.
Reduced MIP has 4702 binaries, 0 generals, 0 SOSs, and 0 indicators.
Presolve time = 0.02 sec. (12.54 ticks)
Probing time = 0.01 sec. (3.03 ticks)
Clique table members: 9602.
MIP emphasis: balance optimality and feasibility.
MIP search method: dynamic search.
Parallel mode: none, using 1 thread.
Root relaxation solution time = 0.02 sec. (18.11 ticks)

        Nodes                                         Cuts/
   Node  Left     Objective  IInf  Best Integer    Best Bound    ItCnt     Gap

      0     0     4248.3724     1                   4248.3724     1014         
*     0+    0                         4248.6581     4248.3724             0.01%

Root node processing (before b&c):
  Real time             =    0.22 sec. (165.92 ticks)
Sequential b&c:
  Real time             =    0.00 sec. (0.00 ticks)
                          ------------
Total (root+branch&cut) =    0.22 sec. (165.92 ticks)

Solution pool: 1 solution saved.

MIP - Integer optimal, tolerance (0.0001/1e-06):  Objective =  4.2486580820e+03
Current MIP best bound =  4.2483723675e+03 (gap = 0.285715, 0.01%)
Solution time =    0.22 sec.  Iterations = 1014  Nodes = 0 (1)
Deterministic time = 166.03 ticks  (755.11 ticks/sec)

CPLEX> Incumbent solution written to file '/tmp/cmpl.T11182.gsol'.
CPLEX> 
CMPL: Time used for model generation: 0 seconds
CMPL: Time used for solving the model: 1 seconds


Solution written to ASCII file: ../results/output_generated_rate_0.2/2016-11-07-4/equal.sol

Solver - finished
