CMPL model generation - running

CMPL version: 1.11.0
Authors: Thomas Schleiff, Mike Steglich
Distributed under the GPLv3 

create model instance ...
write model instance ...
CMPL model generation - finished

Solver - running


Welcome to IBM(R) ILOG(R) CPLEX(R) Interactive Optimizer 12.7.1.0
  with Simplex, Mixed Integer & Barrier Optimizers
5725-A06 5725-A29 5724-Y48 5724-Y49 5724-Y54 5724-Y55 5655-Y21
Copyright IBM Corp. 1988, 2017.  All Rights Reserved.

Type 'help' for a list of available commands.
Type 'help' followed by a command name for more
information on commands.

CPLEX> Specified objective sense: MINIMIZE
Selected objective  name:  line[1]
Selected RHS        name:  RHS
Selected bound      name:  BOUND
Problem '/tmp/cmpl.XM9881.mps' read.
Read time = 0.05 sec. (9.66 ticks)
CPLEX> CPXPARAM_Read_APIEncoding                        "UTF-8"
Tried aggregator 3 times.
MIP Presolve eliminated 19390 rows and 31250 columns.
MIP Presolve modified 420 coefficients.
Aggregator did 592 substitutions.
Reduced MIP has 2628 rows, 4451 columns, and 14593 nonzeros.
Reduced MIP has 4283 binaries, 0 generals, 0 SOSs, and 0 indicators.
Presolve time = 0.05 sec. (51.69 ticks)
Found incumbent of value 19971.083441 after 0.09 sec. (83.38 ticks)
Probing fixed 6 vars, tightened 0 bounds.
Probing time = 0.01 sec. (7.28 ticks)
Tried aggregator 1 time.
MIP Presolve eliminated 0 rows and 6 columns.
MIP Presolve modified 24 coefficients.
Reduced MIP has 2628 rows, 4445 columns, and 14581 nonzeros.
Reduced MIP has 4445 binaries, 0 generals, 0 SOSs, and 0 indicators.
Presolve time = 0.01 sec. (10.58 ticks)
Probing time = 0.01 sec. (3.01 ticks)
Clique table members: 8055.
MIP emphasis: balance optimality and feasibility.
MIP search method: dynamic search.
Parallel mode: none, using 1 thread.
Root relaxation solution time = 0.01 sec. (16.39 ticks)

        Nodes                                         Cuts/
   Node  Left     Objective  IInf  Best Integer    Best Bound    ItCnt     Gap

*     0+    0                        19971.0834     -282.1055           101.41%
      0     0      333.3892    15    19971.0834      333.3892      945   98.33%
*     0+    0                          630.7894      333.3892            47.15%
*     0+    0                          337.6749      333.3892             1.27%
      0     0        cutoff            337.6749                    945    0.00%
Elapsed time = 0.16 sec. (139.78 ticks, tree = 0.01 MB, solutions = 3)

Root node processing (before b&c):
  Real time             =    0.17 sec. (141.45 ticks)
Sequential b&c:
  Real time             =    0.00 sec. (0.00 ticks)
                          ------------
Total (root+branch&cut) =    0.17 sec. (141.45 ticks)

Solution pool: 3 solutions saved.

MIP - Integer optimal solution:  Objective =  3.3767493600e+02
Solution time =    0.17 sec.  Iterations = 945  Nodes = 0
Deterministic time = 141.56 ticks  (845.54 ticks/sec)

CPLEX> Incumbent solution written to file '/tmp/cmpl.XM9881.gsol'.
CPLEX> 
CMPL: Time used for model generation: 1 seconds
CMPL: Time used for solving the model: 0 seconds


Solution written to ASCII file: ../results/output_generated_conf_0.1/2017-04-03-4/equal.sol

Solver - finished
