CMPL model generation - running

CMPL version: 1.11.0
Authors: Thomas Schleiff, Mike Steglich
Distributed under the GPLv3 

create model instance ...
write model instance ...
CMPL model generation - finished

Solver - running


Welcome to IBM(R) ILOG(R) CPLEX(R) Interactive Optimizer 12.7.1.0
  with Simplex, Mixed Integer & Barrier Optimizers
5725-A06 5725-A29 5724-Y48 5724-Y49 5724-Y54 5724-Y55 5655-Y21
Copyright IBM Corp. 1988, 2017.  All Rights Reserved.

Type 'help' for a list of available commands.
Type 'help' followed by a command name for more
information on commands.

CPLEX> Specified objective sense: MINIMIZE
Selected objective  name:  line[1]
Selected RHS        name:  RHS
Selected bound      name:  BOUND
Problem '/tmp/cmpl.XM9784.mps' read.
Read time = 0.07 sec. (9.66 ticks)
CPLEX> CPXPARAM_Read_APIEncoding                        "UTF-8"
Tried aggregator 3 times.
MIP Presolve eliminated 19414 rows and 31277 columns.
MIP Presolve modified 414 coefficients.
Aggregator did 565 substitutions.
Reduced MIP has 2631 rows, 4451 columns, and 14589 nonzeros.
Reduced MIP has 4283 binaries, 0 generals, 0 SOSs, and 0 indicators.
Presolve time = 0.07 sec. (49.82 ticks)
Probing time = 0.01 sec. (3.04 ticks)
Tried aggregator 2 times.
MIP Presolve eliminated 2 rows and 0 columns.
MIP Presolve modified 6 coefficients.
Aggregator did 1 substitutions.
Reduced MIP has 2628 rows, 4450 columns, and 14582 nonzeros.
Reduced MIP has 4450 binaries, 0 generals, 0 SOSs, and 0 indicators.
Presolve time = 0.02 sec. (13.42 ticks)
Probing time = 0.01 sec. (2.99 ticks)
Clique table members: 5040.
MIP emphasis: balance optimality and feasibility.
MIP search method: dynamic search.
Parallel mode: none, using 1 thread.
Root relaxation solution time = 0.02 sec. (14.84 ticks)

        Nodes                                         Cuts/
   Node  Left     Objective  IInf  Best Integer    Best Bound    ItCnt     Gap

      0     0       27.0357    22                     27.0357      864         
*     0+    0                           33.3215       27.0357            18.86%
      0     0        cutoff             33.3215                    864    0.00%
Elapsed time = 0.23 sec. (153.66 ticks, tree = 0.01 MB, solutions = 1)

Root node processing (before b&c):
  Real time             =    0.23 sec. (154.85 ticks)
Sequential b&c:
  Real time             =    0.00 sec. (0.00 ticks)
                          ------------
Total (root+branch&cut) =    0.23 sec. (154.85 ticks)

Solution pool: 1 solution saved.

MIP - Integer optimal solution:  Objective =  3.3321461000e+01
Solution time =    0.23 sec.  Iterations = 864  Nodes = 0
Deterministic time = 154.96 ticks  (675.49 ticks/sec)

CPLEX> Incumbent solution written to file '/tmp/cmpl.XM9784.gsol'.
CPLEX> 
CMPL: Time used for model generation: 1 seconds
CMPL: Time used for solving the model: 1 seconds


Solution written to ASCII file: ../results/output_generated_conf_0/2017-06-05-4/equal.sol

Solver - finished
