CMPL model generation - running

CMPL version: 1.11.0
Authors: Thomas Schleiff, Mike Steglich
Distributed under the GPLv3 

create model instance ...
write model instance ...
CMPL model generation - finished

Solver - running


Welcome to IBM(R) ILOG(R) CPLEX(R) Interactive Optimizer 12.7.1.0
  with Simplex, Mixed Integer & Barrier Optimizers
5725-A06 5725-A29 5724-Y48 5724-Y49 5724-Y54 5724-Y55 5655-Y21
Copyright IBM Corp. 1988, 2017.  All Rights Reserved.

Type 'help' for a list of available commands.
Type 'help' followed by a command name for more
information on commands.

CPLEX> Specified objective sense: MINIMIZE
Selected objective  name:  line[1]
Selected RHS        name:  RHS
Selected bound      name:  BOUND
Problem '/tmp/cmpl.T11750.mps' read.
Read time = 0.05 sec. (8.92 ticks)
CPLEX> CPXPARAM_Read_APIEncoding                        "UTF-8"
Tried aggregator 3 times.
MIP Presolve eliminated 18568 rows and 29291 columns.
MIP Presolve modified 401 coefficients.
Aggregator did 1323 substitutions.
Reduced MIP has 2549 rows, 4064 columns, and 11892 nonzeros.
Reduced MIP has 3896 binaries, 0 generals, 0 SOSs, and 0 indicators.
Presolve time = 0.05 sec. (45.80 ticks)
Found incumbent of value 36076.481426 after 0.10 sec. (85.28 ticks)
Probing time = 0.01 sec. (2.68 ticks)
Tried aggregator 1 time.
MIP Presolve eliminated 1 rows and 35 columns.
MIP Presolve modified 3 coefficients.
Reduced MIP has 2548 rows, 4029 columns, and 11818 nonzeros.
Reduced MIP has 4029 binaries, 0 generals, 0 SOSs, and 0 indicators.
Presolve time = 0.01 sec. (11.57 ticks)
Probing time = 0.01 sec. (2.82 ticks)
Clique table members: 3446.
MIP emphasis: balance optimality and feasibility.
MIP search method: dynamic search.
Parallel mode: none, using 1 thread.
Root relaxation solution time = 0.02 sec. (15.81 ticks)

        Nodes                                         Cuts/
   Node  Left     Objective  IInf  Best Integer    Best Bound    ItCnt     Gap

*     0+    0                        36076.4814        0.0000           100.00%
*     0     0      integral     0    15718.4238    15718.4238     1092    0.00%
Elapsed time = 0.15 sec. (126.49 ticks, tree = 0.00 MB, solutions = 2)

Root node processing (before b&c):
  Real time             =    0.15 sec. (127.81 ticks)
Sequential b&c:
  Real time             =    0.00 sec. (0.00 ticks)
                          ------------
Total (root+branch&cut) =    0.15 sec. (127.81 ticks)

Solution pool: 2 solutions saved.

MIP - Integer optimal solution:  Objective =  1.5718423802e+04
Solution time =    0.15 sec.  Iterations = 1092  Nodes = 0
Deterministic time = 127.91 ticks  (825.75 ticks/sec)

CPLEX> Incumbent solution written to file '/tmp/cmpl.T11750.gsol'.
CPLEX> 
CMPL: Time used for model generation: 1 seconds
CMPL: Time used for solving the model: 0 seconds


Solution written to ASCII file: ../results/output_generated_rate_0.8/2016-07-04-4/unequal.sol

Solver - finished
