CMPL model generation - running

CMPL version: 1.11.0
Authors: Thomas Schleiff, Mike Steglich
Distributed under the GPLv3 

create model instance ...
write model instance ...
CMPL model generation - finished

Solver - running


Welcome to IBM(R) ILOG(R) CPLEX(R) Interactive Optimizer 12.7.1.0
  with Simplex, Mixed Integer & Barrier Optimizers
5725-A06 5725-A29 5724-Y48 5724-Y49 5724-Y54 5724-Y55 5655-Y21
Copyright IBM Corp. 1988, 2017.  All Rights Reserved.

Type 'help' for a list of available commands.
Type 'help' followed by a command name for more
information on commands.

CPLEX> Specified objective sense: MINIMIZE
Selected objective  name:  line[1]
Selected RHS        name:  RHS
Selected bound      name:  BOUND
Problem '/tmp/cmpl.T11639.mps' read.
Read time = 0.05 sec. (8.91 ticks)
CPLEX> CPXPARAM_Read_APIEncoding                        "UTF-8"
Tried aggregator 3 times.
MIP Presolve eliminated 18625 rows and 29403 columns.
MIP Presolve modified 340 coefficients.
Aggregator did 1267 substitutions.
Reduced MIP has 2548 rows, 4008 columns, and 11720 nonzeros.
Reduced MIP has 3840 binaries, 0 generals, 0 SOSs, and 0 indicators.
Presolve time = 0.05 sec. (43.47 ticks)
Found incumbent of value 34961.847718 after 0.09 sec. (78.98 ticks)
Probing time = 0.01 sec. (2.69 ticks)
Tried aggregator 1 time.
MIP Presolve eliminated 0 rows and 37 columns.
Reduced MIP has 2548 rows, 3971 columns, and 11646 nonzeros.
Reduced MIP has 3971 binaries, 0 generals, 0 SOSs, and 0 indicators.
Presolve time = 0.01 sec. (10.11 ticks)
Probing time = 0.01 sec. (2.81 ticks)
Clique table members: 3390.
MIP emphasis: balance optimality and feasibility.
MIP search method: dynamic search.
Parallel mode: none, using 1 thread.
Root relaxation solution time = 0.01 sec. (15.11 ticks)

        Nodes                                         Cuts/
   Node  Left     Objective  IInf  Best Integer    Best Bound    ItCnt     Gap

*     0+    0                        34961.8477        0.0000           100.00%
*     0     0      integral     0    14657.7749    14657.7749      977    0.00%
Elapsed time = 0.14 sec. (117.92 ticks, tree = 0.00 MB, solutions = 2)

Root node processing (before b&c):
  Real time             =    0.14 sec. (119.24 ticks)
Sequential b&c:
  Real time             =    0.00 sec. (0.00 ticks)
                          ------------
Total (root+branch&cut) =    0.14 sec. (119.24 ticks)

Solution pool: 2 solutions saved.

MIP - Integer optimal solution:  Objective =  1.4657774864e+04
Solution time =    0.14 sec.  Iterations = 977  Nodes = 0
Deterministic time = 119.34 ticks  (829.72 ticks/sec)

CPLEX> Incumbent solution written to file '/tmp/cmpl.T11639.gsol'.
CPLEX> 
CMPL: Time used for model generation: 1 seconds
CMPL: Time used for solving the model: 0 seconds


Solution written to ASCII file: ../results/output_generated_rate_0.7/2016-04-04-4/unequal.sol

Solver - finished
