CMPL model generation - running

CMPL version: 1.11.0
Authors: Thomas Schleiff, Mike Steglich
Distributed under the GPLv3 

create model instance ...
write model instance ...
CMPL model generation - finished

Solver - running


Welcome to IBM(R) ILOG(R) CPLEX(R) Interactive Optimizer 12.7.1.0
  with Simplex, Mixed Integer & Barrier Optimizers
5725-A06 5725-A29 5724-Y48 5724-Y49 5724-Y54 5724-Y55 5655-Y21
Copyright IBM Corp. 1988, 2017.  All Rights Reserved.

Type 'help' for a list of available commands.
Type 'help' followed by a command name for more
information on commands.

CPLEX> Specified objective sense: MINIMIZE
Selected objective  name:  line[1]
Selected RHS        name:  RHS
Selected bound      name:  BOUND
Problem '/tmp/cmpl.XM9920.mps' read.
Read time = 0.08 sec. (8.85 ticks)
CPLEX> CPXPARAM_Read_APIEncoding                        "UTF-8"
Tried aggregator 3 times.
MIP Presolve eliminated 19371 rows and 30879 columns.
MIP Presolve modified 340 coefficients.
Aggregator did 592 substitutions.
Reduced MIP has 2477 rows, 3207 columns, and 9363 nonzeros.
Reduced MIP has 3039 binaries, 0 generals, 0 SOSs, and 0 indicators.
Presolve time = 0.06 sec. (42.98 ticks)
Found incumbent of value 4196.159193 after 0.09 sec. (58.33 ticks)
Probing fixed 7 vars, tightened 0 bounds.
Probing time = 0.02 sec. (4.12 ticks)
Tried aggregator 1 time.
MIP Presolve eliminated 0 rows and 7 columns.
MIP Presolve modified 26 coefficients.
Reduced MIP has 2477 rows, 3200 columns, and 9349 nonzeros.
Reduced MIP has 3200 binaries, 0 generals, 0 SOSs, and 0 indicators.
Presolve time = 0.01 sec. (8.00 ticks)
Probing time = 0.01 sec. (2.66 ticks)
Clique table members: 5696.
MIP emphasis: balance optimality and feasibility.
MIP search method: dynamic search.
Parallel mode: none, using 1 thread.
Root relaxation solution time = 0.01 sec. (4.34 ticks)

        Nodes                                         Cuts/
   Node  Left     Objective  IInf  Best Integer    Best Bound    ItCnt     Gap

*     0+    0                         4196.1592     -506.1721           112.06%
      0     0      609.9916    21     4196.1592      609.9916       93   85.46%
*     0+    0                          987.6605      609.9916            38.24%
*     0+    0                          615.9916      609.9916             0.97%
      0     0      615.5094     1      615.9916      Cuts: 17       99    0.08%
*     0+    0                          615.5895      615.5094             0.01%
      0     0        cutoff            615.5895                     99    0.00%
Elapsed time = 0.17 sec. (102.02 ticks, tree = 0.01 MB, solutions = 4)

GUB cover cuts applied:  1
Clique cuts applied:  2
Cover cuts applied:  9
Gomory fractional cuts applied:  5

Root node processing (before b&c):
  Real time             =    0.18 sec. (103.78 ticks)
Sequential b&c:
  Real time             =    0.00 sec. (0.00 ticks)
                          ------------
Total (root+branch&cut) =    0.18 sec. (103.78 ticks)

Solution pool: 4 solutions saved.

MIP - Integer optimal solution:  Objective =  6.1558951200e+02
Solution time =    0.18 sec.  Iterations = 99  Nodes = 0
Deterministic time = 103.88 ticks  (591.16 ticks/sec)

CPLEX> Incumbent solution written to file '/tmp/cmpl.XM9920.gsol'.
CPLEX> 
CMPL: Time used for model generation: 1 seconds
CMPL: Time used for solving the model: 1 seconds


Solution written to ASCII file: ../results/output_generated_conf_0.2/2016-09-05-4/unequal.sol

Solver - finished
