CMPL model generation - running

CMPL version: 1.11.0
Authors: Thomas Schleiff, Mike Steglich
Distributed under the GPLv3 

create model instance ...
write model instance ...
CMPL model generation - finished

Solver - running


Welcome to IBM(R) ILOG(R) CPLEX(R) Interactive Optimizer 12.7.1.0
  with Simplex, Mixed Integer & Barrier Optimizers
5725-A06 5725-A29 5724-Y48 5724-Y49 5724-Y54 5724-Y55 5655-Y21
Copyright IBM Corp. 1988, 2017.  All Rights Reserved.

Type 'help' for a list of available commands.
Type 'help' followed by a command name for more
information on commands.

CPLEX> Specified objective sense: MINIMIZE
Selected objective  name:  line[1]
Selected RHS        name:  RHS
Selected bound      name:  BOUND
Problem '/tmp/cmpl.T10170.mps' read.
Read time = 0.05 sec. (9.66 ticks)
CPLEX> CPXPARAM_Read_APIEncoding                        "UTF-8"
Tried aggregator 3 times.
MIP Presolve eliminated 19324 rows and 31135 columns.
MIP Presolve modified 454 coefficients.
Aggregator did 625 substitutions.
Reduced MIP has 2661 rows, 4533 columns, and 14799 nonzeros.
Reduced MIP has 4365 binaries, 0 generals, 0 SOSs, and 0 indicators.
Presolve time = 0.05 sec. (50.42 ticks)
Probing fixed 6 vars, tightened 0 bounds.
Probing time = 0.01 sec. (7.58 ticks)
Tried aggregator 1 time.
MIP Presolve eliminated 0 rows and 6 columns.
MIP Presolve modified 32 coefficients.
Reduced MIP has 2661 rows, 4527 columns, and 14787 nonzeros.
Reduced MIP has 4527 binaries, 0 generals, 0 SOSs, and 0 indicators.
Presolve time = 0.01 sec. (10.70 ticks)
Probing time = 0.01 sec. (3.00 ticks)
Clique table members: 9293.
MIP emphasis: balance optimality and feasibility.
MIP search method: dynamic search.
Parallel mode: none, using 1 thread.
Root relaxation solution time = 0.01 sec. (13.97 ticks)

        Nodes                                         Cuts/
   Node  Left     Objective  IInf  Best Integer    Best Bound    ItCnt     Gap

      0     0     1314.8382    11                   1314.8382      843         
*     0+    0                         1476.7260     1314.8382            10.96%
*     0+    0                         1317.9810     1314.8382             0.24%
      0     0     1317.6999     2     1317.9810      Cuts: 15      851    0.02%
*     0+    0                         1317.9740     1317.6999             0.02%
      0     0        cutoff           1317.9740                    851    0.00%
Elapsed time = 0.19 sec. (166.21 ticks, tree = 0.01 MB, solutions = 3)

Cover cuts applied:  10
Gomory fractional cuts applied:  5

Root node processing (before b&c):
  Real time             =    0.19 sec. (167.89 ticks)
Sequential b&c:
  Real time             =    0.00 sec. (0.00 ticks)
                          ------------
Total (root+branch&cut) =    0.19 sec. (167.89 ticks)

Solution pool: 3 solutions saved.

MIP - Integer optimal solution:  Objective =  1.3179740150e+03
Solution time =    0.19 sec.  Iterations = 851  Nodes = 0
Deterministic time = 167.99 ticks  (870.81 ticks/sec)

CPLEX> Incumbent solution written to file '/tmp/cmpl.T10170.gsol'.
CPLEX> 
CMPL: Time used for model generation: 1 seconds
CMPL: Time used for solving the model: 1 seconds


Solution written to ASCII file: ../results/output_generated_conf_0.4/2016-04-04-4/equal.sol

Solver - finished
