CMPL model generation - running

CMPL version: 1.11.0
Authors: Thomas Schleiff, Mike Steglich
Distributed under the GPLv3 

create model instance ...
write model instance ...
CMPL model generation - finished

Solver - running


Welcome to IBM(R) ILOG(R) CPLEX(R) Interactive Optimizer 12.7.1.0
  with Simplex, Mixed Integer & Barrier Optimizers
5725-A06 5725-A29 5724-Y48 5724-Y49 5724-Y54 5724-Y55 5655-Y21
Copyright IBM Corp. 1988, 2017.  All Rights Reserved.

Type 'help' for a list of available commands.
Type 'help' followed by a command name for more
information on commands.

CPLEX> Specified objective sense: MINIMIZE
Selected objective  name:  line[1]
Selected RHS        name:  RHS
Selected bound      name:  BOUND
Problem '/tmp/cmpl.T10119.mps' read.
Read time = 0.06 sec. (8.85 ticks)
CPLEX> CPXPARAM_Read_APIEncoding                        "UTF-8"
Tried aggregator 3 times.
MIP Presolve eliminated 19324 rows and 30795 columns.
MIP Presolve modified 340 coefficients.
Aggregator did 625 substitutions.
Reduced MIP has 2491 rows, 3258 columns, and 9506 nonzeros.
Reduced MIP has 3090 binaries, 0 generals, 0 SOSs, and 0 indicators.
Presolve time = 0.06 sec. (41.59 ticks)
Found incumbent of value 6393.477435 after 0.09 sec. (58.54 ticks)
Probing fixed 6 vars, tightened 0 bounds.
Probing time = 0.01 sec. (4.22 ticks)
Tried aggregator 1 time.
MIP Presolve eliminated 0 rows and 6 columns.
MIP Presolve modified 32 coefficients.
Reduced MIP has 2491 rows, 3252 columns, and 9494 nonzeros.
Reduced MIP has 3252 binaries, 0 generals, 0 SOSs, and 0 indicators.
Presolve time = 0.01 sec. (8.05 ticks)
Probing time = 0.01 sec. (2.67 ticks)
Clique table members: 5828.
MIP emphasis: balance optimality and feasibility.
MIP search method: dynamic search.
Parallel mode: none, using 1 thread.
Root relaxation solution time = 0.01 sec. (4.51 ticks)

        Nodes                                         Cuts/
   Node  Left     Objective  IInf  Best Integer    Best Bound    ItCnt     Gap

*     0+    0                         6393.4774     -423.9726           106.63%
      0     0     1303.1198    12     6393.4774     1303.1198      119   79.62%
*     0+    0                         1425.6234     1303.1198             8.59%
*     0+    0                         1306.5484     1303.1198             0.26%
      0     0     1305.9841     2     1306.5484      Cuts: 22      126    0.04%
      0     0     1305.9957     1     1306.5484       Cuts: 6      128    0.04%
*     0+    0                         1306.2582     1305.9957             0.02%
      0     0        cutoff           1306.2582     1305.9957      128    0.02%
Elapsed time = 0.15 sec. (105.38 ticks, tree = 0.01 MB, solutions = 4)

GUB cover cuts applied:  1
Clique cuts applied:  4
Cover cuts applied:  15
Gomory fractional cuts applied:  8

Root node processing (before b&c):
  Real time             =    0.16 sec. (107.15 ticks)
Sequential b&c:
  Real time             =    0.00 sec. (0.00 ticks)
                          ------------
Total (root+branch&cut) =    0.16 sec. (107.15 ticks)

Solution pool: 4 solutions saved.

MIP - Integer optimal solution:  Objective =  1.3062582090e+03
Solution time =    0.16 sec.  Iterations = 128  Nodes = 0
Deterministic time = 107.24 ticks  (670.61 ticks/sec)

CPLEX> Incumbent solution written to file '/tmp/cmpl.T10119.gsol'.
CPLEX> 
CMPL: Time used for model generation: 1 seconds
CMPL: Time used for solving the model: 1 seconds


Solution written to ASCII file: ../results/output_generated_conf_0.4/2016-04-04-4/unequal.sol

Solver - finished
