CMPL model generation - running

CMPL version: 1.11.0
Authors: Thomas Schleiff, Mike Steglich
Distributed under the GPLv3 

create model instance ...
write model instance ...
CMPL model generation - finished

Solver - running


Welcome to IBM(R) ILOG(R) CPLEX(R) Interactive Optimizer 12.7.1.0
  with Simplex, Mixed Integer & Barrier Optimizers
5725-A06 5725-A29 5724-Y48 5724-Y49 5724-Y54 5724-Y55 5655-Y21
Copyright IBM Corp. 1988, 2017.  All Rights Reserved.

Type 'help' for a list of available commands.
Type 'help' followed by a command name for more
information on commands.

CPLEX> Specified objective sense: MINIMIZE
Selected objective  name:  line[1]
Selected RHS        name:  RHS
Selected bound      name:  BOUND
Problem '/tmp/cmpl.T10357.mps' read.
Read time = 0.05 sec. (8.86 ticks)
CPLEX> CPXPARAM_Read_APIEncoding                        "UTF-8"
Tried aggregator 3 times.
MIP Presolve eliminated 19248 rows and 30647 columns.
MIP Presolve modified 340 coefficients.
Aggregator did 677 substitutions.
Reduced MIP has 2515 rows, 3354 columns, and 9776 nonzeros.
Reduced MIP has 3186 binaries, 0 generals, 0 SOSs, and 0 indicators.
Presolve time = 0.05 sec. (43.30 ticks)
Found incumbent of value 11331.586714 after 0.09 sec. (74.60 ticks)
Probing fixed 15 vars, tightened 0 bounds.
Probing time = 0.01 sec. (4.39 ticks)
Tried aggregator 1 time.
MIP Presolve eliminated 0 rows and 15 columns.
MIP Presolve modified 75 coefficients.
Reduced MIP has 2515 rows, 3339 columns, and 9746 nonzeros.
Reduced MIP has 3339 binaries, 0 generals, 0 SOSs, and 0 indicators.
Presolve time = 0.01 sec. (8.30 ticks)
Probing time = 0.01 sec. (2.70 ticks)
Clique table members: 6007.
MIP emphasis: balance optimality and feasibility.
MIP search method: dynamic search.
Parallel mode: none, using 1 thread.
Root relaxation solution time = 0.01 sec. (5.98 ticks)

        Nodes                                         Cuts/
   Node  Left     Objective  IInf  Best Integer    Best Bound    ItCnt     Gap

*     0+    0                        11331.5867     -302.8589           102.67%
      0     0     2713.0621     9    11331.5867     2713.0621      238   76.06%
*     0+    0                         2794.3926     2713.0621             2.91%
*     0+    0                         2715.6335     2713.0621             0.09%
*     0     0      integral     0     2715.1769      Cuts: 15      242    0.00%
      0     0        cutoff           2715.1769     2715.1769      242    0.00%
Elapsed time = 0.15 sec. (119.10 ticks, tree = 0.01 MB, solutions = 4)

Clique cuts applied:  3
Cover cuts applied:  8
Gomory fractional cuts applied:  4

Root node processing (before b&c):
  Real time             =    0.15 sec. (120.86 ticks)
Sequential b&c:
  Real time             =    0.00 sec. (0.00 ticks)
                          ------------
Total (root+branch&cut) =    0.15 sec. (120.86 ticks)

Solution pool: 4 solutions saved.

MIP - Integer optimal solution:  Objective =  2.7151769490e+03
Solution time =    0.15 sec.  Iterations = 242  Nodes = 0
Deterministic time = 120.96 ticks  (803.82 ticks/sec)

CPLEX> Incumbent solution written to file '/tmp/cmpl.T10357.gsol'.
CPLEX> 
CMPL: Time used for model generation: 1 seconds
CMPL: Time used for solving the model: 1 seconds


Solution written to ASCII file: ../results/output_generated_conf_0.6/2017-08-07-4/unequal.sol

Solver - finished
