CMPL model generation - running

CMPL version: 1.11.0
Authors: Thomas Schleiff, Mike Steglich
Distributed under the GPLv3 

create model instance ...
write model instance ...
CMPL model generation - finished

Solver - running


Welcome to IBM(R) ILOG(R) CPLEX(R) Interactive Optimizer 12.7.1.0
  with Simplex, Mixed Integer & Barrier Optimizers
5725-A06 5725-A29 5724-Y48 5724-Y49 5724-Y54 5724-Y55 5655-Y21
Copyright IBM Corp. 1988, 2017.  All Rights Reserved.

Type 'help' for a list of available commands.
Type 'help' followed by a command name for more
information on commands.

CPLEX> Specified objective sense: MINIMIZE
Selected objective  name:  line[1]
Selected RHS        name:  RHS
Selected bound      name:  BOUND
Problem '/tmp/cmpl.T11250.mps' read.
Read time = 0.05 sec. (8.88 ticks)
CPLEX> CPXPARAM_Read_APIEncoding                        "UTF-8"
Tried aggregator 3 times.
MIP Presolve eliminated 19017 rows and 30187 columns.
MIP Presolve modified 340 coefficients.
Aggregator did 877 substitutions.
Reduced MIP has 2546 rows, 3614 columns, and 10540 nonzeros.
Reduced MIP has 3446 binaries, 0 generals, 0 SOSs, and 0 indicators.
Presolve time = 0.05 sec. (42.36 ticks)
Found incumbent of value 26697.814054 after 0.09 sec. (72.30 ticks)
Probing time = 0.01 sec. (2.74 ticks)
Tried aggregator 1 time.
MIP Presolve eliminated 0 rows and 5 columns.
Reduced MIP has 2546 rows, 3609 columns, and 10530 nonzeros.
Reduced MIP has 3609 binaries, 0 generals, 0 SOSs, and 0 indicators.
Presolve time = 0.01 sec. (8.74 ticks)
Probing time = 0.01 sec. (2.79 ticks)
Clique table members: 3783.
MIP emphasis: balance optimality and feasibility.
MIP search method: dynamic search.
Parallel mode: none, using 1 thread.
Root relaxation solution time = 0.01 sec. (12.46 ticks)

        Nodes                                         Cuts/
   Node  Left     Objective  IInf  Best Integer    Best Bound    ItCnt     Gap

*     0+    0                        26697.8141        0.0000           100.00%
*     0     0      integral     0     7144.5797     7144.5797      598    0.00%
Elapsed time = 0.13 sec. (106.71 ticks, tree = 0.00 MB, solutions = 2)

Root node processing (before b&c):
  Real time             =    0.13 sec. (107.99 ticks)
Sequential b&c:
  Real time             =    0.00 sec. (0.00 ticks)
                          ------------
Total (root+branch&cut) =    0.13 sec. (107.99 ticks)

Solution pool: 2 solutions saved.

MIP - Integer optimal solution:  Objective =  7.1445796800e+03
Solution time =    0.13 sec.  Iterations = 598  Nodes = 0
Deterministic time = 108.09 ticks  (802.13 ticks/sec)

CPLEX> Incumbent solution written to file '/tmp/cmpl.T11250.gsol'.
CPLEX> 
CMPL: Time used for model generation: 1 seconds
CMPL: Time used for solving the model: 0 seconds


Solution written to ASCII file: ../results/output_generated_rate_0.3/2017-06-05-4/unequal.sol

Solver - finished
