CMPL model generation - running

CMPL version: 1.11.0
Authors: Thomas Schleiff, Mike Steglich
Distributed under the GPLv3 

create model instance ...
write model instance ...
CMPL model generation - finished

Solver - running


Welcome to IBM(R) ILOG(R) CPLEX(R) Interactive Optimizer 12.7.1.0
  with Simplex, Mixed Integer & Barrier Optimizers
5725-A06 5725-A29 5724-Y48 5724-Y49 5724-Y54 5724-Y55 5655-Y21
Copyright IBM Corp. 1988, 2017.  All Rights Reserved.

Type 'help' for a list of available commands.
Type 'help' followed by a command name for more
information on commands.

CPLEX> Specified objective sense: MINIMIZE
Selected objective  name:  line[1]
Selected RHS        name:  RHS
Selected bound      name:  BOUND
Problem '/tmp/cmpl.T10687.mps' read.
Read time = 0.08 sec. (9.69 ticks)
CPLEX> CPXPARAM_Read_APIEncoding                        "UTF-8"
Tried aggregator 3 times.
MIP Presolve eliminated 18993 rows and 30481 columns.
MIP Presolve modified 624 coefficients.
Aggregator did 900 substitutions.
Reduced MIP has 2717 rows, 4912 columns, and 15904 nonzeros.
Reduced MIP has 4744 binaries, 0 generals, 0 SOSs, and 0 indicators.
Presolve time = 0.09 sec. (52.63 ticks)
Found incumbent of value 26584.904581 after 0.17 sec. (89.39 ticks)
Probing time = 0.01 sec. (3.05 ticks)
Tried aggregator 1 time.
MIP Presolve eliminated 1 rows and 3 columns.
MIP Presolve modified 4 coefficients.
Reduced MIP has 2716 rows, 4909 columns, and 15894 nonzeros.
Reduced MIP has 4909 binaries, 0 generals, 0 SOSs, and 0 indicators.
Presolve time = 0.02 sec. (12.93 ticks)
Probing time = 0.01 sec. (3.12 ticks)
Clique table members: 3337.
MIP emphasis: balance optimality and feasibility.
MIP search method: dynamic search.
Parallel mode: none, using 1 thread.
Root relaxation solution time = 0.02 sec. (21.19 ticks)

        Nodes                                         Cuts/
   Node  Left     Objective  IInf  Best Integer    Best Bound    ItCnt     Gap

*     0+    0                        26584.9046      -40.5013           100.15%
*     0     0      integral     0     7537.6064     7537.6064     1317    0.00%
Elapsed time = 0.26 sec. (140.14 ticks, tree = 0.00 MB, solutions = 2)

Root node processing (before b&c):
  Real time             =    0.26 sec. (141.56 ticks)
Sequential b&c:
  Real time             =    0.00 sec. (0.00 ticks)
                          ------------
Total (root+branch&cut) =    0.26 sec. (141.56 ticks)

Solution pool: 2 solutions saved.

MIP - Integer optimal solution:  Objective =  7.5376063800e+03
Solution time =    0.26 sec.  Iterations = 1317  Nodes = 0
Deterministic time = 141.66 ticks  (546.89 ticks/sec)

CPLEX> Incumbent solution written to file '/tmp/cmpl.T10687.gsol'.
CPLEX> 
CMPL: Time used for model generation: 1 seconds
CMPL: Time used for solving the model: 1 seconds


Solution written to ASCII file: ../results/output_generated_conf_0.9/2016-07-04-4/equal.sol

Solver - finished
