CMPL model generation - running

CMPL version: 1.11.0
Authors: Thomas Schleiff, Mike Steglich
Distributed under the GPLv3 

create model instance ...
write model instance ...
CMPL model generation - finished

Solver - running


Welcome to IBM(R) ILOG(R) CPLEX(R) Interactive Optimizer 12.7.1.0
  with Simplex, Mixed Integer & Barrier Optimizers
5725-A06 5725-A29 5724-Y48 5724-Y49 5724-Y54 5724-Y55 5655-Y21
Copyright IBM Corp. 1988, 2017.  All Rights Reserved.

Type 'help' for a list of available commands.
Type 'help' followed by a command name for more
information on commands.

CPLEX> Specified objective sense: MINIMIZE
Selected objective  name:  line[1]
Selected RHS        name:  RHS
Selected bound      name:  BOUND
Problem '/tmp/cmpl.T11264.mps' read.
Read time = 0.05 sec. (9.69 ticks)
CPLEX> CPXPARAM_Read_APIEncoding                        "UTF-8"
Tried aggregator 3 times.
MIP Presolve eliminated 19033 rows and 30559 columns.
MIP Presolve modified 604 coefficients.
Aggregator did 860 substitutions.
Reduced MIP has 2717 rows, 4874 columns, and 15786 nonzeros.
Reduced MIP has 4706 binaries, 0 generals, 0 SOSs, and 0 indicators.
Presolve time = 0.06 sec. (52.44 ticks)
Probing time = 0.01 sec. (3.06 ticks)
Tried aggregator 1 time.
MIP Presolve eliminated 0 rows and 3 columns.
Reduced MIP has 2717 rows, 4871 columns, and 15780 nonzeros.
Reduced MIP has 4871 binaries, 0 generals, 0 SOSs, and 0 indicators.
Presolve time = 0.01 sec. (11.44 ticks)
Probing time = 0.01 sec. (3.12 ticks)
Clique table members: 3235.
MIP emphasis: balance optimality and feasibility.
MIP search method: dynamic search.
Parallel mode: none, using 1 thread.
Root relaxation solution time = 0.02 sec. (20.47 ticks)

        Nodes                                         Cuts/
   Node  Left     Objective  IInf  Best Integer    Best Bound    ItCnt     Gap

      0     0     6901.9952     8                   6901.9952     1250         
*     0+    0                         6901.9952     6901.9952             0.00%
      0     0        cutoff           6901.9952     6901.9952     1250    0.00%
Elapsed time = 0.19 sec. (157.18 ticks, tree = 0.01 MB, solutions = 1)

Root node processing (before b&c):
  Real time             =    0.19 sec. (158.36 ticks)
Sequential b&c:
  Real time             =    0.00 sec. (0.00 ticks)
                          ------------
Total (root+branch&cut) =    0.19 sec. (158.36 ticks)

Solution pool: 1 solution saved.

MIP - Integer optimal solution:  Objective =  6.9019951950e+03
Solution time =    0.19 sec.  Iterations = 1250  Nodes = 0
Deterministic time = 158.46 ticks  (832.71 ticks/sec)

CPLEX> Incumbent solution written to file '/tmp/cmpl.T11264.gsol'.
CPLEX> 
CMPL: Time used for model generation: 0 seconds
CMPL: Time used for solving the model: 1 seconds


Solution written to ASCII file: ../results/output_generated_rate_0.3/2016-01-04-4/equal.sol

Solver - finished
