CMPL model generation - running

CMPL version: 1.11.0
Authors: Thomas Schleiff, Mike Steglich
Distributed under the GPLv3 

create model instance ...
write model instance ...
CMPL model generation - finished

Solver - running


Welcome to IBM(R) ILOG(R) CPLEX(R) Interactive Optimizer 12.7.1.0
  with Simplex, Mixed Integer & Barrier Optimizers
5725-A06 5725-A29 5724-Y48 5724-Y49 5724-Y54 5724-Y55 5655-Y21
Copyright IBM Corp. 1988, 2017.  All Rights Reserved.

Type 'help' for a list of available commands.
Type 'help' followed by a command name for more
information on commands.

CPLEX> Specified objective sense: MINIMIZE
Selected objective  name:  line[1]
Selected RHS        name:  RHS
Selected bound      name:  BOUND
Problem '/tmp/cmpl.T11214.mps' read.
Read time = 0.05 sec. (8.88 ticks)
CPLEX> CPXPARAM_Read_APIEncoding                        "UTF-8"
Tried aggregator 3 times.
MIP Presolve eliminated 19033 rows and 30219 columns.
MIP Presolve modified 340 coefficients.
Aggregator did 860 substitutions.
Reduced MIP has 2547 rows, 3599 columns, and 10493 nonzeros.
Reduced MIP has 3431 binaries, 0 generals, 0 SOSs, and 0 indicators.
Presolve time = 0.05 sec. (42.31 ticks)
Found incumbent of value 26826.815653 after 0.09 sec. (70.28 ticks)
Probing fixed 38 vars, tightened 0 bounds.
Probing time = 0.01 sec. (4.77 ticks)
Tried aggregator 1 time.
MIP Presolve eliminated 0 rows and 38 columns.
MIP Presolve modified 274 coefficients.
Reduced MIP has 2547 rows, 3561 columns, and 10417 nonzeros.
Reduced MIP has 3561 binaries, 0 generals, 0 SOSs, and 0 indicators.
Presolve time = 0.01 sec. (10.17 ticks)
Probing time = 0.01 sec. (2.71 ticks)
Clique table members: 6452.
MIP emphasis: balance optimality and feasibility.
MIP search method: dynamic search.
Parallel mode: none, using 1 thread.
Root relaxation solution time = 0.01 sec. (11.33 ticks)

        Nodes                                         Cuts/
   Node  Left     Objective  IInf  Best Integer    Best Bound    ItCnt     Gap

*     0+    0                        26826.8157      -20.1874           100.08%
*     0     0      integral     0     6891.0558     6891.0558      597    0.00%
Elapsed time = 0.14 sec. (107.63 ticks, tree = 0.00 MB, solutions = 2)

Root node processing (before b&c):
  Real time             =    0.14 sec. (108.92 ticks)
Sequential b&c:
  Real time             =    0.00 sec. (0.00 ticks)
                          ------------
Total (root+branch&cut) =    0.14 sec. (108.92 ticks)

Solution pool: 2 solutions saved.

MIP - Integer optimal solution:  Objective =  6.8910557600e+03
Solution time =    0.14 sec.  Iterations = 597  Nodes = 0
Deterministic time = 109.02 ticks  (778.15 ticks/sec)

CPLEX> Incumbent solution written to file '/tmp/cmpl.T11214.gsol'.
CPLEX> 
CMPL: Time used for model generation: 0 seconds
CMPL: Time used for solving the model: 1 seconds


Solution written to ASCII file: ../results/output_generated_rate_0.3/2016-01-04-4/unequal.sol

Solver - finished
