CMPL model generation - running

CMPL version: 1.11.0
Authors: Thomas Schleiff, Mike Steglich
Distributed under the GPLv3 

create model instance ...
write model instance ...
CMPL model generation - finished

Solver - running


Welcome to IBM(R) ILOG(R) CPLEX(R) Interactive Optimizer 12.7.1.0
  with Simplex, Mixed Integer & Barrier Optimizers
5725-A06 5725-A29 5724-Y48 5724-Y49 5724-Y54 5724-Y55 5655-Y21
Copyright IBM Corp. 1988, 2017.  All Rights Reserved.

Type 'help' for a list of available commands.
Type 'help' followed by a command name for more
information on commands.

CPLEX> Specified objective sense: MINIMIZE
Selected objective  name:  line[1]
Selected RHS        name:  RHS
Selected bound      name:  BOUND
Problem '/tmp/cmpl.T10784.mps' read.
Read time = 0.05 sec. (9.75 ticks)
CPLEX> CPXPARAM_Read_APIEncoding                        "UTF-8"
Tried aggregator 3 times.
MIP Presolve eliminated 18483 rows and 29463 columns.
MIP Presolve modified 1012 coefficients.
Aggregator did 1406 substitutions.
Reduced MIP has 2721 rows, 5424 columns, and 17440 nonzeros.
Reduced MIP has 5256 binaries, 0 generals, 0 SOSs, and 0 indicators.
Presolve time = 0.06 sec. (56.80 ticks)
Probing time = 0.01 sec. (3.01 ticks)
Tried aggregator 1 time.
MIP Presolve eliminated 0 rows and 52 columns.
Reduced MIP has 2721 rows, 5372 columns, and 17336 nonzeros.
Reduced MIP has 5372 binaries, 0 generals, 0 SOSs, and 0 indicators.
Presolve time = 0.02 sec. (14.74 ticks)
Probing time = 0.01 sec. (3.14 ticks)
Clique table members: 3655.
MIP emphasis: balance optimality and feasibility.
MIP search method: dynamic search.
Parallel mode: none, using 1 thread.
Root relaxation solution time = 0.04 sec. (35.47 ticks)

        Nodes                                         Cuts/
   Node  Left     Objective  IInf  Best Integer    Best Bound    ItCnt     Gap

*     0     0      integral     0    17370.8229    17370.8229     2147    0.00%
Elapsed time = 0.21 sec. (183.02 ticks, tree = 0.00 MB, solutions = 1)

Root node processing (before b&c):
  Real time             =    0.21 sec. (184.19 ticks)
Sequential b&c:
  Real time             =    0.00 sec. (0.00 ticks)
                          ------------
Total (root+branch&cut) =    0.21 sec. (184.19 ticks)

Solution pool: 1 solution saved.

MIP - Integer optimal solution:  Objective =  1.7370822948e+04
Solution time =    0.21 sec.  Iterations = 2147  Nodes = 0
Deterministic time = 184.29 ticks  (861.74 ticks/sec)

CPLEX> Incumbent solution written to file '/tmp/cmpl.T10784.gsol'.
CPLEX> 
CMPL: Time used for model generation: 1 seconds
CMPL: Time used for solving the model: 1 seconds


Solution written to ASCII file: ../results/output_generated_conf_1/2016-04-04-4/equal.sol

Solver - finished
