CMPL model generation - running

CMPL version: 1.11.0
Authors: Thomas Schleiff, Mike Steglich
Distributed under the GPLv3 

create model instance ...
write model instance ...
CMPL model generation - finished

Solver - running


Welcome to IBM(R) ILOG(R) CPLEX(R) Interactive Optimizer 12.7.1.0
  with Simplex, Mixed Integer & Barrier Optimizers
5725-A06 5725-A29 5724-Y48 5724-Y49 5724-Y54 5724-Y55 5655-Y21
Copyright IBM Corp. 1988, 2017.  All Rights Reserved.

Type 'help' for a list of available commands.
Type 'help' followed by a command name for more
information on commands.

CPLEX> Specified objective sense: MINIMIZE
Selected objective  name:  line[1]
Selected RHS        name:  RHS
Selected bound      name:  BOUND
Problem '/tmp/cmpl.T10037.mps' read.
Read time = 0.07 sec. (8.85 ticks)
CPLEX> CPXPARAM_Read_APIEncoding                        "UTF-8"
Tried aggregator 3 times.
MIP Presolve eliminated 19342 rows and 30825 columns.
MIP Presolve modified 340 coefficients.
Aggregator did 609 substitutions.
Reduced MIP has 2489 rows, 3244 columns, and 9470 nonzeros.
Reduced MIP has 3076 binaries, 0 generals, 0 SOSs, and 0 indicators.
Presolve time = 0.04 sec. (41.55 ticks)
Found incumbent of value 3843.358874 after 0.07 sec. (57.30 ticks)
Probing fixed 4 vars, tightened 0 bounds.
Probing time = 0.01 sec. (4.21 ticks)
Tried aggregator 1 time.
MIP Presolve eliminated 0 rows and 4 columns.
MIP Presolve modified 16 coefficients.
Reduced MIP has 2489 rows, 3240 columns, and 9462 nonzeros.
Reduced MIP has 3240 binaries, 0 generals, 0 SOSs, and 0 indicators.
Presolve time = 0.01 sec. (7.99 ticks)
Probing time = 0.01 sec. (2.67 ticks)
Clique table members: 5914.
MIP emphasis: balance optimality and feasibility.
MIP search method: dynamic search.
Parallel mode: none, using 1 thread.
Root relaxation solution time = 0.00 sec. (4.41 ticks)

        Nodes                                         Cuts/
   Node  Left     Objective  IInf  Best Integer    Best Bound    ItCnt     Gap

*     0+    0                         3843.3589     -340.5118           108.86%
      0     0      998.0148     9     3843.3589      998.0148       88   74.03%
*     0+    0                         1118.4510      998.0148            10.77%
*     0+    0                         1000.5863      998.0148             0.26%
      0     0     1000.3011     1     1000.5863       Cuts: 9       92    0.03%
*     0+    0                         1000.5050     1000.3011             0.02%
      0     0        cutoff           1000.5050     1000.3011       97    0.02%
Elapsed time = 0.12 sec. (102.29 ticks, tree = 0.01 MB, solutions = 4)

Cover cuts applied:  6
Gomory fractional cuts applied:  3

Root node processing (before b&c):
  Real time             =    0.12 sec. (104.06 ticks)
Sequential b&c:
  Real time             =    0.00 sec. (0.00 ticks)
                          ------------
Total (root+branch&cut) =    0.12 sec. (104.06 ticks)

Solution pool: 4 solutions saved.

MIP - Integer optimal solution:  Objective =  1.0005049760e+03
Solution time =    0.12 sec.  Iterations = 97  Nodes = 0
Deterministic time = 104.16 ticks  (833.82 ticks/sec)

CPLEX> Incumbent solution written to file '/tmp/cmpl.T10037.gsol'.
CPLEX> 
CMPL: Time used for model generation: 1 seconds
CMPL: Time used for solving the model: 0 seconds


Solution written to ASCII file: ../results/output_generated_conf_0.3/2017-01-09-4/unequal.sol

Solver - finished
