CMPL model generation - running

CMPL version: 1.11.0
Authors: Thomas Schleiff, Mike Steglich
Distributed under the GPLv3 

create model instance ...
write model instance ...
CMPL model generation - finished

Solver - running


Welcome to IBM(R) ILOG(R) CPLEX(R) Interactive Optimizer 12.7.1.0
  with Simplex, Mixed Integer & Barrier Optimizers
5725-A06 5725-A29 5724-Y48 5724-Y49 5724-Y54 5724-Y55 5655-Y21
Copyright IBM Corp. 1988, 2017.  All Rights Reserved.

Type 'help' for a list of available commands.
Type 'help' followed by a command name for more
information on commands.

CPLEX> Specified objective sense: MINIMIZE
Selected objective  name:  line[1]
Selected RHS        name:  RHS
Selected bound      name:  BOUND
Problem '/tmp/cmpl.T10693.mps' read.
Read time = 0.13 sec. (11.97 ticks)
CPLEX> CPXPARAM_Read_APIEncoding                        "UTF-8"
Tried aggregator 3 times.
MIP Presolve eliminated 23705 rows and 36901 columns.
MIP Presolve modified 665 coefficients.
Aggregator did 1117 substitutions.
Reduced MIP has 3355 rows, 6137 columns, and 20060 nonzeros.
Reduced MIP has 5927 binaries, 0 generals, 0 SOSs, and 0 indicators.
Presolve time = 0.14 sec. (61.55 ticks)
Probing time = 0.01 sec. (3.29 ticks)
Tried aggregator 1 time.
MIP Presolve eliminated 0 rows and 6 columns.
Reduced MIP has 3355 rows, 6131 columns, and 20048 nonzeros.
Reduced MIP has 6131 binaries, 0 generals, 0 SOSs, and 0 indicators.
Presolve time = 0.03 sec. (14.50 ticks)
Probing time = 0.02 sec. (3.36 ticks)
Clique table members: 3877.
MIP emphasis: balance optimality and feasibility.
MIP search method: dynamic search.
Parallel mode: none, using 1 thread.
Root relaxation solution time = 0.05 sec. (30.78 ticks)

        Nodes                                         Cuts/
   Node  Left     Objective  IInf  Best Integer    Best Bound    ItCnt     Gap

*     0     0      integral     0     9295.3135     9295.3135     1759    0.00%
Elapsed time = 0.43 sec. (188.25 ticks, tree = 0.00 MB, solutions = 1)

Root node processing (before b&c):
  Real time             =    0.43 sec. (189.69 ticks)
Sequential b&c:
  Real time             =    0.00 sec. (0.00 ticks)
                          ------------
Total (root+branch&cut) =    0.43 sec. (189.69 ticks)

Solution pool: 1 solution saved.

MIP - Integer optimal solution:  Objective =  9.2953135210e+03
Solution time =    0.43 sec.  Iterations = 1759  Nodes = 0
Deterministic time = 189.82 ticks  (438.60 ticks/sec)

CPLEX> Incumbent solution written to file '/tmp/cmpl.T10693.gsol'.
CPLEX> 
CMPL: Time used for model generation: 2 seconds
CMPL: Time used for solving the model: 2 seconds


Solution written to ASCII file: ../results/output_generated_conf_0.9/2016-10-03-5/equal.sol

Solver - finished
