CMPL model generation - running

CMPL version: 1.11.0
Authors: Thomas Schleiff, Mike Steglich
Distributed under the GPLv3 

create model instance ...
write model instance ...
CMPL model generation - finished

Solver - running


Welcome to IBM(R) ILOG(R) CPLEX(R) Interactive Optimizer 12.7.1.0
  with Simplex, Mixed Integer & Barrier Optimizers
5725-A06 5725-A29 5724-Y48 5724-Y49 5724-Y54 5724-Y55 5655-Y21
Copyright IBM Corp. 1988, 2017.  All Rights Reserved.

Type 'help' for a list of available commands.
Type 'help' followed by a command name for more
information on commands.

CPLEX> Specified objective sense: MINIMIZE
Selected objective  name:  line[1]
Selected RHS        name:  RHS
Selected bound      name:  BOUND
Problem '/tmp/cmpl.T10603.mps' read.
Read time = 0.05 sec. (9.68 ticks)
CPLEX> CPXPARAM_Read_APIEncoding                        "UTF-8"
Tried aggregator 3 times.
MIP Presolve eliminated 19122 rows and 30741 columns.
MIP Presolve modified 542 coefficients.
Aggregator did 774 substitutions.
Reduced MIP has 2714 rows, 4778 columns, and 15506 nonzeros.
Reduced MIP has 4610 binaries, 0 generals, 0 SOSs, and 0 indicators.
Presolve time = 0.06 sec. (51.56 ticks)
Found incumbent of value 25305.041714 after 0.10 sec. (87.58 ticks)
Probing fixed 28 vars, tightened 0 bounds.
Probing time = 0.01 sec. (8.03 ticks)
Tried aggregator 2 times.
MIP Presolve eliminated 2 rows and 28 columns.
MIP Presolve modified 186 coefficients.
Aggregator did 1 substitutions.
Reduced MIP has 2711 rows, 4749 columns, and 15443 nonzeros.
Reduced MIP has 4749 binaries, 0 generals, 0 SOSs, and 0 indicators.
Presolve time = 0.02 sec. (14.30 ticks)
Probing time = 0.01 sec. (3.03 ticks)
Clique table members: 9666.
MIP emphasis: balance optimality and feasibility.
MIP search method: dynamic search.
Parallel mode: none, using 1 thread.
Root relaxation solution time = 0.02 sec. (18.04 ticks)

        Nodes                                         Cuts/
   Node  Left     Objective  IInf  Best Integer    Best Bound    ItCnt     Gap

*     0+    0                        25305.0417      -60.3277           100.24%
*     0     0      integral     0     5015.5322     5015.5322     1140    0.00%
Elapsed time = 0.17 sec. (142.84 ticks, tree = 0.00 MB, solutions = 2)

Root node processing (before b&c):
  Real time             =    0.17 sec. (144.27 ticks)
Sequential b&c:
  Real time             =    0.00 sec. (0.00 ticks)
                          ------------
Total (root+branch&cut) =    0.17 sec. (144.27 ticks)

Solution pool: 2 solutions saved.

MIP - Integer optimal solution:  Objective =  5.0155322160e+03
Solution time =    0.17 sec.  Iterations = 1140  Nodes = 0
Deterministic time = 144.38 ticks  (831.38 ticks/sec)

CPLEX> Incumbent solution written to file '/tmp/cmpl.T10603.gsol'.
CPLEX> 
CMPL: Time used for model generation: 1 seconds
CMPL: Time used for solving the model: 1 seconds


Solution written to ASCII file: ../results/output_generated_conf_0.8/2017-04-03-4/equal.sol

Solver - finished
