CMPL model generation - running

CMPL version: 1.11.0
Authors: Thomas Schleiff, Mike Steglich
Distributed under the GPLv3 

create model instance ...
write model instance ...
CMPL model generation - finished

Solver - running


Welcome to IBM(R) ILOG(R) CPLEX(R) Interactive Optimizer 12.7.1.0
  with Simplex, Mixed Integer & Barrier Optimizers
5725-A06 5725-A29 5724-Y48 5724-Y49 5724-Y54 5724-Y55 5655-Y21
Copyright IBM Corp. 1988, 2017.  All Rights Reserved.

Type 'help' for a list of available commands.
Type 'help' followed by a command name for more
information on commands.

CPLEX> Specified objective sense: MINIMIZE
Selected objective  name:  line[1]
Selected RHS        name:  RHS
Selected bound      name:  BOUND
Problem '/tmp/cmpl.T10121.mps' read.
Read time = 0.09 sec. (10.97 ticks)
CPLEX> CPXPARAM_Read_APIEncoding                        "UTF-8"
Tried aggregator 3 times.
MIP Presolve eliminated 24113 rows and 37712 columns.
MIP Presolve modified 425 coefficients.
Aggregator did 748 substitutions.
Reduced MIP has 3146 rows, 4080 columns, and 12074 nonzeros.
Reduced MIP has 3870 binaries, 0 generals, 0 SOSs, and 0 indicators.
Presolve time = 0.09 sec. (53.50 ticks)
Found incumbent of value 15564.722248 after 0.16 sec. (106.29 ticks)
Probing fixed 12 vars, tightened 0 bounds.
Probing time = 0.01 sec. (5.26 ticks)
Tried aggregator 1 time.
MIP Presolve eliminated 0 rows and 12 columns.
MIP Presolve modified 62 coefficients.
Reduced MIP has 3146 rows, 4068 columns, and 12050 nonzeros.
Reduced MIP has 4068 binaries, 0 generals, 0 SOSs, and 0 indicators.
Presolve time = 0.01 sec. (10.21 ticks)
Probing time = 0.01 sec. (2.84 ticks)
Clique table members: 7372.
MIP emphasis: balance optimality and feasibility.
MIP search method: dynamic search.
Parallel mode: none, using 1 thread.
Root relaxation solution time = 0.01 sec. (5.78 ticks)

        Nodes                                         Cuts/
   Node  Left     Objective  IInf  Best Integer    Best Bound    ItCnt     Gap

*     0+    0                        15564.7222     -381.5563           102.45%
      0     0     1575.3734    15    15564.7222     1575.3734      143   89.88%
*     0+    0                         1737.1536     1575.3734             9.31%
*     0+    0                         1578.8019     1575.3734             0.22%
*     0     0      integral     0     1578.5834      Cuts: 29      155    0.00%
      0     0        cutoff           1578.5834     1578.5834      155    0.00%
Elapsed time = 0.23 sec. (155.44 ticks, tree = 0.01 MB, solutions = 4)

Clique cuts applied:  5
Cover cuts applied:  16
Gomory fractional cuts applied:  8

Root node processing (before b&c):
  Real time             =    0.24 sec. (157.60 ticks)
Sequential b&c:
  Real time             =    0.00 sec. (0.00 ticks)
                          ------------
Total (root+branch&cut) =    0.24 sec. (157.60 ticks)

Solution pool: 4 solutions saved.

MIP - Integer optimal solution:  Objective =  1.5785834290e+03
Solution time =    0.24 sec.  Iterations = 155  Nodes = 0
Deterministic time = 157.73 ticks  (668.33 ticks/sec)

CPLEX> Incumbent solution written to file '/tmp/cmpl.T10121.gsol'.
CPLEX> 
CMPL: Time used for model generation: 1 seconds
CMPL: Time used for solving the model: 1 seconds


Solution written to ASCII file: ../results/output_generated_conf_0.4/2016-05-02-5/unequal.sol

Solver - finished
