CMPL model generation - running

CMPL version: 1.11.0
Authors: Thomas Schleiff, Mike Steglich
Distributed under the GPLv3 

create model instance ...
write model instance ...
CMPL model generation - finished

Solver - running


Welcome to IBM(R) ILOG(R) CPLEX(R) Interactive Optimizer 12.7.1.0
  with Simplex, Mixed Integer & Barrier Optimizers
5725-A06 5725-A29 5724-Y48 5724-Y49 5724-Y54 5724-Y55 5655-Y21
Copyright IBM Corp. 1988, 2017.  All Rights Reserved.

Type 'help' for a list of available commands.
Type 'help' followed by a command name for more
information on commands.

CPLEX> Specified objective sense: MINIMIZE
Selected objective  name:  line[1]
Selected RHS        name:  RHS
Selected bound      name:  BOUND
Problem '/tmp/cmpl.T10709.mps' read.
Read time = 0.07 sec. (11.98 ticks)
CPLEX> CPXPARAM_Read_APIEncoding                        "UTF-8"
Tried aggregator 3 times.
MIP Presolve eliminated 23657 rows and 36805 columns.
MIP Presolve modified 697 coefficients.
Aggregator did 1165 substitutions.
Reduced MIP has 3355 rows, 6185 columns, and 20204 nonzeros.
Reduced MIP has 5975 binaries, 0 generals, 0 SOSs, and 0 indicators.
Presolve time = 0.09 sec. (61.82 ticks)
Found incumbent of value 35698.009639 after 0.16 sec. (106.62 ticks)
Probing time = 0.01 sec. (3.29 ticks)
Tried aggregator 1 time.
MIP Presolve eliminated 0 rows and 7 columns.
Reduced MIP has 3355 rows, 6178 columns, and 20190 nonzeros.
Reduced MIP has 6178 binaries, 0 generals, 0 SOSs, and 0 indicators.
Presolve time = 0.02 sec. (14.67 ticks)
Probing time = 0.01 sec. (3.37 ticks)
Clique table members: 3987.
MIP emphasis: balance optimality and feasibility.
MIP search method: dynamic search.
Parallel mode: none, using 1 thread.
Root relaxation solution time = 0.03 sec. (28.33 ticks)

        Nodes                                         Cuts/
   Node  Left     Objective  IInf  Best Integer    Best Bound    ItCnt     Gap

*     0+    0                        35698.0096        0.0000           100.00%
*     0     0      integral     0    10246.4269    10246.4269     1548    0.00%
Elapsed time = 0.25 sec. (169.26 ticks, tree = 0.00 MB, solutions = 2)

Root node processing (before b&c):
  Real time             =    0.25 sec. (170.99 ticks)
Sequential b&c:
  Real time             =    0.00 sec. (0.00 ticks)
                          ------------
Total (root+branch&cut) =    0.25 sec. (170.99 ticks)

Solution pool: 2 solutions saved.

MIP - Integer optimal solution:  Objective =  1.0246426938e+04
Solution time =    0.25 sec.  Iterations = 1548  Nodes = 0
Deterministic time = 171.12 ticks  (687.57 ticks/sec)

CPLEX> Incumbent solution written to file '/tmp/cmpl.T10709.gsol'.
CPLEX> 
CMPL: Time used for model generation: 1 seconds
CMPL: Time used for solving the model: 1 seconds


Solution written to ASCII file: ../results/output_generated_conf_0.9/2017-05-01-5/equal.sol

Solver - finished
