CMPL model generation - running

CMPL version: 1.11.0
Authors: Thomas Schleiff, Mike Steglich
Distributed under the GPLv3 

create model instance ...
write model instance ...
CMPL model generation - finished

Solver - running


Welcome to IBM(R) ILOG(R) CPLEX(R) Interactive Optimizer 12.7.1.0
  with Simplex, Mixed Integer & Barrier Optimizers
5725-A06 5725-A29 5724-Y48 5724-Y49 5724-Y54 5724-Y55 5655-Y21
Copyright IBM Corp. 1988, 2017.  All Rights Reserved.

Type 'help' for a list of available commands.
Type 'help' followed by a command name for more
information on commands.

CPLEX> Specified objective sense: MINIMIZE
Selected objective  name:  line[1]
Selected RHS        name:  RHS
Selected bound      name:  BOUND
Problem '/tmp/cmpl.T10027.mps' read.
Read time = 0.08 sec. (10.97 ticks)
CPLEX> CPXPARAM_Read_APIEncoding                        "UTF-8"
Tried aggregator 3 times.
MIP Presolve eliminated 24142 rows and 37761 columns.
MIP Presolve modified 425 coefficients.
Aggregator did 722 substitutions.
Reduced MIP has 3143 rows, 4057 columns, and 12013 nonzeros.
Reduced MIP has 3847 binaries, 0 generals, 0 SOSs, and 0 indicators.
Presolve time = 0.07 sec. (53.43 ticks)
Found incumbent of value 5979.648857 after 0.11 sec. (78.34 ticks)
Probing fixed 8 vars, tightened 0 bounds.
Probing time = 0.01 sec. (5.21 ticks)
Tried aggregator 1 time.
MIP Presolve eliminated 0 rows and 8 columns.
MIP Presolve modified 39 coefficients.
Reduced MIP has 3143 rows, 4049 columns, and 11997 nonzeros.
Reduced MIP has 4049 binaries, 0 generals, 0 SOSs, and 0 indicators.
Presolve time = 0.01 sec. (10.15 ticks)
Probing time = 0.01 sec. (2.84 ticks)
Clique table members: 7342.
MIP emphasis: balance optimality and feasibility.
MIP search method: dynamic search.
Parallel mode: none, using 1 thread.
Root relaxation solution time = 0.00 sec. (5.63 ticks)

        Nodes                                         Cuts/
   Node  Left     Objective  IInf  Best Integer    Best Bound    ItCnt     Gap

*     0+    0                         5979.6489     -282.1710           104.72%
      0     0     1133.3796    12     5979.6489     1133.3796      118   81.05%
*     0+    0                         1273.9816     1133.3796            11.04%
*     0+    0                         1136.1225     1133.3796             0.24%
*     0     0      integral     0     1135.9860      Cuts: 15      123    0.00%
      0     0        cutoff           1135.9860     1135.9860      123    0.00%
Elapsed time = 0.17 sec. (126.33 ticks, tree = 0.01 MB, solutions = 4)

Clique cuts applied:  3
Cover cuts applied:  8
Gomory fractional cuts applied:  4

Root node processing (before b&c):
  Real time             =    0.17 sec. (128.50 ticks)
Sequential b&c:
  Real time             =    0.00 sec. (0.00 ticks)
                          ------------
Total (root+branch&cut) =    0.17 sec. (128.50 ticks)

Solution pool: 4 solutions saved.

MIP - Integer optimal solution:  Objective =  1.1359860150e+03
Solution time =    0.17 sec.  Iterations = 123  Nodes = 0
Deterministic time = 128.62 ticks  (736.79 ticks/sec)

CPLEX> Incumbent solution written to file '/tmp/cmpl.T10027.gsol'.
CPLEX> 
CMPL: Time used for model generation: 1 seconds
CMPL: Time used for solving the model: 1 seconds


Solution written to ASCII file: ../results/output_generated_conf_0.3/2016-08-01-5/unequal.sol

Solver - finished
