CMPL model generation - running

CMPL version: 1.11.0
Authors: Thomas Schleiff, Mike Steglich
Distributed under the GPLv3 

create model instance ...
write model instance ...
CMPL model generation - finished

Solver - running


Welcome to IBM(R) ILOG(R) CPLEX(R) Interactive Optimizer 12.7.1.0
  with Simplex, Mixed Integer & Barrier Optimizers
5725-A06 5725-A29 5724-Y48 5724-Y49 5724-Y54 5724-Y55 5655-Y21
Copyright IBM Corp. 1988, 2017.  All Rights Reserved.

Type 'help' for a list of available commands.
Type 'help' followed by a command name for more
information on commands.

CPLEX> Specified objective sense: MINIMIZE
Selected objective  name:  line[1]
Selected RHS        name:  RHS
Selected bound      name:  BOUND
Problem '/tmp/cmpl.XM9847.mps' read.
Read time = 0.06 sec. (11.92 ticks)
CPLEX> CPXPARAM_Read_APIEncoding                        "UTF-8"
Tried aggregator 3 times.
MIP Presolve eliminated 24185 rows and 37843 columns.
MIP Presolve modified 451 coefficients.
Aggregator did 699 substitutions.
Reduced MIP has 3293 rows, 5613 columns, and 18528 nonzeros.
Reduced MIP has 5403 binaries, 0 generals, 0 SOSs, and 0 indicators.
Presolve time = 0.06 sec. (58.36 ticks)
Probing fixed 6 vars, tightened 0 bounds.
Probing time = 0.02 sec. (9.35 ticks)
Tried aggregator 1 time.
MIP Presolve eliminated 0 rows and 6 columns.
MIP Presolve modified 24 coefficients.
Reduced MIP has 3293 rows, 5607 columns, and 18516 nonzeros.
Reduced MIP has 5607 binaries, 0 generals, 0 SOSs, and 0 indicators.
Presolve time = 0.01 sec. (13.53 ticks)
Probing time = 0.01 sec. (3.24 ticks)
Clique table members: 10875.
MIP emphasis: balance optimality and feasibility.
MIP search method: dynamic search.
Parallel mode: none, using 1 thread.
Root relaxation solution time = 0.02 sec. (21.88 ticks)

        Nodes                                         Cuts/
   Node  Left     Objective  IInf  Best Integer    Best Bound    ItCnt     Gap

      0     0      359.0857    19                    359.0857     1072         
*     0+    0                          363.4286      359.0857             1.19%
      0     0      362.9714     1      363.4286      Cuts: 13     1079    0.13%
*     0+    0                          363.2000      362.9714             0.06%
      0     0        cutoff            363.2000                   1079    0.00%
Elapsed time = 0.22 sec. (200.76 ticks, tree = 0.01 MB, solutions = 2)

Clique cuts applied:  4
Cover cuts applied:  6
Gomory fractional cuts applied:  3

Root node processing (before b&c):
  Real time             =    0.23 sec. (202.45 ticks)
Sequential b&c:
  Real time             =    0.00 sec. (0.00 ticks)
                          ------------
Total (root+branch&cut) =    0.23 sec. (202.45 ticks)

Solution pool: 2 solutions saved.

MIP - Integer optimal solution:  Objective =  3.6320000200e+02
Solution time =    0.23 sec.  Iterations = 1079  Nodes = 0
Deterministic time = 202.58 ticks  (869.55 ticks/sec)

CPLEX> Incumbent solution written to file '/tmp/cmpl.XM9847.gsol'.
CPLEX> 
CMPL: Time used for model generation: 1 seconds
CMPL: Time used for solving the model: 1 seconds


Solution written to ASCII file: ../results/output_generated_conf_0.1/2015-11-02-5/equal.sol

Solver - finished
