CMPL model generation - running

CMPL version: 1.11.0
Authors: Thomas Schleiff, Mike Steglich
Distributed under the GPLv3 

create model instance ...
write model instance ...
CMPL model generation - finished

Solver - running


Welcome to IBM(R) ILOG(R) CPLEX(R) Interactive Optimizer 12.7.1.0
  with Simplex, Mixed Integer & Barrier Optimizers
5725-A06 5725-A29 5724-Y48 5724-Y49 5724-Y54 5724-Y55 5655-Y21
Copyright IBM Corp. 1988, 2017.  All Rights Reserved.

Type 'help' for a list of available commands.
Type 'help' followed by a command name for more
information on commands.

CPLEX> Specified objective sense: MINIMIZE
Selected objective  name:  line[1]
Selected RHS        name:  RHS
Selected bound      name:  BOUND
Problem '/tmp/cmpl.T10491.mps' read.
Read time = 0.05 sec. (9.67 ticks)
CPLEX> CPXPARAM_Read_APIEncoding                        "UTF-8"
Tried aggregator 3 times.
MIP Presolve eliminated 19217 rows and 30927 columns.
MIP Presolve modified 509 coefficients.
Aggregator did 692 substitutions.
Reduced MIP has 2701 rows, 4674 columns, and 15200 nonzeros.
Reduced MIP has 4506 binaries, 0 generals, 0 SOSs, and 0 indicators.
Presolve time = 0.06 sec. (51.02 ticks)
Found incumbent of value 21888.655469 after 0.10 sec. (87.69 ticks)
Probing fixed 16 vars, tightened 0 bounds.
Probing time = 0.02 sec. (7.89 ticks)
Tried aggregator 2 times.
MIP Presolve eliminated 3 rows and 16 columns.
MIP Presolve modified 98 coefficients.
Aggregator did 2 substitutions.
Reduced MIP has 2696 rows, 4656 columns, and 15158 nonzeros.
Reduced MIP has 4656 binaries, 0 generals, 0 SOSs, and 0 indicators.
Presolve time = 0.02 sec. (13.90 ticks)
Probing time = 0.01 sec. (3.02 ticks)
Clique table members: 9488.
MIP emphasis: balance optimality and feasibility.
MIP search method: dynamic search.
Parallel mode: none, using 1 thread.
Root relaxation solution time = 0.01 sec. (16.42 ticks)

        Nodes                                         Cuts/
   Node  Left     Objective  IInf  Best Integer    Best Bound    ItCnt     Gap

*     0+    0                        21888.6555     -242.4150           101.11%
      0     0     3319.2638     3    21888.6555     3319.2638     1031   84.84%
*     0+    0                         3320.1210     3319.2638             0.03%
      0     0     3319.8309     1     3320.1210       Cuts: 6     1039    0.01%

GUB cover cuts applied:  1
Cover cuts applied:  3
Gomory fractional cuts applied:  2

Root node processing (before b&c):
  Real time             =    0.18 sec. (154.62 ticks)
Sequential b&c:
  Real time             =    0.00 sec. (0.00 ticks)
                          ------------
Total (root+branch&cut) =    0.18 sec. (154.62 ticks)

Solution pool: 2 solutions saved.

MIP - Integer optimal, tolerance (0.0001/1e-06):  Objective =  3.3201209770e+03
Current MIP best bound =  3.3198308825e+03 (gap = 0.290094, 0.01%)
Solution time =    0.18 sec.  Iterations = 1039  Nodes = 0 (1)
Deterministic time = 154.73 ticks  (844.21 ticks/sec)

CPLEX> Incumbent solution written to file '/tmp/cmpl.T10491.gsol'.
CPLEX> 
CMPL: Time used for model generation: 1 seconds
CMPL: Time used for solving the model: 0 seconds


Solution written to ASCII file: ../results/output_generated_conf_0.7/2016-11-07-4/equal.sol

Solver - finished
