CMPL model generation - running

CMPL version: 1.11.0
Authors: Thomas Schleiff, Mike Steglich
Distributed under the GPLv3 

create model instance ...
write model instance ...
CMPL model generation - finished

Solver - running


Welcome to IBM(R) ILOG(R) CPLEX(R) Interactive Optimizer 12.7.1.0
  with Simplex, Mixed Integer & Barrier Optimizers
5725-A06 5725-A29 5724-Y48 5724-Y49 5724-Y54 5724-Y55 5655-Y21
Copyright IBM Corp. 1988, 2017.  All Rights Reserved.

Type 'help' for a list of available commands.
Type 'help' followed by a command name for more
information on commands.

CPLEX> Specified objective sense: MINIMIZE
Selected objective  name:  line[1]
Selected RHS        name:  RHS
Selected bound      name:  BOUND
Problem '/tmp/cmpl.T10394.mps' read.
Read time = 0.05 sec. (9.67 ticks)
CPLEX> CPXPARAM_Read_APIEncoding                        "UTF-8"
Tried aggregator 3 times.
MIP Presolve eliminated 19259 rows and 31008 columns.
MIP Presolve modified 490 coefficients.
Aggregator did 671 substitutions.
Reduced MIP has 2680 rows, 4614 columns, and 15026 nonzeros.
Reduced MIP has 4446 binaries, 0 generals, 0 SOSs, and 0 indicators.
Presolve time = 0.06 sec. (50.76 ticks)
Probing fixed 7 vars, tightened 0 bounds.
Probing time = 0.01 sec. (7.79 ticks)
Tried aggregator 1 time.
MIP Presolve eliminated 0 rows and 7 columns.
MIP Presolve modified 33 coefficients.
Reduced MIP has 2680 rows, 4607 columns, and 15012 nonzeros.
Reduced MIP has 4607 binaries, 0 generals, 0 SOSs, and 0 indicators.
Presolve time = 0.01 sec. (10.87 ticks)
Probing time = 0.01 sec. (3.00 ticks)
Clique table members: 9432.
MIP emphasis: balance optimality and feasibility.
MIP search method: dynamic search.
Parallel mode: none, using 1 thread.
Root relaxation solution time = 0.01 sec. (14.52 ticks)

        Nodes                                         Cuts/
   Node  Left     Objective  IInf  Best Integer    Best Bound    ItCnt     Gap

      0     0     2469.3373     7                   2469.3373      844         
*     0+    0                         2471.3373     2469.3373             0.08%
*     0     0      integral     0     2471.0566       Cuts: 6      847    0.00%
      0     0        cutoff           2471.0566     2471.0566      847    0.00%
Elapsed time = 0.19 sec. (162.63 ticks, tree = 0.01 MB, solutions = 2)

GUB cover cuts applied:  1
Cover cuts applied:  3
Gomory fractional cuts applied:  2

Root node processing (before b&c):
  Real time             =    0.19 sec. (164.06 ticks)
Sequential b&c:
  Real time             =    0.00 sec. (0.00 ticks)
                          ------------
Total (root+branch&cut) =    0.19 sec. (164.06 ticks)

Solution pool: 2 solutions saved.

MIP - Integer optimal solution:  Objective =  2.4710565790e+03
Solution time =    0.19 sec.  Iterations = 847  Nodes = 0
Deterministic time = 164.16 ticks  (849.38 ticks/sec)

CPLEX> Incumbent solution written to file '/tmp/cmpl.T10394.gsol'.
CPLEX> 
CMPL: Time used for model generation: 1 seconds
CMPL: Time used for solving the model: 1 seconds


Solution written to ASCII file: ../results/output_generated_conf_0.6/2017-01-09-4/equal.sol

Solver - finished
