CMPL model generation - running

CMPL version: 1.11.0
Authors: Thomas Schleiff, Mike Steglich
Distributed under the GPLv3 

create model instance ...
write model instance ...
CMPL model generation - finished

Solver - running


Welcome to IBM(R) ILOG(R) CPLEX(R) Interactive Optimizer 12.7.1.0
  with Simplex, Mixed Integer & Barrier Optimizers
5725-A06 5725-A29 5724-Y48 5724-Y49 5724-Y54 5724-Y55 5655-Y21
Copyright IBM Corp. 1988, 2017.  All Rights Reserved.

Type 'help' for a list of available commands.
Type 'help' followed by a command name for more
information on commands.

CPLEX> Specified objective sense: MINIMIZE
Selected objective  name:  line[1]
Selected RHS        name:  RHS
Selected bound      name:  BOUND
Problem '/tmp/cmpl.T10246.mps' read.
Read time = 0.06 sec. (8.86 ticks)
CPLEX> CPXPARAM_Read_APIEncoding                        "UTF-8"
Tried aggregator 3 times.
MIP Presolve eliminated 19291 rows and 30732 columns.
MIP Presolve modified 340 coefficients.
Aggregator did 643 substitutions.
Reduced MIP has 2506 rows, 3303 columns, and 9623 nonzeros.
Reduced MIP has 3135 binaries, 0 generals, 0 SOSs, and 0 indicators.
Presolve time = 0.05 sec. (41.68 ticks)
Found incumbent of value 6887.724077 after 0.07 sec. (59.89 ticks)
Probing fixed 5 vars, tightened 0 bounds.
Probing time = 0.01 sec. (4.34 ticks)
Tried aggregator 1 time.
MIP Presolve eliminated 0 rows and 5 columns.
MIP Presolve modified 22 coefficients.
Reduced MIP has 2506 rows, 3298 columns, and 9613 nonzeros.
Reduced MIP has 3298 binaries, 0 generals, 0 SOSs, and 0 indicators.
Presolve time = 0.01 sec. (8.10 ticks)
Probing time = 0.01 sec. (2.67 ticks)
Clique table members: 5892.
MIP emphasis: balance optimality and feasibility.
MIP search method: dynamic search.
Parallel mode: none, using 1 thread.
Root relaxation solution time = 0.00 sec. (4.89 ticks)

        Nodes                                         Cuts/
   Node  Left     Objective  IInf  Best Integer    Best Bound    ItCnt     Gap

*     0+    0                         6887.7241     -483.2685           107.02%
      0     0     1885.7795    12     6887.7241     1885.7795      174   72.62%
*     0+    0                         2046.7106     1885.7795             7.86%
*     0+    0                         1889.2081     1885.7795             0.18%
      0     0     1888.5214     2     1889.2081      Cuts: 16      179    0.04%
*     0+    0                         1888.8727     1888.5214             0.02%
      0     0        cutoff           1888.8727                    181    0.00%
Elapsed time = 0.13 sec. (108.57 ticks, tree = 0.01 MB, solutions = 4)

Clique cuts applied:  1
Cover cuts applied:  14
Gomory fractional cuts applied:  7

Root node processing (before b&c):
  Real time             =    0.13 sec. (110.33 ticks)
Sequential b&c:
  Real time             =    0.00 sec. (0.00 ticks)
                          ------------
Total (root+branch&cut) =    0.13 sec. (110.33 ticks)

Solution pool: 4 solutions saved.

MIP - Integer optimal solution:  Objective =  1.8888726820e+03
Solution time =    0.13 sec.  Iterations = 181  Nodes = 0
Deterministic time = 110.43 ticks  (836.21 ticks/sec)

CPLEX> Incumbent solution written to file '/tmp/cmpl.T10246.gsol'.
CPLEX> 
CMPL: Time used for model generation: 1 seconds
CMPL: Time used for solving the model: 0 seconds


Solution written to ASCII file: ../results/output_generated_conf_0.5/2017-03-06-4/unequal.sol

Solver - finished
