CMPL model generation - running

CMPL version: 1.11.0
Authors: Thomas Schleiff, Mike Steglich
Distributed under the GPLv3 

create model instance ...
write model instance ...
CMPL model generation - finished

Solver - running


Welcome to IBM(R) ILOG(R) CPLEX(R) Interactive Optimizer 12.7.1.0
  with Simplex, Mixed Integer & Barrier Optimizers
5725-A06 5725-A29 5724-Y48 5724-Y49 5724-Y54 5724-Y55 5655-Y21
Copyright IBM Corp. 1988, 2017.  All Rights Reserved.

Type 'help' for a list of available commands.
Type 'help' followed by a command name for more
information on commands.

CPLEX> Specified objective sense: MINIMIZE
Selected objective  name:  line[1]
Selected RHS        name:  RHS
Selected bound      name:  BOUND
Problem '/tmp/cmpl.T11115.mps' read.
Read time = 0.05 sec. (8.87 ticks)
CPLEX> CPXPARAM_Read_APIEncoding                        "UTF-8"
Tried aggregator 3 times.
MIP Presolve eliminated 19162 rows and 30477 columns.
MIP Presolve modified 340 coefficients.
Aggregator did 738 substitutions.
Reduced MIP has 2540 rows, 3463 columns, and 10087 nonzeros.
Reduced MIP has 3295 binaries, 0 generals, 0 SOSs, and 0 indicators.
Presolve time = 0.05 sec. (41.99 ticks)
Found incumbent of value 19618.239117 after 0.08 sec. (67.94 ticks)
Probing fixed 23 vars, tightened 0 bounds.
Probing time = 0.01 sec. (4.54 ticks)
Tried aggregator 1 time.
MIP Presolve eliminated 0 rows and 23 columns.
MIP Presolve modified 120 coefficients.
Reduced MIP has 2540 rows, 3440 columns, and 10041 nonzeros.
Reduced MIP has 3440 binaries, 0 generals, 0 SOSs, and 0 indicators.
Presolve time = 0.01 sec. (8.58 ticks)
Probing time = 0.01 sec. (2.73 ticks)
Clique table members: 6086.
MIP emphasis: balance optimality and feasibility.
MIP search method: dynamic search.
Parallel mode: none, using 1 thread.
Root relaxation solution time = 0.01 sec. (9.14 ticks)

        Nodes                                         Cuts/
   Node  Left     Objective  IInf  Best Integer    Best Bound    ItCnt     Gap

*     0+    0                        19618.2391     -120.4089           100.61%
      0     0     4552.7676     1    19618.2391     4552.7676      457   76.79%
*     0+    0                         4553.0534     4552.7676             0.01%

Root node processing (before b&c):
  Real time             =    0.14 sec. (106.77 ticks)
Sequential b&c:
  Real time             =    0.00 sec. (0.00 ticks)
                          ------------
Total (root+branch&cut) =    0.14 sec. (106.77 ticks)

Solution pool: 2 solutions saved.

MIP - Integer optimal, tolerance (0.0001/1e-06):  Objective =  4.5530533610e+03
Current MIP best bound =  4.5527676470e+03 (gap = 0.285714, 0.01%)
Solution time =    0.14 sec.  Iterations = 457  Nodes = 0 (1)
Deterministic time = 106.87 ticks  (781.32 ticks/sec)

CPLEX> Incumbent solution written to file '/tmp/cmpl.T11115.gsol'.
CPLEX> 
CMPL: Time used for model generation: 1 seconds
CMPL: Time used for solving the model: 0 seconds


Solution written to ASCII file: ../results/output_generated_rate_0.2/2016-03-07-4/unequal.sol

Solver - finished
