CMPL model generation - running

CMPL version: 1.11.0
Authors: Thomas Schleiff, Mike Steglich
Distributed under the GPLv3 

create model instance ...
write model instance ...
CMPL model generation - finished

Solver - running


Welcome to IBM(R) ILOG(R) CPLEX(R) Interactive Optimizer 12.7.1.0
  with Simplex, Mixed Integer & Barrier Optimizers
5725-A06 5725-A29 5724-Y48 5724-Y49 5724-Y54 5724-Y55 5655-Y21
Copyright IBM Corp. 1988, 2017.  All Rights Reserved.

Type 'help' for a list of available commands.
Type 'help' followed by a command name for more
information on commands.

CPLEX> Specified objective sense: MINIMIZE
Selected objective  name:  line[1]
Selected RHS        name:  RHS
Selected bound      name:  BOUND
Problem '/tmp/cmpl.XM9735.mps' read.
Read time = 0.06 sec. (10.96 ticks)
CPLEX> CPXPARAM_Read_APIEncoding                        "UTF-8"
Tried aggregator 3 times.
MIP Presolve eliminated 24199 rows and 37871 columns.
MIP Presolve modified 425 coefficients.
Aggregator did 699 substitutions.
Reduced MIP has 3109 rows, 3970 columns, and 11776 nonzeros.
Reduced MIP has 3760 binaries, 0 generals, 0 SOSs, and 0 indicators.
Presolve time = 0.06 sec. (51.40 ticks)
Found incumbent of value 3230.828403 after 0.08 sec. (71.69 ticks)
Probing fixed 5 vars, tightened 0 bounds.
Probing time = 0.01 sec. (5.02 ticks)
Tried aggregator 1 time.
MIP Presolve eliminated 0 rows and 5 columns.
MIP Presolve modified 24 coefficients.
Reduced MIP has 3109 rows, 3965 columns, and 11766 nonzeros.
Reduced MIP has 3965 binaries, 0 generals, 0 SOSs, and 0 indicators.
Presolve time = 0.01 sec. (9.97 ticks)
Probing time = 0.01 sec. (2.82 ticks)
Clique table members: 6723.
MIP emphasis: balance optimality and feasibility.
MIP search method: dynamic search.
Parallel mode: none, using 1 thread.
Root relaxation solution time = 0.00 sec. (5.29 ticks)

        Nodes                                         Cuts/
   Node  Left     Objective  IInf  Best Integer    Best Bound    ItCnt     Gap

*     0+    0                         3230.8284     -483.2197           114.96%
      0     0       89.1299    24     3230.8284       89.1299       67   97.24%
*     0+    0                          623.5524       89.1299            85.71%
*     0+    0                           94.6157       89.1299             5.80%
      0     0        cutoff             94.6157                     67    0.00%
Elapsed time = 0.13 sec. (111.66 ticks, tree = 0.01 MB, solutions = 3)

Root node processing (before b&c):
  Real time             =    0.13 sec. (113.54 ticks)
Sequential b&c:
  Real time             =    0.00 sec. (0.00 ticks)
                          ------------
Total (root+branch&cut) =    0.13 sec. (113.54 ticks)

Solution pool: 3 solutions saved.

MIP - Integer optimal solution:  Objective =  9.4615659000e+01
Solution time =    0.13 sec.  Iterations = 67  Nodes = 0
Deterministic time = 113.66 ticks  (850.60 ticks/sec)

CPLEX> Incumbent solution written to file '/tmp/cmpl.XM9735.gsol'.
CPLEX> 
CMPL: Time used for model generation: 1 seconds
CMPL: Time used for solving the model: 1 seconds


Solution written to ASCII file: ../results/output_generated_conf_0/2017-07-03-5/unequal.sol

Solver - finished
