CMPL model generation - running

CMPL version: 1.11.0
Authors: Thomas Schleiff, Mike Steglich
Distributed under the GPLv3 

create model instance ...
write model instance ...
CMPL model generation - finished

Solver - running


Welcome to IBM(R) ILOG(R) CPLEX(R) Interactive Optimizer 12.7.1.0
  with Simplex, Mixed Integer & Barrier Optimizers
5725-A06 5725-A29 5724-Y48 5724-Y49 5724-Y54 5724-Y55 5655-Y21
Copyright IBM Corp. 1988, 2017.  All Rights Reserved.

Type 'help' for a list of available commands.
Type 'help' followed by a command name for more
information on commands.

CPLEX> Specified objective sense: MINIMIZE
Selected objective  name:  line[1]
Selected RHS        name:  RHS
Selected bound      name:  BOUND
Problem '/tmp/cmpl.T11137.mps' read.
Read time = 0.05 sec. (8.87 ticks)
CPLEX> CPXPARAM_Read_APIEncoding                        "UTF-8"
Tried aggregator 3 times.
MIP Presolve eliminated 19147 rows and 30447 columns.
MIP Presolve modified 340 coefficients.
Aggregator did 753 substitutions.
Reduced MIP has 2540 rows, 3478 columns, and 10130 nonzeros.
Reduced MIP has 3310 binaries, 0 generals, 0 SOSs, and 0 indicators.
Presolve time = 0.04 sec. (42.03 ticks)
Found incumbent of value 20883.128046 after 0.08 sec. (67.47 ticks)
Probing fixed 23 vars, tightened 0 bounds.
Probing time = 0.01 sec. (4.57 ticks)
Tried aggregator 1 time.
MIP Presolve eliminated 0 rows and 23 columns.
MIP Presolve modified 134 coefficients.
Reduced MIP has 2540 rows, 3455 columns, and 10084 nonzeros.
Reduced MIP has 3455 binaries, 0 generals, 0 SOSs, and 0 indicators.
Presolve time = 0.01 sec. (8.65 ticks)
Probing time = 0.01 sec. (2.72 ticks)
Clique table members: 6217.
MIP emphasis: balance optimality and feasibility.
MIP search method: dynamic search.
Parallel mode: none, using 1 thread.
Root relaxation solution time = 0.01 sec. (8.77 ticks)

        Nodes                                         Cuts/
   Node  Left     Objective  IInf  Best Integer    Best Bound    ItCnt     Gap

*     0+    0                        20883.1280     -160.5992           100.77%
*     0     0      integral     0     4799.6976     4799.6976      425    0.00%
Elapsed time = 0.12 sec. (100.64 ticks, tree = 0.00 MB, solutions = 2)

Root node processing (before b&c):
  Real time             =    0.13 sec. (101.93 ticks)
Sequential b&c:
  Real time             =    0.00 sec. (0.00 ticks)
                          ------------
Total (root+branch&cut) =    0.13 sec. (101.93 ticks)

Solution pool: 2 solutions saved.

MIP - Integer optimal solution:  Objective =  4.7996975650e+03
Solution time =    0.13 sec.  Iterations = 425  Nodes = 0
Deterministic time = 102.03 ticks  (806.51 ticks/sec)

CPLEX> Incumbent solution written to file '/tmp/cmpl.T11137.gsol'.
CPLEX> 
CMPL: Time used for model generation: 0 seconds
CMPL: Time used for solving the model: 1 seconds


Solution written to ASCII file: ../results/output_generated_rate_0.2/2017-02-06-4/unequal.sol

Solver - finished
