CMPL model generation - running

CMPL version: 1.11.0
Authors: Thomas Schleiff, Mike Steglich
Distributed under the GPLv3 

create model instance ...
write model instance ...
CMPL model generation - finished

Solver - running


Welcome to IBM(R) ILOG(R) CPLEX(R) Interactive Optimizer 12.7.1.0
  with Simplex, Mixed Integer & Barrier Optimizers
5725-A06 5725-A29 5724-Y48 5724-Y49 5724-Y54 5724-Y55 5655-Y21
Copyright IBM Corp. 1988, 2017.  All Rights Reserved.

Type 'help' for a list of available commands.
Type 'help' followed by a command name for more
information on commands.

CPLEX> Specified objective sense: MINIMIZE
Selected objective  name:  line[1]
Selected RHS        name:  RHS
Selected bound      name:  BOUND
Problem '/tmp/cmpl.T11236.mps' read.
Read time = 0.05 sec. (8.88 ticks)
CPLEX> CPXPARAM_Read_APIEncoding                        "UTF-8"
Tried aggregator 3 times.
MIP Presolve eliminated 18995 rows and 30143 columns.
MIP Presolve modified 340 coefficients.
Aggregator did 897 substitutions.
Reduced MIP has 2548 rows, 3638 columns, and 10610 nonzeros.
Reduced MIP has 3470 binaries, 0 generals, 0 SOSs, and 0 indicators.
Presolve time = 0.05 sec. (42.41 ticks)
Found incumbent of value 27261.946247 after 0.09 sec. (71.82 ticks)
Probing fixed 34 vars, tightened 0 bounds.
Probing time = 0.01 sec. (4.88 ticks)
Tried aggregator 1 time.
MIP Presolve eliminated 0 rows and 34 columns.
MIP Presolve modified 248 coefficients.
Reduced MIP has 2548 rows, 3604 columns, and 10542 nonzeros.
Reduced MIP has 3604 binaries, 0 generals, 0 SOSs, and 0 indicators.
Presolve time = 0.01 sec. (10.20 ticks)
Probing time = 0.01 sec. (2.72 ticks)
Clique table members: 6518.
MIP emphasis: balance optimality and feasibility.
MIP search method: dynamic search.
Parallel mode: none, using 1 thread.
Root relaxation solution time = 0.01 sec. (12.12 ticks)

        Nodes                                         Cuts/
   Node  Left     Objective  IInf  Best Integer    Best Bound    ItCnt     Gap

*     0+    0                        27261.9462        0.0000           100.00%
*     0     0      integral     0     7553.3031     7553.3031      638    0.00%
Elapsed time = 0.15 sec. (110.17 ticks, tree = 0.00 MB, solutions = 2)

Root node processing (before b&c):
  Real time             =    0.15 sec. (111.45 ticks)
Sequential b&c:
  Real time             =    0.00 sec. (0.00 ticks)
                          ------------
Total (root+branch&cut) =    0.15 sec. (111.45 ticks)

Solution pool: 2 solutions saved.

MIP - Integer optimal solution:  Objective =  7.5533030900e+03
Solution time =    0.15 sec.  Iterations = 638  Nodes = 0
Deterministic time = 111.55 ticks  (745.88 ticks/sec)

CPLEX> Incumbent solution written to file '/tmp/cmpl.T11236.gsol'.
CPLEX> 
CMPL: Time used for model generation: 0 seconds
CMPL: Time used for solving the model: 1 seconds


Solution written to ASCII file: ../results/output_generated_rate_0.3/2016-11-07-4/unequal.sol

Solver - finished
