CMPL model generation - running

CMPL version: 1.11.0
Authors: Thomas Schleiff, Mike Steglich
Distributed under the GPLv3 

create model instance ...
write model instance ...
CMPL model generation - finished

Solver - running


Welcome to IBM(R) ILOG(R) CPLEX(R) Interactive Optimizer 12.7.1.0
  with Simplex, Mixed Integer & Barrier Optimizers
5725-A06 5725-A29 5724-Y48 5724-Y49 5724-Y54 5724-Y55 5655-Y21
Copyright IBM Corp. 1988, 2017.  All Rights Reserved.

Type 'help' for a list of available commands.
Type 'help' followed by a command name for more
information on commands.

CPLEX> Specified objective sense: MINIMIZE
Selected objective  name:  line[1]
Selected RHS        name:  RHS
Selected bound      name:  BOUND
Problem '/tmp/cmpl.T11282.mps' read.
Read time = 0.06 sec. (11.97 ticks)
CPLEX> CPXPARAM_Read_APIEncoding                        "UTF-8"
Tried aggregator 3 times.
MIP Presolve eliminated 23721 rows and 36933 columns.
MIP Presolve modified 659 coefficients.
Aggregator did 1102 substitutions.
Reduced MIP has 3354 rows, 6120 columns, and 20009 nonzeros.
Reduced MIP has 5910 binaries, 0 generals, 0 SOSs, and 0 indicators.
Presolve time = 0.07 sec. (61.43 ticks)
Probing time = 0.01 sec. (3.30 ticks)
Tried aggregator 1 time.
MIP Presolve eliminated 0 rows and 9 columns.
Reduced MIP has 3354 rows, 6111 columns, and 19991 nonzeros.
Reduced MIP has 6111 binaries, 0 generals, 0 SOSs, and 0 indicators.
Presolve time = 0.02 sec. (14.56 ticks)
Probing time = 0.01 sec. (3.37 ticks)
Clique table members: 3867.
MIP emphasis: balance optimality and feasibility.
MIP search method: dynamic search.
Parallel mode: none, using 1 thread.
Root relaxation solution time = 0.03 sec. (28.00 ticks)

        Nodes                                         Cuts/
   Node  Left     Objective  IInf  Best Integer    Best Bound    ItCnt     Gap

*     0     0      integral     0     9111.0417     9111.0417     1441    0.00%
Elapsed time = 0.22 sec. (185.29 ticks, tree = 0.00 MB, solutions = 1)

Root node processing (before b&c):
  Real time             =    0.22 sec. (186.73 ticks)
Sequential b&c:
  Real time             =    0.00 sec. (0.00 ticks)
                          ------------
Total (root+branch&cut) =    0.22 sec. (186.73 ticks)

Solution pool: 1 solution saved.

MIP - Integer optimal solution:  Objective =  9.1110417480e+03
Solution time =    0.22 sec.  Iterations = 1441  Nodes = 0
Deterministic time = 186.86 ticks  (842.48 ticks/sec)

CPLEX> Incumbent solution written to file '/tmp/cmpl.T11282.gsol'.
CPLEX> 
CMPL: Time used for model generation: 1 seconds
CMPL: Time used for solving the model: 1 seconds


Solution written to ASCII file: ../results/output_generated_rate_0.3/2016-10-03-5/equal.sol

Solver - finished
