CMPL model generation - running

CMPL version: 1.11.0
Authors: Thomas Schleiff, Mike Steglich
Distributed under the GPLv3 

create model instance ...
write model instance ...
CMPL model generation - finished

Solver - running


Welcome to IBM(R) ILOG(R) CPLEX(R) Interactive Optimizer 12.7.1.0
  with Simplex, Mixed Integer & Barrier Optimizers
5725-A06 5725-A29 5724-Y48 5724-Y49 5724-Y54 5724-Y55 5655-Y21
Copyright IBM Corp. 1988, 2017.  All Rights Reserved.

Type 'help' for a list of available commands.
Type 'help' followed by a command name for more
information on commands.

CPLEX> Specified objective sense: MINIMIZE
Selected objective  name:  line[1]
Selected RHS        name:  RHS
Selected bound      name:  BOUND
Problem '/tmp/cmpl.T10677.mps' read.
Read time = 0.16 sec. (11.98 ticks)
CPLEX> CPXPARAM_Read_APIEncoding                        "UTF-8"
Tried aggregator 3 times.
MIP Presolve eliminated 23680 rows and 36857 columns.
MIP Presolve modified 676 coefficients.
Aggregator did 1137 substitutions.
Reduced MIP has 3360 rows, 6161 columns, and 20136 nonzeros.
Reduced MIP has 5951 binaries, 0 generals, 0 SOSs, and 0 indicators.
Presolve time = 0.15 sec. (61.69 ticks)
Probing time = 0.01 sec. (3.28 ticks)
Tried aggregator 2 times.
MIP Presolve eliminated 3 rows and 2 columns.
MIP Presolve modified 9 coefficients.
Aggregator did 2 substitutions.
Reduced MIP has 3355 rows, 6157 columns, and 20122 nonzeros.
Reduced MIP has 6157 binaries, 0 generals, 0 SOSs, and 0 indicators.
Presolve time = 0.03 sec. (17.98 ticks)
Probing time = 0.01 sec. (3.37 ticks)
Clique table members: 3899.
MIP emphasis: balance optimality and feasibility.
MIP search method: dynamic search.
Parallel mode: none, using 1 thread.
Root relaxation solution time = 0.05 sec. (30.67 ticks)

        Nodes                                         Cuts/
   Node  Left     Objective  IInf  Best Integer    Best Bound    ItCnt     Gap

*     0     0      integral     0     9733.2708     9733.2708     1750    0.00%
Elapsed time = 0.40 sec. (194.92 ticks, tree = 0.00 MB, solutions = 1)

Root node processing (before b&c):
  Real time             =    0.40 sec. (196.36 ticks)
Sequential b&c:
  Real time             =    0.00 sec. (0.00 ticks)
                          ------------
Total (root+branch&cut) =    0.40 sec. (196.36 ticks)

Solution pool: 1 solution saved.

MIP - Integer optimal solution:  Objective =  9.7332707820e+03
Solution time =    0.40 sec.  Iterations = 1750  Nodes = 0
Deterministic time = 196.49 ticks  (489.06 ticks/sec)

CPLEX> Incumbent solution written to file '/tmp/cmpl.T10677.gsol'.
CPLEX> 
CMPL: Time used for model generation: 2 seconds
CMPL: Time used for solving the model: 1 seconds


Solution written to ASCII file: ../results/output_generated_conf_0.9/2016-02-01-5/equal.sol

Solver - finished
