CMPL model generation - running

CMPL version: 1.11.0
Authors: Thomas Schleiff, Mike Steglich
Distributed under the GPLv3 

create model instance ...
write model instance ...
CMPL model generation - finished

Solver - running


Welcome to IBM(R) ILOG(R) CPLEX(R) Interactive Optimizer 12.7.1.0
  with Simplex, Mixed Integer & Barrier Optimizers
5725-A06 5725-A29 5724-Y48 5724-Y49 5724-Y54 5724-Y55 5655-Y21
Copyright IBM Corp. 1988, 2017.  All Rights Reserved.

Type 'help' for a list of available commands.
Type 'help' followed by a command name for more
information on commands.

CPLEX> Specified objective sense: MINIMIZE
Selected objective  name:  line[1]
Selected RHS        name:  RHS
Selected bound      name:  BOUND
Problem '/tmp/cmpl.T11903.mps' read.
Read time = 0.05 sec. (9.74 ticks)
CPLEX> CPXPARAM_Read_APIEncoding                        "UTF-8"
Tried aggregator 3 times.
MIP Presolve eliminated 18516 rows and 29525 columns.
MIP Presolve modified 976 coefficients.
Aggregator did 1376 substitutions.
Reduced MIP has 2718 rows, 5392 columns, and 17340 nonzeros.
Reduced MIP has 5224 binaries, 0 generals, 0 SOSs, and 0 indicators.
Presolve time = 0.06 sec. (56.57 ticks)
Found incumbent of value 36634.378792 after 0.11 sec. (96.89 ticks)
Probing time = 0.01 sec. (3.00 ticks)
Tried aggregator 1 time.
MIP Presolve eliminated 0 rows and 51 columns.
Reduced MIP has 2718 rows, 5341 columns, and 17238 nonzeros.
Reduced MIP has 5341 binaries, 0 generals, 0 SOSs, and 0 indicators.
Presolve time = 0.02 sec. (14.63 ticks)
Probing time = 0.01 sec. (3.14 ticks)
Clique table members: 3584.
MIP emphasis: balance optimality and feasibility.
MIP search method: dynamic search.
Parallel mode: none, using 1 thread.
Root relaxation solution time = 0.04 sec. (35.46 ticks)

        Nodes                                         Cuts/
   Node  Left     Objective  IInf  Best Integer    Best Bound    ItCnt     Gap

*     0+    0                        36634.3788        0.0000           100.00%
*     0     0      integral     0    16752.6068    16752.6068     2028    0.00%
Elapsed time = 0.19 sec. (164.51 ticks, tree = 0.00 MB, solutions = 2)

Root node processing (before b&c):
  Real time             =    0.19 sec. (165.91 ticks)
Sequential b&c:
  Real time             =    0.00 sec. (0.00 ticks)
                          ------------
Total (root+branch&cut) =    0.19 sec. (165.91 ticks)

Solution pool: 2 solutions saved.

MIP - Integer optimal solution:  Objective =  1.6752606788e+04
Solution time =    0.19 sec.  Iterations = 2028  Nodes = 0
Deterministic time = 166.02 ticks  (863.18 ticks/sec)

CPLEX> Incumbent solution written to file '/tmp/cmpl.T11903.gsol'.
CPLEX> 
CMPL: Time used for model generation: 1 seconds
CMPL: Time used for solving the model: 1 seconds


Solution written to ASCII file: ../results/output_generated_rate_0.9/2016-06-06-4/equal.sol

Solver - finished
