CMPL model generation - running

CMPL version: 1.11.0
Authors: Thomas Schleiff, Mike Steglich
Distributed under the GPLv3 

create model instance ...
write model instance ...
CMPL model generation - finished

Solver - running


Welcome to IBM(R) ILOG(R) CPLEX(R) Interactive Optimizer 12.7.1.0
  with Simplex, Mixed Integer & Barrier Optimizers
5725-A06 5725-A29 5724-Y48 5724-Y49 5724-Y54 5724-Y55 5655-Y21
Copyright IBM Corp. 1988, 2017.  All Rights Reserved.

Type 'help' for a list of available commands.
Type 'help' followed by a command name for more
information on commands.

CPLEX> Specified objective sense: MINIMIZE
Selected objective  name:  line[1]
Selected RHS        name:  RHS
Selected bound      name:  BOUND
Problem '/tmp/cmpl.T11853.mps' read.
Read time = 0.05 sec. (8.92 ticks)
CPLEX> CPXPARAM_Read_APIEncoding                        "UTF-8"
Tried aggregator 3 times.
MIP Presolve eliminated 18516 rows and 29185 columns.
MIP Presolve modified 506 coefficients.
Aggregator did 1376 substitutions.
Reduced MIP has 2548 rows, 4117 columns, and 12047 nonzeros.
Reduced MIP has 3949 binaries, 0 generals, 0 SOSs, and 0 indicators.
Presolve time = 0.07 sec. (46.25 ticks)
Found incumbent of value 36882.445282 after 0.11 sec. (87.45 ticks)
Probing time = 0.01 sec. (2.67 ticks)
Tried aggregator 1 time.
MIP Presolve eliminated 0 rows and 51 columns.
Reduced MIP has 2548 rows, 4066 columns, and 11945 nonzeros.
Reduced MIP has 4066 binaries, 0 generals, 0 SOSs, and 0 indicators.
Presolve time = 0.01 sec. (11.07 ticks)
Probing time = 0.01 sec. (2.81 ticks)
Clique table members: 3499.
MIP emphasis: balance optimality and feasibility.
MIP search method: dynamic search.
Parallel mode: none, using 1 thread.
Root relaxation solution time = 0.02 sec. (18.16 ticks)

        Nodes                                         Cuts/
   Node  Left     Objective  IInf  Best Integer    Best Bound    ItCnt     Gap

*     0+    0                        36882.4453        0.0000           100.00%
*     0     0      integral     0    16742.3672    16742.3672     1144    0.00%
Elapsed time = 0.17 sec. (130.60 ticks, tree = 0.00 MB, solutions = 2)

Root node processing (before b&c):
  Real time             =    0.17 sec. (131.92 ticks)
Sequential b&c:
  Real time             =    0.00 sec. (0.00 ticks)
                          ------------
Total (root+branch&cut) =    0.17 sec. (131.92 ticks)

Solution pool: 2 solutions saved.

MIP - Integer optimal solution:  Objective =  1.6742367215e+04
Solution time =    0.17 sec.  Iterations = 1144  Nodes = 0
Deterministic time = 132.02 ticks  (776.16 ticks/sec)

CPLEX> Incumbent solution written to file '/tmp/cmpl.T11853.gsol'.
CPLEX> 
CMPL: Time used for model generation: 1 seconds
CMPL: Time used for solving the model: 0 seconds


Solution written to ASCII file: ../results/output_generated_rate_0.9/2016-06-06-4/unequal.sol

Solver - finished
