CMPL model generation - running

CMPL version: 1.11.0
Authors: Thomas Schleiff, Mike Steglich
Distributed under the GPLv3 

create model instance ...
write model instance ...
CMPL model generation - finished

Solver - running


Welcome to IBM(R) ILOG(R) CPLEX(R) Interactive Optimizer 12.7.1.0
  with Simplex, Mixed Integer & Barrier Optimizers
5725-A06 5725-A29 5724-Y48 5724-Y49 5724-Y54 5724-Y55 5655-Y21
Copyright IBM Corp. 1988, 2017.  All Rights Reserved.

Type 'help' for a list of available commands.
Type 'help' followed by a command name for more
information on commands.

CPLEX> Specified objective sense: MINIMIZE
Selected objective  name:  line[1]
Selected RHS        name:  RHS
Selected bound      name:  BOUND
Problem '/tmp/cmpl.T11973.mps' read.
Read time = 0.05 sec. (8.93 ticks)
CPLEX> CPXPARAM_Read_APIEncoding                        "UTF-8"
Tried aggregator 3 times.
MIP Presolve eliminated 18502 rows and 29161 columns.
MIP Presolve modified 516 coefficients.
Aggregator did 1387 substitutions.
Reduced MIP has 2551 rows, 4130 columns, and 12090 nonzeros.
Reduced MIP has 3962 binaries, 0 generals, 0 SOSs, and 0 indicators.
Presolve time = 0.05 sec. (46.30 ticks)
Found incumbent of value 37367.046981 after 0.12 sec. (91.28 ticks)
Probing time = 0.01 sec. (2.67 ticks)
Tried aggregator 2 times.
MIP Presolve eliminated 2 rows and 43 columns.
MIP Presolve modified 8 coefficients.
Aggregator did 1 substitutions.
Reduced MIP has 2548 rows, 4086 columns, and 11997 nonzeros.
Reduced MIP has 4086 binaries, 0 generals, 0 SOSs, and 0 indicators.
Presolve time = 0.02 sec. (14.66 ticks)
Probing time = 0.01 sec. (2.82 ticks)
Clique table members: 3511.
MIP emphasis: balance optimality and feasibility.
MIP search method: dynamic search.
Parallel mode: none, using 1 thread.
Root relaxation solution time = 0.02 sec. (16.38 ticks)

        Nodes                                         Cuts/
   Node  Left     Objective  IInf  Best Integer    Best Bound    ItCnt     Gap

*     0+    0                        37367.0470        0.0000           100.00%
*     0     0      integral     0    16997.1572    16997.1572     1064    0.00%
Elapsed time = 0.17 sec. (136.30 ticks, tree = 0.00 MB, solutions = 2)

Root node processing (before b&c):
  Real time             =    0.18 sec. (137.63 ticks)
Sequential b&c:
  Real time             =    0.00 sec. (0.00 ticks)
                          ------------
Total (root+branch&cut) =    0.18 sec. (137.63 ticks)

Solution pool: 2 solutions saved.

MIP - Integer optimal solution:  Objective =  1.6997157197e+04
Solution time =    0.18 sec.  Iterations = 1064  Nodes = 0
Deterministic time = 137.73 ticks  (777.11 ticks/sec)

CPLEX> Incumbent solution written to file '/tmp/cmpl.T11973.gsol'.
CPLEX> 
CMPL: Time used for model generation: 1 seconds
CMPL: Time used for solving the model: 1 seconds


Solution written to ASCII file: ../results/output_generated_rate_1/2017-02-06-4/unequal.sol

Solver - finished
