CMPL model generation - running

CMPL version: 1.11.0
Authors: Thomas Schleiff, Mike Steglich
Distributed under the GPLv3 

create model instance ...
write model instance ...
CMPL model generation - finished

Solver - running


Welcome to IBM(R) ILOG(R) CPLEX(R) Interactive Optimizer 12.7.1.0
  with Simplex, Mixed Integer & Barrier Optimizers
5725-A06 5725-A29 5724-Y48 5724-Y49 5724-Y54 5724-Y55 5655-Y21
Copyright IBM Corp. 1988, 2017.  All Rights Reserved.

Type 'help' for a list of available commands.
Type 'help' followed by a command name for more
information on commands.

CPLEX> Specified objective sense: MINIMIZE
Selected objective  name:  line[1]
Selected RHS        name:  RHS
Selected bound      name:  BOUND
Problem '/tmp/cmpl.XM9849.mps' read.
Read time = 0.05 sec. (9.66 ticks)
CPLEX> CPXPARAM_Read_APIEncoding                        "UTF-8"
Tried aggregator 3 times.
MIP Presolve eliminated 19387 rows and 31245 columns.
MIP Presolve modified 424 coefficients.
Aggregator did 588 substitutions.
Reduced MIP has 2635 rows, 4460 columns, and 14608 nonzeros.
Reduced MIP has 4292 binaries, 0 generals, 0 SOSs, and 0 indicators.
Presolve time = 0.06 sec. (51.68 ticks)
Probing fixed 4 vars, tightened 0 bounds.
Probing time = 0.01 sec. (7.13 ticks)
Tried aggregator 1 time.
MIP Presolve eliminated 0 rows and 4 columns.
MIP Presolve modified 19 coefficients.
Reduced MIP has 2635 rows, 4456 columns, and 14600 nonzeros.
Reduced MIP has 4456 binaries, 0 generals, 0 SOSs, and 0 indicators.
Presolve time = 0.01 sec. (10.66 ticks)
Probing time = 0.01 sec. (3.00 ticks)
Clique table members: 8356.
MIP emphasis: balance optimality and feasibility.
MIP search method: dynamic search.
Parallel mode: none, using 1 thread.
Root relaxation solution time = 0.01 sec. (16.13 ticks)

        Nodes                                         Cuts/
   Node  Left     Objective  IInf  Best Integer    Best Bound    ItCnt     Gap

      0     0      344.4343    21                    344.4343      877         
*     0+    0                          753.5314      344.4343            54.29%
*     0+    0                          350.4343      344.4343             1.71%
      0     0        cutoff            350.4343                    877    0.00%
Elapsed time = 0.18 sec. (157.54 ticks, tree = 0.01 MB, solutions = 2)

Root node processing (before b&c):
  Real time             =    0.18 sec. (158.98 ticks)
Sequential b&c:
  Real time             =    0.00 sec. (0.00 ticks)
                          ------------
Total (root+branch&cut) =    0.18 sec. (158.98 ticks)

Solution pool: 2 solutions saved.

MIP - Integer optimal solution:  Objective =  3.5043428800e+02
Solution time =    0.18 sec.  Iterations = 877  Nodes = 0
Deterministic time = 159.08 ticks  (865.58 ticks/sec)

CPLEX> Incumbent solution written to file '/tmp/cmpl.XM9849.gsol'.
CPLEX> 
CMPL: Time used for model generation: 1 seconds
CMPL: Time used for solving the model: 1 seconds


Solution written to ASCII file: ../results/output_generated_conf_0.1/2015-12-07-4/equal.sol

Solver - finished
