CMPL model generation - running

CMPL version: 1.11.0
Authors: Thomas Schleiff, Mike Steglich
Distributed under the GPLv3 

create model instance ...
write model instance ...
CMPL model generation - finished

Solver - running


Welcome to IBM(R) ILOG(R) CPLEX(R) Interactive Optimizer 12.7.1.0
  with Simplex, Mixed Integer & Barrier Optimizers
5725-A06 5725-A29 5724-Y48 5724-Y49 5724-Y54 5724-Y55 5655-Y21
Copyright IBM Corp. 1988, 2017.  All Rights Reserved.

Type 'help' for a list of available commands.
Type 'help' followed by a command name for more
information on commands.

CPLEX> Specified objective sense: MINIMIZE
Selected objective  name:  line[1]
Selected RHS        name:  RHS
Selected bound      name:  BOUND
Problem '/tmp/cmpl.T10703.mps' read.
Read time = 0.07 sec. (9.69 ticks)
CPLEX> CPXPARAM_Read_APIEncoding                        "UTF-8"
Tried aggregator 3 times.
MIP Presolve eliminated 18999 rows and 30497 columns.
MIP Presolve modified 618 coefficients.
Aggregator did 889 substitutions.
Reduced MIP has 2722 rows, 4907 columns, and 15889 nonzeros.
Reduced MIP has 4739 binaries, 0 generals, 0 SOSs, and 0 indicators.
Presolve time = 0.09 sec. (52.47 ticks)
Found incumbent of value 27720.146014 after 0.16 sec. (89.24 ticks)
Probing time = 0.01 sec. (3.05 ticks)
Tried aggregator 2 times.
MIP Presolve eliminated 3 rows and 3 columns.
MIP Presolve modified 10 coefficients.
Aggregator did 2 substitutions.
Reduced MIP has 2717 rows, 4902 columns, and 15873 nonzeros.
Reduced MIP has 4902 binaries, 0 generals, 0 SOSs, and 0 indicators.
Presolve time = 0.02 sec. (14.39 ticks)
Probing time = 0.01 sec. (3.12 ticks)
Clique table members: 3273.
MIP emphasis: balance optimality and feasibility.
MIP search method: dynamic search.
Parallel mode: none, using 1 thread.
Root relaxation solution time = 0.04 sec. (25.37 ticks)

        Nodes                                         Cuts/
   Node  Left     Objective  IInf  Best Integer    Best Bound    ItCnt     Gap

*     0+    0                        27720.1460      -20.2806           100.07%
*     0     0      integral     0     7361.9389     7361.9389     1639    0.00%
Elapsed time = 0.26 sec. (145.63 ticks, tree = 0.00 MB, solutions = 2)

Root node processing (before b&c):
  Real time             =    0.26 sec. (147.05 ticks)
Sequential b&c:
  Real time             =    0.00 sec. (0.00 ticks)
                          ------------
Total (root+branch&cut) =    0.26 sec. (147.05 ticks)

Solution pool: 2 solutions saved.

MIP - Integer optimal solution:  Objective =  7.3619388810e+03
Solution time =    0.26 sec.  Iterations = 1639  Nodes = 0
Deterministic time = 147.15 ticks  (564.56 ticks/sec)

CPLEX> Incumbent solution written to file '/tmp/cmpl.T10703.gsol'.
CPLEX> 
CMPL: Time used for model generation: 1 seconds
CMPL: Time used for solving the model: 1 seconds


Solution written to ASCII file: ../results/output_generated_conf_0.9/2017-03-06-4/equal.sol

Solver - finished
