CMPL model generation - running

CMPL version: 1.11.0
Authors: Thomas Schleiff, Mike Steglich
Distributed under the GPLv3 

create model instance ...
write model instance ...
CMPL model generation - finished

Solver - running


Welcome to IBM(R) ILOG(R) CPLEX(R) Interactive Optimizer 12.7.1.0
  with Simplex, Mixed Integer & Barrier Optimizers
5725-A06 5725-A29 5724-Y48 5724-Y49 5724-Y54 5724-Y55 5655-Y21
Copyright IBM Corp. 1988, 2017.  All Rights Reserved.

Type 'help' for a list of available commands.
Type 'help' followed by a command name for more
information on commands.

CPLEX> Specified objective sense: MINIMIZE
Selected objective  name:  line[1]
Selected RHS        name:  RHS
Selected bound      name:  BOUND
Problem '/tmp/cmpl.XM9763.mps' read.
Read time = 0.05 sec. (9.66 ticks)
CPLEX> CPXPARAM_Read_APIEncoding                        "UTF-8"
Tried aggregator 3 times.
MIP Presolve eliminated 19398 rows and 31269 columns.
MIP Presolve modified 422 coefficients.
Aggregator did 588 substitutions.
Reduced MIP has 2624 rows, 4436 columns, and 14540 nonzeros.
Reduced MIP has 4268 binaries, 0 generals, 0 SOSs, and 0 indicators.
Presolve time = 0.05 sec. (51.43 ticks)
Found incumbent of value 20139.691625 after 0.08 sec. (72.10 ticks)
Probing fixed 4 vars, tightened 0 bounds.
Probing time = 0.01 sec. (7.08 ticks)
Tried aggregator 1 time.
MIP Presolve eliminated 0 rows and 4 columns.
MIP Presolve modified 15 coefficients.
Reduced MIP has 2624 rows, 4432 columns, and 14532 nonzeros.
Reduced MIP has 4432 binaries, 0 generals, 0 SOSs, and 0 indicators.
Presolve time = 0.01 sec. (10.52 ticks)
Probing time = 0.01 sec. (2.99 ticks)
Clique table members: 8115.
MIP emphasis: balance optimality and feasibility.
MIP search method: dynamic search.
Parallel mode: none, using 1 thread.
Root relaxation solution time = 0.02 sec. (17.81 ticks)

        Nodes                                         Cuts/
   Node  Left     Objective  IInf  Best Integer    Best Bound    ItCnt     Gap

*     0+    0                        20139.6916     -523.4886           102.60%
      0     0      101.3464    27    20139.6916      101.3464     1027   99.50%
*     0+    0                          109.0607      101.3464             7.07%
      0     0        cutoff            109.0607                   1027    0.00%
Elapsed time = 0.15 sec. (127.82 ticks, tree = 0.01 MB, solutions = 2)

Root node processing (before b&c):
  Real time             =    0.15 sec. (129.25 ticks)
Sequential b&c:
  Real time             =    0.00 sec. (0.00 ticks)
                          ------------
Total (root+branch&cut) =    0.15 sec. (129.25 ticks)

Solution pool: 2 solutions saved.

MIP - Integer optimal solution:  Objective =  1.0906070400e+02
Solution time =    0.15 sec.  Iterations = 1027  Nodes = 0
Deterministic time = 129.35 ticks  (863.05 ticks/sec)

CPLEX> Incumbent solution written to file '/tmp/cmpl.XM9763.gsol'.
CPLEX> 
CMPL: Time used for model generation: 1 seconds
CMPL: Time used for solving the model: 1 seconds


Solution written to ASCII file: ../results/output_generated_conf_0/2016-09-05-4/equal.sol

Solver - finished
