CMPL model generation - running

CMPL version: 1.11.0
Authors: Thomas Schleiff, Mike Steglich
Distributed under the GPLv3 

create model instance ...
write model instance ...
CMPL model generation - finished

Solver - running


Welcome to IBM(R) ILOG(R) CPLEX(R) Interactive Optimizer 12.7.1.0
  with Simplex, Mixed Integer & Barrier Optimizers
5725-A06 5725-A29 5724-Y48 5724-Y49 5724-Y54 5724-Y55 5655-Y21
Copyright IBM Corp. 1988, 2017.  All Rights Reserved.

Type 'help' for a list of available commands.
Type 'help' followed by a command name for more
information on commands.

CPLEX> Specified objective sense: MINIMIZE
Selected objective  name:  line[1]
Selected RHS        name:  RHS
Selected bound      name:  BOUND
Problem '/tmp/cmpl.T11661.mps' read.
Read time = 0.06 sec. (8.91 ticks)
CPLEX> CPXPARAM_Read_APIEncoding                        "UTF-8"
Tried aggregator 3 times.
MIP Presolve eliminated 18649 rows and 29451 columns.
MIP Presolve modified 340 coefficients.
Aggregator did 1243 substitutions.
Reduced MIP has 2548 rows, 3984 columns, and 11648 nonzeros.
Reduced MIP has 3816 binaries, 0 generals, 0 SOSs, and 0 indicators.
Presolve time = 0.14 sec. (43.41 ticks)
Found incumbent of value 34732.569520 after 0.21 sec. (84.01 ticks)
Probing time = 0.01 sec. (2.70 ticks)
Tried aggregator 1 time.
MIP Presolve eliminated 0 rows and 21 columns.
Reduced MIP has 2548 rows, 3963 columns, and 11606 nonzeros.
Reduced MIP has 3963 binaries, 0 generals, 0 SOSs, and 0 indicators.
Presolve time = 0.01 sec. (9.73 ticks)
Probing time = 0.01 sec. (2.82 ticks)
Clique table members: 3366.
MIP emphasis: balance optimality and feasibility.
MIP search method: dynamic search.
Parallel mode: none, using 1 thread.
Root relaxation solution time = 0.02 sec. (20.46 ticks)

        Nodes                                         Cuts/
   Node  Left     Objective  IInf  Best Integer    Best Bound    ItCnt     Gap

*     0+    0                        34732.5695        0.0000           100.00%
*     0     0      integral     0    14173.0241    14173.0241     1101    0.00%
Elapsed time = 0.28 sec. (127.88 ticks, tree = 0.00 MB, solutions = 2)

Root node processing (before b&c):
  Real time             =    0.28 sec. (129.20 ticks)
Sequential b&c:
  Real time             =    0.00 sec. (0.00 ticks)
                          ------------
Total (root+branch&cut) =    0.28 sec. (129.20 ticks)

Solution pool: 2 solutions saved.

MIP - Integer optimal solution:  Objective =  1.4173024135e+04
Solution time =    0.28 sec.  Iterations = 1101  Nodes = 0
Deterministic time = 129.30 ticks  (463.34 ticks/sec)

CPLEX> Incumbent solution written to file '/tmp/cmpl.T11661.gsol'.
CPLEX> 
CMPL: Time used for model generation: 1 seconds
CMPL: Time used for solving the model: 1 seconds


Solution written to ASCII file: ../results/output_generated_rate_0.7/2017-03-06-4/unequal.sol

Solver - finished
