CMPL model generation - running

CMPL version: 1.11.0
Authors: Thomas Schleiff, Mike Steglich
Distributed under the GPLv3 

create model instance ...
write model instance ...
CMPL model generation - finished

Solver - running


Welcome to IBM(R) ILOG(R) CPLEX(R) Interactive Optimizer 12.7.1.0
  with Simplex, Mixed Integer & Barrier Optimizers
5725-A06 5725-A29 5724-Y48 5724-Y49 5724-Y54 5724-Y55 5655-Y21
Copyright IBM Corp. 1988, 2017.  All Rights Reserved.

Type 'help' for a list of available commands.
Type 'help' followed by a command name for more
information on commands.

CPLEX> Specified objective sense: MINIMIZE
Selected objective  name:  line[1]
Selected RHS        name:  RHS
Selected bound      name:  BOUND
Problem '/tmp/cmpl.T10117.mps' read.
Read time = 0.08 sec. (8.85 ticks)
CPLEX> CPXPARAM_Read_APIEncoding                        "UTF-8"
Tried aggregator 3 times.
MIP Presolve eliminated 19323 rows and 30791 columns.
MIP Presolve modified 340 coefficients.
Aggregator did 618 substitutions.
Reduced MIP has 2499 rows, 3269 columns, and 9531 nonzeros.
Reduced MIP has 3101 binaries, 0 generals, 0 SOSs, and 0 indicators.
Presolve time = 0.08 sec. (43.11 ticks)
Found incumbent of value 5851.986782 after 0.12 sec. (61.28 ticks)
Probing fixed 5 vars, tightened 0 bounds.
Probing time = 0.02 sec. (4.26 ticks)
Tried aggregator 1 time.
MIP Presolve eliminated 0 rows and 5 columns.
MIP Presolve modified 28 coefficients.
Reduced MIP has 2499 rows, 3264 columns, and 9521 nonzeros.
Reduced MIP has 3264 binaries, 0 generals, 0 SOSs, and 0 indicators.
Presolve time = 0.01 sec. (8.06 ticks)
Probing time = 0.01 sec. (2.67 ticks)
Clique table members: 6037.
MIP emphasis: balance optimality and feasibility.
MIP search method: dynamic search.
Parallel mode: none, using 1 thread.
Root relaxation solution time = 0.01 sec. (4.62 ticks)

        Nodes                                         Cuts/
   Node  Left     Objective  IInf  Best Integer    Best Bound    ItCnt     Gap

*     0+    0                         5851.9868     -422.5525           107.22%
      0     0     1363.8995    11     5851.9868     1363.8995      131   76.69%
*     0+    0                         1522.9886     1363.8995            10.45%
*     0+    0                         1367.0423     1363.8995             0.23%
      0     0     1366.5996     1     1367.0423      Cuts: 12      137    0.03%
*     0+    0                         1366.8324     1366.5996             0.02%
      0     0        cutoff           1366.8324                    137    0.00%
Elapsed time = 0.22 sec. (102.96 ticks, tree = 0.01 MB, solutions = 4)

GUB cover cuts applied:  1
Cover cuts applied:  7
Gomory fractional cuts applied:  4

Root node processing (before b&c):
  Real time             =    0.22 sec. (104.72 ticks)
Sequential b&c:
  Real time             =    0.00 sec. (0.00 ticks)
                          ------------
Total (root+branch&cut) =    0.22 sec. (104.72 ticks)

Solution pool: 4 solutions saved.

MIP - Integer optimal solution:  Objective =  1.3668323880e+03
Solution time =    0.22 sec.  Iterations = 137  Nodes = 0
Deterministic time = 104.82 ticks  (466.07 ticks/sec)

CPLEX> Incumbent solution written to file '/tmp/cmpl.T10117.gsol'.
CPLEX> 
CMPL: Time used for model generation: 1 seconds
CMPL: Time used for solving the model: 1 seconds


Solution written to ASCII file: ../results/output_generated_conf_0.4/2016-03-07-4/unequal.sol

Solver - finished
