CMPL model generation - running

CMPL version: 1.11.0
Authors: Thomas Schleiff, Mike Steglich
Distributed under the GPLv3 

create model instance ...
write model instance ...
CMPL model generation - finished

Solver - running


Welcome to IBM(R) ILOG(R) CPLEX(R) Interactive Optimizer 12.7.1.0
  with Simplex, Mixed Integer & Barrier Optimizers
5725-A06 5725-A29 5724-Y48 5724-Y49 5724-Y54 5724-Y55 5655-Y21
Copyright IBM Corp. 1988, 2017.  All Rights Reserved.

Type 'help' for a list of available commands.
Type 'help' followed by a command name for more
information on commands.

CPLEX> Specified objective sense: MINIMIZE
Selected objective  name:  line[1]
Selected RHS        name:  RHS
Selected bound      name:  BOUND
Problem '/tmp/cmpl.T10192.mps' read.
Read time = 0.05 sec. (9.66 ticks)
CPLEX> CPXPARAM_Read_APIEncoding                        "UTF-8"
Tried aggregator 3 times.
MIP Presolve eliminated 19327 rows and 31132 columns.
MIP Presolve modified 456 coefficients.
Aggregator did 616 substitutions.
Reduced MIP has 2667 rows, 4545 columns, and 14833 nonzeros.
Reduced MIP has 4377 binaries, 0 generals, 0 SOSs, and 0 indicators.
Presolve time = 0.06 sec. (50.35 ticks)
Probing fixed 7 vars, tightened 0 bounds.
Probing time = 0.01 sec. (7.60 ticks)
Tried aggregator 1 time.
MIP Presolve eliminated 0 rows and 7 columns.
MIP Presolve modified 33 coefficients.
Reduced MIP has 2667 rows, 4538 columns, and 14819 nonzeros.
Reduced MIP has 4538 binaries, 0 generals, 0 SOSs, and 0 indicators.
Presolve time = 0.01 sec. (10.80 ticks)
Probing time = 0.01 sec. (3.00 ticks)
Clique table members: 9317.
MIP emphasis: balance optimality and feasibility.
MIP search method: dynamic search.
Parallel mode: none, using 1 thread.
Root relaxation solution time = 0.01 sec. (14.53 ticks)

        Nodes                                         Cuts/
   Node  Left     Objective  IInf  Best Integer    Best Bound    ItCnt     Gap

      0     0     1395.8730    11                   1395.8730      756         
*     0+    0                         1535.3866     1395.8730             9.09%
*     0+    0                         1399.0158     1395.8730             0.22%
*     0     0      integral     0     1398.2281      Cuts: 16      761    0.00%
      0     0        cutoff           1398.2281     1398.2281      761    0.00%
Elapsed time = 0.19 sec. (163.48 ticks, tree = 0.01 MB, solutions = 3)

GUB cover cuts applied:  2
Clique cuts applied:  1
Cover cuts applied:  8
Gomory fractional cuts applied:  5

Root node processing (before b&c):
  Real time             =    0.19 sec. (165.16 ticks)
Sequential b&c:
  Real time             =    0.00 sec. (0.00 ticks)
                          ------------
Total (root+branch&cut) =    0.19 sec. (165.16 ticks)

Solution pool: 3 solutions saved.

MIP - Integer optimal solution:  Objective =  1.3982281330e+03
Solution time =    0.19 sec.  Iterations = 761  Nodes = 0
Deterministic time = 165.26 ticks  (868.82 ticks/sec)

CPLEX> Incumbent solution written to file '/tmp/cmpl.T10192.gsol'.
CPLEX> 
CMPL: Time used for model generation: 1 seconds
CMPL: Time used for solving the model: 1 seconds


Solution written to ASCII file: ../results/output_generated_conf_0.4/2017-02-06-4/equal.sol

Solver - finished
