CMPL model generation - running

CMPL version: 1.11.0
Authors: Thomas Schleiff, Mike Steglich
Distributed under the GPLv3 

create model instance ...
write model instance ...
CMPL model generation - finished

Solver - running


Welcome to IBM(R) ILOG(R) CPLEX(R) Interactive Optimizer 12.7.1.0
  with Simplex, Mixed Integer & Barrier Optimizers
5725-A06 5725-A29 5724-Y48 5724-Y49 5724-Y54 5724-Y55 5655-Y21
Copyright IBM Corp. 1988, 2017.  All Rights Reserved.

Type 'help' for a list of available commands.
Type 'help' followed by a command name for more
information on commands.

CPLEX> Specified objective sense: MINIMIZE
Selected objective  name:  line[1]
Selected RHS        name:  RHS
Selected bound      name:  BOUND
Problem '/tmp/cmpl.T10142.mps' read.
Read time = 0.05 sec. (8.85 ticks)
CPLEX> CPXPARAM_Read_APIEncoding                        "UTF-8"
Tried aggregator 3 times.
MIP Presolve eliminated 19327 rows and 30792 columns.
MIP Presolve modified 340 coefficients.
Aggregator did 616 substitutions.
Reduced MIP has 2497 rows, 3270 columns, and 9540 nonzeros.
Reduced MIP has 3102 binaries, 0 generals, 0 SOSs, and 0 indicators.
Presolve time = 0.05 sec. (41.60 ticks)
Found incumbent of value 6216.080706 after 0.07 sec. (59.20 ticks)
Probing fixed 7 vars, tightened 0 bounds.
Probing time = 0.01 sec. (4.25 ticks)
Tried aggregator 1 time.
MIP Presolve eliminated 0 rows and 7 columns.
MIP Presolve modified 33 coefficients.
Reduced MIP has 2497 rows, 3263 columns, and 9526 nonzeros.
Reduced MIP has 3263 binaries, 0 generals, 0 SOSs, and 0 indicators.
Presolve time = 0.01 sec. (8.12 ticks)
Probing time = 0.01 sec. (2.68 ticks)
Clique table members: 5842.
MIP emphasis: balance optimality and feasibility.
MIP search method: dynamic search.
Parallel mode: none, using 1 thread.
Root relaxation solution time = 0.00 sec. (4.58 ticks)

        Nodes                                         Cuts/
   Node  Left     Objective  IInf  Best Integer    Best Bound    ItCnt     Gap

*     0+    0                         6216.0807     -342.1412           105.50%
      0     0     1383.4158    11     6216.0807     1383.4158      126   77.74%
*     0+    0                         1504.0317     1383.4158             8.02%
*     0+    0                         1386.5587     1383.4158             0.23%
*     0     0      integral     0     1385.7710      Cuts: 21      132    0.00%
      0     0        cutoff           1385.7710     1385.7710      132    0.00%
Elapsed time = 0.12 sec. (98.60 ticks, tree = 0.01 MB, solutions = 4)

GUB cover cuts applied:  2
Clique cuts applied:  6
Cover cuts applied:  8
Gomory fractional cuts applied:  5

Root node processing (before b&c):
  Real time             =    0.12 sec. (100.36 ticks)
Sequential b&c:
  Real time             =    0.00 sec. (0.00 ticks)
                          ------------
Total (root+branch&cut) =    0.12 sec. (100.36 ticks)

Solution pool: 4 solutions saved.

MIP - Integer optimal solution:  Objective =  1.3857709890e+03
Solution time =    0.12 sec.  Iterations = 132  Nodes = 0
Deterministic time = 100.46 ticks  (805.93 ticks/sec)

CPLEX> Incumbent solution written to file '/tmp/cmpl.T10142.gsol'.
CPLEX> 
CMPL: Time used for model generation: 1 seconds
CMPL: Time used for solving the model: 1 seconds


Solution written to ASCII file: ../results/output_generated_conf_0.4/2017-02-06-4/unequal.sol

Solver - finished
