CMPL model generation - running

CMPL version: 1.11.0
Authors: Thomas Schleiff, Mike Steglich
Distributed under the GPLv3 

create model instance ...
write model instance ...
CMPL model generation - finished

Solver - running


Welcome to IBM(R) ILOG(R) CPLEX(R) Interactive Optimizer 12.7.1.0
  with Simplex, Mixed Integer & Barrier Optimizers
5725-A06 5725-A29 5724-Y48 5724-Y49 5724-Y54 5724-Y55 5655-Y21
Copyright IBM Corp. 1988, 2017.  All Rights Reserved.

Type 'help' for a list of available commands.
Type 'help' followed by a command name for more
information on commands.

CPLEX> Specified objective sense: MINIMIZE
Selected objective  name:  line[1]
Selected RHS        name:  RHS
Selected bound      name:  BOUND
Problem '/tmp/cmpl.T10202.mps' read.
Read time = 0.06 sec. (11.93 ticks)
CPLEX> CPXPARAM_Read_APIEncoding                        "UTF-8"
Tried aggregator 3 times.
MIP Presolve eliminated 24105 rows and 37698 columns.
MIP Presolve modified 486 coefficients.
Aggregator did 752 substitutions.
Reduced MIP has 3320 rows, 5705 columns, and 18786 nonzeros.
Reduced MIP has 5495 binaries, 0 generals, 0 SOSs, and 0 indicators.
Presolve time = 0.06 sec. (60.99 ticks)
Found incumbent of value 25755.517344 after 0.11 sec. (103.66 ticks)
Probing fixed 11 vars, tightened 0 bounds.
Probing time = 0.02 sec. (9.97 ticks)
Tried aggregator 1 time.
MIP Presolve eliminated 1 rows and 11 columns.
MIP Presolve modified 55 coefficients.
Reduced MIP has 3319 rows, 5694 columns, and 18760 nonzeros.
Reduced MIP has 5694 binaries, 0 generals, 0 SOSs, and 0 indicators.
Presolve time = 0.02 sec. (15.17 ticks)
Probing time = 0.01 sec. (3.25 ticks)
Clique table members: 11686.
MIP emphasis: balance optimality and feasibility.
MIP search method: dynamic search.
Parallel mode: none, using 1 thread.
Root relaxation solution time = 0.02 sec. (19.20 ticks)

        Nodes                                         Cuts/
   Node  Left     Objective  IInf  Best Integer    Best Bound    ItCnt     Gap

*     0+    0                        25755.5173     -362.3396           101.41%
      0     0     1742.6612    14    25755.5173     1742.6612     1034   93.23%
*     0+    0                         1903.8113     1742.6612             8.46%
*     0+    0                         1745.8612     1742.6612             0.18%
      0     0     1745.5080     1     1745.8612      Cuts: 19     1040    0.02%
*     0+    0                         1745.6412     1745.5080             0.01%

GUB cover cuts applied:  1
Clique cuts applied:  1
Cover cuts applied:  11
Gomory fractional cuts applied:  6

Root node processing (before b&c):
  Real time             =    0.22 sec. (189.58 ticks)
Sequential b&c:
  Real time             =    0.00 sec. (0.00 ticks)
                          ------------
Total (root+branch&cut) =    0.22 sec. (189.58 ticks)

Solution pool: 4 solutions saved.

MIP - Integer optimal, tolerance (0.0001/1e-06):  Objective =  1.7456411610e+03
Current MIP best bound =  1.7455080480e+03 (gap = 0.133113, 0.01%)
Solution time =    0.22 sec.  Iterations = 1040  Nodes = 0 (1)
Deterministic time = 189.70 ticks  (878.16 ticks/sec)

CPLEX> Incumbent solution written to file '/tmp/cmpl.T10202.gsol'.
CPLEX> 
CMPL: Time used for model generation: 1 seconds
CMPL: Time used for solving the model: 1 seconds


Solution written to ASCII file: ../results/output_generated_conf_0.4/2017-07-03-5/equal.sol

Solver - finished
