CMPL model generation - running

CMPL version: 1.11.0
Authors: Thomas Schleiff, Mike Steglich
Distributed under the GPLv3 

create model instance ...
write model instance ...
CMPL model generation - finished

Solver - running


Welcome to IBM(R) ILOG(R) CPLEX(R) Interactive Optimizer 12.7.1.0
  with Simplex, Mixed Integer & Barrier Optimizers
5725-A06 5725-A29 5724-Y48 5724-Y49 5724-Y54 5724-Y55 5655-Y21
Copyright IBM Corp. 1988, 2017.  All Rights Reserved.

Type 'help' for a list of available commands.
Type 'help' followed by a command name for more
information on commands.

CPLEX> Specified objective sense: MINIMIZE
Selected objective  name:  line[1]
Selected RHS        name:  RHS
Selected bound      name:  BOUND
Problem '/tmp/cmpl.T10152.mps' read.
Read time = 0.11 sec. (10.97 ticks)
CPLEX> CPXPARAM_Read_APIEncoding                        "UTF-8"
Tried aggregator 3 times.
MIP Presolve eliminated 24106 rows and 37698 columns.
MIP Presolve modified 425 coefficients.
Aggregator did 752 substitutions.
Reduced MIP has 3149 rows, 4090 columns, and 12102 nonzeros.
Reduced MIP has 3880 binaries, 0 generals, 0 SOSs, and 0 indicators.
Presolve time = 0.08 sec. (53.52 ticks)
Found incumbent of value 7396.768998 after 0.13 sec. (76.78 ticks)
Probing fixed 11 vars, tightened 0 bounds.
Probing time = 0.02 sec. (5.29 ticks)
Tried aggregator 1 time.
MIP Presolve eliminated 0 rows and 11 columns.
MIP Presolve modified 52 coefficients.
Reduced MIP has 3149 rows, 4079 columns, and 12080 nonzeros.
Reduced MIP has 4079 binaries, 0 generals, 0 SOSs, and 0 indicators.
Presolve time = 0.02 sec. (10.20 ticks)
Probing time = 0.02 sec. (2.83 ticks)
Clique table members: 7460.
MIP emphasis: balance optimality and feasibility.
MIP search method: dynamic search.
Parallel mode: none, using 1 thread.
Root relaxation solution time = 0.01 sec. (5.99 ticks)

        Nodes                                         Cuts/
   Node  Left     Objective  IInf  Best Integer    Best Bound    ItCnt     Gap

*     0+    0                         7396.7690     -362.3396           104.90%
      0     0     1728.1241    14     7396.7690     1728.1241      167   76.64%
*     0+    0                         1731.3241     1728.1241             0.18%
      0     0     1730.9709     1     1731.3241      Cuts: 18      173    0.02%
*     0+    0                         1731.1040     1730.9709             0.01%

GUB cover cuts applied:  1
Cover cuts applied:  11
Gomory fractional cuts applied:  6

Root node processing (before b&c):
  Real time             =    0.25 sec. (130.43 ticks)
Sequential b&c:
  Real time             =    0.00 sec. (0.00 ticks)
                          ------------
Total (root+branch&cut) =    0.25 sec. (130.43 ticks)

Solution pool: 3 solutions saved.

MIP - Integer optimal, tolerance (0.0001/1e-06):  Objective =  1.7311040120e+03
Current MIP best bound =  1.7309708990e+03 (gap = 0.133113, 0.01%)
Solution time =    0.25 sec.  Iterations = 173  Nodes = 0 (1)
Deterministic time = 130.55 ticks  (524.10 ticks/sec)

CPLEX> Incumbent solution written to file '/tmp/cmpl.T10152.gsol'.
CPLEX> 
CMPL: Time used for model generation: 2 seconds
CMPL: Time used for solving the model: 2 seconds


Solution written to ASCII file: ../results/output_generated_conf_0.4/2017-07-03-5/unequal.sol

Solver - finished
