CMPL model generation - running

CMPL version: 1.11.0
Authors: Thomas Schleiff, Mike Steglich
Distributed under the GPLv3 

create model instance ...
write model instance ...
CMPL model generation - finished

Solver - running


Welcome to IBM(R) ILOG(R) CPLEX(R) Interactive Optimizer 12.7.1.0
  with Simplex, Mixed Integer & Barrier Optimizers
5725-A06 5725-A29 5724-Y48 5724-Y49 5724-Y54 5724-Y55 5655-Y21
Copyright IBM Corp. 1988, 2017.  All Rights Reserved.

Type 'help' for a list of available commands.
Type 'help' followed by a command name for more
information on commands.

CPLEX> Specified objective sense: MINIMIZE
Selected objective  name:  line[1]
Selected RHS        name:  RHS
Selected bound      name:  BOUND
Problem '/tmp/cmpl.T10274.mps' read.
Read time = 0.06 sec. (11.94 ticks)
CPLEX> CPXPARAM_Read_APIEncoding                        "UTF-8"
Tried aggregator 3 times.
MIP Presolve eliminated 24057 rows and 37613 columns.
MIP Presolve modified 493 coefficients.
Aggregator did 783 substitutions.
Reduced MIP has 3337 rows, 5759 columns, and 18938 nonzeros.
Reduced MIP has 5549 binaries, 0 generals, 0 SOSs, and 0 indicators.
Presolve time = 0.07 sec. (59.30 ticks)
Probing fixed 17 vars, tightened 0 bounds.
Probing time = 0.02 sec. (10.11 ticks)
Tried aggregator 2 times.
MIP Presolve eliminated 4 rows and 17 columns.
MIP Presolve modified 103 coefficients.
Aggregator did 3 substitutions.
Reduced MIP has 3330 rows, 5739 columns, and 18891 nonzeros.
Reduced MIP has 5739 binaries, 0 generals, 0 SOSs, and 0 indicators.
Presolve time = 0.02 sec. (17.16 ticks)
Probing time = 0.01 sec. (3.25 ticks)
Clique table members: 11718.
MIP emphasis: balance optimality and feasibility.
MIP search method: dynamic search.
Parallel mode: none, using 1 thread.
Root relaxation solution time = 0.02 sec. (21.34 ticks)

        Nodes                                         Cuts/
   Node  Left     Objective  IInf  Best Integer    Best Bound    ItCnt     Gap

      0     0     2555.8068     8                   2555.8068     1077         
*     0+    0                         2557.6353     2555.8068             0.07%
      0     0     2557.0083     2     2557.6353      Cuts: 20     1083    0.02%
*     0+    0                         2557.4655     2557.0083             0.02%
      0     0     2557.2460     1     2557.4655       Cuts: 6     1085    0.01%

GUB cover cuts applied:  1
Clique cuts applied:  5
Cover cuts applied:  13
Gomory fractional cuts applied:  7

Root node processing (before b&c):
  Real time             =    0.25 sec. (219.60 ticks)
Sequential b&c:
  Real time             =    0.00 sec. (0.00 ticks)
                          ------------
Total (root+branch&cut) =    0.25 sec. (219.60 ticks)

Solution pool: 2 solutions saved.

MIP - Integer optimal, tolerance (0.0001/1e-06):  Objective =  2.5574654730e+03
Current MIP best bound =  2.5572459680e+03 (gap = 0.219505, 0.01%)
Solution time =    0.25 sec.  Iterations = 1085  Nodes = 0 (1)
Deterministic time = 219.73 ticks  (865.28 ticks/sec)

CPLEX> Incumbent solution written to file '/tmp/cmpl.T10274.gsol'.
CPLEX> 
CMPL: Time used for model generation: 1 seconds
CMPL: Time used for solving the model: 1 seconds


Solution written to ASCII file: ../results/output_generated_conf_0.5/2016-05-02-5/equal.sol

Solver - finished
