CMPL model generation - running

CMPL version: 1.11.0
Authors: Thomas Schleiff, Mike Steglich
Distributed under the GPLv3 

create model instance ...
write model instance ...
CMPL model generation - finished

Solver - running


Welcome to IBM(R) ILOG(R) CPLEX(R) Interactive Optimizer 12.7.1.0
  with Simplex, Mixed Integer & Barrier Optimizers
5725-A06 5725-A29 5724-Y48 5724-Y49 5724-Y54 5724-Y55 5655-Y21
Copyright IBM Corp. 1988, 2017.  All Rights Reserved.

Type 'help' for a list of available commands.
Type 'help' followed by a command name for more
information on commands.

CPLEX> Specified objective sense: MINIMIZE
Selected objective  name:  line[1]
Selected RHS        name:  RHS
Selected bound      name:  BOUND
Problem '/tmp/cmpl.XM9887.mps' read.
Read time = 0.06 sec. (11.93 ticks)
CPLEX> CPXPARAM_Read_APIEncoding                        "UTF-8"
Tried aggregator 3 times.
MIP Presolve eliminated 24181 rows and 37840 columns.
MIP Presolve modified 451 coefficients.
Aggregator did 698 substitutions.
Reduced MIP has 3298 rows, 5617 columns, and 18546 nonzeros.
Reduced MIP has 5407 binaries, 0 generals, 0 SOSs, and 0 indicators.
Presolve time = 0.06 sec. (58.73 ticks)
Found incumbent of value 25485.710510 after 0.11 sec. (97.78 ticks)
Probing fixed 9 vars, tightened 0 bounds.
Probing time = 0.02 sec. (9.66 ticks)
Tried aggregator 1 time.
MIP Presolve eliminated 0 rows and 9 columns.
MIP Presolve modified 40 coefficients.
Reduced MIP has 3298 rows, 5608 columns, and 18528 nonzeros.
Reduced MIP has 5608 binaries, 0 generals, 0 SOSs, and 0 indicators.
Presolve time = 0.01 sec. (13.38 ticks)
Probing time = 0.01 sec. (3.25 ticks)
Clique table members: 10512.
MIP emphasis: balance optimality and feasibility.
MIP search method: dynamic search.
Parallel mode: none, using 1 thread.
Root relaxation solution time = 0.02 sec. (20.15 ticks)

        Nodes                                         Cuts/
   Node  Left     Objective  IInf  Best Integer    Best Bound    ItCnt     Gap

*     0+    0                        25485.7105     -222.7538           100.87%
      0     0      491.7409    12    25485.7105      491.7409      926   98.07%
*     0+    0                          731.2932      491.7409            32.76%
*     0+    0                          494.4837      491.7409             0.55%
      0     0        cutoff            494.4837                    926    0.00%
Elapsed time = 0.20 sec. (173.07 ticks, tree = 0.01 MB, solutions = 3)

Root node processing (before b&c):
  Real time             =    0.20 sec. (175.12 ticks)
Sequential b&c:
  Real time             =    0.00 sec. (0.00 ticks)
                          ------------
Total (root+branch&cut) =    0.20 sec. (175.12 ticks)

Solution pool: 3 solutions saved.

MIP - Integer optimal solution:  Objective =  4.9448372600e+02
Solution time =    0.20 sec.  Iterations = 926  Nodes = 0
Deterministic time = 175.24 ticks  (857.87 ticks/sec)

CPLEX> Incumbent solution written to file '/tmp/cmpl.XM9887.gsol'.
CPLEX> 
CMPL: Time used for model generation: 1 seconds
CMPL: Time used for solving the model: 1 seconds


Solution written to ASCII file: ../results/output_generated_conf_0.1/2017-07-03-5/equal.sol

Solver - finished
