CMPL model generation - running

CMPL version: 1.11.0
Authors: Thomas Schleiff, Mike Steglich
Distributed under the GPLv3 

create model instance ...
write model instance ...
CMPL model generation - finished

Solver - running


Welcome to IBM(R) ILOG(R) CPLEX(R) Interactive Optimizer 12.7.1.0
  with Simplex, Mixed Integer & Barrier Optimizers
5725-A06 5725-A29 5724-Y48 5724-Y49 5724-Y54 5724-Y55 5655-Y21
Copyright IBM Corp. 1988, 2017.  All Rights Reserved.

Type 'help' for a list of available commands.
Type 'help' followed by a command name for more
information on commands.

CPLEX> Specified objective sense: MINIMIZE
Selected objective  name:  line[1]
Selected RHS        name:  RHS
Selected bound      name:  BOUND
Problem '/tmp/cmpl.T11736.mps' read.
Read time = 0.05 sec. (8.92 ticks)
CPLEX> CPXPARAM_Read_APIEncoding                        "UTF-8"
Tried aggregator 3 times.
MIP Presolve eliminated 18574 rows and 29305 columns.
MIP Presolve modified 390 coefficients.
Aggregator did 1315 substitutions.
Reduced MIP has 2551 rows, 4058 columns, and 11874 nonzeros.
Reduced MIP has 3890 binaries, 0 generals, 0 SOSs, and 0 indicators.
Presolve time = 0.05 sec. (44.94 ticks)
Found incumbent of value 35207.428575 after 0.11 sec. (91.69 ticks)
Probing time = 0.01 sec. (2.68 ticks)
Tried aggregator 2 times.
MIP Presolve eliminated 2 rows and 41 columns.
MIP Presolve modified 6 coefficients.
Aggregator did 1 substitutions.
Reduced MIP has 2548 rows, 4016 columns, and 11785 nonzeros.
Reduced MIP has 4016 binaries, 0 generals, 0 SOSs, and 0 indicators.
Presolve time = 0.02 sec. (14.54 ticks)
Probing time = 0.01 sec. (2.81 ticks)
Clique table members: 3439.
MIP emphasis: balance optimality and feasibility.
MIP search method: dynamic search.
Parallel mode: none, using 1 thread.
Root relaxation solution time = 0.02 sec. (19.16 ticks)

        Nodes                                         Cuts/
   Node  Left     Objective  IInf  Best Integer    Best Bound    ItCnt     Gap

*     0+    0                        35207.4286        0.0000           100.00%
*     0     0      integral     0    15284.4686    15284.4686     1126    0.00%
Elapsed time = 0.16 sec. (139.21 ticks, tree = 0.00 MB, solutions = 2)

Root node processing (before b&c):
  Real time             =    0.17 sec. (140.53 ticks)
Sequential b&c:
  Real time             =    0.00 sec. (0.00 ticks)
                          ------------
Total (root+branch&cut) =    0.17 sec. (140.53 ticks)

Solution pool: 2 solutions saved.

MIP - Integer optimal solution:  Objective =  1.5284468575e+04
Solution time =    0.17 sec.  Iterations = 1126  Nodes = 0
Deterministic time = 140.63 ticks  (839.99 ticks/sec)

CPLEX> Incumbent solution written to file '/tmp/cmpl.T11736.gsol'.
CPLEX> 
CMPL: Time used for model generation: 1 seconds
CMPL: Time used for solving the model: 0 seconds


Solution written to ASCII file: ../results/output_generated_rate_0.8/2015-12-07-4/unequal.sol

Solver - finished
