CMPL model generation - running

CMPL version: 1.11.0
Authors: Thomas Schleiff, Mike Steglich
Distributed under the GPLv3 

create model instance ...
write model instance ...
CMPL model generation - finished

Solver - running


Welcome to IBM(R) ILOG(R) CPLEX(R) Interactive Optimizer 12.7.1.0
  with Simplex, Mixed Integer & Barrier Optimizers
5725-A06 5725-A29 5724-Y48 5724-Y49 5724-Y54 5724-Y55 5655-Y21
Copyright IBM Corp. 1988, 2017.  All Rights Reserved.

Type 'help' for a list of available commands.
Type 'help' followed by a command name for more
information on commands.

CPLEX> Specified objective sense: MINIMIZE
Selected objective  name:  line[1]
Selected RHS        name:  RHS
Selected bound      name:  BOUND
Problem '/tmp/cmpl.T10386.mps' read.
Read time = 0.05 sec. (9.67 ticks)
CPLEX> CPXPARAM_Read_APIEncoding                        "UTF-8"
Tried aggregator 3 times.
MIP Presolve eliminated 19265 rows and 31024 columns.
MIP Presolve modified 484 coefficients.
Aggregator did 664 substitutions.
Reduced MIP has 2681 rows, 4605 columns, and 15003 nonzeros.
Reduced MIP has 4437 binaries, 0 generals, 0 SOSs, and 0 indicators.
Presolve time = 0.06 sec. (52.35 ticks)
Probing fixed 11 vars, tightened 0 bounds.
Probing time = 0.02 sec. (7.72 ticks)
Tried aggregator 1 time.
MIP Presolve eliminated 0 rows and 11 columns.
MIP Presolve modified 52 coefficients.
Reduced MIP has 2681 rows, 4594 columns, and 14981 nonzeros.
Reduced MIP has 4594 binaries, 0 generals, 0 SOSs, and 0 indicators.
Presolve time = 0.01 sec. (10.89 ticks)
Probing time = 0.01 sec. (3.01 ticks)
Clique table members: 9413.
MIP emphasis: balance optimality and feasibility.
MIP search method: dynamic search.
Parallel mode: none, using 1 thread.
Root relaxation solution time = 0.01 sec. (15.58 ticks)

        Nodes                                         Cuts/
   Node  Left     Objective  IInf  Best Integer    Best Bound    ItCnt     Gap

      0     0     2340.0563     8                   2340.0563      972         
*     0+    0                         2342.3420     2340.0563             0.10%
      0     0     2341.9161     2     2342.3420       Cuts: 9      975    0.02%
*     0     0      integral     0     2342.0655       Cuts: 6      983    0.00%
      0     0        cutoff           2342.0655     2342.0655      983    0.00%
Elapsed time = 0.20 sec. (173.74 ticks, tree = 0.01 MB, solutions = 2)

GUB cover cuts applied:  1
Cover cuts applied:  9
Gomory fractional cuts applied:  5

Root node processing (before b&c):
  Real time             =    0.20 sec. (175.18 ticks)
Sequential b&c:
  Real time             =    0.00 sec. (0.00 ticks)
                          ------------
Total (root+branch&cut) =    0.20 sec. (175.18 ticks)

Solution pool: 2 solutions saved.

MIP - Integer optimal solution:  Objective =  2.3420654960e+03
Solution time =    0.20 sec.  Iterations = 983  Nodes = 0
Deterministic time = 175.28 ticks  (860.69 ticks/sec)

CPLEX> Incumbent solution written to file '/tmp/cmpl.T10386.gsol'.
CPLEX> 
CMPL: Time used for model generation: 1 seconds
CMPL: Time used for solving the model: 1 seconds


Solution written to ASCII file: ../results/output_generated_conf_0.6/2016-09-05-4/equal.sol

Solver - finished
