CMPL model generation - running

CMPL version: 1.11.0
Authors: Thomas Schleiff, Mike Steglich
Distributed under the GPLv3 

create model instance ...
write model instance ...
CMPL model generation - finished

Solver - running


Welcome to IBM(R) ILOG(R) CPLEX(R) Interactive Optimizer 12.7.1.0
  with Simplex, Mixed Integer & Barrier Optimizers
5725-A06 5725-A29 5724-Y48 5724-Y49 5724-Y54 5724-Y55 5655-Y21
Copyright IBM Corp. 1988, 2017.  All Rights Reserved.

Type 'help' for a list of available commands.
Type 'help' followed by a command name for more
information on commands.

CPLEX> Specified objective sense: MINIMIZE
Selected objective  name:  line[1]
Selected RHS        name:  RHS
Selected bound      name:  BOUND
Problem '/tmp/cmpl.T11304.mps' read.
Read time = 0.05 sec. (9.69 ticks)
CPLEX> CPXPARAM_Read_APIEncoding                        "UTF-8"
Tried aggregator 3 times.
MIP Presolve eliminated 18995 rows and 30487 columns.
MIP Presolve modified 621 coefficients.
Aggregator did 895 substitutions.
Reduced MIP has 2720 rows, 4911 columns, and 15901 nonzeros.
Reduced MIP has 4743 binaries, 0 generals, 0 SOSs, and 0 indicators.
Presolve time = 0.06 sec. (52.58 ticks)
Probing time = 0.01 sec. (3.05 ticks)
Tried aggregator 2 times.
MIP Presolve eliminated 2 rows and 3 columns.
MIP Presolve modified 7 coefficients.
Aggregator did 1 substitutions.
Reduced MIP has 2717 rows, 4907 columns, and 15888 nonzeros.
Reduced MIP has 4907 binaries, 0 generals, 0 SOSs, and 0 indicators.
Presolve time = 0.02 sec. (14.41 ticks)
Probing time = 0.01 sec. (3.12 ticks)
Clique table members: 3245.
MIP emphasis: balance optimality and feasibility.
MIP search method: dynamic search.
Parallel mode: none, using 1 thread.
Root relaxation solution time = 0.03 sec. (25.62 ticks)

        Nodes                                         Cuts/
   Node  Left     Objective  IInf  Best Integer    Best Bound    ItCnt     Gap

*     0     0      integral     0     7540.9674     7540.9674     1442    0.00%
Elapsed time = 0.21 sec. (165.20 ticks, tree = 0.00 MB, solutions = 1)

Root node processing (before b&c):
  Real time             =    0.21 sec. (166.37 ticks)
Sequential b&c:
  Real time             =    0.00 sec. (0.00 ticks)
                          ------------
Total (root+branch&cut) =    0.21 sec. (166.37 ticks)

Solution pool: 1 solution saved.

MIP - Integer optimal solution:  Objective =  7.5409674400e+03
Solution time =    0.21 sec.  Iterations = 1442  Nodes = 0
Deterministic time = 166.48 ticks  (786.96 ticks/sec)

CPLEX> Incumbent solution written to file '/tmp/cmpl.T11304.gsol'.
CPLEX> 
CMPL: Time used for model generation: 1 seconds
CMPL: Time used for solving the model: 1 seconds


Solution written to ASCII file: ../results/output_generated_rate_0.3/2017-08-07-4/equal.sol

Solver - finished
