CMPL model generation - running

CMPL version: 1.11.0
Authors: Thomas Schleiff, Mike Steglich
Distributed under the GPLv3 

create model instance ...
write model instance ...
CMPL model generation - finished

Solver - running


Welcome to IBM(R) ILOG(R) CPLEX(R) Interactive Optimizer 12.7.1.0
  with Simplex, Mixed Integer & Barrier Optimizers
5725-A06 5725-A29 5724-Y48 5724-Y49 5724-Y54 5724-Y55 5655-Y21
Copyright IBM Corp. 1988, 2017.  All Rights Reserved.

Type 'help' for a list of available commands.
Type 'help' followed by a command name for more
information on commands.

CPLEX> Specified objective sense: MINIMIZE
Selected objective  name:  line[1]
Selected RHS        name:  RHS
Selected bound      name:  BOUND
Problem '/tmp/cmpl.T11254.mps' read.
Read time = 0.05 sec. (8.88 ticks)
CPLEX> CPXPARAM_Read_APIEncoding                        "UTF-8"
Tried aggregator 3 times.
MIP Presolve eliminated 18997 rows and 30147 columns.
MIP Presolve modified 340 coefficients.
Aggregator did 896 substitutions.
Reduced MIP has 2547 rows, 3635 columns, and 10601 nonzeros.
Reduced MIP has 3467 binaries, 0 generals, 0 SOSs, and 0 indicators.
Presolve time = 0.05 sec. (42.41 ticks)
Found incumbent of value 27579.672080 after 0.13 sec. (105.40 ticks)
Probing time = 0.01 sec. (2.73 ticks)
Tried aggregator 1 time.
MIP Presolve eliminated 0 rows and 3 columns.
Reduced MIP has 2547 rows, 3632 columns, and 10595 nonzeros.
Reduced MIP has 3632 binaries, 0 generals, 0 SOSs, and 0 indicators.
Presolve time = 0.01 sec. (8.75 ticks)
Probing time = 0.01 sec. (2.80 ticks)
Clique table members: 3711.
MIP emphasis: balance optimality and feasibility.
MIP search method: dynamic search.
Parallel mode: none, using 1 thread.
Root relaxation solution time = 0.02 sec. (11.81 ticks)

        Nodes                                         Cuts/
   Node  Left     Objective  IInf  Best Integer    Best Bound    ItCnt     Gap

*     0+    0                        27579.6721      -19.9629           100.07%
*     0     0      integral     0     7529.7287     7529.7287      659    0.00%
Elapsed time = 0.18 sec. (139.20 ticks, tree = 0.00 MB, solutions = 2)

Root node processing (before b&c):
  Real time             =    0.18 sec. (140.54 ticks)
Sequential b&c:
  Real time             =    0.00 sec. (0.00 ticks)
                          ------------
Total (root+branch&cut) =    0.18 sec. (140.54 ticks)

Solution pool: 2 solutions saved.

MIP - Integer optimal solution:  Objective =  7.5297286670e+03
Solution time =    0.18 sec.  Iterations = 659  Nodes = 0
Deterministic time = 140.63 ticks  (761.83 ticks/sec)

CPLEX> Incumbent solution written to file '/tmp/cmpl.T11254.gsol'.
CPLEX> 
CMPL: Time used for model generation: 0 seconds
CMPL: Time used for solving the model: 1 seconds


Solution written to ASCII file: ../results/output_generated_rate_0.3/2017-08-07-4/unequal.sol

Solver - finished
