CMPL model generation - running

CMPL version: 1.11.0
Authors: Thomas Schleiff, Mike Steglich
Distributed under the GPLv3 

create model instance ...
write model instance ...
CMPL model generation - finished

Solver - running


Welcome to IBM(R) ILOG(R) CPLEX(R) Interactive Optimizer 12.7.1.0
  with Simplex, Mixed Integer & Barrier Optimizers
5725-A06 5725-A29 5724-Y48 5724-Y49 5724-Y54 5724-Y55 5655-Y21
Copyright IBM Corp. 1988, 2017.  All Rights Reserved.

Type 'help' for a list of available commands.
Type 'help' followed by a command name for more
information on commands.

CPLEX> Specified objective sense: MINIMIZE
Selected objective  name:  line[1]
Selected RHS        name:  RHS
Selected bound      name:  BOUND
Problem '/tmp/cmpl.T10264.mps' read.
Read time = 0.05 sec. (9.66 ticks)
CPLEX> CPXPARAM_Read_APIEncoding                        "UTF-8"
Tried aggregator 3 times.
MIP Presolve eliminated 19293 rows and 31067 columns.
MIP Presolve modified 474 coefficients.
Aggregator did 642 substitutions.
Reduced MIP has 2675 rows, 4584 columns, and 14942 nonzeros.
Reduced MIP has 4416 binaries, 0 generals, 0 SOSs, and 0 indicators.
Presolve time = 0.06 sec. (50.60 ticks)
Probing time = 0.01 sec. (3.06 ticks)
Tried aggregator 1 time.
MIP Presolve eliminated 0 rows and 1 columns.
Reduced MIP has 2675 rows, 4583 columns, and 14940 nonzeros.
Reduced MIP has 4583 binaries, 0 generals, 0 SOSs, and 0 indicators.
Presolve time = 0.01 sec. (10.92 ticks)
Probing time = 0.01 sec. (3.03 ticks)
Clique table members: 4539.
MIP emphasis: balance optimality and feasibility.
MIP search method: dynamic search.
Parallel mode: none, using 1 thread.
Root relaxation solution time = 0.01 sec. (13.65 ticks)

        Nodes                                         Cuts/
   Node  Left     Objective  IInf  Best Integer    Best Bound    ItCnt     Gap

      0     0     1934.5371     7                   1934.5371      783         
*     0+    0                         2012.7200     1934.5371             3.88%
*     0+    0                         1936.5371     1934.5371             0.10%
*     0     0      integral     0     1935.7943       Cuts: 9      786    0.00%
      0     0        cutoff           1935.7943     1935.7943      786    0.00%
Elapsed time = 0.18 sec. (158.78 ticks, tree = 0.01 MB, solutions = 3)

Cover cuts applied:  6
Gomory fractional cuts applied:  3

Root node processing (before b&c):
  Real time             =    0.18 sec. (160.45 ticks)
Sequential b&c:
  Real time             =    0.00 sec. (0.00 ticks)
                          ------------
Total (root+branch&cut) =    0.18 sec. (160.45 ticks)

Solution pool: 3 solutions saved.

MIP - Integer optimal solution:  Objective =  1.9357942870e+03
Solution time =    0.18 sec.  Iterations = 786  Nodes = 0
Deterministic time = 160.56 ticks  (869.75 ticks/sec)

CPLEX> Incumbent solution written to file '/tmp/cmpl.T10264.gsol'.
CPLEX> 
CMPL: Time used for model generation: 1 seconds
CMPL: Time used for solving the model: 1 seconds


Solution written to ASCII file: ../results/output_generated_conf_0.5/2015-12-07-4/equal.sol

Solver - finished
