CMPL model generation - running

CMPL version: 1.11.0
Authors: Thomas Schleiff, Mike Steglich
Distributed under the GPLv3 

create model instance ...
write model instance ...
CMPL model generation - finished

Solver - running


Welcome to IBM(R) ILOG(R) CPLEX(R) Interactive Optimizer 12.7.1.0
  with Simplex, Mixed Integer & Barrier Optimizers
5725-A06 5725-A29 5724-Y48 5724-Y49 5724-Y54 5724-Y55 5655-Y21
Copyright IBM Corp. 1988, 2017.  All Rights Reserved.

Type 'help' for a list of available commands.
Type 'help' followed by a command name for more
information on commands.

CPLEX> Specified objective sense: MINIMIZE
Selected objective  name:  line[1]
Selected RHS        name:  RHS
Selected bound      name:  BOUND
Problem '/tmp/cmpl.T10214.mps' read.
Read time = 0.06 sec. (8.86 ticks)
CPLEX> CPXPARAM_Read_APIEncoding                        "UTF-8"
Tried aggregator 3 times.
MIP Presolve eliminated 19293 rows and 30727 columns.
MIP Presolve modified 340 coefficients.
Aggregator did 642 substitutions.
Reduced MIP has 2505 rows, 3309 columns, and 9649 nonzeros.
Reduced MIP has 3141 binaries, 0 generals, 0 SOSs, and 0 indicators.
Presolve time = 0.06 sec. (41.68 ticks)
Found incumbent of value 7982.422858 after 0.09 sec. (61.18 ticks)
Probing fixed 6 vars, tightened 0 bounds.
Probing time = 0.01 sec. (4.33 ticks)
Tried aggregator 1 time.
MIP Presolve eliminated 0 rows and 6 columns.
MIP Presolve modified 31 coefficients.
Reduced MIP has 2505 rows, 3303 columns, and 9637 nonzeros.
Reduced MIP has 3303 binaries, 0 generals, 0 SOSs, and 0 indicators.
Presolve time = 0.01 sec. (8.20 ticks)
Probing time = 0.01 sec. (2.68 ticks)
Clique table members: 5951.
MIP emphasis: balance optimality and feasibility.
MIP search method: dynamic search.
Parallel mode: none, using 1 thread.
Root relaxation solution time = 0.00 sec. (4.97 ticks)

        Nodes                                         Cuts/
   Node  Left     Objective  IInf  Best Integer    Best Bound    ItCnt     Gap

*     0+    0                         7982.4229     -336.3200           104.21%
      0     0     1922.3657     7     7982.4229     1922.3657      173   75.92%
*     0+    0                         2020.1371     1922.3657             4.84%
*     0+    0                         1924.3657     1922.3657             0.10%
*     0     0      integral     0     1923.6914       Cuts: 9      177    0.00%
      0     0        cutoff           1923.6914     1923.6914      177    0.00%
Elapsed time = 0.16 sec. (103.17 ticks, tree = 0.01 MB, solutions = 4)

Cover cuts applied:  6
Gomory fractional cuts applied:  3

Root node processing (before b&c):
  Real time             =    0.16 sec. (104.92 ticks)
Sequential b&c:
  Real time             =    0.00 sec. (0.00 ticks)
                          ------------
Total (root+branch&cut) =    0.16 sec. (104.92 ticks)

Solution pool: 4 solutions saved.

MIP - Integer optimal solution:  Objective =  1.9236914280e+03
Solution time =    0.16 sec.  Iterations = 177  Nodes = 0
Deterministic time = 105.02 ticks  (659.86 ticks/sec)

CPLEX> Incumbent solution written to file '/tmp/cmpl.T10214.gsol'.
CPLEX> 
CMPL: Time used for model generation: 1 seconds
CMPL: Time used for solving the model: 1 seconds


Solution written to ASCII file: ../results/output_generated_conf_0.5/2015-12-07-4/unequal.sol

Solver - finished
