CMPL model generation - running

CMPL version: 1.11.0
Authors: Thomas Schleiff, Mike Steglich
Distributed under the GPLv3 

create model instance ...
write model instance ...
CMPL model generation - finished

Solver - running


Welcome to IBM(R) ILOG(R) CPLEX(R) Interactive Optimizer 12.7.1.0
  with Simplex, Mixed Integer & Barrier Optimizers
5725-A06 5725-A29 5724-Y48 5724-Y49 5724-Y54 5724-Y55 5655-Y21
Copyright IBM Corp. 1988, 2017.  All Rights Reserved.

Type 'help' for a list of available commands.
Type 'help' followed by a command name for more
information on commands.

CPLEX> Specified objective sense: MINIMIZE
Selected objective  name:  line[1]
Selected RHS        name:  RHS
Selected bound      name:  BOUND
Problem '/tmp/cmpl.T11165.mps' read.
Read time = 0.05 sec. (9.68 ticks)
CPLEX> CPXPARAM_Read_APIEncoding                        "UTF-8"
Tried aggregator 3 times.
MIP Presolve eliminated 19152 rows and 30805 columns.
MIP Presolve modified 536 coefficients.
Aggregator did 742 substitutions.
Reduced MIP has 2716 rows, 4746 columns, and 15412 nonzeros.
Reduced MIP has 4578 binaries, 0 generals, 0 SOSs, and 0 indicators.
Presolve time = 0.06 sec. (51.31 ticks)
Probing fixed 23 vars, tightened 0 bounds.
Probing time = 0.01 sec. (8.00 ticks)
Tried aggregator 2 times.
MIP Presolve eliminated 4 rows and 23 columns.
MIP Presolve modified 146 coefficients.
Aggregator did 2 substitutions.
Reduced MIP has 2710 rows, 4721 columns, and 15352 nonzeros.
Reduced MIP has 4721 binaries, 0 generals, 0 SOSs, and 0 indicators.
Presolve time = 0.01 sec. (14.14 ticks)
Probing time = 0.01 sec. (3.03 ticks)
Clique table members: 9596.
MIP emphasis: balance optimality and feasibility.
MIP search method: dynamic search.
Parallel mode: none, using 1 thread.
Root relaxation solution time = 0.01 sec. (15.27 ticks)

        Nodes                                         Cuts/
   Node  Left     Objective  IInf  Best Integer    Best Bound    ItCnt     Gap

      0     0     4693.9816     1                   4693.9816      948         
*     0+    0                         4694.0474     4693.9816             0.00%

Root node processing (before b&c):
  Real time             =    0.19 sec. (163.55 ticks)
Sequential b&c:
  Real time             =    0.00 sec. (0.00 ticks)
                          ------------
Total (root+branch&cut) =    0.19 sec. (163.55 ticks)

Solution pool: 1 solution saved.

MIP - Integer optimal, tolerance (0.0001/1e-06):  Objective =  4.6940473910e+03
Current MIP best bound =  4.6939815620e+03 (gap = 0.065829, 0.00%)
Solution time =    0.19 sec.  Iterations = 948  Nodes = 0 (1)
Deterministic time = 163.65 ticks  (859.98 ticks/sec)

CPLEX> Incumbent solution written to file '/tmp/cmpl.T11165.gsol'.
CPLEX> 
CMPL: Time used for model generation: 1 seconds
CMPL: Time used for solving the model: 1 seconds


Solution written to ASCII file: ../results/output_generated_rate_0.2/2016-04-04-4/equal.sol

Solver - finished
