CMPL model generation - running

CMPL version: 1.11.0
Authors: Thomas Schleiff, Mike Steglich
Distributed under the GPLv3 

create model instance ...
write model instance ...
CMPL model generation - finished

Solver - running


Welcome to IBM(R) ILOG(R) CPLEX(R) Interactive Optimizer 12.7.1.0
  with Simplex, Mixed Integer & Barrier Optimizers
5725-A06 5725-A29 5724-Y48 5724-Y49 5724-Y54 5724-Y55 5655-Y21
Copyright IBM Corp. 1988, 2017.  All Rights Reserved.

Type 'help' for a list of available commands.
Type 'help' followed by a command name for more
information on commands.

CPLEX> Specified objective sense: MINIMIZE
Selected objective  name:  line[1]
Selected RHS        name:  RHS
Selected bound      name:  BOUND
Problem '/tmp/cmpl.T11228.mps' read.
Read time = 0.07 sec. (11.00 ticks)
CPLEX> CPXPARAM_Read_APIEncoding                        "UTF-8"
Tried aggregator 3 times.
MIP Presolve eliminated 23716 rows and 36923 columns.
MIP Presolve modified 425 coefficients.
Aggregator did 1106 substitutions.
Reduced MIP has 3185 rows, 4511 columns, and 13347 nonzeros.
Reduced MIP has 4301 binaries, 0 generals, 0 SOSs, and 0 indicators.
Presolve time = 0.06 sec. (52.61 ticks)
Found incumbent of value 34525.132895 after 0.11 sec. (88.56 ticks)
Probing time = 0.01 sec. (2.89 ticks)
Tried aggregator 1 time.
MIP Presolve eliminated 0 rows and 6 columns.
Reduced MIP has 3185 rows, 4505 columns, and 13335 nonzeros.
Reduced MIP has 4505 binaries, 0 generals, 0 SOSs, and 0 indicators.
Presolve time = 0.01 sec. (10.97 ticks)
Probing time = 0.01 sec. (2.96 ticks)
Clique table members: 3781.
MIP emphasis: balance optimality and feasibility.
MIP search method: dynamic search.
Parallel mode: none, using 1 thread.
Root relaxation solution time = 0.02 sec. (16.42 ticks)

        Nodes                                         Cuts/
   Node  Left     Objective  IInf  Best Integer    Best Bound    ItCnt     Gap

*     0+    0                        34525.1329        0.0000           100.00%
*     0     0      integral     0     9158.5398     9158.5398      796    0.00%
Elapsed time = 0.16 sec. (131.09 ticks, tree = 0.00 MB, solutions = 2)

Root node processing (before b&c):
  Real time             =    0.16 sec. (132.74 ticks)
Sequential b&c:
  Real time             =    0.00 sec. (0.00 ticks)
                          ------------
Total (root+branch&cut) =    0.16 sec. (132.74 ticks)

Solution pool: 2 solutions saved.

MIP - Integer optimal solution:  Objective =  9.1585398260e+03
Solution time =    0.16 sec.  Iterations = 796  Nodes = 0
Deterministic time = 132.86 ticks  (809.06 ticks/sec)

CPLEX> Incumbent solution written to file '/tmp/cmpl.T11228.gsol'.
CPLEX> 
CMPL: Time used for model generation: 1 seconds
CMPL: Time used for solving the model: 0 seconds


Solution written to ASCII file: ../results/output_generated_rate_0.3/2016-08-01-5/unequal.sol

Solver - finished
