CMPL model generation - running

CMPL version: 1.11.0
Authors: Thomas Schleiff, Mike Steglich
Distributed under the GPLv3 

create model instance ...
write model instance ...
CMPL model generation - finished

Solver - running


Welcome to IBM(R) ILOG(R) CPLEX(R) Interactive Optimizer 12.7.1.0
  with Simplex, Mixed Integer & Barrier Optimizers
5725-A06 5725-A29 5724-Y48 5724-Y49 5724-Y54 5724-Y55 5655-Y21
Copyright IBM Corp. 1988, 2017.  All Rights Reserved.

Type 'help' for a list of available commands.
Type 'help' followed by a command name for more
information on commands.

CPLEX> Specified objective sense: MINIMIZE
Selected objective  name:  line[1]
Selected RHS        name:  RHS
Selected bound      name:  BOUND
Problem '/tmp/cmpl.T11383.mps' read.
Read time = 0.06 sec. (11.99 ticks)
CPLEX> CPXPARAM_Read_APIEncoding                        "UTF-8"
Tried aggregator 3 times.
MIP Presolve eliminated 23594 rows and 36679 columns.
MIP Presolve modified 725 coefficients.
Aggregator did 1228 substitutions.
Reduced MIP has 3355 rows, 6248 columns, and 20393 nonzeros.
Reduced MIP has 6038 binaries, 0 generals, 0 SOSs, and 0 indicators.
Presolve time = 0.07 sec. (62.22 ticks)
Found incumbent of value 36095.389057 after 0.12 sec. (107.20 ticks)
Probing time = 0.01 sec. (3.27 ticks)
Tried aggregator 1 time.
MIP Presolve eliminated 0 rows and 16 columns.
Reduced MIP has 3355 rows, 6232 columns, and 20361 nonzeros.
Reduced MIP has 6232 binaries, 0 generals, 0 SOSs, and 0 indicators.
Presolve time = 0.02 sec. (15.01 ticks)
Probing time = 0.01 sec. (3.37 ticks)
Clique table members: 3988.
MIP emphasis: balance optimality and feasibility.
MIP search method: dynamic search.
Parallel mode: none, using 1 thread.
Root relaxation solution time = 0.05 sec. (35.87 ticks)

        Nodes                                         Cuts/
   Node  Left     Objective  IInf  Best Integer    Best Bound    ItCnt     Gap

*     0+    0                        36095.3891        0.0000           100.00%
      0     0    11566.9780    46    36095.3891    11566.9780     1550   67.95%
*     0+    0                        11566.9780    11566.9780             0.00%
      0     0        cutoff          11566.9780    11566.9780     1550    0.00%
Elapsed time = 0.22 sec. (182.68 ticks, tree = 0.01 MB, solutions = 2)

Root node processing (before b&c):
  Real time             =    0.23 sec. (184.40 ticks)
Sequential b&c:
  Real time             =    0.00 sec. (0.00 ticks)
                          ------------
Total (root+branch&cut) =    0.23 sec. (184.40 ticks)

Solution pool: 2 solutions saved.

MIP - Integer optimal solution:  Objective =  1.1566977952e+04
Solution time =    0.23 sec.  Iterations = 1550  Nodes = 0
Deterministic time = 184.53 ticks  (807.78 ticks/sec)

CPLEX> Incumbent solution written to file '/tmp/cmpl.T11383.gsol'.
CPLEX> 
CMPL: Time used for model generation: 1 seconds
CMPL: Time used for solving the model: 1 seconds


Solution written to ASCII file: ../results/output_generated_rate_0.4/2016-08-01-5/equal.sol

Solver - finished
