CMPL model generation - running

CMPL version: 1.11.0
Authors: Thomas Schleiff, Mike Steglich
Distributed under the GPLv3 

create model instance ...
write model instance ...
CMPL model generation - finished

Solver - running


Welcome to IBM(R) ILOG(R) CPLEX(R) Interactive Optimizer 12.7.1.0
  with Simplex, Mixed Integer & Barrier Optimizers
5725-A06 5725-A29 5724-Y48 5724-Y49 5724-Y54 5724-Y55 5655-Y21
Copyright IBM Corp. 1988, 2017.  All Rights Reserved.

Type 'help' for a list of available commands.
Type 'help' followed by a command name for more
information on commands.

CPLEX> Specified objective sense: MINIMIZE
Selected objective  name:  line[1]
Selected RHS        name:  RHS
Selected bound      name:  BOUND
Problem '/tmp/cmpl.T11220.mps' read.
Read time = 0.05 sec. (8.88 ticks)
CPLEX> CPXPARAM_Read_APIEncoding                        "UTF-8"
Tried aggregator 3 times.
MIP Presolve eliminated 19032 rows and 30217 columns.
MIP Presolve modified 340 coefficients.
Aggregator did 861 substitutions.
Reduced MIP has 2547 rows, 3600 columns, and 10496 nonzeros.
Reduced MIP has 3432 binaries, 0 generals, 0 SOSs, and 0 indicators.
Presolve time = 0.05 sec. (42.32 ticks)
Found incumbent of value 26281.675610 after 0.08 sec. (70.78 ticks)
Probing fixed 35 vars, tightened 0 bounds.
Probing time = 0.01 sec. (4.78 ticks)
Tried aggregator 1 time.
MIP Presolve eliminated 0 rows and 35 columns.
MIP Presolve modified 239 coefficients.
Reduced MIP has 2547 rows, 3565 columns, and 10426 nonzeros.
Reduced MIP has 3565 binaries, 0 generals, 0 SOSs, and 0 indicators.
Presolve time = 0.01 sec. (10.15 ticks)
Probing time = 0.01 sec. (2.72 ticks)
Clique table members: 6464.
MIP emphasis: balance optimality and feasibility.
MIP search method: dynamic search.
Parallel mode: none, using 1 thread.
Root relaxation solution time = 0.01 sec. (11.12 ticks)

        Nodes                                         Cuts/
   Node  Left     Objective  IInf  Best Integer    Best Bound    ItCnt     Gap

*     0+    0                        26281.6756      -20.1853           100.08%
*     0     0      integral     0     6837.9817     6837.9817      598    0.00%
Elapsed time = 0.13 sec. (107.91 ticks, tree = 0.00 MB, solutions = 2)

Root node processing (before b&c):
  Real time             =    0.14 sec. (109.20 ticks)
Sequential b&c:
  Real time             =    0.00 sec. (0.00 ticks)
                          ------------
Total (root+branch&cut) =    0.14 sec. (109.20 ticks)

Solution pool: 2 solutions saved.

MIP - Integer optimal solution:  Objective =  6.8379817130e+03
Solution time =    0.14 sec.  Iterations = 598  Nodes = 0
Deterministic time = 109.30 ticks  (802.03 ticks/sec)

CPLEX> Incumbent solution written to file '/tmp/cmpl.T11220.gsol'.
CPLEX> 
CMPL: Time used for model generation: 1 seconds
CMPL: Time used for solving the model: 1 seconds


Solution written to ASCII file: ../results/output_generated_rate_0.3/2016-04-04-4/unequal.sol

Solver - finished
