CMPL model generation - running

CMPL version: 1.11.0
Authors: Thomas Schleiff, Mike Steglich
Distributed under the GPLv3 

create model instance ...
write model instance ...
CMPL model generation - finished

Solver - running


Welcome to IBM(R) ILOG(R) CPLEX(R) Interactive Optimizer 12.7.1.0
  with Simplex, Mixed Integer & Barrier Optimizers
5725-A06 5725-A29 5724-Y48 5724-Y49 5724-Y54 5724-Y55 5655-Y21
Copyright IBM Corp. 1988, 2017.  All Rights Reserved.

Type 'help' for a list of available commands.
Type 'help' followed by a command name for more
information on commands.

CPLEX> Specified objective sense: MINIMIZE
Selected objective  name:  line[1]
Selected RHS        name:  RHS
Selected bound      name:  BOUND
Problem '/tmp/cmpl.T11083.mps' read.
Read time = 0.05 sec. (9.66 ticks)
CPLEX> CPXPARAM_Read_APIEncoding                        "UTF-8"
Tried aggregator 3 times.
MIP Presolve eliminated 19349 rows and 31190 columns.
MIP Presolve modified 438 coefficients.
Aggregator did 614 substitutions.
Reduced MIP has 2647 rows, 4489 columns, and 14681 nonzeros.
Reduced MIP has 4321 binaries, 0 generals, 0 SOSs, and 0 indicators.
Presolve time = 0.06 sec. (51.89 ticks)
Found incumbent of value 19328.742779 after 0.09 sec. (74.76 ticks)
Probing fixed 8 vars, tightened 0 bounds.
Probing time = 0.01 sec. (7.44 ticks)
Tried aggregator 1 time.
MIP Presolve eliminated 0 rows and 8 columns.
MIP Presolve modified 31 coefficients.
Reduced MIP has 2647 rows, 4481 columns, and 14665 nonzeros.
Reduced MIP has 4481 binaries, 0 generals, 0 SOSs, and 0 indicators.
Presolve time = 0.01 sec. (10.61 ticks)
Probing time = 0.01 sec. (3.00 ticks)
Clique table members: 8700.
MIP emphasis: balance optimality and feasibility.
MIP search method: dynamic search.
Parallel mode: none, using 1 thread.
Root relaxation solution time = 0.02 sec. (18.12 ticks)

        Nodes                                         Cuts/
   Node  Left     Objective  IInf  Best Integer    Best Bound    ItCnt     Gap

*     0+    0                        19328.7428     -424.1459           102.19%
      0     0     1832.9466     8    19328.7428     1832.9466     1021   90.52%
*     0+    0                         1873.6668     1832.9466             2.17%
*     0+    0                         1835.2323     1832.9466             0.12%
      0     0     1833.9224     1     1835.2323      Cuts: 34     1042    0.07%
*     0+    0                         1833.9722     1833.9224             0.00%
      0     0        cutoff           1833.9722     1833.9224     1042    0.00%
Elapsed time = 0.17 sec. (144.35 ticks, tree = 0.01 MB, solutions = 4)

GUB cover cuts applied:  3
Clique cuts applied:  10
Cover cuts applied:  13
Gomory fractional cuts applied:  8

Root node processing (before b&c):
  Real time             =    0.18 sec. (146.26 ticks)
Sequential b&c:
  Real time             =    0.00 sec. (0.00 ticks)
                          ------------
Total (root+branch&cut) =    0.18 sec. (146.26 ticks)

Solution pool: 4 solutions saved.

MIP - Integer optimal solution:  Objective =  1.8339722030e+03
Solution time =    0.18 sec.  Iterations = 1042  Nodes = 0
Deterministic time = 146.37 ticks  (831.02 ticks/sec)

CPLEX> Incumbent solution written to file '/tmp/cmpl.T11083.gsol'.
CPLEX> 
CMPL: Time used for model generation: 1 seconds
CMPL: Time used for solving the model: 1 seconds


Solution written to ASCII file: ../results/output_generated_rate_0.1/2017-02-06-4/equal.sol

Solver - finished
