CMPL model generation - running

CMPL version: 1.11.0
Authors: Thomas Schleiff, Mike Steglich
Distributed under the GPLv3 

create model instance ...
write model instance ...
CMPL model generation - finished

Solver - running


Welcome to IBM(R) ILOG(R) CPLEX(R) Interactive Optimizer 12.7.1.0
  with Simplex, Mixed Integer & Barrier Optimizers
5725-A06 5725-A29 5724-Y48 5724-Y49 5724-Y54 5724-Y55 5655-Y21
Copyright IBM Corp. 1988, 2017.  All Rights Reserved.

Type 'help' for a list of available commands.
Type 'help' followed by a command name for more
information on commands.

CPLEX> Specified objective sense: MINIMIZE
Selected objective  name:  line[1]
Selected RHS        name:  RHS
Selected bound      name:  BOUND
Problem '/tmp/cmpl.T11032.mps' read.
Read time = 0.05 sec. (8.85 ticks)
CPLEX> CPXPARAM_Read_APIEncoding                        "UTF-8"
Tried aggregator 3 times.
MIP Presolve eliminated 19349 rows and 30850 columns.
MIP Presolve modified 340 coefficients.
Aggregator did 614 substitutions.
Reduced MIP has 2477 rows, 3214 columns, and 9388 nonzeros.
Reduced MIP has 3046 binaries, 0 generals, 0 SOSs, and 0 indicators.
Presolve time = 0.05 sec. (42.81 ticks)
Found incumbent of value 12338.098358 after 0.07 sec. (59.22 ticks)
Probing fixed 8 vars, tightened 0 bounds.
Probing time = 0.01 sec. (4.12 ticks)
Tried aggregator 1 time.
MIP Presolve eliminated 0 rows and 8 columns.
MIP Presolve modified 31 coefficients.
Reduced MIP has 2477 rows, 3206 columns, and 9372 nonzeros.
Reduced MIP has 3206 binaries, 0 generals, 0 SOSs, and 0 indicators.
Presolve time = 0.01 sec. (7.96 ticks)
Probing time = 0.01 sec. (2.66 ticks)
Clique table members: 5721.
MIP emphasis: balance optimality and feasibility.
MIP search method: dynamic search.
Parallel mode: none, using 1 thread.
Root relaxation solution time = 0.00 sec. (4.91 ticks)

        Nodes                                         Cuts/
   Node  Left     Objective  IInf  Best Integer    Best Bound    ItCnt     Gap

*     0+    0                        12338.0984     -424.1459           103.44%
      0     0     1823.1180     8    12338.0984     1823.1180      190   85.22%
*     0+    0                         1824.0819     1823.1180             0.05%
      0     0     1823.9734     1     1824.0819      Cuts: 33      205    0.01%

GUB cover cuts applied:  3
Clique cuts applied:  9
Cover cuts applied:  13
Gomory fractional cuts applied:  8

Root node processing (before b&c):
  Real time             =    0.12 sec. (96.73 ticks)
Sequential b&c:
  Real time             =    0.00 sec. (0.00 ticks)
                          ------------
Total (root+branch&cut) =    0.12 sec. (96.73 ticks)

Solution pool: 2 solutions saved.

MIP - Integer optimal, tolerance (0.0001/1e-06):  Objective =  1.8240819010e+03
Current MIP best bound =  1.8239733990e+03 (gap = 0.108502, 0.01%)
Solution time =    0.12 sec.  Iterations = 205  Nodes = 0 (1)
Deterministic time = 96.83 ticks  (808.84 ticks/sec)

CPLEX> Incumbent solution written to file '/tmp/cmpl.T11032.gsol'.
CPLEX> 
CMPL: Time used for model generation: 0 seconds
CMPL: Time used for solving the model: 1 seconds


Solution written to ASCII file: ../results/output_generated_rate_0.1/2017-02-06-4/unequal.sol

Solver - finished
