CMPL model generation - running

CMPL version: 1.11.0
Authors: Thomas Schleiff, Mike Steglich
Distributed under the GPLv3 

create model instance ...
write model instance ...
CMPL model generation - finished

Solver - running


Welcome to IBM(R) ILOG(R) CPLEX(R) Interactive Optimizer 12.7.1.0
  with Simplex, Mixed Integer & Barrier Optimizers
5725-A06 5725-A29 5724-Y48 5724-Y49 5724-Y54 5724-Y55 5655-Y21
Copyright IBM Corp. 1988, 2017.  All Rights Reserved.

Type 'help' for a list of available commands.
Type 'help' followed by a command name for more
information on commands.

CPLEX> Specified objective sense: MINIMIZE
Selected objective  name:  line[1]
Selected RHS        name:  RHS
Selected bound      name:  BOUND
Problem '/tmp/cmpl.T10374.mps' read.
Read time = 0.05 sec. (9.67 ticks)
CPLEX> CPXPARAM_Read_APIEncoding                        "UTF-8"
Tried aggregator 3 times.
MIP Presolve eliminated 19244 rows and 30978 columns.
MIP Presolve modified 496 coefficients.
Aggregator did 679 substitutions.
Reduced MIP has 2687 rows, 4636 columns, and 15084 nonzeros.
Reduced MIP has 4468 binaries, 0 generals, 0 SOSs, and 0 indicators.
Presolve time = 0.06 sec. (50.93 ticks)
Found incumbent of value 22953.842869 after 0.10 sec. (84.10 ticks)
Probing fixed 10 vars, tightened 0 bounds.
Probing time = 0.01 sec. (7.84 ticks)
Tried aggregator 1 time.
MIP Presolve eliminated 0 rows and 10 columns.
MIP Presolve modified 52 coefficients.
Reduced MIP has 2687 rows, 4626 columns, and 15064 nonzeros.
Reduced MIP has 4626 binaries, 0 generals, 0 SOSs, and 0 indicators.
Presolve time = 0.01 sec. (10.99 ticks)
Probing time = 0.01 sec. (3.00 ticks)
Clique table members: 9468.
MIP emphasis: balance optimality and feasibility.
MIP search method: dynamic search.
Parallel mode: none, using 1 thread.
Root relaxation solution time = 0.01 sec. (14.17 ticks)

        Nodes                                         Cuts/
   Node  Left     Objective  IInf  Best Integer    Best Bound    ItCnt     Gap

*     0+    0                        22953.8429     -383.0743           101.67%
      0     0     2763.3688    10    22953.8429     2763.3688      900   87.96%
*     0+    0                         2766.2260     2763.3688             0.10%
*     0     0      integral     0     2765.9726       Cuts: 3      906    0.00%
      0     0        cutoff           2765.9726     2765.9726      906    0.00%
Elapsed time = 0.17 sec. (147.30 ticks, tree = 0.01 MB, solutions = 3)

Cover cuts applied:  2
Gomory fractional cuts applied:  1

Root node processing (before b&c):
  Real time             =    0.18 sec. (148.98 ticks)
Sequential b&c:
  Real time             =    0.00 sec. (0.00 ticks)
                          ------------
Total (root+branch&cut) =    0.18 sec. (148.98 ticks)

Solution pool: 3 solutions saved.

MIP - Integer optimal solution:  Objective =  2.7659726200e+03
Solution time =    0.18 sec.  Iterations = 906  Nodes = 0
Deterministic time = 149.08 ticks  (837.46 ticks/sec)

CPLEX> Incumbent solution written to file '/tmp/cmpl.T10374.gsol'.
CPLEX> 
CMPL: Time used for model generation: 1 seconds
CMPL: Time used for solving the model: 1 seconds


Solution written to ASCII file: ../results/output_generated_conf_0.6/2016-03-07-4/equal.sol

Solver - finished
