CMPL model generation - running

CMPL version: 1.11.0
Authors: Thomas Schleiff, Mike Steglich
Distributed under the GPLv3 

create model instance ...
write model instance ...
CMPL model generation - finished

Solver - running


Welcome to IBM(R) ILOG(R) CPLEX(R) Interactive Optimizer 12.7.1.0
  with Simplex, Mixed Integer & Barrier Optimizers
5725-A06 5725-A29 5724-Y48 5724-Y49 5724-Y54 5724-Y55 5655-Y21
Copyright IBM Corp. 1988, 2017.  All Rights Reserved.

Type 'help' for a list of available commands.
Type 'help' followed by a command name for more
information on commands.

CPLEX> Specified objective sense: MINIMIZE
Selected objective  name:  line[1]
Selected RHS        name:  RHS
Selected bound      name:  BOUND
Problem '/tmp/cmpl.XM9980.mps' read.
Read time = 0.05 sec. (9.66 ticks)
CPLEX> CPXPARAM_Read_APIEncoding                        "UTF-8"
Tried aggregator 3 times.
MIP Presolve eliminated 19378 rows and 31220 columns.
MIP Presolve modified 432 coefficients.
Aggregator did 586 substitutions.
Reduced MIP has 2646 rows, 4487 columns, and 14671 nonzeros.
Reduced MIP has 4319 binaries, 0 generals, 0 SOSs, and 0 indicators.
Presolve time = 0.06 sec. (51.73 ticks)
Probing fixed 3 vars, tightened 0 bounds.
Probing time = 0.01 sec. (6.92 ticks)
Tried aggregator 1 time.
MIP Presolve eliminated 0 rows and 3 columns.
MIP Presolve modified 13 coefficients.
Reduced MIP has 2646 rows, 4484 columns, and 14665 nonzeros.
Reduced MIP has 4484 binaries, 0 generals, 0 SOSs, and 0 indicators.
Presolve time = 0.01 sec. (10.71 ticks)
Probing time = 0.01 sec. (3.00 ticks)
Clique table members: 9047.
MIP emphasis: balance optimality and feasibility.
MIP search method: dynamic search.
Parallel mode: none, using 1 thread.
Root relaxation solution time = 0.01 sec. (17.10 ticks)

        Nodes                                         Cuts/
   Node  Left     Objective  IInf  Best Integer    Best Bound    ItCnt     Gap

      0     0      543.6813    24                    543.6813     1004         
*     0+    0                          550.5384      543.6813             1.25%
      0     0      549.6769     2      550.5384      Cuts: 25     1016    0.16%
*     0+    0                          550.1061      549.6769             0.08%
      0     0        cutoff            550.1061                   1019    0.00%
Elapsed time = 0.21 sec. (173.99 ticks, tree = 0.01 MB, solutions = 2)

Clique cuts applied:  6
Cover cuts applied:  20
Gomory fractional cuts applied:  10

Root node processing (before b&c):
  Real time             =    0.21 sec. (175.43 ticks)
Sequential b&c:
  Real time             =    0.00 sec. (0.00 ticks)
                          ------------
Total (root+branch&cut) =    0.21 sec. (175.43 ticks)

Solution pool: 2 solutions saved.

MIP - Integer optimal solution:  Objective =  5.5010610400e+02
Solution time =    0.21 sec.  Iterations = 1019  Nodes = 0
Deterministic time = 175.53 ticks  (841.22 ticks/sec)

CPLEX> Incumbent solution written to file '/tmp/cmpl.XM9980.gsol'.
CPLEX> 
CMPL: Time used for model generation: 1 seconds
CMPL: Time used for solving the model: 1 seconds


Solution written to ASCII file: ../results/output_generated_conf_0.2/2016-11-07-4/equal.sol

Solver - finished
