CMPL model generation - running

CMPL version: 1.11.0
Authors: Thomas Schleiff, Mike Steglich
Distributed under the GPLv3 

create model instance ...
write model instance ...
CMPL model generation - finished

Solver - running


Welcome to IBM(R) ILOG(R) CPLEX(R) Interactive Optimizer 12.7.1.0
  with Simplex, Mixed Integer & Barrier Optimizers
5725-A06 5725-A29 5724-Y48 5724-Y49 5724-Y54 5724-Y55 5655-Y21
Copyright IBM Corp. 1988, 2017.  All Rights Reserved.

Type 'help' for a list of available commands.
Type 'help' followed by a command name for more
information on commands.

CPLEX> Specified objective sense: MINIMIZE
Selected objective  name:  line[1]
Selected RHS        name:  RHS
Selected bound      name:  BOUND
Problem '/tmp/cmpl.XM9924.mps' read.
Read time = 0.05 sec. (8.85 ticks)
CPLEX> CPXPARAM_Read_APIEncoding                        "UTF-8"
Tried aggregator 3 times.
MIP Presolve eliminated 19378 rows and 30880 columns.
MIP Presolve modified 340 coefficients.
Aggregator did 586 substitutions.
Reduced MIP has 2476 rows, 3212 columns, and 9378 nonzeros.
Reduced MIP has 3044 binaries, 0 generals, 0 SOSs, and 0 indicators.
Presolve time = 0.05 sec. (42.97 ticks)
Found incumbent of value 10099.224064 after 0.09 sec. (100.57 ticks)
Probing fixed 3 vars, tightened 0 bounds.
Probing time = 0.01 sec. (4.16 ticks)
Tried aggregator 1 time.
MIP Presolve eliminated 0 rows and 3 columns.
MIP Presolve modified 13 coefficients.
Reduced MIP has 2476 rows, 3209 columns, and 9372 nonzeros.
Reduced MIP has 3209 binaries, 0 generals, 0 SOSs, and 0 indicators.
Presolve time = 0.01 sec. (8.00 ticks)
Probing time = 0.01 sec. (2.65 ticks)
Clique table members: 5784.
MIP emphasis: balance optimality and feasibility.
MIP search method: dynamic search.
Parallel mode: none, using 1 thread.
Root relaxation solution time = 0.00 sec. (4.31 ticks)

        Nodes                                         Cuts/
   Node  Left     Objective  IInf  Best Integer    Best Bound    ItCnt     Gap

*     0+    0                        10099.2241     -524.9112           105.20%
      0     0      531.1670    24    10099.2241      531.1670       81   94.74%
*     0+    0                          871.5871      531.1670            39.06%
*     0+    0                          538.0242      531.1670             1.27%
      0     0      537.3875     1      538.0242      Cuts: 25       93    0.12%
*     0+    0                          537.5347      537.3875             0.03%
      0     0        cutoff            537.5347                     93    0.00%
Elapsed time = 0.14 sec. (141.46 ticks, tree = 0.01 MB, solutions = 4)

Clique cuts applied:  1
Cover cuts applied:  16
Gomory fractional cuts applied:  8

Root node processing (before b&c):
  Real time             =    0.14 sec. (143.22 ticks)
Sequential b&c:
  Real time             =    0.00 sec. (0.00 ticks)
                          ------------
Total (root+branch&cut) =    0.14 sec. (143.22 ticks)

Solution pool: 4 solutions saved.

MIP - Integer optimal solution:  Objective =  5.3753467100e+02
Solution time =    0.14 sec.  Iterations = 93  Nodes = 0
Deterministic time = 143.32 ticks  (996.75 ticks/sec)

CPLEX> Incumbent solution written to file '/tmp/cmpl.XM9924.gsol'.
CPLEX> 
CMPL: Time used for model generation: 1 seconds
CMPL: Time used for solving the model: 1 seconds


Solution written to ASCII file: ../results/output_generated_conf_0.2/2016-11-07-4/unequal.sol

Solver - finished
