CMPL model generation - running

CMPL version: 1.11.0
Authors: Thomas Schleiff, Mike Steglich
Distributed under the GPLv3 

create model instance ...
write model instance ...
CMPL model generation - finished

Solver - running


Welcome to IBM(R) ILOG(R) CPLEX(R) Interactive Optimizer 12.7.1.0
  with Simplex, Mixed Integer & Barrier Optimizers
5725-A06 5725-A29 5724-Y48 5724-Y49 5724-Y54 5724-Y55 5655-Y21
Copyright IBM Corp. 1988, 2017.  All Rights Reserved.

Type 'help' for a list of available commands.
Type 'help' followed by a command name for more
information on commands.

CPLEX> Specified objective sense: MINIMIZE
Selected objective  name:  line[1]
Selected RHS        name:  RHS
Selected bound      name:  BOUND
Problem '/tmp/cmpl.T11105.mps' read.
Read time = 0.06 sec. (10.98 ticks)
CPLEX> CPXPARAM_Read_APIEncoding                        "UTF-8"
Tried aggregator 3 times.
MIP Presolve eliminated 23912 rows and 37315 columns.
MIP Presolve modified 425 coefficients.
Aggregator did 912 substitutions.
Reduced MIP has 3183 rows, 4313 columns, and 12755 nonzeros.
Reduced MIP has 4103 binaries, 0 generals, 0 SOSs, and 0 indicators.
Presolve time = 0.06 sec. (52.07 ticks)
Found incumbent of value 24981.885715 after 0.10 sec. (83.59 ticks)
Probing fixed 25 vars, tightened 0 bounds.
Probing time = 0.01 sec. (5.67 ticks)
Tried aggregator 1 time.
MIP Presolve eliminated 0 rows and 25 columns.
MIP Presolve modified 157 coefficients.
Reduced MIP has 3183 rows, 4288 columns, and 12705 nonzeros.
Reduced MIP has 4288 binaries, 0 generals, 0 SOSs, and 0 indicators.
Presolve time = 0.01 sec. (10.85 ticks)
Probing time = 0.01 sec. (2.87 ticks)
Clique table members: 7795.
MIP emphasis: balance optimality and feasibility.
MIP search method: dynamic search.
Parallel mode: none, using 1 thread.
Root relaxation solution time = 0.01 sec. (12.52 ticks)

        Nodes                                         Cuts/
   Node  Left     Objective  IInf  Best Integer    Best Bound    ItCnt     Gap

*     0+    0                        24981.8857        0.0000           100.00%
*     0     0      integral     0     5003.2571     5003.2571      560    0.00%
Elapsed time = 0.16 sec. (125.38 ticks, tree = 0.00 MB, solutions = 2)

Root node processing (before b&c):
  Real time             =    0.16 sec. (126.93 ticks)
Sequential b&c:
  Real time             =    0.00 sec. (0.00 ticks)
                          ------------
Total (root+branch&cut) =    0.16 sec. (126.93 ticks)

Solution pool: 2 solutions saved.

MIP - Integer optimal solution:  Objective =  5.0032571420e+03
Solution time =    0.16 sec.  Iterations = 560  Nodes = 0
Deterministic time = 127.05 ticks  (801.75 ticks/sec)

CPLEX> Incumbent solution written to file '/tmp/cmpl.T11105.gsol'.
CPLEX> 
CMPL: Time used for model generation: 1 seconds
CMPL: Time used for solving the model: 1 seconds


Solution written to ASCII file: ../results/output_generated_rate_0.2/2015-11-02-5/unequal.sol

Solver - finished
