CMPL model generation - running

CMPL version: 1.11.0
Authors: Thomas Schleiff, Mike Steglich
Distributed under the GPLv3 

create model instance ...
write model instance ...
CMPL model generation - finished

Solver - running


Welcome to IBM(R) ILOG(R) CPLEX(R) Interactive Optimizer 12.7.1.0
  with Simplex, Mixed Integer & Barrier Optimizers
5725-A06 5725-A29 5724-Y48 5724-Y49 5724-Y54 5724-Y55 5655-Y21
Copyright IBM Corp. 1988, 2017.  All Rights Reserved.

Type 'help' for a list of available commands.
Type 'help' followed by a command name for more
information on commands.

CPLEX> Specified objective sense: MINIMIZE
Selected objective  name:  line[1]
Selected RHS        name:  RHS
Selected bound      name:  BOUND
Problem '/tmp/cmpl.T10396.mps' read.
Read time = 0.06 sec. (9.67 ticks)
CPLEX> CPXPARAM_Read_APIEncoding                        "UTF-8"
Tried aggregator 3 times.
MIP Presolve eliminated 19251 rows and 30989 columns.
MIP Presolve modified 498 coefficients.
Aggregator did 669 substitutions.
Reduced MIP has 2690 rows, 4635 columns, and 15081 nonzeros.
Reduced MIP has 4467 binaries, 0 generals, 0 SOSs, and 0 indicators.
Presolve time = 0.06 sec. (50.83 ticks)
Found incumbent of value 22859.296024 after 0.10 sec. (83.66 ticks)
Probing fixed 7 vars, tightened 0 bounds.
Probing time = 0.01 sec. (7.83 ticks)
Tried aggregator 1 time.
MIP Presolve eliminated 0 rows and 7 columns.
MIP Presolve modified 35 coefficients.
Reduced MIP has 2690 rows, 4628 columns, and 15067 nonzeros.
Reduced MIP has 4628 binaries, 0 generals, 0 SOSs, and 0 indicators.
Presolve time = 0.01 sec. (10.98 ticks)
Probing time = 0.01 sec. (3.00 ticks)
Clique table members: 9472.
MIP emphasis: balance optimality and feasibility.
MIP search method: dynamic search.
Parallel mode: none, using 1 thread.
Root relaxation solution time = 0.01 sec. (15.40 ticks)

        Nodes                                         Cuts/
   Node  Left     Objective  IInf  Best Integer    Best Bound    ItCnt     Gap

*     0+    0                        22859.2960     -322.3002           101.41%
      0     0     2672.6242     8    22859.2960     2672.6242      778   88.31%
*     0+    0                         2674.9100     2672.6242             0.09%
      0     0     2674.6246     1     2674.9100      Cuts: 15      787    0.01%
*     0+    0                         2674.6266     2674.6246             0.00%
      0     0        cutoff           2674.6266     2674.6246      787    0.00%
Elapsed time = 0.18 sec. (150.30 ticks, tree = 0.01 MB, solutions = 3)

Cover cuts applied:  10
Gomory fractional cuts applied:  5

Root node processing (before b&c):
  Real time             =    0.18 sec. (151.98 ticks)
Sequential b&c:
  Real time             =    0.00 sec. (0.00 ticks)
                          ------------
Total (root+branch&cut) =    0.18 sec. (151.98 ticks)

Solution pool: 3 solutions saved.

MIP - Integer optimal solution:  Objective =  2.6746265550e+03
Solution time =    0.18 sec.  Iterations = 787  Nodes = 0
Deterministic time = 152.08 ticks  (845.36 ticks/sec)

CPLEX> Incumbent solution written to file '/tmp/cmpl.T10396.gsol'.
CPLEX> 
CMPL: Time used for model generation: 1 seconds
CMPL: Time used for solving the model: 1 seconds


Solution written to ASCII file: ../results/output_generated_conf_0.6/2017-02-06-4/equal.sol

Solver - finished
