CMPL model generation - running

CMPL version: 1.11.0
Authors: Thomas Schleiff, Mike Steglich
Distributed under the GPLv3 

create model instance ...
write model instance ...
CMPL model generation - finished

Solver - running


Welcome to IBM(R) ILOG(R) CPLEX(R) Interactive Optimizer 12.7.1.0
  with Simplex, Mixed Integer & Barrier Optimizers
5725-A06 5725-A29 5724-Y48 5724-Y49 5724-Y54 5724-Y55 5655-Y21
Copyright IBM Corp. 1988, 2017.  All Rights Reserved.

Type 'help' for a list of available commands.
Type 'help' followed by a command name for more
information on commands.

CPLEX> Specified objective sense: MINIMIZE
Selected objective  name:  line[1]
Selected RHS        name:  RHS
Selected bound      name:  BOUND
Problem '/tmp/cmpl.T10361.mps' read.
Read time = 0.06 sec. (10.98 ticks)
CPLEX> CPXPARAM_Read_APIEncoding                        "UTF-8"
Tried aggregator 3 times.
MIP Presolve eliminated 24020 rows and 37531 columns.
MIP Presolve modified 425 coefficients.
Aggregator did 820 substitutions.
Reduced MIP has 3167 rows, 4189 columns, and 12387 nonzeros.
Reduced MIP has 3979 binaries, 0 generals, 0 SOSs, and 0 indicators.
Presolve time = 0.06 sec. (51.88 ticks)
Found incumbent of value 11757.605367 after 0.09 sec. (77.65 ticks)
Probing fixed 22 vars, tightened 0 bounds.
Probing time = 0.01 sec. (5.45 ticks)
Tried aggregator 1 time.
MIP Presolve eliminated 0 rows and 22 columns.
MIP Presolve modified 130 coefficients.
Reduced MIP has 3167 rows, 4167 columns, and 12343 nonzeros.
Reduced MIP has 4167 binaries, 0 generals, 0 SOSs, and 0 indicators.
Presolve time = 0.01 sec. (10.54 ticks)
Probing time = 0.01 sec. (2.84 ticks)
Clique table members: 7604.
MIP emphasis: balance optimality and feasibility.
MIP search method: dynamic search.
Parallel mode: none, using 1 thread.
Root relaxation solution time = 0.01 sec. (7.36 ticks)

        Nodes                                         Cuts/
   Node  Left     Objective  IInf  Best Integer    Best Bound    ItCnt     Gap

*     0+    0                        11757.6054     -240.6971           102.05%
      0     0     3274.4913     6    11757.6054     3274.4913      230   72.15%
*     0+    0                         3275.8627     3274.4913             0.04%
      0     0     3275.3945     2     3275.8627      Cuts: 13      236    0.01%
*     0+    0                         3275.8516     3275.3945             0.01%
*     0     0      integral     0     3275.4233       Cuts: 6      241    0.00%
      0     0        cutoff           3275.4233     3275.4233      241    0.00%
Elapsed time = 0.16 sec. (136.37 ticks, tree = 0.01 MB, solutions = 4)

GUB cover cuts applied:  1
Clique cuts applied:  1
Cover cuts applied:  11
Gomory fractional cuts applied:  6

Root node processing (before b&c):
  Real time             =    0.17 sec. (138.54 ticks)
Sequential b&c:
  Real time             =    0.00 sec. (0.00 ticks)
                          ------------
Total (root+branch&cut) =    0.17 sec. (138.54 ticks)

Solution pool: 4 solutions saved.

MIP - Integer optimal solution:  Objective =  3.2754232640e+03
Solution time =    0.17 sec.  Iterations = 241  Nodes = 0
Deterministic time = 138.66 ticks  (831.61 ticks/sec)

CPLEX> Incumbent solution written to file '/tmp/cmpl.T10361.gsol'.
CPLEX> 
CMPL: Time used for model generation: 1 seconds
CMPL: Time used for solving the model: 1 seconds


Solution written to ASCII file: ../results/output_generated_conf_0.6/2017-10-02-5/unequal.sol

Solver - finished
