CMPL model generation - running

CMPL version: 1.11.0
Authors: Thomas Schleiff, Mike Steglich
Distributed under the GPLv3 

create model instance ...
write model instance ...
CMPL model generation - finished

Solver - running


Welcome to IBM(R) ILOG(R) CPLEX(R) Interactive Optimizer 12.7.1.0
  with Simplex, Mixed Integer & Barrier Optimizers
5725-A06 5725-A29 5724-Y48 5724-Y49 5724-Y54 5724-Y55 5655-Y21
Copyright IBM Corp. 1988, 2017.  All Rights Reserved.

Type 'help' for a list of available commands.
Type 'help' followed by a command name for more
information on commands.

CPLEX> Specified objective sense: MINIMIZE
Selected objective  name:  line[1]
Selected RHS        name:  RHS
Selected bound      name:  BOUND
Problem '/tmp/cmpl.T11687.mps' read.
Read time = 0.05 sec. (9.73 ticks)
CPLEX> CPXPARAM_Read_APIEncoding                        "UTF-8"
Tried aggregator 3 times.
MIP Presolve eliminated 18636 rows and 29771 columns.
MIP Presolve modified 883 coefficients.
Aggregator did 1251 substitutions.
Reduced MIP has 2723 rows, 5271 columns, and 16981 nonzeros.
Reduced MIP has 5103 binaries, 0 generals, 0 SOSs, and 0 indicators.
Presolve time = 0.07 sec. (55.01 ticks)
Probing time = 0.01 sec. (3.02 ticks)
Tried aggregator 1 time.
MIP Presolve eliminated 0 rows and 33 columns.
Reduced MIP has 2723 rows, 5238 columns, and 16915 nonzeros.
Reduced MIP has 5238 binaries, 0 generals, 0 SOSs, and 0 indicators.
Presolve time = 0.01 sec. (13.04 ticks)
Probing time = 0.01 sec. (3.14 ticks)
Clique table members: 3525.
MIP emphasis: balance optimality and feasibility.
MIP search method: dynamic search.
Parallel mode: none, using 1 thread.
Root relaxation solution time = 0.03 sec. (33.38 ticks)

        Nodes                                         Cuts/
   Node  Left     Objective  IInf  Best Integer    Best Bound    ItCnt     Gap

*     0     0      integral     0    14372.6106    14372.6106     1802    0.00%
Elapsed time = 0.22 sec. (175.32 ticks, tree = 0.00 MB, solutions = 1)

Root node processing (before b&c):
  Real time             =    0.23 sec. (176.49 ticks)
Sequential b&c:
  Real time             =    0.00 sec. (0.00 ticks)
                          ------------
Total (root+branch&cut) =    0.23 sec. (176.49 ticks)

Solution pool: 1 solution saved.

MIP - Integer optimal solution:  Objective =  1.4372610623e+04
Solution time =    0.23 sec.  Iterations = 1802  Nodes = 0
Deterministic time = 176.59 ticks  (777.74 ticks/sec)

CPLEX> Incumbent solution written to file '/tmp/cmpl.T11687.gsol'.
CPLEX> 
CMPL: Time used for model generation: 0 seconds
CMPL: Time used for solving the model: 1 seconds


Solution written to ASCII file: ../results/output_generated_rate_0.7/2016-03-07-4/equal.sol

Solver - finished
