CMPL model generation - running

CMPL version: 1.11.0
Authors: Thomas Schleiff, Mike Steglich
Distributed under the GPLv3 

create model instance ...
write model instance ...
CMPL model generation - finished

Solver - running


Welcome to IBM(R) ILOG(R) CPLEX(R) Interactive Optimizer 12.7.1.0
  with Simplex, Mixed Integer & Barrier Optimizers
5725-A06 5725-A29 5724-Y48 5724-Y49 5724-Y54 5724-Y55 5655-Y21
Copyright IBM Corp. 1988, 2017.  All Rights Reserved.

Type 'help' for a list of available commands.
Type 'help' followed by a command name for more
information on commands.

CPLEX> Specified objective sense: MINIMIZE
Selected objective  name:  line[1]
Selected RHS        name:  RHS
Selected bound      name:  BOUND
Problem '/tmp/cmpl.T11815.mps' read.
Read time = 0.05 sec. (9.74 ticks)
CPLEX> CPXPARAM_Read_APIEncoding                        "UTF-8"
Tried aggregator 3 times.
MIP Presolve eliminated 18585 rows and 29669 columns.
MIP Presolve modified 919 coefficients.
Aggregator did 1302 substitutions.
Reduced MIP has 2723 rows, 5322 columns, and 17134 nonzeros.
Reduced MIP has 5154 binaries, 0 generals, 0 SOSs, and 0 indicators.
Presolve time = 0.06 sec. (56.10 ticks)
Found incumbent of value 34715.584078 after 0.10 sec. (94.84 ticks)
Probing time = 0.01 sec. (3.01 ticks)
Tried aggregator 1 time.
MIP Presolve eliminated 0 rows and 39 columns.
Reduced MIP has 2723 rows, 5283 columns, and 17056 nonzeros.
Reduced MIP has 5283 binaries, 0 generals, 0 SOSs, and 0 indicators.
Presolve time = 0.01 sec. (13.36 ticks)
Probing time = 0.01 sec. (3.14 ticks)
Clique table members: 3576.
MIP emphasis: balance optimality and feasibility.
MIP search method: dynamic search.
Parallel mode: none, using 1 thread.
Root relaxation solution time = 0.03 sec. (34.41 ticks)

        Nodes                                         Cuts/
   Node  Left     Objective  IInf  Best Integer    Best Bound    ItCnt     Gap

*     0+    0                        34715.5841        0.0000           100.00%
*     0     0      integral     0    15361.9113    15361.9113     2001    0.00%
Elapsed time = 0.18 sec. (160.63 ticks, tree = 0.00 MB, solutions = 2)

Root node processing (before b&c):
  Real time             =    0.19 sec. (162.03 ticks)
Sequential b&c:
  Real time             =    0.00 sec. (0.00 ticks)
                          ------------
Total (root+branch&cut) =    0.19 sec. (162.03 ticks)

Solution pool: 2 solutions saved.

MIP - Integer optimal solution:  Objective =  1.5361911276e+04
Solution time =    0.19 sec.  Iterations = 2001  Nodes = 0
Deterministic time = 162.14 ticks  (870.63 ticks/sec)

CPLEX> Incumbent solution written to file '/tmp/cmpl.T11815.gsol'.
CPLEX> 
CMPL: Time used for model generation: 1 seconds
CMPL: Time used for solving the model: 0 seconds


Solution written to ASCII file: ../results/output_generated_rate_0.8/2017-02-06-4/equal.sol

Solver - finished
