CMPL model generation - running

CMPL version: 1.11.0
Authors: Thomas Schleiff, Mike Steglich
Distributed under the GPLv3 

create model instance ...
write model instance ...
CMPL model generation - finished

Solver - running


Welcome to IBM(R) ILOG(R) CPLEX(R) Interactive Optimizer 12.7.1.0
  with Simplex, Mixed Integer & Barrier Optimizers
5725-A06 5725-A29 5724-Y48 5724-Y49 5724-Y54 5724-Y55 5655-Y21
Copyright IBM Corp. 1988, 2017.  All Rights Reserved.

Type 'help' for a list of available commands.
Type 'help' followed by a command name for more
information on commands.

CPLEX> Specified objective sense: MINIMIZE
Selected objective  name:  line[1]
Selected RHS        name:  RHS
Selected bound      name:  BOUND
Problem '/tmp/cmpl.T11308.mps' read.
Read time = 0.06 sec. (11.97 ticks)
CPLEX> CPXPARAM_Read_APIEncoding                        "UTF-8"
Tried aggregator 3 times.
MIP Presolve eliminated 23740 rows and 36977 columns.
MIP Presolve modified 646 coefficients.
Aggregator did 1077 substitutions.
Reduced MIP has 3360 rows, 6101 columns, and 19956 nonzeros.
Reduced MIP has 5891 binaries, 0 generals, 0 SOSs, and 0 indicators.
Presolve time = 0.08 sec. (61.31 ticks)
Found incumbent of value 33062.458138 after 0.14 sec. (108.68 ticks)
Probing time = 0.01 sec. (3.29 ticks)
Tried aggregator 2 times.
MIP Presolve eliminated 3 rows and 7 columns.
MIP Presolve modified 9 coefficients.
Aggregator did 2 substitutions.
Reduced MIP has 3355 rows, 6092 columns, and 19932 nonzeros.
Reduced MIP has 6092 binaries, 0 generals, 0 SOSs, and 0 indicators.
Presolve time = 0.02 sec. (17.92 ticks)
Probing time = 0.01 sec. (3.36 ticks)
Clique table members: 3839.
MIP emphasis: balance optimality and feasibility.
MIP search method: dynamic search.
Parallel mode: none, using 1 thread.
Root relaxation solution time = 0.03 sec. (27.42 ticks)

        Nodes                                         Cuts/
   Node  Left     Objective  IInf  Best Integer    Best Bound    ItCnt     Gap

*     0+    0                        33062.4581        0.0000           100.00%
*     0     0      integral     0     8709.4409     8709.4409     1407    0.00%
Elapsed time = 0.23 sec. (173.58 ticks, tree = 0.00 MB, solutions = 2)

Root node processing (before b&c):
  Real time             =    0.23 sec. (175.32 ticks)
Sequential b&c:
  Real time             =    0.00 sec. (0.00 ticks)
                          ------------
Total (root+branch&cut) =    0.23 sec. (175.32 ticks)

Solution pool: 2 solutions saved.

MIP - Integer optimal solution:  Objective =  8.7094409380e+03
Solution time =    0.23 sec.  Iterations = 1407  Nodes = 0
Deterministic time = 175.44 ticks  (754.96 ticks/sec)

CPLEX> Incumbent solution written to file '/tmp/cmpl.T11308.gsol'.
CPLEX> 
CMPL: Time used for model generation: 1 seconds
CMPL: Time used for solving the model: 1 seconds


Solution written to ASCII file: ../results/output_generated_rate_0.3/2017-10-02-5/equal.sol

Solver - finished
