CMPL model generation - running

CMPL version: 1.11.0
Authors: Thomas Schleiff, Mike Steglich
Distributed under the GPLv3 

create model instance ...
write model instance ...
CMPL model generation - finished

Solver - running


Welcome to IBM(R) ILOG(R) CPLEX(R) Interactive Optimizer 12.7.1.0
  with Simplex, Mixed Integer & Barrier Optimizers
5725-A06 5725-A29 5724-Y48 5724-Y49 5724-Y54 5724-Y55 5655-Y21
Copyright IBM Corp. 1988, 2017.  All Rights Reserved.

Type 'help' for a list of available commands.
Type 'help' followed by a command name for more
information on commands.

CPLEX> Specified objective sense: MINIMIZE
Selected objective  name:  line[1]
Selected RHS        name:  RHS
Selected bound      name:  BOUND
Problem '/tmp/cmpl.T11266.mps' read.
Read time = 0.06 sec. (11.97 ticks)
CPLEX> CPXPARAM_Read_APIEncoding                        "UTF-8"
Tried aggregator 3 times.
MIP Presolve eliminated 23715 rows and 36923 columns.
MIP Presolve modified 652 coefficients.
Aggregator did 1106 substitutions.
Reduced MIP has 3356 rows, 6126 columns, and 20031 nonzeros.
Reduced MIP has 5916 binaries, 0 generals, 0 SOSs, and 0 indicators.
Presolve time = 0.07 sec. (61.49 ticks)
Probing time = 0.01 sec. (3.29 ticks)
Tried aggregator 1 time.
MIP Presolve eliminated 1 rows and 13 columns.
MIP Presolve modified 3 coefficients.
Reduced MIP has 3355 rows, 6113 columns, and 20001 nonzeros.
Reduced MIP has 6113 binaries, 0 generals, 0 SOSs, and 0 indicators.
Presolve time = 0.02 sec. (16.20 ticks)
Probing time = 0.01 sec. (3.36 ticks)
Clique table members: 3866.
MIP emphasis: balance optimality and feasibility.
MIP search method: dynamic search.
Parallel mode: none, using 1 thread.
Root relaxation solution time = 0.04 sec. (26.70 ticks)

        Nodes                                         Cuts/
   Node  Left     Objective  IInf  Best Integer    Best Bound    ItCnt     Gap

*     0     0      integral     0     9180.3387     9180.3387     1409    0.00%
Elapsed time = 0.23 sec. (186.99 ticks, tree = 0.00 MB, solutions = 1)

Root node processing (before b&c):
  Real time             =    0.24 sec. (188.43 ticks)
Sequential b&c:
  Real time             =    0.00 sec. (0.00 ticks)
                          ------------
Total (root+branch&cut) =    0.24 sec. (188.43 ticks)

Solution pool: 1 solution saved.

MIP - Integer optimal solution:  Objective =  9.1803387320e+03
Solution time =    0.24 sec.  Iterations = 1409  Nodes = 0
Deterministic time = 188.56 ticks  (795.07 ticks/sec)

CPLEX> Incumbent solution written to file '/tmp/cmpl.T11266.gsol'.
CPLEX> 
CMPL: Time used for model generation: 1 seconds
CMPL: Time used for solving the model: 1 seconds


Solution written to ASCII file: ../results/output_generated_rate_0.3/2016-02-01-5/equal.sol

Solver - finished
