CMPL model generation - running

CMPL version: 1.11.0
Authors: Thomas Schleiff, Mike Steglich
Distributed under the GPLv3 

create model instance ...
write model instance ...
CMPL model generation - finished

Solver - running


Welcome to IBM(R) ILOG(R) CPLEX(R) Interactive Optimizer 12.7.1.0
  with Simplex, Mixed Integer & Barrier Optimizers
5725-A06 5725-A29 5724-Y48 5724-Y49 5724-Y54 5724-Y55 5655-Y21
Copyright IBM Corp. 1988, 2017.  All Rights Reserved.

Type 'help' for a list of available commands.
Type 'help' followed by a command name for more
information on commands.

CPLEX> Specified objective sense: MINIMIZE
Selected objective  name:  line[1]
Selected RHS        name:  RHS
Selected bound      name:  BOUND
Problem '/tmp/cmpl.T10099.mps' read.
Read time = 0.06 sec. (11.93 ticks)
CPLEX> CPXPARAM_Read_APIEncoding                        "UTF-8"
Tried aggregator 3 times.
MIP Presolve eliminated 24143 rows and 37763 columns.
MIP Presolve modified 471 coefficients.
Aggregator did 724 substitutions.
Reduced MIP has 3310 rows, 5668 columns, and 18689 nonzeros.
Reduced MIP has 5458 binaries, 0 generals, 0 SOSs, and 0 indicators.
Presolve time = 0.06 sec. (60.63 ticks)
Probing fixed 7 vars, tightened 0 bounds.
Probing time = 0.02 sec. (9.56 ticks)
Tried aggregator 1 time.
MIP Presolve eliminated 0 rows and 7 columns.
MIP Presolve modified 28 coefficients.
Reduced MIP has 3310 rows, 5661 columns, and 18675 nonzeros.
Reduced MIP has 5661 binaries, 0 generals, 0 SOSs, and 0 indicators.
Presolve time = 0.01 sec. (13.53 ticks)
Probing time = 0.01 sec. (3.25 ticks)
Clique table members: 11620.
MIP emphasis: balance optimality and feasibility.
MIP search method: dynamic search.
Parallel mode: none, using 1 thread.
Root relaxation solution time = 0.02 sec. (19.25 ticks)

        Nodes                                         Cuts/
   Node  Left     Objective  IInf  Best Integer    Best Bound    ItCnt     Gap

      0     0     1180.3345     8                   1180.3345     1005         
*     0+    0                         1182.1630     1180.3345             0.15%
      0     0        cutoff           1182.1630                   1008    0.00%
Elapsed time = 0.22 sec. (195.59 ticks, tree = 0.01 MB, solutions = 1)

Cover cuts applied:  6
Gomory fractional cuts applied:  3

Root node processing (before b&c):
  Real time             =    0.22 sec. (197.05 ticks)
Sequential b&c:
  Real time             =    0.00 sec. (0.00 ticks)
                          ------------
Total (root+branch&cut) =    0.22 sec. (197.05 ticks)

Solution pool: 1 solution saved.

MIP - Integer optimal solution:  Objective =  1.1821630250e+03
Solution time =    0.22 sec.  Iterations = 1008  Nodes = 0
Deterministic time = 197.17 ticks  (881.51 ticks/sec)

CPLEX> Incumbent solution written to file '/tmp/cmpl.T10099.gsol'.
CPLEX> 
CMPL: Time used for model generation: 1 seconds
CMPL: Time used for solving the model: 1 seconds


Solution written to ASCII file: ../results/output_generated_conf_0.3/2017-07-03-5/equal.sol

Solver - finished
