CMPL model generation - running

CMPL version: 1.11.0
Authors: Thomas Schleiff, Mike Steglich
Distributed under the GPLv3 

create model instance ...
write model instance ...
CMPL model generation - finished

Solver - running


Welcome to IBM(R) ILOG(R) CPLEX(R) Interactive Optimizer 12.7.1.0
  with Simplex, Mixed Integer & Barrier Optimizers
5725-A06 5725-A29 5724-Y48 5724-Y49 5724-Y54 5724-Y55 5655-Y21
Copyright IBM Corp. 1988, 2017.  All Rights Reserved.

Type 'help' for a list of available commands.
Type 'help' followed by a command name for more
information on commands.

CPLEX> Specified objective sense: MINIMIZE
Selected objective  name:  line[1]
Selected RHS        name:  RHS
Selected bound      name:  BOUND
Problem '/tmp/cmpl.T10049.mps' read.
Read time = 0.06 sec. (10.97 ticks)
CPLEX> CPXPARAM_Read_APIEncoding                        "UTF-8"
Tried aggregator 3 times.
MIP Presolve eliminated 24143 rows and 37763 columns.
MIP Presolve modified 425 coefficients.
Aggregator did 724 substitutions.
Reduced MIP has 3140 rows, 4053 columns, and 12009 nonzeros.
Reduced MIP has 3843 binaries, 0 generals, 0 SOSs, and 0 indicators.
Presolve time = 0.06 sec. (53.42 ticks)
Found incumbent of value 5826.687478 after 0.09 sec. (74.46 ticks)
Probing fixed 7 vars, tightened 0 bounds.
Probing time = 0.01 sec. (5.19 ticks)
Tried aggregator 1 time.
MIP Presolve eliminated 0 rows and 7 columns.
MIP Presolve modified 28 coefficients.
Reduced MIP has 3140 rows, 4046 columns, and 11995 nonzeros.
Reduced MIP has 4046 binaries, 0 generals, 0 SOSs, and 0 indicators.
Presolve time = 0.01 sec. (10.13 ticks)
Probing time = 0.01 sec. (2.84 ticks)
Clique table members: 7296.
MIP emphasis: balance optimality and feasibility.
MIP search method: dynamic search.
Parallel mode: none, using 1 thread.
Root relaxation solution time = 0.01 sec. (5.67 ticks)

        Nodes                                         Cuts/
   Node  Left     Objective  IInf  Best Integer    Best Bound    ItCnt     Gap

*     0+    0                         5826.6875     -181.3028           103.11%
      0     0     1166.0244     8     5826.6875     1166.0244      131   79.99%
*     0+    0                         1207.3863     1166.0244             3.43%
*     0+    0                         1167.8530     1166.0244             0.16%
      0     0        cutoff           1167.8530                    134    0.00%
Elapsed time = 0.15 sec. (124.43 ticks, tree = 0.01 MB, solutions = 3)

Clique cuts applied:  1
Cover cuts applied:  6
Gomory fractional cuts applied:  3

Root node processing (before b&c):
  Real time             =    0.15 sec. (126.31 ticks)
Sequential b&c:
  Real time             =    0.00 sec. (0.00 ticks)
                          ------------
Total (root+branch&cut) =    0.15 sec. (126.31 ticks)

Solution pool: 3 solutions saved.

MIP - Integer optimal solution:  Objective =  1.1678529870e+03
Solution time =    0.15 sec.  Iterations = 134  Nodes = 0
Deterministic time = 126.43 ticks  (840.36 ticks/sec)

CPLEX> Incumbent solution written to file '/tmp/cmpl.T10049.gsol'.
CPLEX> 
CMPL: Time used for model generation: 1 seconds
CMPL: Time used for solving the model: 1 seconds


Solution written to ASCII file: ../results/output_generated_conf_0.3/2017-07-03-5/unequal.sol

Solver - finished
