CMPL model generation - running

CMPL version: 1.11.0
Authors: Thomas Schleiff, Mike Steglich
Distributed under the GPLv3 

create model instance ...
write model instance ...
CMPL model generation - finished

Solver - running


Welcome to IBM(R) ILOG(R) CPLEX(R) Interactive Optimizer 12.7.1.0
  with Simplex, Mixed Integer & Barrier Optimizers
5725-A06 5725-A29 5724-Y48 5724-Y49 5724-Y54 5724-Y55 5655-Y21
Copyright IBM Corp. 1988, 2017.  All Rights Reserved.

Type 'help' for a list of available commands.
Type 'help' followed by a command name for more
information on commands.

CPLEX> Specified objective sense: MINIMIZE
Selected objective  name:  line[1]
Selected RHS        name:  RHS
Selected bound      name:  BOUND
Problem '/tmp/cmpl.T10382.mps' read.
Read time = 0.05 sec. (9.67 ticks)
CPLEX> CPXPARAM_Read_APIEncoding                        "UTF-8"
Tried aggregator 3 times.
MIP Presolve eliminated 19247 rows and 30984 columns.
MIP Presolve modified 504 coefficients.
Aggregator did 674 substitutions.
Reduced MIP has 2689 rows, 4635 columns, and 15083 nonzeros.
Reduced MIP has 4467 binaries, 0 generals, 0 SOSs, and 0 indicators.
Presolve time = 0.06 sec. (50.87 ticks)
Probing time = 0.01 sec. (3.06 ticks)
Tried aggregator 1 time.
Reduced MIP has 2689 rows, 4635 columns, and 15083 nonzeros.
Reduced MIP has 4635 binaries, 0 generals, 0 SOSs, and 0 indicators.
Presolve time = 0.01 sec. (10.58 ticks)
Probing time = 0.01 sec. (3.04 ticks)
Clique table members: 4676.
MIP emphasis: balance optimality and feasibility.
MIP search method: dynamic search.
Parallel mode: none, using 1 thread.
Root relaxation solution time = 0.02 sec. (17.74 ticks)

        Nodes                                         Cuts/
   Node  Left     Objective  IInf  Best Integer    Best Bound    ItCnt     Gap

      0     0     2742.7659     8                   2742.7659      929         
*     0+    0                         2863.6408     2742.7659             4.22%
*     0+    0                         2745.0516     2742.7659             0.08%
      0     0     2744.6998     1     2745.0516       Cuts: 6      934    0.01%
*     0+    0                         2744.9856     2744.6998             0.01%
*     0+    0                         2744.8733     2744.6998             0.01%
      0     0        cutoff           2744.8733     2744.6998      934    0.01%
Elapsed time = 0.19 sec. (168.14 ticks, tree = 0.01 MB, solutions = 4)

Cover cuts applied:  4
Gomory fractional cuts applied:  2

Root node processing (before b&c):
  Real time             =    0.20 sec. (170.06 ticks)
Sequential b&c:
  Real time             =    0.00 sec. (0.00 ticks)
                          ------------
Total (root+branch&cut) =    0.20 sec. (170.06 ticks)

Solution pool: 4 solutions saved.

MIP - Integer optimal solution:  Objective =  2.7448732780e+03
Solution time =    0.20 sec.  Iterations = 934  Nodes = 0
Deterministic time = 170.16 ticks  (869.30 ticks/sec)

CPLEX> Incumbent solution written to file '/tmp/cmpl.T10382.gsol'.
CPLEX> 
CMPL: Time used for model generation: 1 seconds
CMPL: Time used for solving the model: 0 seconds


Solution written to ASCII file: ../results/output_generated_conf_0.6/2016-07-04-4/equal.sol

Solver - finished
