CMPL model generation - running

CMPL version: 1.11.0
Authors: Thomas Schleiff, Mike Steglich
Distributed under the GPLv3 

create model instance ...
write model instance ...
CMPL model generation - finished

Solver - running


Welcome to IBM(R) ILOG(R) CPLEX(R) Interactive Optimizer 12.7.1.0
  with Simplex, Mixed Integer & Barrier Optimizers
5725-A06 5725-A29 5724-Y48 5724-Y49 5724-Y54 5724-Y55 5655-Y21
Copyright IBM Corp. 1988, 2017.  All Rights Reserved.

Type 'help' for a list of available commands.
Type 'help' followed by a command name for more
information on commands.

CPLEX> Specified objective sense: MINIMIZE
Selected objective  name:  line[1]
Selected RHS        name:  RHS
Selected bound      name:  BOUND
Problem '/tmp/cmpl.T10331.mps' read.
Read time = 0.05 sec. (8.86 ticks)
CPLEX> CPXPARAM_Read_APIEncoding                        "UTF-8"
Tried aggregator 3 times.
MIP Presolve eliminated 19247 rows and 30644 columns.
MIP Presolve modified 340 coefficients.
Aggregator did 674 substitutions.
Reduced MIP has 2519 rows, 3360 columns, and 9790 nonzeros.
Reduced MIP has 3192 binaries, 0 generals, 0 SOSs, and 0 indicators.
Presolve time = 0.05 sec. (41.79 ticks)
Found incumbent of value 16407.932629 after 0.10 sec. (86.14 ticks)
Probing fixed 12 vars, tightened 0 bounds.
Probing time = 0.01 sec. (4.41 ticks)
Tried aggregator 1 time.
MIP Presolve eliminated 0 rows and 12 columns.
MIP Presolve modified 60 coefficients.
Reduced MIP has 2519 rows, 3348 columns, and 9766 nonzeros.
Reduced MIP has 3348 binaries, 0 generals, 0 SOSs, and 0 indicators.
Presolve time = 0.01 sec. (8.29 ticks)
Probing time = 0.01 sec. (2.70 ticks)
Clique table members: 5954.
MIP emphasis: balance optimality and feasibility.
MIP search method: dynamic search.
Parallel mode: none, using 1 thread.
Root relaxation solution time = 0.01 sec. (5.46 ticks)

        Nodes                                         Cuts/
   Node  Left     Objective  IInf  Best Integer    Best Bound    ItCnt     Gap

*     0+    0                        16407.9326     -302.0204           101.84%
      0     0     2731.0898     8    16407.9326     2731.0898      215   83.36%
*     0+    0                         2812.2413     2731.0898             2.89%
*     0+    0                         2733.3755     2731.0898             0.08%
      0     0     2733.0238     1     2733.3755      Cuts: 11      219    0.01%
*     0+    0                         2733.1972     2733.0238             0.01%
      0     0        cutoff           2733.1972     2733.0238      219    0.01%
Elapsed time = 0.15 sec. (128.45 ticks, tree = 0.01 MB, solutions = 4)

Clique cuts applied:  2
Cover cuts applied:  6
Gomory fractional cuts applied:  3

Root node processing (before b&c):
  Real time             =    0.16 sec. (130.22 ticks)
Sequential b&c:
  Real time             =    0.00 sec. (0.00 ticks)
                          ------------
Total (root+branch&cut) =    0.16 sec. (130.22 ticks)

Solution pool: 4 solutions saved.

MIP - Integer optimal solution:  Objective =  2.7331972220e+03
Solution time =    0.16 sec.  Iterations = 219  Nodes = 0
Deterministic time = 130.31 ticks  (832.78 ticks/sec)

CPLEX> Incumbent solution written to file '/tmp/cmpl.T10331.gsol'.
CPLEX> 
CMPL: Time used for model generation: 0 seconds
CMPL: Time used for solving the model: 1 seconds


Solution written to ASCII file: ../results/output_generated_conf_0.6/2016-07-04-4/unequal.sol

Solver - finished
