CMPL model generation - running

CMPL version: 1.11.0
Authors: Thomas Schleiff, Mike Steglich
Distributed under the GPLv3 

create model instance ...
write model instance ...
CMPL model generation - finished

Solver - running


Welcome to IBM(R) ILOG(R) CPLEX(R) Interactive Optimizer 12.7.1.0
  with Simplex, Mixed Integer & Barrier Optimizers
5725-A06 5725-A29 5724-Y48 5724-Y49 5724-Y54 5724-Y55 5655-Y21
Copyright IBM Corp. 1988, 2017.  All Rights Reserved.

Type 'help' for a list of available commands.
Type 'help' followed by a command name for more
information on commands.

CPLEX> Specified objective sense: MINIMIZE
Selected objective  name:  line[1]
Selected RHS        name:  RHS
Selected bound      name:  BOUND
Problem '/tmp/cmpl.T10304.mps' read.
Read time = 0.05 sec. (9.66 ticks)
CPLEX> CPXPARAM_Read_APIEncoding                        "UTF-8"
Tried aggregator 3 times.
MIP Presolve eliminated 19299 rows and 31086 columns.
MIP Presolve modified 466 coefficients.
Aggregator did 634 substitutions.
Reduced MIP has 2677 rows, 4573 columns, and 14905 nonzeros.
Reduced MIP has 4405 binaries, 0 generals, 0 SOSs, and 0 indicators.
Presolve time = 0.06 sec. (52.24 ticks)
Found incumbent of value 21901.840218 after 0.10 sec. (85.13 ticks)
Probing fixed 9 vars, tightened 0 bounds.
Probing time = 0.01 sec. (7.68 ticks)
Tried aggregator 1 time.
MIP Presolve eliminated 0 rows and 9 columns.
MIP Presolve modified 42 coefficients.
Reduced MIP has 2677 rows, 4564 columns, and 14887 nonzeros.
Reduced MIP has 4564 binaries, 0 generals, 0 SOSs, and 0 indicators.
Presolve time = 0.01 sec. (10.81 ticks)
Probing time = 0.01 sec. (3.01 ticks)
Clique table members: 9366.
MIP emphasis: balance optimality and feasibility.
MIP search method: dynamic search.
Parallel mode: none, using 1 thread.
Root relaxation solution time = 0.02 sec. (16.59 ticks)

        Nodes                                         Cuts/
   Node  Left     Objective  IInf  Best Integer    Best Bound    ItCnt     Gap

*     0+    0                        21901.8402     -384.4476           101.76%
      0     0     1799.5952    13    21901.8402     1799.5952      990   91.78%
*     0+    0                         1980.8685     1799.5952             9.15%
*     0+    0                         1803.3095     1799.5952             0.21%
      0     0     1802.4578     2     1803.3095      Cuts: 24     1003    0.05%
*     0+    0                         1803.0292     1802.4578             0.03%
*     0     0      integral     0     1802.6077       Cuts: 6     1014    0.00%
      0     0        cutoff           1802.6077     1802.6077     1014    0.00%
Elapsed time = 0.19 sec. (162.19 ticks, tree = 0.01 MB, solutions = 5)

Cover cuts applied:  20
Gomory fractional cuts applied:  10

Root node processing (before b&c):
  Real time             =    0.19 sec. (164.35 ticks)
Sequential b&c:
  Real time             =    0.00 sec. (0.00 ticks)
                          ------------
Total (root+branch&cut) =    0.19 sec. (164.35 ticks)

Solution pool: 5 solutions saved.

MIP - Integer optimal solution:  Objective =  1.8026076700e+03
Solution time =    0.19 sec.  Iterations = 1014  Nodes = 0
Deterministic time = 164.46 ticks  (861.95 ticks/sec)

CPLEX> Incumbent solution written to file '/tmp/cmpl.T10304.gsol'.
CPLEX> 
CMPL: Time used for model generation: 1 seconds
CMPL: Time used for solving the model: 1 seconds


Solution written to ASCII file: ../results/output_generated_conf_0.5/2017-08-07-4/equal.sol

Solver - finished
