CMPL model generation - running

CMPL version: 1.11.0
Authors: Thomas Schleiff, Mike Steglich
Distributed under the GPLv3 

create model instance ...
write model instance ...
CMPL model generation - finished

Solver - running


Welcome to IBM(R) ILOG(R) CPLEX(R) Interactive Optimizer 12.7.1.0
  with Simplex, Mixed Integer & Barrier Optimizers
5725-A06 5725-A29 5724-Y48 5724-Y49 5724-Y54 5724-Y55 5655-Y21
Copyright IBM Corp. 1988, 2017.  All Rights Reserved.

Type 'help' for a list of available commands.
Type 'help' followed by a command name for more
information on commands.

CPLEX> Specified objective sense: MINIMIZE
Selected objective  name:  line[1]
Selected RHS        name:  RHS
Selected bound      name:  BOUND
Problem '/tmp/cmpl.T11855.mps' read.
Read time = 0.05 sec. (8.92 ticks)
CPLEX> CPXPARAM_Read_APIEncoding                        "UTF-8"
Tried aggregator 3 times.
MIP Presolve eliminated 18521 rows and 29195 columns.
MIP Presolve modified 490 coefficients.
Aggregator did 1371 substitutions.
Reduced MIP has 2548 rows, 4112 columns, and 12032 nonzeros.
Reduced MIP has 3944 binaries, 0 generals, 0 SOSs, and 0 indicators.
Presolve time = 0.05 sec. (46.17 ticks)
Found incumbent of value 36658.655941 after 0.10 sec. (87.34 ticks)
Probing time = 0.01 sec. (2.67 ticks)
Tried aggregator 1 time.
MIP Presolve eliminated 0 rows and 42 columns.
Reduced MIP has 2548 rows, 4070 columns, and 11948 nonzeros.
Reduced MIP has 4070 binaries, 0 generals, 0 SOSs, and 0 indicators.
Presolve time = 0.01 sec. (10.88 ticks)
Probing time = 0.01 sec. (2.81 ticks)
Clique table members: 3494.
MIP emphasis: balance optimality and feasibility.
MIP search method: dynamic search.
Parallel mode: none, using 1 thread.
Root relaxation solution time = 0.02 sec. (16.39 ticks)

        Nodes                                         Cuts/
   Node  Left     Objective  IInf  Best Integer    Best Bound    ItCnt     Gap

*     0+    0                        36658.6559        0.0000           100.00%
*     0     0      integral     0    16645.2649    16645.2649     1123    0.00%
Elapsed time = 0.16 sec. (128.54 ticks, tree = 0.00 MB, solutions = 2)

Root node processing (before b&c):
  Real time             =    0.16 sec. (129.86 ticks)
Sequential b&c:
  Real time             =    0.00 sec. (0.00 ticks)
                          ------------
Total (root+branch&cut) =    0.16 sec. (129.86 ticks)

Solution pool: 2 solutions saved.

MIP - Integer optimal solution:  Objective =  1.6645264906e+04
Solution time =    0.16 sec.  Iterations = 1123  Nodes = 0
Deterministic time = 129.96 ticks  (813.13 ticks/sec)

CPLEX> Incumbent solution written to file '/tmp/cmpl.T11855.gsol'.
CPLEX> 
CMPL: Time used for model generation: 0 seconds
CMPL: Time used for solving the model: 1 seconds


Solution written to ASCII file: ../results/output_generated_rate_0.9/2016-07-04-4/unequal.sol

Solver - finished
