CMPL model generation - running

CMPL version: 1.11.0
Authors: Thomas Schleiff, Mike Steglich
Distributed under the GPLv3 

create model instance ...
write model instance ...
CMPL model generation - finished

Solver - running


Welcome to IBM(R) ILOG(R) CPLEX(R) Interactive Optimizer 12.7.1.0
  with Simplex, Mixed Integer & Barrier Optimizers
5725-A06 5725-A29 5724-Y48 5724-Y49 5724-Y54 5724-Y55 5655-Y21
Copyright IBM Corp. 1988, 2017.  All Rights Reserved.

Type 'help' for a list of available commands.
Type 'help' followed by a command name for more
information on commands.

CPLEX> Specified objective sense: MINIMIZE
Selected objective  name:  line[1]
Selected RHS        name:  RHS
Selected bound      name:  BOUND
Problem '/tmp/cmpl.T10400.mps' read.
Read time = 0.05 sec. (9.67 ticks)
CPLEX> CPXPARAM_Read_APIEncoding                        "UTF-8"
Tried aggregator 3 times.
MIP Presolve eliminated 19254 rows and 30996 columns.
MIP Presolve modified 502 coefficients.
Aggregator did 672 substitutions.
Reduced MIP has 2684 rows, 4625 columns, and 15057 nonzeros.
Reduced MIP has 4457 binaries, 0 generals, 0 SOSs, and 0 indicators.
Presolve time = 0.06 sec. (52.49 ticks)
Found incumbent of value 21447.629145 after 0.09 sec. (85.57 ticks)
Probing fixed 12 vars, tightened 0 bounds.
Probing time = 0.01 sec. (7.77 ticks)
Tried aggregator 1 time.
MIP Presolve eliminated 0 rows and 12 columns.
MIP Presolve modified 60 coefficients.
Reduced MIP has 2684 rows, 4613 columns, and 15033 nonzeros.
Reduced MIP has 4613 binaries, 0 generals, 0 SOSs, and 0 indicators.
Presolve time = 0.01 sec. (10.98 ticks)
Probing time = 0.01 sec. (3.01 ticks)
Clique table members: 9448.
MIP emphasis: balance optimality and feasibility.
MIP search method: dynamic search.
Parallel mode: none, using 1 thread.
Root relaxation solution time = 0.02 sec. (17.17 ticks)

        Nodes                                         Cuts/
   Node  Left     Objective  IInf  Best Integer    Best Bound    ItCnt     Gap

*     0+    0                        21447.6291     -323.6935           101.51%
      0     0     2681.0141     6    21447.6291     2681.0141     1096   87.50%
*     0+    0                         2780.3393     2681.0141             3.57%
*     0+    0                         2682.7284     2681.0141             0.06%
*     0     0      integral     0     2682.0871      Cuts: 12     1106    0.00%
      0     0        cutoff           2682.0871     2682.0871     1106    0.00%
Elapsed time = 0.18 sec. (151.96 ticks, tree = 0.01 MB, solutions = 4)

GUB cover cuts applied:  2
Cover cuts applied:  6
Gomory fractional cuts applied:  4

Root node processing (before b&c):
  Real time             =    0.18 sec. (153.88 ticks)
Sequential b&c:
  Real time             =    0.00 sec. (0.00 ticks)
                          ------------
Total (root+branch&cut) =    0.18 sec. (153.88 ticks)

Solution pool: 4 solutions saved.

MIP - Integer optimal solution:  Objective =  2.6820871280e+03
Solution time =    0.18 sec.  Iterations = 1106  Nodes = 0
Deterministic time = 153.98 ticks  (860.98 ticks/sec)

CPLEX> Incumbent solution written to file '/tmp/cmpl.T10400.gsol'.
CPLEX> 
CMPL: Time used for model generation: 1 seconds
CMPL: Time used for solving the model: 0 seconds


Solution written to ASCII file: ../results/output_generated_conf_0.6/2017-04-03-4/equal.sol

Solver - finished
