CMPL model generation - running

CMPL version: 1.11.0
Authors: Thomas Schleiff, Mike Steglich
Distributed under the GPLv3 

create model instance ...
write model instance ...
CMPL model generation - finished

Solver - running


Welcome to IBM(R) ILOG(R) CPLEX(R) Interactive Optimizer 12.7.1.0
  with Simplex, Mixed Integer & Barrier Optimizers
5725-A06 5725-A29 5724-Y48 5724-Y49 5724-Y54 5724-Y55 5655-Y21
Copyright IBM Corp. 1988, 2017.  All Rights Reserved.

Type 'help' for a list of available commands.
Type 'help' followed by a command name for more
information on commands.

CPLEX> Specified objective sense: MINIMIZE
Selected objective  name:  line[1]
Selected RHS        name:  RHS
Selected bound      name:  BOUND
Problem '/tmp/cmpl.T10174.mps' read.
Read time = 0.05 sec. (9.66 ticks)
CPLEX> CPXPARAM_Read_APIEncoding                        "UTF-8"
Tried aggregator 3 times.
MIP Presolve eliminated 19328 rows and 31135 columns.
MIP Presolve modified 454 coefficients.
Aggregator did 618 substitutions.
Reduced MIP has 2664 rows, 4540 columns, and 14820 nonzeros.
Reduced MIP has 4372 binaries, 0 generals, 0 SOSs, and 0 indicators.
Presolve time = 0.07 sec. (52.06 ticks)
Found incumbent of value 20325.039417 after 0.11 sec. (84.83 ticks)
Probing fixed 9 vars, tightened 0 bounds.
Probing time = 0.01 sec. (7.57 ticks)
Tried aggregator 1 time.
MIP Presolve eliminated 0 rows and 9 columns.
MIP Presolve modified 40 coefficients.
Reduced MIP has 2664 rows, 4531 columns, and 14802 nonzeros.
Reduced MIP has 4531 binaries, 0 generals, 0 SOSs, and 0 indicators.
Presolve time = 0.01 sec. (10.81 ticks)
Probing time = 0.01 sec. (3.00 ticks)
Clique table members: 9302.
MIP emphasis: balance optimality and feasibility.
MIP search method: dynamic search.
Parallel mode: none, using 1 thread.
Root relaxation solution time = 0.01 sec. (13.83 ticks)

        Nodes                                         Cuts/
   Node  Left     Objective  IInf  Best Integer    Best Bound    ItCnt     Gap

*     0+    0                        20325.0394     -362.8659           101.79%
      0     0     1354.8906    13    20325.0394     1354.8906      755   93.33%
*     0+    0                         1612.8778     1354.8906            16.00%
*     0+    0                         1358.6049     1354.8906             0.27%
      0     0     1358.0222     1     1358.6049      Cuts: 18      770    0.04%
*     0+    0                         1358.2964     1358.0222             0.02%
*     0+    0                         1358.2712     1358.0222             0.02%
      0     0        cutoff           1358.2712                    770    0.00%
Elapsed time = 0.19 sec. (155.93 ticks, tree = 0.01 MB, solutions = 5)

Cover cuts applied:  12
Gomory fractional cuts applied:  6

Root node processing (before b&c):
  Real time             =    0.20 sec. (158.09 ticks)
Sequential b&c:
  Real time             =    0.00 sec. (0.00 ticks)
                          ------------
Total (root+branch&cut) =    0.20 sec. (158.09 ticks)

Solution pool: 5 solutions saved.

MIP - Integer optimal solution:  Objective =  1.3582712180e+03
Solution time =    0.20 sec.  Iterations = 770  Nodes = 0
Deterministic time = 158.19 ticks  (807.63 ticks/sec)

CPLEX> Incumbent solution written to file '/tmp/cmpl.T10174.gsol'.
CPLEX> 
CMPL: Time used for model generation: 1 seconds
CMPL: Time used for solving the model: 1 seconds


Solution written to ASCII file: ../results/output_generated_conf_0.4/2016-06-06-4/equal.sol

Solver - finished
