CMPL model generation - running

CMPL version: 1.11.0
Authors: Thomas Schleiff, Mike Steglich
Distributed under the GPLv3 

create model instance ...
write model instance ...
CMPL model generation - finished

Solver - running


Welcome to IBM(R) ILOG(R) CPLEX(R) Interactive Optimizer 12.7.1.0
  with Simplex, Mixed Integer & Barrier Optimizers
5725-A06 5725-A29 5724-Y48 5724-Y49 5724-Y54 5724-Y55 5655-Y21
Copyright IBM Corp. 1988, 2017.  All Rights Reserved.

Type 'help' for a list of available commands.
Type 'help' followed by a command name for more
information on commands.

CPLEX> Specified objective sense: MINIMIZE
Selected objective  name:  line[1]
Selected RHS        name:  RHS
Selected bound      name:  BOUND
Problem '/tmp/cmpl.T11445.mps' read.
Read time = 0.06 sec. (11.03 ticks)
CPLEX> CPXPARAM_Read_APIEncoding                        "UTF-8"
Tried aggregator 3 times.
MIP Presolve eliminated 23429 rows and 36349 columns.
MIP Presolve modified 425 coefficients.
Aggregator did 1393 substitutions.
Reduced MIP has 3185 rows, 4798 columns, and 14208 nonzeros.
Reduced MIP has 4588 binaries, 0 generals, 0 SOSs, and 0 indicators.
Presolve time = 0.06 sec. (53.51 ticks)
Found incumbent of value 40102.202910 after 0.13 sec. (97.82 ticks)
Probing time = 0.01 sec. (2.84 ticks)
Tried aggregator 1 time.
MIP Presolve eliminated 0 rows and 20 columns.
Reduced MIP has 3185 rows, 4778 columns, and 14168 nonzeros.
Reduced MIP has 4778 binaries, 0 generals, 0 SOSs, and 0 indicators.
Presolve time = 0.01 sec. (11.84 ticks)
Probing time = 0.01 sec. (2.97 ticks)
Clique table members: 4068.
MIP emphasis: balance optimality and feasibility.
MIP search method: dynamic search.
Parallel mode: none, using 1 thread.
Root relaxation solution time = 0.02 sec. (20.38 ticks)

        Nodes                                         Cuts/
   Node  Left     Objective  IInf  Best Integer    Best Bound    ItCnt     Gap

*     0+    0                        40102.2029        0.0000           100.00%
*     0     0      integral     0    14653.2697    14653.2697     1185    0.00%
Elapsed time = 0.19 sec. (145.69 ticks, tree = 0.00 MB, solutions = 2)

Root node processing (before b&c):
  Real time             =    0.20 sec. (147.31 ticks)
Sequential b&c:
  Real time             =    0.00 sec. (0.00 ticks)
                          ------------
Total (root+branch&cut) =    0.20 sec. (147.31 ticks)

Solution pool: 2 solutions saved.

MIP - Integer optimal solution:  Objective =  1.4653269692e+04
Solution time =    0.20 sec.  Iterations = 1185  Nodes = 0
Deterministic time = 147.44 ticks  (745.82 ticks/sec)

CPLEX> Incumbent solution written to file '/tmp/cmpl.T11445.gsol'.
CPLEX> 
CMPL: Time used for model generation: 1 seconds
CMPL: Time used for solving the model: 1 seconds


Solution written to ASCII file: ../results/output_generated_rate_0.5/2016-12-05-5/unequal.sol

Solver - finished
