CMPL model generation - running

CMPL version: 1.11.0
Authors: Thomas Schleiff, Mike Steglich
Distributed under the GPLv3 

create model instance ...
write model instance ...
CMPL model generation - finished

Solver - running


Welcome to IBM(R) ILOG(R) CPLEX(R) Interactive Optimizer 12.7.1.0
  with Simplex, Mixed Integer & Barrier Optimizers
5725-A06 5725-A29 5724-Y48 5724-Y49 5724-Y54 5724-Y55 5655-Y21
Copyright IBM Corp. 1988, 2017.  All Rights Reserved.

Type 'help' for a list of available commands.
Type 'help' followed by a command name for more
information on commands.

CPLEX> Specified objective sense: MINIMIZE
Selected objective  name:  line[1]
Selected RHS        name:  RHS
Selected bound      name:  BOUND
Problem '/tmp/cmpl.T10691.mps' read.
Read time = 0.09 sec. (9.69 ticks)
CPLEX> CPXPARAM_Read_APIEncoding                        "UTF-8"
Tried aggregator 3 times.
MIP Presolve eliminated 18986 rows and 30465 columns.
MIP Presolve modified 630 coefficients.
Aggregator did 910 substitutions.
Reduced MIP has 2714 rows, 4918 columns, and 15918 nonzeros.
Reduced MIP has 4750 binaries, 0 generals, 0 SOSs, and 0 indicators.
Presolve time = 0.09 sec. (52.67 ticks)
Found incumbent of value 28037.610401 after 0.15 sec. (87.52 ticks)
Probing time = 0.01 sec. (3.04 ticks)
Tried aggregator 1 time.
Reduced MIP has 2714 rows, 4918 columns, and 15918 nonzeros.
Reduced MIP has 4918 binaries, 0 generals, 0 SOSs, and 0 indicators.
Presolve time = 0.02 sec. (11.04 ticks)
Probing time = 0.01 sec. (3.12 ticks)
Clique table members: 3305.
MIP emphasis: balance optimality and feasibility.
MIP search method: dynamic search.
Parallel mode: none, using 1 thread.
Root relaxation solution time = 0.03 sec. (21.26 ticks)

        Nodes                                         Cuts/
   Node  Left     Objective  IInf  Best Integer    Best Bound    ItCnt     Gap

*     0+    0                        28037.6104      -80.7605           100.29%
*     0     0      integral     0     7668.8011     7668.8011     1432    0.00%
Elapsed time = 0.24 sec. (136.45 ticks, tree = 0.00 MB, solutions = 2)

Root node processing (before b&c):
  Real time             =    0.25 sec. (137.87 ticks)
Sequential b&c:
  Real time             =    0.00 sec. (0.00 ticks)
                          ------------
Total (root+branch&cut) =    0.25 sec. (137.87 ticks)

Solution pool: 2 solutions saved.

MIP - Integer optimal solution:  Objective =  7.6688010610e+03
Solution time =    0.25 sec.  Iterations = 1432  Nodes = 0
Deterministic time = 137.97 ticks  (559.98 ticks/sec)

CPLEX> Incumbent solution written to file '/tmp/cmpl.T10691.gsol'.
CPLEX> 
CMPL: Time used for model generation: 1 seconds
CMPL: Time used for solving the model: 1 seconds


Solution written to ASCII file: ../results/output_generated_conf_0.9/2016-09-05-4/equal.sol

Solver - finished
