CMPL model generation - running

CMPL version: 1.11.0
Authors: Thomas Schleiff, Mike Steglich
Distributed under the GPLv3 

create model instance ...
write model instance ...
CMPL model generation - finished

Solver - running


Welcome to IBM(R) ILOG(R) CPLEX(R) Interactive Optimizer 12.7.1.0
  with Simplex, Mixed Integer & Barrier Optimizers
5725-A06 5725-A29 5724-Y48 5724-Y49 5724-Y54 5724-Y55 5655-Y21
Copyright IBM Corp. 1988, 2017.  All Rights Reserved.

Type 'help' for a list of available commands.
Type 'help' followed by a command name for more
information on commands.

CPLEX> Specified objective sense: MINIMIZE
Selected objective  name:  line[1]
Selected RHS        name:  RHS
Selected bound      name:  BOUND
Problem '/tmp/cmpl.T11615.mps' read.
Read time = 0.07 sec. (12.01 ticks)
CPLEX> CPXPARAM_Read_APIEncoding                        "UTF-8"
Tried aggregator 3 times.
MIP Presolve eliminated 23321 rows and 36133 columns.
MIP Presolve modified 893 coefficients.
Aggregator did 1501 substitutions.
Reduced MIP has 3355 rows, 6521 columns, and 21212 nonzeros.
Reduced MIP has 6311 binaries, 0 generals, 0 SOSs, and 0 indicators.
Presolve time = 0.07 sec. (63.92 ticks)
Found incumbent of value 41511.443625 after 0.13 sec. (110.85 ticks)
Probing time = 0.01 sec. (3.25 ticks)
Tried aggregator 1 time.
MIP Presolve eliminated 0 rows and 28 columns.
Reduced MIP has 3355 rows, 6493 columns, and 21156 nonzeros.
Reduced MIP has 6493 binaries, 0 generals, 0 SOSs, and 0 indicators.
Presolve time = 0.02 sec. (16.12 ticks)
Probing time = 0.01 sec. (3.38 ticks)
Clique table members: 4261.
MIP emphasis: balance optimality and feasibility.
MIP search method: dynamic search.
Parallel mode: none, using 1 thread.
Root relaxation solution time = 0.04 sec. (41.78 ticks)

        Nodes                                         Cuts/
   Node  Left     Objective  IInf  Best Integer    Best Bound    ItCnt     Gap

*     0+    0                        41511.4436        0.0000           100.00%
*     0     0      integral     0    16708.5440    16708.5440     2192    0.00%
Elapsed time = 0.22 sec. (188.81 ticks, tree = 0.00 MB, solutions = 2)

Root node processing (before b&c):
  Real time             =    0.22 sec. (190.52 ticks)
Sequential b&c:
  Real time             =    0.00 sec. (0.00 ticks)
                          ------------
Total (root+branch&cut) =    0.22 sec. (190.52 ticks)

Solution pool: 2 solutions saved.

MIP - Integer optimal solution:  Objective =  1.6708543999e+04
Solution time =    0.22 sec.  Iterations = 2192  Nodes = 0
Deterministic time = 190.65 ticks  (864.47 ticks/sec)

CPLEX> Incumbent solution written to file '/tmp/cmpl.T11615.gsol'.
CPLEX> 
CMPL: Time used for model generation: 1 seconds
CMPL: Time used for solving the model: 1 seconds


Solution written to ASCII file: ../results/output_generated_rate_0.6/2017-07-03-5/equal.sol

Solver - finished
