CMPL model generation - running

CMPL version: 1.11.0
Authors: Thomas Schleiff, Mike Steglich
Distributed under the GPLv3 

create model instance ...
write model instance ...
CMPL model generation - finished

Solver - running


Welcome to IBM(R) ILOG(R) CPLEX(R) Interactive Optimizer 12.7.1.0
  with Simplex, Mixed Integer & Barrier Optimizers
5725-A06 5725-A29 5724-Y48 5724-Y49 5724-Y54 5724-Y55 5655-Y21
Copyright IBM Corp. 1988, 2017.  All Rights Reserved.

Type 'help' for a list of available commands.
Type 'help' followed by a command name for more
information on commands.

CPLEX> Specified objective sense: MINIMIZE
Selected objective  name:  line[1]
Selected RHS        name:  RHS
Selected bound      name:  BOUND
Problem '/tmp/cmpl.T11073.mps' read.
Read time = 0.05 sec. (9.66 ticks)
CPLEX> CPXPARAM_Read_APIEncoding                        "UTF-8"
Tried aggregator 3 times.
MIP Presolve eliminated 19349 rows and 31181 columns.
MIP Presolve modified 442 coefficients.
Aggregator did 611 substitutions.
Reduced MIP has 2650 rows, 4501 columns, and 14707 nonzeros.
Reduced MIP has 4333 binaries, 0 generals, 0 SOSs, and 0 indicators.
Presolve time = 0.06 sec. (51.86 ticks)
Found incumbent of value 20164.680359 after 0.09 sec. (84.47 ticks)
Probing fixed 6 vars, tightened 0 bounds.
Probing time = 0.01 sec. (7.52 ticks)
Tried aggregator 1 time.
MIP Presolve eliminated 0 rows and 6 columns.
MIP Presolve modified 24 coefficients.
Reduced MIP has 2650 rows, 4495 columns, and 14695 nonzeros.
Reduced MIP has 4495 binaries, 0 generals, 0 SOSs, and 0 indicators.
Presolve time = 0.01 sec. (10.62 ticks)
Probing time = 0.01 sec. (2.99 ticks)
Clique table members: 9217.
MIP emphasis: balance optimality and feasibility.
MIP search method: dynamic search.
Parallel mode: none, using 1 thread.
Root relaxation solution time = 0.01 sec. (15.38 ticks)

        Nodes                                         Cuts/
   Node  Left     Objective  IInf  Best Integer    Best Bound    ItCnt     Gap

*     0+    0                        20164.6804     -563.9314           102.80%
      0     0     1749.4731    12    20164.6804     1749.4731      946   91.32%
*     0+    0                         1752.9017     1749.4731             0.20%
      0     0     1751.4220    16     1752.9017      Cuts: 34      978    0.08%
*     0+    0                         1751.6161     1751.4220             0.01%
      0     0        cutoff           1751.6161                    978    0.00%
Elapsed time = 0.18 sec. (157.03 ticks, tree = 0.01 MB, solutions = 3)

GUB cover cuts applied:  4
Clique cuts applied:  10
Cover cuts applied:  12
Gomory fractional cuts applied:  8

Root node processing (before b&c):
  Real time             =    0.18 sec. (158.71 ticks)
Sequential b&c:
  Real time             =    0.00 sec. (0.00 ticks)
                          ------------
Total (root+branch&cut) =    0.18 sec. (158.71 ticks)

Solution pool: 3 solutions saved.

MIP - Integer optimal solution:  Objective =  1.7516161040e+03
Solution time =    0.18 sec.  Iterations = 978  Nodes = 0
Deterministic time = 158.81 ticks  (869.56 ticks/sec)

CPLEX> Incumbent solution written to file '/tmp/cmpl.T11073.gsol'.
CPLEX> 
CMPL: Time used for model generation: 1 seconds
CMPL: Time used for solving the model: 1 seconds


Solution written to ASCII file: ../results/output_generated_rate_0.1/2016-09-05-4/equal.sol

Solver - finished
