CMPL model generation - running

CMPL version: 1.11.0
Authors: Thomas Schleiff, Mike Steglich
Distributed under the GPLv3 

create model instance ...
write model instance ...
CMPL model generation - finished

Solver - running


Welcome to IBM(R) ILOG(R) CPLEX(R) Interactive Optimizer 12.7.1.0
  with Simplex, Mixed Integer & Barrier Optimizers
5725-A06 5725-A29 5724-Y48 5724-Y49 5724-Y54 5724-Y55 5655-Y21
Copyright IBM Corp. 1988, 2017.  All Rights Reserved.

Type 'help' for a list of available commands.
Type 'help' followed by a command name for more
information on commands.

CPLEX> Specified objective sense: MINIMIZE
Selected objective  name:  line[1]
Selected RHS        name:  RHS
Selected bound      name:  BOUND
Problem '/tmp/cmpl.T11022.mps' read.
Read time = 0.06 sec. (8.85 ticks)
CPLEX> CPXPARAM_Read_APIEncoding                        "UTF-8"
Tried aggregator 3 times.
MIP Presolve eliminated 19349 rows and 30841 columns.
MIP Presolve modified 340 coefficients.
Aggregator did 611 substitutions.
Reduced MIP has 2480 rows, 3226 columns, and 9414 nonzeros.
Reduced MIP has 3058 binaries, 0 generals, 0 SOSs, and 0 indicators.
Presolve time = 0.05 sec. (42.86 ticks)
Found incumbent of value 10175.995311 after 0.07 sec. (59.14 ticks)
Probing fixed 6 vars, tightened 0 bounds.
Probing time = 0.01 sec. (4.18 ticks)
Tried aggregator 1 time.
MIP Presolve eliminated 0 rows and 6 columns.
MIP Presolve modified 24 coefficients.
Reduced MIP has 2480 rows, 3220 columns, and 9402 nonzeros.
Reduced MIP has 3220 binaries, 0 generals, 0 SOSs, and 0 indicators.
Presolve time = 0.01 sec. (7.97 ticks)
Probing time = 0.01 sec. (2.66 ticks)
Clique table members: 5867.
MIP emphasis: balance optimality and feasibility.
MIP search method: dynamic search.
Parallel mode: none, using 1 thread.
Root relaxation solution time = 0.00 sec. (4.89 ticks)

        Nodes                                         Cuts/
   Node  Left     Objective  IInf  Best Integer    Best Bound    ItCnt     Gap

*     0+    0                        10175.9953     -563.9314           105.54%
      0     0     1739.4731    12    10175.9953     1739.4731      183   82.91%
*     0+    0                         1780.6987     1739.4731             2.32%
*     0+    0                         1742.9016     1739.4731             0.20%
      0     0     1741.4121    12     1742.9016      Cuts: 29      200    0.09%
*     0+    0                         1741.5589     1741.4121             0.01%

GUB cover cuts applied:  4
Clique cuts applied:  5
Cover cuts applied:  12
Gomory fractional cuts applied:  8

Root node processing (before b&c):
  Real time             =    0.13 sec. (104.30 ticks)
Sequential b&c:
  Real time             =    0.00 sec. (0.00 ticks)
                          ------------
Total (root+branch&cut) =    0.13 sec. (104.30 ticks)

Solution pool: 4 solutions saved.

MIP - Integer optimal, tolerance (0.0001/1e-06):  Objective =  1.7415589460e+03
Current MIP best bound =  1.7414121005e+03 (gap = 0.146845, 0.01%)
Solution time =    0.13 sec.  Iterations = 200  Nodes = 0 (1)
Deterministic time = 104.40 ticks  (821.29 ticks/sec)

CPLEX> Incumbent solution written to file '/tmp/cmpl.T11022.gsol'.
CPLEX> 
CMPL: Time used for model generation: 1 seconds
CMPL: Time used for solving the model: 1 seconds


Solution written to ASCII file: ../results/output_generated_rate_0.1/2016-09-05-4/unequal.sol

Solver - finished
