CMPL model generation - running

CMPL version: 1.11.0
Authors: Thomas Schleiff, Mike Steglich
Distributed under the GPLv3 

create model instance ...
write model instance ...
CMPL model generation - finished

Solver - running


Welcome to IBM(R) ILOG(R) CPLEX(R) Interactive Optimizer 12.7.1.0
  with Simplex, Mixed Integer & Barrier Optimizers
5725-A06 5725-A29 5724-Y48 5724-Y49 5724-Y54 5724-Y55 5655-Y21
Copyright IBM Corp. 1988, 2017.  All Rights Reserved.

Type 'help' for a list of available commands.
Type 'help' followed by a command name for more
information on commands.

CPLEX> Specified objective sense: MINIMIZE
Selected objective  name:  line[1]
Selected RHS        name:  RHS
Selected bound      name:  BOUND
Problem '/tmp/cmpl.XM9891.mps' read.
Read time = 0.05 sec. (9.66 ticks)
CPLEX> CPXPARAM_Read_APIEncoding                        "UTF-8"
Tried aggregator 3 times.
MIP Presolve eliminated 19396 rows and 31251 columns.
MIP Presolve modified 420 coefficients.
Aggregator did 580 substitutions.
Reduced MIP has 2634 rows, 4462 columns, and 14618 nonzeros.
Reduced MIP has 4294 binaries, 0 generals, 0 SOSs, and 0 indicators.
Presolve time = 0.06 sec. (54.68 ticks)
Probing fixed 5 vars, tightened 0 bounds.
Probing time = 0.01 sec. (7.27 ticks)
Tried aggregator 1 time.
MIP Presolve eliminated 0 rows and 5 columns.
MIP Presolve modified 22 coefficients.
Reduced MIP has 2634 rows, 4457 columns, and 14608 nonzeros.
Reduced MIP has 4457 binaries, 0 generals, 0 SOSs, and 0 indicators.
Presolve time = 0.01 sec. (10.66 ticks)
Probing time = 0.01 sec. (3.01 ticks)
Clique table members: 8268.
MIP emphasis: balance optimality and feasibility.
MIP search method: dynamic search.
Parallel mode: none, using 1 thread.
Root relaxation solution time = 0.02 sec. (17.87 ticks)

        Nodes                                         Cuts/
   Node  Left     Objective  IInf  Best Integer    Best Bound    ItCnt     Gap

      0     0      390.1004    16                    390.1004      974         
*     0+    0                          669.5545      390.1004            41.74%
*     0+    0                          394.6718      390.1004             1.16%
      0     0        cutoff            394.6718                    976    0.00%
Elapsed time = 0.19 sec. (168.04 ticks, tree = 0.01 MB, solutions = 2)

Cover cuts applied:  2
Gomory fractional cuts applied:  1

Root node processing (before b&c):
  Real time             =    0.19 sec. (169.47 ticks)
Sequential b&c:
  Real time             =    0.00 sec. (0.00 ticks)
                          ------------
Total (root+branch&cut) =    0.19 sec. (169.47 ticks)

Solution pool: 2 solutions saved.

MIP - Integer optimal solution:  Objective =  3.9467184000e+02
Solution time =    0.19 sec.  Iterations = 976  Nodes = 0
Deterministic time = 169.57 ticks  (871.80 ticks/sec)

CPLEX> Incumbent solution written to file '/tmp/cmpl.XM9891.gsol'.
CPLEX> 
CMPL: Time used for model generation: 1 seconds
CMPL: Time used for solving the model: 0 seconds


Solution written to ASCII file: ../results/output_generated_conf_0.1/2017-08-07-4/equal.sol

Solver - finished
