CMPL model generation - running

CMPL version: 1.11.0
Authors: Thomas Schleiff, Mike Steglich
Distributed under the GPLv3 

create model instance ...
write model instance ...
CMPL model generation - finished

Solver - running


Welcome to IBM(R) ILOG(R) CPLEX(R) Interactive Optimizer 12.7.1.0
  with Simplex, Mixed Integer & Barrier Optimizers
5725-A06 5725-A29 5724-Y48 5724-Y49 5724-Y54 5724-Y55 5655-Y21
Copyright IBM Corp. 1988, 2017.  All Rights Reserved.

Type 'help' for a list of available commands.
Type 'help' followed by a command name for more
information on commands.

CPLEX> Specified objective sense: MINIMIZE
Selected objective  name:  line[1]
Selected RHS        name:  RHS
Selected bound      name:  BOUND
Problem '/tmp/cmpl.T10089.mps' read.
Read time = 0.05 sec. (9.66 ticks)
CPLEX> CPXPARAM_Read_APIEncoding                        "UTF-8"
Tried aggregator 3 times.
MIP Presolve eliminated 19348 rows and 31180 columns.
MIP Presolve modified 446 coefficients.
Aggregator did 611 substitutions.
Reduced MIP has 2651 rows, 4502 columns, and 14714 nonzeros.
Reduced MIP has 4334 binaries, 0 generals, 0 SOSs, and 0 indicators.
Presolve time = 0.06 sec. (50.32 ticks)
Found incumbent of value 20973.516615 after 0.09 sec. (83.04 ticks)
Probing fixed 8 vars, tightened 0 bounds.
Probing time = 0.01 sec. (7.50 ticks)
Tried aggregator 1 time.
MIP Presolve eliminated 0 rows and 8 columns.
MIP Presolve modified 33 coefficients.
Reduced MIP has 2651 rows, 4494 columns, and 14698 nonzeros.
Reduced MIP has 4494 binaries, 0 generals, 0 SOSs, and 0 indicators.
Presolve time = 0.01 sec. (10.70 ticks)
Probing time = 0.01 sec. (3.00 ticks)
Clique table members: 8958.
MIP emphasis: balance optimality and feasibility.
MIP search method: dynamic search.
Parallel mode: none, using 1 thread.
Root relaxation solution time = 0.02 sec. (13.82 ticks)

        Nodes                                         Cuts/
   Node  Left     Objective  IInf  Best Integer    Best Bound    ItCnt     Gap

*     0+    0                        20973.5166     -463.9748           102.21%
      0     0      951.8517    14    20973.5166      951.8517      847   95.46%
*     0+    0                         1133.0756      951.8517            15.99%
*     0+    0                          955.8517      951.8517             0.42%
      0     0      954.6719     2      955.8517      Cuts: 23      855    0.12%
*     0+    0                          955.2370      954.6719             0.06%
      0     0        cutoff            955.2370                    857    0.00%
Elapsed time = 0.19 sec. (160.36 ticks, tree = 0.01 MB, solutions = 4)

GUB cover cuts applied:  1
Clique cuts applied:  11
Cover cuts applied:  15
Gomory fractional cuts applied:  8

Root node processing (before b&c):
  Real time             =    0.19 sec. (162.28 ticks)
Sequential b&c:
  Real time             =    0.00 sec. (0.00 ticks)
                          ------------
Total (root+branch&cut) =    0.19 sec. (162.28 ticks)

Solution pool: 4 solutions saved.

MIP - Integer optimal solution:  Objective =  9.5523698000e+02
Solution time =    0.19 sec.  Iterations = 857  Nodes = 0
Deterministic time = 162.38 ticks  (854.69 ticks/sec)

CPLEX> Incumbent solution written to file '/tmp/cmpl.T10089.gsol'.
CPLEX> 
CMPL: Time used for model generation: 1 seconds
CMPL: Time used for solving the model: 1 seconds


Solution written to ASCII file: ../results/output_generated_conf_0.3/2017-02-06-4/equal.sol

Solver - finished
