CMPL model generation - running

CMPL version: 1.11.0
Authors: Thomas Schleiff, Mike Steglich
Distributed under the GPLv3 

create model instance ...
write model instance ...
CMPL model generation - finished

Solver - running


Welcome to IBM(R) ILOG(R) CPLEX(R) Interactive Optimizer 12.7.1.0
  with Simplex, Mixed Integer & Barrier Optimizers
5725-A06 5725-A29 5724-Y48 5724-Y49 5724-Y54 5724-Y55 5655-Y21
Copyright IBM Corp. 1988, 2017.  All Rights Reserved.

Type 'help' for a list of available commands.
Type 'help' followed by a command name for more
information on commands.

CPLEX> Specified objective sense: MINIMIZE
Selected objective  name:  line[1]
Selected RHS        name:  RHS
Selected bound      name:  BOUND
Problem '/tmp/cmpl.T10228.mps' read.
Read time = 0.05 sec. (8.85 ticks)
CPLEX> CPXPARAM_Read_APIEncoding                        "UTF-8"
Tried aggregator 3 times.
MIP Presolve eliminated 19294 rows and 30738 columns.
MIP Presolve modified 340 coefficients.
Aggregator did 646 substitutions.
Reduced MIP has 2500 rows, 3294 columns, and 9606 nonzeros.
Reduced MIP has 3126 binaries, 0 generals, 0 SOSs, and 0 indicators.
Presolve time = 0.05 sec. (41.66 ticks)
Found incumbent of value 6821.218692 after 0.07 sec. (60.01 ticks)
Probing fixed 5 vars, tightened 0 bounds.
Probing time = 0.01 sec. (4.31 ticks)
Tried aggregator 1 time.
MIP Presolve eliminated 0 rows and 5 columns.
MIP Presolve modified 24 coefficients.
Reduced MIP has 2500 rows, 3289 columns, and 9596 nonzeros.
Reduced MIP has 3289 binaries, 0 generals, 0 SOSs, and 0 indicators.
Presolve time = 0.01 sec. (8.09 ticks)
Probing time = 0.01 sec. (2.68 ticks)
Clique table members: 5875.
MIP emphasis: balance optimality and feasibility.
MIP search method: dynamic search.
Parallel mode: none, using 1 thread.
Root relaxation solution time = 0.00 sec. (4.79 ticks)

        Nodes                                         Cuts/
   Node  Left     Objective  IInf  Best Integer    Best Bound    ItCnt     Gap

*     0+    0                         6821.2187     -402.6349           105.90%
      0     0     1790.1744    11     6821.2187     1790.1744      163   73.76%
*     0+    0                         1890.0852     1790.1744             5.29%
*     0+    0                         1793.3172     1790.1744             0.18%
      0     0     1791.7575     2     1793.3172      Cuts: 27      172    0.09%
*     0+    0                         1792.3290     1791.7575             0.03%
*     0     0      integral     0     1792.0655       Cuts: 6      175    0.00%
      0     0        cutoff           1792.0655     1792.0655      175    0.00%
Elapsed time = 0.13 sec. (109.39 ticks, tree = 0.01 MB, solutions = 5)

Clique cuts applied:  3
Cover cuts applied:  20
Gomory fractional cuts applied:  10

Root node processing (before b&c):
  Real time             =    0.14 sec. (111.38 ticks)
Sequential b&c:
  Real time             =    0.00 sec. (0.00 ticks)
                          ------------
Total (root+branch&cut) =    0.14 sec. (111.38 ticks)

Solution pool: 5 solutions saved.

MIP - Integer optimal solution:  Objective =  1.7920654870e+03
Solution time =    0.14 sec.  Iterations = 175  Nodes = 0
Deterministic time = 111.48 ticks  (818.08 ticks/sec)

CPLEX> Incumbent solution written to file '/tmp/cmpl.T10228.gsol'.
CPLEX> 
CMPL: Time used for model generation: 1 seconds
CMPL: Time used for solving the model: 1 seconds


Solution written to ASCII file: ../results/output_generated_conf_0.5/2016-07-04-4/unequal.sol

Solver - finished
