CMPL model generation - running

CMPL version: 1.11.0
Authors: Thomas Schleiff, Mike Steglich
Distributed under the GPLv3 

create model instance ...
write model instance ...
CMPL model generation - finished

Solver - running


Welcome to IBM(R) ILOG(R) CPLEX(R) Interactive Optimizer 12.7.1.0
  with Simplex, Mixed Integer & Barrier Optimizers
5725-A06 5725-A29 5724-Y48 5724-Y49 5724-Y54 5724-Y55 5655-Y21
Copyright IBM Corp. 1988, 2017.  All Rights Reserved.

Type 'help' for a list of available commands.
Type 'help' followed by a command name for more
information on commands.

CPLEX> Specified objective sense: MINIMIZE
Selected objective  name:  line[1]
Selected RHS        name:  RHS
Selected bound      name:  BOUND
Problem '/tmp/cmpl.T11268.mps' read.
Read time = 0.05 sec. (9.69 ticks)
CPLEX> CPXPARAM_Read_APIEncoding                        "UTF-8"
Tried aggregator 3 times.
MIP Presolve eliminated 19009 rows and 30511 columns.
MIP Presolve modified 612 coefficients.
Aggregator did 883 substitutions.
Reduced MIP has 2718 rows, 4899 columns, and 15861 nonzeros.
Reduced MIP has 4731 binaries, 0 generals, 0 SOSs, and 0 indicators.
Presolve time = 0.06 sec. (52.53 ticks)
Probing time = 0.01 sec. (3.05 ticks)
Tried aggregator 1 time.
MIP Presolve eliminated 0 rows and 5 columns.
Reduced MIP has 2718 rows, 4894 columns, and 15851 nonzeros.
Reduced MIP has 4894 binaries, 0 generals, 0 SOSs, and 0 indicators.
Presolve time = 0.01 sec. (11.50 ticks)
Probing time = 0.01 sec. (3.12 ticks)
Clique table members: 3269.
MIP emphasis: balance optimality and feasibility.
MIP search method: dynamic search.
Parallel mode: none, using 1 thread.
Root relaxation solution time = 0.02 sec. (22.06 ticks)

        Nodes                                         Cuts/
   Node  Left     Objective  IInf  Best Integer    Best Bound    ItCnt     Gap

*     0     0      integral     0     7336.0747     7336.0747     1206    0.00%
Elapsed time = 0.18 sec. (155.58 ticks, tree = 0.00 MB, solutions = 1)

Root node processing (before b&c):
  Real time             =    0.18 sec. (156.76 ticks)
Sequential b&c:
  Real time             =    0.00 sec. (0.00 ticks)
                          ------------
Total (root+branch&cut) =    0.18 sec. (156.76 ticks)

Solution pool: 1 solution saved.

MIP - Integer optimal solution:  Objective =  7.3360746670e+03
Solution time =    0.18 sec.  Iterations = 1206  Nodes = 0
Deterministic time = 156.86 ticks  (862.58 ticks/sec)

CPLEX> Incumbent solution written to file '/tmp/cmpl.T11268.gsol'.
CPLEX> 
CMPL: Time used for model generation: 1 seconds
CMPL: Time used for solving the model: 0 seconds


Solution written to ASCII file: ../results/output_generated_rate_0.3/2016-03-07-4/equal.sol

Solver - finished
