CMPL model generation - running

CMPL version: 1.11.0
Authors: Thomas Schleiff, Mike Steglich
Distributed under the GPLv3 

create model instance ...
write model instance ...
CMPL model generation - finished

Solver - running


Welcome to IBM(R) ILOG(R) CPLEX(R) Interactive Optimizer 12.7.1.0
  with Simplex, Mixed Integer & Barrier Optimizers
5725-A06 5725-A29 5724-Y48 5724-Y49 5724-Y54 5724-Y55 5655-Y21
Copyright IBM Corp. 1988, 2017.  All Rights Reserved.

Type 'help' for a list of available commands.
Type 'help' followed by a command name for more
information on commands.

CPLEX> Specified objective sense: MINIMIZE
Selected objective  name:  line[1]
Selected RHS        name:  RHS
Selected bound      name:  BOUND
Problem '/tmp/cmpl.T10689.mps' read.
Read time = 0.10 sec. (11.97 ticks)
CPLEX> CPXPARAM_Read_APIEncoding                        "UTF-8"
Tried aggregator 3 times.
MIP Presolve eliminated 23712 rows and 36915 columns.
MIP Presolve modified 663 coefficients.
Aggregator did 1110 substitutions.
Reduced MIP has 3355 rows, 6130 columns, and 20039 nonzeros.
Reduced MIP has 5920 binaries, 0 generals, 0 SOSs, and 0 indicators.
Presolve time = 0.10 sec. (61.57 ticks)
Found incumbent of value 33878.441766 after 0.18 sec. (105.75 ticks)
Probing time = 0.01 sec. (3.28 ticks)
Tried aggregator 1 time.
MIP Presolve eliminated 0 rows and 7 columns.
Reduced MIP has 3355 rows, 6123 columns, and 20025 nonzeros.
Reduced MIP has 6123 binaries, 0 generals, 0 SOSs, and 0 indicators.
Presolve time = 0.03 sec. (14.55 ticks)
Probing time = 0.01 sec. (3.36 ticks)
Clique table members: 3923.
MIP emphasis: balance optimality and feasibility.
MIP search method: dynamic search.
Parallel mode: none, using 1 thread.
Root relaxation solution time = 0.05 sec. (26.38 ticks)

        Nodes                                         Cuts/
   Node  Left     Objective  IInf  Best Integer    Best Bound    ItCnt     Gap

*     0+    0                        33878.4418        0.0000           100.00%
*     0     0      integral     0     9160.8692     9160.8692     1466    0.00%
Elapsed time = 0.31 sec. (166.27 ticks, tree = 0.00 MB, solutions = 2)

Root node processing (before b&c):
  Real time             =    0.31 sec. (168.01 ticks)
Sequential b&c:
  Real time             =    0.00 sec. (0.00 ticks)
                          ------------
Total (root+branch&cut) =    0.31 sec. (168.01 ticks)

Solution pool: 2 solutions saved.

MIP - Integer optimal solution:  Objective =  9.1608691520e+03
Solution time =    0.31 sec.  Iterations = 1466  Nodes = 0
Deterministic time = 168.14 ticks  (539.74 ticks/sec)

CPLEX> Incumbent solution written to file '/tmp/cmpl.T10689.gsol'.
CPLEX> 
CMPL: Time used for model generation: 2 seconds
CMPL: Time used for solving the model: 1 seconds


Solution written to ASCII file: ../results/output_generated_conf_0.9/2016-08-01-5/equal.sol

Solver - finished
