CMPL model generation - running

CMPL version: 1.11.0
Authors: Thomas Schleiff, Mike Steglich
Distributed under the GPLv3 

create model instance ...
write model instance ...
CMPL model generation - finished

Solver - running


Welcome to IBM(R) ILOG(R) CPLEX(R) Interactive Optimizer 12.7.1.0
  with Simplex, Mixed Integer & Barrier Optimizers
5725-A06 5725-A29 5724-Y48 5724-Y49 5724-Y54 5724-Y55 5655-Y21
Copyright IBM Corp. 1988, 2017.  All Rights Reserved.

Type 'help' for a list of available commands.
Type 'help' followed by a command name for more
information on commands.

CPLEX> Specified objective sense: MINIMIZE
Selected objective  name:  line[1]
Selected RHS        name:  RHS
Selected bound      name:  BOUND
Problem '/tmp/cmpl.XM9747.mps' read.
Read time = 0.05 sec. (9.66 ticks)
CPLEX> CPXPARAM_Read_APIEncoding                        "UTF-8"
Tried aggregator 3 times.
MIP Presolve eliminated 19404 rows and 31272 columns.
MIP Presolve modified 413 coefficients.
Aggregator did 579 substitutions.
Reduced MIP has 2627 rows, 4442 columns, and 14562 nonzeros.
Reduced MIP has 4274 binaries, 0 generals, 0 SOSs, and 0 indicators.
Presolve time = 0.05 sec. (49.87 ticks)
Found incumbent of value 19643.661604 after 0.10 sec. (85.91 ticks)
Probing fixed 5 vars, tightened 0 bounds.
Probing time = 0.01 sec. (7.26 ticks)
Tried aggregator 2 times.
MIP Presolve eliminated 2 rows and 5 columns.
MIP Presolve modified 25 coefficients.
Aggregator did 1 substitutions.
Reduced MIP has 2624 rows, 4436 columns, and 14545 nonzeros.
Reduced MIP has 4436 binaries, 0 generals, 0 SOSs, and 0 indicators.
Presolve time = 0.01 sec. (13.43 ticks)
Probing time = 0.01 sec. (2.99 ticks)
Clique table members: 8184.
MIP emphasis: balance optimality and feasibility.
MIP search method: dynamic search.
Parallel mode: none, using 1 thread.
Root relaxation solution time = 0.01 sec. (16.59 ticks)

        Nodes                                         Cuts/
   Node  Left     Objective  IInf  Best Integer    Best Bound    ItCnt     Gap

*     0+    0                        19643.6616     -519.4583           102.64%
      0     0      100.6697    26    19643.6616      100.6697      780   99.49%
*     0+    0                          612.6994      100.6697            83.57%
*     0+    0                          108.0983      100.6697             6.87%
      0     0        cutoff            108.0983                    780    0.00%
Elapsed time = 0.17 sec. (145.82 ticks, tree = 0.01 MB, solutions = 3)

Root node processing (before b&c):
  Real time             =    0.18 sec. (147.49 ticks)
Sequential b&c:
  Real time             =    0.00 sec. (0.00 ticks)
                          ------------
Total (root+branch&cut) =    0.18 sec. (147.49 ticks)

Solution pool: 3 solutions saved.

MIP - Integer optimal solution:  Objective =  1.0809828300e+02
Solution time =    0.18 sec.  Iterations = 780  Nodes = 0
Deterministic time = 147.60 ticks  (840.93 ticks/sec)

CPLEX> Incumbent solution written to file '/tmp/cmpl.XM9747.gsol'.
CPLEX> 
CMPL: Time used for model generation: 1 seconds
CMPL: Time used for solving the model: 1 seconds


Solution written to ASCII file: ../results/output_generated_conf_0/2016-01-04-4/equal.sol

Solver - finished
