CMPL model generation - running

CMPL version: 1.11.0
Authors: Thomas Schleiff, Mike Steglich
Distributed under the GPLv3 

create model instance ...
write model instance ...
CMPL model generation - finished

Solver - running


Welcome to IBM(R) ILOG(R) CPLEX(R) Interactive Optimizer 12.7.1.0
  with Simplex, Mixed Integer & Barrier Optimizers
5725-A06 5725-A29 5724-Y48 5724-Y49 5724-Y54 5724-Y55 5655-Y21
Copyright IBM Corp. 1988, 2017.  All Rights Reserved.

Type 'help' for a list of available commands.
Type 'help' followed by a command name for more
information on commands.

CPLEX> Specified objective sense: MINIMIZE
Selected objective  name:  line[1]
Selected RHS        name:  RHS
Selected bound      name:  BOUND
Problem '/tmp/cmpl.T10772.mps' read.
Read time = 0.07 sec. (11.06 ticks)
CPLEX> CPXPARAM_Read_APIEncoding                        "UTF-8"
Tried aggregator 3 times.
MIP Presolve eliminated 23056 rows and 35603 columns.
MIP Presolve modified 595 coefficients.
Aggregator did 1766 substitutions.
Reduced MIP has 3185 rows, 5171 columns, and 15327 nonzeros.
Reduced MIP has 4961 binaries, 0 generals, 0 SOSs, and 0 indicators.
Presolve time = 0.07 sec. (57.46 ticks)
Found incumbent of value 46893.279615 after 0.14 sec. (111.17 ticks)
Probing time = 0.01 sec. (2.76 ticks)
Tried aggregator 1 time.
MIP Presolve eliminated 0 rows and 65 columns.
Reduced MIP has 3185 rows, 5106 columns, and 15197 nonzeros.
Reduced MIP has 5106 binaries, 0 generals, 0 SOSs, and 0 indicators.
Presolve time = 0.02 sec. (14.13 ticks)
Probing time = 0.01 sec. (2.97 ticks)
Clique table members: 4441.
MIP emphasis: balance optimality and feasibility.
MIP search method: dynamic search.
Parallel mode: none, using 1 thread.
Root relaxation solution time = 0.02 sec. (24.08 ticks)

        Nodes                                         Cuts/
   Node  Left     Objective  IInf  Best Integer    Best Bound    ItCnt     Gap

*     0+    0                        46893.2796        0.0000           100.00%
*     0     0      integral     0    21902.3837    21902.3837     1448    0.00%
Elapsed time = 0.21 sec. (165.81 ticks, tree = 0.00 MB, solutions = 2)

Root node processing (before b&c):
  Real time             =    0.21 sec. (167.44 ticks)
Sequential b&c:
  Real time             =    0.00 sec. (0.00 ticks)
                          ------------
Total (root+branch&cut) =    0.21 sec. (167.44 ticks)

Solution pool: 2 solutions saved.

MIP - Integer optimal solution:  Objective =  2.1902383744e+04
Solution time =    0.21 sec.  Iterations = 1448  Nodes = 0
Deterministic time = 167.56 ticks  (789.51 ticks/sec)

CPLEX> Incumbent solution written to file '/tmp/cmpl.T10772.gsol'.
CPLEX> 
CMPL: Time used for model generation: 1 seconds
CMPL: Time used for solving the model: 1 seconds


Solution written to ASCII file: ../results/output_generated_conf_1/2017-10-02-5/unequal.sol

Solver - finished
